-- The C compiler identification is GNU 13.3.0
-- The CXX compiler identification is GNU 13.3.0
-- Detecting C compiler ABI info
-- Detecting C compiler ABI info - done
-- Check for working C compiler: /usr/bin/cc - skipped
-- Detecting C compile features
-- Detecting C compile features - done
-- Detecting CXX compiler ABI info
-- Detecting CXX compiler ABI info - done
-- Check for working CXX compiler: /usr/bin/c++ - skipped
-- Detecting CXX compile features
-- Detecting CXX compile features - done
-- Found ament_cmake: 2.5.4 (/opt/ros/jazzy/share/ament_cmake/cmake)
-- Found Python3: /usr/bin/python3 (found version "3.12.3") found components: Interpreter 
-- Override CMake install command with custom implementation using symlinks instead of copying resources
-- Configuring done (0.5s)
-- Generating done (0.0s)
-- Build files have been written to: /home/luca002/proj_ws/build/bluerov2_description
-- Install configuration: ""
-- Execute custom install script
-- Symlinking: /home/luca002/proj_ws/install/bluerov2_description/share/bluerov2_description/environment/resource_paths.dsv
-- Symlinking: /home/luca002/proj_ws/install/bluerov2_description/share/bluerov2_description/launch/manual.yaml
-- Symlinking: /home/luca002/proj_ws/install/bluerov2_description/share/bluerov2_description/launch/state_publisher_launch.py
-- Symlinking: /home/luca002/proj_ws/install/bluerov2_description/share/bluerov2_description/launch/upload_bluerov2_launch.py
-- Symlinking: /home/luca002/proj_ws/install/bluerov2_description/share/bluerov2_description/launch/world_launch.py
-- Symlinking: /home/luca002/proj_ws/install/bluerov2_description/share/bluerov2_description/meshes/bluerov2_noprop.dae
-- Symlinking: /home/luca002/proj_ws/install/bluerov2_description/share/bluerov2_description/meshes/bluerov2_propccw.dae
-- Symlinking: /home/luca002/proj_ws/install/bluerov2_description/share/bluerov2_description/meshes/bluerov2_propccw.ive
-- Symlinking: /home/luca002/proj_ws/install/bluerov2_description/share/bluerov2_description/meshes/bluerov2_propcw.dae
-- Symlinking: /home/luca002/proj_ws/install/bluerov2_description/share/bluerov2_description/meshes/bluerov2_propcw.ive
-- Symlinking: /home/luca002/proj_ws/install/bluerov2_description/share/bluerov2_description/meshes/ping360_sonar.dae
-- Symlinking: /home/luca002/proj_ws/install/bluerov2_description/share/bluerov2_description/urdf/bluerov2.xacro
-- Symlinking: /home/luca002/proj_ws/install/bluerov2_description/share/bluerov2_description/urdf/demo_world.sdf
-- Symlinking: /home/luca002/proj_ws/install/bluerov2_description/share/bluerov2_description/urdf/hydrodynamics.xacro
-- Symlinking: /home/luca002/proj_ws/install/bluerov2_description/share/bluerov2_description/urdf/sensors.xacro
-- Symlinking: /home/luca002/proj_ws/install/bluerov2_description/share/bluerov2_description/urdf/snippets/README.md
-- Symlinking: /home/luca002/proj_ws/install/bluerov2_description/share/bluerov2_description/urdf/snippets/all_sensor_snippets.xacro
-- Symlinking: /home/luca002/proj_ws/install/bluerov2_description/share/bluerov2_description/urdf/snippets/camera_snippets.xacro
-- Symlinking: /home/luca002/proj_ws/install/bluerov2_description/share/bluerov2_description/urdf/snippets/chemical_concentration_snippets.xacro
-- Symlinking: /home/luca002/proj_ws/install/bluerov2_description/share/bluerov2_description/urdf/snippets/common.urdf.xacro
-- Symlinking: /home/luca002/proj_ws/install/bluerov2_description/share/bluerov2_description/urdf/snippets/dvl_snippets.xacro
-- Symlinking: /home/luca002/proj_ws/install/bluerov2_description/share/bluerov2_description/urdf/snippets/gps_sensor_snippets.xacro
-- Symlinking: /home/luca002/proj_ws/install/bluerov2_description/share/bluerov2_description/urdf/snippets/imu_snippets.xacro
-- Symlinking: /home/luca002/proj_ws/install/bluerov2_description/share/bluerov2_description/urdf/snippets/magnetometer_snippets.xacro
-- Symlinking: /home/luca002/proj_ws/install/bluerov2_description/share/bluerov2_description/urdf/snippets/pose_3d_snippets.xacro
-- Symlinking: /home/luca002/proj_ws/install/bluerov2_description/share/bluerov2_description/urdf/snippets/pressure_snippets.xacro
-- Symlinking: /home/luca002/proj_ws/install/bluerov2_description/share/bluerov2_description/urdf/snippets/rpt_snippets.xacro
-- Symlinking: /home/luca002/proj_ws/install/bluerov2_description/share/bluerov2_description/urdf/snippets/sonar_snippets.xacro
-- Symlinking: /home/luca002/proj_ws/install/bluerov2_description/share/bluerov2_description/urdf/snippets/stereo_snippets.xacro
-- Symlinking: /home/luca002/proj_ws/install/bluerov2_description/share/bluerov2_description/urdf/thrusters.xacro
-- Symlinking: /home/luca002/proj_ws/install/bluerov2_description/share/ament_index/resource_index/package_run_dependencies/bluerov2_description
-- Symlinking: /home/luca002/proj_ws/install/bluerov2_description/share/ament_index/resource_index/parent_prefix_path/bluerov2_description
-- Symlinking: /home/luca002/proj_ws/install/bluerov2_description/share/bluerov2_description/environment/ament_prefix_path.sh
-- Symlinking: /home/luca002/proj_ws/install/bluerov2_description/share/bluerov2_description/environment/ament_prefix_path.dsv
-- Symlinking: /home/luca002/proj_ws/install/bluerov2_description/share/bluerov2_description/environment/path.sh
-- Symlinking: /home/luca002/proj_ws/install/bluerov2_description/share/bluerov2_description/environment/path.dsv
-- Symlinking: /home/luca002/proj_ws/install/bluerov2_description/share/bluerov2_description/local_setup.bash
-- Symlinking: /home/luca002/proj_ws/install/bluerov2_description/share/bluerov2_description/local_setup.sh
-- Symlinking: /home/luca002/proj_ws/install/bluerov2_description/share/bluerov2_description/local_setup.zsh
-- Symlinking: /home/luca002/proj_ws/install/bluerov2_description/share/bluerov2_description/local_setup.dsv
-- Symlinking: /home/luca002/proj_ws/install/bluerov2_description/share/bluerov2_description/package.dsv
-- Symlinking: /home/luca002/proj_ws/install/bluerov2_description/share/ament_index/resource_index/packages/bluerov2_description
-- Symlinking: /home/luca002/proj_ws/install/bluerov2_description/share/bluerov2_description/cmake/bluerov2_descriptionConfig.cmake
-- Symlinking: /home/luca002/proj_ws/install/bluerov2_description/share/bluerov2_description/cmake/bluerov2_descriptionConfig-version.cmake
-- Symlinking: /home/luca002/proj_ws/install/bluerov2_description/share/bluerov2_description/package.xml
