[0.157s] Invoking command in '/home/luca002/proj_ws/build/wamv_gazebo': CMAKE_PREFIX_PATH=${CMAKE_PREFIX_PATH}:/opt/ros/jazzy DEBUGINFOD_URLS=https://debuginfod.ubuntu.com /usr/bin/cmake /home/luca002/proj_ws/src/wamv_gazebo -DAMENT_CMAKE_SYMLINK_INSTALL=1 -DCMAKE_INSTALL_PREFIX=/home/luca002/proj_ws/install/wamv_gazebo
[0.194s] -- The C compiler identification is GNU 13.3.0
[0.234s] -- The CXX compiler identification is GNU 13.3.0
[0.244s] -- Detecting C compiler ABI info
[0.302s] -- Detecting C compiler ABI info - done
[0.309s] -- Check for working C compiler: /usr/bin/cc - skipped
[0.309s] -- Detecting C compile features
[0.309s] -- Detecting C compile features - done
[0.316s] -- Detecting CXX compiler ABI info
[0.382s] -- Detecting CXX compiler ABI info - done
[0.388s] -- Check for working CXX compiler: /usr/bin/c++ - skipped
[0.388s] -- Detecting CXX compile features
[0.389s] -- Detecting CXX compile features - done
[0.391s] -- Found ament_cmake: 2.5.4 (/opt/ros/jazzy/share/ament_cmake/cmake)
[0.498s] -- Found Python3: /usr/bin/python3 (found version "3.12.3") found components: Interpreter 
[0.582s] -- Override CMake install command with custom implementation using symlinks instead of copying resources
[0.616s] -- Looking for gz-sim8 -- found version 8.9.0
[0.621s] -- Searching for dependencies of gz-sim8
[0.622s] -- Looking for sdformat14 -- found version 14.7.0
[0.622s] -- Searching for dependencies of sdformat14
[0.626s] -- Checking for module 'tinyxml2'
[0.634s] --   Found tinyxml2, version 10.0.0
[0.655s] -- Looking for gz-math7 -- found version 7.5.2
[0.656s] -- Searching for dependencies of gz-math7
[0.657s] -- Looking for gz-utils2 -- found version 2.2.1
[0.657s] -- Searching for dependencies of gz-utils2
[0.658s] -- Looking for gz-utils2 -- found version 2.2.1
[0.658s] -- Searching for dependencies of gz-utils2
[0.658s] -- Searching for <gz-utils2> component [cli]
[0.659s] -- Looking for gz-utils2-cli -- found version 2.2.1
[0.659s] -- Searching for dependencies of gz-utils2-cli
[0.661s] -- Looking for gz-plugin2 -- found version 2.0.4
[0.661s] -- Searching for dependencies of gz-plugin2
[0.661s] -- Looking for gz-utils2 -- found version 2.2.1
[0.661s] -- Searching for <gz-plugin2> component [loader]
[0.662s] -- Looking for gz-plugin2-loader -- found version 2.0.4
[0.662s] -- Searching for dependencies of gz-plugin2-loader
[0.663s] -- Searching for <gz-plugin2> component [register]
[0.663s] -- Looking for gz-plugin2-register -- found version 2.0.4
[0.664s] -- Searching for dependencies of gz-plugin2-register
[0.665s] -- Looking for gz-transport13 -- found version 13.4.1
[0.665s] -- Searching for dependencies of gz-transport13
[0.750s] -- Found Protobuf: /usr/lib/x86_64-linux-gnu/libprotobuf.so (found version "3.21.12") 
[0.758s] -- Config-file not installed for ZeroMQ -- checking for pkg-config
[0.761s] -- Checking for module 'libzmq >= 4'
[0.769s] --   Found libzmq, version 4.3.5
[0.793s] -- Found ZeroMQ: TRUE (Required is at least version "4") 
[0.796s] -- Checking for module 'uuid'
[0.805s] --   Found uuid, version 2.39.3
[0.826s] -- Found UUID: TRUE  
[0.826s] -- Looking for gz-utils2 -- found version 2.2.1
[0.828s] -- Looking for gz-msgs10 -- found version 10.3.2
[0.828s] -- Searching for dependencies of gz-msgs10
[0.841s] -- Looking for gz-utils2 -- found version 2.2.1
[0.841s] -- Looking for gz-math7 -- found version 7.5.2
[0.846s] -- Searching for <gz-transport13> component [log]
[0.846s] -- Looking for gz-transport13-log -- found version 13.4.1
[0.846s] -- Searching for dependencies of gz-transport13-log
[0.847s] -- Searching for <gz-transport13> component [parameters]
[0.848s] -- Looking for gz-transport13-parameters -- found version 13.4.1
[0.848s] -- Searching for dependencies of gz-transport13-parameters
[0.848s] -- Looking for gz-msgs10 -- found version 10.3.2
[0.849s] -- Looking for gz-common5 -- found version 5.7.1
[0.849s] -- Searching for dependencies of gz-common5
[0.850s] -- Looking for gz-utils2 -- found version 2.2.1
[0.850s] -- Looking for dlfcn.h - found
[0.851s] -- Looking for libdl - found
[0.852s] -- Found DL: TRUE  
[0.856s] -- Searching for <gz-common5> component [av]
[0.857s] -- Looking for gz-common5-av -- found version 5.7.1
[0.857s] -- Searching for dependencies of gz-common5-av
[0.860s] -- Checking for module 'libswscale'
[0.869s] --   Found libswscale, version 7.5.100
[0.889s] -- Found SWSCALE: TRUE  
[0.892s] -- Checking for module 'libavdevice >= 56.4.100'
[0.901s] --   Found libavdevice, version 60.3.100
[0.931s] -- Found AVDEVICE: TRUE (Required is at least version "56.4.100") 
[0.934s] -- Checking for module 'libavformat'
[0.943s] --   Found libavformat, version 60.16.100
[0.965s] -- Found AVFORMAT: TRUE  
[0.968s] -- Checking for module 'libavcodec'
[0.977s] --   Found libavcodec, version 60.31.102
[0.999s] -- Found AVCODEC: TRUE  
[1.003s] -- Checking for module 'libavutil'
[1.014s] --   Found libavutil, version 58.29.100
[1.035s] -- Found AVUTIL: TRUE  
[1.036s] -- Searching for <gz-common5> component [events]
[1.037s] -- Looking for gz-common5-events -- found version 5.7.1
[1.037s] -- Searching for dependencies of gz-common5-events
[1.037s] -- Looking for gz-math7 -- found version 7.5.2
[1.038s] -- Searching for <gz-common5> component [graphics]
[1.039s] -- Looking for gz-common5-graphics -- found version 5.7.1
[1.039s] -- Searching for dependencies of gz-common5-graphics
[1.039s] -- Looking for gz-math7 -- found version 7.5.2
[1.043s] -- Found GzAssimp: TRUE (found version "5.3.0") 
[1.043s] -- Searching for <gz-common5> component [io]
[1.044s] -- Looking for gz-common5-io -- found version 5.7.1
[1.044s] -- Searching for dependencies of gz-common5-io
[1.045s] -- Searching for <gz-common5> component [profiler]
[1.046s] -- Looking for gz-common5-profiler -- found version 5.7.1
[1.046s] -- Searching for dependencies of gz-common5-profiler
[1.047s] -- Looking for gz-fuel_tools9 -- found version 9.1.1
[1.047s] -- Searching for dependencies of gz-fuel_tools9
[1.112s] -- Found CURL: /usr/lib/x86_64-linux-gnu/libcurl.so (found version "8.5.0")  
[1.120s] -- Checking for module 'jsoncpp'
[1.130s] --   Found jsoncpp, version 1.9.5
[1.152s] -- Found JSONCPP: TRUE  
[1.165s] -- Checking for module 'yaml-0.1'
[1.176s] --   Found yaml-0.1, version 0.2.5
[1.201s] -- Found YAML: TRUE  
[1.205s] -- Checking for module 'libzip'
[1.217s] --   Found libzip, version 1.7.3
[1.241s] -- Found ZIP: TRUE  
[1.241s] -- Looking for gz-utils2 -- found version 2.2.1
[1.241s] -- Looking for gz-common5 -- found version 5.7.1
[1.241s] -- Searching for dependencies of gz-common5
[1.241s] -- Looking for gz-utils2 -- found version 2.2.1
[1.242s] -- Looking for dlfcn.h - found
[1.242s] -- Looking for libdl - found
[1.248s] -- Searching for <gz-common5> component [testing]
[1.249s] -- Looking for gz-common5-testing -- found version 5.7.1
[1.249s] -- Searching for dependencies of gz-common5-testing
[1.250s] -- Looking for gz-math7 -- found version 7.5.2
[1.250s] -- Looking for gz-msgs10 -- found version 10.3.2
[1.252s] -- Looking for gz-gui8 -- found version 8.4.0
[1.252s] -- Searching for dependencies of gz-gui8
[1.271s] -- Looking for gz-utils2 -- found version 2.2.1
[1.271s] -- Looking for gz-math7 -- found version 7.5.2
[1.271s] -- Looking for gz-common5 -- found version 5.7.1
[1.271s] -- Looking for gz-plugin2 -- found version 2.0.4
[1.272s] -- Looking for gz-transport13 -- found version 13.4.1
[1.273s] -- Looking for gz-rendering8 -- found version 8.2.2
[1.273s] -- Searching for dependencies of gz-rendering8
[1.273s] -- Looking for gz-math7 -- found version 7.5.2
[1.273s] -- Searching for dependencies of gz-math7
[1.273s] -- Looking for gz-utils2 -- found version 2.2.1
[1.273s] -- Searching for <gz-math7> component [eigen3]
[1.275s] -- Looking for gz-math7-eigen3 -- found version 7.5.2
[1.275s] -- Searching for dependencies of gz-math7-eigen3
[1.281s] -- Looking for gz-common5 -- found version 5.7.1
[1.281s] -- Searching for dependencies of gz-common5
[1.281s] -- Looking for gz-utils2 -- found version 2.2.1
[1.281s] -- Looking for dlfcn.h - found
[1.281s] -- Looking for libdl - found
[1.286s] -- Searching for <gz-common5> component [graphics]
[1.286s] -- Searching for <gz-common5> component [events]
[1.286s] -- Searching for <gz-common5> component [geospatial]
[1.287s] -- Looking for gz-common5-geospatial -- found version 5.7.1
[1.287s] -- Searching for dependencies of gz-common5-geospatial
[1.288s] -- Looking for gz-math7 -- found version 7.5.2
[1.288s] -- Looking for gz-common5 -- found version 5.7.1
[1.289s] -- Looking for gz-plugin2 -- found version 2.0.4
[1.289s] -- Searching for dependencies of gz-plugin2
[1.289s] -- Looking for gz-utils2 -- found version 2.2.1
[1.289s] -- Searching for <gz-plugin2> component [all]
[1.290s] -- Looking for all libraries of gz-plugin2 -- found version 2.0.4
[1.290s] -- Looking for gz-plugin2 -- found version 2.0.4
[1.291s] -- Looking for gz-utils2 -- found version 2.2.1
[1.299s] -- Found OpenGL: /usr/lib/x86_64-linux-gnu/libOpenGL.so  found components: OpenGL 
[1.300s] -- Looking for gz-msgs10 -- found version 10.3.2
[1.316s] -- Looking for gz-physics7 -- found version 7.5.0
[1.316s] -- Searching for dependencies of gz-physics7
[1.316s] -- Looking for gz-common5 -- found version 5.7.1
[1.317s] -- Looking for gz-math7 -- found version 7.5.2
[1.317s] -- Looking for gz-plugin2 -- found version 2.0.4
[1.317s] -- Looking for gz-utils2 -- found version 2.2.1
[1.318s] -- Searching for <gz-physics7> component [heightmap]
[1.319s] -- Looking for gz-physics7-heightmap -- found version 7.5.0
[1.319s] -- Searching for dependencies of gz-physics7-heightmap
[1.319s] -- Looking for gz-common5 -- found version 5.7.1
[1.320s] -- Searching for <gz-physics7> component [mesh]
[1.320s] -- Looking for gz-physics7-mesh -- found version 7.5.0
[1.320s] -- Searching for dependencies of gz-physics7-mesh
[1.321s] -- Looking for gz-common5 -- found version 5.7.1
[1.321s] -- Searching for <gz-physics7> component [sdf]
[1.322s] -- Looking for gz-physics7-sdf -- found version 7.5.0
[1.322s] -- Searching for dependencies of gz-physics7-sdf
[1.322s] -- Looking for sdformat14 -- found version 14.7.0
[1.323s] -- Looking for gz-sensors8 -- found version 8.2.2
[1.323s] -- Searching for dependencies of gz-sensors8
[1.337s] -- Looking for gz-math7 -- found version 7.5.2
[1.337s] -- Looking for gz-common5 -- found version 5.7.1
[1.337s] -- Looking for gz-transport13 -- found version 13.4.1
[1.337s] -- Looking for gz-rendering8 -- found version 8.2.2
[1.338s] -- Looking for gz-msgs10 -- found version 10.3.2
[1.338s] -- Looking for sdformat14 -- found version 14.7.0
[1.338s] -- Searching for <gz-sensors8> component [air_pressure]
[1.339s] -- Looking for gz-sensors8-air_pressure -- found version 8.2.2
[1.339s] -- Searching for dependencies of gz-sensors8-air_pressure
[1.339s] -- Searching for <gz-sensors8> component [air_speed]
[1.340s] -- Looking for gz-sensors8-air_speed -- found version 8.2.2
[1.340s] -- Searching for dependencies of gz-sensors8-air_speed
[1.340s] -- Searching for <gz-sensors8> component [altimeter]
[1.341s] -- Looking for gz-sensors8-altimeter -- found version 8.2.2
[1.341s] -- Searching for dependencies of gz-sensors8-altimeter
[1.341s] -- Searching for <gz-sensors8> component [imu]
[1.342s] -- Looking for gz-sensors8-imu -- found version 8.2.2
[1.342s] -- Searching for dependencies of gz-sensors8-imu
[1.342s] -- Searching for <gz-sensors8> component [force_torque]
[1.343s] -- Looking for gz-sensors8-force_torque -- found version 8.2.2
[1.343s] -- Searching for dependencies of gz-sensors8-force_torque
[1.343s] -- Searching for <gz-sensors8> component [logical_camera]
[1.344s] -- Looking for gz-sensors8-logical_camera -- found version 8.2.2
[1.344s] -- Searching for dependencies of gz-sensors8-logical_camera
[1.344s] -- Searching for <gz-sensors8> component [magnetometer]
[1.345s] -- Looking for gz-sensors8-magnetometer -- found version 8.2.2
[1.345s] -- Searching for dependencies of gz-sensors8-magnetometer
[1.345s] -- Searching for <gz-sensors8> component [navsat]
[1.346s] -- Looking for gz-sensors8-navsat -- found version 8.2.2
[1.346s] -- Searching for dependencies of gz-sensors8-navsat
[1.346s] -- Searching for <gz-sensors8> component [dvl]
[1.347s] -- Looking for gz-sensors8-dvl -- found version 8.2.2
[1.347s] -- Searching for dependencies of gz-sensors8-dvl
[1.347s] -- Looking for gz-sensors8 -- found version 8.2.2
[1.347s] -- Searching for dependencies of gz-sensors8
[1.361s] -- Looking for gz-math7 -- found version 7.5.2
[1.361s] -- Looking for gz-common5 -- found version 5.7.1
[1.361s] -- Looking for gz-transport13 -- found version 13.4.1
[1.361s] -- Looking for gz-rendering8 -- found version 8.2.2
[1.362s] -- Looking for gz-msgs10 -- found version 10.3.2
[1.362s] -- Looking for sdformat14 -- found version 14.7.0
[1.362s] -- Searching for <gz-sensors8> component [rendering]
[1.363s] -- Looking for gz-sensors8-rendering -- found version 8.2.2
[1.363s] -- Searching for dependencies of gz-sensors8-rendering
[1.363s] -- Searching for <gz-sensors8> component [rendering]
[1.364s] -- Searching for <gz-sensors8> component [lidar]
[1.364s] -- Looking for gz-sensors8-lidar -- found version 8.2.2
[1.364s] -- Searching for dependencies of gz-sensors8-lidar
[1.364s] -- Looking for gz-sensors8 -- found version 8.2.2
[1.365s] -- Searching for <gz-sensors8> component [gpu_lidar]
[1.365s] -- Looking for gz-sensors8-gpu_lidar -- found version 8.2.2
[1.365s] -- Searching for dependencies of gz-sensors8-gpu_lidar
[1.366s] -- Looking for gz-sensors8 -- found version 8.2.2
[1.366s] -- Searching for <gz-sensors8> component [camera]
[1.367s] -- Looking for gz-sensors8-camera -- found version 8.2.2
[1.367s] -- Searching for dependencies of gz-sensors8-camera
[1.367s] -- Looking for gz-sensors8 -- found version 8.2.2
[1.367s] -- Searching for <gz-sensors8> component [boundingbox_camera]
[1.368s] -- Looking for gz-sensors8-boundingbox_camera -- found version 8.2.2
[1.368s] -- Searching for dependencies of gz-sensors8-boundingbox_camera
[1.368s] -- Searching for <gz-sensors8> component [segmentation_camera]
[1.369s] -- Looking for gz-sensors8-segmentation_camera -- found version 8.2.2
[1.369s] -- Searching for dependencies of gz-sensors8-segmentation_camera
[1.369s] -- Searching for <gz-sensors8> component [depth_camera]
[1.370s] -- Looking for gz-sensors8-depth_camera -- found version 8.2.2
[1.370s] -- Searching for dependencies of gz-sensors8-depth_camera
[1.370s] -- Looking for gz-sensors8 -- found version 8.2.2
[1.371s] -- Searching for <gz-sensors8> component [rgbd_camera]
[1.371s] -- Looking for gz-sensors8-rgbd_camera -- found version 8.2.2
[1.371s] -- Searching for dependencies of gz-sensors8-rgbd_camera
[1.372s] -- Looking for gz-sensors8 -- found version 8.2.2
[1.372s] -- Searching for <gz-sensors8> component [thermal_camera]
[1.372s] -- Looking for gz-sensors8-thermal_camera -- found version 8.2.2
[1.372s] -- Searching for dependencies of gz-sensors8-thermal_camera
[1.373s] -- Looking for gz-sensors8 -- found version 8.2.2
[1.373s] -- Searching for <gz-sensors8> component [wide_angle_camera]
[1.374s] -- Looking for gz-sensors8-wide_angle_camera -- found version 8.2.2
[1.374s] -- Searching for dependencies of gz-sensors8-wide_angle_camera
[1.374s] -- Looking for gz-rendering8 -- found version 8.2.2
[1.375s] -- Looking for gz-math7 -- found version 7.5.2
[1.375s] -- Looking for gz-utils2 -- found version 2.2.1
[1.389s] -- Looking for gz-common5 -- found version 5.7.1
[1.389s] -- Looking for gz-fuel_tools9 -- found version 9.1.1
[1.389s] -- Looking for gz-math7 -- found version 7.5.2
[1.389s] -- Looking for gz-msgs10 -- found version 10.3.2
[1.390s] -- Looking for gz-transport13 -- found version 13.4.1
[1.390s] -- Looking for gz-plugin2 -- found version 2.0.4
[1.390s] -- Looking for gz-rendering8 -- found version 8.2.2
[1.390s] -- Looking for gz-sensors8 -- found version 8.2.2
[1.391s] -- Looking for gz-utils2 -- found version 2.2.1
[1.391s] -- Looking for sdformat14 -- found version 14.7.0
[1.393s] -- Found std_msgs: 5.3.6 (/opt/ros/jazzy/share/std_msgs/cmake)
[1.423s] -- Found rosidl_generator_c: 4.6.5 (/opt/ros/jazzy/share/rosidl_generator_c/cmake)
[1.435s] -- Found rosidl_generator_cpp: 4.6.5 (/opt/ros/jazzy/share/rosidl_generator_cpp/cmake)
[1.448s] -- Using all available rosidl_typesupport_c: rosidl_typesupport_fastrtps_c;rosidl_typesupport_introspection_c
[1.463s] -- Using all available rosidl_typesupport_cpp: rosidl_typesupport_fastrtps_cpp;rosidl_typesupport_introspection_cpp
[1.630s] -- Configuring done (1.5s)
[1.722s] -- Generating done (0.1s)
[1.742s] -- Build files have been written to: /home/luca002/proj_ws/build/wamv_gazebo
[1.771s] Invoked command in '/home/luca002/proj_ws/build/wamv_gazebo' returned '0': CMAKE_PREFIX_PATH=${CMAKE_PREFIX_PATH}:/opt/ros/jazzy DEBUGINFOD_URLS=https://debuginfod.ubuntu.com /usr/bin/cmake /home/luca002/proj_ws/src/wamv_gazebo -DAMENT_CMAKE_SYMLINK_INSTALL=1 -DCMAKE_INSTALL_PREFIX=/home/luca002/proj_ws/install/wamv_gazebo
[1.772s] Invoking command in '/home/luca002/proj_ws/build/wamv_gazebo': CMAKE_PREFIX_PATH=${CMAKE_PREFIX_PATH}:/opt/ros/jazzy DEBUGINFOD_URLS=https://debuginfod.ubuntu.com /usr/bin/cmake --build /home/luca002/proj_ws/build/wamv_gazebo -- -j16 -l16
[1.818s] [  4%] [32mBuilding CXX object CMakeFiles/Waves.dir/src/Wavefield.cc.o[0m
[1.818s] [  4%] [32mBuilding CXX object CMakeFiles/ScoringPlugin.dir/src/ScoringPlugin.cc.o[0m
[1.825s] [  4%] Built target ament_cmake_python_symlink_wamv_gazebo
[2.010s] running egg_info
[2.011s] creating wamv_gazebo.egg-info
[2.028s] writing wamv_gazebo.egg-info/PKG-INFO
[2.028s] writing dependency_links to wamv_gazebo.egg-info/dependency_links.txt
[2.028s] writing top-level names to wamv_gazebo.egg-info/top_level.txt
[2.029s] writing manifest file 'wamv_gazebo.egg-info/SOURCES.txt'
[2.080s] reading manifest file 'wamv_gazebo.egg-info/SOURCES.txt'
[2.081s] writing manifest file 'wamv_gazebo.egg-info/SOURCES.txt'
[2.110s] [  4%] Built target ament_cmake_python_build_wamv_gazebo_egg
[4.322s] [  6%] [32m[1mLinking CXX shared library libWaves.so[0m
[4.454s] [  6%] Built target Waves
[4.467s] [  8%] [32mBuilding CXX object CMakeFiles/PolyhedraBuoyancyDrag.dir/src/PolyhedraBuoyancyDrag.cc.o[0m
[4.467s] [ 12%] [32mBuilding CXX object CMakeFiles/PolyhedraBuoyancyDrag.dir/src/ShapeVolume.cc.o[0m
[4.467s] [ 12%] [32mBuilding CXX object CMakeFiles/PolyhedraBuoyancyDrag.dir/src/PolyhedronVolume.cc.o[0m
[5.222s] [ 14%] [32m[1mLinking CXX shared library libScoringPlugin.so[0m
[5.383s] [ 14%] Built target ScoringPlugin
[5.405s] [ 16%] [32mBuilding CXX object CMakeFiles/GymkhanaScoringPlugin.dir/src/GymkhanaScoringPlugin.cc.o[0m
[5.406s] [ 22%] [32mBuilding CXX object CMakeFiles/AcousticPerceptionScoringPlugin.dir/src/AcousticPerceptionScoringPlugin.cc.o[0m
[5.406s] [ 22%] [32mBuilding CXX object CMakeFiles/BallShooterPlugin.dir/src/BallShooterPlugin.cc.o[0m
[5.406s] [ 27%] [32mBuilding CXX object CMakeFiles/StationkeepingScoringPlugin.dir/src/StationkeepingScoringPlugin.cc.o[0m
[5.406s] [ 27%] [32mBuilding CXX object CMakeFiles/AcousticTrackingScoringPlugin.dir/src/AcousticTrackingScoringPlugin.cc.o[0m
[5.406s] [ 27%] [32mBuilding CXX object CMakeFiles/LightBuoyPlugin.dir/src/LightBuoyPlugin.cc.o[0m
[5.406s] [ 31%] [32mBuilding CXX object CMakeFiles/SimpleHydrodynamics.dir/src/SimpleHydrodynamics.cc.o[0m
[5.407s] [ 31%] [32mBuilding CXX object CMakeFiles/NavigationScoringPlugin.dir/src/NavigationScoringPlugin.cc.o[0m
[5.407s] [ 33%] [32mBuilding CXX object CMakeFiles/PlacardPlugin.dir/src/PlacardPlugin.cc.o[0m
[5.407s] [ 35%] [32mBuilding CXX object CMakeFiles/AcousticPingerPlugin.dir/src/AcousticPingerPlugin.cc.o[0m
[5.407s] [ 37%] [32mBuilding CXX object CMakeFiles/WayfindingScoringPlugin.dir/src/WayfindingScoringPlugin.cc.o[0m
[5.410s] [ 39%] [32mBuilding CXX object CMakeFiles/ScanDockScoringPlugin.dir/src/ScanDockScoringPlugin.cc.o[0m
[5.411s] [ 41%] [32mBuilding CXX object CMakeFiles/PerceptionScoringPlugin.dir/src/PerceptionScoringPlugin.cc.o[0m
[5.411s] [ 43%] [32mBuilding CXX object CMakeFiles/PublisherPlugin.dir/src/PublisherPlugin.cc.o[0m
[5.596s] [ 45%] [32mBuilding CXX object CMakeFiles/StationkeepingScoringPlugin.dir/src/WaypointMarkers.cc.o[0m
[10.213s] [ 47%] [32m[1mLinking CXX shared library libPublisherPlugin.so[0m
[10.511s] [ 50%] [32mBuilding CXX object CMakeFiles/AcousticPerceptionScoringPlugin.dir/src/WaypointMarkers.cc.o[0m
[10.536s] [ 50%] Built target PublisherPlugin
[10.548s] [ 52%] [32mBuilding CXX object CMakeFiles/AcousticTrackingScoringPlugin.dir/src/WaypointMarkers.cc.o[0m
[10.679s] [ 54%] [32m[1mLinking CXX shared library libLightBuoyPlugin.so[0m
[11.107s] [ 54%] Built target LightBuoyPlugin
[11.120s] [ 56%] [32mBuilding CXX object CMakeFiles/WayfindingScoringPlugin.dir/src/WaypointMarkers.cc.o[0m
[11.421s] [ 58%] [32m[1mLinking CXX shared library libGymkhanaScoringPlugin.so[0m
[11.550s] [ 60%] [32m[1mLinking CXX shared library libSimpleHydrodynamics.so[0m
[11.716s] [ 62%] [32m[1mLinking CXX shared library libPlacardPlugin.so[0m
[11.722s] [ 64%] [32m[1mLinking CXX shared library libPolyhedraBuoyancyDrag.so[0m
[11.874s] [ 64%] Built target GymkhanaScoringPlugin
[11.913s] [ 66%] [32mBuilding CXX object CMakeFiles/Surface.dir/src/Surface.cc.o[0m
[11.923s] [ 66%] Built target SimpleHydrodynamics
[11.959s] [ 68%] [32mBuilding CXX object CMakeFiles/USVWind.dir/src/USVWind.cc.o[0m
[12.233s] [ 68%] Built target PlacardPlugin
[12.268s] [ 70%] [32mBuilding CXX object CMakeFiles/WaveVisual.dir/src/WaveVisual.cc.o[0m
[12.280s] [ 70%] Built target PolyhedraBuoyancyDrag
[12.321s] [ 72%] [32mBuilding CXX object CMakeFiles/WildlifeScoringPlugin.dir/src/WildlifeScoringPlugin.cc.o[0m
[13.377s] [ 75%] [32m[1mLinking CXX shared library libPerceptionScoringPlugin.so[0m
[13.676s] [ 77%] [32m[1mLinking CXX shared library libAcousticPingerPlugin.so[0m
[13.884s] [ 77%] Built target PerceptionScoringPlugin
[14.076s] [ 77%] Built target AcousticPingerPlugin
[14.223s] [ 79%] [32m[1mLinking CXX shared library libNavigationScoringPlugin.so[0m
[14.262s] [ 81%] [32m[1mLinking CXX shared library libStationkeepingScoringPlugin.so[0m
[14.441s] [ 81%] Built target NavigationScoringPlugin
[14.575s] [ 81%] Built target StationkeepingScoringPlugin
[14.693s] [ 83%] [32m[1mLinking CXX shared library libScanDockScoringPlugin.so[0m
[14.725s] [ 85%] [32m[1mLinking CXX shared library libBallShooterPlugin.so[0m
[14.884s] [ 87%] [32m[1mLinking CXX shared library libAcousticTrackingScoringPlugin.so[0m
[14.977s] [ 87%] Built target ScanDockScoringPlugin
[15.025s] [ 87%] Built target BallShooterPlugin
[15.046s] [ 89%] [32m[1mLinking CXX shared library libAcousticPerceptionScoringPlugin.so[0m
[15.180s] [ 89%] Built target AcousticTrackingScoringPlugin
[15.269s] [ 89%] Built target AcousticPerceptionScoringPlugin
[15.440s] [ 91%] [32m[1mLinking CXX shared library libWayfindingScoringPlugin.so[0m
[15.646s] [ 91%] Built target WayfindingScoringPlugin
[16.446s] [ 93%] [32m[1mLinking CXX shared library libSurface.so[0m
[16.627s] [ 93%] Built target Surface
[17.550s] [ 95%] [32m[1mLinking CXX shared library libWildlifeScoringPlugin.so[0m
[17.790s] [ 95%] Built target WildlifeScoringPlugin
[17.840s] [ 97%] [32m[1mLinking CXX shared library libUSVWind.so[0m
[18.058s] [100%] [32m[1mLinking CXX shared library libWaveVisual.so[0m
[18.061s] [100%] Built target USVWind
[18.225s] [100%] Built target WaveVisual
[18.235s] Invoked command in '/home/luca002/proj_ws/build/wamv_gazebo' returned '0': CMAKE_PREFIX_PATH=${CMAKE_PREFIX_PATH}:/opt/ros/jazzy DEBUGINFOD_URLS=https://debuginfod.ubuntu.com /usr/bin/cmake --build /home/luca002/proj_ws/build/wamv_gazebo -- -j16 -l16
[18.236s] Invoking command in '/home/luca002/proj_ws/build/wamv_gazebo': CMAKE_PREFIX_PATH=${CMAKE_PREFIX_PATH}:/opt/ros/jazzy DEBUGINFOD_URLS=https://debuginfod.ubuntu.com /usr/bin/cmake --install /home/luca002/proj_ws/build/wamv_gazebo
[18.241s] -- Install configuration: ""
[18.241s] -- Execute custom install script
[18.241s] -- Symlinking: /home/luca002/proj_ws/install/wamv_gazebo/share/wamv_gazebo/environment/resource_paths.dsv
[18.247s] -- Symlinking: /home/luca002/proj_ws/install/wamv_gazebo/share/wamv_gazebo/environment/resource_paths.sh
[18.252s] -- Symlinking: /home/luca002/proj_ws/install/wamv_gazebo/lib/libWaves.so
[18.257s] -- Symlinking: /home/luca002/proj_ws/install/wamv_gazebo/lib/libPolyhedraBuoyancyDrag.so
[18.264s] -- Symlinking: /home/luca002/proj_ws/install/wamv_gazebo/lib/libScoringPlugin.so
[18.272s] -- Symlinking: /home/luca002/proj_ws/install/wamv_gazebo/lib/libStationkeepingScoringPlugin.so
[18.278s] -- Symlinking: /home/luca002/proj_ws/install/wamv_gazebo/lib/libWayfindingScoringPlugin.so
[18.283s] -- Symlinking: /home/luca002/proj_ws/install/wamv_gazebo/lib/libAcousticPerceptionScoringPlugin.so
[18.289s] -- Symlinking: /home/luca002/proj_ws/install/wamv_gazebo/lib/libAcousticTrackingScoringPlugin.so
[18.298s] -- Symlinking: /home/luca002/proj_ws/install/wamv_gazebo/lib/libAcousticPingerPlugin.so
[18.307s] -- Symlinking: /home/luca002/proj_ws/install/wamv_gazebo/lib/libBallShooterPlugin.so
[18.320s] -- Symlinking: /home/luca002/proj_ws/install/wamv_gazebo/lib/libLightBuoyPlugin.so
[18.332s] -- Symlinking: /home/luca002/proj_ws/install/wamv_gazebo/lib/libNavigationScoringPlugin.so
[18.339s] -- Symlinking: /home/luca002/proj_ws/install/wamv_gazebo/lib/libGymkhanaScoringPlugin.so
[18.345s] -- Symlinking: /home/luca002/proj_ws/install/wamv_gazebo/lib/libPerceptionScoringPlugin.so
[18.350s] -- Symlinking: /home/luca002/proj_ws/install/wamv_gazebo/lib/libPlacardPlugin.so
[18.355s] -- Symlinking: /home/luca002/proj_ws/install/wamv_gazebo/lib/libPublisherPlugin.so
[18.360s] -- Symlinking: /home/luca002/proj_ws/install/wamv_gazebo/lib/libScanDockScoringPlugin.so
[18.365s] -- Symlinking: /home/luca002/proj_ws/install/wamv_gazebo/lib/libSimpleHydrodynamics.so
[18.371s] -- Symlinking: /home/luca002/proj_ws/install/wamv_gazebo/lib/libSurface.so
[18.378s] -- Symlinking: /home/luca002/proj_ws/install/wamv_gazebo/lib/libUSVWind.so
[18.386s] -- Symlinking: /home/luca002/proj_ws/install/wamv_gazebo/lib/libWaveVisual.so
[18.395s] -- Symlinking: /home/luca002/proj_ws/install/wamv_gazebo/lib/libWildlifeScoringPlugin.so
[18.403s] -- Symlinking: /home/luca002/proj_ws/install/wamv_gazebo/share/wamv_gazebo/environment/pythonpath.sh
[18.415s] -- Symlinking: /home/luca002/proj_ws/install/wamv_gazebo/share/wamv_gazebo/environment/pythonpath.dsv
[18.426s] -- Symlinking: /home/luca002/proj_ws/install/wamv_gazebo/lib/python3.12/site-packages/wamv_gazebo-0.0.0-py3.12.egg-info/PKG-INFO
[18.432s] -- Symlinking: /home/luca002/proj_ws/install/wamv_gazebo/lib/python3.12/site-packages/wamv_gazebo-0.0.0-py3.12.egg-info/SOURCES.txt
[18.438s] -- Symlinking: /home/luca002/proj_ws/install/wamv_gazebo/lib/python3.12/site-packages/wamv_gazebo-0.0.0-py3.12.egg-info/dependency_links.txt
[18.443s] -- Symlinking: /home/luca002/proj_ws/install/wamv_gazebo/lib/python3.12/site-packages/wamv_gazebo-0.0.0-py3.12.egg-info/top_level.txt
[18.449s] -- Symlinking: /home/luca002/proj_ws/install/wamv_gazebo/lib/python3.12/site-packages/wamv_gazebo/__init__.py
[18.453s] -- Symlinking: /home/luca002/proj_ws/install/wamv_gazebo/lib/python3.12/site-packages/wamv_gazebo/bridge.py
[18.458s] -- Symlinking: /home/luca002/proj_ws/install/wamv_gazebo/lib/python3.12/site-packages/wamv_gazebo/bridges.py
[18.464s] -- Symlinking: /home/luca002/proj_ws/install/wamv_gazebo/lib/python3.12/site-packages/wamv_gazebo/launch.py
[18.470s] -- Symlinking: /home/luca002/proj_ws/install/wamv_gazebo/lib/python3.12/site-packages/wamv_gazebo/model.py
[18.475s] -- Symlinking: /home/luca002/proj_ws/install/wamv_gazebo/lib/python3.12/site-packages/wamv_gazebo/monitor_sim.py
[18.480s] -- Symlinking: /home/luca002/proj_ws/install/wamv_gazebo/lib/python3.12/site-packages/wamv_gazebo/payload_bridges.py
[18.488s] -- Symlinking: /home/luca002/proj_ws/install/wamv_gazebo/share/wamv_gazebo/launch/__init__.py
[18.497s] -- Symlinking: /home/luca002/proj_ws/install/wamv_gazebo/share/wamv_gazebo/launch/__pycache__/bridge.cpython-312.pyc
[18.509s] -- Symlinking: /home/luca002/proj_ws/install/wamv_gazebo/share/wamv_gazebo/launch/bridge.py
[18.519s] -- Symlinking: /home/luca002/proj_ws/install/wamv_gazebo/share/wamv_gazebo/launch/competition.launch.py
[18.529s] -- Symlinking: /home/luca002/proj_ws/install/wamv_gazebo/share/wamv_gazebo/launch/compliance.py
[18.535s] -- Symlinking: /home/luca002/proj_ws/install/wamv_gazebo/share/wamv_gazebo/launch/configure_wamv.py
[18.542s] -- Symlinking: /home/luca002/proj_ws/install/wamv_gazebo/share/wamv_gazebo/launch/mylaunch.py
[18.547s] -- Symlinking: /home/luca002/proj_ws/install/wamv_gazebo/share/wamv_gazebo/launch/spawn.launch.py
[18.552s] -- Symlinking: /home/luca002/proj_ws/install/wamv_gazebo/share/wamv_gazebo/launch/spawn_config.launch.py
[18.557s] -- Symlinking: /home/luca002/proj_ws/install/wamv_gazebo/share/wamv_gazebo/launch/usv_joy_teleop.py
[18.562s] -- Symlinking: /home/luca002/proj_ws/install/wamv_gazebo/share/wamv_gazebo/launch/utils.py
[18.567s] -- Symlinking: /home/luca002/proj_ws/install/wamv_gazebo/share/wamv_gazebo/launch/vrx_environment.launch.py
[18.577s] -- Symlinking: /home/luca002/proj_ws/install/wamv_gazebo/share/wamv_gazebo/models/articulated_platform/model.config
[18.582s] -- Symlinking: /home/luca002/proj_ws/install/wamv_gazebo/share/wamv_gazebo/models/articulated_platform/model.sdf
[18.587s] -- Symlinking: /home/luca002/proj_ws/install/wamv_gazebo/share/wamv_gazebo/models/ball_shooter/materials/Textures/Launcher_Albedo.png
[18.593s] -- Symlinking: /home/luca002/proj_ws/install/wamv_gazebo/share/wamv_gazebo/models/ball_shooter/materials/Textures/Launcher_Metalness.png
[18.606s] -- Symlinking: /home/luca002/proj_ws/install/wamv_gazebo/share/wamv_gazebo/models/ball_shooter/materials/Textures/Launcher_Normal.png
[18.620s] -- Symlinking: /home/luca002/proj_ws/install/wamv_gazebo/share/wamv_gazebo/models/ball_shooter/materials/Textures/Launcher_Roughness.png
[18.635s] -- Symlinking: /home/luca002/proj_ws/install/wamv_gazebo/share/wamv_gazebo/models/ball_shooter/meshes/Launcher_Albedo.png
[18.644s] -- Symlinking: /home/luca002/proj_ws/install/wamv_gazebo/share/wamv_gazebo/models/ball_shooter/meshes/Launcher_BaseColor.png
[18.649s] -- Symlinking: /home/luca002/proj_ws/install/wamv_gazebo/share/wamv_gazebo/models/ball_shooter/meshes/ball_shooter_base.dae
[18.654s] -- Symlinking: /home/luca002/proj_ws/install/wamv_gazebo/share/wamv_gazebo/models/ball_shooter/meshes/ball_shooter_launcher.dae
[18.659s] -- Symlinking: /home/luca002/proj_ws/install/wamv_gazebo/share/wamv_gazebo/models/ball_shooter/model.config
[18.666s] -- Symlinking: /home/luca002/proj_ws/install/wamv_gazebo/share/wamv_gazebo/models/ball_shooter/model.sdf
[18.671s] -- Symlinking: /home/luca002/proj_ws/install/wamv_gazebo/share/wamv_gazebo/models/battery/mesh/battery.dae
[18.678s] -- Symlinking: /home/luca002/proj_ws/install/wamv_gazebo/share/wamv_gazebo/models/battery/mesh/battery.png
[18.687s] -- Symlinking: /home/luca002/proj_ws/install/wamv_gazebo/share/wamv_gazebo/models/battery/mesh/battery_Albedo.png
[18.698s] -- Symlinking: /home/luca002/proj_ws/install/wamv_gazebo/share/wamv_gazebo/models/battery/mesh/battery_Metalness.png
[18.706s] -- Symlinking: /home/luca002/proj_ws/install/wamv_gazebo/share/wamv_gazebo/models/battery/mesh/battery_Normal.png
[18.716s] -- Symlinking: /home/luca002/proj_ws/install/wamv_gazebo/share/wamv_gazebo/models/battery/mesh/battery_Roughness.png
[18.724s] -- Symlinking: /home/luca002/proj_ws/install/wamv_gazebo/share/wamv_gazebo/models/battery/model.config
[18.736s] -- Symlinking: /home/luca002/proj_ws/install/wamv_gazebo/share/wamv_gazebo/models/battery/model.sdf
[18.747s] -- Symlinking: /home/luca002/proj_ws/install/wamv_gazebo/share/wamv_gazebo/models/blue_projectile/model.config
[18.756s] -- Symlinking: /home/luca002/proj_ws/install/wamv_gazebo/share/wamv_gazebo/models/blue_projectile/model.sdf
[18.765s] -- Symlinking: /home/luca002/proj_ws/install/wamv_gazebo/share/wamv_gazebo/models/boat/materials/textures/Boat_Albedo.png
[18.779s] -- Symlinking: /home/luca002/proj_ws/install/wamv_gazebo/share/wamv_gazebo/models/boat/materials/textures/Boat_Metalness.png
[18.790s] -- Symlinking: /home/luca002/proj_ws/install/wamv_gazebo/share/wamv_gazebo/models/boat/materials/textures/Boat_Normal.png
[18.797s] -- Symlinking: /home/luca002/proj_ws/install/wamv_gazebo/share/wamv_gazebo/models/boat/materials/textures/Boat_Roughness.png
[18.809s] -- Symlinking: /home/luca002/proj_ws/install/wamv_gazebo/share/wamv_gazebo/models/boat/materials/textures/lidar_3d_v1.png
[18.824s] -- Symlinking: /home/luca002/proj_ws/install/wamv_gazebo/share/wamv_gazebo/models/boat/meshes/rcboat.dae
[18.832s] -- Symlinking: /home/luca002/proj_ws/install/wamv_gazebo/share/wamv_gazebo/models/boat/model.config
[18.837s] -- Symlinking: /home/luca002/proj_ws/install/wamv_gazebo/share/wamv_gazebo/models/boat/model.sdf
[18.846s] -- Symlinking: /home/luca002/proj_ws/install/wamv_gazebo/share/wamv_gazebo/models/boat/oldmodel/mmodel.sdf
[18.853s] -- Symlinking: /home/luca002/proj_ws/install/wamv_gazebo/share/wamv_gazebo/models/boat/thumbnails/boat/1.png
[18.861s] -- Symlinking: /home/luca002/proj_ws/install/wamv_gazebo/share/wamv_gazebo/models/boat/thumbnails/boat/2.png
[18.866s] -- Symlinking: /home/luca002/proj_ws/install/wamv_gazebo/share/wamv_gazebo/models/boat/thumbnails/boat/3.png
[18.871s] -- Symlinking: /home/luca002/proj_ws/install/wamv_gazebo/share/wamv_gazebo/models/boat/thumbnails/boat/4.png
[18.878s] -- Symlinking: /home/luca002/proj_ws/install/wamv_gazebo/share/wamv_gazebo/models/boat/thumbnails/boat/5.png
[18.886s] -- Symlinking: /home/luca002/proj_ws/install/wamv_gazebo/share/wamv_gazebo/models/coast_waves/materials/programs/GerstnerWaves_fs_330.glsl
[18.894s] -- Symlinking: /home/luca002/proj_ws/install/wamv_gazebo/share/wamv_gazebo/models/coast_waves/materials/programs/GerstnerWaves_vs_330.glsl
[18.905s] -- Symlinking: /home/luca002/proj_ws/install/wamv_gazebo/share/wamv_gazebo/models/coast_waves/materials/textures/skybox_lowres.dds
[18.917s] -- Symlinking: /home/luca002/proj_ws/install/wamv_gazebo/share/wamv_gazebo/models/coast_waves/materials/textures/wave_normals.dds
[18.930s] -- Symlinking: /home/luca002/proj_ws/install/wamv_gazebo/share/wamv_gazebo/models/coast_waves/meshes/waterlow.dae
[18.936s] -- Symlinking: /home/luca002/proj_ws/install/wamv_gazebo/share/wamv_gazebo/models/coast_waves/model.config
[18.941s] -- Symlinking: /home/luca002/proj_ws/install/wamv_gazebo/share/wamv_gazebo/models/coast_waves/model.sdf
[18.946s] -- Symlinking: /home/luca002/proj_ws/install/wamv_gazebo/share/wamv_gazebo/models/cpu_cases/mesh/cpu_cases.dae
[18.951s] -- Symlinking: /home/luca002/proj_ws/install/wamv_gazebo/share/wamv_gazebo/models/cpu_cases/mesh/cpu_cases.png
[18.956s] -- Symlinking: /home/luca002/proj_ws/install/wamv_gazebo/share/wamv_gazebo/models/cpu_cases/mesh/cpu_cases_Albedo.png
[18.961s] -- Symlinking: /home/luca002/proj_ws/install/wamv_gazebo/share/wamv_gazebo/models/cpu_cases/mesh/cpu_cases_Metalness.png
[18.965s] -- Symlinking: /home/luca002/proj_ws/install/wamv_gazebo/share/wamv_gazebo/models/cpu_cases/mesh/cpu_cases_Normal.png
[18.970s] -- Symlinking: /home/luca002/proj_ws/install/wamv_gazebo/share/wamv_gazebo/models/cpu_cases/mesh/cpu_cases_Roughness.png
[18.975s] -- Symlinking: /home/luca002/proj_ws/install/wamv_gazebo/share/wamv_gazebo/models/cpu_cases/model.config
[18.980s] -- Symlinking: /home/luca002/proj_ws/install/wamv_gazebo/share/wamv_gazebo/models/cpu_cases/model.sdf
[18.985s] -- Symlinking: /home/luca002/proj_ws/install/wamv_gazebo/share/wamv_gazebo/models/dock_2022/model.config
[18.993s] -- Symlinking: /home/luca002/proj_ws/install/wamv_gazebo/share/wamv_gazebo/models/dock_2022/model.sdf
[19.000s] -- Symlinking: /home/luca002/proj_ws/install/wamv_gazebo/share/wamv_gazebo/models/dock_2022_base/model.config
[19.008s] -- Symlinking: /home/luca002/proj_ws/install/wamv_gazebo/share/wamv_gazebo/models/dock_2022_base/model.sdf
[19.018s] -- Symlinking: /home/luca002/proj_ws/install/wamv_gazebo/share/wamv_gazebo/models/dock_block_4x4/mesh/DockCubes_Albedo.png
[19.027s] -- Symlinking: /home/luca002/proj_ws/install/wamv_gazebo/share/wamv_gazebo/models/dock_block_4x4/mesh/DockCubes_Metalness.png
[19.033s] -- Symlinking: /home/luca002/proj_ws/install/wamv_gazebo/share/wamv_gazebo/models/dock_block_4x4/mesh/DockCubes_Normal.png
[19.038s] -- Symlinking: /home/luca002/proj_ws/install/wamv_gazebo/share/wamv_gazebo/models/dock_block_4x4/mesh/DockCubes_Roughness.png
[19.043s] -- Symlinking: /home/luca002/proj_ws/install/wamv_gazebo/share/wamv_gazebo/models/dock_block_4x4/mesh/dock_block_4x4.dae
[19.048s] -- Symlinking: /home/luca002/proj_ws/install/wamv_gazebo/share/wamv_gazebo/models/dock_block_4x4/model.config
[19.054s] -- Symlinking: /home/luca002/proj_ws/install/wamv_gazebo/share/wamv_gazebo/models/dock_block_4x4/model.sdf
[19.062s] -- Symlinking: /home/luca002/proj_ws/install/wamv_gazebo/share/wamv_gazebo/models/engine/mesh/engine.dae
[19.068s] -- Symlinking: /home/luca002/proj_ws/install/wamv_gazebo/share/wamv_gazebo/models/engine/model.config
[19.073s] -- Symlinking: /home/luca002/proj_ws/install/wamv_gazebo/share/wamv_gazebo/models/entrance_exit/model.config
[19.078s] -- Symlinking: /home/luca002/proj_ws/install/wamv_gazebo/share/wamv_gazebo/models/entrance_exit/model.sdf
[19.083s] -- Symlinking: /home/luca002/proj_ws/install/wamv_gazebo/share/wamv_gazebo/models/gps/mesh/gps.dae
[19.088s] -- Symlinking: /home/luca002/proj_ws/install/wamv_gazebo/share/wamv_gazebo/models/gps/mesh/gps.png
[19.093s] -- Symlinking: /home/luca002/proj_ws/install/wamv_gazebo/share/wamv_gazebo/models/gps/model.config
[19.100s] -- Symlinking: /home/luca002/proj_ws/install/wamv_gazebo/share/wamv_gazebo/models/lidar/materials/textures/lidar_3d_v1.png
[19.111s] -- Symlinking: /home/luca002/proj_ws/install/wamv_gazebo/share/wamv_gazebo/models/lidar/meshes/lidar_3d_v1.dae
[19.125s] -- Symlinking: /home/luca002/proj_ws/install/wamv_gazebo/share/wamv_gazebo/models/lidar/meshes/lidar_3d_v1.png
[19.132s] -- Symlinking: /home/luca002/proj_ws/install/wamv_gazebo/share/wamv_gazebo/models/lidar/model.config
[19.138s] -- Symlinking: /home/luca002/proj_ws/install/wamv_gazebo/share/wamv_gazebo/models/lidar/model.sdf
[19.143s] -- Symlinking: /home/luca002/proj_ws/install/wamv_gazebo/share/wamv_gazebo/models/lidar/thumbnails/1.png
[19.150s] -- Symlinking: /home/luca002/proj_ws/install/wamv_gazebo/share/wamv_gazebo/models/lidar/thumbnails/2.png
[19.155s] -- Symlinking: /home/luca002/proj_ws/install/wamv_gazebo/share/wamv_gazebo/models/lidar/thumbnails/3.png
[19.164s] -- Symlinking: /home/luca002/proj_ws/install/wamv_gazebo/share/wamv_gazebo/models/lidar/thumbnails/4.png
[19.172s] -- Symlinking: /home/luca002/proj_ws/install/wamv_gazebo/share/wamv_gazebo/models/lidar/thumbnails/5.png
[19.178s] -- Symlinking: /home/luca002/proj_ws/install/wamv_gazebo/share/wamv_gazebo/models/light_buoy/meshes/LightTower_Albedo.png
[19.189s] -- Symlinking: /home/luca002/proj_ws/install/wamv_gazebo/share/wamv_gazebo/models/light_buoy/meshes/LightTower_Metalness.png
[19.201s] -- Symlinking: /home/luca002/proj_ws/install/wamv_gazebo/share/wamv_gazebo/models/light_buoy/meshes/LightTower_Normal.png
[19.210s] -- Symlinking: /home/luca002/proj_ws/install/wamv_gazebo/share/wamv_gazebo/models/light_buoy/meshes/LightTower_Opacity.png
[19.219s] -- Symlinking: /home/luca002/proj_ws/install/wamv_gazebo/share/wamv_gazebo/models/light_buoy/meshes/LightTower_Roughness.png
[19.228s] -- Symlinking: /home/luca002/proj_ws/install/wamv_gazebo/share/wamv_gazebo/models/light_buoy/meshes/light_buoy.dae
[19.235s] -- Symlinking: /home/luca002/proj_ws/install/wamv_gazebo/share/wamv_gazebo/models/light_buoy/model.config
[19.242s] -- Symlinking: /home/luca002/proj_ws/install/wamv_gazebo/share/wamv_gazebo/models/light_buoy/model.sdf
[19.250s] -- Symlinking: /home/luca002/proj_ws/install/wamv_gazebo/share/wamv_gazebo/models/mb_marker_buoy_black/materials/textures/MarkerBuoy_Base_Color.png
[19.256s] -- Symlinking: /home/luca002/proj_ws/install/wamv_gazebo/share/wamv_gazebo/models/mb_marker_buoy_black/materials/textures/MarkerBuoy_Roughness.png
[19.263s] -- Symlinking: /home/luca002/proj_ws/install/wamv_gazebo/share/wamv_gazebo/models/mb_marker_buoy_black/meshes/mb_marker_buoy.dae
[19.270s] -- Symlinking: /home/luca002/proj_ws/install/wamv_gazebo/share/wamv_gazebo/models/mb_marker_buoy_black/model.config
[19.277s] -- Symlinking: /home/luca002/proj_ws/install/wamv_gazebo/share/wamv_gazebo/models/mb_marker_buoy_black/model.sdf
[19.284s] -- Symlinking: /home/luca002/proj_ws/install/wamv_gazebo/share/wamv_gazebo/models/mb_marker_buoy_black/thumbnails/1.png
[19.291s] -- Symlinking: /home/luca002/proj_ws/install/wamv_gazebo/share/wamv_gazebo/models/mb_marker_buoy_black/thumbnails/2.png
[19.299s] -- Symlinking: /home/luca002/proj_ws/install/wamv_gazebo/share/wamv_gazebo/models/mb_marker_buoy_black/thumbnails/3.png
[19.306s] -- Symlinking: /home/luca002/proj_ws/install/wamv_gazebo/share/wamv_gazebo/models/mb_marker_buoy_black/thumbnails/4.png
[19.313s] -- Symlinking: /home/luca002/proj_ws/install/wamv_gazebo/share/wamv_gazebo/models/mb_marker_buoy_black/thumbnails/5.png
[19.321s] -- Symlinking: /home/luca002/proj_ws/install/wamv_gazebo/share/wamv_gazebo/models/mb_marker_buoy_green/materials/textures/MarkerBuoy_Base_Color.png
[19.329s] -- Symlinking: /home/luca002/proj_ws/install/wamv_gazebo/share/wamv_gazebo/models/mb_marker_buoy_green/materials/textures/MarkerBuoy_Roughness.png
[19.336s] -- Symlinking: /home/luca002/proj_ws/install/wamv_gazebo/share/wamv_gazebo/models/mb_marker_buoy_green/meshes/mb_marker_buoy.dae
[19.342s] -- Symlinking: /home/luca002/proj_ws/install/wamv_gazebo/share/wamv_gazebo/models/mb_marker_buoy_green/model.config
[19.347s] -- Symlinking: /home/luca002/proj_ws/install/wamv_gazebo/share/wamv_gazebo/models/mb_marker_buoy_green/model.sdf
[19.352s] -- Symlinking: /home/luca002/proj_ws/install/wamv_gazebo/share/wamv_gazebo/models/mb_marker_buoy_green/thumbnails/1.png
[19.357s] -- Symlinking: /home/luca002/proj_ws/install/wamv_gazebo/share/wamv_gazebo/models/mb_marker_buoy_green/thumbnails/2.png
[19.362s] -- Symlinking: /home/luca002/proj_ws/install/wamv_gazebo/share/wamv_gazebo/models/mb_marker_buoy_green/thumbnails/3.png
[19.367s] -- Symlinking: /home/luca002/proj_ws/install/wamv_gazebo/share/wamv_gazebo/models/mb_marker_buoy_green/thumbnails/4.png
[19.372s] -- Symlinking: /home/luca002/proj_ws/install/wamv_gazebo/share/wamv_gazebo/models/mb_marker_buoy_green/thumbnails/5.png
[19.377s] -- Symlinking: /home/luca002/proj_ws/install/wamv_gazebo/share/wamv_gazebo/models/mb_marker_buoy_red/materials/textures/MarkerBuoy_Base_Color.png
[19.382s] -- Symlinking: /home/luca002/proj_ws/install/wamv_gazebo/share/wamv_gazebo/models/mb_marker_buoy_red/materials/textures/MarkerBuoy_Roughness.png
[19.387s] -- Symlinking: /home/luca002/proj_ws/install/wamv_gazebo/share/wamv_gazebo/models/mb_marker_buoy_red/meshes/mb_marker_buoy.dae
[19.393s] -- Symlinking: /home/luca002/proj_ws/install/wamv_gazebo/share/wamv_gazebo/models/mb_marker_buoy_red/model.config
[19.401s] -- Symlinking: /home/luca002/proj_ws/install/wamv_gazebo/share/wamv_gazebo/models/mb_marker_buoy_red/model.sdf
[19.409s] -- Symlinking: /home/luca002/proj_ws/install/wamv_gazebo/share/wamv_gazebo/models/mb_marker_buoy_red/thumbnails/1.png
[19.418s] -- Symlinking: /home/luca002/proj_ws/install/wamv_gazebo/share/wamv_gazebo/models/mb_marker_buoy_red/thumbnails/2.png
[19.426s] -- Symlinking: /home/luca002/proj_ws/install/wamv_gazebo/share/wamv_gazebo/models/mb_marker_buoy_red/thumbnails/3.png
[19.432s] -- Symlinking: /home/luca002/proj_ws/install/wamv_gazebo/share/wamv_gazebo/models/mb_marker_buoy_red/thumbnails/4.png
[19.437s] -- Symlinking: /home/luca002/proj_ws/install/wamv_gazebo/share/wamv_gazebo/models/mb_marker_buoy_red/thumbnails/5.png
[19.442s] -- Symlinking: /home/luca002/proj_ws/install/wamv_gazebo/share/wamv_gazebo/models/mb_marker_buoy_white/materials/textures/MarkerBuoy_Base_Color.png
[19.447s] -- Symlinking: /home/luca002/proj_ws/install/wamv_gazebo/share/wamv_gazebo/models/mb_marker_buoy_white/materials/textures/MarkerBuoy_Roughness.png
[19.452s] -- Symlinking: /home/luca002/proj_ws/install/wamv_gazebo/share/wamv_gazebo/models/mb_marker_buoy_white/meshes/mb_marker_buoy.dae
[19.457s] -- Symlinking: /home/luca002/proj_ws/install/wamv_gazebo/share/wamv_gazebo/models/mb_marker_buoy_white/model.config
[19.462s] -- Symlinking: /home/luca002/proj_ws/install/wamv_gazebo/share/wamv_gazebo/models/mb_marker_buoy_white/model.sdf
[19.467s] -- Symlinking: /home/luca002/proj_ws/install/wamv_gazebo/share/wamv_gazebo/models/mb_marker_buoy_white/thumbnails/1.png
[19.474s] -- Symlinking: /home/luca002/proj_ws/install/wamv_gazebo/share/wamv_gazebo/models/mb_marker_buoy_white/thumbnails/2.png
[19.479s] -- Symlinking: /home/luca002/proj_ws/install/wamv_gazebo/share/wamv_gazebo/models/mb_marker_buoy_white/thumbnails/3.png
[19.486s] -- Symlinking: /home/luca002/proj_ws/install/wamv_gazebo/share/wamv_gazebo/models/mb_marker_buoy_white/thumbnails/4.png
[19.495s] -- Symlinking: /home/luca002/proj_ws/install/wamv_gazebo/share/wamv_gazebo/models/mb_marker_buoy_white/thumbnails/5.png
[19.503s] -- Symlinking: /home/luca002/proj_ws/install/wamv_gazebo/share/wamv_gazebo/models/mb_round_buoy_black/materials/textures/RoundBarrierBuoy_Base_Color.png
[19.516s] -- Symlinking: /home/luca002/proj_ws/install/wamv_gazebo/share/wamv_gazebo/models/mb_round_buoy_black/materials/textures/RoundBarrierBuoy_Roughness.png
[19.526s] -- Symlinking: /home/luca002/proj_ws/install/wamv_gazebo/share/wamv_gazebo/models/mb_round_buoy_black/meshes/mb_round_buoy.dae
[19.533s] -- Symlinking: /home/luca002/proj_ws/install/wamv_gazebo/share/wamv_gazebo/models/mb_round_buoy_black/model.config
[19.538s] -- Symlinking: /home/luca002/proj_ws/install/wamv_gazebo/share/wamv_gazebo/models/mb_round_buoy_black/model.sdf
[19.543s] -- Symlinking: /home/luca002/proj_ws/install/wamv_gazebo/share/wamv_gazebo/models/mb_round_buoy_black/thumbnails/1.png
[19.548s] -- Symlinking: /home/luca002/proj_ws/install/wamv_gazebo/share/wamv_gazebo/models/mb_round_buoy_black/thumbnails/2.png
[19.553s] -- Symlinking: /home/luca002/proj_ws/install/wamv_gazebo/share/wamv_gazebo/models/mb_round_buoy_black/thumbnails/3.png
[19.558s] -- Symlinking: /home/luca002/proj_ws/install/wamv_gazebo/share/wamv_gazebo/models/mb_round_buoy_black/thumbnails/4.png
[19.563s] -- Symlinking: /home/luca002/proj_ws/install/wamv_gazebo/share/wamv_gazebo/models/mb_round_buoy_black/thumbnails/5.png
[19.570s] -- Symlinking: /home/luca002/proj_ws/install/wamv_gazebo/share/wamv_gazebo/models/mb_round_buoy_orange/materials/textures/RoundBarrierBuoy_Base_Color.png
[19.578s] -- Symlinking: /home/luca002/proj_ws/install/wamv_gazebo/share/wamv_gazebo/models/mb_round_buoy_orange/materials/textures/RoundBarrierBuoy_Roughness.png
[19.588s] -- Symlinking: /home/luca002/proj_ws/install/wamv_gazebo/share/wamv_gazebo/models/mb_round_buoy_orange/meshes/mb_round_buoy.dae
[19.596s] -- Symlinking: /home/luca002/proj_ws/install/wamv_gazebo/share/wamv_gazebo/models/mb_round_buoy_orange/model.config
[19.608s] -- Symlinking: /home/luca002/proj_ws/install/wamv_gazebo/share/wamv_gazebo/models/mb_round_buoy_orange/model.sdf
[19.623s] -- Symlinking: /home/luca002/proj_ws/install/wamv_gazebo/share/wamv_gazebo/models/mb_round_buoy_orange/thumbnails/1.png
[19.639s] -- Symlinking: /home/luca002/proj_ws/install/wamv_gazebo/share/wamv_gazebo/models/mb_round_buoy_orange/thumbnails/2.png
[19.648s] -- Symlinking: /home/luca002/proj_ws/install/wamv_gazebo/share/wamv_gazebo/models/mb_round_buoy_orange/thumbnails/3.png
[19.653s] -- Symlinking: /home/luca002/proj_ws/install/wamv_gazebo/share/wamv_gazebo/models/mb_round_buoy_orange/thumbnails/4.png
[19.658s] -- Symlinking: /home/luca002/proj_ws/install/wamv_gazebo/share/wamv_gazebo/models/mb_round_buoy_orange/thumbnails/5.png
[19.664s] -- Symlinking: /home/luca002/proj_ws/install/wamv_gazebo/share/wamv_gazebo/models/mono_camera/mesh/mono_camera.dae
[19.673s] -- Symlinking: /home/luca002/proj_ws/install/wamv_gazebo/share/wamv_gazebo/models/mono_camera/mesh/mono_camera.png
[19.685s] -- Symlinking: /home/luca002/proj_ws/install/wamv_gazebo/share/wamv_gazebo/models/mono_camera/mesh/mono_camera_Albedo.png
[19.692s] -- Symlinking: /home/luca002/proj_ws/install/wamv_gazebo/share/wamv_gazebo/models/mono_camera/mesh/mono_camera_Metalness.png
[19.701s] -- Symlinking: /home/luca002/proj_ws/install/wamv_gazebo/share/wamv_gazebo/models/mono_camera/mesh/mono_camera_Normal.png
[19.706s] -- Symlinking: /home/luca002/proj_ws/install/wamv_gazebo/share/wamv_gazebo/models/mono_camera/mesh/mono_camera_Roughness.png
[19.711s] -- Symlinking: /home/luca002/proj_ws/install/wamv_gazebo/share/wamv_gazebo/models/mono_camera/model.config
[19.716s] -- Symlinking: /home/luca002/proj_ws/install/wamv_gazebo/share/wamv_gazebo/models/mono_camera/model.sdf
[19.724s] -- Symlinking: /home/luca002/proj_ws/install/wamv_gazebo/share/wamv_gazebo/models/placard_2022/materials/textures/Placard.png
[19.731s] -- Symlinking: /home/luca002/proj_ws/install/wamv_gazebo/share/wamv_gazebo/models/placard_2022/meshes/placard_2022.dae
[19.741s] -- Symlinking: /home/luca002/proj_ws/install/wamv_gazebo/share/wamv_gazebo/models/placard_2022/model.config
[19.754s] -- Symlinking: /home/luca002/proj_ws/install/wamv_gazebo/share/wamv_gazebo/models/placard_2022/model.sdf
[19.763s] -- Symlinking: /home/luca002/proj_ws/install/wamv_gazebo/share/wamv_gazebo/models/platform/model.config
[19.775s] -- Symlinking: /home/luca002/proj_ws/install/wamv_gazebo/share/wamv_gazebo/models/platform/model.sdf
[19.788s] -- Symlinking: /home/luca002/proj_ws/install/wamv_gazebo/share/wamv_gazebo/models/propeller/mesh/propeller.dae
[19.800s] -- Symlinking: /home/luca002/proj_ws/install/wamv_gazebo/share/wamv_gazebo/models/propeller/model.config
[19.814s] -- Symlinking: /home/luca002/proj_ws/install/wamv_gazebo/share/wamv_gazebo/models/roboboat01/materials/scripts/model.material
[19.828s] -- Symlinking: /home/luca002/proj_ws/install/wamv_gazebo/share/wamv_gazebo/models/roboboat01/materials/textures/Boat01_Albedo.png
[19.841s] -- Symlinking: /home/luca002/proj_ws/install/wamv_gazebo/share/wamv_gazebo/models/roboboat01/materials/textures/Boat01_Metallic.png
[19.851s] -- Symlinking: /home/luca002/proj_ws/install/wamv_gazebo/share/wamv_gazebo/models/roboboat01/materials/textures/Boat01_Normal.png
[19.860s] -- Symlinking: /home/luca002/proj_ws/install/wamv_gazebo/share/wamv_gazebo/models/roboboat01/materials/textures/Boat01_Roughness.png
[19.870s] -- Symlinking: /home/luca002/proj_ws/install/wamv_gazebo/share/wamv_gazebo/models/roboboat01/materials/textures/Thruster_Albedo.png
[19.883s] -- Symlinking: /home/luca002/proj_ws/install/wamv_gazebo/share/wamv_gazebo/models/roboboat01/materials/textures/Thruster_Roughness.png
[19.897s] -- Symlinking: /home/luca002/proj_ws/install/wamv_gazebo/share/wamv_gazebo/models/roboboat01/meshes/housing.dae
[19.911s] -- Symlinking: /home/luca002/proj_ws/install/wamv_gazebo/share/wamv_gazebo/models/roboboat01/meshes/mount.dae
[19.926s] -- Symlinking: /home/luca002/proj_ws/install/wamv_gazebo/share/wamv_gazebo/models/roboboat01/meshes/prop.dae
[19.937s] -- Symlinking: /home/luca002/proj_ws/install/wamv_gazebo/share/wamv_gazebo/models/roboboat01/meshes/roboboat01.dae
[19.944s] -- Symlinking: /home/luca002/proj_ws/install/wamv_gazebo/share/wamv_gazebo/models/roboboat01/model.config
[19.950s] -- Symlinking: /home/luca002/proj_ws/install/wamv_gazebo/share/wamv_gazebo/models/roboboat01/model.sdf
[19.958s] -- Symlinking: /home/luca002/proj_ws/install/wamv_gazebo/share/wamv_gazebo/models/roboboat02/materials/scripts/model.material
[19.963s] -- Symlinking: /home/luca002/proj_ws/install/wamv_gazebo/share/wamv_gazebo/models/roboboat02/materials/textures/Boat02_Albedo.png
[19.968s] -- Symlinking: /home/luca002/proj_ws/install/wamv_gazebo/share/wamv_gazebo/models/roboboat02/materials/textures/Boat02_Metallic.png
[19.972s] -- Symlinking: /home/luca002/proj_ws/install/wamv_gazebo/share/wamv_gazebo/models/roboboat02/materials/textures/Boat02_Normal.png
[19.977s] -- Symlinking: /home/luca002/proj_ws/install/wamv_gazebo/share/wamv_gazebo/models/roboboat02/materials/textures/Boat02_Roughness.png
[19.982s] -- Symlinking: /home/luca002/proj_ws/install/wamv_gazebo/share/wamv_gazebo/models/roboboat02/meshes/roboboat02.dae
[19.987s] -- Symlinking: /home/luca002/proj_ws/install/wamv_gazebo/share/wamv_gazebo/models/roboboat02/model.config
[19.994s] -- Symlinking: /home/luca002/proj_ws/install/wamv_gazebo/share/wamv_gazebo/models/roboboat02/model.sdf
[19.999s] -- Symlinking: /home/luca002/proj_ws/install/wamv_gazebo/share/wamv_gazebo/models/roboboat_cpubox/materials/textures/DryBox_Albedo.png
[20.008s] -- Symlinking: /home/luca002/proj_ws/install/wamv_gazebo/share/wamv_gazebo/models/roboboat_cpubox/materials/textures/DryBox_Roughness.png
[20.021s] -- Symlinking: /home/luca002/proj_ws/install/wamv_gazebo/share/wamv_gazebo/models/roboboat_cpubox/meshes/drybox.dae
[20.032s] -- Symlinking: /home/luca002/proj_ws/install/wamv_gazebo/share/wamv_gazebo/models/roboboat_cpubox/model.config
[20.037s] -- Symlinking: /home/luca002/proj_ws/install/wamv_gazebo/share/wamv_gazebo/models/roboboat_cpubox/model.sdf
[20.042s] -- Symlinking: /home/luca002/proj_ws/install/wamv_gazebo/share/wamv_gazebo/models/sensor_post/mesh/sensor_post.dae
[20.047s] -- Symlinking: /home/luca002/proj_ws/install/wamv_gazebo/share/wamv_gazebo/models/sensor_post/mesh/sensor_post.png
[20.052s] -- Symlinking: /home/luca002/proj_ws/install/wamv_gazebo/share/wamv_gazebo/models/sensor_post/mesh/sensor_post_arm.dae
[20.057s] -- Symlinking: /home/luca002/proj_ws/install/wamv_gazebo/share/wamv_gazebo/models/sensor_post/model.config
[20.062s] -- Symlinking: /home/luca002/proj_ws/install/wamv_gazebo/share/wamv_gazebo/models/sensor_post/model.sdf
[20.067s] -- Symlinking: /home/luca002/proj_ws/install/wamv_gazebo/share/wamv_gazebo/models/symbol_triangle/mesh/triangle.dae
[20.072s] -- Symlinking: /home/luca002/proj_ws/install/wamv_gazebo/share/wamv_gazebo/models/symbol_triangle/model.config
[20.077s] -- Symlinking: /home/luca002/proj_ws/install/wamv_gazebo/share/wamv_gazebo/models/symbol_triangle/model.sdf
[20.082s] -- Symlinking: /home/luca002/proj_ws/install/wamv_gazebo/share/wamv_gazebo/models/tripod/model.config
[20.087s] -- Symlinking: /home/luca002/proj_ws/install/wamv_gazebo/share/wamv_gazebo/models/tripod/model.sdf
[20.092s] -- Symlinking: /home/luca002/proj_ws/install/wamv_gazebo/share/wamv_gazebo/models/vessel/materials/textures/Boat01_Albedo.jpg
[20.097s] -- Symlinking: /home/luca002/proj_ws/install/wamv_gazebo/share/wamv_gazebo/models/vessel/materials/textures/Boat01_Normal.jpg
[20.106s] -- Symlinking: /home/luca002/proj_ws/install/wamv_gazebo/share/wamv_gazebo/models/vessel/materials/textures/Boat01_Roughness.jpg
[20.116s] -- Symlinking: /home/luca002/proj_ws/install/wamv_gazebo/share/wamv_gazebo/models/vessel/meshes/Boat01.dae
[20.131s] -- Symlinking: /home/luca002/proj_ws/install/wamv_gazebo/share/wamv_gazebo/models/vessel/model.config
[20.141s] -- Symlinking: /home/luca002/proj_ws/install/wamv_gazebo/share/wamv_gazebo/models/vessel/model.sdf
[20.151s] -- Symlinking: /home/luca002/proj_ws/install/wamv_gazebo/share/wamv_gazebo/models/vessel/thumbnails/1.png
[20.160s] -- Symlinking: /home/luca002/proj_ws/install/wamv_gazebo/share/wamv_gazebo/models/wam-v/meshes/WAM-V-Base.dae
[20.166s] -- Symlinking: /home/luca002/proj_ws/install/wamv_gazebo/share/wamv_gazebo/models/wam-v/meshes/WamV.png
[20.172s] -- Symlinking: /home/luca002/proj_ws/install/wamv_gazebo/share/wamv_gazebo/models/wam-v/meshes/battery.dae
[20.177s] -- Symlinking: /home/luca002/proj_ws/install/wamv_gazebo/share/wamv_gazebo/models/wam-v/meshes/battery.png
[20.182s] -- Symlinking: /home/luca002/proj_ws/install/wamv_gazebo/share/wamv_gazebo/models/wam-v/meshes/battery_Albedo.png
[20.187s] -- Symlinking: /home/luca002/proj_ws/install/wamv_gazebo/share/wamv_gazebo/models/wam-v/meshes/battery_Metalness.png
[20.192s] -- Symlinking: /home/luca002/proj_ws/install/wamv_gazebo/share/wamv_gazebo/models/wam-v/meshes/battery_Normal.png
[20.201s] -- Symlinking: /home/luca002/proj_ws/install/wamv_gazebo/share/wamv_gazebo/models/wam-v/meshes/battery_Roughness.png
[20.214s] -- Symlinking: /home/luca002/proj_ws/install/wamv_gazebo/share/wamv_gazebo/models/wam-v/meshes/cpu_cases.dae
[20.224s] -- Symlinking: /home/luca002/proj_ws/install/wamv_gazebo/share/wamv_gazebo/models/wam-v/meshes/cpu_cases.png
[20.232s] -- Symlinking: /home/luca002/proj_ws/install/wamv_gazebo/share/wamv_gazebo/models/wam-v/meshes/cpu_cases_Albedo.png
[20.238s] -- Symlinking: /home/luca002/proj_ws/install/wamv_gazebo/share/wamv_gazebo/models/wam-v/meshes/cpu_cases_Metalness.png
[20.243s] -- Symlinking: /home/luca002/proj_ws/install/wamv_gazebo/share/wamv_gazebo/models/wam-v/meshes/cpu_cases_Normal.png
[20.248s] -- Symlinking: /home/luca002/proj_ws/install/wamv_gazebo/share/wamv_gazebo/models/wam-v/meshes/cpu_cases_Roughness.png
[20.253s] -- Symlinking: /home/luca002/proj_ws/install/wamv_gazebo/share/wamv_gazebo/models/wam-v/meshes/engine.dae
[20.258s] -- Symlinking: /home/luca002/proj_ws/install/wamv_gazebo/share/wamv_gazebo/models/wam-v/meshes/legs.dae
[20.263s] -- Symlinking: /home/luca002/proj_ws/install/wamv_gazebo/share/wamv_gazebo/models/wam-v/meshes/lidar_3d_v1 copy.png
[20.268s] -- Symlinking: /home/luca002/proj_ws/install/wamv_gazebo/share/wamv_gazebo/models/wam-v/meshes/lidar_3d_v1.dae
[20.273s] -- Symlinking: /home/luca002/proj_ws/install/wamv_gazebo/share/wamv_gazebo/models/wam-v/meshes/lidar_3d_v1.png
[20.278s] -- Symlinking: /home/luca002/proj_ws/install/wamv_gazebo/share/wamv_gazebo/models/wam-v/meshes/propeller.dae
[20.283s] -- Symlinking: /home/luca002/proj_ws/install/wamv_gazebo/share/wamv_gazebo/models/wam-v/meshes/ring.dae
[20.288s] -- Symlinking: /home/luca002/proj_ws/install/wamv_gazebo/share/wamv_gazebo/models/wam-v/model.config
[20.293s] -- Symlinking: /home/luca002/proj_ws/install/wamv_gazebo/share/wamv_gazebo/models/wam-v/model.sdf
[20.298s] -- Symlinking: /home/luca002/proj_ws/install/wamv_gazebo/share/wamv_gazebo/worlds/sydney.sdf
[20.303s] -- Symlinking: /home/luca002/proj_ws/install/wamv_gazebo/share/ament_index/resource_index/package_run_dependencies/wamv_gazebo
[20.308s] -- Symlinking: /home/luca002/proj_ws/install/wamv_gazebo/share/ament_index/resource_index/parent_prefix_path/wamv_gazebo
[20.313s] -- Symlinking: /home/luca002/proj_ws/install/wamv_gazebo/share/wamv_gazebo/environment/ament_prefix_path.sh
[20.319s] -- Symlinking: /home/luca002/proj_ws/install/wamv_gazebo/share/wamv_gazebo/environment/ament_prefix_path.dsv
[20.327s] -- Symlinking: /home/luca002/proj_ws/install/wamv_gazebo/share/wamv_gazebo/environment/path.sh
[20.333s] -- Symlinking: /home/luca002/proj_ws/install/wamv_gazebo/share/wamv_gazebo/environment/path.dsv
[20.338s] -- Symlinking: /home/luca002/proj_ws/install/wamv_gazebo/share/wamv_gazebo/local_setup.bash
[20.344s] -- Symlinking: /home/luca002/proj_ws/install/wamv_gazebo/share/wamv_gazebo/local_setup.sh
[20.349s] -- Symlinking: /home/luca002/proj_ws/install/wamv_gazebo/share/wamv_gazebo/local_setup.zsh
[20.354s] -- Symlinking: /home/luca002/proj_ws/install/wamv_gazebo/share/wamv_gazebo/local_setup.dsv
[20.359s] -- Symlinking: /home/luca002/proj_ws/install/wamv_gazebo/share/wamv_gazebo/package.dsv
[20.366s] -- Symlinking: /home/luca002/proj_ws/install/wamv_gazebo/share/ament_index/resource_index/packages/wamv_gazebo
[20.374s] -- Symlinking: /home/luca002/proj_ws/install/wamv_gazebo/share/wamv_gazebo/cmake/wamv_gazeboConfig.cmake
[20.379s] -- Symlinking: /home/luca002/proj_ws/install/wamv_gazebo/share/wamv_gazebo/cmake/wamv_gazeboConfig-version.cmake
[20.387s] -- Symlinking: /home/luca002/proj_ws/install/wamv_gazebo/share/wamv_gazebo/package.xml
[20.424s] Listing '/home/luca002/proj_ws/install/wamv_gazebo/lib/python3.12/site-packages/wamv_gazebo'...
[20.424s] Compiling '/home/luca002/proj_ws/install/wamv_gazebo/lib/python3.12/site-packages/wamv_gazebo/__init__.py'...
[20.424s] Compiling '/home/luca002/proj_ws/install/wamv_gazebo/lib/python3.12/site-packages/wamv_gazebo/bridge.py'...
[20.424s] Compiling '/home/luca002/proj_ws/install/wamv_gazebo/lib/python3.12/site-packages/wamv_gazebo/bridges.py'...
[20.424s] Compiling '/home/luca002/proj_ws/install/wamv_gazebo/lib/python3.12/site-packages/wamv_gazebo/launch.py'...
[20.424s] Compiling '/home/luca002/proj_ws/install/wamv_gazebo/lib/python3.12/site-packages/wamv_gazebo/model.py'...
[20.424s] Compiling '/home/luca002/proj_ws/install/wamv_gazebo/lib/python3.12/site-packages/wamv_gazebo/monitor_sim.py'...
[20.424s] Compiling '/home/luca002/proj_ws/install/wamv_gazebo/lib/python3.12/site-packages/wamv_gazebo/payload_bridges.py'...
[20.430s] Invoked command in '/home/luca002/proj_ws/build/wamv_gazebo' returned '0': CMAKE_PREFIX_PATH=${CMAKE_PREFIX_PATH}:/opt/ros/jazzy DEBUGINFOD_URLS=https://debuginfod.ubuntu.com /usr/bin/cmake --install /home/luca002/proj_ws/build/wamv_gazebo
