[0.188s] Invoking command in '/home/gelatocotonato/LabMec2025/build/wamv_navigation': CMAKE_PREFIX_PATH=${CMAKE_PREFIX_PATH}:/home/gelatocotonato/LabMec2025/install/python_node:/opt/ros/jazzy DEBUGINFOD_URLS=https://debuginfod.ubuntu.com /usr/bin/cmake /home/gelatocotonato/LabMec2025/src/wamv_navigation -DAMENT_CMAKE_SYMLINK_INSTALL=1 -DCMAKE_INSTALL_PREFIX=/home/gelatocotonato/LabMec2025/install/wamv_navigation
[0.313s] -- The C compiler identification is GNU 13.3.0
[0.417s] -- The CXX compiler identification is GNU 13.3.0
[0.435s] -- Detecting C compiler ABI info
[0.521s] -- Detecting C compiler ABI info - done
[0.528s] -- Check for working C compiler: /usr/bin/cc - skipped
[0.529s] -- Detecting C compile features
[0.529s] -- Detecting C compile features - done
[0.538s] -- Detecting CXX compiler ABI info
[0.624s] -- Detecting CXX compiler ABI info - done
[0.632s] -- Check for working CXX compiler: /usr/bin/c++ - skipped
[0.633s] -- Detecting CXX compile features
[0.633s] -- Detecting CXX compile features - done
[0.644s] -- Found ament_cmake: 2.5.4 (/opt/ros/jazzy/share/ament_cmake/cmake)
[0.780s] -- Found Python3: /usr/bin/python3 (found version "3.12.3") found components: Interpreter 
[0.854s] -- Override CMake install command with custom implementation using symlinks instead of copying resources
[0.923s] -- Found nav2_common: 1.3.6 (/opt/ros/jazzy/share/nav2_common/cmake)
[0.929s] -- Found ros_gz_bridge: 1.0.12 (/opt/ros/jazzy/share/ros_gz_bridge/cmake)
[1.000s] -- Found rosidl_generator_c: 4.6.5 (/opt/ros/jazzy/share/rosidl_generator_c/cmake)
[1.019s] -- Found rosidl_generator_cpp: 4.6.5 (/opt/ros/jazzy/share/rosidl_generator_cpp/cmake)
[1.041s] -- Using all available rosidl_typesupport_c: rosidl_typesupport_fastrtps_c;rosidl_typesupport_introspection_c
[1.066s] -- Using all available rosidl_typesupport_cpp: rosidl_typesupport_fastrtps_cpp;rosidl_typesupport_introspection_cpp
[1.166s] -- Found rmw_implementation_cmake: 7.3.2 (/opt/ros/jazzy/share/rmw_implementation_cmake/cmake)
[1.171s] -- Found rmw_fastrtps_cpp: 8.4.2 (/opt/ros/jazzy/share/rmw_fastrtps_cpp/cmake)
[1.270s] -- Found OpenSSL: /usr/lib/x86_64-linux-gnu/libcrypto.so (found version "3.0.13")  
[1.291s] -- Found FastRTPS: /opt/ros/jazzy/include (Required is at least version "2.13") 
[1.316s] -- Using RMW implementation 'rmw_fastrtps_cpp' as default
[1.479s] -- Looking for gz-msgs10 -- found version 10.3.2
[1.486s] -- Searching for dependencies of gz-msgs10
[1.599s] -- Found Protobuf: /usr/lib/x86_64-linux-gnu/libprotobuf.so (found version "3.21.12") 
[1.602s] -- Looking for gz-utils2 -- found version 2.2.1
[1.602s] -- Searching for dependencies of gz-utils2
[1.604s] -- Looking for gz-math7 -- found version 7.5.2
[1.604s] -- Searching for dependencies of gz-math7
[1.605s] -- Looking for gz-utils2 -- found version 2.2.1
[1.609s] -- Checking for module 'tinyxml2'
[1.625s] --   Found tinyxml2, version 10.0.0
[1.658s] -- Looking for gz-transport13 -- found version 13.4.1
[1.658s] -- Searching for dependencies of gz-transport13
[1.684s] -- Config-file not installed for ZeroMQ -- checking for pkg-config
[1.688s] -- Checking for module 'libzmq >= 4'
[1.705s] --   Found libzmq, version 4.3.5
[1.737s] -- Found ZeroMQ: TRUE (Required is at least version "4") 
[1.743s] -- Checking for module 'uuid'
[1.754s] --   Found uuid, version 2.39.3
[1.785s] -- Found UUID: TRUE  
[1.785s] -- Looking for gz-utils2 -- found version 2.2.1
[1.785s] -- Searching for dependencies of gz-utils2
[1.785s] -- Searching for <gz-utils2> component [cli]
[1.787s] -- Looking for gz-utils2-cli -- found version 2.2.1
[1.788s] -- Searching for dependencies of gz-utils2-cli
[1.790s] -- Looking for gz-msgs10 -- found version 10.3.2
[2.121s] -- Found ros_gz_image: 1.0.12 (/opt/ros/jazzy/share/ros_gz_image/cmake)
[2.125s] -- Found ros_gz_sim: 1.0.12 (/opt/ros/jazzy/share/ros_gz_sim/cmake)
[2.173s] -- Found robot_state_publisher: 3.3.3 (/opt/ros/jazzy/share/robot_state_publisher/cmake)
[2.227s] -- Found xacro: 2.0.13 (/opt/ros/jazzy/share/xacro/cmake)
[2.306s] -- Configuring done (2.1s)
[2.311s] -- Generating done (0.0s)
[2.313s] -- Build files have been written to: /home/gelatocotonato/LabMec2025/build/wamv_navigation
[2.324s] Invoked command in '/home/gelatocotonato/LabMec2025/build/wamv_navigation' returned '0': CMAKE_PREFIX_PATH=${CMAKE_PREFIX_PATH}:/home/gelatocotonato/LabMec2025/install/python_node:/opt/ros/jazzy DEBUGINFOD_URLS=https://debuginfod.ubuntu.com /usr/bin/cmake /home/gelatocotonato/LabMec2025/src/wamv_navigation -DAMENT_CMAKE_SYMLINK_INSTALL=1 -DCMAKE_INSTALL_PREFIX=/home/gelatocotonato/LabMec2025/install/wamv_navigation
[2.325s] Invoking command in '/home/gelatocotonato/LabMec2025/build/wamv_navigation': CMAKE_PREFIX_PATH=${CMAKE_PREFIX_PATH}:/home/gelatocotonato/LabMec2025/install/python_node:/opt/ros/jazzy DEBUGINFOD_URLS=https://debuginfod.ubuntu.com /usr/bin/cmake --build /home/gelatocotonato/LabMec2025/build/wamv_navigation -- -j8 -l8
[2.364s] Invoked command in '/home/gelatocotonato/LabMec2025/build/wamv_navigation' returned '0': CMAKE_PREFIX_PATH=${CMAKE_PREFIX_PATH}:/home/gelatocotonato/LabMec2025/install/python_node:/opt/ros/jazzy DEBUGINFOD_URLS=https://debuginfod.ubuntu.com /usr/bin/cmake --build /home/gelatocotonato/LabMec2025/build/wamv_navigation -- -j8 -l8
[2.373s] Invoking command in '/home/gelatocotonato/LabMec2025/build/wamv_navigation': CMAKE_PREFIX_PATH=${CMAKE_PREFIX_PATH}:/home/gelatocotonato/LabMec2025/install/python_node:/opt/ros/jazzy DEBUGINFOD_URLS=https://debuginfod.ubuntu.com /usr/bin/cmake --install /home/gelatocotonato/LabMec2025/build/wamv_navigation
[2.379s] -- Install configuration: ""
[2.379s] -- Execute custom install script
[2.379s] -- Symlinking: /home/gelatocotonato/LabMec2025/install/wamv_navigation/share/wamv_navigation/config/wamv_mapping.lua
[2.387s] -- Symlinking: /home/gelatocotonato/LabMec2025/install/wamv_navigation/share/wamv_navigation/launch/__init__.py
[2.396s] -- Symlinking: /home/gelatocotonato/LabMec2025/install/wamv_navigation/share/wamv_navigation/launch/cartographer.launch.py
[2.405s] -- Symlinking: /home/gelatocotonato/LabMec2025/install/wamv_navigation/share/wamv_navigation/launch/occupancy_grid.launch.py
[2.413s] -- Symlinking: /home/gelatocotonato/LabMec2025/install/wamv_navigation/share/wamv_navigation/launch/wamv_localization.py
[2.420s] -- Symlinking: /home/gelatocotonato/LabMec2025/install/wamv_navigation/share/wamv_navigation/launch/wamv_simulation.py
[2.428s] -- Symlinking: /home/gelatocotonato/LabMec2025/install/wamv_navigation/share/wamv_navigation/maps/sydney_map.pgm
[2.435s] -- Symlinking: /home/gelatocotonato/LabMec2025/install/wamv_navigation/share/wamv_navigation/maps/sydney_map.yaml
[2.442s] -- Symlinking: /home/gelatocotonato/LabMec2025/install/wamv_navigation/share/wamv_navigation/params/wamv_nav2_params.yaml
[2.450s] -- Symlinking: /home/gelatocotonato/LabMec2025/install/wamv_navigation/share/wamv_navigation/rviz/wamv_cartographer.rviz
[2.457s] -- Symlinking: /home/gelatocotonato/LabMec2025/install/wamv_navigation/share/wamv_navigation/rviz/wamv_navigation.rviz
[2.465s] -- Symlinking: /home/gelatocotonato/LabMec2025/install/wamv_navigation/share/ament_index/resource_index/package_run_dependencies/wamv_navigation
[2.472s] -- Symlinking: /home/gelatocotonato/LabMec2025/install/wamv_navigation/share/ament_index/resource_index/parent_prefix_path/wamv_navigation
[2.479s] -- Symlinking: /home/gelatocotonato/LabMec2025/install/wamv_navigation/share/wamv_navigation/environment/ament_prefix_path.sh
[2.486s] -- Symlinking: /home/gelatocotonato/LabMec2025/install/wamv_navigation/share/wamv_navigation/environment/ament_prefix_path.dsv
[2.496s] -- Symlinking: /home/gelatocotonato/LabMec2025/install/wamv_navigation/share/wamv_navigation/environment/path.sh
[2.506s] -- Symlinking: /home/gelatocotonato/LabMec2025/install/wamv_navigation/share/wamv_navigation/environment/path.dsv
[2.514s] -- Symlinking: /home/gelatocotonato/LabMec2025/install/wamv_navigation/share/wamv_navigation/local_setup.bash
[2.520s] -- Symlinking: /home/gelatocotonato/LabMec2025/install/wamv_navigation/share/wamv_navigation/local_setup.sh
[2.528s] -- Symlinking: /home/gelatocotonato/LabMec2025/install/wamv_navigation/share/wamv_navigation/local_setup.zsh
[2.535s] -- Symlinking: /home/gelatocotonato/LabMec2025/install/wamv_navigation/share/wamv_navigation/local_setup.dsv
[2.542s] -- Symlinking: /home/gelatocotonato/LabMec2025/install/wamv_navigation/share/wamv_navigation/package.dsv
[2.549s] -- Symlinking: /home/gelatocotonato/LabMec2025/install/wamv_navigation/share/ament_index/resource_index/packages/wamv_navigation
[2.556s] -- Symlinking: /home/gelatocotonato/LabMec2025/install/wamv_navigation/share/wamv_navigation/cmake/wamv_navigationConfig.cmake
[2.563s] -- Symlinking: /home/gelatocotonato/LabMec2025/install/wamv_navigation/share/wamv_navigation/cmake/wamv_navigationConfig-version.cmake
[2.570s] -- Symlinking: /home/gelatocotonato/LabMec2025/install/wamv_navigation/share/wamv_navigation/package.xml
[2.577s] -- Installing: /home/gelatocotonato/LabMec2025/install/wamv_navigation/lib/wamv_navigation
[2.577s] -- Installing: /home/gelatocotonato/LabMec2025/install/wamv_navigation/lib/wamv_navigation/config
[2.577s] -- Installing: /home/gelatocotonato/LabMec2025/install/wamv_navigation/lib/wamv_navigation/maps
[2.578s] -- Installing: /home/gelatocotonato/LabMec2025/install/wamv_navigation/lib/wamv_navigation/params
[2.578s] -- Installing: /home/gelatocotonato/LabMec2025/install/wamv_navigation/lib/wamv_navigation/hooks
[2.578s] -- Installing: /home/gelatocotonato/LabMec2025/install/wamv_navigation/lib/wamv_navigation/launch
[2.578s] -- Installing: /home/gelatocotonato/LabMec2025/install/wamv_navigation/lib/wamv_navigation/launch/cartographer.launch.py
[2.578s] -- Installing: /home/gelatocotonato/LabMec2025/install/wamv_navigation/lib/wamv_navigation/launch/__init__.py
[2.578s] -- Installing: /home/gelatocotonato/LabMec2025/install/wamv_navigation/lib/wamv_navigation/launch/occupancy_grid.launch.py
[2.578s] -- Installing: /home/gelatocotonato/LabMec2025/install/wamv_navigation/lib/wamv_navigation/launch/wamv_localization.py
[2.578s] -- Installing: /home/gelatocotonato/LabMec2025/install/wamv_navigation/lib/wamv_navigation/launch/wamv_simulation.py
[2.578s] -- Installing: /home/gelatocotonato/LabMec2025/install/wamv_navigation/lib/wamv_navigation/rviz
[2.580s] Invoked command in '/home/gelatocotonato/LabMec2025/build/wamv_navigation' returned '0': CMAKE_PREFIX_PATH=${CMAKE_PREFIX_PATH}:/home/gelatocotonato/LabMec2025/install/python_node:/opt/ros/jazzy DEBUGINFOD_URLS=https://debuginfod.ubuntu.com /usr/bin/cmake --install /home/gelatocotonato/LabMec2025/build/wamv_navigation
