[0.666s] Invoking command in '/home/luca002/proj_ws/build/python_node': DEBUGINFOD_URLS=https://debuginfod.ubuntu.com PYTHONPATH=/home/luca002/proj_ws/build/python_node/prefix_override:/usr/lib/python3/dist-packages/colcon_core/task/python/colcon_distutils_commands:/home/luca002/proj_ws/install/python_node/lib/python3.12/site-packages:${PYTHONPATH} /usr/bin/python3 -W ignore:setup.py install is deprecated -W ignore:easy_install command is deprecated setup.py develop --editable --build-directory /home/luca002/proj_ws/build/python_node/build --no-deps symlink_data
[0.898s] running develop
[1.048s] running egg_info
[1.062s] writing python_node.egg-info/PKG-INFO
[1.063s] writing dependency_links to python_node.egg-info/dependency_links.txt
[1.063s] writing entry points to python_node.egg-info/entry_points.txt
[1.063s] writing requirements to python_node.egg-info/requires.txt
[1.063s] writing top-level names to python_node.egg-info/top_level.txt
[1.091s] reading manifest file 'python_node.egg-info/SOURCES.txt'
[1.092s] writing manifest file 'python_node.egg-info/SOURCES.txt'
[1.133s] running build_ext
[1.133s] Creating /home/luca002/proj_ws/install/python_node/lib/python3.12/site-packages/python-node.egg-link (link to .)
[1.133s] Installing gui_teleop script to /home/luca002/proj_ws/install/python_node/lib/python_node
[1.134s] Installing keyboard_teleop script to /home/luca002/proj_ws/install/python_node/lib/python_node
[1.134s] Installing odom2tf script to /home/luca002/proj_ws/install/python_node/lib/python_node
[1.134s] Installing wamv_controller script to /home/luca002/proj_ws/install/python_node/lib/python_node
[1.134s] 
[1.134s] Installed /home/luca002/proj_ws/build/python_node
[1.134s] running symlink_data
[1.156s] Invoked command in '/home/luca002/proj_ws/build/python_node' returned '0': DEBUGINFOD_URLS=https://debuginfod.ubuntu.com PYTHONPATH=/home/luca002/proj_ws/build/python_node/prefix_override:/usr/lib/python3/dist-packages/colcon_core/task/python/colcon_distutils_commands:/home/luca002/proj_ws/install/python_node/lib/python3.12/site-packages:${PYTHONPATH} /usr/bin/python3 -W ignore:setup.py install is deprecated -W ignore:easy_install command is deprecated setup.py develop --editable --build-directory /home/luca002/proj_ws/build/python_node/build --no-deps symlink_data
