[0.012s] Invoking command in '/home/luca002/proj_ws/build/bluerov2_control': CMAKE_PREFIX_PATH=${CMAKE_PREFIX_PATH}:/opt/ros/jazzy DEBUGINFOD_URLS=https://debuginfod.ubuntu.com /usr/bin/cmake --build /home/luca002/proj_ws/build/bluerov2_control -- -j16 -l16
[0.043s] Invoked command in '/home/luca002/proj_ws/build/bluerov2_control' returned '0': CMAKE_PREFIX_PATH=${CMAKE_PREFIX_PATH}:/opt/ros/jazzy DEBUGINFOD_URLS=https://debuginfod.ubuntu.com /usr/bin/cmake --build /home/luca002/proj_ws/build/bluerov2_control -- -j16 -l16
[0.049s] Invoking command in '/home/luca002/proj_ws/build/bluerov2_control': CMAKE_PREFIX_PATH=${CMAKE_PREFIX_PATH}:/opt/ros/jazzy DEBUGINFOD_URLS=https://debuginfod.ubuntu.com /usr/bin/cmake --install /home/luca002/proj_ws/build/bluerov2_control
[0.054s] -- Install configuration: ""
[0.054s] -- Execute custom install script
[0.054s] -- Up-to-date symlink: /home/luca002/proj_ws/install/bluerov2_control/share/bluerov2_control/launch/cascaded_pids_launch.py
[0.055s] -- Up-to-date symlink: /home/luca002/proj_ws/install/bluerov2_control/share/bluerov2_control/launch/rviz_launch.py
[0.055s] -- Up-to-date symlink: /home/luca002/proj_ws/install/bluerov2_control/share/bluerov2_control/launch/sliding_mode_launch.py
[0.055s] -- Up-to-date symlink: /home/luca002/proj_ws/install/bluerov2_control/share/bluerov2_control/launch/wrench_launch.py
[0.055s] -- Up-to-date symlink: /home/luca002/proj_ws/install/bluerov2_control/share/bluerov2_control/config/anchors.yaml
[0.055s] -- Up-to-date symlink: /home/luca002/proj_ws/install/bluerov2_control/share/bluerov2_control/config/bluerov2.rviz
[0.055s] -- Up-to-date symlink: /home/luca002/proj_ws/install/bluerov2_control/share/bluerov2_control/config/cascaded_pid.yaml
[0.055s] -- Up-to-date symlink: /home/luca002/proj_ws/install/bluerov2_control/share/bluerov2_control/config/manual.yaml
[0.055s] -- Up-to-date symlink: /home/luca002/proj_ws/install/bluerov2_control/share/bluerov2_control/config/sliding_mode.yaml
[0.055s] -- Up-to-date symlink: /home/luca002/proj_ws/install/bluerov2_control/share/bluerov2_control/config/thruster_manager.yaml
[0.055s] -- Up-to-date symlink: /home/luca002/proj_ws/install/bluerov2_control/share/bluerov2_control/config/tilt.yaml
[0.055s] -- Up-to-date symlink: /home/luca002/proj_ws/install/bluerov2_control/share/ament_index/resource_index/package_run_dependencies/bluerov2_control
[0.055s] -- Up-to-date symlink: /home/luca002/proj_ws/install/bluerov2_control/share/ament_index/resource_index/parent_prefix_path/bluerov2_control
[0.055s] -- Up-to-date symlink: /home/luca002/proj_ws/install/bluerov2_control/share/bluerov2_control/environment/ament_prefix_path.sh
[0.056s] -- Up-to-date symlink: /home/luca002/proj_ws/install/bluerov2_control/share/bluerov2_control/environment/ament_prefix_path.dsv
[0.056s] -- Up-to-date symlink: /home/luca002/proj_ws/install/bluerov2_control/share/bluerov2_control/environment/path.sh
[0.056s] -- Up-to-date symlink: /home/luca002/proj_ws/install/bluerov2_control/share/bluerov2_control/environment/path.dsv
[0.056s] -- Up-to-date symlink: /home/luca002/proj_ws/install/bluerov2_control/share/bluerov2_control/local_setup.bash
[0.056s] -- Up-to-date symlink: /home/luca002/proj_ws/install/bluerov2_control/share/bluerov2_control/local_setup.sh
[0.056s] -- Up-to-date symlink: /home/luca002/proj_ws/install/bluerov2_control/share/bluerov2_control/local_setup.zsh
[0.056s] -- Up-to-date symlink: /home/luca002/proj_ws/install/bluerov2_control/share/bluerov2_control/local_setup.dsv
[0.056s] -- Symlinking: /home/luca002/proj_ws/install/bluerov2_control/share/bluerov2_control/package.dsv
[0.062s] -- Up-to-date symlink: /home/luca002/proj_ws/install/bluerov2_control/share/ament_index/resource_index/packages/bluerov2_control
[0.062s] -- Up-to-date symlink: /home/luca002/proj_ws/install/bluerov2_control/share/bluerov2_control/cmake/bluerov2_controlConfig.cmake
[0.062s] -- Up-to-date symlink: /home/luca002/proj_ws/install/bluerov2_control/share/bluerov2_control/cmake/bluerov2_controlConfig-version.cmake
[0.062s] -- Up-to-date symlink: /home/luca002/proj_ws/install/bluerov2_control/share/bluerov2_control/package.xml
[0.064s] Invoked command in '/home/luca002/proj_ws/build/bluerov2_control' returned '0': CMAKE_PREFIX_PATH=${CMAKE_PREFIX_PATH}:/opt/ros/jazzy DEBUGINFOD_URLS=https://debuginfod.ubuntu.com /usr/bin/cmake --install /home/luca002/proj_ws/build/bluerov2_control
