[0.489s] Invoking command in '/home/luca002/proj_ws/build/wamv_gazebo': CMAKE_PREFIX_PATH=${CMAKE_PREFIX_PATH}:/home/luca002/proj_ws/install/python_node:/opt/ros/jazzy DEBUGINFOD_URLS=https://debuginfod.ubuntu.com /usr/bin/cmake --build /home/luca002/proj_ws/build/wamv_gazebo -- -j16 -l16
[0.596s] [  4%] Built target ScoringPlugin
[0.596s] [  8%] Built target Waves
[0.608s] [  8%] Built target ament_cmake_python_symlink_wamv_gazebo
[0.674s] [ 14%] Built target WayfindingScoringPlugin
[0.674s] [ 18%] Built target PerceptionScoringPlugin
[0.686s] [ 22%] Built target AcousticPingerPlugin
[0.687s] [ 29%] Built target AcousticPerceptionScoringPlugin
[0.687s] [ 37%] Built target LightBuoyPlugin
[0.688s] [ 39%] Built target AcousticTrackingScoringPlugin
[0.689s] [ 47%] Built target BallShooterPlugin
[0.689s] [ 47%] Built target NavigationScoringPlugin
[0.696s] [ 52%] Built target GymkhanaScoringPlugin
[0.697s] [ 56%] Built target Surface
[0.697s] [ 60%] Built target SimpleHydrodynamics
[0.697s] [ 64%] Built target PlacardPlugin
[0.701s] [ 68%] Built target ScanDockScoringPlugin
[0.703s] [ 72%] Built target USVWind
[0.704s] [ 79%] Built target StationkeepingScoringPlugin
[0.704s] [ 83%] Built target PublisherPlugin
[0.737s] [ 87%] Built target WaveVisual
[0.742s] [ 91%] Built target WildlifeScoringPlugin
[0.742s] [100%] Built target PolyhedraBuoyancyDrag
[1.153s] running egg_info
[1.195s] writing wamv_gazebo.egg-info/PKG-INFO
[1.196s] writing dependency_links to wamv_gazebo.egg-info/dependency_links.txt
[1.196s] writing top-level names to wamv_gazebo.egg-info/top_level.txt
[1.325s] reading manifest file 'wamv_gazebo.egg-info/SOURCES.txt'
[1.326s] writing manifest file 'wamv_gazebo.egg-info/SOURCES.txt'
[1.375s] [100%] Built target ament_cmake_python_build_wamv_gazebo_egg
[1.397s] Invoked command in '/home/luca002/proj_ws/build/wamv_gazebo' returned '0': CMAKE_PREFIX_PATH=${CMAKE_PREFIX_PATH}:/home/luca002/proj_ws/install/python_node:/opt/ros/jazzy DEBUGINFOD_URLS=https://debuginfod.ubuntu.com /usr/bin/cmake --build /home/luca002/proj_ws/build/wamv_gazebo -- -j16 -l16
[1.400s] Invoking command in '/home/luca002/proj_ws/build/wamv_gazebo': CMAKE_PREFIX_PATH=${CMAKE_PREFIX_PATH}:/home/luca002/proj_ws/install/python_node:/opt/ros/jazzy DEBUGINFOD_URLS=https://debuginfod.ubuntu.com /usr/bin/cmake --install /home/luca002/proj_ws/build/wamv_gazebo
[1.416s] -- Install configuration: ""
[1.417s] -- Execute custom install script
[1.417s] -- Up-to-date symlink: /home/luca002/proj_ws/install/wamv_gazebo/share/wamv_gazebo/environment/resource_paths.dsv
[1.417s] -- Up-to-date symlink: /home/luca002/proj_ws/install/wamv_gazebo/share/wamv_gazebo/environment/resource_paths.sh
[1.418s] -- Up-to-date symlink: /home/luca002/proj_ws/install/wamv_gazebo/lib/libWaves.so
[1.418s] -- Up-to-date symlink: /home/luca002/proj_ws/install/wamv_gazebo/lib/libPolyhedraBuoyancyDrag.so
[1.419s] -- Up-to-date symlink: /home/luca002/proj_ws/install/wamv_gazebo/lib/libScoringPlugin.so
[1.419s] -- Up-to-date symlink: /home/luca002/proj_ws/install/wamv_gazebo/lib/libStationkeepingScoringPlugin.so
[1.420s] -- Up-to-date symlink: /home/luca002/proj_ws/install/wamv_gazebo/lib/libWayfindingScoringPlugin.so
[1.420s] -- Up-to-date symlink: /home/luca002/proj_ws/install/wamv_gazebo/lib/libAcousticPerceptionScoringPlugin.so
[1.420s] -- Up-to-date symlink: /home/luca002/proj_ws/install/wamv_gazebo/lib/libAcousticTrackingScoringPlugin.so
[1.421s] -- Up-to-date symlink: /home/luca002/proj_ws/install/wamv_gazebo/lib/libAcousticPingerPlugin.so
[1.421s] -- Up-to-date symlink: /home/luca002/proj_ws/install/wamv_gazebo/lib/libBallShooterPlugin.so
[1.422s] -- Up-to-date symlink: /home/luca002/proj_ws/install/wamv_gazebo/lib/libLightBuoyPlugin.so
[1.422s] -- Up-to-date symlink: /home/luca002/proj_ws/install/wamv_gazebo/lib/libNavigationScoringPlugin.so
[1.422s] -- Up-to-date symlink: /home/luca002/proj_ws/install/wamv_gazebo/lib/libGymkhanaScoringPlugin.so
[1.422s] -- Up-to-date symlink: /home/luca002/proj_ws/install/wamv_gazebo/lib/libPerceptionScoringPlugin.so
[1.422s] -- Up-to-date symlink: /home/luca002/proj_ws/install/wamv_gazebo/lib/libPlacardPlugin.so
[1.423s] -- Up-to-date symlink: /home/luca002/proj_ws/install/wamv_gazebo/lib/libPublisherPlugin.so
[1.423s] -- Up-to-date symlink: /home/luca002/proj_ws/install/wamv_gazebo/lib/libScanDockScoringPlugin.so
[1.423s] -- Up-to-date symlink: /home/luca002/proj_ws/install/wamv_gazebo/lib/libSimpleHydrodynamics.so
[1.423s] -- Up-to-date symlink: /home/luca002/proj_ws/install/wamv_gazebo/lib/libSurface.so
[1.423s] -- Up-to-date symlink: /home/luca002/proj_ws/install/wamv_gazebo/lib/libUSVWind.so
[1.424s] -- Up-to-date symlink: /home/luca002/proj_ws/install/wamv_gazebo/lib/libWaveVisual.so
[1.424s] -- Up-to-date symlink: /home/luca002/proj_ws/install/wamv_gazebo/lib/libWildlifeScoringPlugin.so
[1.424s] -- Up-to-date symlink: /home/luca002/proj_ws/install/wamv_gazebo/share/wamv_gazebo/environment/pythonpath.sh
[1.425s] -- Up-to-date symlink: /home/luca002/proj_ws/install/wamv_gazebo/share/wamv_gazebo/environment/pythonpath.dsv
[1.425s] -- Up-to-date symlink: /home/luca002/proj_ws/install/wamv_gazebo/lib/python3.12/site-packages/wamv_gazebo-0.0.0-py3.12.egg-info/PKG-INFO
[1.425s] -- Up-to-date symlink: /home/luca002/proj_ws/install/wamv_gazebo/lib/python3.12/site-packages/wamv_gazebo-0.0.0-py3.12.egg-info/SOURCES.txt
[1.426s] -- Up-to-date symlink: /home/luca002/proj_ws/install/wamv_gazebo/lib/python3.12/site-packages/wamv_gazebo-0.0.0-py3.12.egg-info/dependency_links.txt
[1.426s] -- Up-to-date symlink: /home/luca002/proj_ws/install/wamv_gazebo/lib/python3.12/site-packages/wamv_gazebo-0.0.0-py3.12.egg-info/top_level.txt
[1.426s] -- Up-to-date symlink: /home/luca002/proj_ws/install/wamv_gazebo/lib/python3.12/site-packages/wamv_gazebo/__init__.py
[1.427s] -- Up-to-date symlink: /home/luca002/proj_ws/install/wamv_gazebo/lib/python3.12/site-packages/wamv_gazebo/bridge.py
[1.427s] -- Up-to-date symlink: /home/luca002/proj_ws/install/wamv_gazebo/lib/python3.12/site-packages/wamv_gazebo/bridges.py
[1.427s] -- Up-to-date symlink: /home/luca002/proj_ws/install/wamv_gazebo/lib/python3.12/site-packages/wamv_gazebo/launch.py
[1.427s] -- Up-to-date symlink: /home/luca002/proj_ws/install/wamv_gazebo/lib/python3.12/site-packages/wamv_gazebo/model.py
[1.427s] -- Up-to-date symlink: /home/luca002/proj_ws/install/wamv_gazebo/lib/python3.12/site-packages/wamv_gazebo/monitor_sim.py
[1.427s] -- Up-to-date symlink: /home/luca002/proj_ws/install/wamv_gazebo/lib/python3.12/site-packages/wamv_gazebo/payload_bridges.py
[1.428s] -- Up-to-date symlink: /home/luca002/proj_ws/install/wamv_gazebo/share/wamv_gazebo/config/wamv.yaml
[1.428s] -- Up-to-date symlink: /home/luca002/proj_ws/install/wamv_gazebo/share/wamv_gazebo/launch/__init__.py
[1.429s] -- Up-to-date symlink: /home/luca002/proj_ws/install/wamv_gazebo/share/wamv_gazebo/launch/__pycache__/bridge.cpython-312.pyc
[1.429s] -- Up-to-date symlink: /home/luca002/proj_ws/install/wamv_gazebo/share/wamv_gazebo/launch/bridge.py
[1.429s] -- Up-to-date symlink: /home/luca002/proj_ws/install/wamv_gazebo/share/wamv_gazebo/launch/competition.launch.py
[1.429s] -- Up-to-date symlink: /home/luca002/proj_ws/install/wamv_gazebo/share/wamv_gazebo/launch/compliance.py
[1.429s] -- Up-to-date symlink: /home/luca002/proj_ws/install/wamv_gazebo/share/wamv_gazebo/launch/configure_wamv.py
[1.429s] -- Up-to-date symlink: /home/luca002/proj_ws/install/wamv_gazebo/share/wamv_gazebo/launch/mylaunch.py
[1.430s] -- Up-to-date symlink: /home/luca002/proj_ws/install/wamv_gazebo/share/wamv_gazebo/launch/spawn.launch.py
[1.430s] -- Up-to-date symlink: /home/luca002/proj_ws/install/wamv_gazebo/share/wamv_gazebo/launch/spawn_config.launch.py
[1.430s] -- Up-to-date symlink: /home/luca002/proj_ws/install/wamv_gazebo/share/wamv_gazebo/launch/usv_joy_teleop.py
[1.430s] -- Up-to-date symlink: /home/luca002/proj_ws/install/wamv_gazebo/share/wamv_gazebo/launch/utils.py
[1.430s] -- Up-to-date symlink: /home/luca002/proj_ws/install/wamv_gazebo/share/wamv_gazebo/launch/vrx_environment.launch.py
[1.434s] -- Up-to-date symlink: /home/luca002/proj_ws/install/wamv_gazebo/share/wamv_gazebo/models/3d_lidar/mesh/3d_Lidar_Albedo.png
[1.435s] -- Up-to-date symlink: /home/luca002/proj_ws/install/wamv_gazebo/share/wamv_gazebo/models/3d_lidar/mesh/3d_Lidar_Metalness.png
[1.435s] -- Up-to-date symlink: /home/luca002/proj_ws/install/wamv_gazebo/share/wamv_gazebo/models/3d_lidar/mesh/3d_Lidar_Normal.png
[1.435s] -- Up-to-date symlink: /home/luca002/proj_ws/install/wamv_gazebo/share/wamv_gazebo/models/3d_lidar/mesh/3d_Lidar_Roughness.png
[1.435s] -- Up-to-date symlink: /home/luca002/proj_ws/install/wamv_gazebo/share/wamv_gazebo/models/3d_lidar/mesh/3d_lidar.dae
[1.435s] -- Up-to-date symlink: /home/luca002/proj_ws/install/wamv_gazebo/share/wamv_gazebo/models/3d_lidar/mesh/3d_lidar.png
[1.435s] -- Up-to-date symlink: /home/luca002/proj_ws/install/wamv_gazebo/share/wamv_gazebo/models/3d_lidar/model.config
[1.436s] -- Up-to-date symlink: /home/luca002/proj_ws/install/wamv_gazebo/share/wamv_gazebo/models/3d_lidar/model.sdf
[1.436s] -- Up-to-date symlink: /home/luca002/proj_ws/install/wamv_gazebo/share/wamv_gazebo/models/WAM-V-Base/mesh/WAM-V-Base.dae
[1.436s] -- Up-to-date symlink: /home/luca002/proj_ws/install/wamv_gazebo/share/wamv_gazebo/models/WAM-V-Base/mesh/WAM-V_Albedo.png
[1.436s] -- Up-to-date symlink: /home/luca002/proj_ws/install/wamv_gazebo/share/wamv_gazebo/models/WAM-V-Base/mesh/WAM-V_Metalness.png
[1.436s] -- Up-to-date symlink: /home/luca002/proj_ws/install/wamv_gazebo/share/wamv_gazebo/models/WAM-V-Base/mesh/WAM-V_Normal.png
[1.436s] -- Up-to-date symlink: /home/luca002/proj_ws/install/wamv_gazebo/share/wamv_gazebo/models/WAM-V-Base/mesh/WAM-V_Roughness.png
[1.437s] -- Up-to-date symlink: /home/luca002/proj_ws/install/wamv_gazebo/share/wamv_gazebo/models/WAM-V-Base/mesh/WamV.png
[1.437s] -- Up-to-date symlink: /home/luca002/proj_ws/install/wamv_gazebo/share/wamv_gazebo/models/WAM-V-Base/model.config
[1.437s] -- Up-to-date symlink: /home/luca002/proj_ws/install/wamv_gazebo/share/wamv_gazebo/models/articulated_platform/model.config
[1.437s] -- Up-to-date symlink: /home/luca002/proj_ws/install/wamv_gazebo/share/wamv_gazebo/models/articulated_platform/model.sdf
[1.437s] -- Up-to-date symlink: /home/luca002/proj_ws/install/wamv_gazebo/share/wamv_gazebo/models/ball_shooter/materials/Textures/Launcher_Albedo.png
[1.437s] -- Up-to-date symlink: /home/luca002/proj_ws/install/wamv_gazebo/share/wamv_gazebo/models/ball_shooter/materials/Textures/Launcher_Metalness.png
[1.438s] -- Up-to-date symlink: /home/luca002/proj_ws/install/wamv_gazebo/share/wamv_gazebo/models/ball_shooter/materials/Textures/Launcher_Normal.png
[1.438s] -- Up-to-date symlink: /home/luca002/proj_ws/install/wamv_gazebo/share/wamv_gazebo/models/ball_shooter/materials/Textures/Launcher_Roughness.png
[1.438s] -- Up-to-date symlink: /home/luca002/proj_ws/install/wamv_gazebo/share/wamv_gazebo/models/ball_shooter/meshes/Launcher_Albedo.png
[1.438s] -- Up-to-date symlink: /home/luca002/proj_ws/install/wamv_gazebo/share/wamv_gazebo/models/ball_shooter/meshes/Launcher_BaseColor.png
[1.438s] -- Up-to-date symlink: /home/luca002/proj_ws/install/wamv_gazebo/share/wamv_gazebo/models/ball_shooter/meshes/ball_shooter_base.dae
[1.438s] -- Up-to-date symlink: /home/luca002/proj_ws/install/wamv_gazebo/share/wamv_gazebo/models/ball_shooter/meshes/ball_shooter_launcher.dae
[1.438s] -- Up-to-date symlink: /home/luca002/proj_ws/install/wamv_gazebo/share/wamv_gazebo/models/ball_shooter/model.config
[1.439s] -- Up-to-date symlink: /home/luca002/proj_ws/install/wamv_gazebo/share/wamv_gazebo/models/ball_shooter/model.sdf
[1.439s] -- Up-to-date symlink: /home/luca002/proj_ws/install/wamv_gazebo/share/wamv_gazebo/models/battery/mesh/battery.dae
[1.439s] -- Up-to-date symlink: /home/luca002/proj_ws/install/wamv_gazebo/share/wamv_gazebo/models/battery/mesh/battery.png
[1.439s] -- Up-to-date symlink: /home/luca002/proj_ws/install/wamv_gazebo/share/wamv_gazebo/models/battery/mesh/battery_Albedo.png
[1.439s] -- Up-to-date symlink: /home/luca002/proj_ws/install/wamv_gazebo/share/wamv_gazebo/models/battery/mesh/battery_Metalness.png
[1.439s] -- Up-to-date symlink: /home/luca002/proj_ws/install/wamv_gazebo/share/wamv_gazebo/models/battery/mesh/battery_Normal.png
[1.440s] -- Up-to-date symlink: /home/luca002/proj_ws/install/wamv_gazebo/share/wamv_gazebo/models/battery/mesh/battery_Roughness.png
[1.440s] -- Up-to-date symlink: /home/luca002/proj_ws/install/wamv_gazebo/share/wamv_gazebo/models/battery/model.config
[1.440s] -- Up-to-date symlink: /home/luca002/proj_ws/install/wamv_gazebo/share/wamv_gazebo/models/battery/model.sdf
[1.440s] -- Up-to-date symlink: /home/luca002/proj_ws/install/wamv_gazebo/share/wamv_gazebo/models/blue_projectile/model.config
[1.440s] -- Up-to-date symlink: /home/luca002/proj_ws/install/wamv_gazebo/share/wamv_gazebo/models/blue_projectile/model.sdf
[1.440s] -- Up-to-date symlink: /home/luca002/proj_ws/install/wamv_gazebo/share/wamv_gazebo/models/boat/materials/textures/Boat_Albedo.png
[1.441s] -- Up-to-date symlink: /home/luca002/proj_ws/install/wamv_gazebo/share/wamv_gazebo/models/boat/materials/textures/Boat_Metalness.png
[1.441s] -- Up-to-date symlink: /home/luca002/proj_ws/install/wamv_gazebo/share/wamv_gazebo/models/boat/materials/textures/Boat_Normal.png
[1.441s] -- Up-to-date symlink: /home/luca002/proj_ws/install/wamv_gazebo/share/wamv_gazebo/models/boat/materials/textures/Boat_Roughness.png
[1.441s] -- Up-to-date symlink: /home/luca002/proj_ws/install/wamv_gazebo/share/wamv_gazebo/models/boat/materials/textures/lidar_3d_v1.png
[1.441s] -- Up-to-date symlink: /home/luca002/proj_ws/install/wamv_gazebo/share/wamv_gazebo/models/boat/meshes/rcboat.dae
[1.441s] -- Up-to-date symlink: /home/luca002/proj_ws/install/wamv_gazebo/share/wamv_gazebo/models/boat/model.config
[1.442s] -- Up-to-date symlink: /home/luca002/proj_ws/install/wamv_gazebo/share/wamv_gazebo/models/boat/model.sdf
[1.442s] -- Up-to-date symlink: /home/luca002/proj_ws/install/wamv_gazebo/share/wamv_gazebo/models/boat/oldmodel/mmodel.sdf
[1.442s] -- Up-to-date symlink: /home/luca002/proj_ws/install/wamv_gazebo/share/wamv_gazebo/models/boat/thumbnails/boat/1.png
[1.442s] -- Up-to-date symlink: /home/luca002/proj_ws/install/wamv_gazebo/share/wamv_gazebo/models/boat/thumbnails/boat/2.png
[1.442s] -- Up-to-date symlink: /home/luca002/proj_ws/install/wamv_gazebo/share/wamv_gazebo/models/boat/thumbnails/boat/3.png
[1.442s] -- Up-to-date symlink: /home/luca002/proj_ws/install/wamv_gazebo/share/wamv_gazebo/models/boat/thumbnails/boat/4.png
[1.443s] -- Up-to-date symlink: /home/luca002/proj_ws/install/wamv_gazebo/share/wamv_gazebo/models/boat/thumbnails/boat/5.png
[1.443s] -- Up-to-date symlink: /home/luca002/proj_ws/install/wamv_gazebo/share/wamv_gazebo/models/coast_waves/materials/programs/GerstnerWaves_fs_330.glsl
[1.443s] -- Up-to-date symlink: /home/luca002/proj_ws/install/wamv_gazebo/share/wamv_gazebo/models/coast_waves/materials/programs/GerstnerWaves_vs_330.glsl
[1.443s] -- Up-to-date symlink: /home/luca002/proj_ws/install/wamv_gazebo/share/wamv_gazebo/models/coast_waves/materials/textures/skybox_lowres.dds
[1.443s] -- Up-to-date symlink: /home/luca002/proj_ws/install/wamv_gazebo/share/wamv_gazebo/models/coast_waves/materials/textures/wave_normals.dds
[1.443s] -- Up-to-date symlink: /home/luca002/proj_ws/install/wamv_gazebo/share/wamv_gazebo/models/coast_waves/meshes/waterlow.dae
[1.443s] -- Up-to-date symlink: /home/luca002/proj_ws/install/wamv_gazebo/share/wamv_gazebo/models/coast_waves/model.config
[1.444s] -- Up-to-date symlink: /home/luca002/proj_ws/install/wamv_gazebo/share/wamv_gazebo/models/coast_waves/model.sdf
[1.444s] -- Up-to-date symlink: /home/luca002/proj_ws/install/wamv_gazebo/share/wamv_gazebo/models/cpu_cases/mesh/cpu_cases.dae
[1.444s] -- Up-to-date symlink: /home/luca002/proj_ws/install/wamv_gazebo/share/wamv_gazebo/models/cpu_cases/mesh/cpu_cases.png
[1.444s] -- Up-to-date symlink: /home/luca002/proj_ws/install/wamv_gazebo/share/wamv_gazebo/models/cpu_cases/mesh/cpu_cases_Albedo.png
[1.444s] -- Up-to-date symlink: /home/luca002/proj_ws/install/wamv_gazebo/share/wamv_gazebo/models/cpu_cases/mesh/cpu_cases_Metalness.png
[1.444s] -- Up-to-date symlink: /home/luca002/proj_ws/install/wamv_gazebo/share/wamv_gazebo/models/cpu_cases/mesh/cpu_cases_Normal.png
[1.445s] -- Up-to-date symlink: /home/luca002/proj_ws/install/wamv_gazebo/share/wamv_gazebo/models/cpu_cases/mesh/cpu_cases_Roughness.png
[1.445s] -- Up-to-date symlink: /home/luca002/proj_ws/install/wamv_gazebo/share/wamv_gazebo/models/cpu_cases/model.config
[1.445s] -- Up-to-date symlink: /home/luca002/proj_ws/install/wamv_gazebo/share/wamv_gazebo/models/cpu_cases/model.sdf
[1.445s] -- Up-to-date symlink: /home/luca002/proj_ws/install/wamv_gazebo/share/wamv_gazebo/models/dock_2022/model.config
[1.445s] -- Up-to-date symlink: /home/luca002/proj_ws/install/wamv_gazebo/share/wamv_gazebo/models/dock_2022/model.sdf
[1.445s] -- Up-to-date symlink: /home/luca002/proj_ws/install/wamv_gazebo/share/wamv_gazebo/models/dock_2022_base/model.config
[1.446s] -- Up-to-date symlink: /home/luca002/proj_ws/install/wamv_gazebo/share/wamv_gazebo/models/dock_2022_base/model.sdf
[1.446s] -- Up-to-date symlink: /home/luca002/proj_ws/install/wamv_gazebo/share/wamv_gazebo/models/dock_block_4x4/mesh/DockCubes_Albedo.png
[1.446s] -- Up-to-date symlink: /home/luca002/proj_ws/install/wamv_gazebo/share/wamv_gazebo/models/dock_block_4x4/mesh/DockCubes_Metalness.png
[1.446s] -- Up-to-date symlink: /home/luca002/proj_ws/install/wamv_gazebo/share/wamv_gazebo/models/dock_block_4x4/mesh/DockCubes_Normal.png
[1.446s] -- Up-to-date symlink: /home/luca002/proj_ws/install/wamv_gazebo/share/wamv_gazebo/models/dock_block_4x4/mesh/DockCubes_Roughness.png
[1.447s] -- Up-to-date symlink: /home/luca002/proj_ws/install/wamv_gazebo/share/wamv_gazebo/models/dock_block_4x4/mesh/dock_block_4x4.dae
[1.447s] -- Up-to-date symlink: /home/luca002/proj_ws/install/wamv_gazebo/share/wamv_gazebo/models/dock_block_4x4/model.config
[1.447s] -- Up-to-date symlink: /home/luca002/proj_ws/install/wamv_gazebo/share/wamv_gazebo/models/dock_block_4x4/model.sdf
[1.447s] -- Up-to-date symlink: /home/luca002/proj_ws/install/wamv_gazebo/share/wamv_gazebo/models/engine/mesh/engine.dae
[1.447s] -- Up-to-date symlink: /home/luca002/proj_ws/install/wamv_gazebo/share/wamv_gazebo/models/engine/model.config
[1.448s] -- Up-to-date symlink: /home/luca002/proj_ws/install/wamv_gazebo/share/wamv_gazebo/models/entrance_exit/model.config
[1.448s] -- Up-to-date symlink: /home/luca002/proj_ws/install/wamv_gazebo/share/wamv_gazebo/models/entrance_exit/model.sdf
[1.448s] -- Up-to-date symlink: /home/luca002/proj_ws/install/wamv_gazebo/share/wamv_gazebo/models/gps/mesh/gps.dae
[1.448s] -- Up-to-date symlink: /home/luca002/proj_ws/install/wamv_gazebo/share/wamv_gazebo/models/gps/mesh/gps.png
[1.448s] -- Up-to-date symlink: /home/luca002/proj_ws/install/wamv_gazebo/share/wamv_gazebo/models/gps/model.config
[1.448s] -- Up-to-date symlink: /home/luca002/proj_ws/install/wamv_gazebo/share/wamv_gazebo/models/lidar/materials/textures/lidar_3d_v1.png
[1.449s] -- Up-to-date symlink: /home/luca002/proj_ws/install/wamv_gazebo/share/wamv_gazebo/models/lidar/meshes/lidar_3d_v1.dae
[1.449s] -- Up-to-date symlink: /home/luca002/proj_ws/install/wamv_gazebo/share/wamv_gazebo/models/lidar/meshes/lidar_3d_v1.png
[1.449s] -- Up-to-date symlink: /home/luca002/proj_ws/install/wamv_gazebo/share/wamv_gazebo/models/lidar/model.config
[1.449s] -- Up-to-date symlink: /home/luca002/proj_ws/install/wamv_gazebo/share/wamv_gazebo/models/lidar/model.sdf
[1.449s] -- Up-to-date symlink: /home/luca002/proj_ws/install/wamv_gazebo/share/wamv_gazebo/models/lidar/thumbnails/1.png
[1.450s] -- Up-to-date symlink: /home/luca002/proj_ws/install/wamv_gazebo/share/wamv_gazebo/models/lidar/thumbnails/2.png
[1.450s] -- Up-to-date symlink: /home/luca002/proj_ws/install/wamv_gazebo/share/wamv_gazebo/models/lidar/thumbnails/3.png
[1.450s] -- Up-to-date symlink: /home/luca002/proj_ws/install/wamv_gazebo/share/wamv_gazebo/models/lidar/thumbnails/4.png
[1.450s] -- Up-to-date symlink: /home/luca002/proj_ws/install/wamv_gazebo/share/wamv_gazebo/models/lidar/thumbnails/5.png
[1.450s] -- Up-to-date symlink: /home/luca002/proj_ws/install/wamv_gazebo/share/wamv_gazebo/models/mono_camera/mesh/mono_camera.dae
[1.451s] -- Up-to-date symlink: /home/luca002/proj_ws/install/wamv_gazebo/share/wamv_gazebo/models/mono_camera/mesh/mono_camera.png
[1.451s] -- Up-to-date symlink: /home/luca002/proj_ws/install/wamv_gazebo/share/wamv_gazebo/models/mono_camera/mesh/mono_camera_Albedo.png
[1.451s] -- Up-to-date symlink: /home/luca002/proj_ws/install/wamv_gazebo/share/wamv_gazebo/models/mono_camera/mesh/mono_camera_Metalness.png
[1.451s] -- Up-to-date symlink: /home/luca002/proj_ws/install/wamv_gazebo/share/wamv_gazebo/models/mono_camera/mesh/mono_camera_Normal.png
[1.451s] -- Up-to-date symlink: /home/luca002/proj_ws/install/wamv_gazebo/share/wamv_gazebo/models/mono_camera/mesh/mono_camera_Roughness.png
[1.451s] -- Up-to-date symlink: /home/luca002/proj_ws/install/wamv_gazebo/share/wamv_gazebo/models/mono_camera/model.config
[1.452s] -- Up-to-date symlink: /home/luca002/proj_ws/install/wamv_gazebo/share/wamv_gazebo/models/mono_camera/model.sdf
[1.452s] -- Up-to-date symlink: /home/luca002/proj_ws/install/wamv_gazebo/share/wamv_gazebo/models/placard_2022/materials/textures/Placard.png
[1.452s] -- Up-to-date symlink: /home/luca002/proj_ws/install/wamv_gazebo/share/wamv_gazebo/models/placard_2022/meshes/placard_2022.dae
[1.452s] -- Up-to-date symlink: /home/luca002/proj_ws/install/wamv_gazebo/share/wamv_gazebo/models/placard_2022/model.config
[1.452s] -- Up-to-date symlink: /home/luca002/proj_ws/install/wamv_gazebo/share/wamv_gazebo/models/placard_2022/model.sdf
[1.452s] -- Up-to-date symlink: /home/luca002/proj_ws/install/wamv_gazebo/share/wamv_gazebo/models/platform/model.config
[1.452s] -- Up-to-date symlink: /home/luca002/proj_ws/install/wamv_gazebo/share/wamv_gazebo/models/platform/model.sdf
[1.453s] -- Up-to-date symlink: /home/luca002/proj_ws/install/wamv_gazebo/share/wamv_gazebo/models/propeller/mesh/propeller.dae
[1.453s] -- Up-to-date symlink: /home/luca002/proj_ws/install/wamv_gazebo/share/wamv_gazebo/models/propeller/model.config
[1.453s] -- Up-to-date symlink: /home/luca002/proj_ws/install/wamv_gazebo/share/wamv_gazebo/models/roboboat01/materials/scripts/model.material
[1.453s] -- Up-to-date symlink: /home/luca002/proj_ws/install/wamv_gazebo/share/wamv_gazebo/models/roboboat01/materials/textures/Boat01_Albedo.png
[1.453s] -- Up-to-date symlink: /home/luca002/proj_ws/install/wamv_gazebo/share/wamv_gazebo/models/roboboat01/materials/textures/Boat01_Metallic.png
[1.453s] -- Up-to-date symlink: /home/luca002/proj_ws/install/wamv_gazebo/share/wamv_gazebo/models/roboboat01/materials/textures/Boat01_Normal.png
[1.454s] -- Up-to-date symlink: /home/luca002/proj_ws/install/wamv_gazebo/share/wamv_gazebo/models/roboboat01/materials/textures/Boat01_Roughness.png
[1.454s] -- Up-to-date symlink: /home/luca002/proj_ws/install/wamv_gazebo/share/wamv_gazebo/models/roboboat01/materials/textures/Thruster_Albedo.png
[1.454s] -- Up-to-date symlink: /home/luca002/proj_ws/install/wamv_gazebo/share/wamv_gazebo/models/roboboat01/materials/textures/Thruster_Roughness.png
[1.454s] -- Up-to-date symlink: /home/luca002/proj_ws/install/wamv_gazebo/share/wamv_gazebo/models/roboboat01/meshes/housing.dae
[1.454s] -- Up-to-date symlink: /home/luca002/proj_ws/install/wamv_gazebo/share/wamv_gazebo/models/roboboat01/meshes/mount.dae
[1.455s] -- Up-to-date symlink: /home/luca002/proj_ws/install/wamv_gazebo/share/wamv_gazebo/models/roboboat01/meshes/prop.dae
[1.455s] -- Up-to-date symlink: /home/luca002/proj_ws/install/wamv_gazebo/share/wamv_gazebo/models/roboboat01/meshes/roboboat01.dae
[1.455s] -- Up-to-date symlink: /home/luca002/proj_ws/install/wamv_gazebo/share/wamv_gazebo/models/roboboat01/model.config
[1.455s] -- Up-to-date symlink: /home/luca002/proj_ws/install/wamv_gazebo/share/wamv_gazebo/models/roboboat01/model.sdf
[1.455s] -- Up-to-date symlink: /home/luca002/proj_ws/install/wamv_gazebo/share/wamv_gazebo/models/roboboat02/materials/scripts/model.material
[1.455s] -- Up-to-date symlink: /home/luca002/proj_ws/install/wamv_gazebo/share/wamv_gazebo/models/roboboat02/materials/textures/Boat02_Albedo.png
[1.456s] -- Up-to-date symlink: /home/luca002/proj_ws/install/wamv_gazebo/share/wamv_gazebo/models/roboboat02/materials/textures/Boat02_Metallic.png
[1.456s] -- Up-to-date symlink: /home/luca002/proj_ws/install/wamv_gazebo/share/wamv_gazebo/models/roboboat02/materials/textures/Boat02_Normal.png
[1.456s] -- Up-to-date symlink: /home/luca002/proj_ws/install/wamv_gazebo/share/wamv_gazebo/models/roboboat02/materials/textures/Boat02_Roughness.png
[1.456s] -- Up-to-date symlink: /home/luca002/proj_ws/install/wamv_gazebo/share/wamv_gazebo/models/roboboat02/meshes/roboboat02.dae
[1.456s] -- Up-to-date symlink: /home/luca002/proj_ws/install/wamv_gazebo/share/wamv_gazebo/models/roboboat02/model.config
[1.456s] -- Up-to-date symlink: /home/luca002/proj_ws/install/wamv_gazebo/share/wamv_gazebo/models/roboboat02/model.sdf
[1.456s] -- Up-to-date symlink: /home/luca002/proj_ws/install/wamv_gazebo/share/wamv_gazebo/models/roboboat_cpubox/materials/textures/DryBox_Albedo.png
[1.457s] -- Up-to-date symlink: /home/luca002/proj_ws/install/wamv_gazebo/share/wamv_gazebo/models/roboboat_cpubox/materials/textures/DryBox_Roughness.png
[1.457s] -- Up-to-date symlink: /home/luca002/proj_ws/install/wamv_gazebo/share/wamv_gazebo/models/roboboat_cpubox/meshes/drybox.dae
[1.457s] -- Up-to-date symlink: /home/luca002/proj_ws/install/wamv_gazebo/share/wamv_gazebo/models/roboboat_cpubox/model.config
[1.457s] -- Up-to-date symlink: /home/luca002/proj_ws/install/wamv_gazebo/share/wamv_gazebo/models/roboboat_cpubox/model.sdf
[1.457s] -- Up-to-date symlink: /home/luca002/proj_ws/install/wamv_gazebo/share/wamv_gazebo/models/robotx_light_buoy_bgr/model.config
[1.457s] -- Up-to-date symlink: /home/luca002/proj_ws/install/wamv_gazebo/share/wamv_gazebo/models/robotx_light_buoy_bgr/model.sdf
[1.457s] -- Up-to-date symlink: /home/luca002/proj_ws/install/wamv_gazebo/share/wamv_gazebo/models/robotx_light_buoy_bgy/model.config
[1.458s] -- Up-to-date symlink: /home/luca002/proj_ws/install/wamv_gazebo/share/wamv_gazebo/models/robotx_light_buoy_bgy/model.sdf
[1.458s] -- Up-to-date symlink: /home/luca002/proj_ws/install/wamv_gazebo/share/wamv_gazebo/models/robotx_light_buoy_gbr/model.config
[1.458s] -- Up-to-date symlink: /home/luca002/proj_ws/install/wamv_gazebo/share/wamv_gazebo/models/robotx_light_buoy_gbr/model.sdf
[1.458s] -- Up-to-date symlink: /home/luca002/proj_ws/install/wamv_gazebo/share/wamv_gazebo/models/robotx_light_buoy_rbg/model.config
[1.458s] -- Up-to-date symlink: /home/luca002/proj_ws/install/wamv_gazebo/share/wamv_gazebo/models/robotx_light_buoy_rbg/model.sdf
[1.458s] -- Up-to-date symlink: /home/luca002/proj_ws/install/wamv_gazebo/share/wamv_gazebo/models/robotx_light_buoy_rgb/mesh/LightTower_Albedo.png
[1.458s] -- Up-to-date symlink: /home/luca002/proj_ws/install/wamv_gazebo/share/wamv_gazebo/models/robotx_light_buoy_rgb/mesh/LightTower_Metalness.png
[1.459s] -- Up-to-date symlink: /home/luca002/proj_ws/install/wamv_gazebo/share/wamv_gazebo/models/robotx_light_buoy_rgb/mesh/LightTower_Normal.png
[1.459s] -- Up-to-date symlink: /home/luca002/proj_ws/install/wamv_gazebo/share/wamv_gazebo/models/robotx_light_buoy_rgb/mesh/LightTower_Opacity.png
[1.459s] -- Up-to-date symlink: /home/luca002/proj_ws/install/wamv_gazebo/share/wamv_gazebo/models/robotx_light_buoy_rgb/mesh/LightTower_Roughness.png
[1.459s] -- Up-to-date symlink: /home/luca002/proj_ws/install/wamv_gazebo/share/wamv_gazebo/models/robotx_light_buoy_rgb/mesh/robotx_light_buoy.dae
[1.459s] -- Up-to-date symlink: /home/luca002/proj_ws/install/wamv_gazebo/share/wamv_gazebo/models/robotx_light_buoy_rgb/model.config
[1.459s] -- Up-to-date symlink: /home/luca002/proj_ws/install/wamv_gazebo/share/wamv_gazebo/models/robotx_light_buoy_rgb/model.sdf
[1.459s] -- Up-to-date symlink: /home/luca002/proj_ws/install/wamv_gazebo/share/wamv_gazebo/models/robotx_light_buoy_rgy/model.config
[1.460s] -- Up-to-date symlink: /home/luca002/proj_ws/install/wamv_gazebo/share/wamv_gazebo/models/robotx_light_buoy_rgy/model.sdf
[1.460s] -- Up-to-date symlink: /home/luca002/proj_ws/install/wamv_gazebo/share/wamv_gazebo/models/robotx_light_buoy_ybr/model.config
[1.460s] -- Up-to-date symlink: /home/luca002/proj_ws/install/wamv_gazebo/share/wamv_gazebo/models/robotx_light_buoy_ybr/model.sdf
[1.460s] -- Up-to-date symlink: /home/luca002/proj_ws/install/wamv_gazebo/share/wamv_gazebo/models/robotx_light_buoy_ygb/model.config
[1.460s] -- Up-to-date symlink: /home/luca002/proj_ws/install/wamv_gazebo/share/wamv_gazebo/models/robotx_light_buoy_ygb/model.sdf
[1.460s] -- Up-to-date symlink: /home/luca002/proj_ws/install/wamv_gazebo/share/wamv_gazebo/models/robotx_light_buoy_yrg/model.config
[1.460s] -- Up-to-date symlink: /home/luca002/proj_ws/install/wamv_gazebo/share/wamv_gazebo/models/robotx_light_buoy_yrg/model.sdf
[1.461s] -- Up-to-date symlink: /home/luca002/proj_ws/install/wamv_gazebo/share/wamv_gazebo/models/sensor_post/mesh/sensor_post.dae
[1.461s] -- Up-to-date symlink: /home/luca002/proj_ws/install/wamv_gazebo/share/wamv_gazebo/models/sensor_post/mesh/sensor_post.png
[1.461s] -- Up-to-date symlink: /home/luca002/proj_ws/install/wamv_gazebo/share/wamv_gazebo/models/sensor_post/mesh/sensor_post_arm.dae
[1.461s] -- Up-to-date symlink: /home/luca002/proj_ws/install/wamv_gazebo/share/wamv_gazebo/models/sensor_post/model.config
[1.461s] -- Up-to-date symlink: /home/luca002/proj_ws/install/wamv_gazebo/share/wamv_gazebo/models/sensor_post/model.sdf
[1.461s] -- Up-to-date symlink: /home/luca002/proj_ws/install/wamv_gazebo/share/wamv_gazebo/models/symbol_triangle/mesh/triangle.dae
[1.461s] -- Up-to-date symlink: /home/luca002/proj_ws/install/wamv_gazebo/share/wamv_gazebo/models/symbol_triangle/model.config
[1.462s] -- Up-to-date symlink: /home/luca002/proj_ws/install/wamv_gazebo/share/wamv_gazebo/models/symbol_triangle/model.sdf
[1.462s] -- Up-to-date symlink: /home/luca002/proj_ws/install/wamv_gazebo/share/wamv_gazebo/models/tripod/model.config
[1.462s] -- Up-to-date symlink: /home/luca002/proj_ws/install/wamv_gazebo/share/wamv_gazebo/models/tripod/model.sdf
[1.462s] -- Up-to-date symlink: /home/luca002/proj_ws/install/wamv_gazebo/share/wamv_gazebo/models/vessel/materials/textures/Boat01_Albedo.jpg
[1.462s] -- Up-to-date symlink: /home/luca002/proj_ws/install/wamv_gazebo/share/wamv_gazebo/models/vessel/materials/textures/Boat01_Normal.jpg
[1.462s] -- Up-to-date symlink: /home/luca002/proj_ws/install/wamv_gazebo/share/wamv_gazebo/models/vessel/materials/textures/Boat01_Roughness.jpg
[1.462s] -- Up-to-date symlink: /home/luca002/proj_ws/install/wamv_gazebo/share/wamv_gazebo/models/vessel/meshes/Boat01.dae
[1.462s] -- Up-to-date symlink: /home/luca002/proj_ws/install/wamv_gazebo/share/wamv_gazebo/models/vessel/model.config
[1.463s] -- Up-to-date symlink: /home/luca002/proj_ws/install/wamv_gazebo/share/wamv_gazebo/models/vessel/model.sdf
[1.463s] -- Up-to-date symlink: /home/luca002/proj_ws/install/wamv_gazebo/share/wamv_gazebo/models/vessel/thumbnails/1.png
[1.463s] -- Up-to-date symlink: /home/luca002/proj_ws/install/wamv_gazebo/share/wamv_gazebo/models/wam-v/meshes/WAM-V-Base.dae
[1.463s] -- Up-to-date symlink: /home/luca002/proj_ws/install/wamv_gazebo/share/wamv_gazebo/models/wam-v/meshes/WamV.png
[1.463s] -- Up-to-date symlink: /home/luca002/proj_ws/install/wamv_gazebo/share/wamv_gazebo/models/wam-v/meshes/battery.dae
[1.463s] -- Up-to-date symlink: /home/luca002/proj_ws/install/wamv_gazebo/share/wamv_gazebo/models/wam-v/meshes/battery.png
[1.464s] -- Up-to-date symlink: /home/luca002/proj_ws/install/wamv_gazebo/share/wamv_gazebo/models/wam-v/meshes/battery_Albedo.png
[1.464s] -- Up-to-date symlink: /home/luca002/proj_ws/install/wamv_gazebo/share/wamv_gazebo/models/wam-v/meshes/battery_Metalness.png
[1.464s] -- Up-to-date symlink: /home/luca002/proj_ws/install/wamv_gazebo/share/wamv_gazebo/models/wam-v/meshes/battery_Normal.png
[1.464s] -- Up-to-date symlink: /home/luca002/proj_ws/install/wamv_gazebo/share/wamv_gazebo/models/wam-v/meshes/battery_Roughness.png
[1.464s] -- Up-to-date symlink: /home/luca002/proj_ws/install/wamv_gazebo/share/wamv_gazebo/models/wam-v/meshes/cpu_cases.dae
[1.464s] -- Up-to-date symlink: /home/luca002/proj_ws/install/wamv_gazebo/share/wamv_gazebo/models/wam-v/meshes/cpu_cases.png
[1.464s] -- Up-to-date symlink: /home/luca002/proj_ws/install/wamv_gazebo/share/wamv_gazebo/models/wam-v/meshes/cpu_cases_Albedo.png
[1.465s] -- Up-to-date symlink: /home/luca002/proj_ws/install/wamv_gazebo/share/wamv_gazebo/models/wam-v/meshes/cpu_cases_Metalness.png
[1.465s] -- Up-to-date symlink: /home/luca002/proj_ws/install/wamv_gazebo/share/wamv_gazebo/models/wam-v/meshes/cpu_cases_Normal.png
[1.465s] -- Up-to-date symlink: /home/luca002/proj_ws/install/wamv_gazebo/share/wamv_gazebo/models/wam-v/meshes/cpu_cases_Roughness.png
[1.465s] -- Up-to-date symlink: /home/luca002/proj_ws/install/wamv_gazebo/share/wamv_gazebo/models/wam-v/meshes/engine.dae
[1.465s] -- Up-to-date symlink: /home/luca002/proj_ws/install/wamv_gazebo/share/wamv_gazebo/models/wam-v/meshes/legs.dae
[1.465s] -- Up-to-date symlink: /home/luca002/proj_ws/install/wamv_gazebo/share/wamv_gazebo/models/wam-v/meshes/lidar_3d_v1 copy.png
[1.465s] -- Up-to-date symlink: /home/luca002/proj_ws/install/wamv_gazebo/share/wamv_gazebo/models/wam-v/meshes/lidar_3d_v1.dae
[1.466s] -- Up-to-date symlink: /home/luca002/proj_ws/install/wamv_gazebo/share/wamv_gazebo/models/wam-v/meshes/lidar_3d_v1.png
[1.466s] -- Up-to-date symlink: /home/luca002/proj_ws/install/wamv_gazebo/share/wamv_gazebo/models/wam-v/meshes/propeller.dae
[1.466s] -- Up-to-date symlink: /home/luca002/proj_ws/install/wamv_gazebo/share/wamv_gazebo/models/wam-v/meshes/ring.dae
[1.466s] -- Up-to-date symlink: /home/luca002/proj_ws/install/wamv_gazebo/share/wamv_gazebo/models/wam-v/model.config
[1.466s] -- Up-to-date symlink: /home/luca002/proj_ws/install/wamv_gazebo/share/wamv_gazebo/models/wam-v/model.sdf
[1.466s] -- Up-to-date symlink: /home/luca002/proj_ws/install/wamv_gazebo/share/wamv_gazebo/worlds/sydney.sdf
[1.466s] -- Up-to-date symlink: /home/luca002/proj_ws/install/wamv_gazebo/share/ament_index/resource_index/package_run_dependencies/wamv_gazebo
[1.466s] -- Up-to-date symlink: /home/luca002/proj_ws/install/wamv_gazebo/share/ament_index/resource_index/parent_prefix_path/wamv_gazebo
[1.467s] -- Up-to-date symlink: /home/luca002/proj_ws/install/wamv_gazebo/share/wamv_gazebo/environment/ament_prefix_path.sh
[1.467s] -- Up-to-date symlink: /home/luca002/proj_ws/install/wamv_gazebo/share/wamv_gazebo/environment/ament_prefix_path.dsv
[1.467s] -- Up-to-date symlink: /home/luca002/proj_ws/install/wamv_gazebo/share/wamv_gazebo/environment/path.sh
[1.467s] -- Up-to-date symlink: /home/luca002/proj_ws/install/wamv_gazebo/share/wamv_gazebo/environment/path.dsv
[1.467s] -- Up-to-date symlink: /home/luca002/proj_ws/install/wamv_gazebo/share/wamv_gazebo/local_setup.bash
[1.468s] -- Up-to-date symlink: /home/luca002/proj_ws/install/wamv_gazebo/share/wamv_gazebo/local_setup.sh
[1.468s] -- Up-to-date symlink: /home/luca002/proj_ws/install/wamv_gazebo/share/wamv_gazebo/local_setup.zsh
[1.468s] -- Up-to-date symlink: /home/luca002/proj_ws/install/wamv_gazebo/share/wamv_gazebo/local_setup.dsv
[1.468s] -- Symlinking: /home/luca002/proj_ws/install/wamv_gazebo/share/wamv_gazebo/package.dsv
[1.484s] -- Up-to-date symlink: /home/luca002/proj_ws/install/wamv_gazebo/share/ament_index/resource_index/packages/wamv_gazebo
[1.485s] -- Up-to-date symlink: /home/luca002/proj_ws/install/wamv_gazebo/share/wamv_gazebo/cmake/wamv_gazeboConfig.cmake
[1.485s] -- Up-to-date symlink: /home/luca002/proj_ws/install/wamv_gazebo/share/wamv_gazebo/cmake/wamv_gazeboConfig-version.cmake
[1.485s] -- Up-to-date symlink: /home/luca002/proj_ws/install/wamv_gazebo/share/wamv_gazebo/package.xml
[1.555s] Listing '/home/luca002/proj_ws/install/wamv_gazebo/lib/python3.12/site-packages/wamv_gazebo'...
[1.569s] Invoked command in '/home/luca002/proj_ws/build/wamv_gazebo' returned '0': CMAKE_PREFIX_PATH=${CMAKE_PREFIX_PATH}:/home/luca002/proj_ws/install/python_node:/opt/ros/jazzy DEBUGINFOD_URLS=https://debuginfod.ubuntu.com /usr/bin/cmake --install /home/luca002/proj_ws/build/wamv_gazebo
