[0.166s] Invoking command in '/home/luca002/proj_ws/build/wamv_navigation': CMAKE_PREFIX_PATH=${CMAKE_PREFIX_PATH}:/home/luca002/proj_ws/install/python_node:/opt/ros/jazzy DEBUGINFOD_URLS=https://debuginfod.ubuntu.com /usr/bin/cmake --build /home/luca002/proj_ws/build/wamv_navigation -- -j16 -l16
[0.194s] Invoked command in '/home/luca002/proj_ws/build/wamv_navigation' returned '0': CMAKE_PREFIX_PATH=${CMAKE_PREFIX_PATH}:/home/luca002/proj_ws/install/python_node:/opt/ros/jazzy DEBUGINFOD_URLS=https://debuginfod.ubuntu.com /usr/bin/cmake --build /home/luca002/proj_ws/build/wamv_navigation -- -j16 -l16
[0.203s] Invoking command in '/home/luca002/proj_ws/build/wamv_navigation': CMAKE_PREFIX_PATH=${CMAKE_PREFIX_PATH}:/home/luca002/proj_ws/install/python_node:/opt/ros/jazzy DEBUGINFOD_URLS=https://debuginfod.ubuntu.com /usr/bin/cmake --install /home/luca002/proj_ws/build/wamv_navigation
[0.215s] -- Install configuration: ""
[0.215s] -- Execute custom install script
[0.215s] -- Up-to-date symlink: /home/luca002/proj_ws/install/wamv_navigation/share/wamv_navigation/cmake/config/README.md
[0.215s] -- Up-to-date symlink: /home/luca002/proj_ws/install/wamv_navigation/share/wamv_navigation/cmake/config/turtlebot3_waffle_bridge.yaml
[0.215s] -- Up-to-date symlink: /home/luca002/proj_ws/install/wamv_navigation/share/wamv_navigation/cmake/config/wamv_config.yaml
[0.215s] -- Up-to-date symlink: /home/luca002/proj_ws/install/wamv_navigation/share/wamv_navigation/cmake/launch/__init__.py
[0.216s] -- Up-to-date symlink: /home/luca002/proj_ws/install/wamv_navigation/share/wamv_navigation/cmake/launch/bringup_launch.py
[0.216s] -- Up-to-date symlink: /home/luca002/proj_ws/install/wamv_navigation/share/wamv_navigation/cmake/launch/cloned_multi_tb3_simulation_launch.py
[0.216s] -- Up-to-date symlink: /home/luca002/proj_ws/install/wamv_navigation/share/wamv_navigation/cmake/launch/generate_wamv.launch.py
[0.216s] -- Up-to-date symlink: /home/luca002/proj_ws/install/wamv_navigation/share/wamv_navigation/cmake/launch/localization_launch.py
[0.216s] -- Up-to-date symlink: /home/luca002/proj_ws/install/wamv_navigation/share/wamv_navigation/cmake/launch/navigation_launch.py
[0.216s] -- Up-to-date symlink: /home/luca002/proj_ws/install/wamv_navigation/share/wamv_navigation/cmake/launch/rviz.launch.py
[0.217s] -- Up-to-date symlink: /home/luca002/proj_ws/install/wamv_navigation/share/wamv_navigation/cmake/launch/rviz_launch.py
[0.217s] -- Up-to-date symlink: /home/luca002/proj_ws/install/wamv_navigation/share/wamv_navigation/cmake/launch/slam_launch.py
[0.217s] -- Up-to-date symlink: /home/luca002/proj_ws/install/wamv_navigation/share/wamv_navigation/cmake/launch/spawn_tb3.launch.py
[0.218s] -- Up-to-date symlink: /home/luca002/proj_ws/install/wamv_navigation/share/wamv_navigation/cmake/launch/tb3_loopback_simulation.launch.py
[0.218s] -- Up-to-date symlink: /home/luca002/proj_ws/install/wamv_navigation/share/wamv_navigation/cmake/launch/tb3_simulation_launch.py
[0.218s] -- Up-to-date symlink: /home/luca002/proj_ws/install/wamv_navigation/share/wamv_navigation/cmake/launch/tb4_loopback_simulation.launch.py
[0.218s] -- Up-to-date symlink: /home/luca002/proj_ws/install/wamv_navigation/share/wamv_navigation/cmake/launch/tb4_simulation_launch.py
[0.219s] -- Up-to-date symlink: /home/luca002/proj_ws/install/wamv_navigation/share/wamv_navigation/cmake/launch/unique_multi_tb3_simulation_launch.py
[0.219s] -- Up-to-date symlink: /home/luca002/proj_ws/install/wamv_navigation/share/wamv_navigation/cmake/maps/depot.pgm
[0.219s] -- Up-to-date symlink: /home/luca002/proj_ws/install/wamv_navigation/share/wamv_navigation/cmake/maps/depot.yaml
[0.220s] -- Up-to-date symlink: /home/luca002/proj_ws/install/wamv_navigation/share/wamv_navigation/cmake/maps/lake.yaml
[0.220s] -- Up-to-date symlink: /home/luca002/proj_ws/install/wamv_navigation/share/wamv_navigation/cmake/maps/tb3_sandbox.pgm
[0.220s] -- Up-to-date symlink: /home/luca002/proj_ws/install/wamv_navigation/share/wamv_navigation/cmake/maps/tb3_sandbox.yaml
[0.220s] -- Up-to-date symlink: /home/luca002/proj_ws/install/wamv_navigation/share/wamv_navigation/cmake/maps/warehouse.pgm
[0.221s] -- Up-to-date symlink: /home/luca002/proj_ws/install/wamv_navigation/share/wamv_navigation/cmake/maps/warehouse.yaml
[0.221s] -- Up-to-date symlink: /home/luca002/proj_ws/install/wamv_navigation/share/wamv_navigation/cmake/params/nav2_multirobot_params_1.yaml
[0.221s] -- Up-to-date symlink: /home/luca002/proj_ws/install/wamv_navigation/share/wamv_navigation/cmake/params/nav2_multirobot_params_2.yaml
[0.222s] -- Up-to-date symlink: /home/luca002/proj_ws/install/wamv_navigation/share/wamv_navigation/cmake/params/nav2_multirobot_params_all.yaml
[0.222s] -- Up-to-date symlink: /home/luca002/proj_ws/install/wamv_navigation/share/wamv_navigation/cmake/params/nav2_params.yaml
[0.222s] -- Up-to-date symlink: /home/luca002/proj_ws/install/wamv_navigation/share/wamv_navigation/cmake/rviz/nav2_default_view.rviz
[0.222s] -- Up-to-date symlink: /home/luca002/proj_ws/install/wamv_navigation/share/wamv_navigation/cmake/rviz/nav2_namespaced_view.rviz
[0.223s] -- Up-to-date symlink: /home/luca002/proj_ws/install/wamv_navigation/share/wamv_navigation/cmake/rviz/rviz_vrx_final.rviz
[0.223s] -- Up-to-date symlink: /home/luca002/proj_ws/install/wamv_navigation/share/wamv_navigation/cmake/rviz/rviz_vrx_rsp.rviz
[0.225s] -- Up-to-date symlink: /home/luca002/proj_ws/install/wamv_navigation/share/ament_index/resource_index/package_run_dependencies/wamv_navigation
[0.225s] -- Up-to-date symlink: /home/luca002/proj_ws/install/wamv_navigation/share/ament_index/resource_index/parent_prefix_path/wamv_navigation
[0.225s] -- Up-to-date symlink: /home/luca002/proj_ws/install/wamv_navigation/share/wamv_navigation/environment/ament_prefix_path.sh
[0.225s] -- Up-to-date symlink: /home/luca002/proj_ws/install/wamv_navigation/share/wamv_navigation/environment/ament_prefix_path.dsv
[0.225s] -- Up-to-date symlink: /home/luca002/proj_ws/install/wamv_navigation/share/wamv_navigation/environment/path.sh
[0.225s] -- Up-to-date symlink: /home/luca002/proj_ws/install/wamv_navigation/share/wamv_navigation/environment/path.dsv
[0.226s] -- Up-to-date symlink: /home/luca002/proj_ws/install/wamv_navigation/share/wamv_navigation/local_setup.bash
[0.226s] -- Up-to-date symlink: /home/luca002/proj_ws/install/wamv_navigation/share/wamv_navigation/local_setup.sh
[0.226s] -- Up-to-date symlink: /home/luca002/proj_ws/install/wamv_navigation/share/wamv_navigation/local_setup.zsh
[0.226s] -- Up-to-date symlink: /home/luca002/proj_ws/install/wamv_navigation/share/wamv_navigation/local_setup.dsv
[0.226s] -- Symlinking: /home/luca002/proj_ws/install/wamv_navigation/share/wamv_navigation/package.dsv
[0.235s] -- Up-to-date symlink: /home/luca002/proj_ws/install/wamv_navigation/share/ament_index/resource_index/packages/wamv_navigation
[0.235s] -- Up-to-date symlink: /home/luca002/proj_ws/install/wamv_navigation/share/wamv_navigation/cmake/wamv_navigationConfig.cmake
[0.235s] -- Up-to-date symlink: /home/luca002/proj_ws/install/wamv_navigation/share/wamv_navigation/cmake/wamv_navigationConfig-version.cmake
[0.235s] -- Up-to-date symlink: /home/luca002/proj_ws/install/wamv_navigation/share/wamv_navigation/package.xml
[0.236s] -- Up-to-date: /home/luca002/proj_ws/install/wamv_navigation/lib/wamv_navigation
[0.236s] -- Up-to-date: /home/luca002/proj_ws/install/wamv_navigation/lib/wamv_navigation/maps
[0.236s] -- Up-to-date: /home/luca002/proj_ws/install/wamv_navigation/lib/wamv_navigation/cmake
[0.236s] -- Up-to-date: /home/luca002/proj_ws/install/wamv_navigation/lib/wamv_navigation/params
[0.236s] -- Up-to-date: /home/luca002/proj_ws/install/wamv_navigation/lib/wamv_navigation/hooks
[0.236s] -- Up-to-date: /home/luca002/proj_ws/install/wamv_navigation/lib/wamv_navigation/launch
[0.236s] -- Up-to-date: /home/luca002/proj_ws/install/wamv_navigation/lib/wamv_navigation/launch/cloned_multi_tb3_simulation_launch.py
[0.236s] -- Up-to-date: /home/luca002/proj_ws/install/wamv_navigation/lib/wamv_navigation/launch/slam_launch.py
[0.236s] -- Up-to-date: /home/luca002/proj_ws/install/wamv_navigation/lib/wamv_navigation/launch/navigation_launch.py
[0.237s] -- Up-to-date: /home/luca002/proj_ws/install/wamv_navigation/lib/wamv_navigation/launch/rviz.launch.py
[0.237s] -- Up-to-date: /home/luca002/proj_ws/install/wamv_navigation/lib/wamv_navigation/launch/unique_multi_tb3_simulation_launch.py
[0.237s] -- Up-to-date: /home/luca002/proj_ws/install/wamv_navigation/lib/wamv_navigation/launch/tb4_loopback_simulation.launch.py
[0.237s] -- Up-to-date: /home/luca002/proj_ws/install/wamv_navigation/lib/wamv_navigation/launch/tb3_loopback_simulation.launch.py
[0.237s] -- Up-to-date: /home/luca002/proj_ws/install/wamv_navigation/lib/wamv_navigation/launch/localization_launch.py
[0.237s] -- Up-to-date: /home/luca002/proj_ws/install/wamv_navigation/lib/wamv_navigation/launch/__init__.py
[0.237s] -- Up-to-date: /home/luca002/proj_ws/install/wamv_navigation/lib/wamv_navigation/launch/tb3_simulation_launch.py
[0.237s] -- Up-to-date: /home/luca002/proj_ws/install/wamv_navigation/lib/wamv_navigation/launch/rviz_launch.py
[0.237s] -- Up-to-date: /home/luca002/proj_ws/install/wamv_navigation/lib/wamv_navigation/launch/tb4_simulation_launch.py
[0.237s] -- Up-to-date: /home/luca002/proj_ws/install/wamv_navigation/lib/wamv_navigation/launch/spawn_tb3.launch.py
[0.237s] -- Up-to-date: /home/luca002/proj_ws/install/wamv_navigation/lib/wamv_navigation/launch/generate_wamv.launch.py
[0.237s] -- Up-to-date: /home/luca002/proj_ws/install/wamv_navigation/lib/wamv_navigation/launch/bringup_launch.py
[0.237s] -- Up-to-date: /home/luca002/proj_ws/install/wamv_navigation/lib/wamv_navigation/rviz
[0.237s] -- Up-to-date: /home/luca002/proj_ws/install/wamv_navigation/lib/wamv_navigation/config
[0.238s] -- Up-to-date: /home/luca002/proj_ws/install/wamv_navigation/share/wamv_navigation
[0.238s] -- Up-to-date: /home/luca002/proj_ws/install/wamv_navigation/share/wamv_navigation/maps
[0.238s] -- Up-to-date: /home/luca002/proj_ws/install/wamv_navigation/share/wamv_navigation/cmake
[0.238s] -- Up-to-date: /home/luca002/proj_ws/install/wamv_navigation/share/wamv_navigation/params
[0.238s] -- Up-to-date: /home/luca002/proj_ws/install/wamv_navigation/share/wamv_navigation/hooks
[0.238s] -- Up-to-date: /home/luca002/proj_ws/install/wamv_navigation/share/wamv_navigation/launch
[0.238s] -- Up-to-date: /home/luca002/proj_ws/install/wamv_navigation/share/wamv_navigation/launch/cloned_multi_tb3_simulation_launch.py
[0.238s] -- Up-to-date: /home/luca002/proj_ws/install/wamv_navigation/share/wamv_navigation/launch/slam_launch.py
[0.238s] -- Up-to-date: /home/luca002/proj_ws/install/wamv_navigation/share/wamv_navigation/launch/navigation_launch.py
[0.238s] -- Up-to-date: /home/luca002/proj_ws/install/wamv_navigation/share/wamv_navigation/launch/rviz.launch.py
[0.238s] -- Up-to-date: /home/luca002/proj_ws/install/wamv_navigation/share/wamv_navigation/launch/unique_multi_tb3_simulation_launch.py
[0.238s] -- Up-to-date: /home/luca002/proj_ws/install/wamv_navigation/share/wamv_navigation/launch/tb4_loopback_simulation.launch.py
[0.238s] -- Up-to-date: /home/luca002/proj_ws/install/wamv_navigation/share/wamv_navigation/launch/tb3_loopback_simulation.launch.py
[0.239s] -- Up-to-date: /home/luca002/proj_ws/install/wamv_navigation/share/wamv_navigation/launch/localization_launch.py
[0.239s] -- Up-to-date: /home/luca002/proj_ws/install/wamv_navigation/share/wamv_navigation/launch/__init__.py
[0.239s] -- Up-to-date: /home/luca002/proj_ws/install/wamv_navigation/share/wamv_navigation/launch/tb3_simulation_launch.py
[0.239s] -- Up-to-date: /home/luca002/proj_ws/install/wamv_navigation/share/wamv_navigation/launch/rviz_launch.py
[0.239s] -- Up-to-date: /home/luca002/proj_ws/install/wamv_navigation/share/wamv_navigation/launch/tb4_simulation_launch.py
[0.239s] -- Up-to-date: /home/luca002/proj_ws/install/wamv_navigation/share/wamv_navigation/launch/spawn_tb3.launch.py
[0.239s] -- Up-to-date: /home/luca002/proj_ws/install/wamv_navigation/share/wamv_navigation/launch/generate_wamv.launch.py
[0.239s] -- Up-to-date: /home/luca002/proj_ws/install/wamv_navigation/share/wamv_navigation/launch/bringup_launch.py
[0.239s] -- Up-to-date: /home/luca002/proj_ws/install/wamv_navigation/share/wamv_navigation/rviz
[0.239s] -- Up-to-date: /home/luca002/proj_ws/install/wamv_navigation/share/wamv_navigation/config
[0.243s] Invoked command in '/home/luca002/proj_ws/build/wamv_navigation' returned '0': CMAKE_PREFIX_PATH=${CMAKE_PREFIX_PATH}:/home/luca002/proj_ws/install/python_node:/opt/ros/jazzy DEBUGINFOD_URLS=https://debuginfod.ubuntu.com /usr/bin/cmake --install /home/luca002/proj_ws/build/wamv_navigation
