-- Install configuration: ""
-- Execute custom install script
-- Up-to-date symlink: /home/luca002/proj_ws/install/wamv_navigation/share/wamv_navigation/config/README.md
-- Up-to-date symlink: /home/luca002/proj_ws/install/wamv_navigation/share/wamv_navigation/config/nav2_default_view.rviz
-- Up-to-date symlink: /home/luca002/proj_ws/install/wamv_navigation/share/wamv_navigation/config/nav2_namespaced_view.rviz
-- Up-to-date symlink: /home/luca002/proj_ws/install/wamv_navigation/share/wamv_navigation/config/rviz_vrx_final.rviz
-- Up-to-date symlink: /home/luca002/proj_ws/install/wamv_navigation/share/wamv_navigation/config/rviz_vrx_rsp.rviz
-- Symlinking: /home/luca002/proj_ws/install/wamv_navigation/share/wamv_navigation/config/slam_toolbox_params.yaml
-- Up-to-date symlink: /home/luca002/proj_ws/install/wamv_navigation/share/wamv_navigation/config/turtlebot3_waffle_bridge.yaml
-- Up-to-date symlink: /home/luca002/proj_ws/install/wamv_navigation/share/wamv_navigation/config/wamv_config.yaml
-- Up-to-date symlink: /home/luca002/proj_ws/install/wamv_navigation/share/wamv_navigation/launch/__init__.py
-- Up-to-date symlink: /home/luca002/proj_ws/install/wamv_navigation/share/wamv_navigation/launch/bringup_launch.py
-- Up-to-date symlink: /home/luca002/proj_ws/install/wamv_navigation/share/wamv_navigation/launch/cloned_multi_tb3_simulation_launch.py
-- Up-to-date symlink: /home/luca002/proj_ws/install/wamv_navigation/share/wamv_navigation/launch/generate_wamv.launch.py
-- Up-to-date symlink: /home/luca002/proj_ws/install/wamv_navigation/share/wamv_navigation/launch/localization_launch.py
-- Up-to-date symlink: /home/luca002/proj_ws/install/wamv_navigation/share/wamv_navigation/launch/navigation_launch.py
-- Up-to-date symlink: /home/luca002/proj_ws/install/wamv_navigation/share/wamv_navigation/launch/robot.launch.py
-- Up-to-date symlink: /home/luca002/proj_ws/install/wamv_navigation/share/wamv_navigation/launch/rviz.launch.py
-- Up-to-date symlink: /home/luca002/proj_ws/install/wamv_navigation/share/wamv_navigation/launch/rviz2.launch.py
-- Up-to-date symlink: /home/luca002/proj_ws/install/wamv_navigation/share/wamv_navigation/launch/rviz_launch.py
-- Up-to-date symlink: /home/luca002/proj_ws/install/wamv_navigation/share/wamv_navigation/launch/slam_launch.py
-- Up-to-date symlink: /home/luca002/proj_ws/install/wamv_navigation/share/wamv_navigation/launch/spawn_tb3.launch.py
-- Up-to-date symlink: /home/luca002/proj_ws/install/wamv_navigation/share/wamv_navigation/launch/tb3_loopback_simulation.launch.py
-- Up-to-date symlink: /home/luca002/proj_ws/install/wamv_navigation/share/wamv_navigation/launch/tb3_simulation_launch.py
-- Up-to-date symlink: /home/luca002/proj_ws/install/wamv_navigation/share/wamv_navigation/launch/tb4_loopback_simulation.launch.py
-- Up-to-date symlink: /home/luca002/proj_ws/install/wamv_navigation/share/wamv_navigation/launch/tb4_simulation_launch.py
-- Up-to-date symlink: /home/luca002/proj_ws/install/wamv_navigation/share/wamv_navigation/launch/turtlebot3_state_publisher.launch.py
-- Up-to-date symlink: /home/luca002/proj_ws/install/wamv_navigation/share/wamv_navigation/launch/unique_multi_tb3_simulation_launch.py
-- Up-to-date symlink: /home/luca002/proj_ws/install/wamv_navigation/share/wamv_navigation/launch/wamv_launch.py
-- Up-to-date symlink: /home/luca002/proj_ws/install/wamv_navigation/share/wamv_navigation/maps/depot.pgm
-- Up-to-date symlink: /home/luca002/proj_ws/install/wamv_navigation/share/wamv_navigation/maps/depot.yaml
-- Up-to-date symlink: /home/luca002/proj_ws/install/wamv_navigation/share/wamv_navigation/maps/lake.yaml
-- Up-to-date symlink: /home/luca002/proj_ws/install/wamv_navigation/share/wamv_navigation/maps/tb3_sandbox.pgm
-- Up-to-date symlink: /home/luca002/proj_ws/install/wamv_navigation/share/wamv_navigation/maps/tb3_sandbox.yaml
-- Up-to-date symlink: /home/luca002/proj_ws/install/wamv_navigation/share/wamv_navigation/maps/warehouse.pgm
-- Up-to-date symlink: /home/luca002/proj_ws/install/wamv_navigation/share/wamv_navigation/maps/warehouse.yaml
-- Up-to-date symlink: /home/luca002/proj_ws/install/wamv_navigation/share/wamv_navigation/params/nav2_multirobot_params_1.yaml
-- Up-to-date symlink: /home/luca002/proj_ws/install/wamv_navigation/share/wamv_navigation/params/nav2_multirobot_params_2.yaml
-- Up-to-date symlink: /home/luca002/proj_ws/install/wamv_navigation/share/wamv_navigation/params/nav2_multirobot_params_all.yaml
-- Up-to-date symlink: /home/luca002/proj_ws/install/wamv_navigation/share/wamv_navigation/params/nav2_params.yaml
-- Up-to-date symlink: /home/luca002/proj_ws/install/wamv_navigation/share/ament_index/resource_index/package_run_dependencies/wamv_navigation
-- Up-to-date symlink: /home/luca002/proj_ws/install/wamv_navigation/share/ament_index/resource_index/parent_prefix_path/wamv_navigation
-- Up-to-date symlink: /home/luca002/proj_ws/install/wamv_navigation/share/wamv_navigation/environment/ament_prefix_path.sh
-- Up-to-date symlink: /home/luca002/proj_ws/install/wamv_navigation/share/wamv_navigation/environment/ament_prefix_path.dsv
-- Up-to-date symlink: /home/luca002/proj_ws/install/wamv_navigation/share/wamv_navigation/environment/path.sh
-- Up-to-date symlink: /home/luca002/proj_ws/install/wamv_navigation/share/wamv_navigation/environment/path.dsv
-- Up-to-date symlink: /home/luca002/proj_ws/install/wamv_navigation/share/wamv_navigation/local_setup.bash
-- Up-to-date symlink: /home/luca002/proj_ws/install/wamv_navigation/share/wamv_navigation/local_setup.sh
-- Up-to-date symlink: /home/luca002/proj_ws/install/wamv_navigation/share/wamv_navigation/local_setup.zsh
-- Up-to-date symlink: /home/luca002/proj_ws/install/wamv_navigation/share/wamv_navigation/local_setup.dsv
-- Symlinking: /home/luca002/proj_ws/install/wamv_navigation/share/wamv_navigation/package.dsv
-- Up-to-date symlink: /home/luca002/proj_ws/install/wamv_navigation/share/ament_index/resource_index/packages/wamv_navigation
-- Up-to-date symlink: /home/luca002/proj_ws/install/wamv_navigation/share/wamv_navigation/cmake/wamv_navigationConfig.cmake
-- Up-to-date symlink: /home/luca002/proj_ws/install/wamv_navigation/share/wamv_navigation/cmake/wamv_navigationConfig-version.cmake
-- Up-to-date symlink: /home/luca002/proj_ws/install/wamv_navigation/share/wamv_navigation/package.xml
-- Up-to-date: /home/luca002/proj_ws/install/wamv_navigation/lib/wamv_navigation
-- Up-to-date: /home/luca002/proj_ws/install/wamv_navigation/lib/wamv_navigation/maps
-- Up-to-date: /home/luca002/proj_ws/install/wamv_navigation/lib/wamv_navigation/params
-- Up-to-date: /home/luca002/proj_ws/install/wamv_navigation/lib/wamv_navigation/hooks
-- Up-to-date: /home/luca002/proj_ws/install/wamv_navigation/lib/wamv_navigation/launch
-- Up-to-date: /home/luca002/proj_ws/install/wamv_navigation/lib/wamv_navigation/launch/cloned_multi_tb3_simulation_launch.py
-- Up-to-date: /home/luca002/proj_ws/install/wamv_navigation/lib/wamv_navigation/launch/slam_launch.py
-- Up-to-date: /home/luca002/proj_ws/install/wamv_navigation/lib/wamv_navigation/launch/navigation_launch.py
-- Up-to-date: /home/luca002/proj_ws/install/wamv_navigation/lib/wamv_navigation/launch/rviz.launch.py
-- Up-to-date: /home/luca002/proj_ws/install/wamv_navigation/lib/wamv_navigation/launch/unique_multi_tb3_simulation_launch.py
-- Up-to-date: /home/luca002/proj_ws/install/wamv_navigation/lib/wamv_navigation/launch/tb4_loopback_simulation.launch.py
-- Up-to-date: /home/luca002/proj_ws/install/wamv_navigation/lib/wamv_navigation/launch/turtlebot3_state_publisher.launch.py
-- Up-to-date: /home/luca002/proj_ws/install/wamv_navigation/lib/wamv_navigation/launch/wamv_launch.py
-- Up-to-date: /home/luca002/proj_ws/install/wamv_navigation/lib/wamv_navigation/launch/robot.launch.py
-- Up-to-date: /home/luca002/proj_ws/install/wamv_navigation/lib/wamv_navigation/launch/tb3_loopback_simulation.launch.py
-- Up-to-date: /home/luca002/proj_ws/install/wamv_navigation/lib/wamv_navigation/launch/localization_launch.py
-- Up-to-date: /home/luca002/proj_ws/install/wamv_navigation/lib/wamv_navigation/launch/rviz2.launch.py
-- Up-to-date: /home/luca002/proj_ws/install/wamv_navigation/lib/wamv_navigation/launch/__init__.py
-- Up-to-date: /home/luca002/proj_ws/install/wamv_navigation/lib/wamv_navigation/launch/tb3_simulation_launch.py
-- Up-to-date: /home/luca002/proj_ws/install/wamv_navigation/lib/wamv_navigation/launch/rviz_launch.py
-- Up-to-date: /home/luca002/proj_ws/install/wamv_navigation/lib/wamv_navigation/launch/tb4_simulation_launch.py
-- Up-to-date: /home/luca002/proj_ws/install/wamv_navigation/lib/wamv_navigation/launch/spawn_tb3.launch.py
-- Up-to-date: /home/luca002/proj_ws/install/wamv_navigation/lib/wamv_navigation/launch/generate_wamv.launch.py
-- Up-to-date: /home/luca002/proj_ws/install/wamv_navigation/lib/wamv_navigation/launch/bringup_launch.py
-- Up-to-date: /home/luca002/proj_ws/install/wamv_navigation/lib/wamv_navigation/config
