[0.017s] Invoking command in '/home/luca002/proj_ws/build/pose_to_tf': CMAKE_PREFIX_PATH=${CMAKE_PREFIX_PATH}:/opt/ros/jazzy DEBUGINFOD_URLS=https://debuginfod.ubuntu.com /usr/bin/cmake --build /home/luca002/proj_ws/build/pose_to_tf -- -j16 -l16
[0.058s] [ 50%] Built target pose_to_tf
[0.058s] [100%] Built target pose_with_covariance
[0.083s] Invoked command in '/home/luca002/proj_ws/build/pose_to_tf' returned '0': CMAKE_PREFIX_PATH=${CMAKE_PREFIX_PATH}:/opt/ros/jazzy DEBUGINFOD_URLS=https://debuginfod.ubuntu.com /usr/bin/cmake --build /home/luca002/proj_ws/build/pose_to_tf -- -j16 -l16
[0.084s] Invoking command in '/home/luca002/proj_ws/build/pose_to_tf': CMAKE_PREFIX_PATH=${CMAKE_PREFIX_PATH}:/opt/ros/jazzy DEBUGINFOD_URLS=https://debuginfod.ubuntu.com /usr/bin/cmake --install /home/luca002/proj_ws/build/pose_to_tf
[0.091s] -- Install configuration: ""
[0.091s] -- Up-to-date: /home/luca002/proj_ws/install/share/pose_to_tf/params
[0.091s] -- Up-to-date: /home/luca002/proj_ws/install/share/pose_to_tf/params/ekf.yaml
[0.091s] -- Up-to-date: /home/luca002/proj_ws/install/lib/pose_to_tf/pose_to_tf
[0.091s] -- Up-to-date: /home/luca002/proj_ws/install/lib/pose_to_tf/pose_with_covariance
[0.091s] -- Up-to-date: /home/luca002/proj_ws/install/share/ament_index/resource_index/package_run_dependencies/pose_to_tf
[0.091s] -- Up-to-date: /home/luca002/proj_ws/install/share/ament_index/resource_index/parent_prefix_path/pose_to_tf
[0.091s] -- Up-to-date: /home/luca002/proj_ws/install/share/pose_to_tf/environment/ament_prefix_path.sh
[0.091s] -- Up-to-date: /home/luca002/proj_ws/install/share/pose_to_tf/environment/ament_prefix_path.dsv
[0.091s] -- Up-to-date: /home/luca002/proj_ws/install/share/pose_to_tf/environment/path.sh
[0.091s] -- Up-to-date: /home/luca002/proj_ws/install/share/pose_to_tf/environment/path.dsv
[0.091s] -- Up-to-date: /home/luca002/proj_ws/install/share/pose_to_tf/local_setup.bash
[0.092s] -- Up-to-date: /home/luca002/proj_ws/install/share/pose_to_tf/local_setup.sh
[0.092s] -- Up-to-date: /home/luca002/proj_ws/install/share/pose_to_tf/local_setup.zsh
[0.092s] -- Up-to-date: /home/luca002/proj_ws/install/share/pose_to_tf/local_setup.dsv
[0.092s] -- Installing: /home/luca002/proj_ws/install/share/pose_to_tf/package.dsv
[0.092s] -- Up-to-date: /home/luca002/proj_ws/install/share/ament_index/resource_index/packages/pose_to_tf
[0.092s] -- Up-to-date: /home/luca002/proj_ws/install/share/pose_to_tf/cmake/ament_cmake_export_dependencies-extras.cmake
[0.092s] -- Up-to-date: /home/luca002/proj_ws/install/share/pose_to_tf/cmake/pose_to_tfConfig.cmake
[0.092s] -- Up-to-date: /home/luca002/proj_ws/install/share/pose_to_tf/cmake/pose_to_tfConfig-version.cmake
[0.092s] -- Up-to-date: /home/luca002/proj_ws/install/share/pose_to_tf/package.xml
[0.105s] Invoked command in '/home/luca002/proj_ws/build/pose_to_tf' returned '0': CMAKE_PREFIX_PATH=${CMAKE_PREFIX_PATH}:/opt/ros/jazzy DEBUGINFOD_URLS=https://debuginfod.ubuntu.com /usr/bin/cmake --install /home/luca002/proj_ws/build/pose_to_tf
