-- The C compiler identification is GNU 13.3.0
-- The CXX compiler identification is GNU 13.3.0
-- Detecting C compiler ABI info
-- Detecting C compiler ABI info - done
-- Check for working C compiler: /usr/bin/cc - skipped
-- Detecting C compile features
-- Detecting C compile features - done
-- Detecting CXX compiler ABI info
-- Detecting CXX compiler ABI info - done
-- Check for working CXX compiler: /usr/bin/c++ - skipped
-- Detecting CXX compile features
-- Detecting CXX compile features - done
-- Found ament_cmake: 2.5.4 (/opt/ros/jazzy/share/ament_cmake/cmake)
-- Found Python3: /usr/bin/python3 (found version "3.12.3") found components: Interpreter 
-- Override CMake install command with custom implementation using symlinks instead of copying resources
-- Found std_msgs: 5.3.6 (/opt/ros/jazzy/share/std_msgs/cmake)
-- Found rosidl_generator_c: 4.6.5 (/opt/ros/jazzy/share/rosidl_generator_c/cmake)
-- Found rosidl_generator_cpp: 4.6.5 (/opt/ros/jazzy/share/rosidl_generator_cpp/cmake)
-- Using all available rosidl_typesupport_c: rosidl_typesupport_fastrtps_c;rosidl_typesupport_introspection_c
-- Using all available rosidl_typesupport_cpp: rosidl_typesupport_fastrtps_cpp;rosidl_typesupport_introspection_cpp
-- Found rosidl_default_generators: 1.6.0 (/opt/ros/jazzy/share/rosidl_default_generators/cmake)
-- Found rosidl_adapter: 4.6.5 (/opt/ros/jazzy/share/rosidl_adapter/cmake)
-- Found ament_cmake_ros: 0.12.0 (/opt/ros/jazzy/share/ament_cmake_ros/cmake)
-- Using all available rosidl_typesupport_c: rosidl_typesupport_fastrtps_c;rosidl_typesupport_introspection_c
-- Using all available rosidl_typesupport_cpp: rosidl_typesupport_fastrtps_cpp;rosidl_typesupport_introspection_cpp
-- Found python_cmake_module: 0.11.1 (/opt/ros/jazzy/share/python_cmake_module/cmake)
-- Found PythonExtra: /usr/bin/python3  
-- Found Python3: /usr/bin/python3 (found version "3.12.3") found components: Interpreter Development NumPy Development.Module Development.Embed 
-- Configuring done (2.6s)
-- Generating done (0.0s)
-- Build files have been written to: /home/luca002/proj_ws/build/custom_interface
[  2%] [34m[1mGenerating type hashes for ROS interfaces[0m
[  2%] Built target ament_cmake_python_symlink_custom_interface
[  2%] Built target custom_interface__rosidl_generator_type_description
[  4%] [34m[1mGenerating C code for ROS interfaces[0m
[  6%] [34m[1mGenerating C++ code for ROS interfaces[0m
running egg_info
creating custom_interface.egg-info
writing custom_interface.egg-info/PKG-INFO
writing dependency_links to custom_interface.egg-info/dependency_links.txt
writing top-level names to custom_interface.egg-info/top_level.txt
writing manifest file 'custom_interface.egg-info/SOURCES.txt'
reading manifest file 'custom_interface.egg-info/SOURCES.txt'
writing manifest file 'custom_interface.egg-info/SOURCES.txt'
[  6%] Built target ament_cmake_python_build_custom_interface_egg
[  6%] Built target custom_interface__cpp
[ 18%] [32mBuilding C object CMakeFiles/custom_interface__rosidl_generator_c.dir/rosidl_generator_c/custom_interface/msg/detail/custom_msg__type_support.c.o[0m
[ 18%] [32mBuilding C object CMakeFiles/custom_interface__rosidl_generator_c.dir/rosidl_generator_c/custom_interface/srv/detail/custom_srv__type_support.c.o[0m
[ 18%] [32mBuilding C object CMakeFiles/custom_interface__rosidl_generator_c.dir/rosidl_generator_c/custom_interface/msg/detail/custom_msg__description.c.o[0m
[ 18%] [32mBuilding C object CMakeFiles/custom_interface__rosidl_generator_c.dir/rosidl_generator_c/custom_interface/msg/detail/custom_msg__functions.c.o[0m
[ 18%] [32mBuilding C object CMakeFiles/custom_interface__rosidl_generator_c.dir/rosidl_generator_c/custom_interface/srv/detail/custom_srv__functions.c.o[0m
[ 20%] [32mBuilding C object CMakeFiles/custom_interface__rosidl_generator_c.dir/rosidl_generator_c/custom_interface/srv/detail/custom_srv__description.c.o[0m
[ 22%] [32m[1mLinking C shared library libcustom_interface__rosidl_generator_c.so[0m
[ 22%] Built target custom_interface__rosidl_generator_c
[ 29%] [34m[1mGenerating C++ type support for eProsima Fast-RTPS[0m
[ 29%] [34m[1mGenerating C type support dispatch for ROS interfaces[0m
[ 36%] [34m[1mGenerating C type support for eProsima Fast-RTPS[0m
[ 29%] [34m[1mGenerating C introspection for ROS interfaces[0m
[ 36%] [34m[1mGenerating C++ type support dispatch for ROS interfaces[0m
[ 36%] [34m[1mGenerating C++ introspection for ROS interfaces[0m
[ 40%] [32mBuilding CXX object CMakeFiles/custom_interface__rosidl_typesupport_c.dir/rosidl_typesupport_c/custom_interface/msg/custom_msg__type_support.cpp.o[0m
[ 40%] [32mBuilding CXX object CMakeFiles/custom_interface__rosidl_typesupport_c.dir/rosidl_typesupport_c/custom_interface/srv/custom_srv__type_support.cpp.o[0m
[ 45%] [32mBuilding CXX object CMakeFiles/custom_interface__rosidl_typesupport_cpp.dir/rosidl_typesupport_cpp/custom_interface/srv/custom_srv__type_support.cpp.o[0m
[ 45%] [32mBuilding CXX object CMakeFiles/custom_interface__rosidl_typesupport_cpp.dir/rosidl_typesupport_cpp/custom_interface/msg/custom_msg__type_support.cpp.o[0m
[ 50%] [32mBuilding C object CMakeFiles/custom_interface__rosidl_typesupport_introspection_c.dir/rosidl_typesupport_introspection_c/custom_interface/srv/detail/custom_srv__type_support.c.o[0m
[ 50%] [32mBuilding C object CMakeFiles/custom_interface__rosidl_typesupport_introspection_c.dir/rosidl_typesupport_introspection_c/custom_interface/msg/detail/custom_msg__type_support.c.o[0m
[ 54%] [32mBuilding CXX object CMakeFiles/custom_interface__rosidl_typesupport_introspection_cpp.dir/rosidl_typesupport_introspection_cpp/custom_interface/srv/detail/custom_srv__type_support.cpp.o[0m
[ 54%] [32mBuilding CXX object CMakeFiles/custom_interface__rosidl_typesupport_introspection_cpp.dir/rosidl_typesupport_introspection_cpp/custom_interface/msg/detail/custom_msg__type_support.cpp.o[0m
[ 56%] [32m[1mLinking CXX shared library libcustom_interface__rosidl_typesupport_c.so[0m
[ 61%] [32mBuilding CXX object CMakeFiles/custom_interface__rosidl_typesupport_fastrtps_cpp.dir/rosidl_typesupport_fastrtps_cpp/custom_interface/msg/detail/dds_fastrtps/custom_msg__type_support.cpp.o[0m
[ 61%] [32mBuilding CXX object CMakeFiles/custom_interface__rosidl_typesupport_fastrtps_cpp.dir/rosidl_typesupport_fastrtps_cpp/custom_interface/srv/detail/dds_fastrtps/custom_srv__type_support.cpp.o[0m
[ 63%] [32m[1mLinking C shared library libcustom_interface__rosidl_typesupport_introspection_c.so[0m
[ 68%] [32mBuilding CXX object CMakeFiles/custom_interface__rosidl_typesupport_fastrtps_c.dir/rosidl_typesupport_fastrtps_c/custom_interface/msg/detail/custom_msg__type_support_c.cpp.o[0m
[ 68%] [32mBuilding CXX object CMakeFiles/custom_interface__rosidl_typesupport_fastrtps_c.dir/rosidl_typesupport_fastrtps_c/custom_interface/srv/detail/custom_srv__type_support_c.cpp.o[0m
[ 68%] Built target custom_interface__rosidl_typesupport_c
[ 68%] Built target custom_interface__rosidl_typesupport_introspection_c
[ 70%] [32m[1mLinking CXX shared library libcustom_interface__rosidl_typesupport_cpp.so[0m
[ 72%] [32m[1mLinking CXX shared library libcustom_interface__rosidl_typesupport_introspection_cpp.so[0m
[ 72%] Built target custom_interface__rosidl_typesupport_cpp
[ 72%] Built target custom_interface__rosidl_typesupport_introspection_cpp
[ 75%] [32m[1mLinking CXX shared library libcustom_interface__rosidl_typesupport_fastrtps_c.so[0m
[ 77%] [32m[1mLinking CXX shared library libcustom_interface__rosidl_typesupport_fastrtps_cpp.so[0m
[ 77%] Built target custom_interface__rosidl_typesupport_fastrtps_c
[ 77%] Built target custom_interface__rosidl_typesupport_fastrtps_cpp
[ 77%] Built target custom_interface
[ 79%] [34m[1mGenerating Python code for ROS interfaces[0m
[ 79%] Built target custom_interface__py
[ 84%] [32mBuilding C object CMakeFiles/custom_interface__rosidl_generator_py.dir/rosidl_generator_py/custom_interface/srv/_custom_srv_s.c.o[0m
[ 84%] [32mBuilding C object CMakeFiles/custom_interface__rosidl_generator_py.dir/rosidl_generator_py/custom_interface/msg/_custom_msg_s.c.o[0m
[ 86%] [32m[1mLinking C shared library libcustom_interface__rosidl_generator_py.so[0m
[ 86%] Built target custom_interface__rosidl_generator_py
[ 93%] [32mBuilding C object CMakeFiles/custom_interface_s__rosidl_typesupport_c.dir/rosidl_generator_py/custom_interface/_custom_interface_s.ep.rosidl_typesupport_c.c.o[0m
[ 93%] [32mBuilding C object CMakeFiles/custom_interface_s__rosidl_typesupport_introspection_c.dir/rosidl_generator_py/custom_interface/_custom_interface_s.ep.rosidl_typesupport_introspection_c.c.o[0m
[ 93%] [32mBuilding C object CMakeFiles/custom_interface_s__rosidl_typesupport_fastrtps_c.dir/rosidl_generator_py/custom_interface/_custom_interface_s.ep.rosidl_typesupport_fastrtps_c.c.o[0m
[100%] [32m[1mLinking C shared module rosidl_generator_py/custom_interface/custom_interface_s__rosidl_typesupport_c.so[0m
[100%] [32m[1mLinking C shared module rosidl_generator_py/custom_interface/custom_interface_s__rosidl_typesupport_introspection_c.so[0m
[100%] [32m[1mLinking C shared module rosidl_generator_py/custom_interface/custom_interface_s__rosidl_typesupport_fastrtps_c.so[0m
[100%] Built target custom_interface_s__rosidl_typesupport_introspection_c
[100%] Built target custom_interface_s__rosidl_typesupport_fastrtps_c
[100%] Built target custom_interface_s__rosidl_typesupport_c
-- Install configuration: ""
-- Execute custom install script
-- Symlinking: /home/luca002/proj_ws/install/custom_interface/share/ament_index/resource_index/rosidl_interfaces/custom_interface
-- Symlinking: /home/luca002/proj_ws/install/custom_interface/share/custom_interface/msg/CustomMsg.json
-- Symlinking: /home/luca002/proj_ws/install/custom_interface/share/custom_interface/srv/CustomSrv.json
-- Symlinking: /home/luca002/proj_ws/install/custom_interface/include/custom_interface/custom_interface/msg/custom_msg.h
-- Symlinking: /home/luca002/proj_ws/install/custom_interface/include/custom_interface/custom_interface/msg/detail/custom_msg__functions.h
-- Symlinking: /home/luca002/proj_ws/install/custom_interface/include/custom_interface/custom_interface/msg/detail/custom_msg__struct.h
-- Symlinking: /home/luca002/proj_ws/install/custom_interface/include/custom_interface/custom_interface/msg/detail/custom_msg__type_support.h
-- Symlinking: /home/luca002/proj_ws/install/custom_interface/include/custom_interface/custom_interface/msg/rosidl_generator_c__visibility_control.h
-- Symlinking: /home/luca002/proj_ws/install/custom_interface/include/custom_interface/custom_interface/srv/custom_srv.h
-- Symlinking: /home/luca002/proj_ws/install/custom_interface/include/custom_interface/custom_interface/srv/detail/custom_srv__functions.h
-- Symlinking: /home/luca002/proj_ws/install/custom_interface/include/custom_interface/custom_interface/srv/detail/custom_srv__struct.h
-- Symlinking: /home/luca002/proj_ws/install/custom_interface/include/custom_interface/custom_interface/srv/detail/custom_srv__type_support.h
-- Symlinking: /home/luca002/proj_ws/install/custom_interface/share/custom_interface/environment/library_path.sh
-- Symlinking: /home/luca002/proj_ws/install/custom_interface/share/custom_interface/environment/library_path.dsv
-- Symlinking: /home/luca002/proj_ws/install/custom_interface/include/custom_interface/custom_interface/msg/detail/custom_msg__rosidl_typesupport_fastrtps_c.h
-- Symlinking: /home/luca002/proj_ws/install/custom_interface/include/custom_interface/custom_interface/msg/rosidl_typesupport_fastrtps_c__visibility_control.h
-- Symlinking: /home/luca002/proj_ws/install/custom_interface/include/custom_interface/custom_interface/srv/detail/custom_srv__rosidl_typesupport_fastrtps_c.h
-- Symlinking: /home/luca002/proj_ws/install/custom_interface/include/custom_interface/custom_interface/msg/custom_msg.hpp
-- Symlinking: /home/luca002/proj_ws/install/custom_interface/include/custom_interface/custom_interface/msg/detail/custom_msg__builder.hpp
-- Symlinking: /home/luca002/proj_ws/install/custom_interface/include/custom_interface/custom_interface/msg/detail/custom_msg__struct.hpp
-- Symlinking: /home/luca002/proj_ws/install/custom_interface/include/custom_interface/custom_interface/msg/detail/custom_msg__traits.hpp
-- Symlinking: /home/luca002/proj_ws/install/custom_interface/include/custom_interface/custom_interface/msg/detail/custom_msg__type_support.hpp
-- Symlinking: /home/luca002/proj_ws/install/custom_interface/include/custom_interface/custom_interface/msg/rosidl_generator_cpp__visibility_control.hpp
-- Symlinking: /home/luca002/proj_ws/install/custom_interface/include/custom_interface/custom_interface/srv/custom_srv.hpp
-- Symlinking: /home/luca002/proj_ws/install/custom_interface/include/custom_interface/custom_interface/srv/detail/custom_srv__builder.hpp
-- Symlinking: /home/luca002/proj_ws/install/custom_interface/include/custom_interface/custom_interface/srv/detail/custom_srv__struct.hpp
-- Symlinking: /home/luca002/proj_ws/install/custom_interface/include/custom_interface/custom_interface/srv/detail/custom_srv__traits.hpp
-- Symlinking: /home/luca002/proj_ws/install/custom_interface/include/custom_interface/custom_interface/srv/detail/custom_srv__type_support.hpp
-- Symlinking: /home/luca002/proj_ws/install/custom_interface/include/custom_interface/custom_interface/msg/detail/custom_msg__rosidl_typesupport_fastrtps_cpp.hpp
-- Symlinking: /home/luca002/proj_ws/install/custom_interface/include/custom_interface/custom_interface/msg/rosidl_typesupport_fastrtps_cpp__visibility_control.h
-- Symlinking: /home/luca002/proj_ws/install/custom_interface/include/custom_interface/custom_interface/srv/detail/custom_srv__rosidl_typesupport_fastrtps_cpp.hpp
-- Symlinking: /home/luca002/proj_ws/install/custom_interface/include/custom_interface/custom_interface/msg/detail/custom_msg__rosidl_typesupport_introspection_c.h
-- Symlinking: /home/luca002/proj_ws/install/custom_interface/include/custom_interface/custom_interface/msg/rosidl_typesupport_introspection_c__visibility_control.h
-- Symlinking: /home/luca002/proj_ws/install/custom_interface/include/custom_interface/custom_interface/srv/detail/custom_srv__rosidl_typesupport_introspection_c.h
-- Symlinking: /home/luca002/proj_ws/install/custom_interface/include/custom_interface/custom_interface/msg/detail/custom_msg__rosidl_typesupport_introspection_cpp.hpp
-- Symlinking: /home/luca002/proj_ws/install/custom_interface/include/custom_interface/custom_interface/srv/detail/custom_srv__rosidl_typesupport_introspection_cpp.hpp
-- Symlinking: /home/luca002/proj_ws/install/custom_interface/share/custom_interface/environment/pythonpath.sh
-- Symlinking: /home/luca002/proj_ws/install/custom_interface/share/custom_interface/environment/pythonpath.dsv
-- Symlinking: /home/luca002/proj_ws/install/custom_interface/lib/python3.12/site-packages/custom_interface-0.0.0-py3.12.egg-info/PKG-INFO
-- Symlinking: /home/luca002/proj_ws/install/custom_interface/lib/python3.12/site-packages/custom_interface-0.0.0-py3.12.egg-info/SOURCES.txt
-- Symlinking: /home/luca002/proj_ws/install/custom_interface/lib/python3.12/site-packages/custom_interface-0.0.0-py3.12.egg-info/dependency_links.txt
-- Symlinking: /home/luca002/proj_ws/install/custom_interface/lib/python3.12/site-packages/custom_interface-0.0.0-py3.12.egg-info/top_level.txt
-- Symlinking: /home/luca002/proj_ws/install/custom_interface/lib/python3.12/site-packages/custom_interface/__init__.py
-- Symlinking: /home/luca002/proj_ws/install/custom_interface/lib/python3.12/site-packages/custom_interface/_custom_interface_s.ep.rosidl_typesupport_c.c
-- Symlinking: /home/luca002/proj_ws/install/custom_interface/lib/python3.12/site-packages/custom_interface/_custom_interface_s.ep.rosidl_typesupport_fastrtps_c.c
-- Symlinking: /home/luca002/proj_ws/install/custom_interface/lib/python3.12/site-packages/custom_interface/_custom_interface_s.ep.rosidl_typesupport_introspection_c.c
-- Symlinking: /home/luca002/proj_ws/install/custom_interface/lib/python3.12/site-packages/custom_interface/custom_interface_s__rosidl_typesupport_c.so
-- Symlinking: /home/luca002/proj_ws/install/custom_interface/lib/python3.12/site-packages/custom_interface/custom_interface_s__rosidl_typesupport_fastrtps_c.so
-- Symlinking: /home/luca002/proj_ws/install/custom_interface/lib/python3.12/site-packages/custom_interface/custom_interface_s__rosidl_typesupport_introspection_c.so
-- Symlinking: /home/luca002/proj_ws/install/custom_interface/lib/python3.12/site-packages/custom_interface/msg/__init__.py
-- Symlinking: /home/luca002/proj_ws/install/custom_interface/lib/python3.12/site-packages/custom_interface/msg/_custom_msg.py
-- Symlinking: /home/luca002/proj_ws/install/custom_interface/lib/python3.12/site-packages/custom_interface/msg/_custom_msg_s.c
-- Symlinking: /home/luca002/proj_ws/install/custom_interface/lib/python3.12/site-packages/custom_interface/srv/__init__.py
-- Symlinking: /home/luca002/proj_ws/install/custom_interface/lib/python3.12/site-packages/custom_interface/srv/_custom_srv.py
-- Symlinking: /home/luca002/proj_ws/install/custom_interface/lib/python3.12/site-packages/custom_interface/srv/_custom_srv_s.c
-- Up-to-date symlink: /home/luca002/proj_ws/install/custom_interface/lib/python3.12/site-packages/custom_interface/custom_interface_s__rosidl_typesupport_fastrtps_c.so
-- Up-to-date symlink: /home/luca002/proj_ws/install/custom_interface/lib/python3.12/site-packages/custom_interface/custom_interface_s__rosidl_typesupport_introspection_c.so
-- Up-to-date symlink: /home/luca002/proj_ws/install/custom_interface/lib/python3.12/site-packages/custom_interface/custom_interface_s__rosidl_typesupport_c.so
-- Symlinking: /home/luca002/proj_ws/install/custom_interface/share/custom_interface/msg/CustomMsg.idl
-- Symlinking: /home/luca002/proj_ws/install/custom_interface/share/custom_interface/srv/CustomSrv.idl
-- Symlinking: /home/luca002/proj_ws/install/custom_interface/share/custom_interface/msg/CustomMsg.msg
-- Symlinking: /home/luca002/proj_ws/install/custom_interface/share/custom_interface/srv/CustomSrv.srv
-- Symlinking: /home/luca002/proj_ws/install/custom_interface/share/ament_index/resource_index/package_run_dependencies/custom_interface
-- Symlinking: /home/luca002/proj_ws/install/custom_interface/share/ament_index/resource_index/parent_prefix_path/custom_interface
-- Symlinking: /home/luca002/proj_ws/install/custom_interface/share/custom_interface/environment/ament_prefix_path.sh
-- Symlinking: /home/luca002/proj_ws/install/custom_interface/share/custom_interface/environment/ament_prefix_path.dsv
-- Symlinking: /home/luca002/proj_ws/install/custom_interface/share/custom_interface/environment/path.sh
-- Symlinking: /home/luca002/proj_ws/install/custom_interface/share/custom_interface/environment/path.dsv
-- Symlinking: /home/luca002/proj_ws/install/custom_interface/share/custom_interface/local_setup.bash
-- Symlinking: /home/luca002/proj_ws/install/custom_interface/share/custom_interface/local_setup.sh
-- Symlinking: /home/luca002/proj_ws/install/custom_interface/share/custom_interface/local_setup.zsh
-- Symlinking: /home/luca002/proj_ws/install/custom_interface/share/custom_interface/local_setup.dsv
-- Symlinking: /home/luca002/proj_ws/install/custom_interface/share/custom_interface/package.dsv
-- Symlinking: /home/luca002/proj_ws/install/custom_interface/share/ament_index/resource_index/packages/custom_interface
-- Symlinking: /home/luca002/proj_ws/install/custom_interface/share/custom_interface/cmake/rosidl_cmake-extras.cmake
-- Symlinking: /home/luca002/proj_ws/install/custom_interface/share/custom_interface/cmake/ament_cmake_export_dependencies-extras.cmake
-- Symlinking: /home/luca002/proj_ws/install/custom_interface/share/custom_interface/cmake/ament_cmake_export_include_directories-extras.cmake
-- Symlinking: /home/luca002/proj_ws/install/custom_interface/share/custom_interface/cmake/ament_cmake_export_libraries-extras.cmake
-- Symlinking: /home/luca002/proj_ws/install/custom_interface/share/custom_interface/cmake/ament_cmake_export_targets-extras.cmake
-- Symlinking: /home/luca002/proj_ws/install/custom_interface/share/custom_interface/cmake/rosidl_cmake_export_typesupport_targets-extras.cmake
-- Symlinking: /home/luca002/proj_ws/install/custom_interface/share/custom_interface/cmake/rosidl_cmake_export_typesupport_libraries-extras.cmake
-- Symlinking: /home/luca002/proj_ws/install/custom_interface/share/custom_interface/cmake/custom_interfaceConfig.cmake
-- Symlinking: /home/luca002/proj_ws/install/custom_interface/share/custom_interface/cmake/custom_interfaceConfig-version.cmake
-- Symlinking: /home/luca002/proj_ws/install/custom_interface/share/custom_interface/package.xml
-- Installing: /home/luca002/proj_ws/install/custom_interface/lib/libcustom_interface__rosidl_generator_c.so
-- Set non-toolchain portion of runtime path of "/home/luca002/proj_ws/install/custom_interface/lib/libcustom_interface__rosidl_generator_c.so" to ""
-- Installing: /home/luca002/proj_ws/install/custom_interface/lib/libcustom_interface__rosidl_typesupport_fastrtps_c.so
-- Set non-toolchain portion of runtime path of "/home/luca002/proj_ws/install/custom_interface/lib/libcustom_interface__rosidl_typesupport_fastrtps_c.so" to ""
-- Installing: /home/luca002/proj_ws/install/custom_interface/lib/libcustom_interface__rosidl_typesupport_fastrtps_cpp.so
-- Set non-toolchain portion of runtime path of "/home/luca002/proj_ws/install/custom_interface/lib/libcustom_interface__rosidl_typesupport_fastrtps_cpp.so" to ""
-- Installing: /home/luca002/proj_ws/install/custom_interface/lib/libcustom_interface__rosidl_typesupport_introspection_c.so
-- Set non-toolchain portion of runtime path of "/home/luca002/proj_ws/install/custom_interface/lib/libcustom_interface__rosidl_typesupport_introspection_c.so" to ""
-- Installing: /home/luca002/proj_ws/install/custom_interface/lib/libcustom_interface__rosidl_typesupport_c.so
-- Set non-toolchain portion of runtime path of "/home/luca002/proj_ws/install/custom_interface/lib/libcustom_interface__rosidl_typesupport_c.so" to ""
-- Installing: /home/luca002/proj_ws/install/custom_interface/lib/libcustom_interface__rosidl_typesupport_introspection_cpp.so
-- Set non-toolchain portion of runtime path of "/home/luca002/proj_ws/install/custom_interface/lib/libcustom_interface__rosidl_typesupport_introspection_cpp.so" to ""
-- Installing: /home/luca002/proj_ws/install/custom_interface/lib/libcustom_interface__rosidl_typesupport_cpp.so
-- Set non-toolchain portion of runtime path of "/home/luca002/proj_ws/install/custom_interface/lib/libcustom_interface__rosidl_typesupport_cpp.so" to ""
Listing '/home/luca002/proj_ws/install/custom_interface/lib/python3.12/site-packages/custom_interface'...
Compiling '/home/luca002/proj_ws/install/custom_interface/lib/python3.12/site-packages/custom_interface/__init__.py'...
Listing '/home/luca002/proj_ws/install/custom_interface/lib/python3.12/site-packages/custom_interface/msg'...
Compiling '/home/luca002/proj_ws/install/custom_interface/lib/python3.12/site-packages/custom_interface/msg/__init__.py'...
Compiling '/home/luca002/proj_ws/install/custom_interface/lib/python3.12/site-packages/custom_interface/msg/_custom_msg.py'...
Listing '/home/luca002/proj_ws/install/custom_interface/lib/python3.12/site-packages/custom_interface/srv'...
Compiling '/home/luca002/proj_ws/install/custom_interface/lib/python3.12/site-packages/custom_interface/srv/__init__.py'...
Compiling '/home/luca002/proj_ws/install/custom_interface/lib/python3.12/site-packages/custom_interface/srv/_custom_srv.py'...
-- Installing: /home/luca002/proj_ws/install/custom_interface/lib/libcustom_interface__rosidl_generator_py.so
-- Set non-toolchain portion of runtime path of "/home/luca002/proj_ws/install/custom_interface/lib/libcustom_interface__rosidl_generator_py.so" to ""
-- Installing: /home/luca002/proj_ws/install/custom_interface/share/custom_interface/cmake/export_custom_interface__rosidl_generator_cExport.cmake
-- Installing: /home/luca002/proj_ws/install/custom_interface/share/custom_interface/cmake/export_custom_interface__rosidl_generator_cExport-noconfig.cmake
-- Installing: /home/luca002/proj_ws/install/custom_interface/share/custom_interface/cmake/export_custom_interface__rosidl_typesupport_fastrtps_cExport.cmake
-- Installing: /home/luca002/proj_ws/install/custom_interface/share/custom_interface/cmake/export_custom_interface__rosidl_typesupport_fastrtps_cExport-noconfig.cmake
-- Installing: /home/luca002/proj_ws/install/custom_interface/share/custom_interface/cmake/export_custom_interface__rosidl_generator_cppExport.cmake
-- Installing: /home/luca002/proj_ws/install/custom_interface/share/custom_interface/cmake/export_custom_interface__rosidl_typesupport_fastrtps_cppExport.cmake
-- Installing: /home/luca002/proj_ws/install/custom_interface/share/custom_interface/cmake/export_custom_interface__rosidl_typesupport_fastrtps_cppExport-noconfig.cmake
-- Installing: /home/luca002/proj_ws/install/custom_interface/share/custom_interface/cmake/custom_interface__rosidl_typesupport_introspection_cExport.cmake
-- Installing: /home/luca002/proj_ws/install/custom_interface/share/custom_interface/cmake/custom_interface__rosidl_typesupport_introspection_cExport-noconfig.cmake
-- Installing: /home/luca002/proj_ws/install/custom_interface/share/custom_interface/cmake/custom_interface__rosidl_typesupport_cExport.cmake
-- Installing: /home/luca002/proj_ws/install/custom_interface/share/custom_interface/cmake/custom_interface__rosidl_typesupport_cExport-noconfig.cmake
-- Installing: /home/luca002/proj_ws/install/custom_interface/share/custom_interface/cmake/custom_interface__rosidl_typesupport_introspection_cppExport.cmake
-- Installing: /home/luca002/proj_ws/install/custom_interface/share/custom_interface/cmake/custom_interface__rosidl_typesupport_introspection_cppExport-noconfig.cmake
-- Installing: /home/luca002/proj_ws/install/custom_interface/share/custom_interface/cmake/custom_interface__rosidl_typesupport_cppExport.cmake
-- Installing: /home/luca002/proj_ws/install/custom_interface/share/custom_interface/cmake/custom_interface__rosidl_typesupport_cppExport-noconfig.cmake
-- Installing: /home/luca002/proj_ws/install/custom_interface/share/custom_interface/cmake/export_custom_interface__rosidl_generator_pyExport.cmake
-- Installing: /home/luca002/proj_ws/install/custom_interface/share/custom_interface/cmake/export_custom_interface__rosidl_generator_pyExport-noconfig.cmake
