[0.025s] Invoking command in '/home/luca002/proj_ws/build/custom_interface': CMAKE_PREFIX_PATH=${CMAKE_PREFIX_PATH}:/opt/ros/jazzy DEBUGINFOD_URLS=https://debuginfod.ubuntu.com /usr/bin/cmake /home/luca002/proj_ws/src/custom_interface -DAMENT_CMAKE_SYMLINK_INSTALL=1 -DCMAKE_INSTALL_PREFIX=/home/luca002/proj_ws/install/custom_interface
[0.492s] -- The C compiler identification is GNU 13.3.0
[0.492s] -- The CXX compiler identification is GNU 13.3.0
[0.492s] -- Detecting C compiler ABI info
[0.492s] -- Detecting C compiler ABI info - done
[0.492s] -- Check for working C compiler: /usr/bin/cc - skipped
[0.492s] -- Detecting C compile features
[0.492s] -- Detecting C compile features - done
[0.492s] -- Detecting CXX compiler ABI info
[0.493s] -- Detecting CXX compiler ABI info - done
[0.493s] -- Check for working CXX compiler: /usr/bin/c++ - skipped
[0.493s] -- Detecting CXX compile features
[0.493s] -- Detecting CXX compile features - done
[0.493s] -- Found ament_cmake: 2.5.4 (/opt/ros/jazzy/share/ament_cmake/cmake)
[0.493s] -- Found Python3: /usr/bin/python3 (found version "3.12.3") found components: Interpreter 
[0.493s] -- Override CMake install command with custom implementation using symlinks instead of copying resources
[0.540s] -- Found std_msgs: 5.3.6 (/opt/ros/jazzy/share/std_msgs/cmake)
[0.594s] -- Found rosidl_generator_c: 4.6.5 (/opt/ros/jazzy/share/rosidl_generator_c/cmake)
[0.611s] -- Found rosidl_generator_cpp: 4.6.5 (/opt/ros/jazzy/share/rosidl_generator_cpp/cmake)
[0.632s] -- Using all available rosidl_typesupport_c: rosidl_typesupport_fastrtps_c;rosidl_typesupport_introspection_c
[0.652s] -- Using all available rosidl_typesupport_cpp: rosidl_typesupport_fastrtps_cpp;rosidl_typesupport_introspection_cpp
[0.685s] -- Found rosidl_default_generators: 1.6.0 (/opt/ros/jazzy/share/rosidl_default_generators/cmake)
[0.703s] -- Found rosidl_adapter: 4.6.5 (/opt/ros/jazzy/share/rosidl_adapter/cmake)
[1.240s] -- Found ament_cmake_ros: 0.12.0 (/opt/ros/jazzy/share/ament_cmake_ros/cmake)
[1.926s] -- Using all available rosidl_typesupport_c: rosidl_typesupport_fastrtps_c;rosidl_typesupport_introspection_c
[2.140s] -- Using all available rosidl_typesupport_cpp: rosidl_typesupport_fastrtps_cpp;rosidl_typesupport_introspection_cpp
[2.143s] -- Found python_cmake_module: 0.11.1 (/opt/ros/jazzy/share/python_cmake_module/cmake)
[2.235s] -- Found PythonExtra: /usr/bin/python3  
[2.617s] -- Found Python3: /usr/bin/python3 (found version "3.12.3") found components: Interpreter Development NumPy Development.Module Development.Embed 
[2.668s] -- Configuring done (2.6s)
[2.693s] -- Generating done (0.0s)
[2.700s] -- Build files have been written to: /home/luca002/proj_ws/build/custom_interface
[2.708s] Invoked command in '/home/luca002/proj_ws/build/custom_interface' returned '0': CMAKE_PREFIX_PATH=${CMAKE_PREFIX_PATH}:/opt/ros/jazzy DEBUGINFOD_URLS=https://debuginfod.ubuntu.com /usr/bin/cmake /home/luca002/proj_ws/src/custom_interface -DAMENT_CMAKE_SYMLINK_INSTALL=1 -DCMAKE_INSTALL_PREFIX=/home/luca002/proj_ws/install/custom_interface
[2.709s] Invoking command in '/home/luca002/proj_ws/build/custom_interface': CMAKE_PREFIX_PATH=${CMAKE_PREFIX_PATH}:/opt/ros/jazzy DEBUGINFOD_URLS=https://debuginfod.ubuntu.com /usr/bin/cmake --build /home/luca002/proj_ws/build/custom_interface -- -j16 -l16
[2.748s] [  2%] [34m[1mGenerating type hashes for ROS interfaces[0m
[2.753s] [  2%] Built target ament_cmake_python_symlink_custom_interface
[2.895s] [  2%] Built target custom_interface__rosidl_generator_type_description
[2.903s] [  4%] [34m[1mGenerating C code for ROS interfaces[0m
[2.910s] [  6%] [34m[1mGenerating C++ code for ROS interfaces[0m
[2.914s] running egg_info
[2.914s] creating custom_interface.egg-info
[2.930s] writing custom_interface.egg-info/PKG-INFO
[2.930s] writing dependency_links to custom_interface.egg-info/dependency_links.txt
[2.930s] writing top-level names to custom_interface.egg-info/top_level.txt
[2.930s] writing manifest file 'custom_interface.egg-info/SOURCES.txt'
[2.973s] reading manifest file 'custom_interface.egg-info/SOURCES.txt'
[2.974s] writing manifest file 'custom_interface.egg-info/SOURCES.txt'
[2.994s] [  6%] Built target ament_cmake_python_build_custom_interface_egg
[3.125s] [  6%] Built target custom_interface__cpp
[3.154s] [ 18%] [32mBuilding C object CMakeFiles/custom_interface__rosidl_generator_c.dir/rosidl_generator_c/custom_interface/msg/detail/custom_msg__type_support.c.o[0m
[3.154s] [ 18%] [32mBuilding C object CMakeFiles/custom_interface__rosidl_generator_c.dir/rosidl_generator_c/custom_interface/srv/detail/custom_srv__type_support.c.o[0m
[3.154s] [ 18%] [32mBuilding C object CMakeFiles/custom_interface__rosidl_generator_c.dir/rosidl_generator_c/custom_interface/msg/detail/custom_msg__description.c.o[0m
[3.155s] [ 18%] [32mBuilding C object CMakeFiles/custom_interface__rosidl_generator_c.dir/rosidl_generator_c/custom_interface/msg/detail/custom_msg__functions.c.o[0m
[3.155s] [ 18%] [32mBuilding C object CMakeFiles/custom_interface__rosidl_generator_c.dir/rosidl_generator_c/custom_interface/srv/detail/custom_srv__functions.c.o[0m
[3.155s] [ 20%] [32mBuilding C object CMakeFiles/custom_interface__rosidl_generator_c.dir/rosidl_generator_c/custom_interface/srv/detail/custom_srv__description.c.o[0m
[3.210s] [ 22%] [32m[1mLinking C shared library libcustom_interface__rosidl_generator_c.so[0m
[3.243s] [ 22%] Built target custom_interface__rosidl_generator_c
[3.251s] [ 29%] [34m[1mGenerating C++ type support for eProsima Fast-RTPS[0m
[3.252s] [ 29%] [34m[1mGenerating C type support dispatch for ROS interfaces[0m
[3.252s] [ 36%] [34m[1mGenerating C type support for eProsima Fast-RTPS[0m
[3.252s] [ 29%] [34m[1mGenerating C introspection for ROS interfaces[0m
[3.252s] [ 36%] [34m[1mGenerating C++ type support dispatch for ROS interfaces[0m
[3.252s] [ 36%] [34m[1mGenerating C++ introspection for ROS interfaces[0m
[3.439s] [ 40%] [32mBuilding CXX object CMakeFiles/custom_interface__rosidl_typesupport_c.dir/rosidl_typesupport_c/custom_interface/msg/custom_msg__type_support.cpp.o[0m
[3.439s] [ 40%] [32mBuilding CXX object CMakeFiles/custom_interface__rosidl_typesupport_c.dir/rosidl_typesupport_c/custom_interface/srv/custom_srv__type_support.cpp.o[0m
[3.442s] [ 45%] [32mBuilding CXX object CMakeFiles/custom_interface__rosidl_typesupport_cpp.dir/rosidl_typesupport_cpp/custom_interface/srv/custom_srv__type_support.cpp.o[0m
[3.442s] [ 45%] [32mBuilding CXX object CMakeFiles/custom_interface__rosidl_typesupport_cpp.dir/rosidl_typesupport_cpp/custom_interface/msg/custom_msg__type_support.cpp.o[0m
[3.466s] [ 50%] [32mBuilding C object CMakeFiles/custom_interface__rosidl_typesupport_introspection_c.dir/rosidl_typesupport_introspection_c/custom_interface/srv/detail/custom_srv__type_support.c.o[0m
[3.466s] [ 50%] [32mBuilding C object CMakeFiles/custom_interface__rosidl_typesupport_introspection_c.dir/rosidl_typesupport_introspection_c/custom_interface/msg/detail/custom_msg__type_support.c.o[0m
[3.474s] [ 54%] [32mBuilding CXX object CMakeFiles/custom_interface__rosidl_typesupport_introspection_cpp.dir/rosidl_typesupport_introspection_cpp/custom_interface/srv/detail/custom_srv__type_support.cpp.o[0m
[3.475s] [ 54%] [32mBuilding CXX object CMakeFiles/custom_interface__rosidl_typesupport_introspection_cpp.dir/rosidl_typesupport_introspection_cpp/custom_interface/msg/detail/custom_msg__type_support.cpp.o[0m
[3.480s] [ 56%] [32m[1mLinking CXX shared library libcustom_interface__rosidl_typesupport_c.so[0m
[3.506s] [ 61%] [32mBuilding CXX object CMakeFiles/custom_interface__rosidl_typesupport_fastrtps_cpp.dir/rosidl_typesupport_fastrtps_cpp/custom_interface/msg/detail/dds_fastrtps/custom_msg__type_support.cpp.o[0m
[3.506s] [ 61%] [32mBuilding CXX object CMakeFiles/custom_interface__rosidl_typesupport_fastrtps_cpp.dir/rosidl_typesupport_fastrtps_cpp/custom_interface/srv/detail/dds_fastrtps/custom_srv__type_support.cpp.o[0m
[3.514s] [ 63%] [32m[1mLinking C shared library libcustom_interface__rosidl_typesupport_introspection_c.so[0m
[3.520s] [ 68%] [32mBuilding CXX object CMakeFiles/custom_interface__rosidl_typesupport_fastrtps_c.dir/rosidl_typesupport_fastrtps_c/custom_interface/msg/detail/custom_msg__type_support_c.cpp.o[0m
[3.520s] [ 68%] [32mBuilding CXX object CMakeFiles/custom_interface__rosidl_typesupport_fastrtps_c.dir/rosidl_typesupport_fastrtps_c/custom_interface/srv/detail/custom_srv__type_support_c.cpp.o[0m
[3.532s] [ 68%] Built target custom_interface__rosidl_typesupport_c
[3.550s] [ 68%] Built target custom_interface__rosidl_typesupport_introspection_c
[3.748s] [ 70%] [32m[1mLinking CXX shared library libcustom_interface__rosidl_typesupport_cpp.so[0m
[3.790s] [ 72%] [32m[1mLinking CXX shared library libcustom_interface__rosidl_typesupport_introspection_cpp.so[0m
[3.803s] [ 72%] Built target custom_interface__rosidl_typesupport_cpp
[3.849s] [ 72%] Built target custom_interface__rosidl_typesupport_introspection_cpp
[3.957s] [ 75%] [32m[1mLinking CXX shared library libcustom_interface__rosidl_typesupport_fastrtps_c.so[0m
[3.989s] [ 77%] [32m[1mLinking CXX shared library libcustom_interface__rosidl_typesupport_fastrtps_cpp.so[0m
[4.011s] [ 77%] Built target custom_interface__rosidl_typesupport_fastrtps_c
[4.047s] [ 77%] Built target custom_interface__rosidl_typesupport_fastrtps_cpp
[4.061s] [ 77%] Built target custom_interface
[4.075s] [ 79%] [34m[1mGenerating Python code for ROS interfaces[0m
[4.360s] [ 79%] Built target custom_interface__py
[4.375s] [ 84%] [32mBuilding C object CMakeFiles/custom_interface__rosidl_generator_py.dir/rosidl_generator_py/custom_interface/srv/_custom_srv_s.c.o[0m
[4.375s] [ 84%] [32mBuilding C object CMakeFiles/custom_interface__rosidl_generator_py.dir/rosidl_generator_py/custom_interface/msg/_custom_msg_s.c.o[0m
[4.491s] [ 86%] [32m[1mLinking C shared library libcustom_interface__rosidl_generator_py.so[0m
[4.526s] [ 86%] Built target custom_interface__rosidl_generator_py
[4.542s] [ 93%] [32mBuilding C object CMakeFiles/custom_interface_s__rosidl_typesupport_c.dir/rosidl_generator_py/custom_interface/_custom_interface_s.ep.rosidl_typesupport_c.c.o[0m
[4.542s] [ 93%] [32mBuilding C object CMakeFiles/custom_interface_s__rosidl_typesupport_introspection_c.dir/rosidl_generator_py/custom_interface/_custom_interface_s.ep.rosidl_typesupport_introspection_c.c.o[0m
[4.542s] [ 93%] [32mBuilding C object CMakeFiles/custom_interface_s__rosidl_typesupport_fastrtps_c.dir/rosidl_generator_py/custom_interface/_custom_interface_s.ep.rosidl_typesupport_fastrtps_c.c.o[0m
[4.617s] [100%] [32m[1mLinking C shared module rosidl_generator_py/custom_interface/custom_interface_s__rosidl_typesupport_c.so[0m
[4.617s] [100%] [32m[1mLinking C shared module rosidl_generator_py/custom_interface/custom_interface_s__rosidl_typesupport_introspection_c.so[0m
[4.617s] [100%] [32m[1mLinking C shared module rosidl_generator_py/custom_interface/custom_interface_s__rosidl_typesupport_fastrtps_c.so[0m
[4.644s] [100%] Built target custom_interface_s__rosidl_typesupport_introspection_c
[4.644s] [100%] Built target custom_interface_s__rosidl_typesupport_fastrtps_c
[4.644s] [100%] Built target custom_interface_s__rosidl_typesupport_c
[4.652s] Invoked command in '/home/luca002/proj_ws/build/custom_interface' returned '0': CMAKE_PREFIX_PATH=${CMAKE_PREFIX_PATH}:/opt/ros/jazzy DEBUGINFOD_URLS=https://debuginfod.ubuntu.com /usr/bin/cmake --build /home/luca002/proj_ws/build/custom_interface -- -j16 -l16
[4.659s] Invoking command in '/home/luca002/proj_ws/build/custom_interface': CMAKE_PREFIX_PATH=${CMAKE_PREFIX_PATH}:/opt/ros/jazzy DEBUGINFOD_URLS=https://debuginfod.ubuntu.com /usr/bin/cmake --install /home/luca002/proj_ws/build/custom_interface
[4.665s] -- Install configuration: ""
[4.665s] -- Execute custom install script
[4.665s] -- Symlinking: /home/luca002/proj_ws/install/custom_interface/share/ament_index/resource_index/rosidl_interfaces/custom_interface
[4.672s] -- Symlinking: /home/luca002/proj_ws/install/custom_interface/share/custom_interface/msg/CustomMsg.json
[4.678s] -- Symlinking: /home/luca002/proj_ws/install/custom_interface/share/custom_interface/srv/CustomSrv.json
[4.685s] -- Symlinking: /home/luca002/proj_ws/install/custom_interface/include/custom_interface/custom_interface/msg/custom_msg.h
[4.691s] -- Symlinking: /home/luca002/proj_ws/install/custom_interface/include/custom_interface/custom_interface/msg/detail/custom_msg__functions.h
[4.698s] -- Symlinking: /home/luca002/proj_ws/install/custom_interface/include/custom_interface/custom_interface/msg/detail/custom_msg__struct.h
[4.706s] -- Symlinking: /home/luca002/proj_ws/install/custom_interface/include/custom_interface/custom_interface/msg/detail/custom_msg__type_support.h
[4.713s] -- Symlinking: /home/luca002/proj_ws/install/custom_interface/include/custom_interface/custom_interface/msg/rosidl_generator_c__visibility_control.h
[4.720s] -- Symlinking: /home/luca002/proj_ws/install/custom_interface/include/custom_interface/custom_interface/srv/custom_srv.h
[4.729s] -- Symlinking: /home/luca002/proj_ws/install/custom_interface/include/custom_interface/custom_interface/srv/detail/custom_srv__functions.h
[4.735s] -- Symlinking: /home/luca002/proj_ws/install/custom_interface/include/custom_interface/custom_interface/srv/detail/custom_srv__struct.h
[4.741s] -- Symlinking: /home/luca002/proj_ws/install/custom_interface/include/custom_interface/custom_interface/srv/detail/custom_srv__type_support.h
[4.748s] -- Symlinking: /home/luca002/proj_ws/install/custom_interface/share/custom_interface/environment/library_path.sh
[4.754s] -- Symlinking: /home/luca002/proj_ws/install/custom_interface/share/custom_interface/environment/library_path.dsv
[4.760s] -- Symlinking: /home/luca002/proj_ws/install/custom_interface/include/custom_interface/custom_interface/msg/detail/custom_msg__rosidl_typesupport_fastrtps_c.h
[4.766s] -- Symlinking: /home/luca002/proj_ws/install/custom_interface/include/custom_interface/custom_interface/msg/rosidl_typesupport_fastrtps_c__visibility_control.h
[4.772s] -- Symlinking: /home/luca002/proj_ws/install/custom_interface/include/custom_interface/custom_interface/srv/detail/custom_srv__rosidl_typesupport_fastrtps_c.h
[4.779s] -- Symlinking: /home/luca002/proj_ws/install/custom_interface/include/custom_interface/custom_interface/msg/custom_msg.hpp
[4.785s] -- Symlinking: /home/luca002/proj_ws/install/custom_interface/include/custom_interface/custom_interface/msg/detail/custom_msg__builder.hpp
[4.791s] -- Symlinking: /home/luca002/proj_ws/install/custom_interface/include/custom_interface/custom_interface/msg/detail/custom_msg__struct.hpp
[4.798s] -- Symlinking: /home/luca002/proj_ws/install/custom_interface/include/custom_interface/custom_interface/msg/detail/custom_msg__traits.hpp
[4.804s] -- Symlinking: /home/luca002/proj_ws/install/custom_interface/include/custom_interface/custom_interface/msg/detail/custom_msg__type_support.hpp
[4.810s] -- Symlinking: /home/luca002/proj_ws/install/custom_interface/include/custom_interface/custom_interface/msg/rosidl_generator_cpp__visibility_control.hpp
[4.818s] -- Symlinking: /home/luca002/proj_ws/install/custom_interface/include/custom_interface/custom_interface/srv/custom_srv.hpp
[4.826s] -- Symlinking: /home/luca002/proj_ws/install/custom_interface/include/custom_interface/custom_interface/srv/detail/custom_srv__builder.hpp
[4.832s] -- Symlinking: /home/luca002/proj_ws/install/custom_interface/include/custom_interface/custom_interface/srv/detail/custom_srv__struct.hpp
[4.838s] -- Symlinking: /home/luca002/proj_ws/install/custom_interface/include/custom_interface/custom_interface/srv/detail/custom_srv__traits.hpp
[4.844s] -- Symlinking: /home/luca002/proj_ws/install/custom_interface/include/custom_interface/custom_interface/srv/detail/custom_srv__type_support.hpp
[4.850s] -- Symlinking: /home/luca002/proj_ws/install/custom_interface/include/custom_interface/custom_interface/msg/detail/custom_msg__rosidl_typesupport_fastrtps_cpp.hpp
[4.856s] -- Symlinking: /home/luca002/proj_ws/install/custom_interface/include/custom_interface/custom_interface/msg/rosidl_typesupport_fastrtps_cpp__visibility_control.h
[4.863s] -- Symlinking: /home/luca002/proj_ws/install/custom_interface/include/custom_interface/custom_interface/srv/detail/custom_srv__rosidl_typesupport_fastrtps_cpp.hpp
[4.869s] -- Symlinking: /home/luca002/proj_ws/install/custom_interface/include/custom_interface/custom_interface/msg/detail/custom_msg__rosidl_typesupport_introspection_c.h
[4.875s] -- Symlinking: /home/luca002/proj_ws/install/custom_interface/include/custom_interface/custom_interface/msg/rosidl_typesupport_introspection_c__visibility_control.h
[4.880s] -- Symlinking: /home/luca002/proj_ws/install/custom_interface/include/custom_interface/custom_interface/srv/detail/custom_srv__rosidl_typesupport_introspection_c.h
[4.887s] -- Symlinking: /home/luca002/proj_ws/install/custom_interface/include/custom_interface/custom_interface/msg/detail/custom_msg__rosidl_typesupport_introspection_cpp.hpp
[4.893s] -- Symlinking: /home/luca002/proj_ws/install/custom_interface/include/custom_interface/custom_interface/srv/detail/custom_srv__rosidl_typesupport_introspection_cpp.hpp
[4.900s] -- Symlinking: /home/luca002/proj_ws/install/custom_interface/share/custom_interface/environment/pythonpath.sh
[4.908s] -- Symlinking: /home/luca002/proj_ws/install/custom_interface/share/custom_interface/environment/pythonpath.dsv
[4.914s] -- Symlinking: /home/luca002/proj_ws/install/custom_interface/lib/python3.12/site-packages/custom_interface-0.0.0-py3.12.egg-info/PKG-INFO
[4.922s] -- Symlinking: /home/luca002/proj_ws/install/custom_interface/lib/python3.12/site-packages/custom_interface-0.0.0-py3.12.egg-info/SOURCES.txt
[4.930s] -- Symlinking: /home/luca002/proj_ws/install/custom_interface/lib/python3.12/site-packages/custom_interface-0.0.0-py3.12.egg-info/dependency_links.txt
[4.936s] -- Symlinking: /home/luca002/proj_ws/install/custom_interface/lib/python3.12/site-packages/custom_interface-0.0.0-py3.12.egg-info/top_level.txt
[4.943s] -- Symlinking: /home/luca002/proj_ws/install/custom_interface/lib/python3.12/site-packages/custom_interface/__init__.py
[4.948s] -- Symlinking: /home/luca002/proj_ws/install/custom_interface/lib/python3.12/site-packages/custom_interface/_custom_interface_s.ep.rosidl_typesupport_c.c
[4.954s] -- Symlinking: /home/luca002/proj_ws/install/custom_interface/lib/python3.12/site-packages/custom_interface/_custom_interface_s.ep.rosidl_typesupport_fastrtps_c.c
[4.960s] -- Symlinking: /home/luca002/proj_ws/install/custom_interface/lib/python3.12/site-packages/custom_interface/_custom_interface_s.ep.rosidl_typesupport_introspection_c.c
[4.966s] -- Symlinking: /home/luca002/proj_ws/install/custom_interface/lib/python3.12/site-packages/custom_interface/custom_interface_s__rosidl_typesupport_c.so
[4.972s] -- Symlinking: /home/luca002/proj_ws/install/custom_interface/lib/python3.12/site-packages/custom_interface/custom_interface_s__rosidl_typesupport_fastrtps_c.so
[4.978s] -- Symlinking: /home/luca002/proj_ws/install/custom_interface/lib/python3.12/site-packages/custom_interface/custom_interface_s__rosidl_typesupport_introspection_c.so
[4.983s] -- Symlinking: /home/luca002/proj_ws/install/custom_interface/lib/python3.12/site-packages/custom_interface/msg/__init__.py
[4.989s] -- Symlinking: /home/luca002/proj_ws/install/custom_interface/lib/python3.12/site-packages/custom_interface/msg/_custom_msg.py
[4.995s] -- Symlinking: /home/luca002/proj_ws/install/custom_interface/lib/python3.12/site-packages/custom_interface/msg/_custom_msg_s.c
[5.001s] -- Symlinking: /home/luca002/proj_ws/install/custom_interface/lib/python3.12/site-packages/custom_interface/srv/__init__.py
[5.007s] -- Symlinking: /home/luca002/proj_ws/install/custom_interface/lib/python3.12/site-packages/custom_interface/srv/_custom_srv.py
[5.014s] -- Symlinking: /home/luca002/proj_ws/install/custom_interface/lib/python3.12/site-packages/custom_interface/srv/_custom_srv_s.c
[5.023s] -- Up-to-date symlink: /home/luca002/proj_ws/install/custom_interface/lib/python3.12/site-packages/custom_interface/custom_interface_s__rosidl_typesupport_fastrtps_c.so
[5.023s] -- Up-to-date symlink: /home/luca002/proj_ws/install/custom_interface/lib/python3.12/site-packages/custom_interface/custom_interface_s__rosidl_typesupport_introspection_c.so
[5.023s] -- Up-to-date symlink: /home/luca002/proj_ws/install/custom_interface/lib/python3.12/site-packages/custom_interface/custom_interface_s__rosidl_typesupport_c.so
[5.023s] -- Symlinking: /home/luca002/proj_ws/install/custom_interface/share/custom_interface/msg/CustomMsg.idl
[5.031s] -- Symlinking: /home/luca002/proj_ws/install/custom_interface/share/custom_interface/srv/CustomSrv.idl
[5.037s] -- Symlinking: /home/luca002/proj_ws/install/custom_interface/share/custom_interface/msg/CustomMsg.msg
[5.043s] -- Symlinking: /home/luca002/proj_ws/install/custom_interface/share/custom_interface/srv/CustomSrv.srv
[5.049s] -- Symlinking: /home/luca002/proj_ws/install/custom_interface/share/ament_index/resource_index/package_run_dependencies/custom_interface
[5.055s] -- Symlinking: /home/luca002/proj_ws/install/custom_interface/share/ament_index/resource_index/parent_prefix_path/custom_interface
[5.061s] -- Symlinking: /home/luca002/proj_ws/install/custom_interface/share/custom_interface/environment/ament_prefix_path.sh
[5.067s] -- Symlinking: /home/luca002/proj_ws/install/custom_interface/share/custom_interface/environment/ament_prefix_path.dsv
[5.074s] -- Symlinking: /home/luca002/proj_ws/install/custom_interface/share/custom_interface/environment/path.sh
[5.080s] -- Symlinking: /home/luca002/proj_ws/install/custom_interface/share/custom_interface/environment/path.dsv
[5.086s] -- Symlinking: /home/luca002/proj_ws/install/custom_interface/share/custom_interface/local_setup.bash
[5.091s] -- Symlinking: /home/luca002/proj_ws/install/custom_interface/share/custom_interface/local_setup.sh
[5.097s] -- Symlinking: /home/luca002/proj_ws/install/custom_interface/share/custom_interface/local_setup.zsh
[5.103s] -- Symlinking: /home/luca002/proj_ws/install/custom_interface/share/custom_interface/local_setup.dsv
[5.109s] -- Symlinking: /home/luca002/proj_ws/install/custom_interface/share/custom_interface/package.dsv
[5.115s] -- Symlinking: /home/luca002/proj_ws/install/custom_interface/share/ament_index/resource_index/packages/custom_interface
[5.124s] -- Symlinking: /home/luca002/proj_ws/install/custom_interface/share/custom_interface/cmake/rosidl_cmake-extras.cmake
[5.131s] -- Symlinking: /home/luca002/proj_ws/install/custom_interface/share/custom_interface/cmake/ament_cmake_export_dependencies-extras.cmake
[5.137s] -- Symlinking: /home/luca002/proj_ws/install/custom_interface/share/custom_interface/cmake/ament_cmake_export_include_directories-extras.cmake
[5.143s] -- Symlinking: /home/luca002/proj_ws/install/custom_interface/share/custom_interface/cmake/ament_cmake_export_libraries-extras.cmake
[5.149s] -- Symlinking: /home/luca002/proj_ws/install/custom_interface/share/custom_interface/cmake/ament_cmake_export_targets-extras.cmake
[5.154s] -- Symlinking: /home/luca002/proj_ws/install/custom_interface/share/custom_interface/cmake/rosidl_cmake_export_typesupport_targets-extras.cmake
[5.160s] -- Symlinking: /home/luca002/proj_ws/install/custom_interface/share/custom_interface/cmake/rosidl_cmake_export_typesupport_libraries-extras.cmake
[5.166s] -- Symlinking: /home/luca002/proj_ws/install/custom_interface/share/custom_interface/cmake/custom_interfaceConfig.cmake
[5.172s] -- Symlinking: /home/luca002/proj_ws/install/custom_interface/share/custom_interface/cmake/custom_interfaceConfig-version.cmake
[5.179s] -- Symlinking: /home/luca002/proj_ws/install/custom_interface/share/custom_interface/package.xml
[5.185s] -- Installing: /home/luca002/proj_ws/install/custom_interface/lib/libcustom_interface__rosidl_generator_c.so
[5.186s] -- Set non-toolchain portion of runtime path of "/home/luca002/proj_ws/install/custom_interface/lib/libcustom_interface__rosidl_generator_c.so" to ""
[5.186s] -- Installing: /home/luca002/proj_ws/install/custom_interface/lib/libcustom_interface__rosidl_typesupport_fastrtps_c.so
[5.186s] -- Set non-toolchain portion of runtime path of "/home/luca002/proj_ws/install/custom_interface/lib/libcustom_interface__rosidl_typesupport_fastrtps_c.so" to ""
[5.186s] -- Installing: /home/luca002/proj_ws/install/custom_interface/lib/libcustom_interface__rosidl_typesupport_fastrtps_cpp.so
[5.186s] -- Set non-toolchain portion of runtime path of "/home/luca002/proj_ws/install/custom_interface/lib/libcustom_interface__rosidl_typesupport_fastrtps_cpp.so" to ""
[5.186s] -- Installing: /home/luca002/proj_ws/install/custom_interface/lib/libcustom_interface__rosidl_typesupport_introspection_c.so
[5.186s] -- Set non-toolchain portion of runtime path of "/home/luca002/proj_ws/install/custom_interface/lib/libcustom_interface__rosidl_typesupport_introspection_c.so" to ""
[5.186s] -- Installing: /home/luca002/proj_ws/install/custom_interface/lib/libcustom_interface__rosidl_typesupport_c.so
[5.186s] -- Set non-toolchain portion of runtime path of "/home/luca002/proj_ws/install/custom_interface/lib/libcustom_interface__rosidl_typesupport_c.so" to ""
[5.186s] -- Installing: /home/luca002/proj_ws/install/custom_interface/lib/libcustom_interface__rosidl_typesupport_introspection_cpp.so
[5.187s] -- Set non-toolchain portion of runtime path of "/home/luca002/proj_ws/install/custom_interface/lib/libcustom_interface__rosidl_typesupport_introspection_cpp.so" to ""
[5.187s] -- Installing: /home/luca002/proj_ws/install/custom_interface/lib/libcustom_interface__rosidl_typesupport_cpp.so
[5.187s] -- Set non-toolchain portion of runtime path of "/home/luca002/proj_ws/install/custom_interface/lib/libcustom_interface__rosidl_typesupport_cpp.so" to ""
[5.226s] Listing '/home/luca002/proj_ws/install/custom_interface/lib/python3.12/site-packages/custom_interface'...
[5.226s] Compiling '/home/luca002/proj_ws/install/custom_interface/lib/python3.12/site-packages/custom_interface/__init__.py'...
[5.226s] Listing '/home/luca002/proj_ws/install/custom_interface/lib/python3.12/site-packages/custom_interface/msg'...
[5.226s] Compiling '/home/luca002/proj_ws/install/custom_interface/lib/python3.12/site-packages/custom_interface/msg/__init__.py'...
[5.226s] Compiling '/home/luca002/proj_ws/install/custom_interface/lib/python3.12/site-packages/custom_interface/msg/_custom_msg.py'...
[5.226s] Listing '/home/luca002/proj_ws/install/custom_interface/lib/python3.12/site-packages/custom_interface/srv'...
[5.227s] Compiling '/home/luca002/proj_ws/install/custom_interface/lib/python3.12/site-packages/custom_interface/srv/__init__.py'...
[5.227s] Compiling '/home/luca002/proj_ws/install/custom_interface/lib/python3.12/site-packages/custom_interface/srv/_custom_srv.py'...
[5.231s] -- Installing: /home/luca002/proj_ws/install/custom_interface/lib/libcustom_interface__rosidl_generator_py.so
[5.231s] -- Set non-toolchain portion of runtime path of "/home/luca002/proj_ws/install/custom_interface/lib/libcustom_interface__rosidl_generator_py.so" to ""
[5.231s] -- Installing: /home/luca002/proj_ws/install/custom_interface/share/custom_interface/cmake/export_custom_interface__rosidl_generator_cExport.cmake
[5.231s] -- Installing: /home/luca002/proj_ws/install/custom_interface/share/custom_interface/cmake/export_custom_interface__rosidl_generator_cExport-noconfig.cmake
[5.231s] -- Installing: /home/luca002/proj_ws/install/custom_interface/share/custom_interface/cmake/export_custom_interface__rosidl_typesupport_fastrtps_cExport.cmake
[5.231s] -- Installing: /home/luca002/proj_ws/install/custom_interface/share/custom_interface/cmake/export_custom_interface__rosidl_typesupport_fastrtps_cExport-noconfig.cmake
[5.231s] -- Installing: /home/luca002/proj_ws/install/custom_interface/share/custom_interface/cmake/export_custom_interface__rosidl_generator_cppExport.cmake
[5.231s] -- Installing: /home/luca002/proj_ws/install/custom_interface/share/custom_interface/cmake/export_custom_interface__rosidl_typesupport_fastrtps_cppExport.cmake
[5.232s] -- Installing: /home/luca002/proj_ws/install/custom_interface/share/custom_interface/cmake/export_custom_interface__rosidl_typesupport_fastrtps_cppExport-noconfig.cmake
[5.232s] -- Installing: /home/luca002/proj_ws/install/custom_interface/share/custom_interface/cmake/custom_interface__rosidl_typesupport_introspection_cExport.cmake
[5.232s] -- Installing: /home/luca002/proj_ws/install/custom_interface/share/custom_interface/cmake/custom_interface__rosidl_typesupport_introspection_cExport-noconfig.cmake
[5.232s] -- Installing: /home/luca002/proj_ws/install/custom_interface/share/custom_interface/cmake/custom_interface__rosidl_typesupport_cExport.cmake
[5.232s] -- Installing: /home/luca002/proj_ws/install/custom_interface/share/custom_interface/cmake/custom_interface__rosidl_typesupport_cExport-noconfig.cmake
[5.232s] -- Installing: /home/luca002/proj_ws/install/custom_interface/share/custom_interface/cmake/custom_interface__rosidl_typesupport_introspection_cppExport.cmake
[5.232s] -- Installing: /home/luca002/proj_ws/install/custom_interface/share/custom_interface/cmake/custom_interface__rosidl_typesupport_introspection_cppExport-noconfig.cmake
[5.232s] -- Installing: /home/luca002/proj_ws/install/custom_interface/share/custom_interface/cmake/custom_interface__rosidl_typesupport_cppExport.cmake
[5.232s] -- Installing: /home/luca002/proj_ws/install/custom_interface/share/custom_interface/cmake/custom_interface__rosidl_typesupport_cppExport-noconfig.cmake
[5.232s] -- Installing: /home/luca002/proj_ws/install/custom_interface/share/custom_interface/cmake/export_custom_interface__rosidl_generator_pyExport.cmake
[5.232s] -- Installing: /home/luca002/proj_ws/install/custom_interface/share/custom_interface/cmake/export_custom_interface__rosidl_generator_pyExport-noconfig.cmake
[5.234s] Invoked command in '/home/luca002/proj_ws/build/custom_interface' returned '0': CMAKE_PREFIX_PATH=${CMAKE_PREFIX_PATH}:/opt/ros/jazzy DEBUGINFOD_URLS=https://debuginfod.ubuntu.com /usr/bin/cmake --install /home/luca002/proj_ws/build/custom_interface
