[0.164s] Invoking command in '/home/luca002/proj_ws/build/wamv_navigation': CMAKE_PREFIX_PATH=${CMAKE_PREFIX_PATH}:/home/luca002/proj_ws/install/python_node:/home/luca002/ros_ws/install/robot_description_example:/opt/ros/jazzy DEBUGINFOD_URLS=https://debuginfod.ubuntu.com /usr/bin/cmake --build /home/luca002/proj_ws/build/wamv_navigation -- -j16 -l16
[0.185s] -- Found ament_cmake: 2.5.4 (/opt/ros/jazzy/share/ament_cmake/cmake)
[0.372s] -- Override CMake install command with custom implementation using symlinks instead of copying resources
[0.383s] -- Found nav2_common: 1.3.6 (/opt/ros/jazzy/share/nav2_common/cmake)
[0.384s] -- Found ros_gz_bridge: 1.0.12 (/opt/ros/jazzy/share/ros_gz_bridge/cmake)
[0.420s] -- Found rosidl_generator_c: 4.6.5 (/opt/ros/jazzy/share/rosidl_generator_c/cmake)
[0.427s] -- Found rosidl_generator_cpp: 4.6.5 (/opt/ros/jazzy/share/rosidl_generator_cpp/cmake)
[0.438s] -- Using all available rosidl_typesupport_c: rosidl_typesupport_fastrtps_c;rosidl_typesupport_introspection_c
[0.450s] -- Using all available rosidl_typesupport_cpp: rosidl_typesupport_fastrtps_cpp;rosidl_typesupport_introspection_cpp
[0.502s] -- Found rmw_implementation_cmake: 7.3.2 (/opt/ros/jazzy/share/rmw_implementation_cmake/cmake)
[0.504s] -- Found rmw_fastrtps_cpp: 8.4.2 (/opt/ros/jazzy/share/rmw_fastrtps_cpp/cmake)
[0.555s] -- Using RMW implementation 'rmw_fastrtps_cpp' as default
[0.639s] -- Looking for gz-msgs10 -- found version 10.3.2
[0.646s] -- Searching for dependencies of gz-msgs10
[0.667s] -- Looking for gz-utils2 -- found version 2.2.1
[0.667s] -- Searching for dependencies of gz-utils2
[0.668s] -- Looking for gz-math7 -- found version 7.5.2
[0.668s] -- Searching for dependencies of gz-math7
[0.669s] -- Looking for gz-utils2 -- found version 2.2.1
[0.673s] -- Checking for module 'tinyxml2'
[0.682s] --   Found tinyxml2, version 10.0.0
[0.706s] -- Looking for gz-transport13 -- found version 13.4.1
[0.706s] -- Searching for dependencies of gz-transport13
[0.730s] -- Config-file not installed for ZeroMQ -- checking for pkg-config
[0.733s] -- Checking for module 'libzmq >= 4'
[0.743s] --   Found libzmq, version 4.3.5
[0.773s] -- Checking for module 'uuid'
[0.783s] --   Found uuid, version 2.39.3
[0.803s] -- Looking for gz-utils2 -- found version 2.2.1
[0.803s] -- Searching for dependencies of gz-utils2
[0.804s] -- Searching for <gz-utils2> component [cli]
[0.804s] -- Looking for gz-utils2-cli -- found version 2.2.1
[0.804s] -- Searching for dependencies of gz-utils2-cli
[0.805s] -- Looking for gz-msgs10 -- found version 10.3.2
[1.010s] -- Found ros_gz_image: 1.0.12 (/opt/ros/jazzy/share/ros_gz_image/cmake)
[1.010s] -- Found ros_gz_sim: 1.0.12 (/opt/ros/jazzy/share/ros_gz_sim/cmake)
[1.036s] -- Found robot_state_publisher: 3.3.3 (/opt/ros/jazzy/share/robot_state_publisher/cmake)
[1.051s] -- Found xacro: 2.0.13 (/opt/ros/jazzy/share/xacro/cmake)
[1.118s] -- Configuring done (0.9s)
[1.122s] -- Generating done (0.0s)
[1.125s] -- Build files have been written to: /home/luca002/proj_ws/build/wamv_navigation
[1.148s] Invoked command in '/home/luca002/proj_ws/build/wamv_navigation' returned '0': CMAKE_PREFIX_PATH=${CMAKE_PREFIX_PATH}:/home/luca002/proj_ws/install/python_node:/home/luca002/ros_ws/install/robot_description_example:/opt/ros/jazzy DEBUGINFOD_URLS=https://debuginfod.ubuntu.com /usr/bin/cmake --build /home/luca002/proj_ws/build/wamv_navigation -- -j16 -l16
[1.149s] Invoking command in '/home/luca002/proj_ws/build/wamv_navigation': CMAKE_PREFIX_PATH=${CMAKE_PREFIX_PATH}:/home/luca002/proj_ws/install/python_node:/home/luca002/ros_ws/install/robot_description_example:/opt/ros/jazzy DEBUGINFOD_URLS=https://debuginfod.ubuntu.com /usr/bin/cmake --install /home/luca002/proj_ws/build/wamv_navigation
[1.156s] -- Install configuration: ""
[1.157s] -- Execute custom install script
[1.157s] -- Up-to-date symlink: /home/luca002/proj_ws/install/wamv_navigation/share/wamv_navigation/config/wamv_mapping.lua
[1.157s] -- Up-to-date symlink: /home/luca002/proj_ws/install/wamv_navigation/share/wamv_navigation/launch/__init__.py
[1.157s] -- Up-to-date symlink: /home/luca002/proj_ws/install/wamv_navigation/share/wamv_navigation/launch/cartographer.launch.py
[1.157s] -- Up-to-date symlink: /home/luca002/proj_ws/install/wamv_navigation/share/wamv_navigation/launch/occupancy_grid.launch.py
[1.157s] -- Up-to-date symlink: /home/luca002/proj_ws/install/wamv_navigation/share/wamv_navigation/launch/wamv_localization.py
[1.157s] -- Up-to-date symlink: /home/luca002/proj_ws/install/wamv_navigation/share/wamv_navigation/launch/wamv_simulation.py
[1.157s] -- Up-to-date symlink: /home/luca002/proj_ws/install/wamv_navigation/share/wamv_navigation/maps/sydney_map.pgm
[1.157s] -- Up-to-date symlink: /home/luca002/proj_ws/install/wamv_navigation/share/wamv_navigation/maps/sydney_map.yaml
[1.157s] -- Up-to-date symlink: /home/luca002/proj_ws/install/wamv_navigation/share/wamv_navigation/params/wamv_nav2_params.yaml
[1.157s] -- Up-to-date symlink: /home/luca002/proj_ws/install/wamv_navigation/share/wamv_navigation/rviz/wamv_cartographer.rviz
[1.157s] -- Up-to-date symlink: /home/luca002/proj_ws/install/wamv_navigation/share/wamv_navigation/rviz/wamv_navigation.rviz
[1.157s] -- Up-to-date symlink: /home/luca002/proj_ws/install/wamv_navigation/share/ament_index/resource_index/package_run_dependencies/wamv_navigation
[1.157s] -- Up-to-date symlink: /home/luca002/proj_ws/install/wamv_navigation/share/ament_index/resource_index/parent_prefix_path/wamv_navigation
[1.157s] -- Up-to-date symlink: /home/luca002/proj_ws/install/wamv_navigation/share/wamv_navigation/environment/ament_prefix_path.sh
[1.157s] -- Up-to-date symlink: /home/luca002/proj_ws/install/wamv_navigation/share/wamv_navigation/environment/ament_prefix_path.dsv
[1.158s] -- Up-to-date symlink: /home/luca002/proj_ws/install/wamv_navigation/share/wamv_navigation/environment/path.sh
[1.158s] -- Up-to-date symlink: /home/luca002/proj_ws/install/wamv_navigation/share/wamv_navigation/environment/path.dsv
[1.158s] -- Up-to-date symlink: /home/luca002/proj_ws/install/wamv_navigation/share/wamv_navigation/local_setup.bash
[1.158s] -- Up-to-date symlink: /home/luca002/proj_ws/install/wamv_navigation/share/wamv_navigation/local_setup.sh
[1.158s] -- Up-to-date symlink: /home/luca002/proj_ws/install/wamv_navigation/share/wamv_navigation/local_setup.zsh
[1.158s] -- Up-to-date symlink: /home/luca002/proj_ws/install/wamv_navigation/share/wamv_navigation/local_setup.dsv
[1.158s] -- Symlinking: /home/luca002/proj_ws/install/wamv_navigation/share/wamv_navigation/package.dsv
[1.165s] -- Up-to-date symlink: /home/luca002/proj_ws/install/wamv_navigation/share/ament_index/resource_index/packages/wamv_navigation
[1.165s] -- Up-to-date symlink: /home/luca002/proj_ws/install/wamv_navigation/share/wamv_navigation/cmake/wamv_navigationConfig.cmake
[1.165s] -- Up-to-date symlink: /home/luca002/proj_ws/install/wamv_navigation/share/wamv_navigation/cmake/wamv_navigationConfig-version.cmake
[1.165s] -- Up-to-date symlink: /home/luca002/proj_ws/install/wamv_navigation/share/wamv_navigation/package.xml
[1.165s] -- Up-to-date: /home/luca002/proj_ws/install/wamv_navigation/lib/wamv_navigation
[1.165s] -- Up-to-date: /home/luca002/proj_ws/install/wamv_navigation/lib/wamv_navigation/maps
[1.165s] -- Up-to-date: /home/luca002/proj_ws/install/wamv_navigation/lib/wamv_navigation/params
[1.165s] -- Up-to-date: /home/luca002/proj_ws/install/wamv_navigation/lib/wamv_navigation/hooks
[1.165s] -- Up-to-date: /home/luca002/proj_ws/install/wamv_navigation/lib/wamv_navigation/launch
[1.165s] -- Installing: /home/luca002/proj_ws/install/wamv_navigation/lib/wamv_navigation/launch/wamv_simulation.py
[1.165s] -- Up-to-date: /home/luca002/proj_ws/install/wamv_navigation/lib/wamv_navigation/launch/occupancy_grid.launch.py
[1.165s] -- Installing: /home/luca002/proj_ws/install/wamv_navigation/lib/wamv_navigation/launch/wamv_localization.py
[1.165s] -- Up-to-date: /home/luca002/proj_ws/install/wamv_navigation/lib/wamv_navigation/launch/__init__.py
[1.166s] -- Up-to-date: /home/luca002/proj_ws/install/wamv_navigation/lib/wamv_navigation/launch/cartographer.launch.py
[1.166s] -- Up-to-date: /home/luca002/proj_ws/install/wamv_navigation/lib/wamv_navigation/rviz
[1.166s] -- Up-to-date: /home/luca002/proj_ws/install/wamv_navigation/lib/wamv_navigation/config
[1.167s] Invoked command in '/home/luca002/proj_ws/build/wamv_navigation' returned '0': CMAKE_PREFIX_PATH=${CMAKE_PREFIX_PATH}:/home/luca002/proj_ws/install/python_node:/home/luca002/ros_ws/install/robot_description_example:/opt/ros/jazzy DEBUGINFOD_URLS=https://debuginfod.ubuntu.com /usr/bin/cmake --install /home/luca002/proj_ws/build/wamv_navigation
