[0.096s] DEBUG:colcon:Command line arguments: ['/usr/bin/colcon', 'build', '--symlink-install']
[0.096s] DEBUG:colcon:Parsed command line arguments: Namespace(log_base=None, log_level=None, verb_name='build', build_base='build', install_base='install', merge_install=False, symlink_install=True, test_result_base=None, continue_on_error=False, executor='parallel', parallel_workers=8, event_handlers=None, ignore_user_meta=False, metas=['./colcon.meta'], base_paths=['.'], packages_ignore=None, packages_ignore_regex=None, paths=None, packages_up_to=None, packages_up_to_regex=None, packages_above=None, packages_above_and_dependencies=None, packages_above_depth=None, packages_select_by_dep=None, packages_skip_by_dep=None, packages_skip_up_to=None, packages_select_build_failed=False, packages_skip_build_finished=False, packages_select_test_failures=False, packages_skip_test_passed=False, packages_select=None, packages_skip=None, packages_select_regex=None, packages_skip_regex=None, packages_start=None, packages_end=None, allow_overriding=[], cmake_args=None, cmake_target=None, cmake_target_skip_unavailable=False, cmake_clean_cache=False, cmake_clean_first=False, cmake_force_configure=False, ament_cmake_args=None, catkin_cmake_args=None, catkin_skip_building_tests=False, mixin_files=None, mixin=None, verb_parser=<colcon_mixin.mixin.mixin_argument.MixinArgumentDecorator object at 0x77439455ad20>, verb_extension=<colcon_core.verb.build.BuildVerb object at 0x7743945a9c40>, main=<bound method BuildVerb.main of <colcon_core.verb.build.BuildVerb object at 0x7743945a9c40>>, mixin_verb=('build',))
[0.123s] Level 1:colcon.colcon_core.package_discovery:discover_packages(colcon_meta) check parameters
[0.123s] Level 1:colcon.colcon_core.package_discovery:discover_packages(recursive) check parameters
[0.123s] Level 1:colcon.colcon_core.package_discovery:discover_packages(ignore) check parameters
[0.123s] Level 1:colcon.colcon_core.package_discovery:discover_packages(path) check parameters
[0.123s] Level 1:colcon.colcon_core.package_discovery:discover_packages(colcon_meta) discover
[0.123s] Level 1:colcon.colcon_core.package_discovery:discover_packages(recursive) discover
[0.123s] INFO:colcon.colcon_core.package_discovery:Crawling recursively for packages in '/home/gelatocotonato/LabMec2025'
[0.123s] Level 1:colcon.colcon_core.package_identification:_identify(.) by extensions ['ignore', 'ignore_ament_install']
[0.123s] Level 1:colcon.colcon_core.package_identification:_identify(.) by extension 'ignore'
[0.123s] Level 1:colcon.colcon_core.package_identification:_identify(.) by extension 'ignore_ament_install'
[0.124s] Level 1:colcon.colcon_core.package_identification:_identify(.) by extensions ['colcon_pkg']
[0.124s] Level 1:colcon.colcon_core.package_identification:_identify(.) by extension 'colcon_pkg'
[0.124s] Level 1:colcon.colcon_core.package_identification:_identify(.) by extensions ['colcon_meta']
[0.124s] Level 1:colcon.colcon_core.package_identification:_identify(.) by extension 'colcon_meta'
[0.124s] Level 1:colcon.colcon_core.package_identification:_identify(.) by extensions ['ros']
[0.124s] Level 1:colcon.colcon_core.package_identification:_identify(.) by extension 'ros'
[0.142s] Level 1:colcon.colcon_core.package_identification:_identify(.) by extensions ['cmake', 'python']
[0.142s] Level 1:colcon.colcon_core.package_identification:_identify(.) by extension 'cmake'
[0.142s] Level 1:colcon.colcon_core.package_identification:_identify(.) by extension 'python'
[0.142s] Level 1:colcon.colcon_core.package_identification:_identify(.) by extensions ['python_setup_py']
[0.142s] Level 1:colcon.colcon_core.package_identification:_identify(.) by extension 'python_setup_py'
[0.142s] Level 1:colcon.colcon_core.package_identification:_identify(build) by extensions ['ignore', 'ignore_ament_install']
[0.142s] Level 1:colcon.colcon_core.package_identification:_identify(build) by extension 'ignore'
[0.142s] Level 1:colcon.colcon_core.package_identification:_identify(build) ignored
[0.142s] Level 1:colcon.colcon_core.package_identification:_identify(install) by extensions ['ignore', 'ignore_ament_install']
[0.142s] Level 1:colcon.colcon_core.package_identification:_identify(install) by extension 'ignore'
[0.142s] Level 1:colcon.colcon_core.package_identification:_identify(install) ignored
[0.142s] Level 1:colcon.colcon_core.package_identification:_identify(log) by extensions ['ignore', 'ignore_ament_install']
[0.142s] Level 1:colcon.colcon_core.package_identification:_identify(log) by extension 'ignore'
[0.142s] Level 1:colcon.colcon_core.package_identification:_identify(log) ignored
[0.143s] Level 1:colcon.colcon_core.package_identification:_identify(src) by extensions ['ignore', 'ignore_ament_install']
[0.143s] Level 1:colcon.colcon_core.package_identification:_identify(src) by extension 'ignore'
[0.143s] Level 1:colcon.colcon_core.package_identification:_identify(src) by extension 'ignore_ament_install'
[0.143s] Level 1:colcon.colcon_core.package_identification:_identify(src) by extensions ['colcon_pkg']
[0.143s] Level 1:colcon.colcon_core.package_identification:_identify(src) by extension 'colcon_pkg'
[0.143s] Level 1:colcon.colcon_core.package_identification:_identify(src) by extensions ['colcon_meta']
[0.143s] Level 1:colcon.colcon_core.package_identification:_identify(src) by extension 'colcon_meta'
[0.143s] Level 1:colcon.colcon_core.package_identification:_identify(src) by extensions ['ros']
[0.143s] Level 1:colcon.colcon_core.package_identification:_identify(src) by extension 'ros'
[0.143s] Level 1:colcon.colcon_core.package_identification:_identify(src) by extensions ['cmake', 'python']
[0.143s] Level 1:colcon.colcon_core.package_identification:_identify(src) by extension 'cmake'
[0.143s] Level 1:colcon.colcon_core.package_identification:_identify(src) by extension 'python'
[0.143s] Level 1:colcon.colcon_core.package_identification:_identify(src) by extensions ['python_setup_py']
[0.143s] Level 1:colcon.colcon_core.package_identification:_identify(src) by extension 'python_setup_py'
[0.143s] Level 1:colcon.colcon_core.package_identification:_identify(src/python_node) by extensions ['ignore', 'ignore_ament_install']
[0.143s] Level 1:colcon.colcon_core.package_identification:_identify(src/python_node) by extension 'ignore'
[0.143s] Level 1:colcon.colcon_core.package_identification:_identify(src/python_node) by extension 'ignore_ament_install'
[0.143s] Level 1:colcon.colcon_core.package_identification:_identify(src/python_node) by extensions ['colcon_pkg']
[0.143s] Level 1:colcon.colcon_core.package_identification:_identify(src/python_node) by extension 'colcon_pkg'
[0.143s] Level 1:colcon.colcon_core.package_identification:_identify(src/python_node) by extensions ['colcon_meta']
[0.143s] Level 1:colcon.colcon_core.package_identification:_identify(src/python_node) by extension 'colcon_meta'
[0.143s] Level 1:colcon.colcon_core.package_identification:_identify(src/python_node) by extensions ['ros']
[0.143s] Level 1:colcon.colcon_core.package_identification:_identify(src/python_node) by extension 'ros'
[0.145s] DEBUG:colcon.colcon_core.package_identification:Package 'src/python_node' with type 'ros.ament_python' and name 'python_node'
[0.145s] Level 1:colcon.colcon_core.package_identification:_identify(src/wamv_gazebo) by extensions ['ignore', 'ignore_ament_install']
[0.145s] Level 1:colcon.colcon_core.package_identification:_identify(src/wamv_gazebo) by extension 'ignore'
[0.145s] Level 1:colcon.colcon_core.package_identification:_identify(src/wamv_gazebo) by extension 'ignore_ament_install'
[0.145s] Level 1:colcon.colcon_core.package_identification:_identify(src/wamv_gazebo) by extensions ['colcon_pkg']
[0.145s] Level 1:colcon.colcon_core.package_identification:_identify(src/wamv_gazebo) by extension 'colcon_pkg'
[0.145s] Level 1:colcon.colcon_core.package_identification:_identify(src/wamv_gazebo) by extensions ['colcon_meta']
[0.145s] Level 1:colcon.colcon_core.package_identification:_identify(src/wamv_gazebo) by extension 'colcon_meta'
[0.145s] Level 1:colcon.colcon_core.package_identification:_identify(src/wamv_gazebo) by extensions ['ros']
[0.145s] Level 1:colcon.colcon_core.package_identification:_identify(src/wamv_gazebo) by extension 'ros'
[0.146s] DEBUG:colcon.colcon_core.package_identification:Package 'src/wamv_gazebo' with type 'ros.ament_cmake' and name 'wamv_gazebo'
[0.146s] Level 1:colcon.colcon_core.package_identification:_identify(src/wamv_navigation) by extensions ['ignore', 'ignore_ament_install']
[0.146s] Level 1:colcon.colcon_core.package_identification:_identify(src/wamv_navigation) by extension 'ignore'
[0.146s] Level 1:colcon.colcon_core.package_identification:_identify(src/wamv_navigation) by extension 'ignore_ament_install'
[0.146s] Level 1:colcon.colcon_core.package_identification:_identify(src/wamv_navigation) by extensions ['colcon_pkg']
[0.146s] Level 1:colcon.colcon_core.package_identification:_identify(src/wamv_navigation) by extension 'colcon_pkg'
[0.146s] Level 1:colcon.colcon_core.package_identification:_identify(src/wamv_navigation) by extensions ['colcon_meta']
[0.146s] Level 1:colcon.colcon_core.package_identification:_identify(src/wamv_navigation) by extension 'colcon_meta'
[0.146s] Level 1:colcon.colcon_core.package_identification:_identify(src/wamv_navigation) by extensions ['ros']
[0.146s] Level 1:colcon.colcon_core.package_identification:_identify(src/wamv_navigation) by extension 'ros'
[0.147s] DEBUG:colcon.colcon_core.package_identification:Package 'src/wamv_navigation' with type 'ros.ament_cmake' and name 'wamv_navigation'
[0.147s] Level 1:colcon.colcon_core.package_discovery:discover_packages(recursive) using defaults
[0.147s] Level 1:colcon.colcon_core.package_discovery:discover_packages(ignore) discover
[0.147s] Level 1:colcon.colcon_core.package_discovery:discover_packages(ignore) using defaults
[0.147s] Level 1:colcon.colcon_core.package_discovery:discover_packages(path) discover
[0.147s] Level 1:colcon.colcon_core.package_discovery:discover_packages(path) using defaults
[0.160s] Level 1:colcon.colcon_core.package_discovery:discover_packages(prefix_path) check parameters
[0.160s] Level 1:colcon.colcon_core.package_discovery:discover_packages(prefix_path) discover
[0.160s] WARNING:colcon.colcon_ros.prefix_path.ament:The path '/home/gelatocotonato/LabMec2025/install/wamv_navigation' in the environment variable AMENT_PREFIX_PATH doesn't exist
[0.160s] WARNING:colcon.colcon_ros.prefix_path.ament:The path '/home/gelatocotonato/LabMec2025/install/wamv_gazebo' in the environment variable AMENT_PREFIX_PATH doesn't exist
[0.160s] WARNING:colcon.colcon_ros.prefix_path.ament:The path '/home/gelatocotonato/LabMec2025/install/python_node' in the environment variable AMENT_PREFIX_PATH doesn't exist
[0.160s] WARNING:colcon.colcon_ros.prefix_path.catkin:The path '/home/gelatocotonato/LabMec2025/install/wamv_navigation' in the environment variable CMAKE_PREFIX_PATH doesn't exist
[0.160s] WARNING:colcon.colcon_ros.prefix_path.catkin:The path '/home/gelatocotonato/LabMec2025/install/wamv_gazebo' in the environment variable CMAKE_PREFIX_PATH doesn't exist
[0.161s] DEBUG:colcon.colcon_installed_package_information.package_discovery:Found 0 installed packages in /home/gelatocotonato/LabMec2025/install
[0.162s] DEBUG:colcon.colcon_installed_package_information.package_discovery:Found 428 installed packages in /opt/ros/jazzy
[0.164s] Level 1:colcon.colcon_core.package_discovery:discover_packages(prefix_path) using defaults
[0.209s] Level 5:colcon.colcon_core.verb:set package 'python_node' build argument 'cmake_args' from command line to 'None'
[0.209s] Level 5:colcon.colcon_core.verb:set package 'python_node' build argument 'cmake_target' from command line to 'None'
[0.210s] Level 5:colcon.colcon_core.verb:set package 'python_node' build argument 'cmake_target_skip_unavailable' from command line to 'False'
[0.210s] Level 5:colcon.colcon_core.verb:set package 'python_node' build argument 'cmake_clean_cache' from command line to 'False'
[0.210s] Level 5:colcon.colcon_core.verb:set package 'python_node' build argument 'cmake_clean_first' from command line to 'False'
[0.210s] Level 5:colcon.colcon_core.verb:set package 'python_node' build argument 'cmake_force_configure' from command line to 'False'
[0.210s] Level 5:colcon.colcon_core.verb:set package 'python_node' build argument 'ament_cmake_args' from command line to 'None'
[0.210s] Level 5:colcon.colcon_core.verb:set package 'python_node' build argument 'catkin_cmake_args' from command line to 'None'
[0.210s] Level 5:colcon.colcon_core.verb:set package 'python_node' build argument 'catkin_skip_building_tests' from command line to 'False'
[0.210s] DEBUG:colcon.colcon_core.verb:Building package 'python_node' with the following arguments: {'ament_cmake_args': None, 'build_base': '/home/gelatocotonato/LabMec2025/build/python_node', 'catkin_cmake_args': None, 'catkin_skip_building_tests': False, 'cmake_args': None, 'cmake_clean_cache': False, 'cmake_clean_first': False, 'cmake_force_configure': False, 'cmake_target': None, 'cmake_target_skip_unavailable': False, 'install_base': '/home/gelatocotonato/LabMec2025/install/python_node', 'merge_install': False, 'path': '/home/gelatocotonato/LabMec2025/src/python_node', 'symlink_install': True, 'test_result_base': None}
[0.210s] Level 5:colcon.colcon_core.verb:set package 'wamv_gazebo' build argument 'cmake_args' from command line to 'None'
[0.210s] Level 5:colcon.colcon_core.verb:set package 'wamv_gazebo' build argument 'cmake_target' from command line to 'None'
[0.210s] Level 5:colcon.colcon_core.verb:set package 'wamv_gazebo' build argument 'cmake_target_skip_unavailable' from command line to 'False'
[0.210s] Level 5:colcon.colcon_core.verb:set package 'wamv_gazebo' build argument 'cmake_clean_cache' from command line to 'False'
[0.210s] Level 5:colcon.colcon_core.verb:set package 'wamv_gazebo' build argument 'cmake_clean_first' from command line to 'False'
[0.210s] Level 5:colcon.colcon_core.verb:set package 'wamv_gazebo' build argument 'cmake_force_configure' from command line to 'False'
[0.210s] Level 5:colcon.colcon_core.verb:set package 'wamv_gazebo' build argument 'ament_cmake_args' from command line to 'None'
[0.210s] Level 5:colcon.colcon_core.verb:set package 'wamv_gazebo' build argument 'catkin_cmake_args' from command line to 'None'
[0.210s] Level 5:colcon.colcon_core.verb:set package 'wamv_gazebo' build argument 'catkin_skip_building_tests' from command line to 'False'
[0.210s] DEBUG:colcon.colcon_core.verb:Building package 'wamv_gazebo' with the following arguments: {'ament_cmake_args': None, 'build_base': '/home/gelatocotonato/LabMec2025/build/wamv_gazebo', 'catkin_cmake_args': None, 'catkin_skip_building_tests': False, 'cmake_args': None, 'cmake_clean_cache': False, 'cmake_clean_first': False, 'cmake_force_configure': False, 'cmake_target': None, 'cmake_target_skip_unavailable': False, 'install_base': '/home/gelatocotonato/LabMec2025/install/wamv_gazebo', 'merge_install': False, 'path': '/home/gelatocotonato/LabMec2025/src/wamv_gazebo', 'symlink_install': True, 'test_result_base': None}
[0.210s] Level 5:colcon.colcon_core.verb:set package 'wamv_navigation' build argument 'cmake_args' from command line to 'None'
[0.210s] Level 5:colcon.colcon_core.verb:set package 'wamv_navigation' build argument 'cmake_target' from command line to 'None'
[0.210s] Level 5:colcon.colcon_core.verb:set package 'wamv_navigation' build argument 'cmake_target_skip_unavailable' from command line to 'False'
[0.210s] Level 5:colcon.colcon_core.verb:set package 'wamv_navigation' build argument 'cmake_clean_cache' from command line to 'False'
[0.210s] Level 5:colcon.colcon_core.verb:set package 'wamv_navigation' build argument 'cmake_clean_first' from command line to 'False'
[0.210s] Level 5:colcon.colcon_core.verb:set package 'wamv_navigation' build argument 'cmake_force_configure' from command line to 'False'
[0.210s] Level 5:colcon.colcon_core.verb:set package 'wamv_navigation' build argument 'ament_cmake_args' from command line to 'None'
[0.210s] Level 5:colcon.colcon_core.verb:set package 'wamv_navigation' build argument 'catkin_cmake_args' from command line to 'None'
[0.210s] Level 5:colcon.colcon_core.verb:set package 'wamv_navigation' build argument 'catkin_skip_building_tests' from command line to 'False'
[0.210s] DEBUG:colcon.colcon_core.verb:Building package 'wamv_navigation' with the following arguments: {'ament_cmake_args': None, 'build_base': '/home/gelatocotonato/LabMec2025/build/wamv_navigation', 'catkin_cmake_args': None, 'catkin_skip_building_tests': False, 'cmake_args': None, 'cmake_clean_cache': False, 'cmake_clean_first': False, 'cmake_force_configure': False, 'cmake_target': None, 'cmake_target_skip_unavailable': False, 'install_base': '/home/gelatocotonato/LabMec2025/install/wamv_navigation', 'merge_install': False, 'path': '/home/gelatocotonato/LabMec2025/src/wamv_navigation', 'symlink_install': True, 'test_result_base': None}
[0.210s] INFO:colcon.colcon_core.executor:Executing jobs using 'parallel' executor
[0.211s] DEBUG:colcon.colcon_parallel_executor.executor.parallel:run_until_complete
[0.211s] INFO:colcon.colcon_ros.task.ament_python.build:Building ROS package in '/home/gelatocotonato/LabMec2025/src/python_node' with build type 'ament_python'
[0.211s] Level 1:colcon.colcon_core.shell:create_environment_hook('python_node', 'ament_prefix_path')
[0.217s] INFO:colcon.colcon_core.plugin_system:Skipping extension 'colcon_core.shell.bat': Not used on non-Windows systems
[0.217s] INFO:colcon.colcon_core.shell:Creating environment hook '/home/gelatocotonato/LabMec2025/install/python_node/share/python_node/hook/ament_prefix_path.ps1'
[0.218s] INFO:colcon.colcon_core.shell:Creating environment descriptor '/home/gelatocotonato/LabMec2025/install/python_node/share/python_node/hook/ament_prefix_path.dsv'
[0.219s] INFO:colcon.colcon_core.shell:Creating environment hook '/home/gelatocotonato/LabMec2025/install/python_node/share/python_node/hook/ament_prefix_path.sh'
[0.219s] INFO:colcon.colcon_core.shell:Skip shell extension 'powershell' for command environment: Not usable outside of PowerShell
[0.219s] DEBUG:colcon.colcon_core.shell:Skip shell extension 'dsv' for command environment
[0.225s] INFO:colcon.colcon_ros.task.ament_cmake.build:Building ROS package in '/home/gelatocotonato/LabMec2025/src/wamv_gazebo' with build type 'ament_cmake'
[0.225s] INFO:colcon.colcon_cmake.task.cmake.build:Building CMake package in '/home/gelatocotonato/LabMec2025/src/wamv_gazebo'
[0.225s] INFO:colcon.colcon_core.shell:Skip shell extension 'powershell' for command environment: Not usable outside of PowerShell
[0.225s] DEBUG:colcon.colcon_core.shell:Skip shell extension 'dsv' for command environment
[0.230s] INFO:colcon.colcon_ros.task.ament_cmake.build:Building ROS package in '/home/gelatocotonato/LabMec2025/src/wamv_navigation' with build type 'ament_cmake'
[0.230s] INFO:colcon.colcon_cmake.task.cmake.build:Building CMake package in '/home/gelatocotonato/LabMec2025/src/wamv_navigation'
[0.230s] INFO:colcon.colcon_core.shell:Skip shell extension 'powershell' for command environment: Not usable outside of PowerShell
[0.230s] DEBUG:colcon.colcon_core.shell:Skip shell extension 'dsv' for command environment
[0.409s] INFO:colcon.colcon_core.task.python.build:Building Python package in '/home/gelatocotonato/LabMec2025/src/python_node'
[0.410s] INFO:colcon.colcon_core.shell:Skip shell extension 'powershell' for command environment: Not usable outside of PowerShell
[0.410s] DEBUG:colcon.colcon_core.shell:Skip shell extension 'dsv' for command environment
[0.414s] DEBUG:colcon.colcon_core.event_handler.log_command:Invoking command in '/home/gelatocotonato/LabMec2025/build/wamv_gazebo': CMAKE_PREFIX_PATH=${CMAKE_PREFIX_PATH}:/home/gelatocotonato/LabMec2025/install/python_node:/opt/ros/jazzy DEBUGINFOD_URLS=https://debuginfod.ubuntu.com /usr/bin/cmake /home/gelatocotonato/LabMec2025/src/wamv_gazebo -DAMENT_CMAKE_SYMLINK_INSTALL=1 -DCMAKE_INSTALL_PREFIX=/home/gelatocotonato/LabMec2025/install/wamv_gazebo
[0.418s] DEBUG:colcon.colcon_core.event_handler.log_command:Invoking command in '/home/gelatocotonato/LabMec2025/build/wamv_navigation': CMAKE_PREFIX_PATH=${CMAKE_PREFIX_PATH}:/home/gelatocotonato/LabMec2025/install/python_node:/opt/ros/jazzy DEBUGINFOD_URLS=https://debuginfod.ubuntu.com /usr/bin/cmake /home/gelatocotonato/LabMec2025/src/wamv_navigation -DAMENT_CMAKE_SYMLINK_INSTALL=1 -DCMAKE_INSTALL_PREFIX=/home/gelatocotonato/LabMec2025/install/wamv_navigation
[1.159s] DEBUG:colcon.colcon_core.event_handler.log_command:Invoking command in '/home/gelatocotonato/LabMec2025/build/python_node': DEBUGINFOD_URLS=https://debuginfod.ubuntu.com PYTHONPATH=/home/gelatocotonato/LabMec2025/build/python_node/prefix_override:/usr/lib/python3/dist-packages/colcon_core/task/python/colcon_distutils_commands:/home/gelatocotonato/LabMec2025/install/python_node/lib/python3.12/site-packages:${PYTHONPATH} /usr/bin/python3 -W ignore:setup.py install is deprecated -W ignore:easy_install command is deprecated setup.py develop --editable --build-directory /home/gelatocotonato/LabMec2025/build/python_node/build --no-deps symlink_data
[1.806s] Level 1:colcon.colcon_core.shell:create_environment_hook('python_node', 'pythonpath_develop')
[1.806s] INFO:colcon.colcon_core.shell:Creating environment hook '/home/gelatocotonato/LabMec2025/build/python_node/share/python_node/hook/pythonpath_develop.ps1'
[1.807s] DEBUG:colcon.colcon_core.event_handler.log_command:Invoked command in '/home/gelatocotonato/LabMec2025/build/python_node' returned '0': DEBUGINFOD_URLS=https://debuginfod.ubuntu.com PYTHONPATH=/home/gelatocotonato/LabMec2025/build/python_node/prefix_override:/usr/lib/python3/dist-packages/colcon_core/task/python/colcon_distutils_commands:/home/gelatocotonato/LabMec2025/install/python_node/lib/python3.12/site-packages:${PYTHONPATH} /usr/bin/python3 -W ignore:setup.py install is deprecated -W ignore:easy_install command is deprecated setup.py develop --editable --build-directory /home/gelatocotonato/LabMec2025/build/python_node/build --no-deps symlink_data
[1.807s] INFO:colcon.colcon_core.shell:Creating environment descriptor '/home/gelatocotonato/LabMec2025/build/python_node/share/python_node/hook/pythonpath_develop.dsv'
[1.807s] INFO:colcon.colcon_core.shell:Creating environment hook '/home/gelatocotonato/LabMec2025/build/python_node/share/python_node/hook/pythonpath_develop.sh'
[1.811s] Level 1:colcon.colcon_core.environment:checking '/home/gelatocotonato/LabMec2025/install/python_node' for CMake module files
[1.812s] Level 1:colcon.colcon_core.environment:checking '/home/gelatocotonato/LabMec2025/install/python_node' for CMake config files
[1.812s] Level 1:colcon.colcon_core.environment:checking '/home/gelatocotonato/LabMec2025/install/python_node/lib'
[1.813s] Level 1:colcon.colcon_core.environment:checking '/home/gelatocotonato/LabMec2025/install/python_node/bin'
[1.813s] Level 1:colcon.colcon_core.environment:checking '/home/gelatocotonato/LabMec2025/install/python_node/lib/pkgconfig/python_node.pc'
[1.813s] Level 1:colcon.colcon_core.environment:checking '/home/gelatocotonato/LabMec2025/install/python_node/lib/python3.12/site-packages'
[1.813s] Level 1:colcon.colcon_core.shell:create_environment_hook('python_node', 'pythonpath')
[1.813s] INFO:colcon.colcon_core.shell:Creating environment hook '/home/gelatocotonato/LabMec2025/install/python_node/share/python_node/hook/pythonpath.ps1'
[1.814s] INFO:colcon.colcon_core.shell:Creating environment descriptor '/home/gelatocotonato/LabMec2025/install/python_node/share/python_node/hook/pythonpath.dsv'
[1.814s] INFO:colcon.colcon_core.shell:Creating environment hook '/home/gelatocotonato/LabMec2025/install/python_node/share/python_node/hook/pythonpath.sh'
[1.815s] Level 1:colcon.colcon_core.environment:checking '/home/gelatocotonato/LabMec2025/install/python_node/bin'
[1.815s] Level 1:colcon.colcon_core.environment:create_environment_scripts_only(python_node)
[1.815s] INFO:colcon.colcon_core.shell:Creating package script '/home/gelatocotonato/LabMec2025/install/python_node/share/python_node/package.ps1'
[1.816s] INFO:colcon.colcon_core.shell:Creating package descriptor '/home/gelatocotonato/LabMec2025/install/python_node/share/python_node/package.dsv'
[1.816s] INFO:colcon.colcon_core.shell:Creating package script '/home/gelatocotonato/LabMec2025/install/python_node/share/python_node/package.sh'
[1.817s] INFO:colcon.colcon_core.shell:Creating package script '/home/gelatocotonato/LabMec2025/install/python_node/share/python_node/package.bash'
[1.817s] INFO:colcon.colcon_core.shell:Creating package script '/home/gelatocotonato/LabMec2025/install/python_node/share/python_node/package.zsh'
[1.818s] Level 1:colcon.colcon_core.environment:create_file_with_runtime_dependencies(/home/gelatocotonato/LabMec2025/install/python_node/share/colcon-core/packages/python_node)
[2.554s] DEBUG:colcon.colcon_core.event_handler.log_command:Invoked command in '/home/gelatocotonato/LabMec2025/build/wamv_navigation' returned '0': CMAKE_PREFIX_PATH=${CMAKE_PREFIX_PATH}:/home/gelatocotonato/LabMec2025/install/python_node:/opt/ros/jazzy DEBUGINFOD_URLS=https://debuginfod.ubuntu.com /usr/bin/cmake /home/gelatocotonato/LabMec2025/src/wamv_navigation -DAMENT_CMAKE_SYMLINK_INSTALL=1 -DCMAKE_INSTALL_PREFIX=/home/gelatocotonato/LabMec2025/install/wamv_navigation
[2.555s] DEBUG:colcon.colcon_core.event_handler.log_command:Invoking command in '/home/gelatocotonato/LabMec2025/build/wamv_navigation': CMAKE_PREFIX_PATH=${CMAKE_PREFIX_PATH}:/home/gelatocotonato/LabMec2025/install/python_node:/opt/ros/jazzy DEBUGINFOD_URLS=https://debuginfod.ubuntu.com /usr/bin/cmake --build /home/gelatocotonato/LabMec2025/build/wamv_navigation -- -j8 -l8
[2.594s] DEBUG:colcon.colcon_core.event_handler.log_command:Invoked command in '/home/gelatocotonato/LabMec2025/build/wamv_navigation' returned '0': CMAKE_PREFIX_PATH=${CMAKE_PREFIX_PATH}:/home/gelatocotonato/LabMec2025/install/python_node:/opt/ros/jazzy DEBUGINFOD_URLS=https://debuginfod.ubuntu.com /usr/bin/cmake --build /home/gelatocotonato/LabMec2025/build/wamv_navigation -- -j8 -l8
[2.603s] DEBUG:colcon.colcon_core.event_handler.log_command:Invoking command in '/home/gelatocotonato/LabMec2025/build/wamv_navigation': CMAKE_PREFIX_PATH=${CMAKE_PREFIX_PATH}:/home/gelatocotonato/LabMec2025/install/python_node:/opt/ros/jazzy DEBUGINFOD_URLS=https://debuginfod.ubuntu.com /usr/bin/cmake --install /home/gelatocotonato/LabMec2025/build/wamv_navigation
[2.604s] DEBUG:colcon.colcon_core.event_handler.log_command:Invoked command in '/home/gelatocotonato/LabMec2025/build/wamv_gazebo' returned '0': CMAKE_PREFIX_PATH=${CMAKE_PREFIX_PATH}:/home/gelatocotonato/LabMec2025/install/python_node:/opt/ros/jazzy DEBUGINFOD_URLS=https://debuginfod.ubuntu.com /usr/bin/cmake /home/gelatocotonato/LabMec2025/src/wamv_gazebo -DAMENT_CMAKE_SYMLINK_INSTALL=1 -DCMAKE_INSTALL_PREFIX=/home/gelatocotonato/LabMec2025/install/wamv_gazebo
[2.604s] DEBUG:colcon.colcon_core.event_handler.log_command:Invoking command in '/home/gelatocotonato/LabMec2025/build/wamv_gazebo': CMAKE_PREFIX_PATH=${CMAKE_PREFIX_PATH}:/home/gelatocotonato/LabMec2025/install/python_node:/opt/ros/jazzy DEBUGINFOD_URLS=https://debuginfod.ubuntu.com /usr/bin/cmake --build /home/gelatocotonato/LabMec2025/build/wamv_gazebo -- -j8 -l8
[2.809s] Level 1:colcon.colcon_core.environment:create_environment_scripts_only(wamv_navigation)
[2.810s] Level 1:colcon.colcon_core.environment:checking '/home/gelatocotonato/LabMec2025/install/wamv_navigation' for CMake module files
[2.810s] DEBUG:colcon.colcon_core.event_handler.log_command:Invoked command in '/home/gelatocotonato/LabMec2025/build/wamv_navigation' returned '0': CMAKE_PREFIX_PATH=${CMAKE_PREFIX_PATH}:/home/gelatocotonato/LabMec2025/install/python_node:/opt/ros/jazzy DEBUGINFOD_URLS=https://debuginfod.ubuntu.com /usr/bin/cmake --install /home/gelatocotonato/LabMec2025/build/wamv_navigation
[2.811s] Level 1:colcon.colcon_core.environment:checking '/home/gelatocotonato/LabMec2025/install/wamv_navigation' for CMake config files
[2.811s] Level 1:colcon.colcon_core.shell:create_environment_hook('wamv_navigation', 'cmake_prefix_path')
[2.811s] INFO:colcon.colcon_core.shell:Creating environment hook '/home/gelatocotonato/LabMec2025/install/wamv_navigation/share/wamv_navigation/hook/cmake_prefix_path.ps1'
[2.812s] INFO:colcon.colcon_core.shell:Creating environment descriptor '/home/gelatocotonato/LabMec2025/install/wamv_navigation/share/wamv_navigation/hook/cmake_prefix_path.dsv'
[2.812s] INFO:colcon.colcon_core.shell:Creating environment hook '/home/gelatocotonato/LabMec2025/install/wamv_navigation/share/wamv_navigation/hook/cmake_prefix_path.sh'
[2.813s] Level 1:colcon.colcon_core.environment:checking '/home/gelatocotonato/LabMec2025/install/wamv_navigation/lib'
[2.813s] Level 1:colcon.colcon_core.environment:checking '/home/gelatocotonato/LabMec2025/install/wamv_navigation/bin'
[2.813s] Level 1:colcon.colcon_core.environment:checking '/home/gelatocotonato/LabMec2025/install/wamv_navigation/lib/pkgconfig/wamv_navigation.pc'
[2.813s] Level 1:colcon.colcon_core.environment:checking '/home/gelatocotonato/LabMec2025/install/wamv_navigation/lib/python3.12/site-packages'
[2.813s] Level 1:colcon.colcon_core.environment:checking '/home/gelatocotonato/LabMec2025/install/wamv_navigation/bin'
[2.814s] INFO:colcon.colcon_core.shell:Creating package script '/home/gelatocotonato/LabMec2025/install/wamv_navigation/share/wamv_navigation/package.ps1'
[2.814s] INFO:colcon.colcon_core.shell:Creating package descriptor '/home/gelatocotonato/LabMec2025/install/wamv_navigation/share/wamv_navigation/package.dsv'
[2.815s] INFO:colcon.colcon_core.shell:Creating package script '/home/gelatocotonato/LabMec2025/install/wamv_navigation/share/wamv_navigation/package.sh'
[2.815s] INFO:colcon.colcon_core.shell:Creating package script '/home/gelatocotonato/LabMec2025/install/wamv_navigation/share/wamv_navigation/package.bash'
[2.815s] INFO:colcon.colcon_core.shell:Creating package script '/home/gelatocotonato/LabMec2025/install/wamv_navigation/share/wamv_navigation/package.zsh'
[2.815s] Level 1:colcon.colcon_core.environment:create_file_with_runtime_dependencies(/home/gelatocotonato/LabMec2025/install/wamv_navigation/share/colcon-core/packages/wamv_navigation)
[2.816s] Level 1:colcon.colcon_core.environment:create_environment_scripts_only(wamv_navigation)
[2.816s] Level 1:colcon.colcon_core.environment:checking '/home/gelatocotonato/LabMec2025/install/wamv_navigation' for CMake module files
[2.817s] Level 1:colcon.colcon_core.environment:checking '/home/gelatocotonato/LabMec2025/install/wamv_navigation' for CMake config files
[2.817s] Level 1:colcon.colcon_core.shell:create_environment_hook('wamv_navigation', 'cmake_prefix_path')
[2.817s] INFO:colcon.colcon_core.shell:Creating environment hook '/home/gelatocotonato/LabMec2025/install/wamv_navigation/share/wamv_navigation/hook/cmake_prefix_path.ps1'
[2.818s] INFO:colcon.colcon_core.shell:Creating environment descriptor '/home/gelatocotonato/LabMec2025/install/wamv_navigation/share/wamv_navigation/hook/cmake_prefix_path.dsv'
[2.818s] INFO:colcon.colcon_core.shell:Creating environment hook '/home/gelatocotonato/LabMec2025/install/wamv_navigation/share/wamv_navigation/hook/cmake_prefix_path.sh'
[2.819s] Level 1:colcon.colcon_core.environment:checking '/home/gelatocotonato/LabMec2025/install/wamv_navigation/lib'
[2.819s] Level 1:colcon.colcon_core.environment:checking '/home/gelatocotonato/LabMec2025/install/wamv_navigation/bin'
[2.819s] Level 1:colcon.colcon_core.environment:checking '/home/gelatocotonato/LabMec2025/install/wamv_navigation/lib/pkgconfig/wamv_navigation.pc'
[2.819s] Level 1:colcon.colcon_core.environment:checking '/home/gelatocotonato/LabMec2025/install/wamv_navigation/lib/python3.12/site-packages'
[2.819s] Level 1:colcon.colcon_core.environment:checking '/home/gelatocotonato/LabMec2025/install/wamv_navigation/bin'
[2.820s] INFO:colcon.colcon_core.shell:Creating package script '/home/gelatocotonato/LabMec2025/install/wamv_navigation/share/wamv_navigation/package.ps1'
[2.820s] INFO:colcon.colcon_core.shell:Creating package descriptor '/home/gelatocotonato/LabMec2025/install/wamv_navigation/share/wamv_navigation/package.dsv'
[2.821s] INFO:colcon.colcon_core.shell:Creating package script '/home/gelatocotonato/LabMec2025/install/wamv_navigation/share/wamv_navigation/package.sh'
[2.821s] INFO:colcon.colcon_core.shell:Creating package script '/home/gelatocotonato/LabMec2025/install/wamv_navigation/share/wamv_navigation/package.bash'
[2.822s] INFO:colcon.colcon_core.shell:Creating package script '/home/gelatocotonato/LabMec2025/install/wamv_navigation/share/wamv_navigation/package.zsh'
[2.822s] Level 1:colcon.colcon_core.environment:create_file_with_runtime_dependencies(/home/gelatocotonato/LabMec2025/install/wamv_navigation/share/colcon-core/packages/wamv_navigation)
[31.822s] DEBUG:colcon.colcon_core.event_handler.log_command:Invoked command in '/home/gelatocotonato/LabMec2025/build/wamv_gazebo' returned '0': CMAKE_PREFIX_PATH=${CMAKE_PREFIX_PATH}:/home/gelatocotonato/LabMec2025/install/python_node:/opt/ros/jazzy DEBUGINFOD_URLS=https://debuginfod.ubuntu.com /usr/bin/cmake --build /home/gelatocotonato/LabMec2025/build/wamv_gazebo -- -j8 -l8
[31.824s] DEBUG:colcon.colcon_core.event_handler.log_command:Invoking command in '/home/gelatocotonato/LabMec2025/build/wamv_gazebo': CMAKE_PREFIX_PATH=${CMAKE_PREFIX_PATH}:/home/gelatocotonato/LabMec2025/install/python_node:/opt/ros/jazzy DEBUGINFOD_URLS=https://debuginfod.ubuntu.com /usr/bin/cmake --install /home/gelatocotonato/LabMec2025/build/wamv_gazebo
[32.910s] Level 1:colcon.colcon_core.environment:create_environment_scripts_only(wamv_gazebo)
[32.910s] Level 1:colcon.colcon_core.environment:checking '/home/gelatocotonato/LabMec2025/install/wamv_gazebo' for CMake module files
[32.910s] Level 1:colcon.colcon_core.environment:checking '/home/gelatocotonato/LabMec2025/install/wamv_gazebo' for CMake config files
[32.911s] Level 1:colcon.colcon_core.shell:create_environment_hook('wamv_gazebo', 'cmake_prefix_path')
[32.911s] INFO:colcon.colcon_core.shell:Creating environment hook '/home/gelatocotonato/LabMec2025/install/wamv_gazebo/share/wamv_gazebo/hook/cmake_prefix_path.ps1'
[32.912s] DEBUG:colcon.colcon_core.event_handler.log_command:Invoked command in '/home/gelatocotonato/LabMec2025/build/wamv_gazebo' returned '0': CMAKE_PREFIX_PATH=${CMAKE_PREFIX_PATH}:/home/gelatocotonato/LabMec2025/install/python_node:/opt/ros/jazzy DEBUGINFOD_URLS=https://debuginfod.ubuntu.com /usr/bin/cmake --install /home/gelatocotonato/LabMec2025/build/wamv_gazebo
[32.916s] INFO:colcon.colcon_core.shell:Creating environment descriptor '/home/gelatocotonato/LabMec2025/install/wamv_gazebo/share/wamv_gazebo/hook/cmake_prefix_path.dsv'
[32.916s] INFO:colcon.colcon_core.shell:Creating environment hook '/home/gelatocotonato/LabMec2025/install/wamv_gazebo/share/wamv_gazebo/hook/cmake_prefix_path.sh'
[32.917s] Level 1:colcon.colcon_core.environment:checking '/home/gelatocotonato/LabMec2025/install/wamv_gazebo/lib'
[32.917s] Level 1:colcon.colcon_core.shell:create_environment_hook('wamv_gazebo', 'ld_library_path_lib')
[32.917s] INFO:colcon.colcon_core.shell:Creating environment hook '/home/gelatocotonato/LabMec2025/install/wamv_gazebo/share/wamv_gazebo/hook/ld_library_path_lib.ps1'
[32.918s] INFO:colcon.colcon_core.shell:Creating environment descriptor '/home/gelatocotonato/LabMec2025/install/wamv_gazebo/share/wamv_gazebo/hook/ld_library_path_lib.dsv'
[32.918s] INFO:colcon.colcon_core.shell:Creating environment hook '/home/gelatocotonato/LabMec2025/install/wamv_gazebo/share/wamv_gazebo/hook/ld_library_path_lib.sh'
[32.918s] Level 1:colcon.colcon_core.environment:checking '/home/gelatocotonato/LabMec2025/install/wamv_gazebo/bin'
[32.918s] Level 1:colcon.colcon_core.environment:checking '/home/gelatocotonato/LabMec2025/install/wamv_gazebo/lib/pkgconfig/wamv_gazebo.pc'
[32.918s] Level 1:colcon.colcon_core.environment:checking '/home/gelatocotonato/LabMec2025/install/wamv_gazebo/lib/python3.12/site-packages'
[32.919s] Level 1:colcon.colcon_core.environment:checking '/home/gelatocotonato/LabMec2025/install/wamv_gazebo/bin'
[32.919s] INFO:colcon.colcon_core.shell:Creating package script '/home/gelatocotonato/LabMec2025/install/wamv_gazebo/share/wamv_gazebo/package.ps1'
[32.919s] INFO:colcon.colcon_core.shell:Creating package descriptor '/home/gelatocotonato/LabMec2025/install/wamv_gazebo/share/wamv_gazebo/package.dsv'
[32.920s] INFO:colcon.colcon_core.shell:Creating package script '/home/gelatocotonato/LabMec2025/install/wamv_gazebo/share/wamv_gazebo/package.sh'
[32.920s] INFO:colcon.colcon_core.shell:Creating package script '/home/gelatocotonato/LabMec2025/install/wamv_gazebo/share/wamv_gazebo/package.bash'
[32.920s] INFO:colcon.colcon_core.shell:Creating package script '/home/gelatocotonato/LabMec2025/install/wamv_gazebo/share/wamv_gazebo/package.zsh'
[32.921s] Level 1:colcon.colcon_core.environment:create_file_with_runtime_dependencies(/home/gelatocotonato/LabMec2025/install/wamv_gazebo/share/colcon-core/packages/wamv_gazebo)
[32.921s] Level 1:colcon.colcon_core.environment:create_environment_scripts_only(wamv_gazebo)
[32.921s] Level 1:colcon.colcon_core.environment:checking '/home/gelatocotonato/LabMec2025/install/wamv_gazebo' for CMake module files
[32.922s] Level 1:colcon.colcon_core.environment:checking '/home/gelatocotonato/LabMec2025/install/wamv_gazebo' for CMake config files
[32.922s] Level 1:colcon.colcon_core.shell:create_environment_hook('wamv_gazebo', 'cmake_prefix_path')
[32.922s] INFO:colcon.colcon_core.shell:Creating environment hook '/home/gelatocotonato/LabMec2025/install/wamv_gazebo/share/wamv_gazebo/hook/cmake_prefix_path.ps1'
[32.923s] INFO:colcon.colcon_core.shell:Creating environment descriptor '/home/gelatocotonato/LabMec2025/install/wamv_gazebo/share/wamv_gazebo/hook/cmake_prefix_path.dsv'
[32.923s] INFO:colcon.colcon_core.shell:Creating environment hook '/home/gelatocotonato/LabMec2025/install/wamv_gazebo/share/wamv_gazebo/hook/cmake_prefix_path.sh'
[32.923s] Level 1:colcon.colcon_core.environment:checking '/home/gelatocotonato/LabMec2025/install/wamv_gazebo/lib'
[32.923s] Level 1:colcon.colcon_core.shell:create_environment_hook('wamv_gazebo', 'ld_library_path_lib')
[32.923s] INFO:colcon.colcon_core.shell:Creating environment hook '/home/gelatocotonato/LabMec2025/install/wamv_gazebo/share/wamv_gazebo/hook/ld_library_path_lib.ps1'
[32.924s] INFO:colcon.colcon_core.shell:Creating environment descriptor '/home/gelatocotonato/LabMec2025/install/wamv_gazebo/share/wamv_gazebo/hook/ld_library_path_lib.dsv'
[32.924s] INFO:colcon.colcon_core.shell:Creating environment hook '/home/gelatocotonato/LabMec2025/install/wamv_gazebo/share/wamv_gazebo/hook/ld_library_path_lib.sh'
[32.924s] Level 1:colcon.colcon_core.environment:checking '/home/gelatocotonato/LabMec2025/install/wamv_gazebo/bin'
[32.924s] Level 1:colcon.colcon_core.environment:checking '/home/gelatocotonato/LabMec2025/install/wamv_gazebo/lib/pkgconfig/wamv_gazebo.pc'
[32.924s] Level 1:colcon.colcon_core.environment:checking '/home/gelatocotonato/LabMec2025/install/wamv_gazebo/lib/python3.12/site-packages'
[32.924s] Level 1:colcon.colcon_core.environment:checking '/home/gelatocotonato/LabMec2025/install/wamv_gazebo/bin'
[32.925s] INFO:colcon.colcon_core.shell:Creating package script '/home/gelatocotonato/LabMec2025/install/wamv_gazebo/share/wamv_gazebo/package.ps1'
[32.925s] INFO:colcon.colcon_core.shell:Creating package descriptor '/home/gelatocotonato/LabMec2025/install/wamv_gazebo/share/wamv_gazebo/package.dsv'
[32.925s] INFO:colcon.colcon_core.shell:Creating package script '/home/gelatocotonato/LabMec2025/install/wamv_gazebo/share/wamv_gazebo/package.sh'
[32.926s] INFO:colcon.colcon_core.shell:Creating package script '/home/gelatocotonato/LabMec2025/install/wamv_gazebo/share/wamv_gazebo/package.bash'
[32.926s] INFO:colcon.colcon_core.shell:Creating package script '/home/gelatocotonato/LabMec2025/install/wamv_gazebo/share/wamv_gazebo/package.zsh'
[32.926s] Level 1:colcon.colcon_core.environment:create_file_with_runtime_dependencies(/home/gelatocotonato/LabMec2025/install/wamv_gazebo/share/colcon-core/packages/wamv_gazebo)
[32.926s] DEBUG:colcon.colcon_parallel_executor.executor.parallel:closing loop
[32.927s] DEBUG:colcon.colcon_parallel_executor.executor.parallel:loop closed
[32.927s] DEBUG:colcon.colcon_parallel_executor.executor.parallel:run_until_complete finished with '0'
[32.927s] DEBUG:colcon.colcon_core.event_reactor:joining thread
[32.933s] INFO:colcon.colcon_core.plugin_system:Skipping extension 'colcon_notification.desktop_notification.terminal_notifier': Not used on non-Darwin systems
[32.933s] INFO:colcon.colcon_core.plugin_system:Skipping extension 'colcon_notification.desktop_notification.win32': Not used on non-Windows systems
[32.933s] INFO:colcon.colcon_notification.desktop_notification:Sending desktop notification using 'notify2'
[32.997s] DEBUG:colcon.colcon_core.event_reactor:joined thread
[32.997s] INFO:colcon.colcon_core.shell:Creating prefix script '/home/gelatocotonato/LabMec2025/install/local_setup.ps1'
[32.998s] INFO:colcon.colcon_core.shell:Creating prefix util module '/home/gelatocotonato/LabMec2025/install/_local_setup_util_ps1.py'
[32.999s] INFO:colcon.colcon_core.shell:Creating prefix chain script '/home/gelatocotonato/LabMec2025/install/setup.ps1'
[33.000s] INFO:colcon.colcon_core.shell:Creating prefix script '/home/gelatocotonato/LabMec2025/install/local_setup.sh'
[33.001s] INFO:colcon.colcon_core.shell:Creating prefix util module '/home/gelatocotonato/LabMec2025/install/_local_setup_util_sh.py'
[33.002s] INFO:colcon.colcon_core.shell:Creating prefix chain script '/home/gelatocotonato/LabMec2025/install/setup.sh'
[33.003s] INFO:colcon.colcon_core.shell:Creating prefix script '/home/gelatocotonato/LabMec2025/install/local_setup.bash'
[33.003s] INFO:colcon.colcon_core.shell:Creating prefix chain script '/home/gelatocotonato/LabMec2025/install/setup.bash'
[33.004s] INFO:colcon.colcon_core.shell:Creating prefix script '/home/gelatocotonato/LabMec2025/install/local_setup.zsh'
[33.005s] INFO:colcon.colcon_core.shell:Creating prefix chain script '/home/gelatocotonato/LabMec2025/install/setup.zsh'
