[0.202s] DEBUG:colcon:Command line arguments: ['/usr/bin/colcon', 'build', '--symlink-install']
[0.202s] DEBUG:colcon:Parsed command line arguments: Namespace(log_base=None, log_level=None, verb_name='build', build_base='build', install_base='install', merge_install=False, symlink_install=True, test_result_base=None, continue_on_error=False, executor='parallel', parallel_workers=8, event_handlers=None, ignore_user_meta=False, metas=['./colcon.meta'], base_paths=['.'], packages_ignore=None, packages_ignore_regex=None, paths=None, packages_up_to=None, packages_up_to_regex=None, packages_above=None, packages_above_and_dependencies=None, packages_above_depth=None, packages_select_by_dep=None, packages_skip_by_dep=None, packages_skip_up_to=None, packages_select_build_failed=False, packages_skip_build_finished=False, packages_select_test_failures=False, packages_skip_test_passed=False, packages_select=None, packages_skip=None, packages_select_regex=None, packages_skip_regex=None, packages_start=None, packages_end=None, allow_overriding=[], cmake_args=None, cmake_target=None, cmake_target_skip_unavailable=False, cmake_clean_cache=False, cmake_clean_first=False, cmake_force_configure=False, ament_cmake_args=None, catkin_cmake_args=None, catkin_skip_building_tests=False, mixin_files=None, mixin=None, verb_parser=<colcon_mixin.mixin.mixin_argument.MixinArgumentDecorator object at 0x7ce8c1daa390>, verb_extension=<colcon_core.verb.build.BuildVerb object at 0x7ce8c1da9dc0>, main=<bound method BuildVerb.main of <colcon_core.verb.build.BuildVerb object at 0x7ce8c1da9dc0>>, mixin_verb=('build',))
[0.251s] Level 1:colcon.colcon_core.package_discovery:discover_packages(colcon_meta) check parameters
[0.251s] Level 1:colcon.colcon_core.package_discovery:discover_packages(recursive) check parameters
[0.252s] Level 1:colcon.colcon_core.package_discovery:discover_packages(ignore) check parameters
[0.252s] Level 1:colcon.colcon_core.package_discovery:discover_packages(path) check parameters
[0.252s] Level 1:colcon.colcon_core.package_discovery:discover_packages(colcon_meta) discover
[0.252s] Level 1:colcon.colcon_core.package_discovery:discover_packages(recursive) discover
[0.252s] INFO:colcon.colcon_core.package_discovery:Crawling recursively for packages in '/home/gelatocotonato/LabMec2025'
[0.252s] Level 1:colcon.colcon_core.package_identification:_identify(.) by extensions ['ignore', 'ignore_ament_install']
[0.252s] Level 1:colcon.colcon_core.package_identification:_identify(.) by extension 'ignore'
[0.252s] Level 1:colcon.colcon_core.package_identification:_identify(.) by extension 'ignore_ament_install'
[0.252s] Level 1:colcon.colcon_core.package_identification:_identify(.) by extensions ['colcon_pkg']
[0.252s] Level 1:colcon.colcon_core.package_identification:_identify(.) by extension 'colcon_pkg'
[0.252s] Level 1:colcon.colcon_core.package_identification:_identify(.) by extensions ['colcon_meta']
[0.252s] Level 1:colcon.colcon_core.package_identification:_identify(.) by extension 'colcon_meta'
[0.252s] Level 1:colcon.colcon_core.package_identification:_identify(.) by extensions ['ros']
[0.252s] Level 1:colcon.colcon_core.package_identification:_identify(.) by extension 'ros'
[0.285s] Level 1:colcon.colcon_core.package_identification:_identify(.) by extensions ['cmake', 'python']
[0.285s] Level 1:colcon.colcon_core.package_identification:_identify(.) by extension 'cmake'
[0.285s] Level 1:colcon.colcon_core.package_identification:_identify(.) by extension 'python'
[0.285s] Level 1:colcon.colcon_core.package_identification:_identify(.) by extensions ['python_setup_py']
[0.285s] Level 1:colcon.colcon_core.package_identification:_identify(.) by extension 'python_setup_py'
[0.286s] Level 1:colcon.colcon_core.package_identification:_identify(build) by extensions ['ignore', 'ignore_ament_install']
[0.286s] Level 1:colcon.colcon_core.package_identification:_identify(build) by extension 'ignore'
[0.286s] Level 1:colcon.colcon_core.package_identification:_identify(build) ignored
[0.286s] Level 1:colcon.colcon_core.package_identification:_identify(install) by extensions ['ignore', 'ignore_ament_install']
[0.286s] Level 1:colcon.colcon_core.package_identification:_identify(install) by extension 'ignore'
[0.286s] Level 1:colcon.colcon_core.package_identification:_identify(install) ignored
[0.286s] Level 1:colcon.colcon_core.package_identification:_identify(log) by extensions ['ignore', 'ignore_ament_install']
[0.286s] Level 1:colcon.colcon_core.package_identification:_identify(log) by extension 'ignore'
[0.286s] Level 1:colcon.colcon_core.package_identification:_identify(log) ignored
[0.286s] Level 1:colcon.colcon_core.package_identification:_identify(src) by extensions ['ignore', 'ignore_ament_install']
[0.286s] Level 1:colcon.colcon_core.package_identification:_identify(src) by extension 'ignore'
[0.286s] Level 1:colcon.colcon_core.package_identification:_identify(src) by extension 'ignore_ament_install'
[0.286s] Level 1:colcon.colcon_core.package_identification:_identify(src) by extensions ['colcon_pkg']
[0.286s] Level 1:colcon.colcon_core.package_identification:_identify(src) by extension 'colcon_pkg'
[0.286s] Level 1:colcon.colcon_core.package_identification:_identify(src) by extensions ['colcon_meta']
[0.286s] Level 1:colcon.colcon_core.package_identification:_identify(src) by extension 'colcon_meta'
[0.286s] Level 1:colcon.colcon_core.package_identification:_identify(src) by extensions ['ros']
[0.286s] Level 1:colcon.colcon_core.package_identification:_identify(src) by extension 'ros'
[0.286s] Level 1:colcon.colcon_core.package_identification:_identify(src) by extensions ['cmake', 'python']
[0.286s] Level 1:colcon.colcon_core.package_identification:_identify(src) by extension 'cmake'
[0.286s] Level 1:colcon.colcon_core.package_identification:_identify(src) by extension 'python'
[0.286s] Level 1:colcon.colcon_core.package_identification:_identify(src) by extensions ['python_setup_py']
[0.286s] Level 1:colcon.colcon_core.package_identification:_identify(src) by extension 'python_setup_py'
[0.286s] Level 1:colcon.colcon_core.package_identification:_identify(src/python_node) by extensions ['ignore', 'ignore_ament_install']
[0.287s] Level 1:colcon.colcon_core.package_identification:_identify(src/python_node) by extension 'ignore'
[0.287s] Level 1:colcon.colcon_core.package_identification:_identify(src/python_node) by extension 'ignore_ament_install'
[0.287s] Level 1:colcon.colcon_core.package_identification:_identify(src/python_node) by extensions ['colcon_pkg']
[0.287s] Level 1:colcon.colcon_core.package_identification:_identify(src/python_node) by extension 'colcon_pkg'
[0.287s] Level 1:colcon.colcon_core.package_identification:_identify(src/python_node) by extensions ['colcon_meta']
[0.287s] Level 1:colcon.colcon_core.package_identification:_identify(src/python_node) by extension 'colcon_meta'
[0.287s] Level 1:colcon.colcon_core.package_identification:_identify(src/python_node) by extensions ['ros']
[0.287s] Level 1:colcon.colcon_core.package_identification:_identify(src/python_node) by extension 'ros'
[0.289s] DEBUG:colcon.colcon_core.package_identification:Package 'src/python_node' with type 'ros.ament_python' and name 'python_node'
[0.289s] Level 1:colcon.colcon_core.package_identification:_identify(src/wamv_gazebo) by extensions ['ignore', 'ignore_ament_install']
[0.289s] Level 1:colcon.colcon_core.package_identification:_identify(src/wamv_gazebo) by extension 'ignore'
[0.290s] Level 1:colcon.colcon_core.package_identification:_identify(src/wamv_gazebo) by extension 'ignore_ament_install'
[0.290s] Level 1:colcon.colcon_core.package_identification:_identify(src/wamv_gazebo) by extensions ['colcon_pkg']
[0.290s] Level 1:colcon.colcon_core.package_identification:_identify(src/wamv_gazebo) by extension 'colcon_pkg'
[0.290s] Level 1:colcon.colcon_core.package_identification:_identify(src/wamv_gazebo) by extensions ['colcon_meta']
[0.290s] Level 1:colcon.colcon_core.package_identification:_identify(src/wamv_gazebo) by extension 'colcon_meta'
[0.290s] Level 1:colcon.colcon_core.package_identification:_identify(src/wamv_gazebo) by extensions ['ros']
[0.290s] Level 1:colcon.colcon_core.package_identification:_identify(src/wamv_gazebo) by extension 'ros'
[0.290s] DEBUG:colcon.colcon_core.package_identification:Package 'src/wamv_gazebo' with type 'ros.ament_cmake' and name 'wamv_gazebo'
[0.290s] Level 1:colcon.colcon_core.package_identification:_identify(src/wamv_navigation) by extensions ['ignore', 'ignore_ament_install']
[0.290s] Level 1:colcon.colcon_core.package_identification:_identify(src/wamv_navigation) by extension 'ignore'
[0.290s] Level 1:colcon.colcon_core.package_identification:_identify(src/wamv_navigation) by extension 'ignore_ament_install'
[0.290s] Level 1:colcon.colcon_core.package_identification:_identify(src/wamv_navigation) by extensions ['colcon_pkg']
[0.290s] Level 1:colcon.colcon_core.package_identification:_identify(src/wamv_navigation) by extension 'colcon_pkg'
[0.290s] Level 1:colcon.colcon_core.package_identification:_identify(src/wamv_navigation) by extensions ['colcon_meta']
[0.290s] Level 1:colcon.colcon_core.package_identification:_identify(src/wamv_navigation) by extension 'colcon_meta'
[0.290s] Level 1:colcon.colcon_core.package_identification:_identify(src/wamv_navigation) by extensions ['ros']
[0.291s] Level 1:colcon.colcon_core.package_identification:_identify(src/wamv_navigation) by extension 'ros'
[0.291s] DEBUG:colcon.colcon_core.package_identification:Package 'src/wamv_navigation' with type 'ros.ament_cmake' and name 'wamv_navigation'
[0.291s] Level 1:colcon.colcon_core.package_discovery:discover_packages(recursive) using defaults
[0.291s] Level 1:colcon.colcon_core.package_discovery:discover_packages(ignore) discover
[0.291s] Level 1:colcon.colcon_core.package_discovery:discover_packages(ignore) using defaults
[0.291s] Level 1:colcon.colcon_core.package_discovery:discover_packages(path) discover
[0.291s] Level 1:colcon.colcon_core.package_discovery:discover_packages(path) using defaults
[0.316s] Level 1:colcon.colcon_core.package_discovery:discover_packages(prefix_path) check parameters
[0.316s] Level 1:colcon.colcon_core.package_discovery:discover_packages(prefix_path) discover
[0.322s] DEBUG:colcon.colcon_installed_package_information.package_discovery:Found 3 installed packages in /home/gelatocotonato/LabMec2025/install
[0.325s] DEBUG:colcon.colcon_installed_package_information.package_discovery:Found 428 installed packages in /opt/ros/jazzy
[0.327s] Level 1:colcon.colcon_core.package_discovery:discover_packages(prefix_path) using defaults
[0.455s] Level 5:colcon.colcon_core.verb:set package 'python_node' build argument 'cmake_args' from command line to 'None'
[0.455s] Level 5:colcon.colcon_core.verb:set package 'python_node' build argument 'cmake_target' from command line to 'None'
[0.455s] Level 5:colcon.colcon_core.verb:set package 'python_node' build argument 'cmake_target_skip_unavailable' from command line to 'False'
[0.455s] Level 5:colcon.colcon_core.verb:set package 'python_node' build argument 'cmake_clean_cache' from command line to 'False'
[0.455s] Level 5:colcon.colcon_core.verb:set package 'python_node' build argument 'cmake_clean_first' from command line to 'False'
[0.455s] Level 5:colcon.colcon_core.verb:set package 'python_node' build argument 'cmake_force_configure' from command line to 'False'
[0.455s] Level 5:colcon.colcon_core.verb:set package 'python_node' build argument 'ament_cmake_args' from command line to 'None'
[0.455s] Level 5:colcon.colcon_core.verb:set package 'python_node' build argument 'catkin_cmake_args' from command line to 'None'
[0.455s] Level 5:colcon.colcon_core.verb:set package 'python_node' build argument 'catkin_skip_building_tests' from command line to 'False'
[0.455s] DEBUG:colcon.colcon_core.verb:Building package 'python_node' with the following arguments: {'ament_cmake_args': None, 'build_base': '/home/gelatocotonato/LabMec2025/build/python_node', 'catkin_cmake_args': None, 'catkin_skip_building_tests': False, 'cmake_args': None, 'cmake_clean_cache': False, 'cmake_clean_first': False, 'cmake_force_configure': False, 'cmake_target': None, 'cmake_target_skip_unavailable': False, 'install_base': '/home/gelatocotonato/LabMec2025/install/python_node', 'merge_install': False, 'path': '/home/gelatocotonato/LabMec2025/src/python_node', 'symlink_install': True, 'test_result_base': None}
[0.455s] Level 5:colcon.colcon_core.verb:set package 'wamv_gazebo' build argument 'cmake_args' from command line to 'None'
[0.455s] Level 5:colcon.colcon_core.verb:set package 'wamv_gazebo' build argument 'cmake_target' from command line to 'None'
[0.455s] Level 5:colcon.colcon_core.verb:set package 'wamv_gazebo' build argument 'cmake_target_skip_unavailable' from command line to 'False'
[0.455s] Level 5:colcon.colcon_core.verb:set package 'wamv_gazebo' build argument 'cmake_clean_cache' from command line to 'False'
[0.455s] Level 5:colcon.colcon_core.verb:set package 'wamv_gazebo' build argument 'cmake_clean_first' from command line to 'False'
[0.455s] Level 5:colcon.colcon_core.verb:set package 'wamv_gazebo' build argument 'cmake_force_configure' from command line to 'False'
[0.455s] Level 5:colcon.colcon_core.verb:set package 'wamv_gazebo' build argument 'ament_cmake_args' from command line to 'None'
[0.455s] Level 5:colcon.colcon_core.verb:set package 'wamv_gazebo' build argument 'catkin_cmake_args' from command line to 'None'
[0.455s] Level 5:colcon.colcon_core.verb:set package 'wamv_gazebo' build argument 'catkin_skip_building_tests' from command line to 'False'
[0.455s] DEBUG:colcon.colcon_core.verb:Building package 'wamv_gazebo' with the following arguments: {'ament_cmake_args': None, 'build_base': '/home/gelatocotonato/LabMec2025/build/wamv_gazebo', 'catkin_cmake_args': None, 'catkin_skip_building_tests': False, 'cmake_args': None, 'cmake_clean_cache': False, 'cmake_clean_first': False, 'cmake_force_configure': False, 'cmake_target': None, 'cmake_target_skip_unavailable': False, 'install_base': '/home/gelatocotonato/LabMec2025/install/wamv_gazebo', 'merge_install': False, 'path': '/home/gelatocotonato/LabMec2025/src/wamv_gazebo', 'symlink_install': True, 'test_result_base': None}
[0.456s] Level 5:colcon.colcon_core.verb:set package 'wamv_navigation' build argument 'cmake_args' from command line to 'None'
[0.456s] Level 5:colcon.colcon_core.verb:set package 'wamv_navigation' build argument 'cmake_target' from command line to 'None'
[0.456s] Level 5:colcon.colcon_core.verb:set package 'wamv_navigation' build argument 'cmake_target_skip_unavailable' from command line to 'False'
[0.456s] Level 5:colcon.colcon_core.verb:set package 'wamv_navigation' build argument 'cmake_clean_cache' from command line to 'False'
[0.456s] Level 5:colcon.colcon_core.verb:set package 'wamv_navigation' build argument 'cmake_clean_first' from command line to 'False'
[0.456s] Level 5:colcon.colcon_core.verb:set package 'wamv_navigation' build argument 'cmake_force_configure' from command line to 'False'
[0.456s] Level 5:colcon.colcon_core.verb:set package 'wamv_navigation' build argument 'ament_cmake_args' from command line to 'None'
[0.456s] Level 5:colcon.colcon_core.verb:set package 'wamv_navigation' build argument 'catkin_cmake_args' from command line to 'None'
[0.456s] Level 5:colcon.colcon_core.verb:set package 'wamv_navigation' build argument 'catkin_skip_building_tests' from command line to 'False'
[0.456s] DEBUG:colcon.colcon_core.verb:Building package 'wamv_navigation' with the following arguments: {'ament_cmake_args': None, 'build_base': '/home/gelatocotonato/LabMec2025/build/wamv_navigation', 'catkin_cmake_args': None, 'catkin_skip_building_tests': False, 'cmake_args': None, 'cmake_clean_cache': False, 'cmake_clean_first': False, 'cmake_force_configure': False, 'cmake_target': None, 'cmake_target_skip_unavailable': False, 'install_base': '/home/gelatocotonato/LabMec2025/install/wamv_navigation', 'merge_install': False, 'path': '/home/gelatocotonato/LabMec2025/src/wamv_navigation', 'symlink_install': True, 'test_result_base': None}
[0.456s] INFO:colcon.colcon_core.executor:Executing jobs using 'parallel' executor
[0.456s] DEBUG:colcon.colcon_parallel_executor.executor.parallel:run_until_complete
[0.457s] INFO:colcon.colcon_ros.task.ament_python.build:Building ROS package in '/home/gelatocotonato/LabMec2025/src/python_node' with build type 'ament_python'
[0.457s] Level 1:colcon.colcon_core.shell:create_environment_hook('python_node', 'ament_prefix_path')
[0.461s] INFO:colcon.colcon_core.plugin_system:Skipping extension 'colcon_core.shell.bat': Not used on non-Windows systems
[0.461s] INFO:colcon.colcon_core.shell:Creating environment hook '/home/gelatocotonato/LabMec2025/install/python_node/share/python_node/hook/ament_prefix_path.ps1'
[0.462s] INFO:colcon.colcon_core.shell:Creating environment descriptor '/home/gelatocotonato/LabMec2025/install/python_node/share/python_node/hook/ament_prefix_path.dsv'
[0.463s] INFO:colcon.colcon_core.shell:Creating environment hook '/home/gelatocotonato/LabMec2025/install/python_node/share/python_node/hook/ament_prefix_path.sh'
[0.463s] INFO:colcon.colcon_core.shell:Skip shell extension 'powershell' for command environment: Not usable outside of PowerShell
[0.463s] DEBUG:colcon.colcon_core.shell:Skip shell extension 'dsv' for command environment
[0.466s] INFO:colcon.colcon_ros.task.ament_cmake.build:Building ROS package in '/home/gelatocotonato/LabMec2025/src/wamv_gazebo' with build type 'ament_cmake'
[0.467s] INFO:colcon.colcon_cmake.task.cmake.build:Building CMake package in '/home/gelatocotonato/LabMec2025/src/wamv_gazebo'
[0.467s] INFO:colcon.colcon_core.shell:Skip shell extension 'powershell' for command environment: Not usable outside of PowerShell
[0.467s] DEBUG:colcon.colcon_core.shell:Skip shell extension 'dsv' for command environment
[0.470s] INFO:colcon.colcon_ros.task.ament_cmake.build:Building ROS package in '/home/gelatocotonato/LabMec2025/src/wamv_navigation' with build type 'ament_cmake'
[0.470s] INFO:colcon.colcon_cmake.task.cmake.build:Building CMake package in '/home/gelatocotonato/LabMec2025/src/wamv_navigation'
[0.470s] INFO:colcon.colcon_core.shell:Skip shell extension 'powershell' for command environment: Not usable outside of PowerShell
[0.470s] DEBUG:colcon.colcon_core.shell:Skip shell extension 'dsv' for command environment
[0.666s] INFO:colcon.colcon_core.task.python.build:Building Python package in '/home/gelatocotonato/LabMec2025/src/python_node'
[0.666s] INFO:colcon.colcon_core.shell:Skip shell extension 'powershell' for command environment: Not usable outside of PowerShell
[0.666s] DEBUG:colcon.colcon_core.shell:Skip shell extension 'dsv' for command environment
[0.672s] DEBUG:colcon.colcon_core.event_handler.log_command:Invoking command in '/home/gelatocotonato/LabMec2025/build/wamv_gazebo': CMAKE_PREFIX_PATH=${CMAKE_PREFIX_PATH}:/home/gelatocotonato/LabMec2025/install/python_node:/opt/ros/jazzy DEBUGINFOD_URLS=https://debuginfod.ubuntu.com /usr/bin/cmake --build /home/gelatocotonato/LabMec2025/build/wamv_gazebo -- -j8 -l8
[0.679s] DEBUG:colcon.colcon_core.event_handler.log_command:Invoking command in '/home/gelatocotonato/LabMec2025/build/wamv_navigation': CMAKE_PREFIX_PATH=${CMAKE_PREFIX_PATH}:/home/gelatocotonato/LabMec2025/install/python_node:/opt/ros/jazzy DEBUGINFOD_URLS=https://debuginfod.ubuntu.com /usr/bin/cmake --build /home/gelatocotonato/LabMec2025/build/wamv_navigation -- -j8 -l8
[0.787s] DEBUG:colcon.colcon_core.event_handler.log_command:Invoked command in '/home/gelatocotonato/LabMec2025/build/wamv_navigation' returned '0': CMAKE_PREFIX_PATH=${CMAKE_PREFIX_PATH}:/home/gelatocotonato/LabMec2025/install/python_node:/opt/ros/jazzy DEBUGINFOD_URLS=https://debuginfod.ubuntu.com /usr/bin/cmake --build /home/gelatocotonato/LabMec2025/build/wamv_navigation -- -j8 -l8
[0.799s] DEBUG:colcon.colcon_core.event_handler.log_command:Invoking command in '/home/gelatocotonato/LabMec2025/build/wamv_navigation': CMAKE_PREFIX_PATH=${CMAKE_PREFIX_PATH}:/home/gelatocotonato/LabMec2025/install/python_node:/opt/ros/jazzy DEBUGINFOD_URLS=https://debuginfod.ubuntu.com /usr/bin/cmake --install /home/gelatocotonato/LabMec2025/build/wamv_navigation
[0.835s] Level 1:colcon.colcon_core.environment:create_environment_scripts_only(wamv_navigation)
[0.837s] DEBUG:colcon.colcon_core.event_handler.log_command:Invoked command in '/home/gelatocotonato/LabMec2025/build/wamv_navigation' returned '0': CMAKE_PREFIX_PATH=${CMAKE_PREFIX_PATH}:/home/gelatocotonato/LabMec2025/install/python_node:/opt/ros/jazzy DEBUGINFOD_URLS=https://debuginfod.ubuntu.com /usr/bin/cmake --install /home/gelatocotonato/LabMec2025/build/wamv_navigation
[0.855s] Level 1:colcon.colcon_core.environment:checking '/home/gelatocotonato/LabMec2025/install/wamv_navigation' for CMake module files
[0.856s] Level 1:colcon.colcon_core.environment:checking '/home/gelatocotonato/LabMec2025/install/wamv_navigation' for CMake config files
[0.856s] Level 1:colcon.colcon_core.shell:create_environment_hook('wamv_navigation', 'cmake_prefix_path')
[0.856s] INFO:colcon.colcon_core.shell:Creating environment hook '/home/gelatocotonato/LabMec2025/install/wamv_navigation/share/wamv_navigation/hook/cmake_prefix_path.ps1'
[0.857s] INFO:colcon.colcon_core.shell:Creating environment descriptor '/home/gelatocotonato/LabMec2025/install/wamv_navigation/share/wamv_navigation/hook/cmake_prefix_path.dsv'
[0.859s] INFO:colcon.colcon_core.shell:Creating environment hook '/home/gelatocotonato/LabMec2025/install/wamv_navigation/share/wamv_navigation/hook/cmake_prefix_path.sh'
[0.861s] Level 1:colcon.colcon_core.environment:checking '/home/gelatocotonato/LabMec2025/install/wamv_navigation/lib'
[0.862s] Level 1:colcon.colcon_core.environment:checking '/home/gelatocotonato/LabMec2025/install/wamv_navigation/bin'
[0.862s] Level 1:colcon.colcon_core.environment:checking '/home/gelatocotonato/LabMec2025/install/wamv_navigation/lib/pkgconfig/wamv_navigation.pc'
[0.862s] Level 1:colcon.colcon_core.environment:checking '/home/gelatocotonato/LabMec2025/install/wamv_navigation/lib/python3.12/site-packages'
[0.863s] Level 1:colcon.colcon_core.environment:checking '/home/gelatocotonato/LabMec2025/install/wamv_navigation/bin'
[0.865s] INFO:colcon.colcon_core.shell:Creating package script '/home/gelatocotonato/LabMec2025/install/wamv_navigation/share/wamv_navigation/package.ps1'
[0.872s] INFO:colcon.colcon_core.shell:Creating package descriptor '/home/gelatocotonato/LabMec2025/install/wamv_navigation/share/wamv_navigation/package.dsv'
[0.873s] INFO:colcon.colcon_core.shell:Creating package script '/home/gelatocotonato/LabMec2025/install/wamv_navigation/share/wamv_navigation/package.sh'
[0.875s] INFO:colcon.colcon_core.shell:Creating package script '/home/gelatocotonato/LabMec2025/install/wamv_navigation/share/wamv_navigation/package.bash'
[0.877s] INFO:colcon.colcon_core.shell:Creating package script '/home/gelatocotonato/LabMec2025/install/wamv_navigation/share/wamv_navigation/package.zsh'
[0.878s] Level 1:colcon.colcon_core.environment:create_file_with_runtime_dependencies(/home/gelatocotonato/LabMec2025/install/wamv_navigation/share/colcon-core/packages/wamv_navigation)
[0.879s] Level 1:colcon.colcon_core.environment:create_environment_scripts_only(wamv_navigation)
[0.879s] Level 1:colcon.colcon_core.environment:checking '/home/gelatocotonato/LabMec2025/install/wamv_navigation' for CMake module files
[0.880s] Level 1:colcon.colcon_core.environment:checking '/home/gelatocotonato/LabMec2025/install/wamv_navigation' for CMake config files
[0.880s] Level 1:colcon.colcon_core.shell:create_environment_hook('wamv_navigation', 'cmake_prefix_path')
[0.880s] INFO:colcon.colcon_core.shell:Creating environment hook '/home/gelatocotonato/LabMec2025/install/wamv_navigation/share/wamv_navigation/hook/cmake_prefix_path.ps1'
[0.881s] INFO:colcon.colcon_core.shell:Creating environment descriptor '/home/gelatocotonato/LabMec2025/install/wamv_navigation/share/wamv_navigation/hook/cmake_prefix_path.dsv'
[0.883s] INFO:colcon.colcon_core.shell:Creating environment hook '/home/gelatocotonato/LabMec2025/install/wamv_navigation/share/wamv_navigation/hook/cmake_prefix_path.sh'
[0.884s] Level 1:colcon.colcon_core.environment:checking '/home/gelatocotonato/LabMec2025/install/wamv_navigation/lib'
[0.884s] Level 1:colcon.colcon_core.environment:checking '/home/gelatocotonato/LabMec2025/install/wamv_navigation/bin'
[0.884s] Level 1:colcon.colcon_core.environment:checking '/home/gelatocotonato/LabMec2025/install/wamv_navigation/lib/pkgconfig/wamv_navigation.pc'
[0.885s] Level 1:colcon.colcon_core.environment:checking '/home/gelatocotonato/LabMec2025/install/wamv_navigation/lib/python3.12/site-packages'
[0.885s] Level 1:colcon.colcon_core.environment:checking '/home/gelatocotonato/LabMec2025/install/wamv_navigation/bin'
[0.885s] INFO:colcon.colcon_core.shell:Creating package script '/home/gelatocotonato/LabMec2025/install/wamv_navigation/share/wamv_navigation/package.ps1'
[0.886s] INFO:colcon.colcon_core.shell:Creating package descriptor '/home/gelatocotonato/LabMec2025/install/wamv_navigation/share/wamv_navigation/package.dsv'
[0.887s] INFO:colcon.colcon_core.shell:Creating package script '/home/gelatocotonato/LabMec2025/install/wamv_navigation/share/wamv_navigation/package.sh'
[0.888s] INFO:colcon.colcon_core.shell:Creating package script '/home/gelatocotonato/LabMec2025/install/wamv_navigation/share/wamv_navigation/package.bash'
[0.888s] INFO:colcon.colcon_core.shell:Creating package script '/home/gelatocotonato/LabMec2025/install/wamv_navigation/share/wamv_navigation/package.zsh'
[0.888s] Level 1:colcon.colcon_core.environment:create_file_with_runtime_dependencies(/home/gelatocotonato/LabMec2025/install/wamv_navigation/share/colcon-core/packages/wamv_navigation)
[0.975s] DEBUG:colcon.colcon_core.event_handler.log_command:Invoked command in '/home/gelatocotonato/LabMec2025/build/wamv_gazebo' returned '0': CMAKE_PREFIX_PATH=${CMAKE_PREFIX_PATH}:/home/gelatocotonato/LabMec2025/install/python_node:/opt/ros/jazzy DEBUGINFOD_URLS=https://debuginfod.ubuntu.com /usr/bin/cmake --build /home/gelatocotonato/LabMec2025/build/wamv_gazebo -- -j8 -l8
[0.977s] DEBUG:colcon.colcon_core.event_handler.log_command:Invoking command in '/home/gelatocotonato/LabMec2025/build/wamv_gazebo': CMAKE_PREFIX_PATH=${CMAKE_PREFIX_PATH}:/home/gelatocotonato/LabMec2025/install/python_node:/opt/ros/jazzy DEBUGINFOD_URLS=https://debuginfod.ubuntu.com /usr/bin/cmake --install /home/gelatocotonato/LabMec2025/build/wamv_gazebo
[1.029s] Level 1:colcon.colcon_core.environment:create_environment_scripts_only(wamv_gazebo)
[1.029s] Level 1:colcon.colcon_core.environment:checking '/home/gelatocotonato/LabMec2025/install/wamv_gazebo' for CMake module files
[1.030s] DEBUG:colcon.colcon_core.event_handler.log_command:Invoked command in '/home/gelatocotonato/LabMec2025/build/wamv_gazebo' returned '0': CMAKE_PREFIX_PATH=${CMAKE_PREFIX_PATH}:/home/gelatocotonato/LabMec2025/install/python_node:/opt/ros/jazzy DEBUGINFOD_URLS=https://debuginfod.ubuntu.com /usr/bin/cmake --install /home/gelatocotonato/LabMec2025/build/wamv_gazebo
[1.030s] Level 1:colcon.colcon_core.environment:checking '/home/gelatocotonato/LabMec2025/install/wamv_gazebo' for CMake config files
[1.030s] Level 1:colcon.colcon_core.shell:create_environment_hook('wamv_gazebo', 'cmake_prefix_path')
[1.031s] INFO:colcon.colcon_core.shell:Creating environment hook '/home/gelatocotonato/LabMec2025/install/wamv_gazebo/share/wamv_gazebo/hook/cmake_prefix_path.ps1'
[1.031s] INFO:colcon.colcon_core.shell:Creating environment descriptor '/home/gelatocotonato/LabMec2025/install/wamv_gazebo/share/wamv_gazebo/hook/cmake_prefix_path.dsv'
[1.031s] INFO:colcon.colcon_core.shell:Creating environment hook '/home/gelatocotonato/LabMec2025/install/wamv_gazebo/share/wamv_gazebo/hook/cmake_prefix_path.sh'
[1.032s] Level 1:colcon.colcon_core.environment:checking '/home/gelatocotonato/LabMec2025/install/wamv_gazebo/lib'
[1.032s] Level 1:colcon.colcon_core.shell:create_environment_hook('wamv_gazebo', 'ld_library_path_lib')
[1.032s] INFO:colcon.colcon_core.shell:Creating environment hook '/home/gelatocotonato/LabMec2025/install/wamv_gazebo/share/wamv_gazebo/hook/ld_library_path_lib.ps1'
[1.032s] INFO:colcon.colcon_core.shell:Creating environment descriptor '/home/gelatocotonato/LabMec2025/install/wamv_gazebo/share/wamv_gazebo/hook/ld_library_path_lib.dsv'
[1.032s] INFO:colcon.colcon_core.shell:Creating environment hook '/home/gelatocotonato/LabMec2025/install/wamv_gazebo/share/wamv_gazebo/hook/ld_library_path_lib.sh'
[1.032s] Level 1:colcon.colcon_core.environment:checking '/home/gelatocotonato/LabMec2025/install/wamv_gazebo/bin'
[1.033s] Level 1:colcon.colcon_core.environment:checking '/home/gelatocotonato/LabMec2025/install/wamv_gazebo/lib/pkgconfig/wamv_gazebo.pc'
[1.033s] Level 1:colcon.colcon_core.environment:checking '/home/gelatocotonato/LabMec2025/install/wamv_gazebo/lib/python3.12/site-packages'
[1.033s] Level 1:colcon.colcon_core.environment:checking '/home/gelatocotonato/LabMec2025/install/wamv_gazebo/bin'
[1.033s] INFO:colcon.colcon_core.shell:Creating package script '/home/gelatocotonato/LabMec2025/install/wamv_gazebo/share/wamv_gazebo/package.ps1'
[1.033s] INFO:colcon.colcon_core.shell:Creating package descriptor '/home/gelatocotonato/LabMec2025/install/wamv_gazebo/share/wamv_gazebo/package.dsv'
[1.034s] INFO:colcon.colcon_core.shell:Creating package script '/home/gelatocotonato/LabMec2025/install/wamv_gazebo/share/wamv_gazebo/package.sh'
[1.034s] INFO:colcon.colcon_core.shell:Creating package script '/home/gelatocotonato/LabMec2025/install/wamv_gazebo/share/wamv_gazebo/package.bash'
[1.034s] INFO:colcon.colcon_core.shell:Creating package script '/home/gelatocotonato/LabMec2025/install/wamv_gazebo/share/wamv_gazebo/package.zsh'
[1.034s] Level 1:colcon.colcon_core.environment:create_file_with_runtime_dependencies(/home/gelatocotonato/LabMec2025/install/wamv_gazebo/share/colcon-core/packages/wamv_gazebo)
[1.035s] Level 1:colcon.colcon_core.environment:create_environment_scripts_only(wamv_gazebo)
[1.035s] Level 1:colcon.colcon_core.environment:checking '/home/gelatocotonato/LabMec2025/install/wamv_gazebo' for CMake module files
[1.035s] Level 1:colcon.colcon_core.environment:checking '/home/gelatocotonato/LabMec2025/install/wamv_gazebo' for CMake config files
[1.036s] Level 1:colcon.colcon_core.shell:create_environment_hook('wamv_gazebo', 'cmake_prefix_path')
[1.036s] INFO:colcon.colcon_core.shell:Creating environment hook '/home/gelatocotonato/LabMec2025/install/wamv_gazebo/share/wamv_gazebo/hook/cmake_prefix_path.ps1'
[1.036s] INFO:colcon.colcon_core.shell:Creating environment descriptor '/home/gelatocotonato/LabMec2025/install/wamv_gazebo/share/wamv_gazebo/hook/cmake_prefix_path.dsv'
[1.036s] INFO:colcon.colcon_core.shell:Creating environment hook '/home/gelatocotonato/LabMec2025/install/wamv_gazebo/share/wamv_gazebo/hook/cmake_prefix_path.sh'
[1.037s] Level 1:colcon.colcon_core.environment:checking '/home/gelatocotonato/LabMec2025/install/wamv_gazebo/lib'
[1.037s] Level 1:colcon.colcon_core.shell:create_environment_hook('wamv_gazebo', 'ld_library_path_lib')
[1.037s] INFO:colcon.colcon_core.shell:Creating environment hook '/home/gelatocotonato/LabMec2025/install/wamv_gazebo/share/wamv_gazebo/hook/ld_library_path_lib.ps1'
[1.037s] INFO:colcon.colcon_core.shell:Creating environment descriptor '/home/gelatocotonato/LabMec2025/install/wamv_gazebo/share/wamv_gazebo/hook/ld_library_path_lib.dsv'
[1.037s] INFO:colcon.colcon_core.shell:Creating environment hook '/home/gelatocotonato/LabMec2025/install/wamv_gazebo/share/wamv_gazebo/hook/ld_library_path_lib.sh'
[1.038s] Level 1:colcon.colcon_core.environment:checking '/home/gelatocotonato/LabMec2025/install/wamv_gazebo/bin'
[1.038s] Level 1:colcon.colcon_core.environment:checking '/home/gelatocotonato/LabMec2025/install/wamv_gazebo/lib/pkgconfig/wamv_gazebo.pc'
[1.038s] Level 1:colcon.colcon_core.environment:checking '/home/gelatocotonato/LabMec2025/install/wamv_gazebo/lib/python3.12/site-packages'
[1.038s] Level 1:colcon.colcon_core.environment:checking '/home/gelatocotonato/LabMec2025/install/wamv_gazebo/bin'
[1.038s] INFO:colcon.colcon_core.shell:Creating package script '/home/gelatocotonato/LabMec2025/install/wamv_gazebo/share/wamv_gazebo/package.ps1'
[1.039s] INFO:colcon.colcon_core.shell:Creating package descriptor '/home/gelatocotonato/LabMec2025/install/wamv_gazebo/share/wamv_gazebo/package.dsv'
[1.039s] INFO:colcon.colcon_core.shell:Creating package script '/home/gelatocotonato/LabMec2025/install/wamv_gazebo/share/wamv_gazebo/package.sh'
[1.039s] INFO:colcon.colcon_core.shell:Creating package script '/home/gelatocotonato/LabMec2025/install/wamv_gazebo/share/wamv_gazebo/package.bash'
[1.039s] INFO:colcon.colcon_core.shell:Creating package script '/home/gelatocotonato/LabMec2025/install/wamv_gazebo/share/wamv_gazebo/package.zsh'
[1.040s] Level 1:colcon.colcon_core.environment:create_file_with_runtime_dependencies(/home/gelatocotonato/LabMec2025/install/wamv_gazebo/share/colcon-core/packages/wamv_gazebo)
[1.518s] DEBUG:colcon.colcon_core.event_handler.log_command:Invoking command in '/home/gelatocotonato/LabMec2025/build/python_node': DEBUGINFOD_URLS=https://debuginfod.ubuntu.com PYTHONPATH=/home/gelatocotonato/LabMec2025/build/python_node/prefix_override:/usr/lib/python3/dist-packages/colcon_core/task/python/colcon_distutils_commands:/home/gelatocotonato/LabMec2025/install/python_node/lib/python3.12/site-packages:${PYTHONPATH} /usr/bin/python3 -W ignore:setup.py install is deprecated -W ignore:easy_install command is deprecated setup.py develop --editable --build-directory /home/gelatocotonato/LabMec2025/build/python_node/build --no-deps symlink_data
[2.112s] Level 1:colcon.colcon_core.shell:create_environment_hook('python_node', 'pythonpath_develop')
[2.112s] INFO:colcon.colcon_core.shell:Creating environment hook '/home/gelatocotonato/LabMec2025/build/python_node/share/python_node/hook/pythonpath_develop.ps1'
[2.113s] DEBUG:colcon.colcon_core.event_handler.log_command:Invoked command in '/home/gelatocotonato/LabMec2025/build/python_node' returned '0': DEBUGINFOD_URLS=https://debuginfod.ubuntu.com PYTHONPATH=/home/gelatocotonato/LabMec2025/build/python_node/prefix_override:/usr/lib/python3/dist-packages/colcon_core/task/python/colcon_distutils_commands:/home/gelatocotonato/LabMec2025/install/python_node/lib/python3.12/site-packages:${PYTHONPATH} /usr/bin/python3 -W ignore:setup.py install is deprecated -W ignore:easy_install command is deprecated setup.py develop --editable --build-directory /home/gelatocotonato/LabMec2025/build/python_node/build --no-deps symlink_data
[2.113s] INFO:colcon.colcon_core.shell:Creating environment descriptor '/home/gelatocotonato/LabMec2025/build/python_node/share/python_node/hook/pythonpath_develop.dsv'
[2.113s] INFO:colcon.colcon_core.shell:Creating environment hook '/home/gelatocotonato/LabMec2025/build/python_node/share/python_node/hook/pythonpath_develop.sh'
[2.114s] Level 1:colcon.colcon_core.environment:checking '/home/gelatocotonato/LabMec2025/install/python_node' for CMake module files
[2.114s] Level 1:colcon.colcon_core.environment:checking '/home/gelatocotonato/LabMec2025/install/python_node' for CMake config files
[2.115s] Level 1:colcon.colcon_core.environment:checking '/home/gelatocotonato/LabMec2025/install/python_node/lib'
[2.115s] Level 1:colcon.colcon_core.environment:checking '/home/gelatocotonato/LabMec2025/install/python_node/bin'
[2.115s] Level 1:colcon.colcon_core.environment:checking '/home/gelatocotonato/LabMec2025/install/python_node/lib/pkgconfig/python_node.pc'
[2.115s] Level 1:colcon.colcon_core.environment:checking '/home/gelatocotonato/LabMec2025/install/python_node/lib/python3.12/site-packages'
[2.115s] Level 1:colcon.colcon_core.shell:create_environment_hook('python_node', 'pythonpath')
[2.115s] INFO:colcon.colcon_core.shell:Creating environment hook '/home/gelatocotonato/LabMec2025/install/python_node/share/python_node/hook/pythonpath.ps1'
[2.115s] INFO:colcon.colcon_core.shell:Creating environment descriptor '/home/gelatocotonato/LabMec2025/install/python_node/share/python_node/hook/pythonpath.dsv'
[2.116s] INFO:colcon.colcon_core.shell:Creating environment hook '/home/gelatocotonato/LabMec2025/install/python_node/share/python_node/hook/pythonpath.sh'
[2.116s] Level 1:colcon.colcon_core.environment:checking '/home/gelatocotonato/LabMec2025/install/python_node/bin'
[2.116s] Level 1:colcon.colcon_core.environment:create_environment_scripts_only(python_node)
[2.116s] INFO:colcon.colcon_core.shell:Creating package script '/home/gelatocotonato/LabMec2025/install/python_node/share/python_node/package.ps1'
[2.117s] INFO:colcon.colcon_core.shell:Creating package descriptor '/home/gelatocotonato/LabMec2025/install/python_node/share/python_node/package.dsv'
[2.117s] INFO:colcon.colcon_core.shell:Creating package script '/home/gelatocotonato/LabMec2025/install/python_node/share/python_node/package.sh'
[2.117s] INFO:colcon.colcon_core.shell:Creating package script '/home/gelatocotonato/LabMec2025/install/python_node/share/python_node/package.bash'
[2.118s] INFO:colcon.colcon_core.shell:Creating package script '/home/gelatocotonato/LabMec2025/install/python_node/share/python_node/package.zsh'
[2.118s] Level 1:colcon.colcon_core.environment:create_file_with_runtime_dependencies(/home/gelatocotonato/LabMec2025/install/python_node/share/colcon-core/packages/python_node)
[2.118s] DEBUG:colcon.colcon_parallel_executor.executor.parallel:closing loop
[2.118s] DEBUG:colcon.colcon_parallel_executor.executor.parallel:loop closed
[2.118s] DEBUG:colcon.colcon_parallel_executor.executor.parallel:run_until_complete finished with '0'
[2.118s] DEBUG:colcon.colcon_core.event_reactor:joining thread
[2.128s] INFO:colcon.colcon_core.plugin_system:Skipping extension 'colcon_notification.desktop_notification.terminal_notifier': Not used on non-Darwin systems
[2.128s] INFO:colcon.colcon_core.plugin_system:Skipping extension 'colcon_notification.desktop_notification.win32': Not used on non-Windows systems
[2.128s] INFO:colcon.colcon_notification.desktop_notification:Sending desktop notification using 'notify2'
[2.144s] DEBUG:colcon.colcon_core.event_reactor:joined thread
[2.144s] INFO:colcon.colcon_core.shell:Creating prefix script '/home/gelatocotonato/LabMec2025/install/local_setup.ps1'
[2.145s] INFO:colcon.colcon_core.shell:Creating prefix util module '/home/gelatocotonato/LabMec2025/install/_local_setup_util_ps1.py'
[2.146s] INFO:colcon.colcon_core.shell:Creating prefix chain script '/home/gelatocotonato/LabMec2025/install/setup.ps1'
[2.147s] INFO:colcon.colcon_core.shell:Creating prefix script '/home/gelatocotonato/LabMec2025/install/local_setup.sh'
[2.147s] INFO:colcon.colcon_core.shell:Creating prefix util module '/home/gelatocotonato/LabMec2025/install/_local_setup_util_sh.py'
[2.148s] INFO:colcon.colcon_core.shell:Creating prefix chain script '/home/gelatocotonato/LabMec2025/install/setup.sh'
[2.149s] INFO:colcon.colcon_core.shell:Creating prefix script '/home/gelatocotonato/LabMec2025/install/local_setup.bash'
[2.150s] INFO:colcon.colcon_core.shell:Creating prefix chain script '/home/gelatocotonato/LabMec2025/install/setup.bash'
[2.151s] INFO:colcon.colcon_core.shell:Creating prefix script '/home/gelatocotonato/LabMec2025/install/local_setup.zsh'
[2.152s] INFO:colcon.colcon_core.shell:Creating prefix chain script '/home/gelatocotonato/LabMec2025/install/setup.zsh'
