[0.186s] Invoking command in '/home/gelatocotonato/LabMec2025/build/wamv_gazebo': CMAKE_PREFIX_PATH=${CMAKE_PREFIX_PATH}:/home/gelatocotonato/LabMec2025/install/python_node:/opt/ros/jazzy DEBUGINFOD_URLS=https://debuginfod.ubuntu.com /usr/bin/cmake /home/gelatocotonato/LabMec2025/src/wamv_gazebo -DAMENT_CMAKE_SYMLINK_INSTALL=1 -DCMAKE_INSTALL_PREFIX=/home/gelatocotonato/LabMec2025/install/wamv_gazebo
[0.319s] -- The C compiler identification is GNU 13.3.0
[0.419s] -- The CXX compiler identification is GNU 13.3.0
[0.438s] -- Detecting C compiler ABI info
[0.524s] -- Detecting C compiler ABI info - done
[0.532s] -- Check for working C compiler: /usr/bin/cc - skipped
[0.533s] -- Detecting C compile features
[0.533s] -- Detecting C compile features - done
[0.540s] -- Detecting CXX compiler ABI info
[0.625s] -- Detecting CXX compiler ABI info - done
[0.633s] -- Check for working CXX compiler: /usr/bin/c++ - skipped
[0.633s] -- Detecting CXX compile features
[0.633s] -- Detecting CXX compile features - done
[0.647s] -- Found ament_cmake: 2.5.4 (/opt/ros/jazzy/share/ament_cmake/cmake)
[0.785s] -- Found Python3: /usr/bin/python3 (found version "3.12.3") found components: Interpreter 
[0.856s] -- Override CMake install command with custom implementation using symlinks instead of copying resources
[0.925s] -- Looking for gz-sim8 -- found version 8.9.0
[0.938s] -- Searching for dependencies of gz-sim8
[0.939s] -- Looking for sdformat14 -- found version 14.7.0
[0.939s] -- Searching for dependencies of sdformat14
[0.945s] -- Checking for module 'tinyxml2'
[0.959s] --   Found tinyxml2, version 10.0.0
[0.984s] -- Looking for gz-math7 -- found version 7.5.2
[0.984s] -- Searching for dependencies of gz-math7
[0.986s] -- Looking for gz-utils2 -- found version 2.2.1
[0.986s] -- Searching for dependencies of gz-utils2
[0.988s] -- Looking for gz-utils2 -- found version 2.2.1
[0.988s] -- Searching for dependencies of gz-utils2
[0.988s] -- Searching for <gz-utils2> component [cli]
[0.990s] -- Looking for gz-utils2-cli -- found version 2.2.1
[0.990s] -- Searching for dependencies of gz-utils2-cli
[0.996s] -- Looking for gz-plugin2 -- found version 2.0.4
[0.997s] -- Searching for dependencies of gz-plugin2
[0.997s] -- Looking for gz-utils2 -- found version 2.2.1
[1.000s] -- Searching for <gz-plugin2> component [loader]
[1.004s] -- Looking for gz-plugin2-loader -- found version 2.0.4
[1.004s] -- Searching for dependencies of gz-plugin2-loader
[1.005s] -- Searching for <gz-plugin2> component [register]
[1.007s] -- Looking for gz-plugin2-register -- found version 2.0.4
[1.007s] -- Searching for dependencies of gz-plugin2-register
[1.010s] -- Looking for gz-transport13 -- found version 13.4.1
[1.010s] -- Searching for dependencies of gz-transport13
[1.132s] -- Found Protobuf: /usr/lib/x86_64-linux-gnu/libprotobuf.so (found version "3.21.12") 
[1.142s] -- Config-file not installed for ZeroMQ -- checking for pkg-config
[1.146s] -- Checking for module 'libzmq >= 4'
[1.156s] --   Found libzmq, version 4.3.5
[1.185s] -- Found ZeroMQ: TRUE (Required is at least version "4") 
[1.190s] -- Checking for module 'uuid'
[1.207s] --   Found uuid, version 2.39.3
[1.232s] -- Found UUID: TRUE  
[1.232s] -- Looking for gz-utils2 -- found version 2.2.1
[1.234s] -- Looking for gz-msgs10 -- found version 10.3.2
[1.234s] -- Searching for dependencies of gz-msgs10
[1.250s] -- Looking for gz-utils2 -- found version 2.2.1
[1.250s] -- Looking for gz-math7 -- found version 7.5.2
[1.257s] -- Searching for <gz-transport13> component [log]
[1.259s] -- Looking for gz-transport13-log -- found version 13.4.1
[1.259s] -- Searching for dependencies of gz-transport13-log
[1.260s] -- Searching for <gz-transport13> component [parameters]
[1.262s] -- Looking for gz-transport13-parameters -- found version 13.4.1
[1.262s] -- Searching for dependencies of gz-transport13-parameters
[1.263s] -- Looking for gz-msgs10 -- found version 10.3.2
[1.265s] -- Looking for gz-common5 -- found version 5.7.1
[1.265s] -- Searching for dependencies of gz-common5
[1.265s] -- Looking for gz-utils2 -- found version 2.2.1
[1.266s] -- Looking for dlfcn.h - found
[1.267s] -- Looking for libdl - found
[1.268s] -- Found DL: TRUE  
[1.274s] -- Searching for <gz-common5> component [av]
[1.275s] -- Looking for gz-common5-av -- found version 5.7.1
[1.275s] -- Searching for dependencies of gz-common5-av
[1.279s] -- Checking for module 'libswscale'
[1.290s] --   Found libswscale, version 7.5.100
[1.321s] -- Found SWSCALE: TRUE  
[1.325s] -- Checking for module 'libavdevice >= 56.4.100'
[1.336s] --   Found libavdevice, version 60.3.100
[1.374s] -- Found AVDEVICE: TRUE (Required is at least version "56.4.100") 
[1.380s] -- Checking for module 'libavformat'
[1.395s] --   Found libavformat, version 60.16.100
[1.428s] -- Found AVFORMAT: TRUE  
[1.434s] -- Checking for module 'libavcodec'
[1.448s] --   Found libavcodec, version 60.31.102
[1.479s] -- Found AVCODEC: TRUE  
[1.484s] -- Checking for module 'libavutil'
[1.500s] --   Found libavutil, version 58.29.100
[1.533s] -- Found AVUTIL: TRUE  
[1.533s] -- Searching for <gz-common5> component [events]
[1.535s] -- Looking for gz-common5-events -- found version 5.7.1
[1.535s] -- Searching for dependencies of gz-common5-events
[1.536s] -- Looking for gz-math7 -- found version 7.5.2
[1.537s] -- Searching for <gz-common5> component [graphics]
[1.538s] -- Looking for gz-common5-graphics -- found version 5.7.1
[1.538s] -- Searching for dependencies of gz-common5-graphics
[1.539s] -- Looking for gz-math7 -- found version 7.5.2
[1.544s] -- Found GzAssimp: TRUE (found version "5.3.0") 
[1.546s] -- Searching for <gz-common5> component [io]
[1.547s] -- Looking for gz-common5-io -- found version 5.7.1
[1.547s] -- Searching for dependencies of gz-common5-io
[1.548s] -- Searching for <gz-common5> component [profiler]
[1.550s] -- Looking for gz-common5-profiler -- found version 5.7.1
[1.550s] -- Searching for dependencies of gz-common5-profiler
[1.552s] -- Looking for gz-fuel_tools9 -- found version 9.1.1
[1.552s] -- Searching for dependencies of gz-fuel_tools9
[1.634s] -- Found CURL: /usr/lib/x86_64-linux-gnu/libcurl.so (found version "8.5.0")  
[1.643s] -- Checking for module 'jsoncpp'
[1.655s] --   Found jsoncpp, version 1.9.5
[1.679s] -- Found JSONCPP: TRUE  
[1.693s] -- Checking for module 'yaml-0.1'
[1.709s] --   Found yaml-0.1, version 0.2.5
[1.735s] -- Found YAML: TRUE  
[1.740s] -- Checking for module 'libzip'
[1.751s] --   Found libzip, version 1.7.3
[1.781s] -- Found ZIP: TRUE  
[1.781s] -- Looking for gz-utils2 -- found version 2.2.1
[1.782s] -- Looking for gz-common5 -- found version 5.7.1
[1.782s] -- Searching for dependencies of gz-common5
[1.782s] -- Looking for gz-utils2 -- found version 2.2.1
[1.782s] -- Looking for dlfcn.h - found
[1.783s] -- Looking for libdl - found
[1.790s] -- Searching for <gz-common5> component [testing]
[1.793s] -- Looking for gz-common5-testing -- found version 5.7.1
[1.793s] -- Searching for dependencies of gz-common5-testing
[1.794s] -- Looking for gz-math7 -- found version 7.5.2
[1.794s] -- Looking for gz-msgs10 -- found version 10.3.2
[1.798s] -- Looking for gz-gui8 -- found version 8.4.0
[1.798s] -- Searching for dependencies of gz-gui8
[1.821s] -- Looking for gz-utils2 -- found version 2.2.1
[1.821s] -- Looking for gz-math7 -- found version 7.5.2
[1.821s] -- Looking for gz-common5 -- found version 5.7.1
[1.822s] -- Looking for gz-plugin2 -- found version 2.0.4
[1.822s] -- Looking for gz-transport13 -- found version 13.4.1
[1.824s] -- Looking for gz-rendering8 -- found version 8.2.2
[1.824s] -- Searching for dependencies of gz-rendering8
[1.824s] -- Looking for gz-math7 -- found version 7.5.2
[1.825s] -- Searching for dependencies of gz-math7
[1.825s] -- Looking for gz-utils2 -- found version 2.2.1
[1.825s] -- Searching for <gz-math7> component [eigen3]
[1.827s] -- Looking for gz-math7-eigen3 -- found version 7.5.2
[1.827s] -- Searching for dependencies of gz-math7-eigen3
[1.836s] -- Looking for gz-common5 -- found version 5.7.1
[1.836s] -- Searching for dependencies of gz-common5
[1.836s] -- Looking for gz-utils2 -- found version 2.2.1
[1.836s] -- Looking for dlfcn.h - found
[1.836s] -- Looking for libdl - found
[1.843s] -- Searching for <gz-common5> component [graphics]
[1.843s] -- Searching for <gz-common5> component [events]
[1.843s] -- Searching for <gz-common5> component [geospatial]
[1.844s] -- Looking for gz-common5-geospatial -- found version 5.7.1
[1.844s] -- Searching for dependencies of gz-common5-geospatial
[1.845s] -- Looking for gz-math7 -- found version 7.5.2
[1.845s] -- Looking for gz-common5 -- found version 5.7.1
[1.846s] -- Looking for gz-plugin2 -- found version 2.0.4
[1.846s] -- Searching for dependencies of gz-plugin2
[1.846s] -- Looking for gz-utils2 -- found version 2.2.1
[1.846s] -- Searching for <gz-plugin2> component [all]
[1.848s] -- Looking for all libraries of gz-plugin2 -- found version 2.0.4
[1.849s] -- Looking for gz-plugin2 -- found version 2.0.4
[1.850s] -- Looking for gz-utils2 -- found version 2.2.1
[1.860s] -- Found OpenGL: /usr/lib/x86_64-linux-gnu/libOpenGL.so  found components: OpenGL 
[1.861s] -- Looking for gz-msgs10 -- found version 10.3.2
[1.898s] -- Looking for gz-physics7 -- found version 7.5.0
[1.899s] -- Searching for dependencies of gz-physics7
[1.899s] -- Looking for gz-common5 -- found version 5.7.1
[1.899s] -- Looking for gz-math7 -- found version 7.5.2
[1.900s] -- Looking for gz-plugin2 -- found version 2.0.4
[1.900s] -- Looking for gz-utils2 -- found version 2.2.1
[1.902s] -- Searching for <gz-physics7> component [heightmap]
[1.904s] -- Looking for gz-physics7-heightmap -- found version 7.5.0
[1.904s] -- Searching for dependencies of gz-physics7-heightmap
[1.905s] -- Looking for gz-common5 -- found version 5.7.1
[1.905s] -- Searching for <gz-physics7> component [mesh]
[1.907s] -- Looking for gz-physics7-mesh -- found version 7.5.0
[1.907s] -- Searching for dependencies of gz-physics7-mesh
[1.907s] -- Looking for gz-common5 -- found version 5.7.1
[1.908s] -- Searching for <gz-physics7> component [sdf]
[1.909s] -- Looking for gz-physics7-sdf -- found version 7.5.0
[1.909s] -- Searching for dependencies of gz-physics7-sdf
[1.910s] -- Looking for sdformat14 -- found version 14.7.0
[1.912s] -- Looking for gz-sensors8 -- found version 8.2.2
[1.912s] -- Searching for dependencies of gz-sensors8
[1.928s] -- Looking for gz-math7 -- found version 7.5.2
[1.928s] -- Looking for gz-common5 -- found version 5.7.1
[1.929s] -- Looking for gz-transport13 -- found version 13.4.1
[1.929s] -- Looking for gz-rendering8 -- found version 8.2.2
[1.929s] -- Looking for gz-msgs10 -- found version 10.3.2
[1.930s] -- Looking for sdformat14 -- found version 14.7.0
[1.931s] -- Searching for <gz-sensors8> component [air_pressure]
[1.932s] -- Looking for gz-sensors8-air_pressure -- found version 8.2.2
[1.932s] -- Searching for dependencies of gz-sensors8-air_pressure
[1.933s] -- Searching for <gz-sensors8> component [air_speed]
[1.934s] -- Looking for gz-sensors8-air_speed -- found version 8.2.2
[1.934s] -- Searching for dependencies of gz-sensors8-air_speed
[1.935s] -- Searching for <gz-sensors8> component [altimeter]
[1.936s] -- Looking for gz-sensors8-altimeter -- found version 8.2.2
[1.936s] -- Searching for dependencies of gz-sensors8-altimeter
[1.936s] -- Searching for <gz-sensors8> component [imu]
[1.938s] -- Looking for gz-sensors8-imu -- found version 8.2.2
[1.938s] -- Searching for dependencies of gz-sensors8-imu
[1.938s] -- Searching for <gz-sensors8> component [force_torque]
[1.940s] -- Looking for gz-sensors8-force_torque -- found version 8.2.2
[1.940s] -- Searching for dependencies of gz-sensors8-force_torque
[1.940s] -- Searching for <gz-sensors8> component [logical_camera]
[1.941s] -- Looking for gz-sensors8-logical_camera -- found version 8.2.2
[1.941s] -- Searching for dependencies of gz-sensors8-logical_camera
[1.942s] -- Searching for <gz-sensors8> component [magnetometer]
[1.943s] -- Looking for gz-sensors8-magnetometer -- found version 8.2.2
[1.943s] -- Searching for dependencies of gz-sensors8-magnetometer
[1.944s] -- Searching for <gz-sensors8> component [navsat]
[1.945s] -- Looking for gz-sensors8-navsat -- found version 8.2.2
[1.945s] -- Searching for dependencies of gz-sensors8-navsat
[1.946s] -- Searching for <gz-sensors8> component [dvl]
[1.947s] -- Looking for gz-sensors8-dvl -- found version 8.2.2
[1.947s] -- Searching for dependencies of gz-sensors8-dvl
[1.948s] -- Looking for gz-sensors8 -- found version 8.2.2
[1.948s] -- Searching for dependencies of gz-sensors8
[1.963s] -- Looking for gz-math7 -- found version 7.5.2
[1.964s] -- Looking for gz-common5 -- found version 5.7.1
[1.964s] -- Looking for gz-transport13 -- found version 13.4.1
[1.964s] -- Looking for gz-rendering8 -- found version 8.2.2
[1.964s] -- Looking for gz-msgs10 -- found version 10.3.2
[1.965s] -- Looking for sdformat14 -- found version 14.7.0
[1.965s] -- Searching for <gz-sensors8> component [rendering]
[1.967s] -- Looking for gz-sensors8-rendering -- found version 8.2.2
[1.967s] -- Searching for dependencies of gz-sensors8-rendering
[1.968s] -- Searching for <gz-sensors8> component [rendering]
[1.968s] -- Searching for <gz-sensors8> component [lidar]
[1.969s] -- Looking for gz-sensors8-lidar -- found version 8.2.2
[1.970s] -- Searching for dependencies of gz-sensors8-lidar
[1.970s] -- Looking for gz-sensors8 -- found version 8.2.2
[1.970s] -- Searching for <gz-sensors8> component [gpu_lidar]
[1.972s] -- Looking for gz-sensors8-gpu_lidar -- found version 8.2.2
[1.972s] -- Searching for dependencies of gz-sensors8-gpu_lidar
[1.972s] -- Looking for gz-sensors8 -- found version 8.2.2
[1.973s] -- Searching for <gz-sensors8> component [camera]
[1.974s] -- Looking for gz-sensors8-camera -- found version 8.2.2
[1.974s] -- Searching for dependencies of gz-sensors8-camera
[1.974s] -- Looking for gz-sensors8 -- found version 8.2.2
[1.975s] -- Searching for <gz-sensors8> component [boundingbox_camera]
[1.976s] -- Looking for gz-sensors8-boundingbox_camera -- found version 8.2.2
[1.977s] -- Searching for dependencies of gz-sensors8-boundingbox_camera
[1.977s] -- Searching for <gz-sensors8> component [segmentation_camera]
[1.979s] -- Looking for gz-sensors8-segmentation_camera -- found version 8.2.2
[1.979s] -- Searching for dependencies of gz-sensors8-segmentation_camera
[1.979s] -- Searching for <gz-sensors8> component [depth_camera]
[1.980s] -- Looking for gz-sensors8-depth_camera -- found version 8.2.2
[1.980s] -- Searching for dependencies of gz-sensors8-depth_camera
[1.981s] -- Looking for gz-sensors8 -- found version 8.2.2
[1.981s] -- Searching for <gz-sensors8> component [rgbd_camera]
[1.982s] -- Looking for gz-sensors8-rgbd_camera -- found version 8.2.2
[1.982s] -- Searching for dependencies of gz-sensors8-rgbd_camera
[1.983s] -- Looking for gz-sensors8 -- found version 8.2.2
[1.983s] -- Searching for <gz-sensors8> component [thermal_camera]
[1.984s] -- Looking for gz-sensors8-thermal_camera -- found version 8.2.2
[1.985s] -- Searching for dependencies of gz-sensors8-thermal_camera
[1.985s] -- Looking for gz-sensors8 -- found version 8.2.2
[1.986s] -- Searching for <gz-sensors8> component [wide_angle_camera]
[1.987s] -- Looking for gz-sensors8-wide_angle_camera -- found version 8.2.2
[1.987s] -- Searching for dependencies of gz-sensors8-wide_angle_camera
[1.988s] -- Looking for gz-rendering8 -- found version 8.2.2
[1.988s] -- Looking for gz-math7 -- found version 7.5.2
[1.988s] -- Looking for gz-utils2 -- found version 2.2.1
[2.012s] -- Looking for gz-common5 -- found version 5.7.1
[2.012s] -- Looking for gz-fuel_tools9 -- found version 9.1.1
[2.013s] -- Looking for gz-math7 -- found version 7.5.2
[2.013s] -- Looking for gz-msgs10 -- found version 10.3.2
[2.014s] -- Looking for gz-transport13 -- found version 13.4.1
[2.014s] -- Looking for gz-plugin2 -- found version 2.0.4
[2.015s] -- Looking for gz-rendering8 -- found version 8.2.2
[2.015s] -- Looking for gz-sensors8 -- found version 8.2.2
[2.016s] -- Looking for gz-utils2 -- found version 2.2.1
[2.016s] -- Looking for sdformat14 -- found version 14.7.0
[2.020s] -- Found std_msgs: 5.3.6 (/opt/ros/jazzy/share/std_msgs/cmake)
[2.064s] -- Found rosidl_generator_c: 4.6.5 (/opt/ros/jazzy/share/rosidl_generator_c/cmake)
[2.080s] -- Found rosidl_generator_cpp: 4.6.5 (/opt/ros/jazzy/share/rosidl_generator_cpp/cmake)
[2.099s] -- Using all available rosidl_typesupport_c: rosidl_typesupport_fastrtps_c;rosidl_typesupport_introspection_c
[2.120s] -- Using all available rosidl_typesupport_cpp: rosidl_typesupport_fastrtps_cpp;rosidl_typesupport_introspection_cpp
[2.234s] -- Configuring done (2.0s)
[2.344s] -- Generating done (0.1s)
[2.363s] -- Build files have been written to: /home/gelatocotonato/LabMec2025/build/wamv_gazebo
[2.376s] Invoked command in '/home/gelatocotonato/LabMec2025/build/wamv_gazebo' returned '0': CMAKE_PREFIX_PATH=${CMAKE_PREFIX_PATH}:/home/gelatocotonato/LabMec2025/install/python_node:/opt/ros/jazzy DEBUGINFOD_URLS=https://debuginfod.ubuntu.com /usr/bin/cmake /home/gelatocotonato/LabMec2025/src/wamv_gazebo -DAMENT_CMAKE_SYMLINK_INSTALL=1 -DCMAKE_INSTALL_PREFIX=/home/gelatocotonato/LabMec2025/install/wamv_gazebo
[2.377s] Invoking command in '/home/gelatocotonato/LabMec2025/build/wamv_gazebo': CMAKE_PREFIX_PATH=${CMAKE_PREFIX_PATH}:/home/gelatocotonato/LabMec2025/install/python_node:/opt/ros/jazzy DEBUGINFOD_URLS=https://debuginfod.ubuntu.com /usr/bin/cmake --build /home/gelatocotonato/LabMec2025/build/wamv_gazebo -- -j8 -l8
[2.425s] [  4%] [32mBuilding CXX object CMakeFiles/ScoringPlugin.dir/src/ScoringPlugin.cc.o[0m
[2.426s] [  4%] [32mBuilding CXX object CMakeFiles/Waves.dir/src/Wavefield.cc.o[0m
[5.464s] [  6%] [32m[1mLinking CXX shared library libWaves.so[0m
[5.697s] [  6%] Built target Waves
[5.720s] [  8%] [32mBuilding CXX object CMakeFiles/PolyhedraBuoyancyDrag.dir/src/ShapeVolume.cc.o[0m
[5.721s] [ 10%] [32mBuilding CXX object CMakeFiles/PolyhedraBuoyancyDrag.dir/src/PolyhedraBuoyancyDrag.cc.o[0m
[5.722s] [ 12%] [32mBuilding CXX object CMakeFiles/PolyhedraBuoyancyDrag.dir/src/PolyhedronVolume.cc.o[0m
[6.684s] [ 14%] [32m[1mLinking CXX shared library libScoringPlugin.so[0m
[6.898s] [ 14%] Built target ScoringPlugin
[6.932s] [ 16%] [32mBuilding CXX object CMakeFiles/BallShooterPlugin.dir/src/BallShooterPlugin.cc.o[0m
[6.939s] [ 18%] [32mBuilding CXX object CMakeFiles/AcousticTrackingScoringPlugin.dir/src/AcousticTrackingScoringPlugin.cc.o[0m
[6.939s] [ 20%] [32mBuilding CXX object CMakeFiles/AcousticPingerPlugin.dir/src/AcousticPingerPlugin.cc.o[0m
[6.941s] [ 25%] [32mBuilding CXX object CMakeFiles/AcousticPerceptionScoringPlugin.dir/src/AcousticPerceptionScoringPlugin.cc.o[0m
[6.941s] [ 25%] [32mBuilding CXX object CMakeFiles/WayfindingScoringPlugin.dir/src/WayfindingScoringPlugin.cc.o[0m
[6.945s] [ 27%] [32mBuilding CXX object CMakeFiles/StationkeepingScoringPlugin.dir/src/StationkeepingScoringPlugin.cc.o[0m
[7.244s] [ 29%] [32mBuilding CXX object CMakeFiles/WayfindingScoringPlugin.dir/src/WaypointMarkers.cc.o[0m
[12.830s] [ 31%] [32mBuilding CXX object CMakeFiles/StationkeepingScoringPlugin.dir/src/WaypointMarkers.cc.o[0m
[13.777s] [ 33%] [32m[1mLinking CXX shared library libPolyhedraBuoyancyDrag.so[0m
[14.364s] [ 33%] Built target PolyhedraBuoyancyDrag
[14.400s] [ 35%] [32mBuilding CXX object CMakeFiles/LightBuoyPlugin.dir/src/LightBuoyPlugin.cc.o[0m
[15.091s] [ 37%] [32m[1mLinking CXX shared library libAcousticPingerPlugin.so[0m
[15.238s] [ 39%] [32mBuilding CXX object CMakeFiles/AcousticPerceptionScoringPlugin.dir/src/WaypointMarkers.cc.o[0m
[15.562s] [ 41%] [32mBuilding CXX object CMakeFiles/AcousticTrackingScoringPlugin.dir/src/WaypointMarkers.cc.o[0m
[15.580s] [ 41%] Built target AcousticPingerPlugin
[15.625s] [ 43%] [32mBuilding CXX object CMakeFiles/NavigationScoringPlugin.dir/src/NavigationScoringPlugin.cc.o[0m
[16.091s] [ 45%] [32m[1mLinking CXX shared library libWayfindingScoringPlugin.so[0m
[16.140s] [ 47%] [32mBuilding CXX object CMakeFiles/GymkhanaScoringPlugin.dir/src/GymkhanaScoringPlugin.cc.o[0m
[16.559s] [ 47%] Built target WayfindingScoringPlugin
[16.588s] [ 50%] [32mBuilding CXX object CMakeFiles/PerceptionScoringPlugin.dir/src/PerceptionScoringPlugin.cc.o[0m
[17.128s] [ 52%] [32m[1mLinking CXX shared library libBallShooterPlugin.so[0m
[17.579s] [ 52%] Built target BallShooterPlugin
[17.610s] [ 54%] [32mBuilding CXX object CMakeFiles/PlacardPlugin.dir/src/PlacardPlugin.cc.o[0m
[18.554s] [ 56%] [32m[1mLinking CXX shared library libStationkeepingScoringPlugin.so[0m
[19.080s] [ 56%] Built target StationkeepingScoringPlugin
[19.109s] [ 58%] [32mBuilding CXX object CMakeFiles/PublisherPlugin.dir/src/PublisherPlugin.cc.o[0m
[19.820s] [ 60%] [32m[1mLinking CXX shared library libAcousticPerceptionScoringPlugin.so[0m
[20.283s] [ 60%] Built target AcousticPerceptionScoringPlugin
[20.343s] [ 62%] [32mBuilding CXX object CMakeFiles/ScanDockScoringPlugin.dir/src/ScanDockScoringPlugin.cc.o[0m
[20.524s] [ 64%] [32m[1mLinking CXX shared library libLightBuoyPlugin.so[0m
[20.837s] [ 66%] [32m[1mLinking CXX shared library libAcousticTrackingScoringPlugin.so[0m
[20.889s] [ 66%] Built target LightBuoyPlugin
[20.920s] [ 68%] [32mBuilding CXX object CMakeFiles/SimpleHydrodynamics.dir/src/SimpleHydrodynamics.cc.o[0m
[21.301s] [ 68%] Built target AcousticTrackingScoringPlugin
[21.332s] [ 70%] [32mBuilding CXX object CMakeFiles/Surface.dir/src/Surface.cc.o[0m
[22.624s] [ 72%] [32m[1mLinking CXX shared library libGymkhanaScoringPlugin.so[0m
[23.060s] [ 72%] Built target GymkhanaScoringPlugin
[23.094s] [ 75%] [32mBuilding CXX object CMakeFiles/USVWind.dir/src/USVWind.cc.o[0m
[24.046s] [ 77%] [32m[1mLinking CXX shared library libPlacardPlugin.so[0m
[24.589s] [ 77%] Built target PlacardPlugin
[24.662s] [ 79%] [32mBuilding CXX object CMakeFiles/WaveVisual.dir/src/WaveVisual.cc.o[0m
[24.853s] [ 81%] [32m[1mLinking CXX shared library libPublisherPlugin.so[0m
[25.170s] [ 83%] [32m[1mLinking CXX shared library libNavigationScoringPlugin.so[0m
[25.214s] [ 85%] [32m[1mLinking CXX shared library libPerceptionScoringPlugin.so[0m
[25.413s] [ 85%] Built target PublisherPlugin
[25.463s] [ 87%] [32mBuilding CXX object CMakeFiles/WildlifeScoringPlugin.dir/src/WildlifeScoringPlugin.cc.o[0m
[25.618s] [ 87%] Built target NavigationScoringPlugin
[25.816s] [ 87%] Built target PerceptionScoringPlugin
[27.414s] [ 89%] [32m[1mLinking CXX shared library libSimpleHydrodynamics.so[0m
[27.727s] [ 89%] Built target SimpleHydrodynamics
[27.737s] [ 91%] [32m[1mLinking CXX shared library libSurface.so[0m
[28.129s] [ 91%] Built target Surface
[29.313s] [ 93%] [32m[1mLinking CXX shared library libScanDockScoringPlugin.so[0m
[29.597s] [ 93%] Built target ScanDockScoringPlugin
[30.469s] [ 95%] [32m[1mLinking CXX shared library libUSVWind.so[0m
[30.755s] [ 95%] Built target USVWind
[31.109s] [ 97%] [32m[1mLinking CXX shared library libWildlifeScoringPlugin.so[0m
[31.350s] [100%] [32m[1mLinking CXX shared library libWaveVisual.so[0m
[31.350s] [100%] Built target WildlifeScoringPlugin
[31.582s] [100%] Built target WaveVisual
[31.594s] Invoked command in '/home/gelatocotonato/LabMec2025/build/wamv_gazebo' returned '0': CMAKE_PREFIX_PATH=${CMAKE_PREFIX_PATH}:/home/gelatocotonato/LabMec2025/install/python_node:/opt/ros/jazzy DEBUGINFOD_URLS=https://debuginfod.ubuntu.com /usr/bin/cmake --build /home/gelatocotonato/LabMec2025/build/wamv_gazebo -- -j8 -l8
[31.596s] Invoking command in '/home/gelatocotonato/LabMec2025/build/wamv_gazebo': CMAKE_PREFIX_PATH=${CMAKE_PREFIX_PATH}:/home/gelatocotonato/LabMec2025/install/python_node:/opt/ros/jazzy DEBUGINFOD_URLS=https://debuginfod.ubuntu.com /usr/bin/cmake --install /home/gelatocotonato/LabMec2025/build/wamv_gazebo
[31.603s] -- Install configuration: ""
[31.603s] -- Execute custom install script
[31.604s] -- Symlinking: /home/gelatocotonato/LabMec2025/install/wamv_gazebo/share/wamv_gazebo/environment/resource_paths.dsv
[31.611s] -- Symlinking: /home/gelatocotonato/LabMec2025/install/wamv_gazebo/share/wamv_gazebo/environment/resource_paths.sh
[31.618s] -- Symlinking: /home/gelatocotonato/LabMec2025/install/wamv_gazebo/lib/libWaves.so
[31.625s] -- Symlinking: /home/gelatocotonato/LabMec2025/install/wamv_gazebo/lib/libPolyhedraBuoyancyDrag.so
[31.632s] -- Symlinking: /home/gelatocotonato/LabMec2025/install/wamv_gazebo/lib/libScoringPlugin.so
[31.639s] -- Symlinking: /home/gelatocotonato/LabMec2025/install/wamv_gazebo/lib/libStationkeepingScoringPlugin.so
[31.646s] -- Symlinking: /home/gelatocotonato/LabMec2025/install/wamv_gazebo/lib/libWayfindingScoringPlugin.so
[31.653s] -- Symlinking: /home/gelatocotonato/LabMec2025/install/wamv_gazebo/lib/libAcousticPerceptionScoringPlugin.so
[31.660s] -- Symlinking: /home/gelatocotonato/LabMec2025/install/wamv_gazebo/lib/libAcousticTrackingScoringPlugin.so
[31.667s] -- Symlinking: /home/gelatocotonato/LabMec2025/install/wamv_gazebo/lib/libAcousticPingerPlugin.so
[31.676s] -- Symlinking: /home/gelatocotonato/LabMec2025/install/wamv_gazebo/lib/libBallShooterPlugin.so
[31.685s] -- Symlinking: /home/gelatocotonato/LabMec2025/install/wamv_gazebo/lib/libLightBuoyPlugin.so
[31.693s] -- Symlinking: /home/gelatocotonato/LabMec2025/install/wamv_gazebo/lib/libNavigationScoringPlugin.so
[31.701s] -- Symlinking: /home/gelatocotonato/LabMec2025/install/wamv_gazebo/lib/libGymkhanaScoringPlugin.so
[31.708s] -- Symlinking: /home/gelatocotonato/LabMec2025/install/wamv_gazebo/lib/libPerceptionScoringPlugin.so
[31.715s] -- Symlinking: /home/gelatocotonato/LabMec2025/install/wamv_gazebo/lib/libPlacardPlugin.so
[31.722s] -- Symlinking: /home/gelatocotonato/LabMec2025/install/wamv_gazebo/lib/libPublisherPlugin.so
[31.729s] -- Symlinking: /home/gelatocotonato/LabMec2025/install/wamv_gazebo/lib/libScanDockScoringPlugin.so
[31.736s] -- Symlinking: /home/gelatocotonato/LabMec2025/install/wamv_gazebo/lib/libSimpleHydrodynamics.so
[31.743s] -- Symlinking: /home/gelatocotonato/LabMec2025/install/wamv_gazebo/lib/libSurface.so
[31.750s] -- Symlinking: /home/gelatocotonato/LabMec2025/install/wamv_gazebo/lib/libUSVWind.so
[31.757s] -- Symlinking: /home/gelatocotonato/LabMec2025/install/wamv_gazebo/lib/libWaveVisual.so
[31.763s] -- Symlinking: /home/gelatocotonato/LabMec2025/install/wamv_gazebo/lib/libWildlifeScoringPlugin.so
[31.771s] -- Symlinking: /home/gelatocotonato/LabMec2025/install/wamv_gazebo/share/wamv_gazebo/config/ekf.yaml
[31.780s] -- Symlinking: /home/gelatocotonato/LabMec2025/install/wamv_gazebo/share/wamv_gazebo/launch/__init__.py
[31.788s] -- Symlinking: /home/gelatocotonato/LabMec2025/install/wamv_gazebo/share/wamv_gazebo/launch/wamv_gz_rviz.py
[31.795s] -- Symlinking: /home/gelatocotonato/LabMec2025/install/wamv_gazebo/share/wamv_gazebo/launch/wamv_keyboard_control.py
[31.802s] -- Symlinking: /home/gelatocotonato/LabMec2025/install/wamv_gazebo/share/wamv_gazebo/launch/wamv_rviz.py
[31.810s] -- Symlinking: /home/gelatocotonato/LabMec2025/install/wamv_gazebo/share/wamv_gazebo/models/coast_waves/materials/programs/GerstnerWaves_fs_330.glsl
[31.817s] -- Symlinking: /home/gelatocotonato/LabMec2025/install/wamv_gazebo/share/wamv_gazebo/models/coast_waves/materials/programs/GerstnerWaves_vs_330.glsl
[31.824s] -- Symlinking: /home/gelatocotonato/LabMec2025/install/wamv_gazebo/share/wamv_gazebo/models/coast_waves/materials/textures/skybox_lowres.dds
[31.830s] -- Symlinking: /home/gelatocotonato/LabMec2025/install/wamv_gazebo/share/wamv_gazebo/models/coast_waves/materials/textures/wave_normals.dds
[31.837s] -- Symlinking: /home/gelatocotonato/LabMec2025/install/wamv_gazebo/share/wamv_gazebo/models/coast_waves/meshes/waterlow.dae
[31.844s] -- Symlinking: /home/gelatocotonato/LabMec2025/install/wamv_gazebo/share/wamv_gazebo/models/coast_waves/model.config
[31.851s] -- Symlinking: /home/gelatocotonato/LabMec2025/install/wamv_gazebo/share/wamv_gazebo/models/coast_waves/model.sdf
[31.857s] -- Symlinking: /home/gelatocotonato/LabMec2025/install/wamv_gazebo/share/wamv_gazebo/models/dock_block/meshes/DockCubes_Albedo.png
[31.864s] -- Symlinking: /home/gelatocotonato/LabMec2025/install/wamv_gazebo/share/wamv_gazebo/models/dock_block/meshes/DockCubes_Metalness.png
[31.871s] -- Symlinking: /home/gelatocotonato/LabMec2025/install/wamv_gazebo/share/wamv_gazebo/models/dock_block/meshes/DockCubes_Normal.png
[31.880s] -- Symlinking: /home/gelatocotonato/LabMec2025/install/wamv_gazebo/share/wamv_gazebo/models/dock_block/meshes/DockCubes_Roughness.png
[31.888s] -- Symlinking: /home/gelatocotonato/LabMec2025/install/wamv_gazebo/share/wamv_gazebo/models/dock_block/meshes/dock_block_4x4.dae
[31.895s] -- Symlinking: /home/gelatocotonato/LabMec2025/install/wamv_gazebo/share/wamv_gazebo/models/dock_block/model.config
[31.902s] -- Symlinking: /home/gelatocotonato/LabMec2025/install/wamv_gazebo/share/wamv_gazebo/models/dock_block/model.sdf
[31.909s] -- Symlinking: /home/gelatocotonato/LabMec2025/install/wamv_gazebo/share/wamv_gazebo/models/male/meshes/MaleVisitor.png
[31.916s] -- Symlinking: /home/gelatocotonato/LabMec2025/install/wamv_gazebo/share/wamv_gazebo/models/male/meshes/MaleVisitorStatic.mtl
[31.922s] -- Symlinking: /home/gelatocotonato/LabMec2025/install/wamv_gazebo/share/wamv_gazebo/models/male/meshes/MaleVisitorStatic.obj
[31.929s] -- Symlinking: /home/gelatocotonato/LabMec2025/install/wamv_gazebo/share/wamv_gazebo/models/male/meshes/MaleVisitorStatic_Col.mtl
[31.936s] -- Symlinking: /home/gelatocotonato/LabMec2025/install/wamv_gazebo/share/wamv_gazebo/models/male/meshes/MaleVisitorStatic_Col.obj
[31.943s] -- Symlinking: /home/gelatocotonato/LabMec2025/install/wamv_gazebo/share/wamv_gazebo/models/male/meshes/Phone.png
[31.949s] -- Symlinking: /home/gelatocotonato/LabMec2025/install/wamv_gazebo/share/wamv_gazebo/models/male/model.config
[31.955s] -- Symlinking: /home/gelatocotonato/LabMec2025/install/wamv_gazebo/share/wamv_gazebo/models/male/model.sdf
[31.962s] -- Symlinking: /home/gelatocotonato/LabMec2025/install/wamv_gazebo/share/wamv_gazebo/models/male/thumbnails/1.png
[31.968s] -- Symlinking: /home/gelatocotonato/LabMec2025/install/wamv_gazebo/share/wamv_gazebo/models/male/thumbnails/2.png
[31.976s] -- Symlinking: /home/gelatocotonato/LabMec2025/install/wamv_gazebo/share/wamv_gazebo/models/male/thumbnails/3.png
[31.986s] -- Symlinking: /home/gelatocotonato/LabMec2025/install/wamv_gazebo/share/wamv_gazebo/models/male/thumbnails/4.png
[31.994s] -- Symlinking: /home/gelatocotonato/LabMec2025/install/wamv_gazebo/share/wamv_gazebo/models/male/thumbnails/5.png
[32.001s] -- Symlinking: /home/gelatocotonato/LabMec2025/install/wamv_gazebo/share/wamv_gazebo/models/person/materials/textures/eyebrow001-unmodified.png
[32.008s] -- Symlinking: /home/gelatocotonato/LabMec2025/install/wamv_gazebo/share/wamv_gazebo/models/person/materials/textures/eyebrow001.png
[32.015s] -- Symlinking: /home/gelatocotonato/LabMec2025/install/wamv_gazebo/share/wamv_gazebo/models/person/materials/textures/green_eye.png
[32.022s] -- Symlinking: /home/gelatocotonato/LabMec2025/install/wamv_gazebo/share/wamv_gazebo/models/person/materials/textures/jeans01_normals.png
[32.029s] -- Symlinking: /home/gelatocotonato/LabMec2025/install/wamv_gazebo/share/wamv_gazebo/models/person/materials/textures/jeans_basic_diffuse.png
[32.036s] -- Symlinking: /home/gelatocotonato/LabMec2025/install/wamv_gazebo/share/wamv_gazebo/models/person/materials/textures/male02_diffuse_black-unmodified.png
[32.042s] -- Symlinking: /home/gelatocotonato/LabMec2025/install/wamv_gazebo/share/wamv_gazebo/models/person/materials/textures/male02_diffuse_black.png
[32.049s] -- Symlinking: /home/gelatocotonato/LabMec2025/install/wamv_gazebo/share/wamv_gazebo/models/person/materials/textures/teeth.png
[32.056s] -- Symlinking: /home/gelatocotonato/LabMec2025/install/wamv_gazebo/share/wamv_gazebo/models/person/materials/textures/tshirt02_normals.png
[32.063s] -- Symlinking: /home/gelatocotonato/LabMec2025/install/wamv_gazebo/share/wamv_gazebo/models/person/materials/textures/tshirt02_texture.png
[32.070s] -- Symlinking: /home/gelatocotonato/LabMec2025/install/wamv_gazebo/share/wamv_gazebo/models/person/materials/textures/young_lightskinned_male_diffuse.png
[32.079s] -- Symlinking: /home/gelatocotonato/LabMec2025/install/wamv_gazebo/share/wamv_gazebo/models/person/meshes/standing.dae
[32.089s] -- Symlinking: /home/gelatocotonato/LabMec2025/install/wamv_gazebo/share/wamv_gazebo/models/person/model.config
[32.097s] -- Symlinking: /home/gelatocotonato/LabMec2025/install/wamv_gazebo/share/wamv_gazebo/models/person/model.sdf
[32.104s] -- Symlinking: /home/gelatocotonato/LabMec2025/install/wamv_gazebo/share/wamv_gazebo/models/person/thumbnails/1.png
[32.110s] -- Symlinking: /home/gelatocotonato/LabMec2025/install/wamv_gazebo/share/wamv_gazebo/models/person/thumbnails/2.png
[32.117s] -- Symlinking: /home/gelatocotonato/LabMec2025/install/wamv_gazebo/share/wamv_gazebo/models/person/thumbnails/3.png
[32.124s] -- Symlinking: /home/gelatocotonato/LabMec2025/install/wamv_gazebo/share/wamv_gazebo/models/person/thumbnails/4.png
[32.131s] -- Symlinking: /home/gelatocotonato/LabMec2025/install/wamv_gazebo/share/wamv_gazebo/models/person/thumbnails/5.png
[32.137s] -- Symlinking: /home/gelatocotonato/LabMec2025/install/wamv_gazebo/share/wamv_gazebo/models/round_buoy_black/materials/textures/RoundBarrierBuoy_Base_Color.png
[32.144s] -- Symlinking: /home/gelatocotonato/LabMec2025/install/wamv_gazebo/share/wamv_gazebo/models/round_buoy_black/materials/textures/RoundBarrierBuoy_Roughness.png
[32.151s] -- Symlinking: /home/gelatocotonato/LabMec2025/install/wamv_gazebo/share/wamv_gazebo/models/round_buoy_black/meshes/mb_round_buoy.dae
[32.158s] -- Symlinking: /home/gelatocotonato/LabMec2025/install/wamv_gazebo/share/wamv_gazebo/models/round_buoy_black/model.config
[32.164s] -- Symlinking: /home/gelatocotonato/LabMec2025/install/wamv_gazebo/share/wamv_gazebo/models/round_buoy_black/model.sdf
[32.171s] -- Symlinking: /home/gelatocotonato/LabMec2025/install/wamv_gazebo/share/wamv_gazebo/models/round_buoy_black/thumbnails/1.png
[32.178s] -- Symlinking: /home/gelatocotonato/LabMec2025/install/wamv_gazebo/share/wamv_gazebo/models/round_buoy_black/thumbnails/2.png
[32.188s] -- Symlinking: /home/gelatocotonato/LabMec2025/install/wamv_gazebo/share/wamv_gazebo/models/round_buoy_black/thumbnails/3.png
[32.196s] -- Symlinking: /home/gelatocotonato/LabMec2025/install/wamv_gazebo/share/wamv_gazebo/models/round_buoy_black/thumbnails/4.png
[32.203s] -- Symlinking: /home/gelatocotonato/LabMec2025/install/wamv_gazebo/share/wamv_gazebo/models/round_buoy_black/thumbnails/5.png
[32.210s] -- Symlinking: /home/gelatocotonato/LabMec2025/install/wamv_gazebo/share/wamv_gazebo/models/vessel_a/materials/textures/Boat05_Albedo.jpg
[32.217s] -- Symlinking: /home/gelatocotonato/LabMec2025/install/wamv_gazebo/share/wamv_gazebo/models/vessel_a/materials/textures/Boat05_Metalness.png
[32.223s] -- Symlinking: /home/gelatocotonato/LabMec2025/install/wamv_gazebo/share/wamv_gazebo/models/vessel_a/materials/textures/Boat05_Normal.png
[32.230s] -- Symlinking: /home/gelatocotonato/LabMec2025/install/wamv_gazebo/share/wamv_gazebo/models/vessel_a/materials/textures/Boat05_Roughness.jpg
[32.237s] -- Symlinking: /home/gelatocotonato/LabMec2025/install/wamv_gazebo/share/wamv_gazebo/models/vessel_a/meshes/Boat05.dae
[32.243s] -- Symlinking: /home/gelatocotonato/LabMec2025/install/wamv_gazebo/share/wamv_gazebo/models/vessel_a/model.config
[32.249s] -- Symlinking: /home/gelatocotonato/LabMec2025/install/wamv_gazebo/share/wamv_gazebo/models/vessel_a/model.sdf
[32.256s] -- Symlinking: /home/gelatocotonato/LabMec2025/install/wamv_gazebo/share/wamv_gazebo/models/vessel_a/thumbnails/1.png
[32.263s] -- Symlinking: /home/gelatocotonato/LabMec2025/install/wamv_gazebo/share/wamv_gazebo/models/vessel_b/materials/textures/Boat06_Albedo.jpg
[32.270s] -- Symlinking: /home/gelatocotonato/LabMec2025/install/wamv_gazebo/share/wamv_gazebo/models/vessel_b/materials/textures/Boat06_Metalness.png
[32.278s] -- Symlinking: /home/gelatocotonato/LabMec2025/install/wamv_gazebo/share/wamv_gazebo/models/vessel_b/materials/textures/Boat06_Normal.jpg
[32.287s] -- Symlinking: /home/gelatocotonato/LabMec2025/install/wamv_gazebo/share/wamv_gazebo/models/vessel_b/materials/textures/Boat06_Roughness.jpg
[32.294s] -- Symlinking: /home/gelatocotonato/LabMec2025/install/wamv_gazebo/share/wamv_gazebo/models/vessel_b/meshes/Boat06.dae
[32.302s] -- Symlinking: /home/gelatocotonato/LabMec2025/install/wamv_gazebo/share/wamv_gazebo/models/vessel_b/model.config
[32.309s] -- Symlinking: /home/gelatocotonato/LabMec2025/install/wamv_gazebo/share/wamv_gazebo/models/vessel_b/model.sdf
[32.315s] -- Symlinking: /home/gelatocotonato/LabMec2025/install/wamv_gazebo/share/wamv_gazebo/models/vessel_b/thumbnails/1.png
[32.322s] -- Symlinking: /home/gelatocotonato/LabMec2025/install/wamv_gazebo/share/wamv_gazebo/models/vessel_c/materials/textures/Boat07_Albedo.jpg
[32.329s] -- Symlinking: /home/gelatocotonato/LabMec2025/install/wamv_gazebo/share/wamv_gazebo/models/vessel_c/materials/textures/Boat07_Normal.jpg
[32.336s] -- Symlinking: /home/gelatocotonato/LabMec2025/install/wamv_gazebo/share/wamv_gazebo/models/vessel_c/materials/textures/Boat07_Roughness.jpg
[32.343s] -- Symlinking: /home/gelatocotonato/LabMec2025/install/wamv_gazebo/share/wamv_gazebo/models/vessel_c/meshes/Boat07.dae
[32.350s] -- Symlinking: /home/gelatocotonato/LabMec2025/install/wamv_gazebo/share/wamv_gazebo/models/vessel_c/model.config
[32.356s] -- Symlinking: /home/gelatocotonato/LabMec2025/install/wamv_gazebo/share/wamv_gazebo/models/vessel_c/model.sdf
[32.363s] -- Symlinking: /home/gelatocotonato/LabMec2025/install/wamv_gazebo/share/wamv_gazebo/models/vessel_c/thumbnails/1.png
[32.370s] -- Symlinking: /home/gelatocotonato/LabMec2025/install/wamv_gazebo/share/wamv_gazebo/worlds/sydney.sdf
[32.379s] -- Symlinking: /home/gelatocotonato/LabMec2025/install/wamv_gazebo/share/wamv_gazebo/rviz/wamv_gz_rviz.rviz
[32.388s] -- Symlinking: /home/gelatocotonato/LabMec2025/install/wamv_gazebo/share/wamv_gazebo/rviz/wamv_keyboard_control.rviz
[32.395s] -- Symlinking: /home/gelatocotonato/LabMec2025/install/wamv_gazebo/share/wamv_gazebo/rviz/wamv_rviz.rviz
[32.403s] -- Symlinking: /home/gelatocotonato/LabMec2025/install/wamv_gazebo/share/wamv_gazebo/urdf/meshes/battery/battery.dae
[32.410s] -- Symlinking: /home/gelatocotonato/LabMec2025/install/wamv_gazebo/share/wamv_gazebo/urdf/meshes/battery/battery.png
[32.417s] -- Symlinking: /home/gelatocotonato/LabMec2025/install/wamv_gazebo/share/wamv_gazebo/urdf/meshes/battery/battery_Albedo.png
[32.423s] -- Symlinking: /home/gelatocotonato/LabMec2025/install/wamv_gazebo/share/wamv_gazebo/urdf/meshes/battery/battery_Metalness.png
[32.430s] -- Symlinking: /home/gelatocotonato/LabMec2025/install/wamv_gazebo/share/wamv_gazebo/urdf/meshes/battery/battery_Normal.png
[32.437s] -- Symlinking: /home/gelatocotonato/LabMec2025/install/wamv_gazebo/share/wamv_gazebo/urdf/meshes/battery/battery_Roughness.png
[32.444s] -- Symlinking: /home/gelatocotonato/LabMec2025/install/wamv_gazebo/share/wamv_gazebo/urdf/meshes/cpu_cases/cpu_cases.dae
[32.451s] -- Symlinking: /home/gelatocotonato/LabMec2025/install/wamv_gazebo/share/wamv_gazebo/urdf/meshes/cpu_cases/cpu_cases.png
[32.458s] -- Symlinking: /home/gelatocotonato/LabMec2025/install/wamv_gazebo/share/wamv_gazebo/urdf/meshes/cpu_cases/cpu_cases_Albedo.png
[32.464s] -- Symlinking: /home/gelatocotonato/LabMec2025/install/wamv_gazebo/share/wamv_gazebo/urdf/meshes/cpu_cases/cpu_cases_Metalness.png
[32.471s] -- Symlinking: /home/gelatocotonato/LabMec2025/install/wamv_gazebo/share/wamv_gazebo/urdf/meshes/cpu_cases/cpu_cases_Normal.png
[32.480s] -- Symlinking: /home/gelatocotonato/LabMec2025/install/wamv_gazebo/share/wamv_gazebo/urdf/meshes/cpu_cases/cpu_cases_Roughness.png
[32.489s] -- Symlinking: /home/gelatocotonato/LabMec2025/install/wamv_gazebo/share/wamv_gazebo/urdf/meshes/lidar/lidar_3d_v1 copy.png
[32.496s] -- Symlinking: /home/gelatocotonato/LabMec2025/install/wamv_gazebo/share/wamv_gazebo/urdf/meshes/lidar/lidar_3d_v1.dae
[32.503s] -- Symlinking: /home/gelatocotonato/LabMec2025/install/wamv_gazebo/share/wamv_gazebo/urdf/meshes/lidar/lidar_3d_v1.png
[32.510s] -- Symlinking: /home/gelatocotonato/LabMec2025/install/wamv_gazebo/share/wamv_gazebo/urdf/meshes/tripod/legs.dae
[32.517s] -- Symlinking: /home/gelatocotonato/LabMec2025/install/wamv_gazebo/share/wamv_gazebo/urdf/meshes/tripod/ring.dae
[32.524s] -- Symlinking: /home/gelatocotonato/LabMec2025/install/wamv_gazebo/share/wamv_gazebo/urdf/meshes/wamv/WAM-V-Base.dae
[32.531s] -- Symlinking: /home/gelatocotonato/LabMec2025/install/wamv_gazebo/share/wamv_gazebo/urdf/meshes/wamv/WamV.png
[32.538s] -- Symlinking: /home/gelatocotonato/LabMec2025/install/wamv_gazebo/share/wamv_gazebo/urdf/meshes/wamv/engine.dae
[32.545s] -- Symlinking: /home/gelatocotonato/LabMec2025/install/wamv_gazebo/share/wamv_gazebo/urdf/meshes/wamv/propeller.dae
[32.552s] -- Symlinking: /home/gelatocotonato/LabMec2025/install/wamv_gazebo/share/wamv_gazebo/urdf/model.urdf.xacro
[32.559s] -- Symlinking: /home/gelatocotonato/LabMec2025/install/wamv_gazebo/share/ament_index/resource_index/package_run_dependencies/wamv_gazebo
[32.567s] -- Symlinking: /home/gelatocotonato/LabMec2025/install/wamv_gazebo/share/ament_index/resource_index/parent_prefix_path/wamv_gazebo
[32.575s] -- Symlinking: /home/gelatocotonato/LabMec2025/install/wamv_gazebo/share/wamv_gazebo/environment/ament_prefix_path.sh
[32.584s] -- Symlinking: /home/gelatocotonato/LabMec2025/install/wamv_gazebo/share/wamv_gazebo/environment/ament_prefix_path.dsv
[32.597s] -- Symlinking: /home/gelatocotonato/LabMec2025/install/wamv_gazebo/share/wamv_gazebo/environment/path.sh
[32.604s] -- Symlinking: /home/gelatocotonato/LabMec2025/install/wamv_gazebo/share/wamv_gazebo/environment/path.dsv
[32.611s] -- Symlinking: /home/gelatocotonato/LabMec2025/install/wamv_gazebo/share/wamv_gazebo/local_setup.bash
[32.620s] -- Symlinking: /home/gelatocotonato/LabMec2025/install/wamv_gazebo/share/wamv_gazebo/local_setup.sh
[32.629s] -- Symlinking: /home/gelatocotonato/LabMec2025/install/wamv_gazebo/share/wamv_gazebo/local_setup.zsh
[32.638s] -- Symlinking: /home/gelatocotonato/LabMec2025/install/wamv_gazebo/share/wamv_gazebo/local_setup.dsv
[32.645s] -- Symlinking: /home/gelatocotonato/LabMec2025/install/wamv_gazebo/share/wamv_gazebo/package.dsv
[32.652s] -- Symlinking: /home/gelatocotonato/LabMec2025/install/wamv_gazebo/share/ament_index/resource_index/packages/wamv_gazebo
[32.659s] -- Symlinking: /home/gelatocotonato/LabMec2025/install/wamv_gazebo/share/wamv_gazebo/cmake/wamv_gazeboConfig.cmake
[32.666s] -- Symlinking: /home/gelatocotonato/LabMec2025/install/wamv_gazebo/share/wamv_gazebo/cmake/wamv_gazeboConfig-version.cmake
[32.673s] -- Symlinking: /home/gelatocotonato/LabMec2025/install/wamv_gazebo/share/wamv_gazebo/package.xml
[32.684s] Invoked command in '/home/gelatocotonato/LabMec2025/build/wamv_gazebo' returned '0': CMAKE_PREFIX_PATH=${CMAKE_PREFIX_PATH}:/home/gelatocotonato/LabMec2025/install/python_node:/opt/ros/jazzy DEBUGINFOD_URLS=https://debuginfod.ubuntu.com /usr/bin/cmake --install /home/gelatocotonato/LabMec2025/build/wamv_gazebo
