-- The C compiler identification is GNU 13.3.0
-- The CXX compiler identification is GNU 13.3.0
-- Detecting C compiler ABI info
-- Detecting C compiler ABI info - done
-- Check for working C compiler: /usr/bin/cc - skipped
-- Detecting C compile features
-- Detecting C compile features - done
-- Detecting CXX compiler ABI info
-- Detecting CXX compiler ABI info - done
-- Check for working CXX compiler: /usr/bin/c++ - skipped
-- Detecting CXX compile features
-- Detecting CXX compile features - done
-- Found ament_cmake: 2.5.4 (/opt/ros/jazzy/share/ament_cmake/cmake)
-- Found Python3: /usr/bin/python3 (found version "3.12.3") found components: Interpreter 
-- Override CMake install command with custom implementation using symlinks instead of copying resources
-- Looking for gz-sim8 -- found version 8.9.0
-- Searching for dependencies of gz-sim8
-- Looking for sdformat14 -- found version 14.7.0
-- Searching for dependencies of sdformat14
-- Checking for module 'tinyxml2'
--   Found tinyxml2, version 10.0.0
-- Looking for gz-math7 -- found version 7.5.2
-- Searching for dependencies of gz-math7
-- Looking for gz-utils2 -- found version 2.2.1
-- Searching for dependencies of gz-utils2
-- Looking for gz-utils2 -- found version 2.2.1
-- Searching for dependencies of gz-utils2
-- Searching for <gz-utils2> component [cli]
-- Looking for gz-utils2-cli -- found version 2.2.1
-- Searching for dependencies of gz-utils2-cli
-- Looking for gz-plugin2 -- found version 2.0.4
-- Searching for dependencies of gz-plugin2
-- Looking for gz-utils2 -- found version 2.2.1
-- Searching for <gz-plugin2> component [loader]
-- Looking for gz-plugin2-loader -- found version 2.0.4
-- Searching for dependencies of gz-plugin2-loader
-- Searching for <gz-plugin2> component [register]
-- Looking for gz-plugin2-register -- found version 2.0.4
-- Searching for dependencies of gz-plugin2-register
-- Looking for gz-transport13 -- found version 13.4.1
-- Searching for dependencies of gz-transport13
-- Found Protobuf: /usr/lib/x86_64-linux-gnu/libprotobuf.so (found version "3.21.12") 
-- Config-file not installed for ZeroMQ -- checking for pkg-config
-- Checking for module 'libzmq >= 4'
--   Found libzmq, version 4.3.5
-- Found ZeroMQ: TRUE (Required is at least version "4") 
-- Checking for module 'uuid'
--   Found uuid, version 2.39.3
-- Found UUID: TRUE  
-- Looking for gz-utils2 -- found version 2.2.1
-- Looking for gz-msgs10 -- found version 10.3.2
-- Searching for dependencies of gz-msgs10
-- Looking for gz-utils2 -- found version 2.2.1
-- Looking for gz-math7 -- found version 7.5.2
-- Searching for <gz-transport13> component [log]
-- Looking for gz-transport13-log -- found version 13.4.1
-- Searching for dependencies of gz-transport13-log
-- Searching for <gz-transport13> component [parameters]
-- Looking for gz-transport13-parameters -- found version 13.4.1
-- Searching for dependencies of gz-transport13-parameters
-- Looking for gz-msgs10 -- found version 10.3.2
-- Looking for gz-common5 -- found version 5.7.1
-- Searching for dependencies of gz-common5
-- Looking for gz-utils2 -- found version 2.2.1
-- Looking for dlfcn.h - found
-- Looking for libdl - found
-- Found DL: TRUE  
-- Searching for <gz-common5> component [av]
-- Looking for gz-common5-av -- found version 5.7.1
-- Searching for dependencies of gz-common5-av
-- Checking for module 'libswscale'
--   Found libswscale, version 7.5.100
-- Found SWSCALE: TRUE  
-- Checking for module 'libavdevice >= 56.4.100'
--   Found libavdevice, version 60.3.100
-- Found AVDEVICE: TRUE (Required is at least version "56.4.100") 
-- Checking for module 'libavformat'
--   Found libavformat, version 60.16.100
-- Found AVFORMAT: TRUE  
-- Checking for module 'libavcodec'
--   Found libavcodec, version 60.31.102
-- Found AVCODEC: TRUE  
-- Checking for module 'libavutil'
--   Found libavutil, version 58.29.100
-- Found AVUTIL: TRUE  
-- Searching for <gz-common5> component [events]
-- Looking for gz-common5-events -- found version 5.7.1
-- Searching for dependencies of gz-common5-events
-- Looking for gz-math7 -- found version 7.5.2
-- Searching for <gz-common5> component [graphics]
-- Looking for gz-common5-graphics -- found version 5.7.1
-- Searching for dependencies of gz-common5-graphics
-- Looking for gz-math7 -- found version 7.5.2
-- Found GzAssimp: TRUE (found version "5.3.0") 
-- Searching for <gz-common5> component [io]
-- Looking for gz-common5-io -- found version 5.7.1
-- Searching for dependencies of gz-common5-io
-- Searching for <gz-common5> component [profiler]
-- Looking for gz-common5-profiler -- found version 5.7.1
-- Searching for dependencies of gz-common5-profiler
-- Looking for gz-fuel_tools9 -- found version 9.1.1
-- Searching for dependencies of gz-fuel_tools9
-- Found CURL: /usr/lib/x86_64-linux-gnu/libcurl.so (found version "8.5.0")  
-- Checking for module 'jsoncpp'
--   Found jsoncpp, version 1.9.5
-- Found JSONCPP: TRUE  
-- Checking for module 'yaml-0.1'
--   Found yaml-0.1, version 0.2.5
-- Found YAML: TRUE  
-- Checking for module 'libzip'
--   Found libzip, version 1.7.3
-- Found ZIP: TRUE  
-- Looking for gz-utils2 -- found version 2.2.1
-- Looking for gz-common5 -- found version 5.7.1
-- Searching for dependencies of gz-common5
-- Looking for gz-utils2 -- found version 2.2.1
-- Looking for dlfcn.h - found
-- Looking for libdl - found
-- Searching for <gz-common5> component [testing]
-- Looking for gz-common5-testing -- found version 5.7.1
-- Searching for dependencies of gz-common5-testing
-- Looking for gz-math7 -- found version 7.5.2
-- Looking for gz-msgs10 -- found version 10.3.2
-- Looking for gz-gui8 -- found version 8.4.0
-- Searching for dependencies of gz-gui8
-- Looking for gz-utils2 -- found version 2.2.1
-- Looking for gz-math7 -- found version 7.5.2
-- Looking for gz-common5 -- found version 5.7.1
-- Looking for gz-plugin2 -- found version 2.0.4
-- Looking for gz-transport13 -- found version 13.4.1
-- Looking for gz-rendering8 -- found version 8.2.2
-- Searching for dependencies of gz-rendering8
-- Looking for gz-math7 -- found version 7.5.2
-- Searching for dependencies of gz-math7
-- Looking for gz-utils2 -- found version 2.2.1
-- Searching for <gz-math7> component [eigen3]
-- Looking for gz-math7-eigen3 -- found version 7.5.2
-- Searching for dependencies of gz-math7-eigen3
-- Looking for gz-common5 -- found version 5.7.1
-- Searching for dependencies of gz-common5
-- Looking for gz-utils2 -- found version 2.2.1
-- Looking for dlfcn.h - found
-- Looking for libdl - found
-- Searching for <gz-common5> component [graphics]
-- Searching for <gz-common5> component [events]
-- Searching for <gz-common5> component [geospatial]
-- Looking for gz-common5-geospatial -- found version 5.7.1
-- Searching for dependencies of gz-common5-geospatial
-- Looking for gz-math7 -- found version 7.5.2
-- Looking for gz-common5 -- found version 5.7.1
-- Looking for gz-plugin2 -- found version 2.0.4
-- Searching for dependencies of gz-plugin2
-- Looking for gz-utils2 -- found version 2.2.1
-- Searching for <gz-plugin2> component [all]
-- Looking for all libraries of gz-plugin2 -- found version 2.0.4
-- Looking for gz-plugin2 -- found version 2.0.4
-- Looking for gz-utils2 -- found version 2.2.1
-- Found OpenGL: /usr/lib/x86_64-linux-gnu/libOpenGL.so  found components: OpenGL 
-- Looking for gz-msgs10 -- found version 10.3.2
-- Looking for gz-physics7 -- found version 7.5.0
-- Searching for dependencies of gz-physics7
-- Looking for gz-common5 -- found version 5.7.1
-- Looking for gz-math7 -- found version 7.5.2
-- Looking for gz-plugin2 -- found version 2.0.4
-- Looking for gz-utils2 -- found version 2.2.1
-- Searching for <gz-physics7> component [heightmap]
-- Looking for gz-physics7-heightmap -- found version 7.5.0
-- Searching for dependencies of gz-physics7-heightmap
-- Looking for gz-common5 -- found version 5.7.1
-- Searching for <gz-physics7> component [mesh]
-- Looking for gz-physics7-mesh -- found version 7.5.0
-- Searching for dependencies of gz-physics7-mesh
-- Looking for gz-common5 -- found version 5.7.1
-- Searching for <gz-physics7> component [sdf]
-- Looking for gz-physics7-sdf -- found version 7.5.0
-- Searching for dependencies of gz-physics7-sdf
-- Looking for sdformat14 -- found version 14.7.0
-- Looking for gz-sensors8 -- found version 8.2.2
-- Searching for dependencies of gz-sensors8
-- Looking for gz-math7 -- found version 7.5.2
-- Looking for gz-common5 -- found version 5.7.1
-- Looking for gz-transport13 -- found version 13.4.1
-- Looking for gz-rendering8 -- found version 8.2.2
-- Looking for gz-msgs10 -- found version 10.3.2
-- Looking for sdformat14 -- found version 14.7.0
-- Searching for <gz-sensors8> component [air_pressure]
-- Looking for gz-sensors8-air_pressure -- found version 8.2.2
-- Searching for dependencies of gz-sensors8-air_pressure
-- Searching for <gz-sensors8> component [air_speed]
-- Looking for gz-sensors8-air_speed -- found version 8.2.2
-- Searching for dependencies of gz-sensors8-air_speed
-- Searching for <gz-sensors8> component [altimeter]
-- Looking for gz-sensors8-altimeter -- found version 8.2.2
-- Searching for dependencies of gz-sensors8-altimeter
-- Searching for <gz-sensors8> component [imu]
-- Looking for gz-sensors8-imu -- found version 8.2.2
-- Searching for dependencies of gz-sensors8-imu
-- Searching for <gz-sensors8> component [force_torque]
-- Looking for gz-sensors8-force_torque -- found version 8.2.2
-- Searching for dependencies of gz-sensors8-force_torque
-- Searching for <gz-sensors8> component [logical_camera]
-- Looking for gz-sensors8-logical_camera -- found version 8.2.2
-- Searching for dependencies of gz-sensors8-logical_camera
-- Searching for <gz-sensors8> component [magnetometer]
-- Looking for gz-sensors8-magnetometer -- found version 8.2.2
-- Searching for dependencies of gz-sensors8-magnetometer
-- Searching for <gz-sensors8> component [navsat]
-- Looking for gz-sensors8-navsat -- found version 8.2.2
-- Searching for dependencies of gz-sensors8-navsat
-- Searching for <gz-sensors8> component [dvl]
-- Looking for gz-sensors8-dvl -- found version 8.2.2
-- Searching for dependencies of gz-sensors8-dvl
-- Looking for gz-sensors8 -- found version 8.2.2
-- Searching for dependencies of gz-sensors8
-- Looking for gz-math7 -- found version 7.5.2
-- Looking for gz-common5 -- found version 5.7.1
-- Looking for gz-transport13 -- found version 13.4.1
-- Looking for gz-rendering8 -- found version 8.2.2
-- Looking for gz-msgs10 -- found version 10.3.2
-- Looking for sdformat14 -- found version 14.7.0
-- Searching for <gz-sensors8> component [rendering]
-- Looking for gz-sensors8-rendering -- found version 8.2.2
-- Searching for dependencies of gz-sensors8-rendering
-- Searching for <gz-sensors8> component [rendering]
-- Searching for <gz-sensors8> component [lidar]
-- Looking for gz-sensors8-lidar -- found version 8.2.2
-- Searching for dependencies of gz-sensors8-lidar
-- Looking for gz-sensors8 -- found version 8.2.2
-- Searching for <gz-sensors8> component [gpu_lidar]
-- Looking for gz-sensors8-gpu_lidar -- found version 8.2.2
-- Searching for dependencies of gz-sensors8-gpu_lidar
-- Looking for gz-sensors8 -- found version 8.2.2
-- Searching for <gz-sensors8> component [camera]
-- Looking for gz-sensors8-camera -- found version 8.2.2
-- Searching for dependencies of gz-sensors8-camera
-- Looking for gz-sensors8 -- found version 8.2.2
-- Searching for <gz-sensors8> component [boundingbox_camera]
-- Looking for gz-sensors8-boundingbox_camera -- found version 8.2.2
-- Searching for dependencies of gz-sensors8-boundingbox_camera
-- Searching for <gz-sensors8> component [segmentation_camera]
-- Looking for gz-sensors8-segmentation_camera -- found version 8.2.2
-- Searching for dependencies of gz-sensors8-segmentation_camera
-- Searching for <gz-sensors8> component [depth_camera]
-- Looking for gz-sensors8-depth_camera -- found version 8.2.2
-- Searching for dependencies of gz-sensors8-depth_camera
-- Looking for gz-sensors8 -- found version 8.2.2
-- Searching for <gz-sensors8> component [rgbd_camera]
-- Looking for gz-sensors8-rgbd_camera -- found version 8.2.2
-- Searching for dependencies of gz-sensors8-rgbd_camera
-- Looking for gz-sensors8 -- found version 8.2.2
-- Searching for <gz-sensors8> component [thermal_camera]
-- Looking for gz-sensors8-thermal_camera -- found version 8.2.2
-- Searching for dependencies of gz-sensors8-thermal_camera
-- Looking for gz-sensors8 -- found version 8.2.2
-- Searching for <gz-sensors8> component [wide_angle_camera]
-- Looking for gz-sensors8-wide_angle_camera -- found version 8.2.2
-- Searching for dependencies of gz-sensors8-wide_angle_camera
-- Looking for gz-rendering8 -- found version 8.2.2
-- Looking for gz-math7 -- found version 7.5.2
-- Looking for gz-utils2 -- found version 2.2.1
-- Looking for gz-common5 -- found version 5.7.1
-- Looking for gz-fuel_tools9 -- found version 9.1.1
-- Looking for gz-math7 -- found version 7.5.2
-- Looking for gz-msgs10 -- found version 10.3.2
-- Looking for gz-transport13 -- found version 13.4.1
-- Looking for gz-plugin2 -- found version 2.0.4
-- Looking for gz-rendering8 -- found version 8.2.2
-- Looking for gz-sensors8 -- found version 8.2.2
-- Looking for gz-utils2 -- found version 2.2.1
-- Looking for sdformat14 -- found version 14.7.0
-- Found std_msgs: 5.3.6 (/opt/ros/jazzy/share/std_msgs/cmake)
-- Found rosidl_generator_c: 4.6.5 (/opt/ros/jazzy/share/rosidl_generator_c/cmake)
-- Found rosidl_generator_cpp: 4.6.5 (/opt/ros/jazzy/share/rosidl_generator_cpp/cmake)
-- Using all available rosidl_typesupport_c: rosidl_typesupport_fastrtps_c;rosidl_typesupport_introspection_c
-- Using all available rosidl_typesupport_cpp: rosidl_typesupport_fastrtps_cpp;rosidl_typesupport_introspection_cpp
-- Configuring done (1.8s)
-- Generating done (0.1s)
-- Build files have been written to: /home/luca002/proj_ws/build/vrx_gz
[  2%] [32mBuilding CXX object CMakeFiles/Waves.dir/src/Wavefield.cc.o[0m
[  4%] [32mBuilding CXX object CMakeFiles/ScoringPlugin.dir/src/ScoringPlugin.cc.o[0m
[  4%] Built target ament_cmake_python_symlink_vrx_gz
running egg_info
creating vrx_gz.egg-info
writing vrx_gz.egg-info/PKG-INFO
writing dependency_links to vrx_gz.egg-info/dependency_links.txt
writing top-level names to vrx_gz.egg-info/top_level.txt
writing manifest file 'vrx_gz.egg-info/SOURCES.txt'
reading manifest file 'vrx_gz.egg-info/SOURCES.txt'
writing manifest file 'vrx_gz.egg-info/SOURCES.txt'
[  4%] Built target ament_cmake_python_build_vrx_gz_egg
[  6%] [32m[1mLinking CXX shared library libWaves.so[0m
[  6%] Built target Waves
[ 12%] [32mBuilding CXX object CMakeFiles/PolyhedraBuoyancyDrag.dir/src/PolyhedronVolume.cc.o[0m
[ 12%] [32mBuilding CXX object CMakeFiles/PolyhedraBuoyancyDrag.dir/src/ShapeVolume.cc.o[0m
[ 12%] [32mBuilding CXX object CMakeFiles/PolyhedraBuoyancyDrag.dir/src/PolyhedraBuoyancyDrag.cc.o[0m
[ 14%] [32m[1mLinking CXX shared library libScoringPlugin.so[0m
[ 14%] Built target ScoringPlugin
[ 16%] [32mBuilding CXX object CMakeFiles/AcousticTrackingScoringPlugin.dir/src/AcousticTrackingScoringPlugin.cc.o[0m
[ 18%] [32mBuilding CXX object CMakeFiles/AcousticPingerPlugin.dir/src/AcousticPingerPlugin.cc.o[0m
[ 22%] [32mBuilding CXX object CMakeFiles/AcousticPerceptionScoringPlugin.dir/src/AcousticPerceptionScoringPlugin.cc.o[0m
[ 22%] [32mBuilding CXX object CMakeFiles/WayfindingScoringPlugin.dir/src/WayfindingScoringPlugin.cc.o[0m
[ 25%] [32mBuilding CXX object CMakeFiles/BallShooterPlugin.dir/src/BallShooterPlugin.cc.o[0m
[ 27%] [32mBuilding CXX object CMakeFiles/StationkeepingScoringPlugin.dir/src/StationkeepingScoringPlugin.cc.o[0m
[ 29%] [32mBuilding CXX object CMakeFiles/PlacardPlugin.dir/src/PlacardPlugin.cc.o[0m
[ 31%] [32mBuilding CXX object CMakeFiles/SimpleHydrodynamics.dir/src/SimpleHydrodynamics.cc.o[0m
[ 33%] [32mBuilding CXX object CMakeFiles/NavigationScoringPlugin.dir/src/NavigationScoringPlugin.cc.o[0m
[ 35%] [32mBuilding CXX object CMakeFiles/PerceptionScoringPlugin.dir/src/PerceptionScoringPlugin.cc.o[0m
[ 37%] [32mBuilding CXX object CMakeFiles/ScanDockScoringPlugin.dir/src/ScanDockScoringPlugin.cc.o[0m
[ 39%] [32mBuilding CXX object CMakeFiles/LightBuoyPlugin.dir/src/LightBuoyPlugin.cc.o[0m
[ 41%] [32mBuilding CXX object CMakeFiles/PublisherPlugin.dir/src/PublisherPlugin.cc.o[0m
[ 43%] [32mBuilding CXX object CMakeFiles/GymkhanaScoringPlugin.dir/src/GymkhanaScoringPlugin.cc.o[0m
[ 45%] [32mBuilding CXX object CMakeFiles/AcousticTrackingScoringPlugin.dir/src/WaypointMarkers.cc.o[0m
[ 47%] [32m[1mLinking CXX shared library libPublisherPlugin.so[0m
[ 50%] [32mBuilding CXX object CMakeFiles/AcousticPerceptionScoringPlugin.dir/src/WaypointMarkers.cc.o[0m
[ 50%] Built target PublisherPlugin
[ 52%] [32mBuilding CXX object CMakeFiles/WayfindingScoringPlugin.dir/src/WaypointMarkers.cc.o[0m
[ 54%] [32m[1mLinking CXX shared library libLightBuoyPlugin.so[0m
[ 54%] Built target LightBuoyPlugin
[ 56%] [32mBuilding CXX object CMakeFiles/StationkeepingScoringPlugin.dir/src/WaypointMarkers.cc.o[0m
[ 58%] [32m[1mLinking CXX shared library libPolyhedraBuoyancyDrag.so[0m
[ 60%] [32m[1mLinking CXX shared library libGymkhanaScoringPlugin.so[0m
[ 62%] [32m[1mLinking CXX shared library libPlacardPlugin.so[0m
[ 64%] [32m[1mLinking CXX shared library libSimpleHydrodynamics.so[0m
[ 64%] Built target PolyhedraBuoyancyDrag
[ 66%] [32mBuilding CXX object CMakeFiles/Surface.dir/src/Surface.cc.o[0m
[ 66%] Built target GymkhanaScoringPlugin
[ 68%] [32mBuilding CXX object CMakeFiles/USVWind.dir/src/USVWind.cc.o[0m
[ 68%] Built target SimpleHydrodynamics
[ 68%] Built target PlacardPlugin
[ 70%] [32mBuilding CXX object CMakeFiles/WaveVisual.dir/src/WaveVisual.cc.o[0m
[ 72%] [32mBuilding CXX object CMakeFiles/WildlifeScoringPlugin.dir/src/WildlifeScoringPlugin.cc.o[0m
[ 75%] [32m[1mLinking CXX shared library libAcousticPingerPlugin.so[0m
[ 77%] [32m[1mLinking CXX shared library libPerceptionScoringPlugin.so[0m
[ 79%] [32m[1mLinking CXX shared library libAcousticTrackingScoringPlugin.so[0m
[ 79%] Built target AcousticPingerPlugin
[ 81%] [32m[1mLinking CXX shared library libNavigationScoringPlugin.so[0m
[ 81%] Built target PerceptionScoringPlugin
[ 81%] Built target AcousticTrackingScoringPlugin
[ 81%] Built target NavigationScoringPlugin
[ 83%] [32m[1mLinking CXX shared library libAcousticPerceptionScoringPlugin.so[0m
[ 85%] [32m[1mLinking CXX shared library libScanDockScoringPlugin.so[0m
[ 85%] Built target AcousticPerceptionScoringPlugin
[ 87%] [32m[1mLinking CXX shared library libWayfindingScoringPlugin.so[0m
[ 87%] Built target ScanDockScoringPlugin
[ 89%] [32m[1mLinking CXX shared library libBallShooterPlugin.so[0m
[ 89%] Built target WayfindingScoringPlugin
[ 91%] [32m[1mLinking CXX shared library libStationkeepingScoringPlugin.so[0m
[ 91%] Built target BallShooterPlugin
[ 91%] Built target StationkeepingScoringPlugin
[ 93%] [32m[1mLinking CXX shared library libSurface.so[0m
[ 93%] Built target Surface
[ 95%] [32m[1mLinking CXX shared library libWildlifeScoringPlugin.so[0m
[ 97%] [32m[1mLinking CXX shared library libWaveVisual.so[0m
[ 97%] Built target WildlifeScoringPlugin
[100%] [32m[1mLinking CXX shared library libUSVWind.so[0m
[100%] Built target WaveVisual
[100%] Built target USVWind
-- Install configuration: ""
-- Execute custom install script
-- Symlinking: /home/luca002/proj_ws/install/vrx_gz/share/vrx_gz/environment/resource_paths.dsv
-- Symlinking: /home/luca002/proj_ws/install/vrx_gz/share/vrx_gz/environment/resource_paths.sh
-- Symlinking: /home/luca002/proj_ws/install/vrx_gz/lib/libWaves.so
-- Symlinking: /home/luca002/proj_ws/install/vrx_gz/lib/libPolyhedraBuoyancyDrag.so
-- Symlinking: /home/luca002/proj_ws/install/vrx_gz/lib/libScoringPlugin.so
-- Symlinking: /home/luca002/proj_ws/install/vrx_gz/lib/libStationkeepingScoringPlugin.so
-- Symlinking: /home/luca002/proj_ws/install/vrx_gz/lib/libWayfindingScoringPlugin.so
-- Symlinking: /home/luca002/proj_ws/install/vrx_gz/lib/libAcousticPerceptionScoringPlugin.so
-- Symlinking: /home/luca002/proj_ws/install/vrx_gz/lib/libAcousticTrackingScoringPlugin.so
-- Symlinking: /home/luca002/proj_ws/install/vrx_gz/lib/libAcousticPingerPlugin.so
-- Symlinking: /home/luca002/proj_ws/install/vrx_gz/lib/libBallShooterPlugin.so
-- Symlinking: /home/luca002/proj_ws/install/vrx_gz/lib/libLightBuoyPlugin.so
-- Symlinking: /home/luca002/proj_ws/install/vrx_gz/lib/libNavigationScoringPlugin.so
-- Symlinking: /home/luca002/proj_ws/install/vrx_gz/lib/libGymkhanaScoringPlugin.so
-- Symlinking: /home/luca002/proj_ws/install/vrx_gz/lib/libPerceptionScoringPlugin.so
-- Symlinking: /home/luca002/proj_ws/install/vrx_gz/lib/libPlacardPlugin.so
-- Symlinking: /home/luca002/proj_ws/install/vrx_gz/lib/libPublisherPlugin.so
-- Symlinking: /home/luca002/proj_ws/install/vrx_gz/lib/libScanDockScoringPlugin.so
-- Symlinking: /home/luca002/proj_ws/install/vrx_gz/lib/libSimpleHydrodynamics.so
-- Symlinking: /home/luca002/proj_ws/install/vrx_gz/lib/libSurface.so
-- Symlinking: /home/luca002/proj_ws/install/vrx_gz/lib/libUSVWind.so
-- Symlinking: /home/luca002/proj_ws/install/vrx_gz/lib/libWaveVisual.so
-- Symlinking: /home/luca002/proj_ws/install/vrx_gz/lib/libWildlifeScoringPlugin.so
-- Symlinking: /home/luca002/proj_ws/install/vrx_gz/share/vrx_gz/environment/pythonpath.sh
-- Symlinking: /home/luca002/proj_ws/install/vrx_gz/share/vrx_gz/environment/pythonpath.dsv
-- Symlinking: /home/luca002/proj_ws/install/vrx_gz/lib/python3.12/site-packages/vrx_gz-0.0.0-py3.12.egg-info/PKG-INFO
-- Symlinking: /home/luca002/proj_ws/install/vrx_gz/lib/python3.12/site-packages/vrx_gz-0.0.0-py3.12.egg-info/SOURCES.txt
-- Symlinking: /home/luca002/proj_ws/install/vrx_gz/lib/python3.12/site-packages/vrx_gz-0.0.0-py3.12.egg-info/dependency_links.txt
-- Symlinking: /home/luca002/proj_ws/install/vrx_gz/lib/python3.12/site-packages/vrx_gz-0.0.0-py3.12.egg-info/top_level.txt
-- Symlinking: /home/luca002/proj_ws/install/vrx_gz/lib/python3.12/site-packages/vrx_gz/__init__.py
-- Symlinking: /home/luca002/proj_ws/install/vrx_gz/lib/python3.12/site-packages/vrx_gz/bridge.py
-- Symlinking: /home/luca002/proj_ws/install/vrx_gz/lib/python3.12/site-packages/vrx_gz/bridges.py
-- Symlinking: /home/luca002/proj_ws/install/vrx_gz/lib/python3.12/site-packages/vrx_gz/launch.py
-- Symlinking: /home/luca002/proj_ws/install/vrx_gz/lib/python3.12/site-packages/vrx_gz/model.py
-- Symlinking: /home/luca002/proj_ws/install/vrx_gz/lib/python3.12/site-packages/vrx_gz/payload_bridges.py
-- Symlinking: /home/luca002/proj_ws/install/vrx_gz/share/vrx_gz/config/roboboat.yaml
-- Symlinking: /home/luca002/proj_ws/install/vrx_gz/share/vrx_gz/config/wamv.yaml
-- Symlinking: /home/luca002/proj_ws/install/vrx_gz/share/vrx_gz/launch/competition.launch.py
-- Symlinking: /home/luca002/proj_ws/install/vrx_gz/share/vrx_gz/launch/spawn.launch.py
-- Symlinking: /home/luca002/proj_ws/install/vrx_gz/share/vrx_gz/launch/spawn_config.launch.py
-- Symlinking: /home/luca002/proj_ws/install/vrx_gz/share/vrx_gz/launch/usv_joy_teleop.py
-- Symlinking: /home/luca002/proj_ws/install/vrx_gz/share/vrx_gz/launch/vrx_environment.launch.py
-- Symlinking: /home/luca002/proj_ws/install/vrx_gz/share/vrx_gz/models/3d_lidar/mesh/3d_Lidar_Albedo.png
-- Symlinking: /home/luca002/proj_ws/install/vrx_gz/share/vrx_gz/models/3d_lidar/mesh/3d_Lidar_Metalness.png
-- Symlinking: /home/luca002/proj_ws/install/vrx_gz/share/vrx_gz/models/3d_lidar/mesh/3d_Lidar_Normal.png
-- Symlinking: /home/luca002/proj_ws/install/vrx_gz/share/vrx_gz/models/3d_lidar/mesh/3d_Lidar_Roughness.png
-- Symlinking: /home/luca002/proj_ws/install/vrx_gz/share/vrx_gz/models/3d_lidar/mesh/3d_lidar.dae
-- Symlinking: /home/luca002/proj_ws/install/vrx_gz/share/vrx_gz/models/3d_lidar/mesh/3d_lidar.png
-- Symlinking: /home/luca002/proj_ws/install/vrx_gz/share/vrx_gz/models/3d_lidar/model.config
-- Symlinking: /home/luca002/proj_ws/install/vrx_gz/share/vrx_gz/models/3d_lidar/model.sdf
-- Symlinking: /home/luca002/proj_ws/install/vrx_gz/share/vrx_gz/models/articulated_platform/model.config
-- Symlinking: /home/luca002/proj_ws/install/vrx_gz/share/vrx_gz/models/articulated_platform/model.sdf
-- Symlinking: /home/luca002/proj_ws/install/vrx_gz/share/vrx_gz/models/ball_shooter/materials/Textures/Launcher_Albedo.png
-- Symlinking: /home/luca002/proj_ws/install/vrx_gz/share/vrx_gz/models/ball_shooter/materials/Textures/Launcher_Metalness.png
-- Symlinking: /home/luca002/proj_ws/install/vrx_gz/share/vrx_gz/models/ball_shooter/materials/Textures/Launcher_Normal.png
-- Symlinking: /home/luca002/proj_ws/install/vrx_gz/share/vrx_gz/models/ball_shooter/materials/Textures/Launcher_Roughness.png
-- Symlinking: /home/luca002/proj_ws/install/vrx_gz/share/vrx_gz/models/ball_shooter/meshes/Launcher_Albedo.png
-- Symlinking: /home/luca002/proj_ws/install/vrx_gz/share/vrx_gz/models/ball_shooter/meshes/Launcher_BaseColor.png
-- Symlinking: /home/luca002/proj_ws/install/vrx_gz/share/vrx_gz/models/ball_shooter/meshes/ball_shooter_base.dae
-- Symlinking: /home/luca002/proj_ws/install/vrx_gz/share/vrx_gz/models/ball_shooter/meshes/ball_shooter_launcher.dae
-- Symlinking: /home/luca002/proj_ws/install/vrx_gz/share/vrx_gz/models/ball_shooter/model.config
-- Symlinking: /home/luca002/proj_ws/install/vrx_gz/share/vrx_gz/models/ball_shooter/model.sdf
-- Symlinking: /home/luca002/proj_ws/install/vrx_gz/share/vrx_gz/models/battery/mesh/battery.dae
-- Symlinking: /home/luca002/proj_ws/install/vrx_gz/share/vrx_gz/models/battery/mesh/battery.png
-- Symlinking: /home/luca002/proj_ws/install/vrx_gz/share/vrx_gz/models/battery/mesh/battery_Albedo.png
-- Symlinking: /home/luca002/proj_ws/install/vrx_gz/share/vrx_gz/models/battery/mesh/battery_Metalness.png
-- Symlinking: /home/luca002/proj_ws/install/vrx_gz/share/vrx_gz/models/battery/mesh/battery_Normal.png
-- Symlinking: /home/luca002/proj_ws/install/vrx_gz/share/vrx_gz/models/battery/mesh/battery_Roughness.png
-- Symlinking: /home/luca002/proj_ws/install/vrx_gz/share/vrx_gz/models/battery/model.config
-- Symlinking: /home/luca002/proj_ws/install/vrx_gz/share/vrx_gz/models/battery/model.sdf
-- Symlinking: /home/luca002/proj_ws/install/vrx_gz/share/vrx_gz/models/blue_projectile/model.config
-- Symlinking: /home/luca002/proj_ws/install/vrx_gz/share/vrx_gz/models/blue_projectile/model.sdf
-- Symlinking: /home/luca002/proj_ws/install/vrx_gz/share/vrx_gz/models/boat/materials/textures/Boat_Albedo.png
-- Symlinking: /home/luca002/proj_ws/install/vrx_gz/share/vrx_gz/models/boat/materials/textures/Boat_Metalness.png
-- Symlinking: /home/luca002/proj_ws/install/vrx_gz/share/vrx_gz/models/boat/materials/textures/Boat_Normal.png
-- Symlinking: /home/luca002/proj_ws/install/vrx_gz/share/vrx_gz/models/boat/materials/textures/Boat_Roughness.png
-- Symlinking: /home/luca002/proj_ws/install/vrx_gz/share/vrx_gz/models/boat/materials/textures/lidar_3d_v1.png
-- Symlinking: /home/luca002/proj_ws/install/vrx_gz/share/vrx_gz/models/boat/meshes/rcboat.dae
-- Symlinking: /home/luca002/proj_ws/install/vrx_gz/share/vrx_gz/models/boat/model.config
-- Symlinking: /home/luca002/proj_ws/install/vrx_gz/share/vrx_gz/models/boat/model.sdf
-- Symlinking: /home/luca002/proj_ws/install/vrx_gz/share/vrx_gz/models/boat/oldmodel/mmodel.sdf
-- Symlinking: /home/luca002/proj_ws/install/vrx_gz/share/vrx_gz/models/boat/thumbnails/boat/1.png
-- Symlinking: /home/luca002/proj_ws/install/vrx_gz/share/vrx_gz/models/boat/thumbnails/boat/2.png
-- Symlinking: /home/luca002/proj_ws/install/vrx_gz/share/vrx_gz/models/boat/thumbnails/boat/3.png
-- Symlinking: /home/luca002/proj_ws/install/vrx_gz/share/vrx_gz/models/boat/thumbnails/boat/4.png
-- Symlinking: /home/luca002/proj_ws/install/vrx_gz/share/vrx_gz/models/boat/thumbnails/boat/5.png
-- Symlinking: /home/luca002/proj_ws/install/vrx_gz/share/vrx_gz/models/coast_waves/materials/programs/GerstnerWaves_fs_330.glsl
-- Symlinking: /home/luca002/proj_ws/install/vrx_gz/share/vrx_gz/models/coast_waves/materials/programs/GerstnerWaves_vs_330.glsl
-- Symlinking: /home/luca002/proj_ws/install/vrx_gz/share/vrx_gz/models/coast_waves/materials/textures/skybox_lowres.dds
-- Symlinking: /home/luca002/proj_ws/install/vrx_gz/share/vrx_gz/models/coast_waves/materials/textures/wave_normals.dds
-- Symlinking: /home/luca002/proj_ws/install/vrx_gz/share/vrx_gz/models/coast_waves/meshes/waterlow.dae
-- Symlinking: /home/luca002/proj_ws/install/vrx_gz/share/vrx_gz/models/coast_waves/model.config
-- Symlinking: /home/luca002/proj_ws/install/vrx_gz/share/vrx_gz/models/coast_waves/model.sdf
-- Symlinking: /home/luca002/proj_ws/install/vrx_gz/share/vrx_gz/models/cpu_cases/mesh/cpu_cases.dae
-- Symlinking: /home/luca002/proj_ws/install/vrx_gz/share/vrx_gz/models/cpu_cases/mesh/cpu_cases.png
-- Symlinking: /home/luca002/proj_ws/install/vrx_gz/share/vrx_gz/models/cpu_cases/mesh/cpu_cases_Albedo.png
-- Symlinking: /home/luca002/proj_ws/install/vrx_gz/share/vrx_gz/models/cpu_cases/mesh/cpu_cases_Metalness.png
-- Symlinking: /home/luca002/proj_ws/install/vrx_gz/share/vrx_gz/models/cpu_cases/mesh/cpu_cases_Normal.png
-- Symlinking: /home/luca002/proj_ws/install/vrx_gz/share/vrx_gz/models/cpu_cases/mesh/cpu_cases_Roughness.png
-- Symlinking: /home/luca002/proj_ws/install/vrx_gz/share/vrx_gz/models/cpu_cases/model.config
-- Symlinking: /home/luca002/proj_ws/install/vrx_gz/share/vrx_gz/models/cpu_cases/model.sdf
-- Symlinking: /home/luca002/proj_ws/install/vrx_gz/share/vrx_gz/models/dock_2022/model.config
-- Symlinking: /home/luca002/proj_ws/install/vrx_gz/share/vrx_gz/models/dock_2022/model.sdf
-- Symlinking: /home/luca002/proj_ws/install/vrx_gz/share/vrx_gz/models/dock_2022_base/model.config
-- Symlinking: /home/luca002/proj_ws/install/vrx_gz/share/vrx_gz/models/dock_2022_base/model.sdf
-- Symlinking: /home/luca002/proj_ws/install/vrx_gz/share/vrx_gz/models/dock_block_4x4/mesh/DockCubes_Albedo.png
-- Symlinking: /home/luca002/proj_ws/install/vrx_gz/share/vrx_gz/models/dock_block_4x4/mesh/DockCubes_Metalness.png
-- Symlinking: /home/luca002/proj_ws/install/vrx_gz/share/vrx_gz/models/dock_block_4x4/mesh/DockCubes_Normal.png
-- Symlinking: /home/luca002/proj_ws/install/vrx_gz/share/vrx_gz/models/dock_block_4x4/mesh/DockCubes_Roughness.png
-- Symlinking: /home/luca002/proj_ws/install/vrx_gz/share/vrx_gz/models/dock_block_4x4/mesh/dock_block_4x4.dae
-- Symlinking: /home/luca002/proj_ws/install/vrx_gz/share/vrx_gz/models/dock_block_4x4/model.config
-- Symlinking: /home/luca002/proj_ws/install/vrx_gz/share/vrx_gz/models/dock_block_4x4/model.sdf
-- Symlinking: /home/luca002/proj_ws/install/vrx_gz/share/vrx_gz/models/entrance_exit/model.config
-- Symlinking: /home/luca002/proj_ws/install/vrx_gz/share/vrx_gz/models/entrance_exit/model.sdf
-- Symlinking: /home/luca002/proj_ws/install/vrx_gz/share/vrx_gz/models/lidar/materials/textures/lidar_3d_v1.png
-- Symlinking: /home/luca002/proj_ws/install/vrx_gz/share/vrx_gz/models/lidar/meshes/lidar_3d_v1.dae
-- Symlinking: /home/luca002/proj_ws/install/vrx_gz/share/vrx_gz/models/lidar/meshes/lidar_3d_v1.png
-- Symlinking: /home/luca002/proj_ws/install/vrx_gz/share/vrx_gz/models/lidar/model.config
-- Symlinking: /home/luca002/proj_ws/install/vrx_gz/share/vrx_gz/models/lidar/model.sdf
-- Symlinking: /home/luca002/proj_ws/install/vrx_gz/share/vrx_gz/models/lidar/thumbnails/1.png
-- Symlinking: /home/luca002/proj_ws/install/vrx_gz/share/vrx_gz/models/lidar/thumbnails/2.png
-- Symlinking: /home/luca002/proj_ws/install/vrx_gz/share/vrx_gz/models/lidar/thumbnails/3.png
-- Symlinking: /home/luca002/proj_ws/install/vrx_gz/share/vrx_gz/models/lidar/thumbnails/4.png
-- Symlinking: /home/luca002/proj_ws/install/vrx_gz/share/vrx_gz/models/lidar/thumbnails/5.png
-- Symlinking: /home/luca002/proj_ws/install/vrx_gz/share/vrx_gz/models/mono_camera/mesh/mono_camera.dae
-- Symlinking: /home/luca002/proj_ws/install/vrx_gz/share/vrx_gz/models/mono_camera/mesh/mono_camera.png
-- Symlinking: /home/luca002/proj_ws/install/vrx_gz/share/vrx_gz/models/mono_camera/mesh/mono_camera_Albedo.png
-- Symlinking: /home/luca002/proj_ws/install/vrx_gz/share/vrx_gz/models/mono_camera/mesh/mono_camera_Metalness.png
-- Symlinking: /home/luca002/proj_ws/install/vrx_gz/share/vrx_gz/models/mono_camera/mesh/mono_camera_Normal.png
-- Symlinking: /home/luca002/proj_ws/install/vrx_gz/share/vrx_gz/models/mono_camera/mesh/mono_camera_Roughness.png
-- Symlinking: /home/luca002/proj_ws/install/vrx_gz/share/vrx_gz/models/mono_camera/model.config
-- Symlinking: /home/luca002/proj_ws/install/vrx_gz/share/vrx_gz/models/mono_camera/model.sdf
-- Symlinking: /home/luca002/proj_ws/install/vrx_gz/share/vrx_gz/models/obstacle_course/model.config
-- Symlinking: /home/luca002/proj_ws/install/vrx_gz/share/vrx_gz/models/obstacle_course/model.sdf
-- Symlinking: /home/luca002/proj_ws/install/vrx_gz/share/vrx_gz/models/placard_2022/materials/textures/Placard.png
-- Symlinking: /home/luca002/proj_ws/install/vrx_gz/share/vrx_gz/models/placard_2022/meshes/placard_2022.dae
-- Symlinking: /home/luca002/proj_ws/install/vrx_gz/share/vrx_gz/models/placard_2022/model.config
-- Symlinking: /home/luca002/proj_ws/install/vrx_gz/share/vrx_gz/models/placard_2022/model.sdf
-- Symlinking: /home/luca002/proj_ws/install/vrx_gz/share/vrx_gz/models/platform/model.config
-- Symlinking: /home/luca002/proj_ws/install/vrx_gz/share/vrx_gz/models/platform/model.sdf
-- Symlinking: /home/luca002/proj_ws/install/vrx_gz/share/vrx_gz/models/roboboat01/materials/scripts/model.material
-- Symlinking: /home/luca002/proj_ws/install/vrx_gz/share/vrx_gz/models/roboboat01/materials/textures/Boat01_Albedo.png
-- Symlinking: /home/luca002/proj_ws/install/vrx_gz/share/vrx_gz/models/roboboat01/materials/textures/Boat01_Metallic.png
-- Symlinking: /home/luca002/proj_ws/install/vrx_gz/share/vrx_gz/models/roboboat01/materials/textures/Boat01_Normal.png
-- Symlinking: /home/luca002/proj_ws/install/vrx_gz/share/vrx_gz/models/roboboat01/materials/textures/Boat01_Roughness.png
-- Symlinking: /home/luca002/proj_ws/install/vrx_gz/share/vrx_gz/models/roboboat01/materials/textures/Thruster_Albedo.png
-- Symlinking: /home/luca002/proj_ws/install/vrx_gz/share/vrx_gz/models/roboboat01/materials/textures/Thruster_Roughness.png
-- Symlinking: /home/luca002/proj_ws/install/vrx_gz/share/vrx_gz/models/roboboat01/meshes/housing.dae
-- Symlinking: /home/luca002/proj_ws/install/vrx_gz/share/vrx_gz/models/roboboat01/meshes/mount.dae
-- Symlinking: /home/luca002/proj_ws/install/vrx_gz/share/vrx_gz/models/roboboat01/meshes/prop.dae
-- Symlinking: /home/luca002/proj_ws/install/vrx_gz/share/vrx_gz/models/roboboat01/meshes/roboboat01.dae
-- Symlinking: /home/luca002/proj_ws/install/vrx_gz/share/vrx_gz/models/roboboat01/model.config
-- Symlinking: /home/luca002/proj_ws/install/vrx_gz/share/vrx_gz/models/roboboat01/model.sdf
-- Symlinking: /home/luca002/proj_ws/install/vrx_gz/share/vrx_gz/models/roboboat02/materials/scripts/model.material
-- Symlinking: /home/luca002/proj_ws/install/vrx_gz/share/vrx_gz/models/roboboat02/materials/textures/Boat02_Albedo.png
-- Symlinking: /home/luca002/proj_ws/install/vrx_gz/share/vrx_gz/models/roboboat02/materials/textures/Boat02_Metallic.png
-- Symlinking: /home/luca002/proj_ws/install/vrx_gz/share/vrx_gz/models/roboboat02/materials/textures/Boat02_Normal.png
-- Symlinking: /home/luca002/proj_ws/install/vrx_gz/share/vrx_gz/models/roboboat02/materials/textures/Boat02_Roughness.png
-- Symlinking: /home/luca002/proj_ws/install/vrx_gz/share/vrx_gz/models/roboboat02/meshes/roboboat02.dae
-- Symlinking: /home/luca002/proj_ws/install/vrx_gz/share/vrx_gz/models/roboboat02/model.config
-- Symlinking: /home/luca002/proj_ws/install/vrx_gz/share/vrx_gz/models/roboboat02/model.sdf
-- Symlinking: /home/luca002/proj_ws/install/vrx_gz/share/vrx_gz/models/roboboat_cpubox/materials/textures/DryBox_Albedo.png
-- Symlinking: /home/luca002/proj_ws/install/vrx_gz/share/vrx_gz/models/roboboat_cpubox/materials/textures/DryBox_Roughness.png
-- Symlinking: /home/luca002/proj_ws/install/vrx_gz/share/vrx_gz/models/roboboat_cpubox/meshes/drybox.dae
-- Symlinking: /home/luca002/proj_ws/install/vrx_gz/share/vrx_gz/models/roboboat_cpubox/model.config
-- Symlinking: /home/luca002/proj_ws/install/vrx_gz/share/vrx_gz/models/roboboat_cpubox/model.sdf
-- Symlinking: /home/luca002/proj_ws/install/vrx_gz/share/vrx_gz/models/robotx_light_buoy_bgr/model.config
-- Symlinking: /home/luca002/proj_ws/install/vrx_gz/share/vrx_gz/models/robotx_light_buoy_bgr/model.sdf
-- Symlinking: /home/luca002/proj_ws/install/vrx_gz/share/vrx_gz/models/robotx_light_buoy_bgy/model.config
-- Symlinking: /home/luca002/proj_ws/install/vrx_gz/share/vrx_gz/models/robotx_light_buoy_bgy/model.sdf
-- Symlinking: /home/luca002/proj_ws/install/vrx_gz/share/vrx_gz/models/robotx_light_buoy_gbr/model.config
-- Symlinking: /home/luca002/proj_ws/install/vrx_gz/share/vrx_gz/models/robotx_light_buoy_gbr/model.sdf
-- Symlinking: /home/luca002/proj_ws/install/vrx_gz/share/vrx_gz/models/robotx_light_buoy_rbg/model.config
-- Symlinking: /home/luca002/proj_ws/install/vrx_gz/share/vrx_gz/models/robotx_light_buoy_rbg/model.sdf
-- Symlinking: /home/luca002/proj_ws/install/vrx_gz/share/vrx_gz/models/robotx_light_buoy_rgb/mesh/LightTower_Albedo.png
-- Symlinking: /home/luca002/proj_ws/install/vrx_gz/share/vrx_gz/models/robotx_light_buoy_rgb/mesh/LightTower_Metalness.png
-- Symlinking: /home/luca002/proj_ws/install/vrx_gz/share/vrx_gz/models/robotx_light_buoy_rgb/mesh/LightTower_Normal.png
-- Symlinking: /home/luca002/proj_ws/install/vrx_gz/share/vrx_gz/models/robotx_light_buoy_rgb/mesh/LightTower_Opacity.png
-- Symlinking: /home/luca002/proj_ws/install/vrx_gz/share/vrx_gz/models/robotx_light_buoy_rgb/mesh/LightTower_Roughness.png
-- Symlinking: /home/luca002/proj_ws/install/vrx_gz/share/vrx_gz/models/robotx_light_buoy_rgb/mesh/robotx_light_buoy.dae
-- Symlinking: /home/luca002/proj_ws/install/vrx_gz/share/vrx_gz/models/robotx_light_buoy_rgb/model.config
-- Symlinking: /home/luca002/proj_ws/install/vrx_gz/share/vrx_gz/models/robotx_light_buoy_rgb/model.sdf
-- Symlinking: /home/luca002/proj_ws/install/vrx_gz/share/vrx_gz/models/robotx_light_buoy_rgy/model.config
-- Symlinking: /home/luca002/proj_ws/install/vrx_gz/share/vrx_gz/models/robotx_light_buoy_rgy/model.sdf
-- Symlinking: /home/luca002/proj_ws/install/vrx_gz/share/vrx_gz/models/robotx_light_buoy_ybr/model.config
-- Symlinking: /home/luca002/proj_ws/install/vrx_gz/share/vrx_gz/models/robotx_light_buoy_ybr/model.sdf
-- Symlinking: /home/luca002/proj_ws/install/vrx_gz/share/vrx_gz/models/robotx_light_buoy_ygb/model.config
-- Symlinking: /home/luca002/proj_ws/install/vrx_gz/share/vrx_gz/models/robotx_light_buoy_ygb/model.sdf
-- Symlinking: /home/luca002/proj_ws/install/vrx_gz/share/vrx_gz/models/robotx_light_buoy_yrg/model.config
-- Symlinking: /home/luca002/proj_ws/install/vrx_gz/share/vrx_gz/models/robotx_light_buoy_yrg/model.sdf
-- Symlinking: /home/luca002/proj_ws/install/vrx_gz/share/vrx_gz/models/sensor_post/mesh/sensor_post.dae
-- Symlinking: /home/luca002/proj_ws/install/vrx_gz/share/vrx_gz/models/sensor_post/mesh/sensor_post.png
-- Symlinking: /home/luca002/proj_ws/install/vrx_gz/share/vrx_gz/models/sensor_post/mesh/sensor_post_arm.dae
-- Symlinking: /home/luca002/proj_ws/install/vrx_gz/share/vrx_gz/models/sensor_post/model.config
-- Symlinking: /home/luca002/proj_ws/install/vrx_gz/share/vrx_gz/models/sensor_post/model.sdf
-- Symlinking: /home/luca002/proj_ws/install/vrx_gz/share/vrx_gz/models/short_course_2023_phase3_1/model.config
-- Symlinking: /home/luca002/proj_ws/install/vrx_gz/share/vrx_gz/models/short_course_2023_phase3_1/model.sdf
-- Symlinking: /home/luca002/proj_ws/install/vrx_gz/share/vrx_gz/models/short_course_2023_phase3_2/model.config
-- Symlinking: /home/luca002/proj_ws/install/vrx_gz/share/vrx_gz/models/short_course_2023_phase3_2/model.sdf
-- Symlinking: /home/luca002/proj_ws/install/vrx_gz/share/vrx_gz/models/short_navigation_course_0/model.config
-- Symlinking: /home/luca002/proj_ws/install/vrx_gz/share/vrx_gz/models/short_navigation_course_0/model.sdf
-- Symlinking: /home/luca002/proj_ws/install/vrx_gz/share/vrx_gz/models/short_navigation_course_1/model.config
-- Symlinking: /home/luca002/proj_ws/install/vrx_gz/share/vrx_gz/models/short_navigation_course_1/model.sdf
-- Symlinking: /home/luca002/proj_ws/install/vrx_gz/share/vrx_gz/models/short_navigation_course_2/model.config
-- Symlinking: /home/luca002/proj_ws/install/vrx_gz/share/vrx_gz/models/short_navigation_course_2/model.sdf
-- Symlinking: /home/luca002/proj_ws/install/vrx_gz/share/vrx_gz/models/short_navigation_course_3/model.config
-- Symlinking: /home/luca002/proj_ws/install/vrx_gz/share/vrx_gz/models/short_navigation_course_3/model.sdf
-- Symlinking: /home/luca002/proj_ws/install/vrx_gz/share/vrx_gz/models/short_navigation_course_4/model.config
-- Symlinking: /home/luca002/proj_ws/install/vrx_gz/share/vrx_gz/models/short_navigation_course_4/model.sdf
-- Symlinking: /home/luca002/proj_ws/install/vrx_gz/share/vrx_gz/models/short_navigation_course_5/model.config
-- Symlinking: /home/luca002/proj_ws/install/vrx_gz/share/vrx_gz/models/short_navigation_course_5/model.sdf
-- Symlinking: /home/luca002/proj_ws/install/vrx_gz/share/vrx_gz/models/symbol_triangle/mesh/triangle.dae
-- Symlinking: /home/luca002/proj_ws/install/vrx_gz/share/vrx_gz/models/symbol_triangle/model.config
-- Symlinking: /home/luca002/proj_ws/install/vrx_gz/share/vrx_gz/models/symbol_triangle/model.sdf
-- Symlinking: /home/luca002/proj_ws/install/vrx_gz/share/vrx_gz/models/tripod/meshes/legs.dae
-- Symlinking: /home/luca002/proj_ws/install/vrx_gz/share/vrx_gz/models/tripod/meshes/ring.dae
-- Symlinking: /home/luca002/proj_ws/install/vrx_gz/share/vrx_gz/models/tripod/model.config
-- Symlinking: /home/luca002/proj_ws/install/vrx_gz/share/vrx_gz/models/tripod/model.sdf
-- Symlinking: /home/luca002/proj_ws/install/vrx_gz/share/vrx_gz/models/vessel/materials/textures/Boat01_Albedo.jpg
-- Symlinking: /home/luca002/proj_ws/install/vrx_gz/share/vrx_gz/models/vessel/materials/textures/Boat01_Normal.jpg
-- Symlinking: /home/luca002/proj_ws/install/vrx_gz/share/vrx_gz/models/vessel/materials/textures/Boat01_Roughness.jpg
-- Symlinking: /home/luca002/proj_ws/install/vrx_gz/share/vrx_gz/models/vessel/meshes/Boat01.dae
-- Symlinking: /home/luca002/proj_ws/install/vrx_gz/share/vrx_gz/models/vessel/model.config
-- Symlinking: /home/luca002/proj_ws/install/vrx_gz/share/vrx_gz/models/vessel/model.sdf
-- Symlinking: /home/luca002/proj_ws/install/vrx_gz/share/vrx_gz/models/vessel/thumbnails/1.png
-- Symlinking: /home/luca002/proj_ws/install/vrx_gz/share/vrx_gz/models/wam-v/meshes/WAM-V-Base.dae
-- Symlinking: /home/luca002/proj_ws/install/vrx_gz/share/vrx_gz/models/wam-v/meshes/WamV.png
-- Symlinking: /home/luca002/proj_ws/install/vrx_gz/share/vrx_gz/models/wam-v/meshes/engine.dae
-- Symlinking: /home/luca002/proj_ws/install/vrx_gz/share/vrx_gz/models/wam-v/meshes/propeller.dae
-- Symlinking: /home/luca002/proj_ws/install/vrx_gz/share/vrx_gz/models/wam-v/model.config
-- Symlinking: /home/luca002/proj_ws/install/vrx_gz/share/vrx_gz/models/wam-v/model.sdf
-- Symlinking: /home/luca002/proj_ws/install/vrx_gz/share/vrx_gz/worlds/boat_world.world
-- Symlinking: /home/luca002/proj_ws/install/vrx_gz/share/vrx_gz/worlds/dave_bimanual_example.world
-- Symlinking: /home/luca002/proj_ws/install/vrx_gz/share/vrx_gz/worlds/demo_world1.sdf
-- Symlinking: /home/luca002/proj_ws/install/vrx_gz/share/vrx_gz/worlds/myworld.sdf
-- Symlinking: /home/luca002/proj_ws/install/vrx_gz/share/vrx_gz/worlds/simple_baylands.sdf
-- Symlinking: /home/luca002/proj_ws/install/vrx_gz/share/vrx_gz/worlds/sydney.sdf
-- Symlinking: /home/luca002/proj_ws/install/vrx_gz/share/vrx_gz/worlds/sydney_regatta.sdf
-- Symlinking: /home/luca002/proj_ws/install/vrx_gz/share/vrx_gz/worlds/wworld.sdf
-- Symlinking: /home/luca002/proj_ws/install/vrx_gz/share/ament_index/resource_index/package_run_dependencies/vrx_gz
-- Symlinking: /home/luca002/proj_ws/install/vrx_gz/share/ament_index/resource_index/parent_prefix_path/vrx_gz
-- Symlinking: /home/luca002/proj_ws/install/vrx_gz/share/vrx_gz/environment/ament_prefix_path.sh
-- Symlinking: /home/luca002/proj_ws/install/vrx_gz/share/vrx_gz/environment/ament_prefix_path.dsv
-- Symlinking: /home/luca002/proj_ws/install/vrx_gz/share/vrx_gz/environment/path.sh
-- Symlinking: /home/luca002/proj_ws/install/vrx_gz/share/vrx_gz/environment/path.dsv
-- Symlinking: /home/luca002/proj_ws/install/vrx_gz/share/vrx_gz/local_setup.bash
-- Symlinking: /home/luca002/proj_ws/install/vrx_gz/share/vrx_gz/local_setup.sh
-- Symlinking: /home/luca002/proj_ws/install/vrx_gz/share/vrx_gz/local_setup.zsh
-- Symlinking: /home/luca002/proj_ws/install/vrx_gz/share/vrx_gz/local_setup.dsv
-- Symlinking: /home/luca002/proj_ws/install/vrx_gz/share/vrx_gz/package.dsv
-- Symlinking: /home/luca002/proj_ws/install/vrx_gz/share/ament_index/resource_index/packages/vrx_gz
-- Symlinking: /home/luca002/proj_ws/install/vrx_gz/share/vrx_gz/cmake/vrx_gzConfig.cmake
-- Symlinking: /home/luca002/proj_ws/install/vrx_gz/share/vrx_gz/cmake/vrx_gzConfig-version.cmake
-- Symlinking: /home/luca002/proj_ws/install/vrx_gz/share/vrx_gz/package.xml
Listing '/home/luca002/proj_ws/install/vrx_gz/lib/python3.12/site-packages/vrx_gz'...
Compiling '/home/luca002/proj_ws/install/vrx_gz/lib/python3.12/site-packages/vrx_gz/__init__.py'...
Compiling '/home/luca002/proj_ws/install/vrx_gz/lib/python3.12/site-packages/vrx_gz/bridge.py'...
Compiling '/home/luca002/proj_ws/install/vrx_gz/lib/python3.12/site-packages/vrx_gz/bridges.py'...
Compiling '/home/luca002/proj_ws/install/vrx_gz/lib/python3.12/site-packages/vrx_gz/launch.py'...
Compiling '/home/luca002/proj_ws/install/vrx_gz/lib/python3.12/site-packages/vrx_gz/model.py'...
Compiling '/home/luca002/proj_ws/install/vrx_gz/lib/python3.12/site-packages/vrx_gz/payload_bridges.py'...
