[0.475s] Invoking command in '/home/luca002/proj_ws/build/vrx_gz': CMAKE_PREFIX_PATH=${CMAKE_PREFIX_PATH}:/opt/ros/jazzy DEBUGINFOD_URLS=https://debuginfod.ubuntu.com /usr/bin/cmake /home/luca002/proj_ws/src/vrx/vrx_gz -DAMENT_CMAKE_SYMLINK_INSTALL=1 -DCMAKE_INSTALL_PREFIX=/home/luca002/proj_ws/install/vrx_gz
[0.518s] -- The C compiler identification is GNU 13.3.0
[0.563s] -- The CXX compiler identification is GNU 13.3.0
[0.576s] -- Detecting C compiler ABI info
[0.640s] -- Detecting C compiler ABI info - done
[0.647s] -- Check for working C compiler: /usr/bin/cc - skipped
[0.647s] -- Detecting C compile features
[0.647s] -- Detecting C compile features - done
[0.654s] -- Detecting CXX compiler ABI info
[0.723s] -- Detecting CXX compiler ABI info - done
[0.730s] -- Check for working CXX compiler: /usr/bin/c++ - skipped
[0.730s] -- Detecting CXX compile features
[0.730s] -- Detecting CXX compile features - done
[0.733s] -- Found ament_cmake: 2.5.4 (/opt/ros/jazzy/share/ament_cmake/cmake)
[0.851s] -- Found Python3: /usr/bin/python3 (found version "3.12.3") found components: Interpreter 
[0.907s] -- Override CMake install command with custom implementation using symlinks instead of copying resources
[0.972s] -- Looking for gz-sim8 -- found version 8.9.0
[0.982s] -- Searching for dependencies of gz-sim8
[0.983s] -- Looking for sdformat14 -- found version 14.7.0
[0.983s] -- Searching for dependencies of sdformat14
[0.989s] -- Checking for module 'tinyxml2'
[1.006s] --   Found tinyxml2, version 10.0.0
[1.037s] -- Looking for gz-math7 -- found version 7.5.2
[1.037s] -- Searching for dependencies of gz-math7
[1.041s] -- Looking for gz-utils2 -- found version 2.2.1
[1.041s] -- Searching for dependencies of gz-utils2
[1.044s] -- Looking for gz-utils2 -- found version 2.2.1
[1.044s] -- Searching for dependencies of gz-utils2
[1.044s] -- Searching for <gz-utils2> component [cli]
[1.047s] -- Looking for gz-utils2-cli -- found version 2.2.1
[1.047s] -- Searching for dependencies of gz-utils2-cli
[1.052s] -- Looking for gz-plugin2 -- found version 2.0.4
[1.052s] -- Searching for dependencies of gz-plugin2
[1.052s] -- Looking for gz-utils2 -- found version 2.2.1
[1.053s] -- Searching for <gz-plugin2> component [loader]
[1.056s] -- Looking for gz-plugin2-loader -- found version 2.0.4
[1.056s] -- Searching for dependencies of gz-plugin2-loader
[1.057s] -- Searching for <gz-plugin2> component [register]
[1.060s] -- Looking for gz-plugin2-register -- found version 2.0.4
[1.060s] -- Searching for dependencies of gz-plugin2-register
[1.064s] -- Looking for gz-transport13 -- found version 13.4.1
[1.064s] -- Searching for dependencies of gz-transport13
[1.217s] -- Found Protobuf: /usr/lib/x86_64-linux-gnu/libprotobuf.so (found version "3.21.12") 
[1.227s] -- Config-file not installed for ZeroMQ -- checking for pkg-config
[1.231s] -- Checking for module 'libzmq >= 4'
[1.246s] --   Found libzmq, version 4.3.5
[1.280s] -- Found ZeroMQ: TRUE (Required is at least version "4") 
[1.287s] -- Checking for module 'uuid'
[1.302s] --   Found uuid, version 2.39.3
[1.328s] -- Found UUID: TRUE  
[1.329s] -- Looking for gz-utils2 -- found version 2.2.1
[1.332s] -- Looking for gz-msgs10 -- found version 10.3.2
[1.332s] -- Searching for dependencies of gz-msgs10
[1.355s] -- Looking for gz-utils2 -- found version 2.2.1
[1.355s] -- Looking for gz-math7 -- found version 7.5.2
[1.365s] -- Searching for <gz-transport13> component [log]
[1.368s] -- Looking for gz-transport13-log -- found version 13.4.1
[1.368s] -- Searching for dependencies of gz-transport13-log
[1.369s] -- Searching for <gz-transport13> component [parameters]
[1.370s] -- Looking for gz-transport13-parameters -- found version 13.4.1
[1.370s] -- Searching for dependencies of gz-transport13-parameters
[1.371s] -- Looking for gz-msgs10 -- found version 10.3.2
[1.374s] -- Looking for gz-common5 -- found version 5.7.1
[1.374s] -- Searching for dependencies of gz-common5
[1.374s] -- Looking for gz-utils2 -- found version 2.2.1
[1.375s] -- Looking for dlfcn.h - found
[1.376s] -- Looking for libdl - found
[1.377s] -- Found DL: TRUE  
[1.383s] -- Searching for <gz-common5> component [av]
[1.385s] -- Looking for gz-common5-av -- found version 5.7.1
[1.385s] -- Searching for dependencies of gz-common5-av
[1.389s] -- Checking for module 'libswscale'
[1.405s] --   Found libswscale, version 7.5.100
[1.433s] -- Found SWSCALE: TRUE  
[1.439s] -- Checking for module 'libavdevice >= 56.4.100'
[1.451s] --   Found libavdevice, version 60.3.100
[1.485s] -- Found AVDEVICE: TRUE (Required is at least version "56.4.100") 
[1.489s] -- Checking for module 'libavformat'
[1.501s] --   Found libavformat, version 60.16.100
[1.528s] -- Found AVFORMAT: TRUE  
[1.533s] -- Checking for module 'libavcodec'
[1.544s] --   Found libavcodec, version 60.31.102
[1.571s] -- Found AVCODEC: TRUE  
[1.575s] -- Checking for module 'libavutil'
[1.586s] --   Found libavutil, version 58.29.100
[1.615s] -- Found AVUTIL: TRUE  
[1.616s] -- Searching for <gz-common5> component [events]
[1.619s] -- Looking for gz-common5-events -- found version 5.7.1
[1.619s] -- Searching for dependencies of gz-common5-events
[1.619s] -- Looking for gz-math7 -- found version 7.5.2
[1.620s] -- Searching for <gz-common5> component [graphics]
[1.623s] -- Looking for gz-common5-graphics -- found version 5.7.1
[1.623s] -- Searching for dependencies of gz-common5-graphics
[1.623s] -- Looking for gz-math7 -- found version 7.5.2
[1.629s] -- Found GzAssimp: TRUE (found version "5.3.0") 
[1.629s] -- Searching for <gz-common5> component [io]
[1.632s] -- Looking for gz-common5-io -- found version 5.7.1
[1.632s] -- Searching for dependencies of gz-common5-io
[1.632s] -- Searching for <gz-common5> component [profiler]
[1.635s] -- Looking for gz-common5-profiler -- found version 5.7.1
[1.635s] -- Searching for dependencies of gz-common5-profiler
[1.637s] -- Looking for gz-fuel_tools9 -- found version 9.1.1
[1.637s] -- Searching for dependencies of gz-fuel_tools9
[1.727s] -- Found CURL: /usr/lib/x86_64-linux-gnu/libcurl.so (found version "8.5.0")  
[1.738s] -- Checking for module 'jsoncpp'
[1.756s] --   Found jsoncpp, version 1.9.5
[1.785s] -- Found JSONCPP: TRUE  
[1.801s] -- Checking for module 'yaml-0.1'
[1.812s] --   Found yaml-0.1, version 0.2.5
[1.836s] -- Found YAML: TRUE  
[1.839s] -- Checking for module 'libzip'
[1.849s] --   Found libzip, version 1.7.3
[1.870s] -- Found ZIP: TRUE  
[1.870s] -- Looking for gz-utils2 -- found version 2.2.1
[1.871s] -- Looking for gz-common5 -- found version 5.7.1
[1.871s] -- Searching for dependencies of gz-common5
[1.871s] -- Looking for gz-utils2 -- found version 2.2.1
[1.871s] -- Looking for dlfcn.h - found
[1.871s] -- Looking for libdl - found
[1.876s] -- Searching for <gz-common5> component [testing]
[1.878s] -- Looking for gz-common5-testing -- found version 5.7.1
[1.878s] -- Searching for dependencies of gz-common5-testing
[1.879s] -- Looking for gz-math7 -- found version 7.5.2
[1.879s] -- Looking for gz-msgs10 -- found version 10.3.2
[1.881s] -- Looking for gz-gui8 -- found version 8.4.0
[1.882s] -- Searching for dependencies of gz-gui8
[1.901s] -- Looking for gz-utils2 -- found version 2.2.1
[1.901s] -- Looking for gz-math7 -- found version 7.5.2
[1.901s] -- Looking for gz-common5 -- found version 5.7.1
[1.902s] -- Looking for gz-plugin2 -- found version 2.0.4
[1.902s] -- Looking for gz-transport13 -- found version 13.4.1
[1.904s] -- Looking for gz-rendering8 -- found version 8.2.2
[1.904s] -- Searching for dependencies of gz-rendering8
[1.905s] -- Looking for gz-math7 -- found version 7.5.2
[1.905s] -- Searching for dependencies of gz-math7
[1.905s] -- Looking for gz-utils2 -- found version 2.2.1
[1.905s] -- Searching for <gz-math7> component [eigen3]
[1.907s] -- Looking for gz-math7-eigen3 -- found version 7.5.2
[1.907s] -- Searching for dependencies of gz-math7-eigen3
[1.915s] -- Looking for gz-common5 -- found version 5.7.1
[1.915s] -- Searching for dependencies of gz-common5
[1.915s] -- Looking for gz-utils2 -- found version 2.2.1
[1.915s] -- Looking for dlfcn.h - found
[1.915s] -- Looking for libdl - found
[1.921s] -- Searching for <gz-common5> component [graphics]
[1.921s] -- Searching for <gz-common5> component [events]
[1.921s] -- Searching for <gz-common5> component [geospatial]
[1.922s] -- Looking for gz-common5-geospatial -- found version 5.7.1
[1.922s] -- Searching for dependencies of gz-common5-geospatial
[1.923s] -- Looking for gz-math7 -- found version 7.5.2
[1.923s] -- Looking for gz-common5 -- found version 5.7.1
[1.924s] -- Looking for gz-plugin2 -- found version 2.0.4
[1.924s] -- Searching for dependencies of gz-plugin2
[1.924s] -- Looking for gz-utils2 -- found version 2.2.1
[1.924s] -- Searching for <gz-plugin2> component [all]
[1.926s] -- Looking for all libraries of gz-plugin2 -- found version 2.0.4
[1.926s] -- Looking for gz-plugin2 -- found version 2.0.4
[1.927s] -- Looking for gz-utils2 -- found version 2.2.1
[1.937s] -- Found OpenGL: /usr/lib/x86_64-linux-gnu/libOpenGL.so  found components: OpenGL 
[1.938s] -- Looking for gz-msgs10 -- found version 10.3.2
[1.968s] -- Looking for gz-physics7 -- found version 7.5.0
[1.968s] -- Searching for dependencies of gz-physics7
[1.968s] -- Looking for gz-common5 -- found version 5.7.1
[1.968s] -- Looking for gz-math7 -- found version 7.5.2
[1.969s] -- Looking for gz-plugin2 -- found version 2.0.4
[1.969s] -- Looking for gz-utils2 -- found version 2.2.1
[1.970s] -- Searching for <gz-physics7> component [heightmap]
[1.971s] -- Looking for gz-physics7-heightmap -- found version 7.5.0
[1.971s] -- Searching for dependencies of gz-physics7-heightmap
[1.972s] -- Looking for gz-common5 -- found version 5.7.1
[1.972s] -- Searching for <gz-physics7> component [mesh]
[1.973s] -- Looking for gz-physics7-mesh -- found version 7.5.0
[1.974s] -- Searching for dependencies of gz-physics7-mesh
[1.974s] -- Looking for gz-common5 -- found version 5.7.1
[1.974s] -- Searching for <gz-physics7> component [sdf]
[1.976s] -- Looking for gz-physics7-sdf -- found version 7.5.0
[1.976s] -- Searching for dependencies of gz-physics7-sdf
[1.976s] -- Looking for sdformat14 -- found version 14.7.0
[1.979s] -- Looking for gz-sensors8 -- found version 8.2.2
[1.979s] -- Searching for dependencies of gz-sensors8
[1.994s] -- Looking for gz-math7 -- found version 7.5.2
[1.995s] -- Looking for gz-common5 -- found version 5.7.1
[1.995s] -- Looking for gz-transport13 -- found version 13.4.1
[1.995s] -- Looking for gz-rendering8 -- found version 8.2.2
[1.995s] -- Looking for gz-msgs10 -- found version 10.3.2
[1.996s] -- Looking for sdformat14 -- found version 14.7.0
[1.997s] -- Searching for <gz-sensors8> component [air_pressure]
[1.998s] -- Looking for gz-sensors8-air_pressure -- found version 8.2.2
[1.998s] -- Searching for dependencies of gz-sensors8-air_pressure
[1.999s] -- Searching for <gz-sensors8> component [air_speed]
[2.000s] -- Looking for gz-sensors8-air_speed -- found version 8.2.2
[2.000s] -- Searching for dependencies of gz-sensors8-air_speed
[2.001s] -- Searching for <gz-sensors8> component [altimeter]
[2.002s] -- Looking for gz-sensors8-altimeter -- found version 8.2.2
[2.002s] -- Searching for dependencies of gz-sensors8-altimeter
[2.003s] -- Searching for <gz-sensors8> component [imu]
[2.004s] -- Looking for gz-sensors8-imu -- found version 8.2.2
[2.004s] -- Searching for dependencies of gz-sensors8-imu
[2.005s] -- Searching for <gz-sensors8> component [force_torque]
[2.006s] -- Looking for gz-sensors8-force_torque -- found version 8.2.2
[2.006s] -- Searching for dependencies of gz-sensors8-force_torque
[2.007s] -- Searching for <gz-sensors8> component [logical_camera]
[2.009s] -- Looking for gz-sensors8-logical_camera -- found version 8.2.2
[2.009s] -- Searching for dependencies of gz-sensors8-logical_camera
[2.010s] -- Searching for <gz-sensors8> component [magnetometer]
[2.012s] -- Looking for gz-sensors8-magnetometer -- found version 8.2.2
[2.012s] -- Searching for dependencies of gz-sensors8-magnetometer
[2.013s] -- Searching for <gz-sensors8> component [navsat]
[2.015s] -- Looking for gz-sensors8-navsat -- found version 8.2.2
[2.015s] -- Searching for dependencies of gz-sensors8-navsat
[2.015s] -- Searching for <gz-sensors8> component [dvl]
[2.017s] -- Looking for gz-sensors8-dvl -- found version 8.2.2
[2.017s] -- Searching for dependencies of gz-sensors8-dvl
[2.017s] -- Looking for gz-sensors8 -- found version 8.2.2
[2.017s] -- Searching for dependencies of gz-sensors8
[2.032s] -- Looking for gz-math7 -- found version 7.5.2
[2.032s] -- Looking for gz-common5 -- found version 5.7.1
[2.032s] -- Looking for gz-transport13 -- found version 13.4.1
[2.033s] -- Looking for gz-rendering8 -- found version 8.2.2
[2.033s] -- Looking for gz-msgs10 -- found version 10.3.2
[2.033s] -- Looking for sdformat14 -- found version 14.7.0
[2.033s] -- Searching for <gz-sensors8> component [rendering]
[2.035s] -- Looking for gz-sensors8-rendering -- found version 8.2.2
[2.035s] -- Searching for dependencies of gz-sensors8-rendering
[2.036s] -- Searching for <gz-sensors8> component [rendering]
[2.036s] -- Searching for <gz-sensors8> component [lidar]
[2.037s] -- Looking for gz-sensors8-lidar -- found version 8.2.2
[2.037s] -- Searching for dependencies of gz-sensors8-lidar
[2.037s] -- Looking for gz-sensors8 -- found version 8.2.2
[2.038s] -- Searching for <gz-sensors8> component [gpu_lidar]
[2.039s] -- Looking for gz-sensors8-gpu_lidar -- found version 8.2.2
[2.039s] -- Searching for dependencies of gz-sensors8-gpu_lidar
[2.039s] -- Looking for gz-sensors8 -- found version 8.2.2
[2.040s] -- Searching for <gz-sensors8> component [camera]
[2.041s] -- Looking for gz-sensors8-camera -- found version 8.2.2
[2.041s] -- Searching for dependencies of gz-sensors8-camera
[2.042s] -- Looking for gz-sensors8 -- found version 8.2.2
[2.042s] -- Searching for <gz-sensors8> component [boundingbox_camera]
[2.043s] -- Looking for gz-sensors8-boundingbox_camera -- found version 8.2.2
[2.043s] -- Searching for dependencies of gz-sensors8-boundingbox_camera
[2.044s] -- Searching for <gz-sensors8> component [segmentation_camera]
[2.045s] -- Looking for gz-sensors8-segmentation_camera -- found version 8.2.2
[2.045s] -- Searching for dependencies of gz-sensors8-segmentation_camera
[2.046s] -- Searching for <gz-sensors8> component [depth_camera]
[2.047s] -- Looking for gz-sensors8-depth_camera -- found version 8.2.2
[2.047s] -- Searching for dependencies of gz-sensors8-depth_camera
[2.047s] -- Looking for gz-sensors8 -- found version 8.2.2
[2.048s] -- Searching for <gz-sensors8> component [rgbd_camera]
[2.049s] -- Looking for gz-sensors8-rgbd_camera -- found version 8.2.2
[2.049s] -- Searching for dependencies of gz-sensors8-rgbd_camera
[2.049s] -- Looking for gz-sensors8 -- found version 8.2.2
[2.050s] -- Searching for <gz-sensors8> component [thermal_camera]
[2.051s] -- Looking for gz-sensors8-thermal_camera -- found version 8.2.2
[2.051s] -- Searching for dependencies of gz-sensors8-thermal_camera
[2.051s] -- Looking for gz-sensors8 -- found version 8.2.2
[2.052s] -- Searching for <gz-sensors8> component [wide_angle_camera]
[2.053s] -- Looking for gz-sensors8-wide_angle_camera -- found version 8.2.2
[2.053s] -- Searching for dependencies of gz-sensors8-wide_angle_camera
[2.054s] -- Looking for gz-rendering8 -- found version 8.2.2
[2.054s] -- Looking for gz-math7 -- found version 7.5.2
[2.055s] -- Looking for gz-utils2 -- found version 2.2.1
[2.070s] -- Looking for gz-common5 -- found version 5.7.1
[2.070s] -- Looking for gz-fuel_tools9 -- found version 9.1.1
[2.070s] -- Looking for gz-math7 -- found version 7.5.2
[2.071s] -- Looking for gz-msgs10 -- found version 10.3.2
[2.071s] -- Looking for gz-transport13 -- found version 13.4.1
[2.071s] -- Looking for gz-plugin2 -- found version 2.0.4
[2.072s] -- Looking for gz-rendering8 -- found version 8.2.2
[2.072s] -- Looking for gz-sensors8 -- found version 8.2.2
[2.072s] -- Looking for gz-utils2 -- found version 2.2.1
[2.073s] -- Looking for sdformat14 -- found version 14.7.0
[2.075s] -- Found std_msgs: 5.3.6 (/opt/ros/jazzy/share/std_msgs/cmake)
[2.110s] -- Found rosidl_generator_c: 4.6.5 (/opt/ros/jazzy/share/rosidl_generator_c/cmake)
[2.122s] -- Found rosidl_generator_cpp: 4.6.5 (/opt/ros/jazzy/share/rosidl_generator_cpp/cmake)
[2.137s] -- Using all available rosidl_typesupport_c: rosidl_typesupport_fastrtps_c;rosidl_typesupport_introspection_c
[2.152s] -- Using all available rosidl_typesupport_cpp: rosidl_typesupport_fastrtps_cpp;rosidl_typesupport_introspection_cpp
[2.321s] -- Configuring done (1.8s)
[2.434s] -- Generating done (0.1s)
[2.467s] -- Build files have been written to: /home/luca002/proj_ws/build/vrx_gz
[2.483s] Invoked command in '/home/luca002/proj_ws/build/vrx_gz' returned '0': CMAKE_PREFIX_PATH=${CMAKE_PREFIX_PATH}:/opt/ros/jazzy DEBUGINFOD_URLS=https://debuginfod.ubuntu.com /usr/bin/cmake /home/luca002/proj_ws/src/vrx/vrx_gz -DAMENT_CMAKE_SYMLINK_INSTALL=1 -DCMAKE_INSTALL_PREFIX=/home/luca002/proj_ws/install/vrx_gz
[2.485s] Invoking command in '/home/luca002/proj_ws/build/vrx_gz': CMAKE_PREFIX_PATH=${CMAKE_PREFIX_PATH}:/opt/ros/jazzy DEBUGINFOD_URLS=https://debuginfod.ubuntu.com /usr/bin/cmake --build /home/luca002/proj_ws/build/vrx_gz -- -j16 -l16
[2.533s] [  2%] [32mBuilding CXX object CMakeFiles/Waves.dir/src/Wavefield.cc.o[0m
[2.533s] [  4%] [32mBuilding CXX object CMakeFiles/ScoringPlugin.dir/src/ScoringPlugin.cc.o[0m
[2.548s] [  4%] Built target ament_cmake_python_symlink_vrx_gz
[2.756s] running egg_info
[2.757s] creating vrx_gz.egg-info
[2.771s] writing vrx_gz.egg-info/PKG-INFO
[2.771s] writing dependency_links to vrx_gz.egg-info/dependency_links.txt
[2.772s] writing top-level names to vrx_gz.egg-info/top_level.txt
[2.772s] writing manifest file 'vrx_gz.egg-info/SOURCES.txt'
[2.819s] reading manifest file 'vrx_gz.egg-info/SOURCES.txt'
[2.819s] writing manifest file 'vrx_gz.egg-info/SOURCES.txt'
[2.840s] [  4%] Built target ament_cmake_python_build_vrx_gz_egg
[5.351s] [  6%] [32m[1mLinking CXX shared library libWaves.so[0m
[5.498s] [  6%] Built target Waves
[5.515s] [ 12%] [32mBuilding CXX object CMakeFiles/PolyhedraBuoyancyDrag.dir/src/PolyhedronVolume.cc.o[0m
[5.515s] [ 12%] [32mBuilding CXX object CMakeFiles/PolyhedraBuoyancyDrag.dir/src/ShapeVolume.cc.o[0m
[5.515s] [ 12%] [32mBuilding CXX object CMakeFiles/PolyhedraBuoyancyDrag.dir/src/PolyhedraBuoyancyDrag.cc.o[0m
[6.385s] [ 14%] [32m[1mLinking CXX shared library libScoringPlugin.so[0m
[6.544s] [ 14%] Built target ScoringPlugin
[6.566s] [ 16%] [32mBuilding CXX object CMakeFiles/AcousticTrackingScoringPlugin.dir/src/AcousticTrackingScoringPlugin.cc.o[0m
[6.566s] [ 18%] [32mBuilding CXX object CMakeFiles/AcousticPingerPlugin.dir/src/AcousticPingerPlugin.cc.o[0m
[6.566s] [ 22%] [32mBuilding CXX object CMakeFiles/AcousticPerceptionScoringPlugin.dir/src/AcousticPerceptionScoringPlugin.cc.o[0m
[6.566s] [ 22%] [32mBuilding CXX object CMakeFiles/WayfindingScoringPlugin.dir/src/WayfindingScoringPlugin.cc.o[0m
[6.566s] [ 25%] [32mBuilding CXX object CMakeFiles/BallShooterPlugin.dir/src/BallShooterPlugin.cc.o[0m
[6.567s] [ 27%] [32mBuilding CXX object CMakeFiles/StationkeepingScoringPlugin.dir/src/StationkeepingScoringPlugin.cc.o[0m
[6.567s] [ 29%] [32mBuilding CXX object CMakeFiles/PlacardPlugin.dir/src/PlacardPlugin.cc.o[0m
[6.567s] [ 31%] [32mBuilding CXX object CMakeFiles/SimpleHydrodynamics.dir/src/SimpleHydrodynamics.cc.o[0m
[6.567s] [ 33%] [32mBuilding CXX object CMakeFiles/NavigationScoringPlugin.dir/src/NavigationScoringPlugin.cc.o[0m
[6.567s] [ 35%] [32mBuilding CXX object CMakeFiles/PerceptionScoringPlugin.dir/src/PerceptionScoringPlugin.cc.o[0m
[6.568s] [ 37%] [32mBuilding CXX object CMakeFiles/ScanDockScoringPlugin.dir/src/ScanDockScoringPlugin.cc.o[0m
[6.568s] [ 39%] [32mBuilding CXX object CMakeFiles/LightBuoyPlugin.dir/src/LightBuoyPlugin.cc.o[0m
[6.568s] [ 41%] [32mBuilding CXX object CMakeFiles/PublisherPlugin.dir/src/PublisherPlugin.cc.o[0m
[6.570s] [ 43%] [32mBuilding CXX object CMakeFiles/GymkhanaScoringPlugin.dir/src/GymkhanaScoringPlugin.cc.o[0m
[6.651s] [ 45%] [32mBuilding CXX object CMakeFiles/AcousticTrackingScoringPlugin.dir/src/WaypointMarkers.cc.o[0m
[11.233s] [ 47%] [32m[1mLinking CXX shared library libPublisherPlugin.so[0m
[11.307s] [ 50%] [32mBuilding CXX object CMakeFiles/AcousticPerceptionScoringPlugin.dir/src/WaypointMarkers.cc.o[0m
[11.539s] [ 50%] Built target PublisherPlugin
[11.549s] [ 52%] [32mBuilding CXX object CMakeFiles/WayfindingScoringPlugin.dir/src/WaypointMarkers.cc.o[0m
[11.652s] [ 54%] [32m[1mLinking CXX shared library libLightBuoyPlugin.so[0m
[12.102s] [ 54%] Built target LightBuoyPlugin
[12.120s] [ 56%] [32mBuilding CXX object CMakeFiles/StationkeepingScoringPlugin.dir/src/WaypointMarkers.cc.o[0m
[12.121s] [ 58%] [32m[1mLinking CXX shared library libPolyhedraBuoyancyDrag.so[0m
[12.295s] [ 60%] [32m[1mLinking CXX shared library libGymkhanaScoringPlugin.so[0m
[12.421s] [ 62%] [32m[1mLinking CXX shared library libPlacardPlugin.so[0m
[12.504s] [ 64%] [32m[1mLinking CXX shared library libSimpleHydrodynamics.so[0m
[12.613s] [ 64%] Built target PolyhedraBuoyancyDrag
[12.649s] [ 66%] [32mBuilding CXX object CMakeFiles/Surface.dir/src/Surface.cc.o[0m
[12.798s] [ 66%] Built target GymkhanaScoringPlugin
[12.832s] [ 68%] [32mBuilding CXX object CMakeFiles/USVWind.dir/src/USVWind.cc.o[0m
[12.865s] [ 68%] Built target SimpleHydrodynamics
[12.899s] [ 68%] Built target PlacardPlugin
[12.899s] [ 70%] [32mBuilding CXX object CMakeFiles/WaveVisual.dir/src/WaveVisual.cc.o[0m
[12.928s] [ 72%] [32mBuilding CXX object CMakeFiles/WildlifeScoringPlugin.dir/src/WildlifeScoringPlugin.cc.o[0m
[14.405s] [ 75%] [32m[1mLinking CXX shared library libAcousticPingerPlugin.so[0m
[14.813s] [ 77%] [32m[1mLinking CXX shared library libPerceptionScoringPlugin.so[0m
[14.831s] [ 79%] [32m[1mLinking CXX shared library libAcousticTrackingScoringPlugin.so[0m
[14.930s] [ 79%] Built target AcousticPingerPlugin
[15.324s] [ 81%] [32m[1mLinking CXX shared library libNavigationScoringPlugin.so[0m
[15.332s] [ 81%] Built target PerceptionScoringPlugin
[15.378s] [ 81%] Built target AcousticTrackingScoringPlugin
[15.531s] [ 81%] Built target NavigationScoringPlugin
[15.747s] [ 83%] [32m[1mLinking CXX shared library libAcousticPerceptionScoringPlugin.so[0m
[15.747s] [ 85%] [32m[1mLinking CXX shared library libScanDockScoringPlugin.so[0m
[16.017s] [ 85%] Built target AcousticPerceptionScoringPlugin
[16.021s] [ 87%] [32m[1mLinking CXX shared library libWayfindingScoringPlugin.so[0m
[16.023s] [ 87%] Built target ScanDockScoringPlugin
[16.233s] [ 89%] [32m[1mLinking CXX shared library libBallShooterPlugin.so[0m
[16.250s] [ 89%] Built target WayfindingScoringPlugin
[16.364s] [ 91%] [32m[1mLinking CXX shared library libStationkeepingScoringPlugin.so[0m
[16.455s] [ 91%] Built target BallShooterPlugin
[16.585s] [ 91%] Built target StationkeepingScoringPlugin
[17.210s] [ 93%] [32m[1mLinking CXX shared library libSurface.so[0m
[17.387s] [ 93%] Built target Surface
[18.611s] [ 95%] [32m[1mLinking CXX shared library libWildlifeScoringPlugin.so[0m
[18.788s] [ 97%] [32m[1mLinking CXX shared library libWaveVisual.so[0m
[18.790s] [ 97%] Built target WildlifeScoringPlugin
[18.933s] [100%] [32m[1mLinking CXX shared library libUSVWind.so[0m
[18.964s] [100%] Built target WaveVisual
[19.083s] [100%] Built target USVWind
[19.095s] Invoked command in '/home/luca002/proj_ws/build/vrx_gz' returned '0': CMAKE_PREFIX_PATH=${CMAKE_PREFIX_PATH}:/opt/ros/jazzy DEBUGINFOD_URLS=https://debuginfod.ubuntu.com /usr/bin/cmake --build /home/luca002/proj_ws/build/vrx_gz -- -j16 -l16
[19.096s] Invoking command in '/home/luca002/proj_ws/build/vrx_gz': CMAKE_PREFIX_PATH=${CMAKE_PREFIX_PATH}:/opt/ros/jazzy DEBUGINFOD_URLS=https://debuginfod.ubuntu.com /usr/bin/cmake --install /home/luca002/proj_ws/build/vrx_gz
[19.102s] -- Install configuration: ""
[19.103s] -- Execute custom install script
[19.103s] -- Symlinking: /home/luca002/proj_ws/install/vrx_gz/share/vrx_gz/environment/resource_paths.dsv
[19.109s] -- Symlinking: /home/luca002/proj_ws/install/vrx_gz/share/vrx_gz/environment/resource_paths.sh
[19.114s] -- Symlinking: /home/luca002/proj_ws/install/vrx_gz/lib/libWaves.so
[19.120s] -- Symlinking: /home/luca002/proj_ws/install/vrx_gz/lib/libPolyhedraBuoyancyDrag.so
[19.125s] -- Symlinking: /home/luca002/proj_ws/install/vrx_gz/lib/libScoringPlugin.so
[19.130s] -- Symlinking: /home/luca002/proj_ws/install/vrx_gz/lib/libStationkeepingScoringPlugin.so
[19.136s] -- Symlinking: /home/luca002/proj_ws/install/vrx_gz/lib/libWayfindingScoringPlugin.so
[19.141s] -- Symlinking: /home/luca002/proj_ws/install/vrx_gz/lib/libAcousticPerceptionScoringPlugin.so
[19.146s] -- Symlinking: /home/luca002/proj_ws/install/vrx_gz/lib/libAcousticTrackingScoringPlugin.so
[19.151s] -- Symlinking: /home/luca002/proj_ws/install/vrx_gz/lib/libAcousticPingerPlugin.so
[19.157s] -- Symlinking: /home/luca002/proj_ws/install/vrx_gz/lib/libBallShooterPlugin.so
[19.162s] -- Symlinking: /home/luca002/proj_ws/install/vrx_gz/lib/libLightBuoyPlugin.so
[19.167s] -- Symlinking: /home/luca002/proj_ws/install/vrx_gz/lib/libNavigationScoringPlugin.so
[19.172s] -- Symlinking: /home/luca002/proj_ws/install/vrx_gz/lib/libGymkhanaScoringPlugin.so
[19.177s] -- Symlinking: /home/luca002/proj_ws/install/vrx_gz/lib/libPerceptionScoringPlugin.so
[19.182s] -- Symlinking: /home/luca002/proj_ws/install/vrx_gz/lib/libPlacardPlugin.so
[19.189s] -- Symlinking: /home/luca002/proj_ws/install/vrx_gz/lib/libPublisherPlugin.so
[19.196s] -- Symlinking: /home/luca002/proj_ws/install/vrx_gz/lib/libScanDockScoringPlugin.so
[19.203s] -- Symlinking: /home/luca002/proj_ws/install/vrx_gz/lib/libSimpleHydrodynamics.so
[19.208s] -- Symlinking: /home/luca002/proj_ws/install/vrx_gz/lib/libSurface.so
[19.213s] -- Symlinking: /home/luca002/proj_ws/install/vrx_gz/lib/libUSVWind.so
[19.219s] -- Symlinking: /home/luca002/proj_ws/install/vrx_gz/lib/libWaveVisual.so
[19.224s] -- Symlinking: /home/luca002/proj_ws/install/vrx_gz/lib/libWildlifeScoringPlugin.so
[19.229s] -- Symlinking: /home/luca002/proj_ws/install/vrx_gz/share/vrx_gz/environment/pythonpath.sh
[19.234s] -- Symlinking: /home/luca002/proj_ws/install/vrx_gz/share/vrx_gz/environment/pythonpath.dsv
[19.240s] -- Symlinking: /home/luca002/proj_ws/install/vrx_gz/lib/python3.12/site-packages/vrx_gz-0.0.0-py3.12.egg-info/PKG-INFO
[19.245s] -- Symlinking: /home/luca002/proj_ws/install/vrx_gz/lib/python3.12/site-packages/vrx_gz-0.0.0-py3.12.egg-info/SOURCES.txt
[19.250s] -- Symlinking: /home/luca002/proj_ws/install/vrx_gz/lib/python3.12/site-packages/vrx_gz-0.0.0-py3.12.egg-info/dependency_links.txt
[19.255s] -- Symlinking: /home/luca002/proj_ws/install/vrx_gz/lib/python3.12/site-packages/vrx_gz-0.0.0-py3.12.egg-info/top_level.txt
[19.260s] -- Symlinking: /home/luca002/proj_ws/install/vrx_gz/lib/python3.12/site-packages/vrx_gz/__init__.py
[19.265s] -- Symlinking: /home/luca002/proj_ws/install/vrx_gz/lib/python3.12/site-packages/vrx_gz/bridge.py
[19.270s] -- Symlinking: /home/luca002/proj_ws/install/vrx_gz/lib/python3.12/site-packages/vrx_gz/bridges.py
[19.275s] -- Symlinking: /home/luca002/proj_ws/install/vrx_gz/lib/python3.12/site-packages/vrx_gz/launch.py
[19.284s] -- Symlinking: /home/luca002/proj_ws/install/vrx_gz/lib/python3.12/site-packages/vrx_gz/model.py
[19.290s] -- Symlinking: /home/luca002/proj_ws/install/vrx_gz/lib/python3.12/site-packages/vrx_gz/payload_bridges.py
[19.298s] -- Symlinking: /home/luca002/proj_ws/install/vrx_gz/share/vrx_gz/config/roboboat.yaml
[19.304s] -- Symlinking: /home/luca002/proj_ws/install/vrx_gz/share/vrx_gz/config/wamv.yaml
[19.309s] -- Symlinking: /home/luca002/proj_ws/install/vrx_gz/share/vrx_gz/launch/competition.launch.py
[19.314s] -- Symlinking: /home/luca002/proj_ws/install/vrx_gz/share/vrx_gz/launch/spawn.launch.py
[19.320s] -- Symlinking: /home/luca002/proj_ws/install/vrx_gz/share/vrx_gz/launch/spawn_config.launch.py
[19.325s] -- Symlinking: /home/luca002/proj_ws/install/vrx_gz/share/vrx_gz/launch/usv_joy_teleop.py
[19.330s] -- Symlinking: /home/luca002/proj_ws/install/vrx_gz/share/vrx_gz/launch/vrx_environment.launch.py
[19.336s] -- Symlinking: /home/luca002/proj_ws/install/vrx_gz/share/vrx_gz/models/3d_lidar/mesh/3d_Lidar_Albedo.png
[19.341s] -- Symlinking: /home/luca002/proj_ws/install/vrx_gz/share/vrx_gz/models/3d_lidar/mesh/3d_Lidar_Metalness.png
[19.348s] -- Symlinking: /home/luca002/proj_ws/install/vrx_gz/share/vrx_gz/models/3d_lidar/mesh/3d_Lidar_Normal.png
[19.355s] -- Symlinking: /home/luca002/proj_ws/install/vrx_gz/share/vrx_gz/models/3d_lidar/mesh/3d_Lidar_Roughness.png
[19.362s] -- Symlinking: /home/luca002/proj_ws/install/vrx_gz/share/vrx_gz/models/3d_lidar/mesh/3d_lidar.dae
[19.371s] -- Symlinking: /home/luca002/proj_ws/install/vrx_gz/share/vrx_gz/models/3d_lidar/mesh/3d_lidar.png
[19.379s] -- Symlinking: /home/luca002/proj_ws/install/vrx_gz/share/vrx_gz/models/3d_lidar/model.config
[19.384s] -- Symlinking: /home/luca002/proj_ws/install/vrx_gz/share/vrx_gz/models/3d_lidar/model.sdf
[19.391s] -- Symlinking: /home/luca002/proj_ws/install/vrx_gz/share/vrx_gz/models/articulated_platform/model.config
[19.399s] -- Symlinking: /home/luca002/proj_ws/install/vrx_gz/share/vrx_gz/models/articulated_platform/model.sdf
[19.405s] -- Symlinking: /home/luca002/proj_ws/install/vrx_gz/share/vrx_gz/models/ball_shooter/materials/Textures/Launcher_Albedo.png
[19.410s] -- Symlinking: /home/luca002/proj_ws/install/vrx_gz/share/vrx_gz/models/ball_shooter/materials/Textures/Launcher_Metalness.png
[19.415s] -- Symlinking: /home/luca002/proj_ws/install/vrx_gz/share/vrx_gz/models/ball_shooter/materials/Textures/Launcher_Normal.png
[19.420s] -- Symlinking: /home/luca002/proj_ws/install/vrx_gz/share/vrx_gz/models/ball_shooter/materials/Textures/Launcher_Roughness.png
[19.426s] -- Symlinking: /home/luca002/proj_ws/install/vrx_gz/share/vrx_gz/models/ball_shooter/meshes/Launcher_Albedo.png
[19.431s] -- Symlinking: /home/luca002/proj_ws/install/vrx_gz/share/vrx_gz/models/ball_shooter/meshes/Launcher_BaseColor.png
[19.436s] -- Symlinking: /home/luca002/proj_ws/install/vrx_gz/share/vrx_gz/models/ball_shooter/meshes/ball_shooter_base.dae
[19.441s] -- Symlinking: /home/luca002/proj_ws/install/vrx_gz/share/vrx_gz/models/ball_shooter/meshes/ball_shooter_launcher.dae
[19.446s] -- Symlinking: /home/luca002/proj_ws/install/vrx_gz/share/vrx_gz/models/ball_shooter/model.config
[19.451s] -- Symlinking: /home/luca002/proj_ws/install/vrx_gz/share/vrx_gz/models/ball_shooter/model.sdf
[19.456s] -- Symlinking: /home/luca002/proj_ws/install/vrx_gz/share/vrx_gz/models/battery/mesh/battery.dae
[19.461s] -- Symlinking: /home/luca002/proj_ws/install/vrx_gz/share/vrx_gz/models/battery/mesh/battery.png
[19.466s] -- Symlinking: /home/luca002/proj_ws/install/vrx_gz/share/vrx_gz/models/battery/mesh/battery_Albedo.png
[19.471s] -- Symlinking: /home/luca002/proj_ws/install/vrx_gz/share/vrx_gz/models/battery/mesh/battery_Metalness.png
[19.476s] -- Symlinking: /home/luca002/proj_ws/install/vrx_gz/share/vrx_gz/models/battery/mesh/battery_Normal.png
[19.482s] -- Symlinking: /home/luca002/proj_ws/install/vrx_gz/share/vrx_gz/models/battery/mesh/battery_Roughness.png
[19.488s] -- Symlinking: /home/luca002/proj_ws/install/vrx_gz/share/vrx_gz/models/battery/model.config
[19.495s] -- Symlinking: /home/luca002/proj_ws/install/vrx_gz/share/vrx_gz/models/battery/model.sdf
[19.502s] -- Symlinking: /home/luca002/proj_ws/install/vrx_gz/share/vrx_gz/models/blue_projectile/model.config
[19.507s] -- Symlinking: /home/luca002/proj_ws/install/vrx_gz/share/vrx_gz/models/blue_projectile/model.sdf
[19.513s] -- Symlinking: /home/luca002/proj_ws/install/vrx_gz/share/vrx_gz/models/boat/materials/textures/Boat_Albedo.png
[19.518s] -- Symlinking: /home/luca002/proj_ws/install/vrx_gz/share/vrx_gz/models/boat/materials/textures/Boat_Metalness.png
[19.523s] -- Symlinking: /home/luca002/proj_ws/install/vrx_gz/share/vrx_gz/models/boat/materials/textures/Boat_Normal.png
[19.529s] -- Symlinking: /home/luca002/proj_ws/install/vrx_gz/share/vrx_gz/models/boat/materials/textures/Boat_Roughness.png
[19.535s] -- Symlinking: /home/luca002/proj_ws/install/vrx_gz/share/vrx_gz/models/boat/materials/textures/lidar_3d_v1.png
[19.541s] -- Symlinking: /home/luca002/proj_ws/install/vrx_gz/share/vrx_gz/models/boat/meshes/rcboat.dae
[19.547s] -- Symlinking: /home/luca002/proj_ws/install/vrx_gz/share/vrx_gz/models/boat/model.config
[19.553s] -- Symlinking: /home/luca002/proj_ws/install/vrx_gz/share/vrx_gz/models/boat/model.sdf
[19.559s] -- Symlinking: /home/luca002/proj_ws/install/vrx_gz/share/vrx_gz/models/boat/oldmodel/mmodel.sdf
[19.564s] -- Symlinking: /home/luca002/proj_ws/install/vrx_gz/share/vrx_gz/models/boat/thumbnails/boat/1.png
[19.570s] -- Symlinking: /home/luca002/proj_ws/install/vrx_gz/share/vrx_gz/models/boat/thumbnails/boat/2.png
[19.575s] -- Symlinking: /home/luca002/proj_ws/install/vrx_gz/share/vrx_gz/models/boat/thumbnails/boat/3.png
[19.580s] -- Symlinking: /home/luca002/proj_ws/install/vrx_gz/share/vrx_gz/models/boat/thumbnails/boat/4.png
[19.586s] -- Symlinking: /home/luca002/proj_ws/install/vrx_gz/share/vrx_gz/models/boat/thumbnails/boat/5.png
[19.594s] -- Symlinking: /home/luca002/proj_ws/install/vrx_gz/share/vrx_gz/models/coast_waves/materials/programs/GerstnerWaves_fs_330.glsl
[19.601s] -- Symlinking: /home/luca002/proj_ws/install/vrx_gz/share/vrx_gz/models/coast_waves/materials/programs/GerstnerWaves_vs_330.glsl
[19.607s] -- Symlinking: /home/luca002/proj_ws/install/vrx_gz/share/vrx_gz/models/coast_waves/materials/textures/skybox_lowres.dds
[19.613s] -- Symlinking: /home/luca002/proj_ws/install/vrx_gz/share/vrx_gz/models/coast_waves/materials/textures/wave_normals.dds
[19.619s] -- Symlinking: /home/luca002/proj_ws/install/vrx_gz/share/vrx_gz/models/coast_waves/meshes/waterlow.dae
[19.624s] -- Symlinking: /home/luca002/proj_ws/install/vrx_gz/share/vrx_gz/models/coast_waves/model.config
[19.629s] -- Symlinking: /home/luca002/proj_ws/install/vrx_gz/share/vrx_gz/models/coast_waves/model.sdf
[19.635s] -- Symlinking: /home/luca002/proj_ws/install/vrx_gz/share/vrx_gz/models/cpu_cases/mesh/cpu_cases.dae
[19.640s] -- Symlinking: /home/luca002/proj_ws/install/vrx_gz/share/vrx_gz/models/cpu_cases/mesh/cpu_cases.png
[19.645s] -- Symlinking: /home/luca002/proj_ws/install/vrx_gz/share/vrx_gz/models/cpu_cases/mesh/cpu_cases_Albedo.png
[19.651s] -- Symlinking: /home/luca002/proj_ws/install/vrx_gz/share/vrx_gz/models/cpu_cases/mesh/cpu_cases_Metalness.png
[19.656s] -- Symlinking: /home/luca002/proj_ws/install/vrx_gz/share/vrx_gz/models/cpu_cases/mesh/cpu_cases_Normal.png
[19.661s] -- Symlinking: /home/luca002/proj_ws/install/vrx_gz/share/vrx_gz/models/cpu_cases/mesh/cpu_cases_Roughness.png
[19.666s] -- Symlinking: /home/luca002/proj_ws/install/vrx_gz/share/vrx_gz/models/cpu_cases/model.config
[19.672s] -- Symlinking: /home/luca002/proj_ws/install/vrx_gz/share/vrx_gz/models/cpu_cases/model.sdf
[19.677s] -- Symlinking: /home/luca002/proj_ws/install/vrx_gz/share/vrx_gz/models/dock_2022/model.config
[19.690s] -- Symlinking: /home/luca002/proj_ws/install/vrx_gz/share/vrx_gz/models/dock_2022/model.sdf
[19.698s] -- Symlinking: /home/luca002/proj_ws/install/vrx_gz/share/vrx_gz/models/dock_2022_base/model.config
[19.704s] -- Symlinking: /home/luca002/proj_ws/install/vrx_gz/share/vrx_gz/models/dock_2022_base/model.sdf
[19.710s] -- Symlinking: /home/luca002/proj_ws/install/vrx_gz/share/vrx_gz/models/dock_block_4x4/mesh/DockCubes_Albedo.png
[19.715s] -- Symlinking: /home/luca002/proj_ws/install/vrx_gz/share/vrx_gz/models/dock_block_4x4/mesh/DockCubes_Metalness.png
[19.721s] -- Symlinking: /home/luca002/proj_ws/install/vrx_gz/share/vrx_gz/models/dock_block_4x4/mesh/DockCubes_Normal.png
[19.726s] -- Symlinking: /home/luca002/proj_ws/install/vrx_gz/share/vrx_gz/models/dock_block_4x4/mesh/DockCubes_Roughness.png
[19.731s] -- Symlinking: /home/luca002/proj_ws/install/vrx_gz/share/vrx_gz/models/dock_block_4x4/mesh/dock_block_4x4.dae
[19.737s] -- Symlinking: /home/luca002/proj_ws/install/vrx_gz/share/vrx_gz/models/dock_block_4x4/model.config
[19.742s] -- Symlinking: /home/luca002/proj_ws/install/vrx_gz/share/vrx_gz/models/dock_block_4x4/model.sdf
[19.747s] -- Symlinking: /home/luca002/proj_ws/install/vrx_gz/share/vrx_gz/models/entrance_exit/model.config
[19.752s] -- Symlinking: /home/luca002/proj_ws/install/vrx_gz/share/vrx_gz/models/entrance_exit/model.sdf
[19.758s] -- Symlinking: /home/luca002/proj_ws/install/vrx_gz/share/vrx_gz/models/lidar/materials/textures/lidar_3d_v1.png
[19.766s] -- Symlinking: /home/luca002/proj_ws/install/vrx_gz/share/vrx_gz/models/lidar/meshes/lidar_3d_v1.dae
[19.773s] -- Symlinking: /home/luca002/proj_ws/install/vrx_gz/share/vrx_gz/models/lidar/meshes/lidar_3d_v1.png
[19.780s] -- Symlinking: /home/luca002/proj_ws/install/vrx_gz/share/vrx_gz/models/lidar/model.config
[19.786s] -- Symlinking: /home/luca002/proj_ws/install/vrx_gz/share/vrx_gz/models/lidar/model.sdf
[19.795s] -- Symlinking: /home/luca002/proj_ws/install/vrx_gz/share/vrx_gz/models/lidar/thumbnails/1.png
[19.801s] -- Symlinking: /home/luca002/proj_ws/install/vrx_gz/share/vrx_gz/models/lidar/thumbnails/2.png
[19.807s] -- Symlinking: /home/luca002/proj_ws/install/vrx_gz/share/vrx_gz/models/lidar/thumbnails/3.png
[19.813s] -- Symlinking: /home/luca002/proj_ws/install/vrx_gz/share/vrx_gz/models/lidar/thumbnails/4.png
[19.818s] -- Symlinking: /home/luca002/proj_ws/install/vrx_gz/share/vrx_gz/models/lidar/thumbnails/5.png
[19.823s] -- Symlinking: /home/luca002/proj_ws/install/vrx_gz/share/vrx_gz/models/mono_camera/mesh/mono_camera.dae
[19.828s] -- Symlinking: /home/luca002/proj_ws/install/vrx_gz/share/vrx_gz/models/mono_camera/mesh/mono_camera.png
[19.835s] -- Symlinking: /home/luca002/proj_ws/install/vrx_gz/share/vrx_gz/models/mono_camera/mesh/mono_camera_Albedo.png
[19.842s] -- Symlinking: /home/luca002/proj_ws/install/vrx_gz/share/vrx_gz/models/mono_camera/mesh/mono_camera_Metalness.png
[19.848s] -- Symlinking: /home/luca002/proj_ws/install/vrx_gz/share/vrx_gz/models/mono_camera/mesh/mono_camera_Normal.png
[19.853s] -- Symlinking: /home/luca002/proj_ws/install/vrx_gz/share/vrx_gz/models/mono_camera/mesh/mono_camera_Roughness.png
[19.858s] -- Symlinking: /home/luca002/proj_ws/install/vrx_gz/share/vrx_gz/models/mono_camera/model.config
[19.864s] -- Symlinking: /home/luca002/proj_ws/install/vrx_gz/share/vrx_gz/models/mono_camera/model.sdf
[19.870s] -- Symlinking: /home/luca002/proj_ws/install/vrx_gz/share/vrx_gz/models/obstacle_course/model.config
[19.875s] -- Symlinking: /home/luca002/proj_ws/install/vrx_gz/share/vrx_gz/models/obstacle_course/model.sdf
[19.880s] -- Symlinking: /home/luca002/proj_ws/install/vrx_gz/share/vrx_gz/models/placard_2022/materials/textures/Placard.png
[19.886s] -- Symlinking: /home/luca002/proj_ws/install/vrx_gz/share/vrx_gz/models/placard_2022/meshes/placard_2022.dae
[19.894s] -- Symlinking: /home/luca002/proj_ws/install/vrx_gz/share/vrx_gz/models/placard_2022/model.config
[19.902s] -- Symlinking: /home/luca002/proj_ws/install/vrx_gz/share/vrx_gz/models/placard_2022/model.sdf
[19.908s] -- Symlinking: /home/luca002/proj_ws/install/vrx_gz/share/vrx_gz/models/platform/model.config
[19.914s] -- Symlinking: /home/luca002/proj_ws/install/vrx_gz/share/vrx_gz/models/platform/model.sdf
[19.919s] -- Symlinking: /home/luca002/proj_ws/install/vrx_gz/share/vrx_gz/models/roboboat01/materials/scripts/model.material
[19.924s] -- Symlinking: /home/luca002/proj_ws/install/vrx_gz/share/vrx_gz/models/roboboat01/materials/textures/Boat01_Albedo.png
[19.930s] -- Symlinking: /home/luca002/proj_ws/install/vrx_gz/share/vrx_gz/models/roboboat01/materials/textures/Boat01_Metallic.png
[19.935s] -- Symlinking: /home/luca002/proj_ws/install/vrx_gz/share/vrx_gz/models/roboboat01/materials/textures/Boat01_Normal.png
[19.941s] -- Symlinking: /home/luca002/proj_ws/install/vrx_gz/share/vrx_gz/models/roboboat01/materials/textures/Boat01_Roughness.png
[19.946s] -- Symlinking: /home/luca002/proj_ws/install/vrx_gz/share/vrx_gz/models/roboboat01/materials/textures/Thruster_Albedo.png
[19.951s] -- Symlinking: /home/luca002/proj_ws/install/vrx_gz/share/vrx_gz/models/roboboat01/materials/textures/Thruster_Roughness.png
[19.957s] -- Symlinking: /home/luca002/proj_ws/install/vrx_gz/share/vrx_gz/models/roboboat01/meshes/housing.dae
[19.962s] -- Symlinking: /home/luca002/proj_ws/install/vrx_gz/share/vrx_gz/models/roboboat01/meshes/mount.dae
[19.967s] -- Symlinking: /home/luca002/proj_ws/install/vrx_gz/share/vrx_gz/models/roboboat01/meshes/prop.dae
[19.972s] -- Symlinking: /home/luca002/proj_ws/install/vrx_gz/share/vrx_gz/models/roboboat01/meshes/roboboat01.dae
[19.978s] -- Symlinking: /home/luca002/proj_ws/install/vrx_gz/share/vrx_gz/models/roboboat01/model.config
[19.983s] -- Symlinking: /home/luca002/proj_ws/install/vrx_gz/share/vrx_gz/models/roboboat01/model.sdf
[19.991s] -- Symlinking: /home/luca002/proj_ws/install/vrx_gz/share/vrx_gz/models/roboboat02/materials/scripts/model.material
[19.999s] -- Symlinking: /home/luca002/proj_ws/install/vrx_gz/share/vrx_gz/models/roboboat02/materials/textures/Boat02_Albedo.png
[20.006s] -- Symlinking: /home/luca002/proj_ws/install/vrx_gz/share/vrx_gz/models/roboboat02/materials/textures/Boat02_Metallic.png
[20.012s] -- Symlinking: /home/luca002/proj_ws/install/vrx_gz/share/vrx_gz/models/roboboat02/materials/textures/Boat02_Normal.png
[20.019s] -- Symlinking: /home/luca002/proj_ws/install/vrx_gz/share/vrx_gz/models/roboboat02/materials/textures/Boat02_Roughness.png
[20.026s] -- Symlinking: /home/luca002/proj_ws/install/vrx_gz/share/vrx_gz/models/roboboat02/meshes/roboboat02.dae
[20.034s] -- Symlinking: /home/luca002/proj_ws/install/vrx_gz/share/vrx_gz/models/roboboat02/model.config
[20.041s] -- Symlinking: /home/luca002/proj_ws/install/vrx_gz/share/vrx_gz/models/roboboat02/model.sdf
[20.048s] -- Symlinking: /home/luca002/proj_ws/install/vrx_gz/share/vrx_gz/models/roboboat_cpubox/materials/textures/DryBox_Albedo.png
[20.055s] -- Symlinking: /home/luca002/proj_ws/install/vrx_gz/share/vrx_gz/models/roboboat_cpubox/materials/textures/DryBox_Roughness.png
[20.061s] -- Symlinking: /home/luca002/proj_ws/install/vrx_gz/share/vrx_gz/models/roboboat_cpubox/meshes/drybox.dae
[20.067s] -- Symlinking: /home/luca002/proj_ws/install/vrx_gz/share/vrx_gz/models/roboboat_cpubox/model.config
[20.072s] -- Symlinking: /home/luca002/proj_ws/install/vrx_gz/share/vrx_gz/models/roboboat_cpubox/model.sdf
[20.077s] -- Symlinking: /home/luca002/proj_ws/install/vrx_gz/share/vrx_gz/models/robotx_light_buoy_bgr/model.config
[20.082s] -- Symlinking: /home/luca002/proj_ws/install/vrx_gz/share/vrx_gz/models/robotx_light_buoy_bgr/model.sdf
[20.087s] -- Symlinking: /home/luca002/proj_ws/install/vrx_gz/share/vrx_gz/models/robotx_light_buoy_bgy/model.config
[20.095s] -- Symlinking: /home/luca002/proj_ws/install/vrx_gz/share/vrx_gz/models/robotx_light_buoy_bgy/model.sdf
[20.102s] -- Symlinking: /home/luca002/proj_ws/install/vrx_gz/share/vrx_gz/models/robotx_light_buoy_gbr/model.config
[20.108s] -- Symlinking: /home/luca002/proj_ws/install/vrx_gz/share/vrx_gz/models/robotx_light_buoy_gbr/model.sdf
[20.115s] -- Symlinking: /home/luca002/proj_ws/install/vrx_gz/share/vrx_gz/models/robotx_light_buoy_rbg/model.config
[20.122s] -- Symlinking: /home/luca002/proj_ws/install/vrx_gz/share/vrx_gz/models/robotx_light_buoy_rbg/model.sdf
[20.129s] -- Symlinking: /home/luca002/proj_ws/install/vrx_gz/share/vrx_gz/models/robotx_light_buoy_rgb/mesh/LightTower_Albedo.png
[20.137s] -- Symlinking: /home/luca002/proj_ws/install/vrx_gz/share/vrx_gz/models/robotx_light_buoy_rgb/mesh/LightTower_Metalness.png
[20.147s] -- Symlinking: /home/luca002/proj_ws/install/vrx_gz/share/vrx_gz/models/robotx_light_buoy_rgb/mesh/LightTower_Normal.png
[20.155s] -- Symlinking: /home/luca002/proj_ws/install/vrx_gz/share/vrx_gz/models/robotx_light_buoy_rgb/mesh/LightTower_Opacity.png
[20.162s] -- Symlinking: /home/luca002/proj_ws/install/vrx_gz/share/vrx_gz/models/robotx_light_buoy_rgb/mesh/LightTower_Roughness.png
[20.170s] -- Symlinking: /home/luca002/proj_ws/install/vrx_gz/share/vrx_gz/models/robotx_light_buoy_rgb/mesh/robotx_light_buoy.dae
[20.178s] -- Symlinking: /home/luca002/proj_ws/install/vrx_gz/share/vrx_gz/models/robotx_light_buoy_rgb/model.config
[20.186s] -- Symlinking: /home/luca002/proj_ws/install/vrx_gz/share/vrx_gz/models/robotx_light_buoy_rgb/model.sdf
[20.194s] -- Symlinking: /home/luca002/proj_ws/install/vrx_gz/share/vrx_gz/models/robotx_light_buoy_rgy/model.config
[20.202s] -- Symlinking: /home/luca002/proj_ws/install/vrx_gz/share/vrx_gz/models/robotx_light_buoy_rgy/model.sdf
[20.209s] -- Symlinking: /home/luca002/proj_ws/install/vrx_gz/share/vrx_gz/models/robotx_light_buoy_ybr/model.config
[20.216s] -- Symlinking: /home/luca002/proj_ws/install/vrx_gz/share/vrx_gz/models/robotx_light_buoy_ybr/model.sdf
[20.223s] -- Symlinking: /home/luca002/proj_ws/install/vrx_gz/share/vrx_gz/models/robotx_light_buoy_ygb/model.config
[20.229s] -- Symlinking: /home/luca002/proj_ws/install/vrx_gz/share/vrx_gz/models/robotx_light_buoy_ygb/model.sdf
[20.234s] -- Symlinking: /home/luca002/proj_ws/install/vrx_gz/share/vrx_gz/models/robotx_light_buoy_yrg/model.config
[20.240s] -- Symlinking: /home/luca002/proj_ws/install/vrx_gz/share/vrx_gz/models/robotx_light_buoy_yrg/model.sdf
[20.245s] -- Symlinking: /home/luca002/proj_ws/install/vrx_gz/share/vrx_gz/models/sensor_post/mesh/sensor_post.dae
[20.250s] -- Symlinking: /home/luca002/proj_ws/install/vrx_gz/share/vrx_gz/models/sensor_post/mesh/sensor_post.png
[20.255s] -- Symlinking: /home/luca002/proj_ws/install/vrx_gz/share/vrx_gz/models/sensor_post/mesh/sensor_post_arm.dae
[20.260s] -- Symlinking: /home/luca002/proj_ws/install/vrx_gz/share/vrx_gz/models/sensor_post/model.config
[20.265s] -- Symlinking: /home/luca002/proj_ws/install/vrx_gz/share/vrx_gz/models/sensor_post/model.sdf
[20.270s] -- Symlinking: /home/luca002/proj_ws/install/vrx_gz/share/vrx_gz/models/short_course_2023_phase3_1/model.config
[20.275s] -- Symlinking: /home/luca002/proj_ws/install/vrx_gz/share/vrx_gz/models/short_course_2023_phase3_1/model.sdf
[20.280s] -- Symlinking: /home/luca002/proj_ws/install/vrx_gz/share/vrx_gz/models/short_course_2023_phase3_2/model.config
[20.284s] -- Symlinking: /home/luca002/proj_ws/install/vrx_gz/share/vrx_gz/models/short_course_2023_phase3_2/model.sdf
[20.292s] -- Symlinking: /home/luca002/proj_ws/install/vrx_gz/share/vrx_gz/models/short_navigation_course_0/model.config
[20.299s] -- Symlinking: /home/luca002/proj_ws/install/vrx_gz/share/vrx_gz/models/short_navigation_course_0/model.sdf
[20.305s] -- Symlinking: /home/luca002/proj_ws/install/vrx_gz/share/vrx_gz/models/short_navigation_course_1/model.config
[20.310s] -- Symlinking: /home/luca002/proj_ws/install/vrx_gz/share/vrx_gz/models/short_navigation_course_1/model.sdf
[20.316s] -- Symlinking: /home/luca002/proj_ws/install/vrx_gz/share/vrx_gz/models/short_navigation_course_2/model.config
[20.321s] -- Symlinking: /home/luca002/proj_ws/install/vrx_gz/share/vrx_gz/models/short_navigation_course_2/model.sdf
[20.326s] -- Symlinking: /home/luca002/proj_ws/install/vrx_gz/share/vrx_gz/models/short_navigation_course_3/model.config
[20.331s] -- Symlinking: /home/luca002/proj_ws/install/vrx_gz/share/vrx_gz/models/short_navigation_course_3/model.sdf
[20.336s] -- Symlinking: /home/luca002/proj_ws/install/vrx_gz/share/vrx_gz/models/short_navigation_course_4/model.config
[20.341s] -- Symlinking: /home/luca002/proj_ws/install/vrx_gz/share/vrx_gz/models/short_navigation_course_4/model.sdf
[20.346s] -- Symlinking: /home/luca002/proj_ws/install/vrx_gz/share/vrx_gz/models/short_navigation_course_5/model.config
[20.351s] -- Symlinking: /home/luca002/proj_ws/install/vrx_gz/share/vrx_gz/models/short_navigation_course_5/model.sdf
[20.356s] -- Symlinking: /home/luca002/proj_ws/install/vrx_gz/share/vrx_gz/models/symbol_triangle/mesh/triangle.dae
[20.361s] -- Symlinking: /home/luca002/proj_ws/install/vrx_gz/share/vrx_gz/models/symbol_triangle/model.config
[20.366s] -- Symlinking: /home/luca002/proj_ws/install/vrx_gz/share/vrx_gz/models/symbol_triangle/model.sdf
[20.371s] -- Symlinking: /home/luca002/proj_ws/install/vrx_gz/share/vrx_gz/models/tripod/meshes/legs.dae
[20.376s] -- Symlinking: /home/luca002/proj_ws/install/vrx_gz/share/vrx_gz/models/tripod/meshes/ring.dae
[20.381s] -- Symlinking: /home/luca002/proj_ws/install/vrx_gz/share/vrx_gz/models/tripod/model.config
[20.386s] -- Symlinking: /home/luca002/proj_ws/install/vrx_gz/share/vrx_gz/models/tripod/model.sdf
[20.394s] -- Symlinking: /home/luca002/proj_ws/install/vrx_gz/share/vrx_gz/models/vessel/materials/textures/Boat01_Albedo.jpg
[20.401s] -- Symlinking: /home/luca002/proj_ws/install/vrx_gz/share/vrx_gz/models/vessel/materials/textures/Boat01_Normal.jpg
[20.406s] -- Symlinking: /home/luca002/proj_ws/install/vrx_gz/share/vrx_gz/models/vessel/materials/textures/Boat01_Roughness.jpg
[20.411s] -- Symlinking: /home/luca002/proj_ws/install/vrx_gz/share/vrx_gz/models/vessel/meshes/Boat01.dae
[20.416s] -- Symlinking: /home/luca002/proj_ws/install/vrx_gz/share/vrx_gz/models/vessel/model.config
[20.421s] -- Symlinking: /home/luca002/proj_ws/install/vrx_gz/share/vrx_gz/models/vessel/model.sdf
[20.426s] -- Symlinking: /home/luca002/proj_ws/install/vrx_gz/share/vrx_gz/models/vessel/thumbnails/1.png
[20.432s] -- Symlinking: /home/luca002/proj_ws/install/vrx_gz/share/vrx_gz/models/wam-v/meshes/WAM-V-Base.dae
[20.436s] -- Symlinking: /home/luca002/proj_ws/install/vrx_gz/share/vrx_gz/models/wam-v/meshes/WamV.png
[20.442s] -- Symlinking: /home/luca002/proj_ws/install/vrx_gz/share/vrx_gz/models/wam-v/meshes/engine.dae
[20.446s] -- Symlinking: /home/luca002/proj_ws/install/vrx_gz/share/vrx_gz/models/wam-v/meshes/propeller.dae
[20.451s] -- Symlinking: /home/luca002/proj_ws/install/vrx_gz/share/vrx_gz/models/wam-v/model.config
[20.456s] -- Symlinking: /home/luca002/proj_ws/install/vrx_gz/share/vrx_gz/models/wam-v/model.sdf
[20.462s] -- Symlinking: /home/luca002/proj_ws/install/vrx_gz/share/vrx_gz/worlds/boat_world.world
[20.467s] -- Symlinking: /home/luca002/proj_ws/install/vrx_gz/share/vrx_gz/worlds/dave_bimanual_example.world
[20.472s] -- Symlinking: /home/luca002/proj_ws/install/vrx_gz/share/vrx_gz/worlds/demo_world1.sdf
[20.477s] -- Symlinking: /home/luca002/proj_ws/install/vrx_gz/share/vrx_gz/worlds/myworld.sdf
[20.482s] -- Symlinking: /home/luca002/proj_ws/install/vrx_gz/share/vrx_gz/worlds/simple_baylands.sdf
[20.487s] -- Symlinking: /home/luca002/proj_ws/install/vrx_gz/share/vrx_gz/worlds/sydney.sdf
[20.495s] -- Symlinking: /home/luca002/proj_ws/install/vrx_gz/share/vrx_gz/worlds/sydney_regatta.sdf
[20.501s] -- Symlinking: /home/luca002/proj_ws/install/vrx_gz/share/vrx_gz/worlds/wworld.sdf
[20.507s] -- Symlinking: /home/luca002/proj_ws/install/vrx_gz/share/ament_index/resource_index/package_run_dependencies/vrx_gz
[20.512s] -- Symlinking: /home/luca002/proj_ws/install/vrx_gz/share/ament_index/resource_index/parent_prefix_path/vrx_gz
[20.518s] -- Symlinking: /home/luca002/proj_ws/install/vrx_gz/share/vrx_gz/environment/ament_prefix_path.sh
[20.523s] -- Symlinking: /home/luca002/proj_ws/install/vrx_gz/share/vrx_gz/environment/ament_prefix_path.dsv
[20.528s] -- Symlinking: /home/luca002/proj_ws/install/vrx_gz/share/vrx_gz/environment/path.sh
[20.533s] -- Symlinking: /home/luca002/proj_ws/install/vrx_gz/share/vrx_gz/environment/path.dsv
[20.538s] -- Symlinking: /home/luca002/proj_ws/install/vrx_gz/share/vrx_gz/local_setup.bash
[20.543s] -- Symlinking: /home/luca002/proj_ws/install/vrx_gz/share/vrx_gz/local_setup.sh
[20.548s] -- Symlinking: /home/luca002/proj_ws/install/vrx_gz/share/vrx_gz/local_setup.zsh
[20.553s] -- Symlinking: /home/luca002/proj_ws/install/vrx_gz/share/vrx_gz/local_setup.dsv
[20.558s] -- Symlinking: /home/luca002/proj_ws/install/vrx_gz/share/vrx_gz/package.dsv
[20.563s] -- Symlinking: /home/luca002/proj_ws/install/vrx_gz/share/ament_index/resource_index/packages/vrx_gz
[20.568s] -- Symlinking: /home/luca002/proj_ws/install/vrx_gz/share/vrx_gz/cmake/vrx_gzConfig.cmake
[20.573s] -- Symlinking: /home/luca002/proj_ws/install/vrx_gz/share/vrx_gz/cmake/vrx_gzConfig-version.cmake
[20.578s] -- Symlinking: /home/luca002/proj_ws/install/vrx_gz/share/vrx_gz/package.xml
[20.622s] Listing '/home/luca002/proj_ws/install/vrx_gz/lib/python3.12/site-packages/vrx_gz'...
[20.623s] Compiling '/home/luca002/proj_ws/install/vrx_gz/lib/python3.12/site-packages/vrx_gz/__init__.py'...
[20.623s] Compiling '/home/luca002/proj_ws/install/vrx_gz/lib/python3.12/site-packages/vrx_gz/bridge.py'...
[20.623s] Compiling '/home/luca002/proj_ws/install/vrx_gz/lib/python3.12/site-packages/vrx_gz/bridges.py'...
[20.623s] Compiling '/home/luca002/proj_ws/install/vrx_gz/lib/python3.12/site-packages/vrx_gz/launch.py'...
[20.623s] Compiling '/home/luca002/proj_ws/install/vrx_gz/lib/python3.12/site-packages/vrx_gz/model.py'...
[20.623s] Compiling '/home/luca002/proj_ws/install/vrx_gz/lib/python3.12/site-packages/vrx_gz/payload_bridges.py'...
[20.627s] Invoked command in '/home/luca002/proj_ws/build/vrx_gz' returned '0': CMAKE_PREFIX_PATH=${CMAKE_PREFIX_PATH}:/opt/ros/jazzy DEBUGINFOD_URLS=https://debuginfod.ubuntu.com /usr/bin/cmake --install /home/luca002/proj_ws/build/vrx_gz
