[1.144s] Invoking command in '/home/luca002/proj_ws/build/python_node': DEBUGINFOD_URLS=https://debuginfod.ubuntu.com PYTHONPATH=/home/luca002/proj_ws/build/python_node/prefix_override:/usr/lib/python3/dist-packages/colcon_core/task/python/colcon_distutils_commands:/home/luca002/proj_ws/install/python_node/lib/python3.12/site-packages:${PYTHONPATH} /usr/bin/python3 -W ignore:setup.py install is deprecated -W ignore:easy_install command is deprecated setup.py develop --editable --build-directory /home/luca002/proj_ws/build/python_node/build --no-deps symlink_data
[1.434s] running develop
[1.600s] running egg_info
[1.601s] creating python_node.egg-info
[1.619s] writing python_node.egg-info/PKG-INFO
[1.619s] writing dependency_links to python_node.egg-info/dependency_links.txt
[1.620s] writing entry points to python_node.egg-info/entry_points.txt
[1.620s] writing requirements to python_node.egg-info/requires.txt
[1.620s] writing top-level names to python_node.egg-info/top_level.txt
[1.620s] writing manifest file 'python_node.egg-info/SOURCES.txt'
[1.657s] reading manifest file 'python_node.egg-info/SOURCES.txt'
[1.658s] writing manifest file 'python_node.egg-info/SOURCES.txt'
[1.717s] running build_ext
[1.717s] Creating /home/luca002/proj_ws/install/python_node/lib/python3.12/site-packages/python-node.egg-link (link to .)
[1.718s] Installing python_publisher script to /home/luca002/proj_ws/install/python_node/lib/python_node
[1.718s] Installing python_subscriber script to /home/luca002/proj_ws/install/python_node/lib/python_node
[1.718s] 
[1.718s] Installed /home/luca002/proj_ws/build/python_node
[1.718s] running symlink_data
[1.719s] creating /home/luca002/proj_ws/install/python_node/share/ament_index
[1.719s] creating /home/luca002/proj_ws/install/python_node/share/ament_index/resource_index
[1.719s] creating /home/luca002/proj_ws/install/python_node/share/ament_index/resource_index/packages
[1.719s] symbolically linking /home/luca002/proj_ws/build/python_node/resource/python_node -> /home/luca002/proj_ws/install/python_node/share/ament_index/resource_index/packages
[1.719s] symbolically linking /home/luca002/proj_ws/build/python_node/package.xml -> /home/luca002/proj_ws/install/python_node/share/python_node
[1.719s] creating /home/luca002/proj_ws/install/python_node/share/python_node/launch
[1.719s] symbolically linking /home/luca002/proj_ws/build/python_node/launch/test.launch.yaml -> /home/luca002/proj_ws/install/python_node/share/python_node/launch
[1.719s] creating /home/luca002/proj_ws/install/python_node/share/python_node/config
[1.719s] symbolically linking /home/luca002/proj_ws/build/python_node/config/python_node.config.yaml -> /home/luca002/proj_ws/install/python_node/share/python_node/config
[1.808s] Invoked command in '/home/luca002/proj_ws/build/python_node' returned '0': DEBUGINFOD_URLS=https://debuginfod.ubuntu.com PYTHONPATH=/home/luca002/proj_ws/build/python_node/prefix_override:/usr/lib/python3/dist-packages/colcon_core/task/python/colcon_distutils_commands:/home/luca002/proj_ws/install/python_node/lib/python3.12/site-packages:${PYTHONPATH} /usr/bin/python3 -W ignore:setup.py install is deprecated -W ignore:easy_install command is deprecated setup.py develop --editable --build-directory /home/luca002/proj_ws/build/python_node/build --no-deps symlink_data
