[1.685s] Invoking command in '/home/luca002/proj_ws/build/python_node': DEBUGINFOD_URLS=https://debuginfod.ubuntu.com PYTHONPATH=/home/luca002/proj_ws/build/python_node/prefix_override:/usr/lib/python3/dist-packages/colcon_core/task/python/colcon_distutils_commands:/home/luca002/proj_ws/install/python_node/lib/python3.12/site-packages:${PYTHONPATH} /usr/bin/python3 -W ignore:setup.py install is deprecated -W ignore:easy_install command is deprecated setup.py develop --editable --build-directory /home/luca002/proj_ws/build/python_node/build --no-deps symlink_data
[2.274s] running develop
[2.572s] running egg_info
[2.572s] creating python_node.egg-info
[2.605s] writing python_node.egg-info/PKG-INFO
[2.605s] writing dependency_links to python_node.egg-info/dependency_links.txt
[2.605s] writing entry points to python_node.egg-info/entry_points.txt
[2.605s] writing requirements to python_node.egg-info/requires.txt
[2.605s] writing top-level names to python_node.egg-info/top_level.txt
[2.606s] writing manifest file 'python_node.egg-info/SOURCES.txt'
[2.660s] reading manifest file 'python_node.egg-info/SOURCES.txt'
[2.661s] writing manifest file 'python_node.egg-info/SOURCES.txt'
[2.752s] running build_ext
[2.753s] Creating /home/luca002/proj_ws/install/python_node/lib/python3.12/site-packages/python-node.egg-link (link to .)
[2.754s] Installing odom_to_tf script to /home/luca002/proj_ws/install/python_node/lib/python_node
[2.754s] Installing python_publisher script to /home/luca002/proj_ws/install/python_node/lib/python_node
[2.755s] Installing python_subscriber script to /home/luca002/proj_ws/install/python_node/lib/python_node
[2.755s] 
[2.755s] Installed /home/luca002/proj_ws/build/python_node
[2.755s] running symlink_data
[2.755s] creating /home/luca002/proj_ws/install/python_node/share/ament_index
[2.755s] creating /home/luca002/proj_ws/install/python_node/share/ament_index/resource_index
[2.756s] creating /home/luca002/proj_ws/install/python_node/share/ament_index/resource_index/packages
[2.756s] symbolically linking /home/luca002/proj_ws/build/python_node/resource/python_node -> /home/luca002/proj_ws/install/python_node/share/ament_index/resource_index/packages
[2.757s] symbolically linking /home/luca002/proj_ws/build/python_node/package.xml -> /home/luca002/proj_ws/install/python_node/share/python_node
[2.757s] creating /home/luca002/proj_ws/install/python_node/share/python_node/launch
[2.757s] symbolically linking /home/luca002/proj_ws/build/python_node/launch/test.launch.yaml -> /home/luca002/proj_ws/install/python_node/share/python_node/launch
[2.757s] creating /home/luca002/proj_ws/install/python_node/share/python_node/config
[2.757s] symbolically linking /home/luca002/proj_ws/build/python_node/config/python_node.config.yaml -> /home/luca002/proj_ws/install/python_node/share/python_node/config
[2.959s] Invoked command in '/home/luca002/proj_ws/build/python_node' returned '0': DEBUGINFOD_URLS=https://debuginfod.ubuntu.com PYTHONPATH=/home/luca002/proj_ws/build/python_node/prefix_override:/usr/lib/python3/dist-packages/colcon_core/task/python/colcon_distutils_commands:/home/luca002/proj_ws/install/python_node/lib/python3.12/site-packages:${PYTHONPATH} /usr/bin/python3 -W ignore:setup.py install is deprecated -W ignore:easy_install command is deprecated setup.py develop --editable --build-directory /home/luca002/proj_ws/build/python_node/build --no-deps symlink_data
