[0.490s] Invoking command in '/home/luca002/proj_ws/build/wamv_navigation': CMAKE_PREFIX_PATH=${CMAKE_PREFIX_PATH}:/home/luca002/proj_ws/install/python_node:/opt/ros/jazzy DEBUGINFOD_URLS=https://debuginfod.ubuntu.com /usr/bin/cmake --build /home/luca002/proj_ws/build/wamv_navigation -- -j16 -l16
[0.568s] Invoked command in '/home/luca002/proj_ws/build/wamv_navigation' returned '0': CMAKE_PREFIX_PATH=${CMAKE_PREFIX_PATH}:/home/luca002/proj_ws/install/python_node:/opt/ros/jazzy DEBUGINFOD_URLS=https://debuginfod.ubuntu.com /usr/bin/cmake --build /home/luca002/proj_ws/build/wamv_navigation -- -j16 -l16
[0.586s] Invoking command in '/home/luca002/proj_ws/build/wamv_navigation': CMAKE_PREFIX_PATH=${CMAKE_PREFIX_PATH}:/home/luca002/proj_ws/install/python_node:/opt/ros/jazzy DEBUGINFOD_URLS=https://debuginfod.ubuntu.com /usr/bin/cmake --install /home/luca002/proj_ws/build/wamv_navigation
[0.614s] -- Install configuration: ""
[0.614s] -- Execute custom install script
[0.617s] -- Up-to-date symlink: /home/luca002/proj_ws/install/wamv_navigation/share/wamv_navigation/config/README.md
[0.622s] -- Up-to-date symlink: /home/luca002/proj_ws/install/wamv_navigation/share/wamv_navigation/config/turtlebot3_waffle_bridge.yaml
[0.622s] -- Up-to-date symlink: /home/luca002/proj_ws/install/wamv_navigation/share/wamv_navigation/config/wamv_config.yaml
[0.622s] -- Up-to-date symlink: /home/luca002/proj_ws/install/wamv_navigation/share/wamv_navigation/launch/__init__.py
[0.622s] -- Up-to-date symlink: /home/luca002/proj_ws/install/wamv_navigation/share/wamv_navigation/launch/bringup_launch.py
[0.623s] -- Up-to-date symlink: /home/luca002/proj_ws/install/wamv_navigation/share/wamv_navigation/launch/cloned_multi_tb3_simulation_launch.py
[0.623s] -- Up-to-date symlink: /home/luca002/proj_ws/install/wamv_navigation/share/wamv_navigation/launch/generate_wamv.launch.py
[0.623s] -- Up-to-date symlink: /home/luca002/proj_ws/install/wamv_navigation/share/wamv_navigation/launch/localization_launch.py
[0.623s] -- Up-to-date symlink: /home/luca002/proj_ws/install/wamv_navigation/share/wamv_navigation/launch/navigation_launch.py
[0.627s] -- Up-to-date symlink: /home/luca002/proj_ws/install/wamv_navigation/share/wamv_navigation/launch/robot.launch.py
[0.627s] -- Up-to-date symlink: /home/luca002/proj_ws/install/wamv_navigation/share/wamv_navigation/launch/rviz.launch.py
[0.628s] -- Up-to-date symlink: /home/luca002/proj_ws/install/wamv_navigation/share/wamv_navigation/launch/rviz2.launch.py
[0.628s] -- Up-to-date symlink: /home/luca002/proj_ws/install/wamv_navigation/share/wamv_navigation/launch/rviz_launch.py
[0.628s] -- Up-to-date symlink: /home/luca002/proj_ws/install/wamv_navigation/share/wamv_navigation/launch/slam_launch.py
[0.628s] -- Up-to-date symlink: /home/luca002/proj_ws/install/wamv_navigation/share/wamv_navigation/launch/spawn_tb3.launch.py
[0.628s] -- Up-to-date symlink: /home/luca002/proj_ws/install/wamv_navigation/share/wamv_navigation/launch/tb3_loopback_simulation.launch.py
[0.629s] -- Up-to-date symlink: /home/luca002/proj_ws/install/wamv_navigation/share/wamv_navigation/launch/tb3_simulation_launch.py
[0.629s] -- Up-to-date symlink: /home/luca002/proj_ws/install/wamv_navigation/share/wamv_navigation/launch/tb4_loopback_simulation.launch.py
[0.629s] -- Up-to-date symlink: /home/luca002/proj_ws/install/wamv_navigation/share/wamv_navigation/launch/tb4_simulation_launch.py
[0.629s] -- Up-to-date symlink: /home/luca002/proj_ws/install/wamv_navigation/share/wamv_navigation/launch/turtlebot3_state_publisher.launch.py
[0.630s] -- Up-to-date symlink: /home/luca002/proj_ws/install/wamv_navigation/share/wamv_navigation/launch/unique_multi_tb3_simulation_launch.py
[0.630s] -- Up-to-date symlink: /home/luca002/proj_ws/install/wamv_navigation/share/wamv_navigation/launch/wamv_launch.py
[0.630s] -- Up-to-date symlink: /home/luca002/proj_ws/install/wamv_navigation/share/wamv_navigation/maps/depot.pgm
[0.630s] -- Up-to-date symlink: /home/luca002/proj_ws/install/wamv_navigation/share/wamv_navigation/maps/depot.yaml
[0.631s] -- Up-to-date symlink: /home/luca002/proj_ws/install/wamv_navigation/share/wamv_navigation/maps/lake.yaml
[0.631s] -- Up-to-date symlink: /home/luca002/proj_ws/install/wamv_navigation/share/wamv_navigation/maps/tb3_sandbox.pgm
[0.631s] -- Up-to-date symlink: /home/luca002/proj_ws/install/wamv_navigation/share/wamv_navigation/maps/tb3_sandbox.yaml
[0.632s] -- Up-to-date symlink: /home/luca002/proj_ws/install/wamv_navigation/share/wamv_navigation/maps/warehouse.pgm
[0.632s] -- Up-to-date symlink: /home/luca002/proj_ws/install/wamv_navigation/share/wamv_navigation/maps/warehouse.yaml
[0.632s] -- Up-to-date symlink: /home/luca002/proj_ws/install/wamv_navigation/share/wamv_navigation/params/nav2_multirobot_params_1.yaml
[0.632s] -- Up-to-date symlink: /home/luca002/proj_ws/install/wamv_navigation/share/wamv_navigation/params/nav2_multirobot_params_2.yaml
[0.633s] -- Up-to-date symlink: /home/luca002/proj_ws/install/wamv_navigation/share/wamv_navigation/params/nav2_multirobot_params_all.yaml
[0.633s] -- Up-to-date symlink: /home/luca002/proj_ws/install/wamv_navigation/share/wamv_navigation/params/nav2_params.yaml
[0.633s] -- Up-to-date symlink: /home/luca002/proj_ws/install/wamv_navigation/share/wamv_navigation/rviz/nav2_default_view.rviz
[0.633s] -- Up-to-date symlink: /home/luca002/proj_ws/install/wamv_navigation/share/wamv_navigation/rviz/nav2_namespaced_view.rviz
[0.633s] -- Up-to-date symlink: /home/luca002/proj_ws/install/wamv_navigation/share/wamv_navigation/rviz/rviz_vrx_final.rviz
[0.634s] -- Up-to-date symlink: /home/luca002/proj_ws/install/wamv_navigation/share/wamv_navigation/rviz/rviz_vrx_rsp.rviz
[0.634s] -- Up-to-date symlink: /home/luca002/proj_ws/install/wamv_navigation/share/ament_index/resource_index/package_run_dependencies/wamv_navigation
[0.635s] -- Up-to-date symlink: /home/luca002/proj_ws/install/wamv_navigation/share/ament_index/resource_index/parent_prefix_path/wamv_navigation
[0.635s] -- Up-to-date symlink: /home/luca002/proj_ws/install/wamv_navigation/share/wamv_navigation/environment/ament_prefix_path.sh
[0.636s] -- Up-to-date symlink: /home/luca002/proj_ws/install/wamv_navigation/share/wamv_navigation/environment/ament_prefix_path.dsv
[0.636s] -- Up-to-date symlink: /home/luca002/proj_ws/install/wamv_navigation/share/wamv_navigation/environment/path.sh
[0.636s] -- Up-to-date symlink: /home/luca002/proj_ws/install/wamv_navigation/share/wamv_navigation/environment/path.dsv
[0.636s] -- Up-to-date symlink: /home/luca002/proj_ws/install/wamv_navigation/share/wamv_navigation/local_setup.bash
[0.636s] -- Up-to-date symlink: /home/luca002/proj_ws/install/wamv_navigation/share/wamv_navigation/local_setup.sh
[0.637s] -- Up-to-date symlink: /home/luca002/proj_ws/install/wamv_navigation/share/wamv_navigation/local_setup.zsh
[0.637s] -- Up-to-date symlink: /home/luca002/proj_ws/install/wamv_navigation/share/wamv_navigation/local_setup.dsv
[0.637s] -- Symlinking: /home/luca002/proj_ws/install/wamv_navigation/share/wamv_navigation/package.dsv
[0.661s] -- Up-to-date symlink: /home/luca002/proj_ws/install/wamv_navigation/share/ament_index/resource_index/packages/wamv_navigation
[0.662s] -- Up-to-date symlink: /home/luca002/proj_ws/install/wamv_navigation/share/wamv_navigation/cmake/wamv_navigationConfig.cmake
[0.663s] -- Up-to-date symlink: /home/luca002/proj_ws/install/wamv_navigation/share/wamv_navigation/cmake/wamv_navigationConfig-version.cmake
[0.663s] -- Up-to-date symlink: /home/luca002/proj_ws/install/wamv_navigation/share/wamv_navigation/package.xml
[0.664s] -- Up-to-date: /home/luca002/proj_ws/install/wamv_navigation/lib/wamv_navigation
[0.664s] -- Up-to-date: /home/luca002/proj_ws/install/wamv_navigation/lib/wamv_navigation/maps
[0.664s] -- Up-to-date: /home/luca002/proj_ws/install/wamv_navigation/lib/wamv_navigation/params
[0.664s] -- Up-to-date: /home/luca002/proj_ws/install/wamv_navigation/lib/wamv_navigation/hooks
[0.665s] -- Up-to-date: /home/luca002/proj_ws/install/wamv_navigation/lib/wamv_navigation/launch
[0.666s] -- Up-to-date: /home/luca002/proj_ws/install/wamv_navigation/lib/wamv_navigation/launch/cloned_multi_tb3_simulation_launch.py
[0.666s] -- Up-to-date: /home/luca002/proj_ws/install/wamv_navigation/lib/wamv_navigation/launch/slam_launch.py
[0.666s] -- Up-to-date: /home/luca002/proj_ws/install/wamv_navigation/lib/wamv_navigation/launch/navigation_launch.py
[0.667s] -- Up-to-date: /home/luca002/proj_ws/install/wamv_navigation/lib/wamv_navigation/launch/rviz.launch.py
[0.667s] -- Up-to-date: /home/luca002/proj_ws/install/wamv_navigation/lib/wamv_navigation/launch/unique_multi_tb3_simulation_launch.py
[0.667s] -- Up-to-date: /home/luca002/proj_ws/install/wamv_navigation/lib/wamv_navigation/launch/tb4_loopback_simulation.launch.py
[0.668s] -- Up-to-date: /home/luca002/proj_ws/install/wamv_navigation/lib/wamv_navigation/launch/turtlebot3_state_publisher.launch.py
[0.668s] -- Up-to-date: /home/luca002/proj_ws/install/wamv_navigation/lib/wamv_navigation/launch/wamv_launch.py
[0.668s] -- Up-to-date: /home/luca002/proj_ws/install/wamv_navigation/lib/wamv_navigation/launch/robot.launch.py
[0.670s] -- Up-to-date: /home/luca002/proj_ws/install/wamv_navigation/lib/wamv_navigation/launch/tb3_loopback_simulation.launch.py
[0.670s] -- Up-to-date: /home/luca002/proj_ws/install/wamv_navigation/lib/wamv_navigation/launch/localization_launch.py
[0.670s] -- Up-to-date: /home/luca002/proj_ws/install/wamv_navigation/lib/wamv_navigation/launch/rviz2.launch.py
[0.670s] -- Up-to-date: /home/luca002/proj_ws/install/wamv_navigation/lib/wamv_navigation/launch/__init__.py
[0.671s] -- Up-to-date: /home/luca002/proj_ws/install/wamv_navigation/lib/wamv_navigation/launch/tb3_simulation_launch.py
[0.671s] -- Up-to-date: /home/luca002/proj_ws/install/wamv_navigation/lib/wamv_navigation/launch/rviz_launch.py
[0.671s] -- Up-to-date: /home/luca002/proj_ws/install/wamv_navigation/lib/wamv_navigation/launch/tb4_simulation_launch.py
[0.672s] -- Up-to-date: /home/luca002/proj_ws/install/wamv_navigation/lib/wamv_navigation/launch/spawn_tb3.launch.py
[0.672s] -- Up-to-date: /home/luca002/proj_ws/install/wamv_navigation/lib/wamv_navigation/launch/generate_wamv.launch.py
[0.672s] -- Up-to-date: /home/luca002/proj_ws/install/wamv_navigation/lib/wamv_navigation/launch/bringup_launch.py
[0.672s] -- Up-to-date: /home/luca002/proj_ws/install/wamv_navigation/lib/wamv_navigation/rviz
[0.672s] -- Up-to-date: /home/luca002/proj_ws/install/wamv_navigation/lib/wamv_navigation/config
[0.673s] -- Up-to-date: /home/luca002/proj_ws/install/wamv_navigation/share/wamv_navigation
[0.673s] -- Up-to-date: /home/luca002/proj_ws/install/wamv_navigation/share/wamv_navigation/maps
[0.673s] -- Up-to-date: /home/luca002/proj_ws/install/wamv_navigation/share/wamv_navigation/params
[0.673s] -- Up-to-date: /home/luca002/proj_ws/install/wamv_navigation/share/wamv_navigation/hooks
[0.674s] -- Up-to-date: /home/luca002/proj_ws/install/wamv_navigation/share/wamv_navigation/launch
[0.674s] -- Up-to-date: /home/luca002/proj_ws/install/wamv_navigation/share/wamv_navigation/rviz
[0.674s] -- Up-to-date: /home/luca002/proj_ws/install/wamv_navigation/share/wamv_navigation/config
[0.680s] Invoked command in '/home/luca002/proj_ws/build/wamv_navigation' returned '0': CMAKE_PREFIX_PATH=${CMAKE_PREFIX_PATH}:/home/luca002/proj_ws/install/python_node:/opt/ros/jazzy DEBUGINFOD_URLS=https://debuginfod.ubuntu.com /usr/bin/cmake --install /home/luca002/proj_ws/build/wamv_navigation
