[0.173s] Invoking command in '/home/luca002/proj_ws/build/wamv_gazebo': CMAKE_PREFIX_PATH=${CMAKE_PREFIX_PATH}:/home/luca002/ros_ws/install/robot_description_example:/home/luca002/proj_ws/install/python_node:/opt/ros/jazzy DEBUGINFOD_URLS=https://debuginfod.ubuntu.com /usr/bin/cmake --build /home/luca002/proj_ws/build/wamv_gazebo -- -j16 -l16
[0.217s] [  8%] Built target Waves
[0.217s] [  8%] Built target ScoringPlugin
[0.231s] [  8%] Built target ament_cmake_python_symlink_wamv_gazebo
[0.247s] [ 12%] Built target BallShooterPlugin
[0.248s] [ 27%] Built target StationkeepingScoringPlugin
[0.248s] [ 25%] Built target PolyhedraBuoyancyDrag
[0.248s] [ 33%] Built target WayfindingScoringPlugin
[0.248s] [ 41%] Built target AcousticTrackingScoringPlugin
[0.248s] [ 45%] Built target AcousticPerceptionScoringPlugin
[0.251s] [ 54%] Built target LightBuoyPlugin
[0.251s] [ 54%] Built target AcousticPingerPlugin
[0.255s] [ 58%] Built target NavigationScoringPlugin
[0.256s] [ 62%] Built target PerceptionScoringPlugin
[0.256s] [ 66%] Built target GymkhanaScoringPlugin
[0.256s] [ 75%] Built target PlacardPlugin
[0.256s] [ 75%] Built target PublisherPlugin
[0.256s] [ 79%] Built target ScanDockScoringPlugin
[0.257s] [ 83%] Built target SimpleHydrodynamics
[0.268s] [ 87%] Built target Surface
[0.270s] [ 91%] Built target WildlifeScoringPlugin
[0.270s] [ 95%] Built target WaveVisual
[0.271s] [100%] Built target USVWind
[0.433s] running egg_info
[0.448s] writing wamv_gazebo.egg-info/PKG-INFO
[0.448s] writing dependency_links to wamv_gazebo.egg-info/dependency_links.txt
[0.449s] writing top-level names to wamv_gazebo.egg-info/top_level.txt
[0.522s] reading manifest file 'wamv_gazebo.egg-info/SOURCES.txt'
[0.523s] writing manifest file 'wamv_gazebo.egg-info/SOURCES.txt'
[0.568s] [100%] Built target ament_cmake_python_build_wamv_gazebo_egg
[0.581s] Invoked command in '/home/luca002/proj_ws/build/wamv_gazebo' returned '0': CMAKE_PREFIX_PATH=${CMAKE_PREFIX_PATH}:/home/luca002/ros_ws/install/robot_description_example:/home/luca002/proj_ws/install/python_node:/opt/ros/jazzy DEBUGINFOD_URLS=https://debuginfod.ubuntu.com /usr/bin/cmake --build /home/luca002/proj_ws/build/wamv_gazebo -- -j16 -l16
[0.582s] Invoking command in '/home/luca002/proj_ws/build/wamv_gazebo': CMAKE_PREFIX_PATH=${CMAKE_PREFIX_PATH}:/home/luca002/ros_ws/install/robot_description_example:/home/luca002/proj_ws/install/python_node:/opt/ros/jazzy DEBUGINFOD_URLS=https://debuginfod.ubuntu.com /usr/bin/cmake --install /home/luca002/proj_ws/build/wamv_gazebo
[0.590s] -- Install configuration: ""
[0.590s] -- Execute custom install script
[0.590s] -- Up-to-date symlink: /home/luca002/proj_ws/install/wamv_gazebo/share/wamv_gazebo/environment/resource_paths.dsv
[0.590s] -- Up-to-date symlink: /home/luca002/proj_ws/install/wamv_gazebo/share/wamv_gazebo/environment/resource_paths.sh
[0.590s] -- Up-to-date symlink: /home/luca002/proj_ws/install/wamv_gazebo/lib/libWaves.so
[0.590s] -- Up-to-date symlink: /home/luca002/proj_ws/install/wamv_gazebo/lib/libPolyhedraBuoyancyDrag.so
[0.591s] -- Up-to-date symlink: /home/luca002/proj_ws/install/wamv_gazebo/lib/libScoringPlugin.so
[0.591s] -- Up-to-date symlink: /home/luca002/proj_ws/install/wamv_gazebo/lib/libStationkeepingScoringPlugin.so
[0.591s] -- Up-to-date symlink: /home/luca002/proj_ws/install/wamv_gazebo/lib/libWayfindingScoringPlugin.so
[0.591s] -- Up-to-date symlink: /home/luca002/proj_ws/install/wamv_gazebo/lib/libAcousticPerceptionScoringPlugin.so
[0.591s] -- Up-to-date symlink: /home/luca002/proj_ws/install/wamv_gazebo/lib/libAcousticTrackingScoringPlugin.so
[0.591s] -- Up-to-date symlink: /home/luca002/proj_ws/install/wamv_gazebo/lib/libAcousticPingerPlugin.so
[0.591s] -- Up-to-date symlink: /home/luca002/proj_ws/install/wamv_gazebo/lib/libBallShooterPlugin.so
[0.591s] -- Up-to-date symlink: /home/luca002/proj_ws/install/wamv_gazebo/lib/libLightBuoyPlugin.so
[0.591s] -- Up-to-date symlink: /home/luca002/proj_ws/install/wamv_gazebo/lib/libNavigationScoringPlugin.so
[0.592s] -- Up-to-date symlink: /home/luca002/proj_ws/install/wamv_gazebo/lib/libGymkhanaScoringPlugin.so
[0.592s] -- Up-to-date symlink: /home/luca002/proj_ws/install/wamv_gazebo/lib/libPerceptionScoringPlugin.so
[0.592s] -- Up-to-date symlink: /home/luca002/proj_ws/install/wamv_gazebo/lib/libPlacardPlugin.so
[0.592s] -- Up-to-date symlink: /home/luca002/proj_ws/install/wamv_gazebo/lib/libPublisherPlugin.so
[0.592s] -- Up-to-date symlink: /home/luca002/proj_ws/install/wamv_gazebo/lib/libScanDockScoringPlugin.so
[0.592s] -- Up-to-date symlink: /home/luca002/proj_ws/install/wamv_gazebo/lib/libSimpleHydrodynamics.so
[0.592s] -- Up-to-date symlink: /home/luca002/proj_ws/install/wamv_gazebo/lib/libSurface.so
[0.592s] -- Up-to-date symlink: /home/luca002/proj_ws/install/wamv_gazebo/lib/libUSVWind.so
[0.592s] -- Up-to-date symlink: /home/luca002/proj_ws/install/wamv_gazebo/lib/libWaveVisual.so
[0.592s] -- Up-to-date symlink: /home/luca002/proj_ws/install/wamv_gazebo/lib/libWildlifeScoringPlugin.so
[0.592s] -- Up-to-date symlink: /home/luca002/proj_ws/install/wamv_gazebo/share/wamv_gazebo/environment/pythonpath.sh
[0.592s] -- Up-to-date symlink: /home/luca002/proj_ws/install/wamv_gazebo/share/wamv_gazebo/environment/pythonpath.dsv
[0.593s] -- Up-to-date symlink: /home/luca002/proj_ws/install/wamv_gazebo/lib/python3.12/site-packages/wamv_gazebo-0.0.0-py3.12.egg-info/PKG-INFO
[0.593s] -- Up-to-date symlink: /home/luca002/proj_ws/install/wamv_gazebo/lib/python3.12/site-packages/wamv_gazebo-0.0.0-py3.12.egg-info/SOURCES.txt
[0.593s] -- Up-to-date symlink: /home/luca002/proj_ws/install/wamv_gazebo/lib/python3.12/site-packages/wamv_gazebo-0.0.0-py3.12.egg-info/dependency_links.txt
[0.593s] -- Up-to-date symlink: /home/luca002/proj_ws/install/wamv_gazebo/lib/python3.12/site-packages/wamv_gazebo-0.0.0-py3.12.egg-info/top_level.txt
[0.593s] -- Up-to-date symlink: /home/luca002/proj_ws/install/wamv_gazebo/lib/python3.12/site-packages/wamv_gazebo/__init__.py
[0.593s] -- Up-to-date symlink: /home/luca002/proj_ws/install/wamv_gazebo/lib/python3.12/site-packages/wamv_gazebo/bridge.py
[0.593s] -- Up-to-date symlink: /home/luca002/proj_ws/install/wamv_gazebo/lib/python3.12/site-packages/wamv_gazebo/bridges.py
[0.593s] -- Up-to-date symlink: /home/luca002/proj_ws/install/wamv_gazebo/lib/python3.12/site-packages/wamv_gazebo/launch.py
[0.593s] -- Up-to-date symlink: /home/luca002/proj_ws/install/wamv_gazebo/lib/python3.12/site-packages/wamv_gazebo/model.py
[0.593s] -- Up-to-date symlink: /home/luca002/proj_ws/install/wamv_gazebo/lib/python3.12/site-packages/wamv_gazebo/monitor_sim.py
[0.594s] -- Up-to-date symlink: /home/luca002/proj_ws/install/wamv_gazebo/lib/python3.12/site-packages/wamv_gazebo/payload_bridges.py
[0.594s] -- Up-to-date symlink: /home/luca002/proj_ws/install/wamv_gazebo/share/wamv_gazebo/launch/__init__.py
[0.594s] -- Up-to-date symlink: /home/luca002/proj_ws/install/wamv_gazebo/share/wamv_gazebo/launch/__pycache__/bridge.cpython-312.pyc
[0.594s] -- Up-to-date symlink: /home/luca002/proj_ws/install/wamv_gazebo/share/wamv_gazebo/launch/bridge.py
[0.594s] -- Up-to-date symlink: /home/luca002/proj_ws/install/wamv_gazebo/share/wamv_gazebo/launch/cartographer.launch.py
[0.594s] -- Up-to-date symlink: /home/luca002/proj_ws/install/wamv_gazebo/share/wamv_gazebo/launch/competition.launch.py
[0.594s] -- Up-to-date symlink: /home/luca002/proj_ws/install/wamv_gazebo/share/wamv_gazebo/launch/compliance.py
[0.594s] -- Up-to-date symlink: /home/luca002/proj_ws/install/wamv_gazebo/share/wamv_gazebo/launch/configure_wamv.py
[0.594s] -- Up-to-date symlink: /home/luca002/proj_ws/install/wamv_gazebo/share/wamv_gazebo/launch/launch1.py
[0.594s] -- Up-to-date symlink: /home/luca002/proj_ws/install/wamv_gazebo/share/wamv_gazebo/launch/launch2.py
[0.594s] -- Up-to-date symlink: /home/luca002/proj_ws/install/wamv_gazebo/share/wamv_gazebo/launch/launch3.py
[0.594s] -- Up-to-date symlink: /home/luca002/proj_ws/install/wamv_gazebo/share/wamv_gazebo/launch/launch4.py
[0.595s] -- Up-to-date symlink: /home/luca002/proj_ws/install/wamv_gazebo/share/wamv_gazebo/launch/launch5.py
[0.595s] -- Up-to-date symlink: /home/luca002/proj_ws/install/wamv_gazebo/share/wamv_gazebo/launch/launch6.py
[0.595s] -- Up-to-date symlink: /home/luca002/proj_ws/install/wamv_gazebo/share/wamv_gazebo/launch/occupancy_grid.launch.py
[0.595s] -- Up-to-date symlink: /home/luca002/proj_ws/install/wamv_gazebo/share/wamv_gazebo/launch/spawn.launch.py
[0.595s] -- Up-to-date symlink: /home/luca002/proj_ws/install/wamv_gazebo/share/wamv_gazebo/launch/spawn_config.launch.py
[0.595s] -- Up-to-date symlink: /home/luca002/proj_ws/install/wamv_gazebo/share/wamv_gazebo/launch/usv_joy_teleop.py
[0.595s] -- Up-to-date symlink: /home/luca002/proj_ws/install/wamv_gazebo/share/wamv_gazebo/launch/utils.py
[0.595s] -- Up-to-date symlink: /home/luca002/proj_ws/install/wamv_gazebo/share/wamv_gazebo/launch/vrx_environment.launch.py
[0.597s] -- Up-to-date symlink: /home/luca002/proj_ws/install/wamv_gazebo/share/wamv_gazebo/models/articulated_platform/model.config
[0.597s] -- Up-to-date symlink: /home/luca002/proj_ws/install/wamv_gazebo/share/wamv_gazebo/models/articulated_platform/model.sdf
[0.597s] -- Up-to-date symlink: /home/luca002/proj_ws/install/wamv_gazebo/share/wamv_gazebo/models/ball_shooter/materials/Textures/Launcher_Albedo.png
[0.597s] -- Up-to-date symlink: /home/luca002/proj_ws/install/wamv_gazebo/share/wamv_gazebo/models/ball_shooter/materials/Textures/Launcher_Metalness.png
[0.597s] -- Up-to-date symlink: /home/luca002/proj_ws/install/wamv_gazebo/share/wamv_gazebo/models/ball_shooter/materials/Textures/Launcher_Normal.png
[0.597s] -- Up-to-date symlink: /home/luca002/proj_ws/install/wamv_gazebo/share/wamv_gazebo/models/ball_shooter/materials/Textures/Launcher_Roughness.png
[0.597s] -- Up-to-date symlink: /home/luca002/proj_ws/install/wamv_gazebo/share/wamv_gazebo/models/ball_shooter/meshes/Launcher_Albedo.png
[0.597s] -- Up-to-date symlink: /home/luca002/proj_ws/install/wamv_gazebo/share/wamv_gazebo/models/ball_shooter/meshes/Launcher_BaseColor.png
[0.597s] -- Up-to-date symlink: /home/luca002/proj_ws/install/wamv_gazebo/share/wamv_gazebo/models/ball_shooter/meshes/ball_shooter_base.dae
[0.598s] -- Up-to-date symlink: /home/luca002/proj_ws/install/wamv_gazebo/share/wamv_gazebo/models/ball_shooter/meshes/ball_shooter_launcher.dae
[0.598s] -- Up-to-date symlink: /home/luca002/proj_ws/install/wamv_gazebo/share/wamv_gazebo/models/ball_shooter/model.config
[0.598s] -- Up-to-date symlink: /home/luca002/proj_ws/install/wamv_gazebo/share/wamv_gazebo/models/ball_shooter/model.sdf
[0.598s] -- Up-to-date symlink: /home/luca002/proj_ws/install/wamv_gazebo/share/wamv_gazebo/models/battery/mesh/battery.dae
[0.598s] -- Up-to-date symlink: /home/luca002/proj_ws/install/wamv_gazebo/share/wamv_gazebo/models/battery/mesh/battery.png
[0.598s] -- Up-to-date symlink: /home/luca002/proj_ws/install/wamv_gazebo/share/wamv_gazebo/models/battery/mesh/battery_Albedo.png
[0.598s] -- Up-to-date symlink: /home/luca002/proj_ws/install/wamv_gazebo/share/wamv_gazebo/models/battery/mesh/battery_Metalness.png
[0.598s] -- Up-to-date symlink: /home/luca002/proj_ws/install/wamv_gazebo/share/wamv_gazebo/models/battery/mesh/battery_Normal.png
[0.598s] -- Up-to-date symlink: /home/luca002/proj_ws/install/wamv_gazebo/share/wamv_gazebo/models/battery/mesh/battery_Roughness.png
[0.598s] -- Up-to-date symlink: /home/luca002/proj_ws/install/wamv_gazebo/share/wamv_gazebo/models/battery/model.config
[0.598s] -- Up-to-date symlink: /home/luca002/proj_ws/install/wamv_gazebo/share/wamv_gazebo/models/battery/model.sdf
[0.598s] -- Up-to-date symlink: /home/luca002/proj_ws/install/wamv_gazebo/share/wamv_gazebo/models/blue_projectile/model.config
[0.598s] -- Up-to-date symlink: /home/luca002/proj_ws/install/wamv_gazebo/share/wamv_gazebo/models/blue_projectile/model.sdf
[0.598s] -- Up-to-date symlink: /home/luca002/proj_ws/install/wamv_gazebo/share/wamv_gazebo/models/boat/materials/textures/Boat_Albedo.png
[0.598s] -- Up-to-date symlink: /home/luca002/proj_ws/install/wamv_gazebo/share/wamv_gazebo/models/boat/materials/textures/Boat_Metalness.png
[0.599s] -- Up-to-date symlink: /home/luca002/proj_ws/install/wamv_gazebo/share/wamv_gazebo/models/boat/materials/textures/Boat_Normal.png
[0.599s] -- Up-to-date symlink: /home/luca002/proj_ws/install/wamv_gazebo/share/wamv_gazebo/models/boat/materials/textures/Boat_Roughness.png
[0.599s] -- Up-to-date symlink: /home/luca002/proj_ws/install/wamv_gazebo/share/wamv_gazebo/models/boat/materials/textures/lidar_3d_v1.png
[0.599s] -- Up-to-date symlink: /home/luca002/proj_ws/install/wamv_gazebo/share/wamv_gazebo/models/boat/meshes/rcboat.dae
[0.599s] -- Up-to-date symlink: /home/luca002/proj_ws/install/wamv_gazebo/share/wamv_gazebo/models/boat/model.config
[0.599s] -- Up-to-date symlink: /home/luca002/proj_ws/install/wamv_gazebo/share/wamv_gazebo/models/boat/model.sdf
[0.599s] -- Up-to-date symlink: /home/luca002/proj_ws/install/wamv_gazebo/share/wamv_gazebo/models/boat/oldmodel/mmodel.sdf
[0.599s] -- Up-to-date symlink: /home/luca002/proj_ws/install/wamv_gazebo/share/wamv_gazebo/models/boat/thumbnails/boat/1.png
[0.599s] -- Up-to-date symlink: /home/luca002/proj_ws/install/wamv_gazebo/share/wamv_gazebo/models/boat/thumbnails/boat/2.png
[0.599s] -- Up-to-date symlink: /home/luca002/proj_ws/install/wamv_gazebo/share/wamv_gazebo/models/boat/thumbnails/boat/3.png
[0.599s] -- Up-to-date symlink: /home/luca002/proj_ws/install/wamv_gazebo/share/wamv_gazebo/models/boat/thumbnails/boat/4.png
[0.599s] -- Up-to-date symlink: /home/luca002/proj_ws/install/wamv_gazebo/share/wamv_gazebo/models/boat/thumbnails/boat/5.png
[0.599s] -- Up-to-date symlink: /home/luca002/proj_ws/install/wamv_gazebo/share/wamv_gazebo/models/coast_waves/materials/programs/GerstnerWaves_fs_330.glsl
[0.599s] -- Up-to-date symlink: /home/luca002/proj_ws/install/wamv_gazebo/share/wamv_gazebo/models/coast_waves/materials/programs/GerstnerWaves_vs_330.glsl
[0.599s] -- Up-to-date symlink: /home/luca002/proj_ws/install/wamv_gazebo/share/wamv_gazebo/models/coast_waves/materials/textures/skybox_lowres.dds
[0.600s] -- Up-to-date symlink: /home/luca002/proj_ws/install/wamv_gazebo/share/wamv_gazebo/models/coast_waves/materials/textures/wave_normals.dds
[0.600s] -- Up-to-date symlink: /home/luca002/proj_ws/install/wamv_gazebo/share/wamv_gazebo/models/coast_waves/meshes/waterlow.dae
[0.600s] -- Up-to-date symlink: /home/luca002/proj_ws/install/wamv_gazebo/share/wamv_gazebo/models/coast_waves/model.config
[0.600s] -- Up-to-date symlink: /home/luca002/proj_ws/install/wamv_gazebo/share/wamv_gazebo/models/coast_waves/model.sdf
[0.600s] -- Up-to-date symlink: /home/luca002/proj_ws/install/wamv_gazebo/share/wamv_gazebo/models/cpu_cases/mesh/cpu_cases.dae
[0.600s] -- Up-to-date symlink: /home/luca002/proj_ws/install/wamv_gazebo/share/wamv_gazebo/models/cpu_cases/mesh/cpu_cases.png
[0.600s] -- Up-to-date symlink: /home/luca002/proj_ws/install/wamv_gazebo/share/wamv_gazebo/models/cpu_cases/mesh/cpu_cases_Albedo.png
[0.600s] -- Up-to-date symlink: /home/luca002/proj_ws/install/wamv_gazebo/share/wamv_gazebo/models/cpu_cases/mesh/cpu_cases_Metalness.png
[0.600s] -- Up-to-date symlink: /home/luca002/proj_ws/install/wamv_gazebo/share/wamv_gazebo/models/cpu_cases/mesh/cpu_cases_Normal.png
[0.600s] -- Up-to-date symlink: /home/luca002/proj_ws/install/wamv_gazebo/share/wamv_gazebo/models/cpu_cases/mesh/cpu_cases_Roughness.png
[0.600s] -- Up-to-date symlink: /home/luca002/proj_ws/install/wamv_gazebo/share/wamv_gazebo/models/cpu_cases/model.config
[0.600s] -- Up-to-date symlink: /home/luca002/proj_ws/install/wamv_gazebo/share/wamv_gazebo/models/cpu_cases/model.sdf
[0.600s] -- Up-to-date symlink: /home/luca002/proj_ws/install/wamv_gazebo/share/wamv_gazebo/models/dock_2022/model.config
[0.600s] -- Up-to-date symlink: /home/luca002/proj_ws/install/wamv_gazebo/share/wamv_gazebo/models/dock_2022/model.sdf
[0.600s] -- Up-to-date symlink: /home/luca002/proj_ws/install/wamv_gazebo/share/wamv_gazebo/models/dock_2022_base/model.config
[0.600s] -- Up-to-date symlink: /home/luca002/proj_ws/install/wamv_gazebo/share/wamv_gazebo/models/dock_2022_base/model.sdf
[0.600s] -- Up-to-date symlink: /home/luca002/proj_ws/install/wamv_gazebo/share/wamv_gazebo/models/dock_block_4x4/mesh/DockCubes_Albedo.png
[0.601s] -- Up-to-date symlink: /home/luca002/proj_ws/install/wamv_gazebo/share/wamv_gazebo/models/dock_block_4x4/mesh/DockCubes_Metalness.png
[0.601s] -- Up-to-date symlink: /home/luca002/proj_ws/install/wamv_gazebo/share/wamv_gazebo/models/dock_block_4x4/mesh/DockCubes_Normal.png
[0.601s] -- Up-to-date symlink: /home/luca002/proj_ws/install/wamv_gazebo/share/wamv_gazebo/models/dock_block_4x4/mesh/DockCubes_Roughness.png
[0.601s] -- Up-to-date symlink: /home/luca002/proj_ws/install/wamv_gazebo/share/wamv_gazebo/models/dock_block_4x4/mesh/dock_block_4x4.dae
[0.601s] -- Up-to-date symlink: /home/luca002/proj_ws/install/wamv_gazebo/share/wamv_gazebo/models/dock_block_4x4/model.config
[0.601s] -- Up-to-date symlink: /home/luca002/proj_ws/install/wamv_gazebo/share/wamv_gazebo/models/dock_block_4x4/model.sdf
[0.601s] -- Up-to-date symlink: /home/luca002/proj_ws/install/wamv_gazebo/share/wamv_gazebo/models/engine/mesh/engine.dae
[0.601s] -- Up-to-date symlink: /home/luca002/proj_ws/install/wamv_gazebo/share/wamv_gazebo/models/engine/model.config
[0.601s] -- Up-to-date symlink: /home/luca002/proj_ws/install/wamv_gazebo/share/wamv_gazebo/models/entrance_exit/model.config
[0.601s] -- Up-to-date symlink: /home/luca002/proj_ws/install/wamv_gazebo/share/wamv_gazebo/models/entrance_exit/model.sdf
[0.601s] -- Up-to-date symlink: /home/luca002/proj_ws/install/wamv_gazebo/share/wamv_gazebo/models/gps/mesh/gps.dae
[0.601s] -- Up-to-date symlink: /home/luca002/proj_ws/install/wamv_gazebo/share/wamv_gazebo/models/gps/mesh/gps.png
[0.601s] -- Up-to-date symlink: /home/luca002/proj_ws/install/wamv_gazebo/share/wamv_gazebo/models/gps/model.config
[0.601s] -- Up-to-date symlink: /home/luca002/proj_ws/install/wamv_gazebo/share/wamv_gazebo/models/lidar/materials/textures/lidar_3d_v1.png
[0.601s] -- Up-to-date symlink: /home/luca002/proj_ws/install/wamv_gazebo/share/wamv_gazebo/models/lidar/meshes/lidar_3d_v1.dae
[0.601s] -- Up-to-date symlink: /home/luca002/proj_ws/install/wamv_gazebo/share/wamv_gazebo/models/lidar/meshes/lidar_3d_v1.png
[0.601s] -- Up-to-date symlink: /home/luca002/proj_ws/install/wamv_gazebo/share/wamv_gazebo/models/lidar/model.config
[0.601s] -- Up-to-date symlink: /home/luca002/proj_ws/install/wamv_gazebo/share/wamv_gazebo/models/lidar/model.sdf
[0.601s] -- Up-to-date symlink: /home/luca002/proj_ws/install/wamv_gazebo/share/wamv_gazebo/models/lidar/thumbnails/1.png
[0.601s] -- Up-to-date symlink: /home/luca002/proj_ws/install/wamv_gazebo/share/wamv_gazebo/models/lidar/thumbnails/2.png
[0.602s] -- Up-to-date symlink: /home/luca002/proj_ws/install/wamv_gazebo/share/wamv_gazebo/models/lidar/thumbnails/3.png
[0.602s] -- Up-to-date symlink: /home/luca002/proj_ws/install/wamv_gazebo/share/wamv_gazebo/models/lidar/thumbnails/4.png
[0.602s] -- Up-to-date symlink: /home/luca002/proj_ws/install/wamv_gazebo/share/wamv_gazebo/models/lidar/thumbnails/5.png
[0.602s] -- Up-to-date symlink: /home/luca002/proj_ws/install/wamv_gazebo/share/wamv_gazebo/models/light_buoy/meshes/LightTower_Albedo.png
[0.602s] -- Up-to-date symlink: /home/luca002/proj_ws/install/wamv_gazebo/share/wamv_gazebo/models/light_buoy/meshes/LightTower_Metalness.png
[0.602s] -- Up-to-date symlink: /home/luca002/proj_ws/install/wamv_gazebo/share/wamv_gazebo/models/light_buoy/meshes/LightTower_Normal.png
[0.602s] -- Up-to-date symlink: /home/luca002/proj_ws/install/wamv_gazebo/share/wamv_gazebo/models/light_buoy/meshes/LightTower_Opacity.png
[0.602s] -- Up-to-date symlink: /home/luca002/proj_ws/install/wamv_gazebo/share/wamv_gazebo/models/light_buoy/meshes/LightTower_Roughness.png
[0.602s] -- Up-to-date symlink: /home/luca002/proj_ws/install/wamv_gazebo/share/wamv_gazebo/models/light_buoy/meshes/light_buoy.dae
[0.602s] -- Up-to-date symlink: /home/luca002/proj_ws/install/wamv_gazebo/share/wamv_gazebo/models/light_buoy/model.config
[0.602s] -- Up-to-date symlink: /home/luca002/proj_ws/install/wamv_gazebo/share/wamv_gazebo/models/light_buoy/model.sdf
[0.602s] -- Symlinking: /home/luca002/proj_ws/install/wamv_gazebo/share/wamv_gazebo/models/marker_buoy_black/materials/textures/MarkerBuoy_Base_Color.png
[0.613s] -- Symlinking: /home/luca002/proj_ws/install/wamv_gazebo/share/wamv_gazebo/models/marker_buoy_black/materials/textures/MarkerBuoy_Roughness.png
[0.622s] -- Symlinking: /home/luca002/proj_ws/install/wamv_gazebo/share/wamv_gazebo/models/marker_buoy_black/meshes/mb_marker_buoy.dae
[0.629s] -- Symlinking: /home/luca002/proj_ws/install/wamv_gazebo/share/wamv_gazebo/models/marker_buoy_black/model.config
[0.636s] -- Symlinking: /home/luca002/proj_ws/install/wamv_gazebo/share/wamv_gazebo/models/marker_buoy_black/model.sdf
[0.641s] -- Symlinking: /home/luca002/proj_ws/install/wamv_gazebo/share/wamv_gazebo/models/marker_buoy_black/thumbnails/1.png
[0.647s] -- Symlinking: /home/luca002/proj_ws/install/wamv_gazebo/share/wamv_gazebo/models/marker_buoy_black/thumbnails/2.png
[0.653s] -- Symlinking: /home/luca002/proj_ws/install/wamv_gazebo/share/wamv_gazebo/models/marker_buoy_black/thumbnails/3.png
[0.659s] -- Symlinking: /home/luca002/proj_ws/install/wamv_gazebo/share/wamv_gazebo/models/marker_buoy_black/thumbnails/4.png
[0.666s] -- Symlinking: /home/luca002/proj_ws/install/wamv_gazebo/share/wamv_gazebo/models/marker_buoy_black/thumbnails/5.png
[0.672s] -- Symlinking: /home/luca002/proj_ws/install/wamv_gazebo/share/wamv_gazebo/models/marker_buoy_green/materials/textures/MarkerBuoy_Base_Color.png
[0.678s] -- Symlinking: /home/luca002/proj_ws/install/wamv_gazebo/share/wamv_gazebo/models/marker_buoy_green/materials/textures/MarkerBuoy_Roughness.png
[0.685s] -- Symlinking: /home/luca002/proj_ws/install/wamv_gazebo/share/wamv_gazebo/models/marker_buoy_green/meshes/mb_marker_buoy.dae
[0.692s] -- Symlinking: /home/luca002/proj_ws/install/wamv_gazebo/share/wamv_gazebo/models/marker_buoy_green/model.config
[0.699s] -- Symlinking: /home/luca002/proj_ws/install/wamv_gazebo/share/wamv_gazebo/models/marker_buoy_green/model.sdf
[0.709s] -- Symlinking: /home/luca002/proj_ws/install/wamv_gazebo/share/wamv_gazebo/models/marker_buoy_green/thumbnails/1.png
[0.718s] -- Symlinking: /home/luca002/proj_ws/install/wamv_gazebo/share/wamv_gazebo/models/marker_buoy_green/thumbnails/2.png
[0.727s] -- Symlinking: /home/luca002/proj_ws/install/wamv_gazebo/share/wamv_gazebo/models/marker_buoy_green/thumbnails/3.png
[0.734s] -- Symlinking: /home/luca002/proj_ws/install/wamv_gazebo/share/wamv_gazebo/models/marker_buoy_green/thumbnails/4.png
[0.742s] -- Symlinking: /home/luca002/proj_ws/install/wamv_gazebo/share/wamv_gazebo/models/marker_buoy_green/thumbnails/5.png
[0.750s] -- Symlinking: /home/luca002/proj_ws/install/wamv_gazebo/share/wamv_gazebo/models/marker_buoy_red/materials/textures/MarkerBuoy_Base_Color.png
[0.757s] -- Symlinking: /home/luca002/proj_ws/install/wamv_gazebo/share/wamv_gazebo/models/marker_buoy_red/materials/textures/MarkerBuoy_Roughness.png
[0.764s] -- Symlinking: /home/luca002/proj_ws/install/wamv_gazebo/share/wamv_gazebo/models/marker_buoy_red/meshes/mb_marker_buoy.dae
[0.772s] -- Symlinking: /home/luca002/proj_ws/install/wamv_gazebo/share/wamv_gazebo/models/marker_buoy_red/model.config
[0.779s] -- Symlinking: /home/luca002/proj_ws/install/wamv_gazebo/share/wamv_gazebo/models/marker_buoy_red/model.sdf
[0.787s] -- Symlinking: /home/luca002/proj_ws/install/wamv_gazebo/share/wamv_gazebo/models/marker_buoy_red/thumbnails/1.png
[0.794s] -- Symlinking: /home/luca002/proj_ws/install/wamv_gazebo/share/wamv_gazebo/models/marker_buoy_red/thumbnails/2.png
[0.802s] -- Symlinking: /home/luca002/proj_ws/install/wamv_gazebo/share/wamv_gazebo/models/marker_buoy_red/thumbnails/3.png
[0.814s] -- Symlinking: /home/luca002/proj_ws/install/wamv_gazebo/share/wamv_gazebo/models/marker_buoy_red/thumbnails/4.png
[0.822s] -- Symlinking: /home/luca002/proj_ws/install/wamv_gazebo/share/wamv_gazebo/models/marker_buoy_red/thumbnails/5.png
[0.829s] -- Symlinking: /home/luca002/proj_ws/install/wamv_gazebo/share/wamv_gazebo/models/marker_buoy_white/materials/textures/MarkerBuoy_Base_Color.png
[0.837s] -- Symlinking: /home/luca002/proj_ws/install/wamv_gazebo/share/wamv_gazebo/models/marker_buoy_white/materials/textures/MarkerBuoy_Roughness.png
[0.845s] -- Symlinking: /home/luca002/proj_ws/install/wamv_gazebo/share/wamv_gazebo/models/marker_buoy_white/meshes/mb_marker_buoy.dae
[0.852s] -- Symlinking: /home/luca002/proj_ws/install/wamv_gazebo/share/wamv_gazebo/models/marker_buoy_white/model.config
[0.860s] -- Symlinking: /home/luca002/proj_ws/install/wamv_gazebo/share/wamv_gazebo/models/marker_buoy_white/model.sdf
[0.867s] -- Symlinking: /home/luca002/proj_ws/install/wamv_gazebo/share/wamv_gazebo/models/marker_buoy_white/thumbnails/1.png
[0.875s] -- Symlinking: /home/luca002/proj_ws/install/wamv_gazebo/share/wamv_gazebo/models/marker_buoy_white/thumbnails/2.png
[0.883s] -- Symlinking: /home/luca002/proj_ws/install/wamv_gazebo/share/wamv_gazebo/models/marker_buoy_white/thumbnails/3.png
[0.890s] -- Symlinking: /home/luca002/proj_ws/install/wamv_gazebo/share/wamv_gazebo/models/marker_buoy_white/thumbnails/4.png
[0.901s] -- Symlinking: /home/luca002/proj_ws/install/wamv_gazebo/share/wamv_gazebo/models/marker_buoy_white/thumbnails/5.png
[0.909s] -- Up-to-date symlink: /home/luca002/proj_ws/install/wamv_gazebo/share/wamv_gazebo/models/mono_camera/mesh/mono_camera.dae
[0.909s] -- Up-to-date symlink: /home/luca002/proj_ws/install/wamv_gazebo/share/wamv_gazebo/models/mono_camera/mesh/mono_camera.png
[0.909s] -- Up-to-date symlink: /home/luca002/proj_ws/install/wamv_gazebo/share/wamv_gazebo/models/mono_camera/mesh/mono_camera_Albedo.png
[0.909s] -- Up-to-date symlink: /home/luca002/proj_ws/install/wamv_gazebo/share/wamv_gazebo/models/mono_camera/mesh/mono_camera_Metalness.png
[0.909s] -- Up-to-date symlink: /home/luca002/proj_ws/install/wamv_gazebo/share/wamv_gazebo/models/mono_camera/mesh/mono_camera_Normal.png
[0.909s] -- Up-to-date symlink: /home/luca002/proj_ws/install/wamv_gazebo/share/wamv_gazebo/models/mono_camera/mesh/mono_camera_Roughness.png
[0.909s] -- Up-to-date symlink: /home/luca002/proj_ws/install/wamv_gazebo/share/wamv_gazebo/models/mono_camera/model.config
[0.909s] -- Up-to-date symlink: /home/luca002/proj_ws/install/wamv_gazebo/share/wamv_gazebo/models/mono_camera/model.sdf
[0.910s] -- Up-to-date symlink: /home/luca002/proj_ws/install/wamv_gazebo/share/wamv_gazebo/models/placard_2022/materials/textures/Placard.png
[0.910s] -- Up-to-date symlink: /home/luca002/proj_ws/install/wamv_gazebo/share/wamv_gazebo/models/placard_2022/meshes/placard_2022.dae
[0.910s] -- Up-to-date symlink: /home/luca002/proj_ws/install/wamv_gazebo/share/wamv_gazebo/models/placard_2022/model.config
[0.910s] -- Up-to-date symlink: /home/luca002/proj_ws/install/wamv_gazebo/share/wamv_gazebo/models/placard_2022/model.sdf
[0.910s] -- Up-to-date symlink: /home/luca002/proj_ws/install/wamv_gazebo/share/wamv_gazebo/models/platform/model.config
[0.910s] -- Up-to-date symlink: /home/luca002/proj_ws/install/wamv_gazebo/share/wamv_gazebo/models/platform/model.sdf
[0.910s] -- Up-to-date symlink: /home/luca002/proj_ws/install/wamv_gazebo/share/wamv_gazebo/models/propeller/mesh/propeller.dae
[0.910s] -- Up-to-date symlink: /home/luca002/proj_ws/install/wamv_gazebo/share/wamv_gazebo/models/propeller/model.config
[0.910s] -- Up-to-date symlink: /home/luca002/proj_ws/install/wamv_gazebo/share/wamv_gazebo/models/roboboat01/materials/scripts/model.material
[0.910s] -- Up-to-date symlink: /home/luca002/proj_ws/install/wamv_gazebo/share/wamv_gazebo/models/roboboat01/materials/textures/Boat01_Albedo.png
[0.911s] -- Up-to-date symlink: /home/luca002/proj_ws/install/wamv_gazebo/share/wamv_gazebo/models/roboboat01/materials/textures/Boat01_Metallic.png
[0.911s] -- Up-to-date symlink: /home/luca002/proj_ws/install/wamv_gazebo/share/wamv_gazebo/models/roboboat01/materials/textures/Boat01_Normal.png
[0.911s] -- Up-to-date symlink: /home/luca002/proj_ws/install/wamv_gazebo/share/wamv_gazebo/models/roboboat01/materials/textures/Boat01_Roughness.png
[0.911s] -- Up-to-date symlink: /home/luca002/proj_ws/install/wamv_gazebo/share/wamv_gazebo/models/roboboat01/materials/textures/Thruster_Albedo.png
[0.911s] -- Up-to-date symlink: /home/luca002/proj_ws/install/wamv_gazebo/share/wamv_gazebo/models/roboboat01/materials/textures/Thruster_Roughness.png
[0.911s] -- Up-to-date symlink: /home/luca002/proj_ws/install/wamv_gazebo/share/wamv_gazebo/models/roboboat01/meshes/housing.dae
[0.911s] -- Up-to-date symlink: /home/luca002/proj_ws/install/wamv_gazebo/share/wamv_gazebo/models/roboboat01/meshes/mount.dae
[0.911s] -- Up-to-date symlink: /home/luca002/proj_ws/install/wamv_gazebo/share/wamv_gazebo/models/roboboat01/meshes/prop.dae
[0.911s] -- Up-to-date symlink: /home/luca002/proj_ws/install/wamv_gazebo/share/wamv_gazebo/models/roboboat01/meshes/roboboat01.dae
[0.911s] -- Up-to-date symlink: /home/luca002/proj_ws/install/wamv_gazebo/share/wamv_gazebo/models/roboboat01/model.config
[0.912s] -- Up-to-date symlink: /home/luca002/proj_ws/install/wamv_gazebo/share/wamv_gazebo/models/roboboat01/model.sdf
[0.912s] -- Up-to-date symlink: /home/luca002/proj_ws/install/wamv_gazebo/share/wamv_gazebo/models/roboboat02/materials/scripts/model.material
[0.912s] -- Up-to-date symlink: /home/luca002/proj_ws/install/wamv_gazebo/share/wamv_gazebo/models/roboboat02/materials/textures/Boat02_Albedo.png
[0.912s] -- Up-to-date symlink: /home/luca002/proj_ws/install/wamv_gazebo/share/wamv_gazebo/models/roboboat02/materials/textures/Boat02_Metallic.png
[0.912s] -- Up-to-date symlink: /home/luca002/proj_ws/install/wamv_gazebo/share/wamv_gazebo/models/roboboat02/materials/textures/Boat02_Normal.png
[0.912s] -- Up-to-date symlink: /home/luca002/proj_ws/install/wamv_gazebo/share/wamv_gazebo/models/roboboat02/materials/textures/Boat02_Roughness.png
[0.912s] -- Up-to-date symlink: /home/luca002/proj_ws/install/wamv_gazebo/share/wamv_gazebo/models/roboboat02/meshes/roboboat02.dae
[0.912s] -- Up-to-date symlink: /home/luca002/proj_ws/install/wamv_gazebo/share/wamv_gazebo/models/roboboat02/model.config
[0.912s] -- Up-to-date symlink: /home/luca002/proj_ws/install/wamv_gazebo/share/wamv_gazebo/models/roboboat02/model.sdf
[0.913s] -- Up-to-date symlink: /home/luca002/proj_ws/install/wamv_gazebo/share/wamv_gazebo/models/roboboat_cpubox/materials/textures/DryBox_Albedo.png
[0.913s] -- Up-to-date symlink: /home/luca002/proj_ws/install/wamv_gazebo/share/wamv_gazebo/models/roboboat_cpubox/materials/textures/DryBox_Roughness.png
[0.913s] -- Up-to-date symlink: /home/luca002/proj_ws/install/wamv_gazebo/share/wamv_gazebo/models/roboboat_cpubox/meshes/drybox.dae
[0.913s] -- Up-to-date symlink: /home/luca002/proj_ws/install/wamv_gazebo/share/wamv_gazebo/models/roboboat_cpubox/model.config
[0.913s] -- Up-to-date symlink: /home/luca002/proj_ws/install/wamv_gazebo/share/wamv_gazebo/models/roboboat_cpubox/model.sdf
[0.913s] -- Symlinking: /home/luca002/proj_ws/install/wamv_gazebo/share/wamv_gazebo/models/round_buoy_black/materials/textures/RoundBarrierBuoy_Base_Color.png
[0.925s] -- Symlinking: /home/luca002/proj_ws/install/wamv_gazebo/share/wamv_gazebo/models/round_buoy_black/materials/textures/RoundBarrierBuoy_Roughness.png
[0.933s] -- Symlinking: /home/luca002/proj_ws/install/wamv_gazebo/share/wamv_gazebo/models/round_buoy_black/meshes/mb_round_buoy.dae
[0.941s] -- Symlinking: /home/luca002/proj_ws/install/wamv_gazebo/share/wamv_gazebo/models/round_buoy_black/model.config
[0.948s] -- Symlinking: /home/luca002/proj_ws/install/wamv_gazebo/share/wamv_gazebo/models/round_buoy_black/model.sdf
[0.956s] -- Symlinking: /home/luca002/proj_ws/install/wamv_gazebo/share/wamv_gazebo/models/round_buoy_black/thumbnails/1.png
[0.964s] -- Symlinking: /home/luca002/proj_ws/install/wamv_gazebo/share/wamv_gazebo/models/round_buoy_black/thumbnails/2.png
[0.971s] -- Symlinking: /home/luca002/proj_ws/install/wamv_gazebo/share/wamv_gazebo/models/round_buoy_black/thumbnails/3.png
[0.978s] -- Symlinking: /home/luca002/proj_ws/install/wamv_gazebo/share/wamv_gazebo/models/round_buoy_black/thumbnails/4.png
[0.985s] -- Symlinking: /home/luca002/proj_ws/install/wamv_gazebo/share/wamv_gazebo/models/round_buoy_black/thumbnails/5.png
[0.993s] -- Symlinking: /home/luca002/proj_ws/install/wamv_gazebo/share/wamv_gazebo/models/round_buoy_orange/materials/textures/RoundBarrierBuoy_Base_Color.png
[1.000s] -- Symlinking: /home/luca002/proj_ws/install/wamv_gazebo/share/wamv_gazebo/models/round_buoy_orange/materials/textures/RoundBarrierBuoy_Roughness.png
[1.009s] -- Symlinking: /home/luca002/proj_ws/install/wamv_gazebo/share/wamv_gazebo/models/round_buoy_orange/meshes/mb_round_buoy.dae
[1.017s] -- Symlinking: /home/luca002/proj_ws/install/wamv_gazebo/share/wamv_gazebo/models/round_buoy_orange/model.config
[1.025s] -- Symlinking: /home/luca002/proj_ws/install/wamv_gazebo/share/wamv_gazebo/models/round_buoy_orange/model.sdf
[1.032s] -- Symlinking: /home/luca002/proj_ws/install/wamv_gazebo/share/wamv_gazebo/models/round_buoy_orange/thumbnails/1.png
[1.040s] -- Symlinking: /home/luca002/proj_ws/install/wamv_gazebo/share/wamv_gazebo/models/round_buoy_orange/thumbnails/2.png
[1.050s] -- Symlinking: /home/luca002/proj_ws/install/wamv_gazebo/share/wamv_gazebo/models/round_buoy_orange/thumbnails/3.png
[1.060s] -- Symlinking: /home/luca002/proj_ws/install/wamv_gazebo/share/wamv_gazebo/models/round_buoy_orange/thumbnails/4.png
[1.070s] -- Symlinking: /home/luca002/proj_ws/install/wamv_gazebo/share/wamv_gazebo/models/round_buoy_orange/thumbnails/5.png
[1.081s] -- Up-to-date symlink: /home/luca002/proj_ws/install/wamv_gazebo/share/wamv_gazebo/models/sensor_post/mesh/sensor_post.dae
[1.081s] -- Up-to-date symlink: /home/luca002/proj_ws/install/wamv_gazebo/share/wamv_gazebo/models/sensor_post/mesh/sensor_post.png
[1.081s] -- Up-to-date symlink: /home/luca002/proj_ws/install/wamv_gazebo/share/wamv_gazebo/models/sensor_post/mesh/sensor_post_arm.dae
[1.081s] -- Up-to-date symlink: /home/luca002/proj_ws/install/wamv_gazebo/share/wamv_gazebo/models/sensor_post/model.config
[1.081s] -- Up-to-date symlink: /home/luca002/proj_ws/install/wamv_gazebo/share/wamv_gazebo/models/sensor_post/model.sdf
[1.081s] -- Up-to-date symlink: /home/luca002/proj_ws/install/wamv_gazebo/share/wamv_gazebo/models/symbol_triangle/mesh/triangle.dae
[1.081s] -- Up-to-date symlink: /home/luca002/proj_ws/install/wamv_gazebo/share/wamv_gazebo/models/symbol_triangle/model.config
[1.081s] -- Up-to-date symlink: /home/luca002/proj_ws/install/wamv_gazebo/share/wamv_gazebo/models/symbol_triangle/model.sdf
[1.081s] -- Up-to-date symlink: /home/luca002/proj_ws/install/wamv_gazebo/share/wamv_gazebo/models/tripod/model.config
[1.081s] -- Up-to-date symlink: /home/luca002/proj_ws/install/wamv_gazebo/share/wamv_gazebo/models/tripod/model.sdf
[1.082s] -- Up-to-date symlink: /home/luca002/proj_ws/install/wamv_gazebo/share/wamv_gazebo/models/vessel/materials/textures/Boat01_Albedo.jpg
[1.082s] -- Up-to-date symlink: /home/luca002/proj_ws/install/wamv_gazebo/share/wamv_gazebo/models/vessel/materials/textures/Boat01_Normal.jpg
[1.082s] -- Up-to-date symlink: /home/luca002/proj_ws/install/wamv_gazebo/share/wamv_gazebo/models/vessel/materials/textures/Boat01_Roughness.jpg
[1.082s] -- Up-to-date symlink: /home/luca002/proj_ws/install/wamv_gazebo/share/wamv_gazebo/models/vessel/meshes/Boat01.dae
[1.082s] -- Up-to-date symlink: /home/luca002/proj_ws/install/wamv_gazebo/share/wamv_gazebo/models/vessel/model.config
[1.082s] -- Up-to-date symlink: /home/luca002/proj_ws/install/wamv_gazebo/share/wamv_gazebo/models/vessel/model.sdf
[1.082s] -- Up-to-date symlink: /home/luca002/proj_ws/install/wamv_gazebo/share/wamv_gazebo/models/vessel/thumbnails/1.png
[1.082s] -- Up-to-date symlink: /home/luca002/proj_ws/install/wamv_gazebo/share/wamv_gazebo/models/wamv/meshes/WAM-V-Base.dae
[1.082s] -- Up-to-date symlink: /home/luca002/proj_ws/install/wamv_gazebo/share/wamv_gazebo/models/wamv/meshes/WamV.png
[1.083s] -- Up-to-date symlink: /home/luca002/proj_ws/install/wamv_gazebo/share/wamv_gazebo/models/wamv/meshes/battery.dae
[1.083s] -- Up-to-date symlink: /home/luca002/proj_ws/install/wamv_gazebo/share/wamv_gazebo/models/wamv/meshes/battery.png
[1.083s] -- Up-to-date symlink: /home/luca002/proj_ws/install/wamv_gazebo/share/wamv_gazebo/models/wamv/meshes/battery_Albedo.png
[1.083s] -- Up-to-date symlink: /home/luca002/proj_ws/install/wamv_gazebo/share/wamv_gazebo/models/wamv/meshes/battery_Metalness.png
[1.083s] -- Up-to-date symlink: /home/luca002/proj_ws/install/wamv_gazebo/share/wamv_gazebo/models/wamv/meshes/battery_Normal.png
[1.083s] -- Up-to-date symlink: /home/luca002/proj_ws/install/wamv_gazebo/share/wamv_gazebo/models/wamv/meshes/battery_Roughness.png
[1.083s] -- Up-to-date symlink: /home/luca002/proj_ws/install/wamv_gazebo/share/wamv_gazebo/models/wamv/meshes/cpu_cases.dae
[1.083s] -- Up-to-date symlink: /home/luca002/proj_ws/install/wamv_gazebo/share/wamv_gazebo/models/wamv/meshes/cpu_cases.png
[1.083s] -- Up-to-date symlink: /home/luca002/proj_ws/install/wamv_gazebo/share/wamv_gazebo/models/wamv/meshes/cpu_cases_Albedo.png
[1.084s] -- Up-to-date symlink: /home/luca002/proj_ws/install/wamv_gazebo/share/wamv_gazebo/models/wamv/meshes/cpu_cases_Metalness.png
[1.084s] -- Up-to-date symlink: /home/luca002/proj_ws/install/wamv_gazebo/share/wamv_gazebo/models/wamv/meshes/cpu_cases_Normal.png
[1.084s] -- Up-to-date symlink: /home/luca002/proj_ws/install/wamv_gazebo/share/wamv_gazebo/models/wamv/meshes/cpu_cases_Roughness.png
[1.084s] -- Up-to-date symlink: /home/luca002/proj_ws/install/wamv_gazebo/share/wamv_gazebo/models/wamv/meshes/engine.dae
[1.084s] -- Up-to-date symlink: /home/luca002/proj_ws/install/wamv_gazebo/share/wamv_gazebo/models/wamv/meshes/legs.dae
[1.084s] -- Up-to-date symlink: /home/luca002/proj_ws/install/wamv_gazebo/share/wamv_gazebo/models/wamv/meshes/lidar_3d_v1 copy.png
[1.084s] -- Up-to-date symlink: /home/luca002/proj_ws/install/wamv_gazebo/share/wamv_gazebo/models/wamv/meshes/lidar_3d_v1.dae
[1.084s] -- Up-to-date symlink: /home/luca002/proj_ws/install/wamv_gazebo/share/wamv_gazebo/models/wamv/meshes/lidar_3d_v1.png
[1.084s] -- Up-to-date symlink: /home/luca002/proj_ws/install/wamv_gazebo/share/wamv_gazebo/models/wamv/meshes/propeller.dae
[1.085s] -- Up-to-date symlink: /home/luca002/proj_ws/install/wamv_gazebo/share/wamv_gazebo/models/wamv/meshes/ring.dae
[1.085s] -- Up-to-date symlink: /home/luca002/proj_ws/install/wamv_gazebo/share/wamv_gazebo/models/wamv/model.config
[1.085s] -- Up-to-date symlink: /home/luca002/proj_ws/install/wamv_gazebo/share/wamv_gazebo/models/wamv/model.sdf
[1.085s] -- Up-to-date symlink: /home/luca002/proj_ws/install/wamv_gazebo/share/wamv_gazebo/models/wamv/old/oldmodel.sdf
[1.085s] -- Up-to-date symlink: /home/luca002/proj_ws/install/wamv_gazebo/share/wamv_gazebo/worlds/sydney.sdf
[1.086s] -- Up-to-date symlink: /home/luca002/proj_ws/install/wamv_gazebo/share/wamv_gazebo/urdf/battery.xacro
[1.086s] -- Up-to-date symlink: /home/luca002/proj_ws/install/wamv_gazebo/share/wamv_gazebo/urdf/cpu_cases.xacro
[1.086s] -- Up-to-date symlink: /home/luca002/proj_ws/install/wamv_gazebo/share/wamv_gazebo/urdf/dynamics/wamv_gazebo_dynamics_plugin.xacro
[1.086s] -- Up-to-date symlink: /home/luca002/proj_ws/install/wamv_gazebo/share/wamv_gazebo/urdf/gz_waffle.sdf.xacro
[1.086s] -- Up-to-date symlink: /home/luca002/proj_ws/install/wamv_gazebo/share/wamv_gazebo/urdf/macros.xacro
[1.086s] -- Up-to-date symlink: /home/luca002/proj_ws/install/wamv_gazebo/share/wamv_gazebo/urdf/model.urdf.xacro
[1.086s] -- Up-to-date symlink: /home/luca002/proj_ws/install/wamv_gazebo/share/wamv_gazebo/urdf/model2.sdf
[1.086s] -- Up-to-date symlink: /home/luca002/proj_ws/install/wamv_gazebo/share/wamv_gazebo/urdf/thruster_layouts/wamv_aft_thrusters.xacro
[1.086s] -- Up-to-date symlink: /home/luca002/proj_ws/install/wamv_gazebo/share/wamv_gazebo/urdf/thruster_layouts/wamv_gazebo_thruster_config.xacro
[1.087s] -- Up-to-date symlink: /home/luca002/proj_ws/install/wamv_gazebo/share/wamv_gazebo/urdf/thruster_layouts/wamv_t_thrusters.xacro
[1.087s] -- Up-to-date symlink: /home/luca002/proj_ws/install/wamv_gazebo/share/wamv_gazebo/urdf/thruster_layouts/wamv_x_thrusters.xacro
[1.087s] -- Up-to-date symlink: /home/luca002/proj_ws/install/wamv_gazebo/share/wamv_gazebo/urdf/thrusters/engine.xacro
[1.087s] -- Up-to-date symlink: /home/luca002/proj_ws/install/wamv_gazebo/share/wamv_gazebo/urdf/turtlebot3_waffle.urdf
[1.087s] -- Up-to-date symlink: /home/luca002/proj_ws/install/wamv_gazebo/share/wamv_gazebo/urdf/wamv_base.urdf.xacro
[1.087s] -- Up-to-date symlink: /home/luca002/proj_ws/install/wamv_gazebo/share/wamv_gazebo/urdf/wamv_gazebo.urdf.xacro
[1.087s] -- Up-to-date symlink: /home/luca002/proj_ws/install/wamv_gazebo/share/wamv_gazebo/urdf/wamv_gazebo.xacro
[1.087s] -- Up-to-date symlink: /home/luca002/proj_ws/install/wamv_gazebo/share/ament_index/resource_index/package_run_dependencies/wamv_gazebo
[1.088s] -- Up-to-date symlink: /home/luca002/proj_ws/install/wamv_gazebo/share/ament_index/resource_index/parent_prefix_path/wamv_gazebo
[1.088s] -- Up-to-date symlink: /home/luca002/proj_ws/install/wamv_gazebo/share/wamv_gazebo/environment/ament_prefix_path.sh
[1.088s] -- Up-to-date symlink: /home/luca002/proj_ws/install/wamv_gazebo/share/wamv_gazebo/environment/ament_prefix_path.dsv
[1.088s] -- Up-to-date symlink: /home/luca002/proj_ws/install/wamv_gazebo/share/wamv_gazebo/environment/path.sh
[1.088s] -- Up-to-date symlink: /home/luca002/proj_ws/install/wamv_gazebo/share/wamv_gazebo/environment/path.dsv
[1.088s] -- Up-to-date symlink: /home/luca002/proj_ws/install/wamv_gazebo/share/wamv_gazebo/local_setup.bash
[1.089s] -- Up-to-date symlink: /home/luca002/proj_ws/install/wamv_gazebo/share/wamv_gazebo/local_setup.sh
[1.089s] -- Up-to-date symlink: /home/luca002/proj_ws/install/wamv_gazebo/share/wamv_gazebo/local_setup.zsh
[1.089s] -- Up-to-date symlink: /home/luca002/proj_ws/install/wamv_gazebo/share/wamv_gazebo/local_setup.dsv
[1.089s] -- Symlinking: /home/luca002/proj_ws/install/wamv_gazebo/share/wamv_gazebo/package.dsv
[1.099s] -- Up-to-date symlink: /home/luca002/proj_ws/install/wamv_gazebo/share/ament_index/resource_index/packages/wamv_gazebo
[1.099s] -- Up-to-date symlink: /home/luca002/proj_ws/install/wamv_gazebo/share/wamv_gazebo/cmake/wamv_gazeboConfig.cmake
[1.099s] -- Up-to-date symlink: /home/luca002/proj_ws/install/wamv_gazebo/share/wamv_gazebo/cmake/wamv_gazeboConfig-version.cmake
[1.099s] -- Up-to-date symlink: /home/luca002/proj_ws/install/wamv_gazebo/share/wamv_gazebo/package.xml
[1.132s] Listing '/home/luca002/proj_ws/install/wamv_gazebo/lib/python3.12/site-packages/wamv_gazebo'...
[1.140s] Invoked command in '/home/luca002/proj_ws/build/wamv_gazebo' returned '0': CMAKE_PREFIX_PATH=${CMAKE_PREFIX_PATH}:/home/luca002/ros_ws/install/robot_description_example:/home/luca002/proj_ws/install/python_node:/opt/ros/jazzy DEBUGINFOD_URLS=https://debuginfod.ubuntu.com /usr/bin/cmake --install /home/luca002/proj_ws/build/wamv_gazebo
