[0.026s] Invoking command in '/home/luca002/proj_ws/build/custom_interface': CMAKE_PREFIX_PATH=${CMAKE_PREFIX_PATH}:/home/luca002/proj_ws/install/python_node:/home/luca002/proj_ws/install/py_pubsub:/home/luca002/proj_ws/install/lidar_node:/opt/ros/jazzy DEBUGINFOD_URLS=https://debuginfod.ubuntu.com /usr/bin/cmake --build /home/luca002/proj_ws/build/custom_interface -- -j16 -l16
[0.484s] [  2%] Built target custom_interface__rosidl_generator_type_description
[0.484s] [  2%] Built target ament_cmake_python_symlink_custom_interface
[0.484s] [  4%] Built target custom_interface__cpp
[0.484s] [ 22%] Built target custom_interface__rosidl_generator_c
[0.484s] [ 75%] Built target custom_interface__rosidl_typesupport_cpp
[0.484s] [ 75%] Built target custom_interface__rosidl_typesupport_c
[0.484s] [ 75%] Built target custom_interface__rosidl_typesupport_introspection_cpp
[0.484s] [ 75%] Built target custom_interface__rosidl_typesupport_fastrtps_cpp
[0.484s] [ 75%] Built target custom_interface__rosidl_typesupport_introspection_c
[0.485s] [ 77%] Built target custom_interface__rosidl_typesupport_fastrtps_c
[0.485s] [ 77%] Built target custom_interface
[0.485s] [ 79%] Built target custom_interface__py
[0.485s] [ 86%] Built target custom_interface__rosidl_generator_py
[0.485s] [100%] Built target custom_interface_s__rosidl_typesupport_fastrtps_c
[0.485s] [100%] Built target custom_interface_s__rosidl_typesupport_introspection_c
[0.485s] [100%] Built target custom_interface_s__rosidl_typesupport_c
[0.485s] running egg_info
[0.485s] writing custom_interface.egg-info/PKG-INFO
[0.485s] writing dependency_links to custom_interface.egg-info/dependency_links.txt
[0.485s] writing top-level names to custom_interface.egg-info/top_level.txt
[0.485s] reading manifest file 'custom_interface.egg-info/SOURCES.txt'
[0.485s] writing manifest file 'custom_interface.egg-info/SOURCES.txt'
[0.485s] [100%] Built target ament_cmake_python_build_custom_interface_egg
[0.486s] Invoked command in '/home/luca002/proj_ws/build/custom_interface' returned '0': CMAKE_PREFIX_PATH=${CMAKE_PREFIX_PATH}:/home/luca002/proj_ws/install/python_node:/home/luca002/proj_ws/install/py_pubsub:/home/luca002/proj_ws/install/lidar_node:/opt/ros/jazzy DEBUGINFOD_URLS=https://debuginfod.ubuntu.com /usr/bin/cmake --build /home/luca002/proj_ws/build/custom_interface -- -j16 -l16
[0.493s] Invoking command in '/home/luca002/proj_ws/build/custom_interface': CMAKE_PREFIX_PATH=${CMAKE_PREFIX_PATH}:/home/luca002/proj_ws/install/python_node:/home/luca002/proj_ws/install/py_pubsub:/home/luca002/proj_ws/install/lidar_node:/opt/ros/jazzy DEBUGINFOD_URLS=https://debuginfod.ubuntu.com /usr/bin/cmake --install /home/luca002/proj_ws/build/custom_interface
[0.499s] -- Install configuration: ""
[0.499s] -- Execute custom install script
[0.499s] -- Up-to-date symlink: /home/luca002/proj_ws/install/custom_interface/share/ament_index/resource_index/rosidl_interfaces/custom_interface
[0.499s] -- Up-to-date symlink: /home/luca002/proj_ws/install/custom_interface/share/custom_interface/msg/CustomMsg.json
[0.499s] -- Up-to-date symlink: /home/luca002/proj_ws/install/custom_interface/share/custom_interface/srv/CustomSrv.json
[0.500s] -- Up-to-date symlink: /home/luca002/proj_ws/install/custom_interface/include/custom_interface/custom_interface/msg/custom_msg.h
[0.500s] -- Up-to-date symlink: /home/luca002/proj_ws/install/custom_interface/include/custom_interface/custom_interface/msg/detail/custom_msg__functions.h
[0.500s] -- Up-to-date symlink: /home/luca002/proj_ws/install/custom_interface/include/custom_interface/custom_interface/msg/detail/custom_msg__struct.h
[0.500s] -- Up-to-date symlink: /home/luca002/proj_ws/install/custom_interface/include/custom_interface/custom_interface/msg/detail/custom_msg__type_support.h
[0.500s] -- Up-to-date symlink: /home/luca002/proj_ws/install/custom_interface/include/custom_interface/custom_interface/msg/rosidl_generator_c__visibility_control.h
[0.500s] -- Up-to-date symlink: /home/luca002/proj_ws/install/custom_interface/include/custom_interface/custom_interface/srv/custom_srv.h
[0.500s] -- Up-to-date symlink: /home/luca002/proj_ws/install/custom_interface/include/custom_interface/custom_interface/srv/detail/custom_srv__functions.h
[0.500s] -- Up-to-date symlink: /home/luca002/proj_ws/install/custom_interface/include/custom_interface/custom_interface/srv/detail/custom_srv__struct.h
[0.500s] -- Up-to-date symlink: /home/luca002/proj_ws/install/custom_interface/include/custom_interface/custom_interface/srv/detail/custom_srv__type_support.h
[0.500s] -- Up-to-date symlink: /home/luca002/proj_ws/install/custom_interface/share/custom_interface/environment/library_path.sh
[0.500s] -- Up-to-date symlink: /home/luca002/proj_ws/install/custom_interface/share/custom_interface/environment/library_path.dsv
[0.501s] -- Up-to-date symlink: /home/luca002/proj_ws/install/custom_interface/include/custom_interface/custom_interface/msg/detail/custom_msg__rosidl_typesupport_fastrtps_c.h
[0.501s] -- Up-to-date symlink: /home/luca002/proj_ws/install/custom_interface/include/custom_interface/custom_interface/msg/rosidl_typesupport_fastrtps_c__visibility_control.h
[0.501s] -- Up-to-date symlink: /home/luca002/proj_ws/install/custom_interface/include/custom_interface/custom_interface/srv/detail/custom_srv__rosidl_typesupport_fastrtps_c.h
[0.501s] -- Up-to-date symlink: /home/luca002/proj_ws/install/custom_interface/include/custom_interface/custom_interface/msg/custom_msg.hpp
[0.501s] -- Up-to-date symlink: /home/luca002/proj_ws/install/custom_interface/include/custom_interface/custom_interface/msg/detail/custom_msg__builder.hpp
[0.501s] -- Up-to-date symlink: /home/luca002/proj_ws/install/custom_interface/include/custom_interface/custom_interface/msg/detail/custom_msg__struct.hpp
[0.501s] -- Up-to-date symlink: /home/luca002/proj_ws/install/custom_interface/include/custom_interface/custom_interface/msg/detail/custom_msg__traits.hpp
[0.501s] -- Up-to-date symlink: /home/luca002/proj_ws/install/custom_interface/include/custom_interface/custom_interface/msg/detail/custom_msg__type_support.hpp
[0.501s] -- Up-to-date symlink: /home/luca002/proj_ws/install/custom_interface/include/custom_interface/custom_interface/msg/rosidl_generator_cpp__visibility_control.hpp
[0.501s] -- Up-to-date symlink: /home/luca002/proj_ws/install/custom_interface/include/custom_interface/custom_interface/srv/custom_srv.hpp
[0.502s] -- Up-to-date symlink: /home/luca002/proj_ws/install/custom_interface/include/custom_interface/custom_interface/srv/detail/custom_srv__builder.hpp
[0.502s] -- Up-to-date symlink: /home/luca002/proj_ws/install/custom_interface/include/custom_interface/custom_interface/srv/detail/custom_srv__struct.hpp
[0.502s] -- Up-to-date symlink: /home/luca002/proj_ws/install/custom_interface/include/custom_interface/custom_interface/srv/detail/custom_srv__traits.hpp
[0.502s] -- Up-to-date symlink: /home/luca002/proj_ws/install/custom_interface/include/custom_interface/custom_interface/srv/detail/custom_srv__type_support.hpp
[0.502s] -- Up-to-date symlink: /home/luca002/proj_ws/install/custom_interface/include/custom_interface/custom_interface/msg/detail/custom_msg__rosidl_typesupport_fastrtps_cpp.hpp
[0.502s] -- Up-to-date symlink: /home/luca002/proj_ws/install/custom_interface/include/custom_interface/custom_interface/msg/rosidl_typesupport_fastrtps_cpp__visibility_control.h
[0.502s] -- Up-to-date symlink: /home/luca002/proj_ws/install/custom_interface/include/custom_interface/custom_interface/srv/detail/custom_srv__rosidl_typesupport_fastrtps_cpp.hpp
[0.502s] -- Up-to-date symlink: /home/luca002/proj_ws/install/custom_interface/include/custom_interface/custom_interface/msg/detail/custom_msg__rosidl_typesupport_introspection_c.h
[0.502s] -- Up-to-date symlink: /home/luca002/proj_ws/install/custom_interface/include/custom_interface/custom_interface/msg/rosidl_typesupport_introspection_c__visibility_control.h
[0.502s] -- Up-to-date symlink: /home/luca002/proj_ws/install/custom_interface/include/custom_interface/custom_interface/srv/detail/custom_srv__rosidl_typesupport_introspection_c.h
[0.503s] -- Up-to-date symlink: /home/luca002/proj_ws/install/custom_interface/include/custom_interface/custom_interface/msg/detail/custom_msg__rosidl_typesupport_introspection_cpp.hpp
[0.503s] -- Up-to-date symlink: /home/luca002/proj_ws/install/custom_interface/include/custom_interface/custom_interface/srv/detail/custom_srv__rosidl_typesupport_introspection_cpp.hpp
[0.503s] -- Up-to-date symlink: /home/luca002/proj_ws/install/custom_interface/share/custom_interface/environment/pythonpath.sh
[0.503s] -- Up-to-date symlink: /home/luca002/proj_ws/install/custom_interface/share/custom_interface/environment/pythonpath.dsv
[0.503s] -- Up-to-date symlink: /home/luca002/proj_ws/install/custom_interface/lib/python3.12/site-packages/custom_interface-0.0.0-py3.12.egg-info/PKG-INFO
[0.503s] -- Up-to-date symlink: /home/luca002/proj_ws/install/custom_interface/lib/python3.12/site-packages/custom_interface-0.0.0-py3.12.egg-info/SOURCES.txt
[0.503s] -- Up-to-date symlink: /home/luca002/proj_ws/install/custom_interface/lib/python3.12/site-packages/custom_interface-0.0.0-py3.12.egg-info/dependency_links.txt
[0.503s] -- Up-to-date symlink: /home/luca002/proj_ws/install/custom_interface/lib/python3.12/site-packages/custom_interface-0.0.0-py3.12.egg-info/top_level.txt
[0.504s] -- Up-to-date symlink: /home/luca002/proj_ws/install/custom_interface/lib/python3.12/site-packages/custom_interface/__init__.py
[0.504s] -- Up-to-date symlink: /home/luca002/proj_ws/install/custom_interface/lib/python3.12/site-packages/custom_interface/_custom_interface_s.ep.rosidl_typesupport_c.c
[0.504s] -- Up-to-date symlink: /home/luca002/proj_ws/install/custom_interface/lib/python3.12/site-packages/custom_interface/_custom_interface_s.ep.rosidl_typesupport_fastrtps_c.c
[0.504s] -- Up-to-date symlink: /home/luca002/proj_ws/install/custom_interface/lib/python3.12/site-packages/custom_interface/_custom_interface_s.ep.rosidl_typesupport_introspection_c.c
[0.504s] -- Up-to-date symlink: /home/luca002/proj_ws/install/custom_interface/lib/python3.12/site-packages/custom_interface/custom_interface_s__rosidl_typesupport_c.so
[0.504s] -- Up-to-date symlink: /home/luca002/proj_ws/install/custom_interface/lib/python3.12/site-packages/custom_interface/custom_interface_s__rosidl_typesupport_fastrtps_c.so
[0.504s] -- Up-to-date symlink: /home/luca002/proj_ws/install/custom_interface/lib/python3.12/site-packages/custom_interface/custom_interface_s__rosidl_typesupport_introspection_c.so
[0.504s] -- Up-to-date symlink: /home/luca002/proj_ws/install/custom_interface/lib/python3.12/site-packages/custom_interface/msg/__init__.py
[0.504s] -- Up-to-date symlink: /home/luca002/proj_ws/install/custom_interface/lib/python3.12/site-packages/custom_interface/msg/_custom_msg.py
[0.504s] -- Up-to-date symlink: /home/luca002/proj_ws/install/custom_interface/lib/python3.12/site-packages/custom_interface/msg/_custom_msg_s.c
[0.504s] -- Up-to-date symlink: /home/luca002/proj_ws/install/custom_interface/lib/python3.12/site-packages/custom_interface/srv/__init__.py
[0.504s] -- Up-to-date symlink: /home/luca002/proj_ws/install/custom_interface/lib/python3.12/site-packages/custom_interface/srv/_custom_srv.py
[0.504s] -- Up-to-date symlink: /home/luca002/proj_ws/install/custom_interface/lib/python3.12/site-packages/custom_interface/srv/_custom_srv_s.c
[0.505s] -- Up-to-date symlink: /home/luca002/proj_ws/install/custom_interface/lib/python3.12/site-packages/custom_interface/custom_interface_s__rosidl_typesupport_fastrtps_c.so
[0.505s] -- Up-to-date symlink: /home/luca002/proj_ws/install/custom_interface/lib/python3.12/site-packages/custom_interface/custom_interface_s__rosidl_typesupport_introspection_c.so
[0.505s] -- Up-to-date symlink: /home/luca002/proj_ws/install/custom_interface/lib/python3.12/site-packages/custom_interface/custom_interface_s__rosidl_typesupport_c.so
[0.505s] -- Up-to-date symlink: /home/luca002/proj_ws/install/custom_interface/share/custom_interface/msg/CustomMsg.idl
[0.505s] -- Up-to-date symlink: /home/luca002/proj_ws/install/custom_interface/share/custom_interface/srv/CustomSrv.idl
[0.505s] -- Up-to-date symlink: /home/luca002/proj_ws/install/custom_interface/share/custom_interface/msg/CustomMsg.msg
[0.505s] -- Up-to-date symlink: /home/luca002/proj_ws/install/custom_interface/share/custom_interface/srv/CustomSrv.srv
[0.506s] -- Up-to-date symlink: /home/luca002/proj_ws/install/custom_interface/share/ament_index/resource_index/package_run_dependencies/custom_interface
[0.506s] -- Up-to-date symlink: /home/luca002/proj_ws/install/custom_interface/share/ament_index/resource_index/parent_prefix_path/custom_interface
[0.506s] -- Up-to-date symlink: /home/luca002/proj_ws/install/custom_interface/share/custom_interface/environment/ament_prefix_path.sh
[0.506s] -- Up-to-date symlink: /home/luca002/proj_ws/install/custom_interface/share/custom_interface/environment/ament_prefix_path.dsv
[0.506s] -- Up-to-date symlink: /home/luca002/proj_ws/install/custom_interface/share/custom_interface/environment/path.sh
[0.506s] -- Up-to-date symlink: /home/luca002/proj_ws/install/custom_interface/share/custom_interface/environment/path.dsv
[0.506s] -- Up-to-date symlink: /home/luca002/proj_ws/install/custom_interface/share/custom_interface/local_setup.bash
[0.506s] -- Up-to-date symlink: /home/luca002/proj_ws/install/custom_interface/share/custom_interface/local_setup.sh
[0.506s] -- Up-to-date symlink: /home/luca002/proj_ws/install/custom_interface/share/custom_interface/local_setup.zsh
[0.506s] -- Up-to-date symlink: /home/luca002/proj_ws/install/custom_interface/share/custom_interface/local_setup.dsv
[0.506s] -- Symlinking: /home/luca002/proj_ws/install/custom_interface/share/custom_interface/package.dsv
[0.514s] -- Up-to-date symlink: /home/luca002/proj_ws/install/custom_interface/share/ament_index/resource_index/packages/custom_interface
[0.514s] -- Up-to-date symlink: /home/luca002/proj_ws/install/custom_interface/share/custom_interface/cmake/rosidl_cmake-extras.cmake
[0.514s] -- Up-to-date symlink: /home/luca002/proj_ws/install/custom_interface/share/custom_interface/cmake/ament_cmake_export_dependencies-extras.cmake
[0.514s] -- Up-to-date symlink: /home/luca002/proj_ws/install/custom_interface/share/custom_interface/cmake/ament_cmake_export_include_directories-extras.cmake
[0.514s] -- Up-to-date symlink: /home/luca002/proj_ws/install/custom_interface/share/custom_interface/cmake/ament_cmake_export_libraries-extras.cmake
[0.514s] -- Up-to-date symlink: /home/luca002/proj_ws/install/custom_interface/share/custom_interface/cmake/ament_cmake_export_targets-extras.cmake
[0.515s] -- Up-to-date symlink: /home/luca002/proj_ws/install/custom_interface/share/custom_interface/cmake/rosidl_cmake_export_typesupport_targets-extras.cmake
[0.515s] -- Up-to-date symlink: /home/luca002/proj_ws/install/custom_interface/share/custom_interface/cmake/rosidl_cmake_export_typesupport_libraries-extras.cmake
[0.515s] -- Up-to-date symlink: /home/luca002/proj_ws/install/custom_interface/share/custom_interface/cmake/custom_interfaceConfig.cmake
[0.515s] -- Up-to-date symlink: /home/luca002/proj_ws/install/custom_interface/share/custom_interface/cmake/custom_interfaceConfig-version.cmake
[0.515s] -- Up-to-date symlink: /home/luca002/proj_ws/install/custom_interface/share/custom_interface/package.xml
[0.515s] -- Up-to-date: /home/luca002/proj_ws/install/custom_interface/lib/libcustom_interface__rosidl_generator_c.so
[0.515s] -- Up-to-date: /home/luca002/proj_ws/install/custom_interface/lib/libcustom_interface__rosidl_typesupport_fastrtps_c.so
[0.515s] -- Up-to-date: /home/luca002/proj_ws/install/custom_interface/lib/libcustom_interface__rosidl_typesupport_fastrtps_cpp.so
[0.515s] -- Up-to-date: /home/luca002/proj_ws/install/custom_interface/lib/libcustom_interface__rosidl_typesupport_introspection_c.so
[0.516s] -- Up-to-date: /home/luca002/proj_ws/install/custom_interface/lib/libcustom_interface__rosidl_typesupport_c.so
[0.516s] -- Up-to-date: /home/luca002/proj_ws/install/custom_interface/lib/libcustom_interface__rosidl_typesupport_introspection_cpp.so
[0.516s] -- Up-to-date: /home/luca002/proj_ws/install/custom_interface/lib/libcustom_interface__rosidl_typesupport_cpp.so
[0.547s] Listing '/home/luca002/proj_ws/install/custom_interface/lib/python3.12/site-packages/custom_interface'...
[0.547s] Listing '/home/luca002/proj_ws/install/custom_interface/lib/python3.12/site-packages/custom_interface/msg'...
[0.547s] Listing '/home/luca002/proj_ws/install/custom_interface/lib/python3.12/site-packages/custom_interface/srv'...
[0.554s] -- Up-to-date: /home/luca002/proj_ws/install/custom_interface/lib/libcustom_interface__rosidl_generator_py.so
[0.554s] -- Up-to-date: /home/luca002/proj_ws/install/custom_interface/share/custom_interface/cmake/export_custom_interface__rosidl_generator_cExport.cmake
[0.554s] -- Up-to-date: /home/luca002/proj_ws/install/custom_interface/share/custom_interface/cmake/export_custom_interface__rosidl_generator_cExport-noconfig.cmake
[0.555s] -- Up-to-date: /home/luca002/proj_ws/install/custom_interface/share/custom_interface/cmake/export_custom_interface__rosidl_typesupport_fastrtps_cExport.cmake
[0.555s] -- Up-to-date: /home/luca002/proj_ws/install/custom_interface/share/custom_interface/cmake/export_custom_interface__rosidl_typesupport_fastrtps_cExport-noconfig.cmake
[0.555s] -- Up-to-date: /home/luca002/proj_ws/install/custom_interface/share/custom_interface/cmake/export_custom_interface__rosidl_generator_cppExport.cmake
[0.555s] -- Up-to-date: /home/luca002/proj_ws/install/custom_interface/share/custom_interface/cmake/export_custom_interface__rosidl_typesupport_fastrtps_cppExport.cmake
[0.555s] -- Up-to-date: /home/luca002/proj_ws/install/custom_interface/share/custom_interface/cmake/export_custom_interface__rosidl_typesupport_fastrtps_cppExport-noconfig.cmake
[0.556s] -- Up-to-date: /home/luca002/proj_ws/install/custom_interface/share/custom_interface/cmake/custom_interface__rosidl_typesupport_introspection_cExport.cmake
[0.556s] -- Up-to-date: /home/luca002/proj_ws/install/custom_interface/share/custom_interface/cmake/custom_interface__rosidl_typesupport_introspection_cExport-noconfig.cmake
[0.556s] -- Up-to-date: /home/luca002/proj_ws/install/custom_interface/share/custom_interface/cmake/custom_interface__rosidl_typesupport_cExport.cmake
[0.556s] -- Up-to-date: /home/luca002/proj_ws/install/custom_interface/share/custom_interface/cmake/custom_interface__rosidl_typesupport_cExport-noconfig.cmake
[0.556s] -- Up-to-date: /home/luca002/proj_ws/install/custom_interface/share/custom_interface/cmake/custom_interface__rosidl_typesupport_introspection_cppExport.cmake
[0.556s] -- Up-to-date: /home/luca002/proj_ws/install/custom_interface/share/custom_interface/cmake/custom_interface__rosidl_typesupport_introspection_cppExport-noconfig.cmake
[0.556s] -- Up-to-date: /home/luca002/proj_ws/install/custom_interface/share/custom_interface/cmake/custom_interface__rosidl_typesupport_cppExport.cmake
[0.556s] -- Up-to-date: /home/luca002/proj_ws/install/custom_interface/share/custom_interface/cmake/custom_interface__rosidl_typesupport_cppExport-noconfig.cmake
[0.556s] -- Up-to-date: /home/luca002/proj_ws/install/custom_interface/share/custom_interface/cmake/export_custom_interface__rosidl_generator_pyExport.cmake
[0.557s] -- Up-to-date: /home/luca002/proj_ws/install/custom_interface/share/custom_interface/cmake/export_custom_interface__rosidl_generator_pyExport-noconfig.cmake
[0.559s] Invoked command in '/home/luca002/proj_ws/build/custom_interface' returned '0': CMAKE_PREFIX_PATH=${CMAKE_PREFIX_PATH}:/home/luca002/proj_ws/install/python_node:/home/luca002/proj_ws/install/py_pubsub:/home/luca002/proj_ws/install/lidar_node:/opt/ros/jazzy DEBUGINFOD_URLS=https://debuginfod.ubuntu.com /usr/bin/cmake --install /home/luca002/proj_ws/build/custom_interface
