[0.069s] DEBUG:colcon:Command line arguments: ['/usr/bin/colcon', 'build', '--symlink-install']
[0.069s] DEBUG:colcon:Parsed command line arguments: Namespace(log_base=None, log_level=None, verb_name='build', build_base='build', install_base='install', merge_install=False, symlink_install=True, test_result_base=None, continue_on_error=False, executor='parallel', parallel_workers=16, event_handlers=None, ignore_user_meta=False, metas=['./colcon.meta'], base_paths=['.'], packages_ignore=None, packages_ignore_regex=None, paths=None, packages_up_to=None, packages_up_to_regex=None, packages_above=None, packages_above_and_dependencies=None, packages_above_depth=None, packages_select_by_dep=None, packages_skip_by_dep=None, packages_skip_up_to=None, packages_select_build_failed=False, packages_skip_build_finished=False, packages_select_test_failures=False, packages_skip_test_passed=False, packages_select=None, packages_skip=None, packages_select_regex=None, packages_skip_regex=None, packages_start=None, packages_end=None, allow_overriding=[], cmake_args=None, cmake_target=None, cmake_target_skip_unavailable=False, cmake_clean_cache=False, cmake_clean_first=False, cmake_force_configure=False, ament_cmake_args=None, catkin_cmake_args=None, catkin_skip_building_tests=False, mixin_files=None, mixin=None, verb_parser=<colcon_mixin.mixin.mixin_argument.MixinArgumentDecorator object at 0x7b9a22b9a630>, verb_extension=<colcon_core.verb.build.BuildVerb object at 0x7b9a22b9a2a0>, main=<bound method BuildVerb.main of <colcon_core.verb.build.BuildVerb object at 0x7b9a22b9a2a0>>, mixin_verb=('build',))
[0.093s] Level 1:colcon.colcon_core.package_discovery:discover_packages(colcon_meta) check parameters
[0.094s] Level 1:colcon.colcon_core.package_discovery:discover_packages(recursive) check parameters
[0.094s] Level 1:colcon.colcon_core.package_discovery:discover_packages(ignore) check parameters
[0.094s] Level 1:colcon.colcon_core.package_discovery:discover_packages(path) check parameters
[0.094s] Level 1:colcon.colcon_core.package_discovery:discover_packages(colcon_meta) discover
[0.094s] Level 1:colcon.colcon_core.package_discovery:discover_packages(recursive) discover
[0.094s] INFO:colcon.colcon_core.package_discovery:Crawling recursively for packages in '/home/luca002/proj_ws'
[0.094s] Level 1:colcon.colcon_core.package_identification:_identify(.) by extensions ['ignore', 'ignore_ament_install']
[0.094s] Level 1:colcon.colcon_core.package_identification:_identify(.) by extension 'ignore'
[0.094s] Level 1:colcon.colcon_core.package_identification:_identify(.) by extension 'ignore_ament_install'
[0.094s] Level 1:colcon.colcon_core.package_identification:_identify(.) by extensions ['colcon_pkg']
[0.094s] Level 1:colcon.colcon_core.package_identification:_identify(.) by extension 'colcon_pkg'
[0.094s] Level 1:colcon.colcon_core.package_identification:_identify(.) by extensions ['colcon_meta']
[0.094s] Level 1:colcon.colcon_core.package_identification:_identify(.) by extension 'colcon_meta'
[0.094s] Level 1:colcon.colcon_core.package_identification:_identify(.) by extensions ['ros']
[0.094s] Level 1:colcon.colcon_core.package_identification:_identify(.) by extension 'ros'
[0.111s] Level 1:colcon.colcon_core.package_identification:_identify(.) by extensions ['cmake', 'python']
[0.111s] Level 1:colcon.colcon_core.package_identification:_identify(.) by extension 'cmake'
[0.111s] Level 1:colcon.colcon_core.package_identification:_identify(.) by extension 'python'
[0.111s] Level 1:colcon.colcon_core.package_identification:_identify(.) by extensions ['python_setup_py']
[0.111s] Level 1:colcon.colcon_core.package_identification:_identify(.) by extension 'python_setup_py'
[0.111s] Level 1:colcon.colcon_core.package_identification:_identify(build) by extensions ['ignore', 'ignore_ament_install']
[0.111s] Level 1:colcon.colcon_core.package_identification:_identify(build) by extension 'ignore'
[0.111s] Level 1:colcon.colcon_core.package_identification:_identify(build) ignored
[0.111s] Level 1:colcon.colcon_core.package_identification:_identify(install) by extensions ['ignore', 'ignore_ament_install']
[0.111s] Level 1:colcon.colcon_core.package_identification:_identify(install) by extension 'ignore'
[0.111s] Level 1:colcon.colcon_core.package_identification:_identify(install) ignored
[0.111s] Level 1:colcon.colcon_core.package_identification:_identify(log) by extensions ['ignore', 'ignore_ament_install']
[0.111s] Level 1:colcon.colcon_core.package_identification:_identify(log) by extension 'ignore'
[0.111s] Level 1:colcon.colcon_core.package_identification:_identify(log) ignored
[0.111s] Level 1:colcon.colcon_core.package_identification:_identify(src) by extensions ['ignore', 'ignore_ament_install']
[0.111s] Level 1:colcon.colcon_core.package_identification:_identify(src) by extension 'ignore'
[0.111s] Level 1:colcon.colcon_core.package_identification:_identify(src) by extension 'ignore_ament_install'
[0.111s] Level 1:colcon.colcon_core.package_identification:_identify(src) by extensions ['colcon_pkg']
[0.111s] Level 1:colcon.colcon_core.package_identification:_identify(src) by extension 'colcon_pkg'
[0.111s] Level 1:colcon.colcon_core.package_identification:_identify(src) by extensions ['colcon_meta']
[0.111s] Level 1:colcon.colcon_core.package_identification:_identify(src) by extension 'colcon_meta'
[0.111s] Level 1:colcon.colcon_core.package_identification:_identify(src) by extensions ['ros']
[0.111s] Level 1:colcon.colcon_core.package_identification:_identify(src) by extension 'ros'
[0.111s] Level 1:colcon.colcon_core.package_identification:_identify(src) by extensions ['cmake', 'python']
[0.111s] Level 1:colcon.colcon_core.package_identification:_identify(src) by extension 'cmake'
[0.111s] Level 1:colcon.colcon_core.package_identification:_identify(src) by extension 'python'
[0.111s] Level 1:colcon.colcon_core.package_identification:_identify(src) by extensions ['python_setup_py']
[0.112s] Level 1:colcon.colcon_core.package_identification:_identify(src) by extension 'python_setup_py'
[0.112s] Level 1:colcon.colcon_core.package_identification:_identify(src/custom_interface) by extensions ['ignore', 'ignore_ament_install']
[0.112s] Level 1:colcon.colcon_core.package_identification:_identify(src/custom_interface) by extension 'ignore'
[0.112s] Level 1:colcon.colcon_core.package_identification:_identify(src/custom_interface) by extension 'ignore_ament_install'
[0.112s] Level 1:colcon.colcon_core.package_identification:_identify(src/custom_interface) by extensions ['colcon_pkg']
[0.112s] Level 1:colcon.colcon_core.package_identification:_identify(src/custom_interface) by extension 'colcon_pkg'
[0.112s] Level 1:colcon.colcon_core.package_identification:_identify(src/custom_interface) by extensions ['colcon_meta']
[0.112s] Level 1:colcon.colcon_core.package_identification:_identify(src/custom_interface) by extension 'colcon_meta'
[0.112s] Level 1:colcon.colcon_core.package_identification:_identify(src/custom_interface) by extensions ['ros']
[0.112s] Level 1:colcon.colcon_core.package_identification:_identify(src/custom_interface) by extension 'ros'
[0.113s] DEBUG:colcon.colcon_core.package_identification:Package 'src/custom_interface' with type 'ros.ament_cmake' and name 'custom_interface'
[0.113s] Level 1:colcon.colcon_core.package_identification:_identify(src/lidar_node) by extensions ['ignore', 'ignore_ament_install']
[0.113s] Level 1:colcon.colcon_core.package_identification:_identify(src/lidar_node) by extension 'ignore'
[0.113s] Level 1:colcon.colcon_core.package_identification:_identify(src/lidar_node) by extension 'ignore_ament_install'
[0.113s] Level 1:colcon.colcon_core.package_identification:_identify(src/lidar_node) by extensions ['colcon_pkg']
[0.113s] Level 1:colcon.colcon_core.package_identification:_identify(src/lidar_node) by extension 'colcon_pkg'
[0.113s] Level 1:colcon.colcon_core.package_identification:_identify(src/lidar_node) by extensions ['colcon_meta']
[0.114s] Level 1:colcon.colcon_core.package_identification:_identify(src/lidar_node) by extension 'colcon_meta'
[0.114s] Level 1:colcon.colcon_core.package_identification:_identify(src/lidar_node) by extensions ['ros']
[0.114s] Level 1:colcon.colcon_core.package_identification:_identify(src/lidar_node) by extension 'ros'
[0.114s] DEBUG:colcon.colcon_core.package_identification:Package 'src/lidar_node' with type 'ros.ament_python' and name 'lidar_node'
[0.114s] Level 1:colcon.colcon_core.package_identification:_identify(src/py_pubsub) by extensions ['ignore', 'ignore_ament_install']
[0.114s] Level 1:colcon.colcon_core.package_identification:_identify(src/py_pubsub) by extension 'ignore'
[0.114s] Level 1:colcon.colcon_core.package_identification:_identify(src/py_pubsub) by extension 'ignore_ament_install'
[0.114s] Level 1:colcon.colcon_core.package_identification:_identify(src/py_pubsub) by extensions ['colcon_pkg']
[0.114s] Level 1:colcon.colcon_core.package_identification:_identify(src/py_pubsub) by extension 'colcon_pkg'
[0.114s] Level 1:colcon.colcon_core.package_identification:_identify(src/py_pubsub) by extensions ['colcon_meta']
[0.114s] Level 1:colcon.colcon_core.package_identification:_identify(src/py_pubsub) by extension 'colcon_meta'
[0.114s] Level 1:colcon.colcon_core.package_identification:_identify(src/py_pubsub) by extensions ['ros']
[0.114s] Level 1:colcon.colcon_core.package_identification:_identify(src/py_pubsub) by extension 'ros'
[0.114s] DEBUG:colcon.colcon_core.package_identification:Package 'src/py_pubsub' with type 'ros.ament_python' and name 'py_pubsub'
[0.114s] Level 1:colcon.colcon_core.package_identification:_identify(src/python_node) by extensions ['ignore', 'ignore_ament_install']
[0.114s] Level 1:colcon.colcon_core.package_identification:_identify(src/python_node) by extension 'ignore'
[0.115s] Level 1:colcon.colcon_core.package_identification:_identify(src/python_node) by extension 'ignore_ament_install'
[0.115s] Level 1:colcon.colcon_core.package_identification:_identify(src/python_node) by extensions ['colcon_pkg']
[0.115s] Level 1:colcon.colcon_core.package_identification:_identify(src/python_node) by extension 'colcon_pkg'
[0.115s] Level 1:colcon.colcon_core.package_identification:_identify(src/python_node) by extensions ['colcon_meta']
[0.115s] Level 1:colcon.colcon_core.package_identification:_identify(src/python_node) by extension 'colcon_meta'
[0.115s] Level 1:colcon.colcon_core.package_identification:_identify(src/python_node) by extensions ['ros']
[0.115s] Level 1:colcon.colcon_core.package_identification:_identify(src/python_node) by extension 'ros'
[0.115s] DEBUG:colcon.colcon_core.package_identification:Package 'src/python_node' with type 'ros.ament_python' and name 'python_node'
[0.115s] Level 1:colcon.colcon_core.package_identification:_identify(src/vrx) by extensions ['ignore', 'ignore_ament_install']
[0.115s] Level 1:colcon.colcon_core.package_identification:_identify(src/vrx) by extension 'ignore'
[0.115s] Level 1:colcon.colcon_core.package_identification:_identify(src/vrx) by extension 'ignore_ament_install'
[0.115s] Level 1:colcon.colcon_core.package_identification:_identify(src/vrx) by extensions ['colcon_pkg']
[0.115s] Level 1:colcon.colcon_core.package_identification:_identify(src/vrx) by extension 'colcon_pkg'
[0.115s] Level 1:colcon.colcon_core.package_identification:_identify(src/vrx) by extensions ['colcon_meta']
[0.115s] Level 1:colcon.colcon_core.package_identification:_identify(src/vrx) by extension 'colcon_meta'
[0.115s] Level 1:colcon.colcon_core.package_identification:_identify(src/vrx) by extensions ['ros']
[0.115s] Level 1:colcon.colcon_core.package_identification:_identify(src/vrx) by extension 'ros'
[0.115s] Level 1:colcon.colcon_core.package_identification:_identify(src/vrx) by extensions ['cmake', 'python']
[0.115s] Level 1:colcon.colcon_core.package_identification:_identify(src/vrx) by extension 'cmake'
[0.115s] Level 1:colcon.colcon_core.package_identification:_identify(src/vrx) by extension 'python'
[0.115s] Level 1:colcon.colcon_core.package_identification:_identify(src/vrx) by extensions ['python_setup_py']
[0.115s] Level 1:colcon.colcon_core.package_identification:_identify(src/vrx) by extension 'python_setup_py'
[0.115s] Level 1:colcon.colcon_core.package_identification:_identify(src/vrx/vrx_gz) by extensions ['ignore', 'ignore_ament_install']
[0.115s] Level 1:colcon.colcon_core.package_identification:_identify(src/vrx/vrx_gz) by extension 'ignore'
[0.115s] Level 1:colcon.colcon_core.package_identification:_identify(src/vrx/vrx_gz) by extension 'ignore_ament_install'
[0.115s] Level 1:colcon.colcon_core.package_identification:_identify(src/vrx/vrx_gz) by extensions ['colcon_pkg']
[0.115s] Level 1:colcon.colcon_core.package_identification:_identify(src/vrx/vrx_gz) by extension 'colcon_pkg'
[0.115s] Level 1:colcon.colcon_core.package_identification:_identify(src/vrx/vrx_gz) by extensions ['colcon_meta']
[0.116s] Level 1:colcon.colcon_core.package_identification:_identify(src/vrx/vrx_gz) by extension 'colcon_meta'
[0.116s] Level 1:colcon.colcon_core.package_identification:_identify(src/vrx/vrx_gz) by extensions ['ros']
[0.116s] Level 1:colcon.colcon_core.package_identification:_identify(src/vrx/vrx_gz) by extension 'ros'
[0.116s] DEBUG:colcon.colcon_core.package_identification:Package 'src/vrx/vrx_gz' with type 'ros.ament_cmake' and name 'vrx_gz'
[0.116s] Level 1:colcon.colcon_core.package_discovery:discover_packages(recursive) using defaults
[0.116s] Level 1:colcon.colcon_core.package_discovery:discover_packages(ignore) discover
[0.116s] Level 1:colcon.colcon_core.package_discovery:discover_packages(ignore) using defaults
[0.116s] Level 1:colcon.colcon_core.package_discovery:discover_packages(path) discover
[0.116s] Level 1:colcon.colcon_core.package_discovery:discover_packages(path) using defaults
[0.128s] Level 1:colcon.colcon_core.package_discovery:discover_packages(prefix_path) check parameters
[0.128s] Level 1:colcon.colcon_core.package_discovery:discover_packages(prefix_path) discover
[0.129s] DEBUG:colcon.colcon_installed_package_information.package_discovery:Found 11 installed packages in /home/luca002/ex_ws/install
[0.129s] DEBUG:colcon.colcon_installed_package_information.package_discovery:Found 5 installed packages in /home/luca002/proj_ws/install
[0.130s] DEBUG:colcon.colcon_installed_package_information.package_discovery:Found 1 installed packages in /home/luca002/ros_ws/install
[0.131s] DEBUG:colcon.colcon_installed_package_information.package_discovery:Found 405 installed packages in /opt/ros/jazzy
[0.132s] Level 1:colcon.colcon_core.package_discovery:discover_packages(prefix_path) using defaults
[0.165s] Level 5:colcon.colcon_core.verb:set package 'custom_interface' build argument 'cmake_args' from command line to 'None'
[0.165s] Level 5:colcon.colcon_core.verb:set package 'custom_interface' build argument 'cmake_target' from command line to 'None'
[0.165s] Level 5:colcon.colcon_core.verb:set package 'custom_interface' build argument 'cmake_target_skip_unavailable' from command line to 'False'
[0.165s] Level 5:colcon.colcon_core.verb:set package 'custom_interface' build argument 'cmake_clean_cache' from command line to 'False'
[0.165s] Level 5:colcon.colcon_core.verb:set package 'custom_interface' build argument 'cmake_clean_first' from command line to 'False'
[0.165s] Level 5:colcon.colcon_core.verb:set package 'custom_interface' build argument 'cmake_force_configure' from command line to 'False'
[0.165s] Level 5:colcon.colcon_core.verb:set package 'custom_interface' build argument 'ament_cmake_args' from command line to 'None'
[0.165s] Level 5:colcon.colcon_core.verb:set package 'custom_interface' build argument 'catkin_cmake_args' from command line to 'None'
[0.165s] Level 5:colcon.colcon_core.verb:set package 'custom_interface' build argument 'catkin_skip_building_tests' from command line to 'False'
[0.165s] DEBUG:colcon.colcon_core.verb:Building package 'custom_interface' with the following arguments: {'ament_cmake_args': None, 'build_base': '/home/luca002/proj_ws/build/custom_interface', 'catkin_cmake_args': None, 'catkin_skip_building_tests': False, 'cmake_args': None, 'cmake_clean_cache': False, 'cmake_clean_first': False, 'cmake_force_configure': False, 'cmake_target': None, 'cmake_target_skip_unavailable': False, 'install_base': '/home/luca002/proj_ws/install/custom_interface', 'merge_install': False, 'path': '/home/luca002/proj_ws/src/custom_interface', 'symlink_install': True, 'test_result_base': None}
[0.165s] Level 5:colcon.colcon_core.verb:set package 'lidar_node' build argument 'cmake_args' from command line to 'None'
[0.165s] Level 5:colcon.colcon_core.verb:set package 'lidar_node' build argument 'cmake_target' from command line to 'None'
[0.165s] Level 5:colcon.colcon_core.verb:set package 'lidar_node' build argument 'cmake_target_skip_unavailable' from command line to 'False'
[0.165s] Level 5:colcon.colcon_core.verb:set package 'lidar_node' build argument 'cmake_clean_cache' from command line to 'False'
[0.165s] Level 5:colcon.colcon_core.verb:set package 'lidar_node' build argument 'cmake_clean_first' from command line to 'False'
[0.165s] Level 5:colcon.colcon_core.verb:set package 'lidar_node' build argument 'cmake_force_configure' from command line to 'False'
[0.165s] Level 5:colcon.colcon_core.verb:set package 'lidar_node' build argument 'ament_cmake_args' from command line to 'None'
[0.165s] Level 5:colcon.colcon_core.verb:set package 'lidar_node' build argument 'catkin_cmake_args' from command line to 'None'
[0.165s] Level 5:colcon.colcon_core.verb:set package 'lidar_node' build argument 'catkin_skip_building_tests' from command line to 'False'
[0.165s] DEBUG:colcon.colcon_core.verb:Building package 'lidar_node' with the following arguments: {'ament_cmake_args': None, 'build_base': '/home/luca002/proj_ws/build/lidar_node', 'catkin_cmake_args': None, 'catkin_skip_building_tests': False, 'cmake_args': None, 'cmake_clean_cache': False, 'cmake_clean_first': False, 'cmake_force_configure': False, 'cmake_target': None, 'cmake_target_skip_unavailable': False, 'install_base': '/home/luca002/proj_ws/install/lidar_node', 'merge_install': False, 'path': '/home/luca002/proj_ws/src/lidar_node', 'symlink_install': True, 'test_result_base': None}
[0.165s] Level 5:colcon.colcon_core.verb:set package 'py_pubsub' build argument 'cmake_args' from command line to 'None'
[0.165s] Level 5:colcon.colcon_core.verb:set package 'py_pubsub' build argument 'cmake_target' from command line to 'None'
[0.165s] Level 5:colcon.colcon_core.verb:set package 'py_pubsub' build argument 'cmake_target_skip_unavailable' from command line to 'False'
[0.165s] Level 5:colcon.colcon_core.verb:set package 'py_pubsub' build argument 'cmake_clean_cache' from command line to 'False'
[0.166s] Level 5:colcon.colcon_core.verb:set package 'py_pubsub' build argument 'cmake_clean_first' from command line to 'False'
[0.166s] Level 5:colcon.colcon_core.verb:set package 'py_pubsub' build argument 'cmake_force_configure' from command line to 'False'
[0.166s] Level 5:colcon.colcon_core.verb:set package 'py_pubsub' build argument 'ament_cmake_args' from command line to 'None'
[0.166s] Level 5:colcon.colcon_core.verb:set package 'py_pubsub' build argument 'catkin_cmake_args' from command line to 'None'
[0.166s] Level 5:colcon.colcon_core.verb:set package 'py_pubsub' build argument 'catkin_skip_building_tests' from command line to 'False'
[0.166s] DEBUG:colcon.colcon_core.verb:Building package 'py_pubsub' with the following arguments: {'ament_cmake_args': None, 'build_base': '/home/luca002/proj_ws/build/py_pubsub', 'catkin_cmake_args': None, 'catkin_skip_building_tests': False, 'cmake_args': None, 'cmake_clean_cache': False, 'cmake_clean_first': False, 'cmake_force_configure': False, 'cmake_target': None, 'cmake_target_skip_unavailable': False, 'install_base': '/home/luca002/proj_ws/install/py_pubsub', 'merge_install': False, 'path': '/home/luca002/proj_ws/src/py_pubsub', 'symlink_install': True, 'test_result_base': None}
[0.166s] Level 5:colcon.colcon_core.verb:set package 'python_node' build argument 'cmake_args' from command line to 'None'
[0.166s] Level 5:colcon.colcon_core.verb:set package 'python_node' build argument 'cmake_target' from command line to 'None'
[0.166s] Level 5:colcon.colcon_core.verb:set package 'python_node' build argument 'cmake_target_skip_unavailable' from command line to 'False'
[0.166s] Level 5:colcon.colcon_core.verb:set package 'python_node' build argument 'cmake_clean_cache' from command line to 'False'
[0.166s] Level 5:colcon.colcon_core.verb:set package 'python_node' build argument 'cmake_clean_first' from command line to 'False'
[0.166s] Level 5:colcon.colcon_core.verb:set package 'python_node' build argument 'cmake_force_configure' from command line to 'False'
[0.166s] Level 5:colcon.colcon_core.verb:set package 'python_node' build argument 'ament_cmake_args' from command line to 'None'
[0.166s] Level 5:colcon.colcon_core.verb:set package 'python_node' build argument 'catkin_cmake_args' from command line to 'None'
[0.166s] Level 5:colcon.colcon_core.verb:set package 'python_node' build argument 'catkin_skip_building_tests' from command line to 'False'
[0.166s] DEBUG:colcon.colcon_core.verb:Building package 'python_node' with the following arguments: {'ament_cmake_args': None, 'build_base': '/home/luca002/proj_ws/build/python_node', 'catkin_cmake_args': None, 'catkin_skip_building_tests': False, 'cmake_args': None, 'cmake_clean_cache': False, 'cmake_clean_first': False, 'cmake_force_configure': False, 'cmake_target': None, 'cmake_target_skip_unavailable': False, 'install_base': '/home/luca002/proj_ws/install/python_node', 'merge_install': False, 'path': '/home/luca002/proj_ws/src/python_node', 'symlink_install': True, 'test_result_base': None}
[0.166s] Level 5:colcon.colcon_core.verb:set package 'vrx_gz' build argument 'cmake_args' from command line to 'None'
[0.166s] Level 5:colcon.colcon_core.verb:set package 'vrx_gz' build argument 'cmake_target' from command line to 'None'
[0.166s] Level 5:colcon.colcon_core.verb:set package 'vrx_gz' build argument 'cmake_target_skip_unavailable' from command line to 'False'
[0.166s] Level 5:colcon.colcon_core.verb:set package 'vrx_gz' build argument 'cmake_clean_cache' from command line to 'False'
[0.166s] Level 5:colcon.colcon_core.verb:set package 'vrx_gz' build argument 'cmake_clean_first' from command line to 'False'
[0.166s] Level 5:colcon.colcon_core.verb:set package 'vrx_gz' build argument 'cmake_force_configure' from command line to 'False'
[0.166s] Level 5:colcon.colcon_core.verb:set package 'vrx_gz' build argument 'ament_cmake_args' from command line to 'None'
[0.166s] Level 5:colcon.colcon_core.verb:set package 'vrx_gz' build argument 'catkin_cmake_args' from command line to 'None'
[0.166s] Level 5:colcon.colcon_core.verb:set package 'vrx_gz' build argument 'catkin_skip_building_tests' from command line to 'False'
[0.166s] DEBUG:colcon.colcon_core.verb:Building package 'vrx_gz' with the following arguments: {'ament_cmake_args': None, 'build_base': '/home/luca002/proj_ws/build/vrx_gz', 'catkin_cmake_args': None, 'catkin_skip_building_tests': False, 'cmake_args': None, 'cmake_clean_cache': False, 'cmake_clean_first': False, 'cmake_force_configure': False, 'cmake_target': None, 'cmake_target_skip_unavailable': False, 'install_base': '/home/luca002/proj_ws/install/vrx_gz', 'merge_install': False, 'path': '/home/luca002/proj_ws/src/vrx/vrx_gz', 'symlink_install': True, 'test_result_base': None}
[0.166s] INFO:colcon.colcon_core.executor:Executing jobs using 'parallel' executor
[0.167s] DEBUG:colcon.colcon_parallel_executor.executor.parallel:run_until_complete
[0.167s] INFO:colcon.colcon_ros.task.ament_cmake.build:Building ROS package in '/home/luca002/proj_ws/src/custom_interface' with build type 'ament_cmake'
[0.167s] INFO:colcon.colcon_cmake.task.cmake.build:Building CMake package in '/home/luca002/proj_ws/src/custom_interface'
[0.168s] INFO:colcon.colcon_core.plugin_system:Skipping extension 'colcon_core.shell.bat': Not used on non-Windows systems
[0.168s] INFO:colcon.colcon_core.shell:Skip shell extension 'powershell' for command environment: Not usable outside of PowerShell
[0.168s] DEBUG:colcon.colcon_core.shell:Skip shell extension 'dsv' for command environment
[0.172s] INFO:colcon.colcon_ros.task.ament_python.build:Building ROS package in '/home/luca002/proj_ws/src/lidar_node' with build type 'ament_python'
[0.172s] Level 1:colcon.colcon_core.shell:create_environment_hook('lidar_node', 'ament_prefix_path')
[0.172s] INFO:colcon.colcon_core.shell:Creating environment hook '/home/luca002/proj_ws/install/lidar_node/share/lidar_node/hook/ament_prefix_path.ps1'
[0.172s] INFO:colcon.colcon_core.shell:Creating environment descriptor '/home/luca002/proj_ws/install/lidar_node/share/lidar_node/hook/ament_prefix_path.dsv'
[0.173s] INFO:colcon.colcon_core.shell:Creating environment hook '/home/luca002/proj_ws/install/lidar_node/share/lidar_node/hook/ament_prefix_path.sh'
[0.173s] INFO:colcon.colcon_core.shell:Skip shell extension 'powershell' for command environment: Not usable outside of PowerShell
[0.173s] DEBUG:colcon.colcon_core.shell:Skip shell extension 'dsv' for command environment
[0.177s] INFO:colcon.colcon_ros.task.ament_python.build:Building ROS package in '/home/luca002/proj_ws/src/py_pubsub' with build type 'ament_python'
[0.177s] Level 1:colcon.colcon_core.shell:create_environment_hook('py_pubsub', 'ament_prefix_path')
[0.177s] INFO:colcon.colcon_core.shell:Creating environment hook '/home/luca002/proj_ws/install/py_pubsub/share/py_pubsub/hook/ament_prefix_path.ps1'
[0.177s] INFO:colcon.colcon_core.shell:Creating environment descriptor '/home/luca002/proj_ws/install/py_pubsub/share/py_pubsub/hook/ament_prefix_path.dsv'
[0.177s] INFO:colcon.colcon_core.shell:Creating environment hook '/home/luca002/proj_ws/install/py_pubsub/share/py_pubsub/hook/ament_prefix_path.sh'
[0.178s] INFO:colcon.colcon_core.shell:Skip shell extension 'powershell' for command environment: Not usable outside of PowerShell
[0.178s] DEBUG:colcon.colcon_core.shell:Skip shell extension 'dsv' for command environment
[0.181s] INFO:colcon.colcon_ros.task.ament_python.build:Building ROS package in '/home/luca002/proj_ws/src/python_node' with build type 'ament_python'
[0.181s] Level 1:colcon.colcon_core.shell:create_environment_hook('python_node', 'ament_prefix_path')
[0.182s] INFO:colcon.colcon_core.shell:Creating environment hook '/home/luca002/proj_ws/install/python_node/share/python_node/hook/ament_prefix_path.ps1'
[0.182s] INFO:colcon.colcon_core.shell:Creating environment descriptor '/home/luca002/proj_ws/install/python_node/share/python_node/hook/ament_prefix_path.dsv'
[0.182s] INFO:colcon.colcon_core.shell:Creating environment hook '/home/luca002/proj_ws/install/python_node/share/python_node/hook/ament_prefix_path.sh'
[0.183s] INFO:colcon.colcon_core.shell:Skip shell extension 'powershell' for command environment: Not usable outside of PowerShell
[0.183s] DEBUG:colcon.colcon_core.shell:Skip shell extension 'dsv' for command environment
[0.186s] INFO:colcon.colcon_ros.task.ament_cmake.build:Building ROS package in '/home/luca002/proj_ws/src/vrx/vrx_gz' with build type 'ament_cmake'
[0.186s] INFO:colcon.colcon_cmake.task.cmake.build:Building CMake package in '/home/luca002/proj_ws/src/vrx/vrx_gz'
[0.186s] INFO:colcon.colcon_core.shell:Skip shell extension 'powershell' for command environment: Not usable outside of PowerShell
[0.186s] DEBUG:colcon.colcon_core.shell:Skip shell extension 'dsv' for command environment
[0.193s] DEBUG:colcon.colcon_core.event_handler.log_command:Invoking command in '/home/luca002/proj_ws/build/custom_interface': CMAKE_PREFIX_PATH=${CMAKE_PREFIX_PATH}:/home/luca002/proj_ws/install/python_node:/home/luca002/proj_ws/install/py_pubsub:/home/luca002/proj_ws/install/lidar_node:/opt/ros/jazzy DEBUGINFOD_URLS=https://debuginfod.ubuntu.com /usr/bin/cmake --build /home/luca002/proj_ws/build/custom_interface -- -j16 -l16
[0.353s] INFO:colcon.colcon_core.task.python.build:Building Python package in '/home/luca002/proj_ws/src/lidar_node'
[0.353s] INFO:colcon.colcon_core.shell:Skip shell extension 'powershell' for command environment: Not usable outside of PowerShell
[0.353s] DEBUG:colcon.colcon_core.shell:Skip shell extension 'dsv' for command environment
[0.504s] INFO:colcon.colcon_core.task.python.build:Building Python package in '/home/luca002/proj_ws/src/py_pubsub'
[0.504s] INFO:colcon.colcon_core.shell:Skip shell extension 'powershell' for command environment: Not usable outside of PowerShell
[0.504s] DEBUG:colcon.colcon_core.shell:Skip shell extension 'dsv' for command environment
[0.652s] INFO:colcon.colcon_core.task.python.build:Building Python package in '/home/luca002/proj_ws/src/python_node'
[0.653s] INFO:colcon.colcon_core.shell:Skip shell extension 'powershell' for command environment: Not usable outside of PowerShell
[0.653s] DEBUG:colcon.colcon_core.shell:Skip shell extension 'dsv' for command environment
[0.660s] DEBUG:colcon.colcon_core.event_handler.log_command:Invoked command in '/home/luca002/proj_ws/build/custom_interface' returned '0': CMAKE_PREFIX_PATH=${CMAKE_PREFIX_PATH}:/home/luca002/proj_ws/install/python_node:/home/luca002/proj_ws/install/py_pubsub:/home/luca002/proj_ws/install/lidar_node:/opt/ros/jazzy DEBUGINFOD_URLS=https://debuginfod.ubuntu.com /usr/bin/cmake --build /home/luca002/proj_ws/build/custom_interface -- -j16 -l16
[0.668s] DEBUG:colcon.colcon_core.event_handler.log_command:Invoking command in '/home/luca002/proj_ws/build/custom_interface': CMAKE_PREFIX_PATH=${CMAKE_PREFIX_PATH}:/home/luca002/proj_ws/install/python_node:/home/luca002/proj_ws/install/py_pubsub:/home/luca002/proj_ws/install/lidar_node:/opt/ros/jazzy DEBUGINFOD_URLS=https://debuginfod.ubuntu.com /usr/bin/cmake --install /home/luca002/proj_ws/build/custom_interface
[0.670s] DEBUG:colcon.colcon_core.event_handler.log_command:Invoking command in '/home/luca002/proj_ws/build/vrx_gz': CMAKE_PREFIX_PATH=${CMAKE_PREFIX_PATH}:/home/luca002/proj_ws/install/python_node:/home/luca002/proj_ws/install/py_pubsub:/home/luca002/proj_ws/install/lidar_node:/opt/ros/jazzy DEBUGINFOD_URLS=https://debuginfod.ubuntu.com /usr/bin/cmake --build /home/luca002/proj_ws/build/vrx_gz -- -j16 -l16
[0.756s] Level 1:colcon.colcon_core.environment:create_environment_scripts_only(custom_interface)
[0.759s] Level 1:colcon.colcon_core.environment:checking '/home/luca002/proj_ws/install/custom_interface' for CMake module files
[0.760s] DEBUG:colcon.colcon_core.event_handler.log_command:Invoked command in '/home/luca002/proj_ws/build/custom_interface' returned '0': CMAKE_PREFIX_PATH=${CMAKE_PREFIX_PATH}:/home/luca002/proj_ws/install/python_node:/home/luca002/proj_ws/install/py_pubsub:/home/luca002/proj_ws/install/lidar_node:/opt/ros/jazzy DEBUGINFOD_URLS=https://debuginfod.ubuntu.com /usr/bin/cmake --install /home/luca002/proj_ws/build/custom_interface
[0.760s] Level 1:colcon.colcon_core.environment:checking '/home/luca002/proj_ws/install/custom_interface' for CMake config files
[0.761s] Level 1:colcon.colcon_core.shell:create_environment_hook('custom_interface', 'cmake_prefix_path')
[0.761s] INFO:colcon.colcon_core.shell:Creating environment hook '/home/luca002/proj_ws/install/custom_interface/share/custom_interface/hook/cmake_prefix_path.ps1'
[0.762s] INFO:colcon.colcon_core.shell:Creating environment descriptor '/home/luca002/proj_ws/install/custom_interface/share/custom_interface/hook/cmake_prefix_path.dsv'
[0.762s] INFO:colcon.colcon_core.shell:Creating environment hook '/home/luca002/proj_ws/install/custom_interface/share/custom_interface/hook/cmake_prefix_path.sh'
[0.763s] Level 1:colcon.colcon_core.environment:checking '/home/luca002/proj_ws/install/custom_interface/lib'
[0.763s] Level 1:colcon.colcon_core.shell:create_environment_hook('custom_interface', 'ld_library_path_lib')
[0.763s] INFO:colcon.colcon_core.shell:Creating environment hook '/home/luca002/proj_ws/install/custom_interface/share/custom_interface/hook/ld_library_path_lib.ps1'
[0.764s] INFO:colcon.colcon_core.shell:Creating environment descriptor '/home/luca002/proj_ws/install/custom_interface/share/custom_interface/hook/ld_library_path_lib.dsv'
[0.764s] INFO:colcon.colcon_core.shell:Creating environment hook '/home/luca002/proj_ws/install/custom_interface/share/custom_interface/hook/ld_library_path_lib.sh'
[0.764s] Level 1:colcon.colcon_core.environment:checking '/home/luca002/proj_ws/install/custom_interface/bin'
[0.764s] Level 1:colcon.colcon_core.environment:checking '/home/luca002/proj_ws/install/custom_interface/lib/pkgconfig/custom_interface.pc'
[0.765s] Level 1:colcon.colcon_core.environment:checking '/home/luca002/proj_ws/install/custom_interface/lib/python3.12/site-packages'
[0.765s] Level 1:colcon.colcon_core.shell:create_environment_hook('custom_interface', 'pythonpath')
[0.765s] INFO:colcon.colcon_core.shell:Creating environment hook '/home/luca002/proj_ws/install/custom_interface/share/custom_interface/hook/pythonpath.ps1'
[0.765s] INFO:colcon.colcon_core.shell:Creating environment descriptor '/home/luca002/proj_ws/install/custom_interface/share/custom_interface/hook/pythonpath.dsv'
[0.766s] INFO:colcon.colcon_core.shell:Creating environment hook '/home/luca002/proj_ws/install/custom_interface/share/custom_interface/hook/pythonpath.sh'
[0.766s] Level 1:colcon.colcon_core.environment:checking '/home/luca002/proj_ws/install/custom_interface/bin'
[0.767s] INFO:colcon.colcon_core.shell:Creating package script '/home/luca002/proj_ws/install/custom_interface/share/custom_interface/package.ps1'
[0.767s] INFO:colcon.colcon_core.shell:Creating package descriptor '/home/luca002/proj_ws/install/custom_interface/share/custom_interface/package.dsv'
[0.768s] INFO:colcon.colcon_core.shell:Creating package script '/home/luca002/proj_ws/install/custom_interface/share/custom_interface/package.sh'
[0.769s] INFO:colcon.colcon_core.shell:Creating package script '/home/luca002/proj_ws/install/custom_interface/share/custom_interface/package.bash'
[0.770s] INFO:colcon.colcon_core.shell:Creating package script '/home/luca002/proj_ws/install/custom_interface/share/custom_interface/package.zsh'
[0.770s] Level 1:colcon.colcon_core.environment:create_file_with_runtime_dependencies(/home/luca002/proj_ws/install/custom_interface/share/colcon-core/packages/custom_interface)
[0.771s] Level 1:colcon.colcon_core.environment:create_environment_scripts_only(custom_interface)
[0.771s] Level 1:colcon.colcon_core.environment:checking '/home/luca002/proj_ws/install/custom_interface' for CMake module files
[0.772s] Level 1:colcon.colcon_core.environment:checking '/home/luca002/proj_ws/install/custom_interface' for CMake config files
[0.773s] Level 1:colcon.colcon_core.shell:create_environment_hook('custom_interface', 'cmake_prefix_path')
[0.774s] INFO:colcon.colcon_core.shell:Creating environment hook '/home/luca002/proj_ws/install/custom_interface/share/custom_interface/hook/cmake_prefix_path.ps1'
[0.774s] INFO:colcon.colcon_core.shell:Creating environment descriptor '/home/luca002/proj_ws/install/custom_interface/share/custom_interface/hook/cmake_prefix_path.dsv'
[0.775s] INFO:colcon.colcon_core.shell:Creating environment hook '/home/luca002/proj_ws/install/custom_interface/share/custom_interface/hook/cmake_prefix_path.sh'
[0.776s] Level 1:colcon.colcon_core.environment:checking '/home/luca002/proj_ws/install/custom_interface/lib'
[0.776s] Level 1:colcon.colcon_core.shell:create_environment_hook('custom_interface', 'ld_library_path_lib')
[0.776s] INFO:colcon.colcon_core.shell:Creating environment hook '/home/luca002/proj_ws/install/custom_interface/share/custom_interface/hook/ld_library_path_lib.ps1'
[0.776s] INFO:colcon.colcon_core.shell:Creating environment descriptor '/home/luca002/proj_ws/install/custom_interface/share/custom_interface/hook/ld_library_path_lib.dsv'
[0.777s] INFO:colcon.colcon_core.shell:Creating environment hook '/home/luca002/proj_ws/install/custom_interface/share/custom_interface/hook/ld_library_path_lib.sh'
[0.777s] Level 1:colcon.colcon_core.environment:checking '/home/luca002/proj_ws/install/custom_interface/bin'
[0.777s] Level 1:colcon.colcon_core.environment:checking '/home/luca002/proj_ws/install/custom_interface/lib/pkgconfig/custom_interface.pc'
[0.777s] Level 1:colcon.colcon_core.environment:checking '/home/luca002/proj_ws/install/custom_interface/lib/python3.12/site-packages'
[0.777s] Level 1:colcon.colcon_core.shell:create_environment_hook('custom_interface', 'pythonpath')
[0.778s] INFO:colcon.colcon_core.shell:Creating environment hook '/home/luca002/proj_ws/install/custom_interface/share/custom_interface/hook/pythonpath.ps1'
[0.779s] INFO:colcon.colcon_core.shell:Creating environment descriptor '/home/luca002/proj_ws/install/custom_interface/share/custom_interface/hook/pythonpath.dsv'
[0.779s] INFO:colcon.colcon_core.shell:Creating environment hook '/home/luca002/proj_ws/install/custom_interface/share/custom_interface/hook/pythonpath.sh'
[0.781s] Level 1:colcon.colcon_core.environment:checking '/home/luca002/proj_ws/install/custom_interface/bin'
[0.781s] INFO:colcon.colcon_core.shell:Creating package script '/home/luca002/proj_ws/install/custom_interface/share/custom_interface/package.ps1'
[0.782s] INFO:colcon.colcon_core.shell:Creating package descriptor '/home/luca002/proj_ws/install/custom_interface/share/custom_interface/package.dsv'
[0.783s] INFO:colcon.colcon_core.shell:Creating package script '/home/luca002/proj_ws/install/custom_interface/share/custom_interface/package.sh'
[0.783s] INFO:colcon.colcon_core.shell:Creating package script '/home/luca002/proj_ws/install/custom_interface/share/custom_interface/package.bash'
[0.784s] INFO:colcon.colcon_core.shell:Creating package script '/home/luca002/proj_ws/install/custom_interface/share/custom_interface/package.zsh'
[0.784s] Level 1:colcon.colcon_core.environment:create_file_with_runtime_dependencies(/home/luca002/proj_ws/install/custom_interface/share/colcon-core/packages/custom_interface)
[1.120s] DEBUG:colcon.colcon_core.event_handler.log_command:Invoked command in '/home/luca002/proj_ws/build/vrx_gz' returned '0': CMAKE_PREFIX_PATH=${CMAKE_PREFIX_PATH}:/home/luca002/proj_ws/install/python_node:/home/luca002/proj_ws/install/py_pubsub:/home/luca002/proj_ws/install/lidar_node:/opt/ros/jazzy DEBUGINFOD_URLS=https://debuginfod.ubuntu.com /usr/bin/cmake --build /home/luca002/proj_ws/build/vrx_gz -- -j16 -l16
[1.122s] DEBUG:colcon.colcon_core.event_handler.log_command:Invoking command in '/home/luca002/proj_ws/build/vrx_gz': CMAKE_PREFIX_PATH=${CMAKE_PREFIX_PATH}:/home/luca002/proj_ws/install/python_node:/home/luca002/proj_ws/install/py_pubsub:/home/luca002/proj_ws/install/lidar_node:/opt/ros/jazzy DEBUGINFOD_URLS=https://debuginfod.ubuntu.com /usr/bin/cmake --install /home/luca002/proj_ws/build/vrx_gz
[1.206s] Level 1:colcon.colcon_core.environment:create_environment_scripts_only(vrx_gz)
[1.213s] Level 1:colcon.colcon_core.environment:checking '/home/luca002/proj_ws/install/vrx_gz' for CMake module files
[1.213s] DEBUG:colcon.colcon_core.event_handler.log_command:Invoked command in '/home/luca002/proj_ws/build/vrx_gz' returned '0': CMAKE_PREFIX_PATH=${CMAKE_PREFIX_PATH}:/home/luca002/proj_ws/install/python_node:/home/luca002/proj_ws/install/py_pubsub:/home/luca002/proj_ws/install/lidar_node:/opt/ros/jazzy DEBUGINFOD_URLS=https://debuginfod.ubuntu.com /usr/bin/cmake --install /home/luca002/proj_ws/build/vrx_gz
[1.214s] Level 1:colcon.colcon_core.environment:checking '/home/luca002/proj_ws/install/vrx_gz' for CMake config files
[1.214s] Level 1:colcon.colcon_core.shell:create_environment_hook('vrx_gz', 'cmake_prefix_path')
[1.214s] INFO:colcon.colcon_core.shell:Creating environment hook '/home/luca002/proj_ws/install/vrx_gz/share/vrx_gz/hook/cmake_prefix_path.ps1'
[1.215s] INFO:colcon.colcon_core.shell:Creating environment descriptor '/home/luca002/proj_ws/install/vrx_gz/share/vrx_gz/hook/cmake_prefix_path.dsv'
[1.215s] INFO:colcon.colcon_core.shell:Creating environment hook '/home/luca002/proj_ws/install/vrx_gz/share/vrx_gz/hook/cmake_prefix_path.sh'
[1.216s] Level 1:colcon.colcon_core.environment:checking '/home/luca002/proj_ws/install/vrx_gz/lib'
[1.216s] Level 1:colcon.colcon_core.shell:create_environment_hook('vrx_gz', 'ld_library_path_lib')
[1.216s] INFO:colcon.colcon_core.shell:Creating environment hook '/home/luca002/proj_ws/install/vrx_gz/share/vrx_gz/hook/ld_library_path_lib.ps1'
[1.217s] INFO:colcon.colcon_core.shell:Creating environment descriptor '/home/luca002/proj_ws/install/vrx_gz/share/vrx_gz/hook/ld_library_path_lib.dsv'
[1.217s] INFO:colcon.colcon_core.shell:Creating environment hook '/home/luca002/proj_ws/install/vrx_gz/share/vrx_gz/hook/ld_library_path_lib.sh'
[1.217s] Level 1:colcon.colcon_core.environment:checking '/home/luca002/proj_ws/install/vrx_gz/bin'
[1.217s] Level 1:colcon.colcon_core.environment:checking '/home/luca002/proj_ws/install/vrx_gz/lib/pkgconfig/vrx_gz.pc'
[1.218s] Level 1:colcon.colcon_core.environment:checking '/home/luca002/proj_ws/install/vrx_gz/lib/python3.12/site-packages'
[1.218s] Level 1:colcon.colcon_core.shell:create_environment_hook('vrx_gz', 'pythonpath')
[1.218s] INFO:colcon.colcon_core.shell:Creating environment hook '/home/luca002/proj_ws/install/vrx_gz/share/vrx_gz/hook/pythonpath.ps1'
[1.218s] INFO:colcon.colcon_core.shell:Creating environment descriptor '/home/luca002/proj_ws/install/vrx_gz/share/vrx_gz/hook/pythonpath.dsv'
[1.219s] INFO:colcon.colcon_core.shell:Creating environment hook '/home/luca002/proj_ws/install/vrx_gz/share/vrx_gz/hook/pythonpath.sh'
[1.219s] Level 1:colcon.colcon_core.environment:checking '/home/luca002/proj_ws/install/vrx_gz/bin'
[1.219s] INFO:colcon.colcon_core.shell:Creating package script '/home/luca002/proj_ws/install/vrx_gz/share/vrx_gz/package.ps1'
[1.220s] INFO:colcon.colcon_core.shell:Creating package descriptor '/home/luca002/proj_ws/install/vrx_gz/share/vrx_gz/package.dsv'
[1.221s] INFO:colcon.colcon_core.shell:Creating package script '/home/luca002/proj_ws/install/vrx_gz/share/vrx_gz/package.sh'
[1.221s] INFO:colcon.colcon_core.shell:Creating package script '/home/luca002/proj_ws/install/vrx_gz/share/vrx_gz/package.bash'
[1.221s] INFO:colcon.colcon_core.shell:Creating package script '/home/luca002/proj_ws/install/vrx_gz/share/vrx_gz/package.zsh'
[1.222s] Level 1:colcon.colcon_core.environment:create_file_with_runtime_dependencies(/home/luca002/proj_ws/install/vrx_gz/share/colcon-core/packages/vrx_gz)
[1.222s] Level 1:colcon.colcon_core.environment:create_environment_scripts_only(vrx_gz)
[1.222s] Level 1:colcon.colcon_core.environment:checking '/home/luca002/proj_ws/install/vrx_gz' for CMake module files
[1.223s] Level 1:colcon.colcon_core.environment:checking '/home/luca002/proj_ws/install/vrx_gz' for CMake config files
[1.223s] Level 1:colcon.colcon_core.shell:create_environment_hook('vrx_gz', 'cmake_prefix_path')
[1.223s] INFO:colcon.colcon_core.shell:Creating environment hook '/home/luca002/proj_ws/install/vrx_gz/share/vrx_gz/hook/cmake_prefix_path.ps1'
[1.224s] INFO:colcon.colcon_core.shell:Creating environment descriptor '/home/luca002/proj_ws/install/vrx_gz/share/vrx_gz/hook/cmake_prefix_path.dsv'
[1.224s] INFO:colcon.colcon_core.shell:Creating environment hook '/home/luca002/proj_ws/install/vrx_gz/share/vrx_gz/hook/cmake_prefix_path.sh'
[1.225s] Level 1:colcon.colcon_core.environment:checking '/home/luca002/proj_ws/install/vrx_gz/lib'
[1.225s] Level 1:colcon.colcon_core.shell:create_environment_hook('vrx_gz', 'ld_library_path_lib')
[1.225s] INFO:colcon.colcon_core.shell:Creating environment hook '/home/luca002/proj_ws/install/vrx_gz/share/vrx_gz/hook/ld_library_path_lib.ps1'
[1.225s] INFO:colcon.colcon_core.shell:Creating environment descriptor '/home/luca002/proj_ws/install/vrx_gz/share/vrx_gz/hook/ld_library_path_lib.dsv'
[1.226s] INFO:colcon.colcon_core.shell:Creating environment hook '/home/luca002/proj_ws/install/vrx_gz/share/vrx_gz/hook/ld_library_path_lib.sh'
[1.226s] Level 1:colcon.colcon_core.environment:checking '/home/luca002/proj_ws/install/vrx_gz/bin'
[1.226s] Level 1:colcon.colcon_core.environment:checking '/home/luca002/proj_ws/install/vrx_gz/lib/pkgconfig/vrx_gz.pc'
[1.226s] Level 1:colcon.colcon_core.environment:checking '/home/luca002/proj_ws/install/vrx_gz/lib/python3.12/site-packages'
[1.227s] Level 1:colcon.colcon_core.shell:create_environment_hook('vrx_gz', 'pythonpath')
[1.227s] INFO:colcon.colcon_core.shell:Creating environment hook '/home/luca002/proj_ws/install/vrx_gz/share/vrx_gz/hook/pythonpath.ps1'
[1.227s] INFO:colcon.colcon_core.shell:Creating environment descriptor '/home/luca002/proj_ws/install/vrx_gz/share/vrx_gz/hook/pythonpath.dsv'
[1.227s] INFO:colcon.colcon_core.shell:Creating environment hook '/home/luca002/proj_ws/install/vrx_gz/share/vrx_gz/hook/pythonpath.sh'
[1.228s] Level 1:colcon.colcon_core.environment:checking '/home/luca002/proj_ws/install/vrx_gz/bin'
[1.228s] INFO:colcon.colcon_core.shell:Creating package script '/home/luca002/proj_ws/install/vrx_gz/share/vrx_gz/package.ps1'
[1.229s] INFO:colcon.colcon_core.shell:Creating package descriptor '/home/luca002/proj_ws/install/vrx_gz/share/vrx_gz/package.dsv'
[1.229s] INFO:colcon.colcon_core.shell:Creating package script '/home/luca002/proj_ws/install/vrx_gz/share/vrx_gz/package.sh'
[1.230s] INFO:colcon.colcon_core.shell:Creating package script '/home/luca002/proj_ws/install/vrx_gz/share/vrx_gz/package.bash'
[1.230s] INFO:colcon.colcon_core.shell:Creating package script '/home/luca002/proj_ws/install/vrx_gz/share/vrx_gz/package.zsh'
[1.230s] Level 1:colcon.colcon_core.environment:create_file_with_runtime_dependencies(/home/luca002/proj_ws/install/vrx_gz/share/colcon-core/packages/vrx_gz)
[1.264s] DEBUG:colcon.colcon_core.event_handler.log_command:Invoking command in '/home/luca002/proj_ws/build/python_node': DEBUGINFOD_URLS=https://debuginfod.ubuntu.com PYTHONPATH=/home/luca002/proj_ws/build/python_node/prefix_override:/usr/lib/python3/dist-packages/colcon_core/task/python/colcon_distutils_commands:/home/luca002/proj_ws/install/python_node/lib/python3.12/site-packages:${PYTHONPATH} /usr/bin/python3 -W ignore:setup.py install is deprecated -W ignore:easy_install command is deprecated setup.py develop --editable --build-directory /home/luca002/proj_ws/build/python_node/build --no-deps symlink_data
[1.266s] DEBUG:colcon.colcon_core.event_handler.log_command:Invoking command in '/home/luca002/proj_ws/build/lidar_node': DEBUGINFOD_URLS=https://debuginfod.ubuntu.com PYTHONPATH=/home/luca002/proj_ws/build/lidar_node/prefix_override:/usr/lib/python3/dist-packages/colcon_core/task/python/colcon_distutils_commands:/home/luca002/proj_ws/install/lidar_node/lib/python3.12/site-packages:${PYTHONPATH} /usr/bin/python3 -W ignore:setup.py install is deprecated -W ignore:easy_install command is deprecated setup.py develop --editable --build-directory /home/luca002/proj_ws/build/lidar_node/build --no-deps symlink_data
[1.287s] DEBUG:colcon.colcon_core.event_handler.log_command:Invoking command in '/home/luca002/proj_ws/build/py_pubsub': DEBUGINFOD_URLS=https://debuginfod.ubuntu.com PYTHONPATH=/home/luca002/proj_ws/build/py_pubsub/prefix_override:/usr/lib/python3/dist-packages/colcon_core/task/python/colcon_distutils_commands:/home/luca002/proj_ws/install/py_pubsub/lib/python3.12/site-packages:${PYTHONPATH} /usr/bin/python3 -W ignore:setup.py install is deprecated -W ignore:easy_install command is deprecated setup.py develop --editable --build-directory /home/luca002/proj_ws/build/py_pubsub/build --no-deps symlink_data
[1.767s] Level 1:colcon.colcon_core.shell:create_environment_hook('lidar_node', 'pythonpath_develop')
[1.768s] INFO:colcon.colcon_core.shell:Creating environment hook '/home/luca002/proj_ws/build/lidar_node/share/lidar_node/hook/pythonpath_develop.ps1'
[1.768s] DEBUG:colcon.colcon_core.event_handler.log_command:Invoked command in '/home/luca002/proj_ws/build/lidar_node' returned '0': DEBUGINFOD_URLS=https://debuginfod.ubuntu.com PYTHONPATH=/home/luca002/proj_ws/build/lidar_node/prefix_override:/usr/lib/python3/dist-packages/colcon_core/task/python/colcon_distutils_commands:/home/luca002/proj_ws/install/lidar_node/lib/python3.12/site-packages:${PYTHONPATH} /usr/bin/python3 -W ignore:setup.py install is deprecated -W ignore:easy_install command is deprecated setup.py develop --editable --build-directory /home/luca002/proj_ws/build/lidar_node/build --no-deps symlink_data
[1.768s] INFO:colcon.colcon_core.shell:Creating environment descriptor '/home/luca002/proj_ws/build/lidar_node/share/lidar_node/hook/pythonpath_develop.dsv'
[1.768s] INFO:colcon.colcon_core.shell:Creating environment hook '/home/luca002/proj_ws/build/lidar_node/share/lidar_node/hook/pythonpath_develop.sh'
[1.769s] Level 1:colcon.colcon_core.environment:checking '/home/luca002/proj_ws/install/lidar_node' for CMake module files
[1.769s] Level 1:colcon.colcon_core.environment:checking '/home/luca002/proj_ws/install/lidar_node' for CMake config files
[1.769s] Level 1:colcon.colcon_core.environment:checking '/home/luca002/proj_ws/install/lidar_node/lib'
[1.769s] Level 1:colcon.colcon_core.environment:checking '/home/luca002/proj_ws/install/lidar_node/bin'
[1.770s] Level 1:colcon.colcon_core.environment:checking '/home/luca002/proj_ws/install/lidar_node/lib/pkgconfig/lidar_node.pc'
[1.770s] Level 1:colcon.colcon_core.environment:checking '/home/luca002/proj_ws/install/lidar_node/lib/python3.12/site-packages'
[1.770s] Level 1:colcon.colcon_core.shell:create_environment_hook('lidar_node', 'pythonpath')
[1.770s] INFO:colcon.colcon_core.shell:Creating environment hook '/home/luca002/proj_ws/install/lidar_node/share/lidar_node/hook/pythonpath.ps1'
[1.770s] INFO:colcon.colcon_core.shell:Creating environment descriptor '/home/luca002/proj_ws/install/lidar_node/share/lidar_node/hook/pythonpath.dsv'
[1.770s] INFO:colcon.colcon_core.shell:Creating environment hook '/home/luca002/proj_ws/install/lidar_node/share/lidar_node/hook/pythonpath.sh'
[1.771s] Level 1:colcon.colcon_core.environment:checking '/home/luca002/proj_ws/install/lidar_node/bin'
[1.771s] Level 1:colcon.colcon_core.environment:create_environment_scripts_only(lidar_node)
[1.771s] INFO:colcon.colcon_core.shell:Creating package script '/home/luca002/proj_ws/install/lidar_node/share/lidar_node/package.ps1'
[1.771s] INFO:colcon.colcon_core.shell:Creating package descriptor '/home/luca002/proj_ws/install/lidar_node/share/lidar_node/package.dsv'
[1.772s] INFO:colcon.colcon_core.shell:Creating package script '/home/luca002/proj_ws/install/lidar_node/share/lidar_node/package.sh'
[1.772s] INFO:colcon.colcon_core.shell:Creating package script '/home/luca002/proj_ws/install/lidar_node/share/lidar_node/package.bash'
[1.772s] INFO:colcon.colcon_core.shell:Creating package script '/home/luca002/proj_ws/install/lidar_node/share/lidar_node/package.zsh'
[1.772s] Level 1:colcon.colcon_core.environment:create_file_with_runtime_dependencies(/home/luca002/proj_ws/install/lidar_node/share/colcon-core/packages/lidar_node)
[1.773s] Level 1:colcon.colcon_core.shell:create_environment_hook('python_node', 'pythonpath_develop')
[1.774s] INFO:colcon.colcon_core.shell:Creating environment hook '/home/luca002/proj_ws/build/python_node/share/python_node/hook/pythonpath_develop.ps1'
[1.774s] DEBUG:colcon.colcon_core.event_handler.log_command:Invoked command in '/home/luca002/proj_ws/build/python_node' returned '0': DEBUGINFOD_URLS=https://debuginfod.ubuntu.com PYTHONPATH=/home/luca002/proj_ws/build/python_node/prefix_override:/usr/lib/python3/dist-packages/colcon_core/task/python/colcon_distutils_commands:/home/luca002/proj_ws/install/python_node/lib/python3.12/site-packages:${PYTHONPATH} /usr/bin/python3 -W ignore:setup.py install is deprecated -W ignore:easy_install command is deprecated setup.py develop --editable --build-directory /home/luca002/proj_ws/build/python_node/build --no-deps symlink_data
[1.774s] INFO:colcon.colcon_core.shell:Creating environment descriptor '/home/luca002/proj_ws/build/python_node/share/python_node/hook/pythonpath_develop.dsv'
[1.774s] INFO:colcon.colcon_core.shell:Creating environment hook '/home/luca002/proj_ws/build/python_node/share/python_node/hook/pythonpath_develop.sh'
[1.775s] Level 1:colcon.colcon_core.environment:checking '/home/luca002/proj_ws/install/python_node' for CMake module files
[1.775s] Level 1:colcon.colcon_core.environment:checking '/home/luca002/proj_ws/install/python_node' for CMake config files
[1.775s] Level 1:colcon.colcon_core.environment:checking '/home/luca002/proj_ws/install/python_node/lib'
[1.775s] Level 1:colcon.colcon_core.environment:checking '/home/luca002/proj_ws/install/python_node/bin'
[1.775s] Level 1:colcon.colcon_core.environment:checking '/home/luca002/proj_ws/install/python_node/lib/pkgconfig/python_node.pc'
[1.775s] Level 1:colcon.colcon_core.environment:checking '/home/luca002/proj_ws/install/python_node/lib/python3.12/site-packages'
[1.776s] Level 1:colcon.colcon_core.shell:create_environment_hook('python_node', 'pythonpath')
[1.776s] INFO:colcon.colcon_core.shell:Creating environment hook '/home/luca002/proj_ws/install/python_node/share/python_node/hook/pythonpath.ps1'
[1.776s] INFO:colcon.colcon_core.shell:Creating environment descriptor '/home/luca002/proj_ws/install/python_node/share/python_node/hook/pythonpath.dsv'
[1.776s] INFO:colcon.colcon_core.shell:Creating environment hook '/home/luca002/proj_ws/install/python_node/share/python_node/hook/pythonpath.sh'
[1.777s] Level 1:colcon.colcon_core.environment:checking '/home/luca002/proj_ws/install/python_node/bin'
[1.777s] Level 1:colcon.colcon_core.environment:create_environment_scripts_only(python_node)
[1.777s] INFO:colcon.colcon_core.shell:Creating package script '/home/luca002/proj_ws/install/python_node/share/python_node/package.ps1'
[1.777s] INFO:colcon.colcon_core.shell:Creating package descriptor '/home/luca002/proj_ws/install/python_node/share/python_node/package.dsv'
[1.777s] INFO:colcon.colcon_core.shell:Creating package script '/home/luca002/proj_ws/install/python_node/share/python_node/package.sh'
[1.778s] INFO:colcon.colcon_core.shell:Creating package script '/home/luca002/proj_ws/install/python_node/share/python_node/package.bash'
[1.778s] INFO:colcon.colcon_core.shell:Creating package script '/home/luca002/proj_ws/install/python_node/share/python_node/package.zsh'
[1.778s] Level 1:colcon.colcon_core.environment:create_file_with_runtime_dependencies(/home/luca002/proj_ws/install/python_node/share/colcon-core/packages/python_node)
[1.779s] Level 1:colcon.colcon_core.shell:create_environment_hook('py_pubsub', 'pythonpath_develop')
[1.779s] INFO:colcon.colcon_core.shell:Creating environment hook '/home/luca002/proj_ws/build/py_pubsub/share/py_pubsub/hook/pythonpath_develop.ps1'
[1.779s] DEBUG:colcon.colcon_core.event_handler.log_command:Invoked command in '/home/luca002/proj_ws/build/py_pubsub' returned '0': DEBUGINFOD_URLS=https://debuginfod.ubuntu.com PYTHONPATH=/home/luca002/proj_ws/build/py_pubsub/prefix_override:/usr/lib/python3/dist-packages/colcon_core/task/python/colcon_distutils_commands:/home/luca002/proj_ws/install/py_pubsub/lib/python3.12/site-packages:${PYTHONPATH} /usr/bin/python3 -W ignore:setup.py install is deprecated -W ignore:easy_install command is deprecated setup.py develop --editable --build-directory /home/luca002/proj_ws/build/py_pubsub/build --no-deps symlink_data
[1.780s] INFO:colcon.colcon_core.shell:Creating environment descriptor '/home/luca002/proj_ws/build/py_pubsub/share/py_pubsub/hook/pythonpath_develop.dsv'
[1.780s] INFO:colcon.colcon_core.shell:Creating environment hook '/home/luca002/proj_ws/build/py_pubsub/share/py_pubsub/hook/pythonpath_develop.sh'
[1.780s] Level 1:colcon.colcon_core.environment:checking '/home/luca002/proj_ws/install/py_pubsub' for CMake module files
[1.780s] Level 1:colcon.colcon_core.environment:checking '/home/luca002/proj_ws/install/py_pubsub' for CMake config files
[1.781s] Level 1:colcon.colcon_core.environment:checking '/home/luca002/proj_ws/install/py_pubsub/lib'
[1.781s] Level 1:colcon.colcon_core.environment:checking '/home/luca002/proj_ws/install/py_pubsub/bin'
[1.781s] Level 1:colcon.colcon_core.environment:checking '/home/luca002/proj_ws/install/py_pubsub/lib/pkgconfig/py_pubsub.pc'
[1.781s] Level 1:colcon.colcon_core.environment:checking '/home/luca002/proj_ws/install/py_pubsub/lib/python3.12/site-packages'
[1.781s] Level 1:colcon.colcon_core.shell:create_environment_hook('py_pubsub', 'pythonpath')
[1.781s] INFO:colcon.colcon_core.shell:Creating environment hook '/home/luca002/proj_ws/install/py_pubsub/share/py_pubsub/hook/pythonpath.ps1'
[1.781s] INFO:colcon.colcon_core.shell:Creating environment descriptor '/home/luca002/proj_ws/install/py_pubsub/share/py_pubsub/hook/pythonpath.dsv'
[1.782s] INFO:colcon.colcon_core.shell:Creating environment hook '/home/luca002/proj_ws/install/py_pubsub/share/py_pubsub/hook/pythonpath.sh'
[1.782s] Level 1:colcon.colcon_core.environment:checking '/home/luca002/proj_ws/install/py_pubsub/bin'
[1.782s] Level 1:colcon.colcon_core.environment:create_environment_scripts_only(py_pubsub)
[1.782s] INFO:colcon.colcon_core.shell:Creating package script '/home/luca002/proj_ws/install/py_pubsub/share/py_pubsub/package.ps1'
[1.783s] INFO:colcon.colcon_core.shell:Creating package descriptor '/home/luca002/proj_ws/install/py_pubsub/share/py_pubsub/package.dsv'
[1.783s] INFO:colcon.colcon_core.shell:Creating package script '/home/luca002/proj_ws/install/py_pubsub/share/py_pubsub/package.sh'
[1.783s] INFO:colcon.colcon_core.shell:Creating package script '/home/luca002/proj_ws/install/py_pubsub/share/py_pubsub/package.bash'
[1.783s] INFO:colcon.colcon_core.shell:Creating package script '/home/luca002/proj_ws/install/py_pubsub/share/py_pubsub/package.zsh'
[1.783s] Level 1:colcon.colcon_core.environment:create_file_with_runtime_dependencies(/home/luca002/proj_ws/install/py_pubsub/share/colcon-core/packages/py_pubsub)
[1.784s] DEBUG:colcon.colcon_parallel_executor.executor.parallel:closing loop
[1.784s] DEBUG:colcon.colcon_parallel_executor.executor.parallel:loop closed
[1.784s] DEBUG:colcon.colcon_parallel_executor.executor.parallel:run_until_complete finished with '0'
[1.784s] DEBUG:colcon.colcon_core.event_reactor:joining thread
[1.788s] INFO:colcon.colcon_core.plugin_system:Skipping extension 'colcon_notification.desktop_notification.terminal_notifier': Not used on non-Darwin systems
[1.788s] INFO:colcon.colcon_core.plugin_system:Skipping extension 'colcon_notification.desktop_notification.win32': Not used on non-Windows systems
[1.788s] INFO:colcon.colcon_notification.desktop_notification:Sending desktop notification using 'notify2'
[1.799s] DEBUG:colcon.colcon_core.event_reactor:joined thread
[1.799s] INFO:colcon.colcon_core.shell:Creating prefix script '/home/luca002/proj_ws/install/local_setup.ps1'
[1.800s] INFO:colcon.colcon_core.shell:Creating prefix util module '/home/luca002/proj_ws/install/_local_setup_util_ps1.py'
[1.800s] INFO:colcon.colcon_core.shell:Creating prefix chain script '/home/luca002/proj_ws/install/setup.ps1'
[1.801s] INFO:colcon.colcon_core.shell:Creating prefix script '/home/luca002/proj_ws/install/local_setup.sh'
[1.802s] INFO:colcon.colcon_core.shell:Creating prefix util module '/home/luca002/proj_ws/install/_local_setup_util_sh.py'
[1.802s] INFO:colcon.colcon_core.shell:Creating prefix chain script '/home/luca002/proj_ws/install/setup.sh'
[1.803s] INFO:colcon.colcon_core.shell:Creating prefix script '/home/luca002/proj_ws/install/local_setup.bash'
[1.803s] INFO:colcon.colcon_core.shell:Creating prefix chain script '/home/luca002/proj_ws/install/setup.bash'
[1.805s] INFO:colcon.colcon_core.shell:Creating prefix script '/home/luca002/proj_ws/install/local_setup.zsh'
[1.805s] INFO:colcon.colcon_core.shell:Creating prefix chain script '/home/luca002/proj_ws/install/setup.zsh'
