[0.011s] Invoking command in '/home/luca002/proj_ws/build/wamv_gazebo': AMENT_PREFIX_PATH=/home/luca002/proj_ws/install:${AMENT_PREFIX_PATH} CMAKE_PREFIX_PATH=/home/luca002/proj_ws/install:/home/luca002/proj_ws/install/vrx_gz:/home/luca002/proj_ws/install/wamv_gazebo:/home/luca002/proj_ws/install/wamv_description:/home/luca002/proj_ws/install/vrx_ros:/home/luca002/proj_ws/install/vrx_gazebo:/home/luca002/proj_ws/install/pose_to_tf:/home/luca002/proj_ws/install/bluerov2_description:/home/luca002/proj_ws/install/bluerov2_control:/home/luca002/ex_ws/install/dave_worlds:/home/luca002/ex_ws/install/dave_sensor_models:/home/luca002/ex_ws/install/dave_gz_model_plugins:/home/luca002/ex_ws/install/dave_ros_gz_plugins:/home/luca002/ex_ws/install/dave_robot_models:/home/luca002/ex_ws/install/dave_object_models:/home/luca002/ex_ws/install/dave_gz_world_plugins:/home/luca002/ex_ws/install/dave_gz_sensor_plugins:/home/luca002/ex_ws/install/dave_interfaces:/home/luca002/ex_ws/install/dave_demos:/home/luca002/ex_ws/install/dave:/opt/ros/jazzy/opt/gz_sim_vendor:/opt/ros/jazzy/opt/gz_sensors_vendor:/opt/ros/jazzy/opt/gz_physics_vendor:/opt/ros/jazzy/opt/sdformat_vendor:/opt/ros/jazzy/opt/gz_gui_vendor:/opt/ros/jazzy/opt/gz_transport_vendor:/opt/ros/jazzy/opt/gz_rendering_vendor:/opt/ros/jazzy/opt/gz_plugin_vendor:/opt/ros/jazzy/opt/gz_fuel_tools_vendor:/opt/ros/jazzy/opt/gz_msgs_vendor:/opt/ros/jazzy/opt/gz_common_vendor:/opt/ros/jazzy/opt/gz_math_vendor:/opt/ros/jazzy/opt/gz_utils_vendor:/opt/ros/jazzy/opt/gz_tools_vendor:/opt/ros/jazzy/opt/gz_ogre_next_vendor:/opt/ros/jazzy/opt/gz_dartsim_vendor:/opt/ros/jazzy/opt/gz_cmake_vendor:/opt/ros/jazzy DEBUGINFOD_URLS=https://debuginfod.ubuntu.com GZ_SIM_RESOURCE_PATH=/home/luca002/proj_ws/install/share/wamv_description/models:/home/luca002/proj_ws/install/share/vrx_gazebo/models:/home/luca002/proj_ws/install/share:${GZ_SIM_RESOURCE_PATH} PYTHONPATH=/home/luca002/proj_ws/install/lib/python3.12/site-packages:${PYTHONPATH} /usr/bin/cmake /home/luca002/proj_ws/src/vrx/vrx_urdf/wamv_gazebo -DCMAKE_INSTALL_PREFIX=/home/luca002/proj_ws/install
[0.054s] -- The C compiler identification is GNU 13.3.0
[0.098s] -- The CXX compiler identification is GNU 13.3.0
[0.111s] -- Detecting C compiler ABI info
[0.177s] -- Detecting C compiler ABI info - done
[0.190s] -- Check for working C compiler: /usr/bin/cc - skipped
[0.190s] -- Detecting C compile features
[0.191s] -- Detecting C compile features - done
[0.199s] -- Detecting CXX compiler ABI info
[0.273s] -- Detecting CXX compiler ABI info - done
[0.286s] -- Check for working CXX compiler: /usr/bin/c++ - skipped
[0.286s] -- Detecting CXX compile features
[0.286s] -- Detecting CXX compile features - done
[0.292s] -- Found ament_cmake: 2.5.4 (/opt/ros/jazzy/share/ament_cmake/cmake)
[0.435s] -- Found Python3: /usr/bin/python3 (found version "3.12.3") found components: Interpreter 
[0.539s] -- Found xacro: 2.0.13 (/opt/ros/jazzy/share/xacro/cmake)
[0.539s] -- Found wamv_description: 1.3.0 (/home/luca002/proj_ws/install/share/wamv_description/cmake)
[0.615s] -- Configuring done (0.6s)
[0.618s] -- Generating done (0.0s)
[0.620s] -- Build files have been written to: /home/luca002/proj_ws/build/wamv_gazebo
[0.626s] Invoked command in '/home/luca002/proj_ws/build/wamv_gazebo' returned '0': AMENT_PREFIX_PATH=/home/luca002/proj_ws/install:${AMENT_PREFIX_PATH} CMAKE_PREFIX_PATH=/home/luca002/proj_ws/install:/home/luca002/proj_ws/install/vrx_gz:/home/luca002/proj_ws/install/wamv_gazebo:/home/luca002/proj_ws/install/wamv_description:/home/luca002/proj_ws/install/vrx_ros:/home/luca002/proj_ws/install/vrx_gazebo:/home/luca002/proj_ws/install/pose_to_tf:/home/luca002/proj_ws/install/bluerov2_description:/home/luca002/proj_ws/install/bluerov2_control:/home/luca002/ex_ws/install/dave_worlds:/home/luca002/ex_ws/install/dave_sensor_models:/home/luca002/ex_ws/install/dave_gz_model_plugins:/home/luca002/ex_ws/install/dave_ros_gz_plugins:/home/luca002/ex_ws/install/dave_robot_models:/home/luca002/ex_ws/install/dave_object_models:/home/luca002/ex_ws/install/dave_gz_world_plugins:/home/luca002/ex_ws/install/dave_gz_sensor_plugins:/home/luca002/ex_ws/install/dave_interfaces:/home/luca002/ex_ws/install/dave_demos:/home/luca002/ex_ws/install/dave:/opt/ros/jazzy/opt/gz_sim_vendor:/opt/ros/jazzy/opt/gz_sensors_vendor:/opt/ros/jazzy/opt/gz_physics_vendor:/opt/ros/jazzy/opt/sdformat_vendor:/opt/ros/jazzy/opt/gz_gui_vendor:/opt/ros/jazzy/opt/gz_transport_vendor:/opt/ros/jazzy/opt/gz_rendering_vendor:/opt/ros/jazzy/opt/gz_plugin_vendor:/opt/ros/jazzy/opt/gz_fuel_tools_vendor:/opt/ros/jazzy/opt/gz_msgs_vendor:/opt/ros/jazzy/opt/gz_common_vendor:/opt/ros/jazzy/opt/gz_math_vendor:/opt/ros/jazzy/opt/gz_utils_vendor:/opt/ros/jazzy/opt/gz_tools_vendor:/opt/ros/jazzy/opt/gz_ogre_next_vendor:/opt/ros/jazzy/opt/gz_dartsim_vendor:/opt/ros/jazzy/opt/gz_cmake_vendor:/opt/ros/jazzy DEBUGINFOD_URLS=https://debuginfod.ubuntu.com GZ_SIM_RESOURCE_PATH=/home/luca002/proj_ws/install/share/wamv_description/models:/home/luca002/proj_ws/install/share/vrx_gazebo/models:/home/luca002/proj_ws/install/share:${GZ_SIM_RESOURCE_PATH} PYTHONPATH=/home/luca002/proj_ws/install/lib/python3.12/site-packages:${PYTHONPATH} /usr/bin/cmake /home/luca002/proj_ws/src/vrx/vrx_urdf/wamv_gazebo -DCMAKE_INSTALL_PREFIX=/home/luca002/proj_ws/install
[0.627s] Invoking command in '/home/luca002/proj_ws/build/wamv_gazebo': AMENT_PREFIX_PATH=/home/luca002/proj_ws/install:${AMENT_PREFIX_PATH} CMAKE_PREFIX_PATH=/home/luca002/proj_ws/install:/home/luca002/proj_ws/install/vrx_gz:/home/luca002/proj_ws/install/wamv_gazebo:/home/luca002/proj_ws/install/wamv_description:/home/luca002/proj_ws/install/vrx_ros:/home/luca002/proj_ws/install/vrx_gazebo:/home/luca002/proj_ws/install/pose_to_tf:/home/luca002/proj_ws/install/bluerov2_description:/home/luca002/proj_ws/install/bluerov2_control:/home/luca002/ex_ws/install/dave_worlds:/home/luca002/ex_ws/install/dave_sensor_models:/home/luca002/ex_ws/install/dave_gz_model_plugins:/home/luca002/ex_ws/install/dave_ros_gz_plugins:/home/luca002/ex_ws/install/dave_robot_models:/home/luca002/ex_ws/install/dave_object_models:/home/luca002/ex_ws/install/dave_gz_world_plugins:/home/luca002/ex_ws/install/dave_gz_sensor_plugins:/home/luca002/ex_ws/install/dave_interfaces:/home/luca002/ex_ws/install/dave_demos:/home/luca002/ex_ws/install/dave:/opt/ros/jazzy/opt/gz_sim_vendor:/opt/ros/jazzy/opt/gz_sensors_vendor:/opt/ros/jazzy/opt/gz_physics_vendor:/opt/ros/jazzy/opt/sdformat_vendor:/opt/ros/jazzy/opt/gz_gui_vendor:/opt/ros/jazzy/opt/gz_transport_vendor:/opt/ros/jazzy/opt/gz_rendering_vendor:/opt/ros/jazzy/opt/gz_plugin_vendor:/opt/ros/jazzy/opt/gz_fuel_tools_vendor:/opt/ros/jazzy/opt/gz_msgs_vendor:/opt/ros/jazzy/opt/gz_common_vendor:/opt/ros/jazzy/opt/gz_math_vendor:/opt/ros/jazzy/opt/gz_utils_vendor:/opt/ros/jazzy/opt/gz_tools_vendor:/opt/ros/jazzy/opt/gz_ogre_next_vendor:/opt/ros/jazzy/opt/gz_dartsim_vendor:/opt/ros/jazzy/opt/gz_cmake_vendor:/opt/ros/jazzy DEBUGINFOD_URLS=https://debuginfod.ubuntu.com GZ_SIM_RESOURCE_PATH=/home/luca002/proj_ws/install/share/wamv_description/models:/home/luca002/proj_ws/install/share/vrx_gazebo/models:/home/luca002/proj_ws/install/share:${GZ_SIM_RESOURCE_PATH} PYTHONPATH=/home/luca002/proj_ws/install/lib/python3.12/site-packages:${PYTHONPATH} /usr/bin/cmake --build /home/luca002/proj_ws/build/wamv_gazebo -- -j16 -l16
[0.660s] Invoked command in '/home/luca002/proj_ws/build/wamv_gazebo' returned '0': AMENT_PREFIX_PATH=/home/luca002/proj_ws/install:${AMENT_PREFIX_PATH} CMAKE_PREFIX_PATH=/home/luca002/proj_ws/install:/home/luca002/proj_ws/install/vrx_gz:/home/luca002/proj_ws/install/wamv_gazebo:/home/luca002/proj_ws/install/wamv_description:/home/luca002/proj_ws/install/vrx_ros:/home/luca002/proj_ws/install/vrx_gazebo:/home/luca002/proj_ws/install/pose_to_tf:/home/luca002/proj_ws/install/bluerov2_description:/home/luca002/proj_ws/install/bluerov2_control:/home/luca002/ex_ws/install/dave_worlds:/home/luca002/ex_ws/install/dave_sensor_models:/home/luca002/ex_ws/install/dave_gz_model_plugins:/home/luca002/ex_ws/install/dave_ros_gz_plugins:/home/luca002/ex_ws/install/dave_robot_models:/home/luca002/ex_ws/install/dave_object_models:/home/luca002/ex_ws/install/dave_gz_world_plugins:/home/luca002/ex_ws/install/dave_gz_sensor_plugins:/home/luca002/ex_ws/install/dave_interfaces:/home/luca002/ex_ws/install/dave_demos:/home/luca002/ex_ws/install/dave:/opt/ros/jazzy/opt/gz_sim_vendor:/opt/ros/jazzy/opt/gz_sensors_vendor:/opt/ros/jazzy/opt/gz_physics_vendor:/opt/ros/jazzy/opt/sdformat_vendor:/opt/ros/jazzy/opt/gz_gui_vendor:/opt/ros/jazzy/opt/gz_transport_vendor:/opt/ros/jazzy/opt/gz_rendering_vendor:/opt/ros/jazzy/opt/gz_plugin_vendor:/opt/ros/jazzy/opt/gz_fuel_tools_vendor:/opt/ros/jazzy/opt/gz_msgs_vendor:/opt/ros/jazzy/opt/gz_common_vendor:/opt/ros/jazzy/opt/gz_math_vendor:/opt/ros/jazzy/opt/gz_utils_vendor:/opt/ros/jazzy/opt/gz_tools_vendor:/opt/ros/jazzy/opt/gz_ogre_next_vendor:/opt/ros/jazzy/opt/gz_dartsim_vendor:/opt/ros/jazzy/opt/gz_cmake_vendor:/opt/ros/jazzy DEBUGINFOD_URLS=https://debuginfod.ubuntu.com GZ_SIM_RESOURCE_PATH=/home/luca002/proj_ws/install/share/wamv_description/models:/home/luca002/proj_ws/install/share/vrx_gazebo/models:/home/luca002/proj_ws/install/share:${GZ_SIM_RESOURCE_PATH} PYTHONPATH=/home/luca002/proj_ws/install/lib/python3.12/site-packages:${PYTHONPATH} /usr/bin/cmake --build /home/luca002/proj_ws/build/wamv_gazebo -- -j16 -l16
[0.661s] Invoking command in '/home/luca002/proj_ws/build/wamv_gazebo': AMENT_PREFIX_PATH=/home/luca002/proj_ws/install:${AMENT_PREFIX_PATH} CMAKE_PREFIX_PATH=/home/luca002/proj_ws/install:/home/luca002/proj_ws/install/vrx_gz:/home/luca002/proj_ws/install/wamv_gazebo:/home/luca002/proj_ws/install/wamv_description:/home/luca002/proj_ws/install/vrx_ros:/home/luca002/proj_ws/install/vrx_gazebo:/home/luca002/proj_ws/install/pose_to_tf:/home/luca002/proj_ws/install/bluerov2_description:/home/luca002/proj_ws/install/bluerov2_control:/home/luca002/ex_ws/install/dave_worlds:/home/luca002/ex_ws/install/dave_sensor_models:/home/luca002/ex_ws/install/dave_gz_model_plugins:/home/luca002/ex_ws/install/dave_ros_gz_plugins:/home/luca002/ex_ws/install/dave_robot_models:/home/luca002/ex_ws/install/dave_object_models:/home/luca002/ex_ws/install/dave_gz_world_plugins:/home/luca002/ex_ws/install/dave_gz_sensor_plugins:/home/luca002/ex_ws/install/dave_interfaces:/home/luca002/ex_ws/install/dave_demos:/home/luca002/ex_ws/install/dave:/opt/ros/jazzy/opt/gz_sim_vendor:/opt/ros/jazzy/opt/gz_sensors_vendor:/opt/ros/jazzy/opt/gz_physics_vendor:/opt/ros/jazzy/opt/sdformat_vendor:/opt/ros/jazzy/opt/gz_gui_vendor:/opt/ros/jazzy/opt/gz_transport_vendor:/opt/ros/jazzy/opt/gz_rendering_vendor:/opt/ros/jazzy/opt/gz_plugin_vendor:/opt/ros/jazzy/opt/gz_fuel_tools_vendor:/opt/ros/jazzy/opt/gz_msgs_vendor:/opt/ros/jazzy/opt/gz_common_vendor:/opt/ros/jazzy/opt/gz_math_vendor:/opt/ros/jazzy/opt/gz_utils_vendor:/opt/ros/jazzy/opt/gz_tools_vendor:/opt/ros/jazzy/opt/gz_ogre_next_vendor:/opt/ros/jazzy/opt/gz_dartsim_vendor:/opt/ros/jazzy/opt/gz_cmake_vendor:/opt/ros/jazzy DEBUGINFOD_URLS=https://debuginfod.ubuntu.com GZ_SIM_RESOURCE_PATH=/home/luca002/proj_ws/install/share/wamv_description/models:/home/luca002/proj_ws/install/share/vrx_gazebo/models:/home/luca002/proj_ws/install/share:${GZ_SIM_RESOURCE_PATH} PYTHONPATH=/home/luca002/proj_ws/install/lib/python3.12/site-packages:${PYTHONPATH} /usr/bin/cmake --install /home/luca002/proj_ws/build/wamv_gazebo
[0.668s] -- Install configuration: ""
[0.668s] -- Installing: /home/luca002/proj_ws/install/share/wamv_gazebo/models
[0.668s] -- Installing: /home/luca002/proj_ws/install/share/wamv_gazebo/models/gps
[0.668s] -- Installing: /home/luca002/proj_ws/install/share/wamv_gazebo/models/gps/mesh
[0.668s] -- Installing: /home/luca002/proj_ws/install/share/wamv_gazebo/models/gps/mesh/gps.dae
[0.668s] -- Installing: /home/luca002/proj_ws/install/share/wamv_gazebo/models/gps/mesh/gps.png
[0.668s] -- Installing: /home/luca002/proj_ws/install/share/wamv_gazebo/models/gps/model.config
[0.668s] -- Installing: /home/luca002/proj_ws/install/share/wamv_gazebo/urdf
[0.668s] -- Installing: /home/luca002/proj_ws/install/share/wamv_gazebo/urdf/wamv_gazebo.xacro
[0.668s] -- Installing: /home/luca002/proj_ws/install/share/wamv_gazebo/urdf/components
[0.668s] -- Installing: /home/luca002/proj_ws/install/share/wamv_gazebo/urdf/components/wamv_3d_lidar.xacro
[0.668s] -- Installing: /home/luca002/proj_ws/install/share/wamv_gazebo/urdf/components/wamv_pinger.xacro
[0.668s] -- Installing: /home/luca002/proj_ws/install/share/wamv_gazebo/urdf/components/wamv_camera.xacro
[0.669s] -- Installing: /home/luca002/proj_ws/install/share/wamv_gazebo/urdf/components/wamv_p3d.xacro
[0.669s] -- Installing: /home/luca002/proj_ws/install/share/wamv_gazebo/urdf/components/wamv_planar_lidar.xacro
[0.669s] -- Installing: /home/luca002/proj_ws/install/share/wamv_gazebo/urdf/components/wamv_gps.xacro
[0.669s] -- Installing: /home/luca002/proj_ws/install/share/wamv_gazebo/urdf/components/lidar.xacro
[0.669s] -- Installing: /home/luca002/proj_ws/install/share/wamv_gazebo/urdf/components/wamv_imu.xacro
[0.669s] -- Installing: /home/luca002/proj_ws/install/share/wamv_gazebo/urdf/components/ball_shooter.xacro
[0.669s] -- Installing: /home/luca002/proj_ws/install/share/wamv_gazebo/urdf/wamv_gazebo.urdf.xacro
[0.669s] -- Installing: /home/luca002/proj_ws/install/share/wamv_gazebo/urdf/thruster_layouts
[0.669s] -- Installing: /home/luca002/proj_ws/install/share/wamv_gazebo/urdf/thruster_layouts/wamv_aft_thrusters.xacro
[0.669s] -- Installing: /home/luca002/proj_ws/install/share/wamv_gazebo/urdf/thruster_layouts/wamv_t_thrusters.xacro
[0.669s] -- Installing: /home/luca002/proj_ws/install/share/wamv_gazebo/urdf/thruster_layouts/wamv_x_thrusters.xacro
[0.669s] -- Installing: /home/luca002/proj_ws/install/share/wamv_gazebo/urdf/thruster_layouts/wamv_gazebo_thruster_config.xacro
[0.669s] -- Installing: /home/luca002/proj_ws/install/share/wamv_gazebo/urdf/dynamics
[0.669s] -- Installing: /home/luca002/proj_ws/install/share/wamv_gazebo/urdf/dynamics/wamv_gazebo_dynamics_plugin.xacro
[0.669s] -- Installing: /home/luca002/proj_ws/install/share/wamv_gazebo/urdf/macros.xacro
[0.669s] -- Installing: /home/luca002/proj_ws/install/share/ament_index/resource_index/package_run_dependencies/wamv_gazebo
[0.669s] -- Installing: /home/luca002/proj_ws/install/share/ament_index/resource_index/parent_prefix_path/wamv_gazebo
[0.669s] -- Installing: /home/luca002/proj_ws/install/share/wamv_gazebo/environment/ament_prefix_path.sh
[0.669s] -- Installing: /home/luca002/proj_ws/install/share/wamv_gazebo/environment/ament_prefix_path.dsv
[0.670s] -- Installing: /home/luca002/proj_ws/install/share/wamv_gazebo/environment/path.sh
[0.670s] -- Installing: /home/luca002/proj_ws/install/share/wamv_gazebo/environment/path.dsv
[0.670s] -- Installing: /home/luca002/proj_ws/install/share/wamv_gazebo/local_setup.bash
[0.670s] -- Installing: /home/luca002/proj_ws/install/share/wamv_gazebo/local_setup.sh
[0.670s] -- Installing: /home/luca002/proj_ws/install/share/wamv_gazebo/local_setup.zsh
[0.670s] -- Installing: /home/luca002/proj_ws/install/share/wamv_gazebo/local_setup.dsv
[0.670s] -- Installing: /home/luca002/proj_ws/install/share/wamv_gazebo/package.dsv
[0.670s] -- Installing: /home/luca002/proj_ws/install/share/ament_index/resource_index/packages/wamv_gazebo
[0.670s] -- Installing: /home/luca002/proj_ws/install/share/wamv_gazebo/cmake/wamv_gazeboConfig.cmake
[0.670s] -- Installing: /home/luca002/proj_ws/install/share/wamv_gazebo/cmake/wamv_gazeboConfig-version.cmake
[0.670s] -- Installing: /home/luca002/proj_ws/install/share/wamv_gazebo/package.xml
[0.672s] Invoked command in '/home/luca002/proj_ws/build/wamv_gazebo' returned '0': AMENT_PREFIX_PATH=/home/luca002/proj_ws/install:${AMENT_PREFIX_PATH} CMAKE_PREFIX_PATH=/home/luca002/proj_ws/install:/home/luca002/proj_ws/install/vrx_gz:/home/luca002/proj_ws/install/wamv_gazebo:/home/luca002/proj_ws/install/wamv_description:/home/luca002/proj_ws/install/vrx_ros:/home/luca002/proj_ws/install/vrx_gazebo:/home/luca002/proj_ws/install/pose_to_tf:/home/luca002/proj_ws/install/bluerov2_description:/home/luca002/proj_ws/install/bluerov2_control:/home/luca002/ex_ws/install/dave_worlds:/home/luca002/ex_ws/install/dave_sensor_models:/home/luca002/ex_ws/install/dave_gz_model_plugins:/home/luca002/ex_ws/install/dave_ros_gz_plugins:/home/luca002/ex_ws/install/dave_robot_models:/home/luca002/ex_ws/install/dave_object_models:/home/luca002/ex_ws/install/dave_gz_world_plugins:/home/luca002/ex_ws/install/dave_gz_sensor_plugins:/home/luca002/ex_ws/install/dave_interfaces:/home/luca002/ex_ws/install/dave_demos:/home/luca002/ex_ws/install/dave:/opt/ros/jazzy/opt/gz_sim_vendor:/opt/ros/jazzy/opt/gz_sensors_vendor:/opt/ros/jazzy/opt/gz_physics_vendor:/opt/ros/jazzy/opt/sdformat_vendor:/opt/ros/jazzy/opt/gz_gui_vendor:/opt/ros/jazzy/opt/gz_transport_vendor:/opt/ros/jazzy/opt/gz_rendering_vendor:/opt/ros/jazzy/opt/gz_plugin_vendor:/opt/ros/jazzy/opt/gz_fuel_tools_vendor:/opt/ros/jazzy/opt/gz_msgs_vendor:/opt/ros/jazzy/opt/gz_common_vendor:/opt/ros/jazzy/opt/gz_math_vendor:/opt/ros/jazzy/opt/gz_utils_vendor:/opt/ros/jazzy/opt/gz_tools_vendor:/opt/ros/jazzy/opt/gz_ogre_next_vendor:/opt/ros/jazzy/opt/gz_dartsim_vendor:/opt/ros/jazzy/opt/gz_cmake_vendor:/opt/ros/jazzy DEBUGINFOD_URLS=https://debuginfod.ubuntu.com GZ_SIM_RESOURCE_PATH=/home/luca002/proj_ws/install/share/wamv_description/models:/home/luca002/proj_ws/install/share/vrx_gazebo/models:/home/luca002/proj_ws/install/share:${GZ_SIM_RESOURCE_PATH} PYTHONPATH=/home/luca002/proj_ws/install/lib/python3.12/site-packages:${PYTHONPATH} /usr/bin/cmake --install /home/luca002/proj_ws/build/wamv_gazebo
