[  4%] Built target Waves
[  8%] Built target ScoringPlugin
[  8%] Built target ament_cmake_python_symlink_vrx_gz
[ 12%] Built target LightBuoyPlugin
[ 16%] Built target PerceptionScoringPlugin
[ 33%] Built target AcousticTrackingScoringPlugin
[ 33%] Built target AcousticPerceptionScoringPlugin
[ 33%] Built target BallShooterPlugin
[ 37%] Built target AcousticPingerPlugin
[ 41%] Built target ScanDockScoringPlugin
[ 45%] Built target GymkhanaScoringPlugin
[ 50%] Built target SimpleHydrodynamics
[ 56%] Built target WayfindingScoringPlugin
[ 60%] Built target USVWind
[ 64%] Built target NavigationScoringPlugin
[ 68%] Built target PublisherPlugin
[ 75%] Built target StationkeepingScoringPlugin
[ 79%] Built target Surface
[ 83%] Built target PlacardPlugin
[ 87%] Built target WildlifeScoringPlugin
[ 91%] Built target WaveVisual
[100%] Built target PolyhedraBuoyancyDrag
running egg_info
writing vrx_gz.egg-info/PKG-INFO
writing dependency_links to vrx_gz.egg-info/dependency_links.txt
writing top-level names to vrx_gz.egg-info/top_level.txt
reading manifest file 'vrx_gz.egg-info/SOURCES.txt'
writing manifest file 'vrx_gz.egg-info/SOURCES.txt'
[100%] Built target ament_cmake_python_build_vrx_gz_egg
-- Install configuration: ""
-- Execute custom install script
-- Up-to-date symlink: /home/luca002/proj_ws/install/vrx_gz/share/vrx_gz/environment/resource_paths.dsv
-- Up-to-date symlink: /home/luca002/proj_ws/install/vrx_gz/share/vrx_gz/environment/resource_paths.sh
-- Up-to-date symlink: /home/luca002/proj_ws/install/vrx_gz/lib/libWaves.so
-- Up-to-date symlink: /home/luca002/proj_ws/install/vrx_gz/lib/libPolyhedraBuoyancyDrag.so
-- Up-to-date symlink: /home/luca002/proj_ws/install/vrx_gz/lib/libScoringPlugin.so
-- Up-to-date symlink: /home/luca002/proj_ws/install/vrx_gz/lib/libStationkeepingScoringPlugin.so
-- Up-to-date symlink: /home/luca002/proj_ws/install/vrx_gz/lib/libWayfindingScoringPlugin.so
-- Up-to-date symlink: /home/luca002/proj_ws/install/vrx_gz/lib/libAcousticPerceptionScoringPlugin.so
-- Up-to-date symlink: /home/luca002/proj_ws/install/vrx_gz/lib/libAcousticTrackingScoringPlugin.so
-- Up-to-date symlink: /home/luca002/proj_ws/install/vrx_gz/lib/libAcousticPingerPlugin.so
-- Up-to-date symlink: /home/luca002/proj_ws/install/vrx_gz/lib/libBallShooterPlugin.so
-- Up-to-date symlink: /home/luca002/proj_ws/install/vrx_gz/lib/libLightBuoyPlugin.so
-- Up-to-date symlink: /home/luca002/proj_ws/install/vrx_gz/lib/libNavigationScoringPlugin.so
-- Up-to-date symlink: /home/luca002/proj_ws/install/vrx_gz/lib/libGymkhanaScoringPlugin.so
-- Up-to-date symlink: /home/luca002/proj_ws/install/vrx_gz/lib/libPerceptionScoringPlugin.so
-- Up-to-date symlink: /home/luca002/proj_ws/install/vrx_gz/lib/libPlacardPlugin.so
-- Up-to-date symlink: /home/luca002/proj_ws/install/vrx_gz/lib/libPublisherPlugin.so
-- Up-to-date symlink: /home/luca002/proj_ws/install/vrx_gz/lib/libScanDockScoringPlugin.so
-- Up-to-date symlink: /home/luca002/proj_ws/install/vrx_gz/lib/libSimpleHydrodynamics.so
-- Up-to-date symlink: /home/luca002/proj_ws/install/vrx_gz/lib/libSurface.so
-- Up-to-date symlink: /home/luca002/proj_ws/install/vrx_gz/lib/libUSVWind.so
-- Up-to-date symlink: /home/luca002/proj_ws/install/vrx_gz/lib/libWaveVisual.so
-- Up-to-date symlink: /home/luca002/proj_ws/install/vrx_gz/lib/libWildlifeScoringPlugin.so
-- Up-to-date symlink: /home/luca002/proj_ws/install/vrx_gz/share/vrx_gz/environment/pythonpath.sh
-- Up-to-date symlink: /home/luca002/proj_ws/install/vrx_gz/share/vrx_gz/environment/pythonpath.dsv
-- Up-to-date symlink: /home/luca002/proj_ws/install/vrx_gz/lib/python3.12/site-packages/vrx_gz-0.0.0-py3.12.egg-info/PKG-INFO
-- Up-to-date symlink: /home/luca002/proj_ws/install/vrx_gz/lib/python3.12/site-packages/vrx_gz-0.0.0-py3.12.egg-info/SOURCES.txt
-- Up-to-date symlink: /home/luca002/proj_ws/install/vrx_gz/lib/python3.12/site-packages/vrx_gz-0.0.0-py3.12.egg-info/dependency_links.txt
-- Up-to-date symlink: /home/luca002/proj_ws/install/vrx_gz/lib/python3.12/site-packages/vrx_gz-0.0.0-py3.12.egg-info/top_level.txt
-- Up-to-date symlink: /home/luca002/proj_ws/install/vrx_gz/lib/python3.12/site-packages/vrx_gz/__init__.py
-- Up-to-date symlink: /home/luca002/proj_ws/install/vrx_gz/lib/python3.12/site-packages/vrx_gz/bridge.py
-- Up-to-date symlink: /home/luca002/proj_ws/install/vrx_gz/lib/python3.12/site-packages/vrx_gz/bridges.py
-- Up-to-date symlink: /home/luca002/proj_ws/install/vrx_gz/lib/python3.12/site-packages/vrx_gz/launch.py
-- Up-to-date symlink: /home/luca002/proj_ws/install/vrx_gz/lib/python3.12/site-packages/vrx_gz/model.py
-- Up-to-date symlink: /home/luca002/proj_ws/install/vrx_gz/lib/python3.12/site-packages/vrx_gz/monitor_sim.py
-- Up-to-date symlink: /home/luca002/proj_ws/install/vrx_gz/lib/python3.12/site-packages/vrx_gz/payload_bridges.py
-- Up-to-date symlink: /home/luca002/proj_ws/install/vrx_gz/share/vrx_gz/config/roboboat.yaml
-- Up-to-date symlink: /home/luca002/proj_ws/install/vrx_gz/share/vrx_gz/config/wamv.yaml
-- Up-to-date symlink: /home/luca002/proj_ws/install/vrx_gz/share/vrx_gz/launch/competition.launch.py
-- Symlinking: /home/luca002/proj_ws/install/vrx_gz/share/vrx_gz/launch/mylaunch.py
-- Up-to-date symlink: /home/luca002/proj_ws/install/vrx_gz/share/vrx_gz/launch/spawn.launch.py
-- Up-to-date symlink: /home/luca002/proj_ws/install/vrx_gz/share/vrx_gz/launch/spawn_config.launch.py
-- Up-to-date symlink: /home/luca002/proj_ws/install/vrx_gz/share/vrx_gz/launch/usv_joy_teleop.py
-- Up-to-date symlink: /home/luca002/proj_ws/install/vrx_gz/share/vrx_gz/launch/vrx_environment.launch.py
-- Up-to-date symlink: /home/luca002/proj_ws/install/vrx_gz/share/vrx_gz/models/3d_lidar/mesh/3d_Lidar_Albedo.png
-- Up-to-date symlink: /home/luca002/proj_ws/install/vrx_gz/share/vrx_gz/models/3d_lidar/mesh/3d_Lidar_Metalness.png
-- Up-to-date symlink: /home/luca002/proj_ws/install/vrx_gz/share/vrx_gz/models/3d_lidar/mesh/3d_Lidar_Normal.png
-- Up-to-date symlink: /home/luca002/proj_ws/install/vrx_gz/share/vrx_gz/models/3d_lidar/mesh/3d_Lidar_Roughness.png
-- Up-to-date symlink: /home/luca002/proj_ws/install/vrx_gz/share/vrx_gz/models/3d_lidar/mesh/3d_lidar.dae
-- Up-to-date symlink: /home/luca002/proj_ws/install/vrx_gz/share/vrx_gz/models/3d_lidar/mesh/3d_lidar.png
-- Up-to-date symlink: /home/luca002/proj_ws/install/vrx_gz/share/vrx_gz/models/3d_lidar/model.config
-- Up-to-date symlink: /home/luca002/proj_ws/install/vrx_gz/share/vrx_gz/models/3d_lidar/model.sdf
-- Up-to-date symlink: /home/luca002/proj_ws/install/vrx_gz/share/vrx_gz/models/articulated_platform/model.config
-- Up-to-date symlink: /home/luca002/proj_ws/install/vrx_gz/share/vrx_gz/models/articulated_platform/model.sdf
-- Up-to-date symlink: /home/luca002/proj_ws/install/vrx_gz/share/vrx_gz/models/ball_shooter/materials/Textures/Launcher_Albedo.png
-- Up-to-date symlink: /home/luca002/proj_ws/install/vrx_gz/share/vrx_gz/models/ball_shooter/materials/Textures/Launcher_Metalness.png
-- Up-to-date symlink: /home/luca002/proj_ws/install/vrx_gz/share/vrx_gz/models/ball_shooter/materials/Textures/Launcher_Normal.png
-- Up-to-date symlink: /home/luca002/proj_ws/install/vrx_gz/share/vrx_gz/models/ball_shooter/materials/Textures/Launcher_Roughness.png
-- Up-to-date symlink: /home/luca002/proj_ws/install/vrx_gz/share/vrx_gz/models/ball_shooter/meshes/Launcher_Albedo.png
-- Up-to-date symlink: /home/luca002/proj_ws/install/vrx_gz/share/vrx_gz/models/ball_shooter/meshes/Launcher_BaseColor.png
-- Up-to-date symlink: /home/luca002/proj_ws/install/vrx_gz/share/vrx_gz/models/ball_shooter/meshes/ball_shooter_base.dae
-- Up-to-date symlink: /home/luca002/proj_ws/install/vrx_gz/share/vrx_gz/models/ball_shooter/meshes/ball_shooter_launcher.dae
-- Up-to-date symlink: /home/luca002/proj_ws/install/vrx_gz/share/vrx_gz/models/ball_shooter/model.config
-- Up-to-date symlink: /home/luca002/proj_ws/install/vrx_gz/share/vrx_gz/models/ball_shooter/model.sdf
-- Up-to-date symlink: /home/luca002/proj_ws/install/vrx_gz/share/vrx_gz/models/battery/mesh/battery.dae
-- Up-to-date symlink: /home/luca002/proj_ws/install/vrx_gz/share/vrx_gz/models/battery/mesh/battery.png
-- Up-to-date symlink: /home/luca002/proj_ws/install/vrx_gz/share/vrx_gz/models/battery/mesh/battery_Albedo.png
-- Up-to-date symlink: /home/luca002/proj_ws/install/vrx_gz/share/vrx_gz/models/battery/mesh/battery_Metalness.png
-- Up-to-date symlink: /home/luca002/proj_ws/install/vrx_gz/share/vrx_gz/models/battery/mesh/battery_Normal.png
-- Up-to-date symlink: /home/luca002/proj_ws/install/vrx_gz/share/vrx_gz/models/battery/mesh/battery_Roughness.png
-- Up-to-date symlink: /home/luca002/proj_ws/install/vrx_gz/share/vrx_gz/models/battery/model.config
-- Up-to-date symlink: /home/luca002/proj_ws/install/vrx_gz/share/vrx_gz/models/battery/model.sdf
-- Up-to-date symlink: /home/luca002/proj_ws/install/vrx_gz/share/vrx_gz/models/blue_projectile/model.config
-- Up-to-date symlink: /home/luca002/proj_ws/install/vrx_gz/share/vrx_gz/models/blue_projectile/model.sdf
-- Up-to-date symlink: /home/luca002/proj_ws/install/vrx_gz/share/vrx_gz/models/boat/materials/textures/Boat_Albedo.png
-- Up-to-date symlink: /home/luca002/proj_ws/install/vrx_gz/share/vrx_gz/models/boat/materials/textures/Boat_Metalness.png
-- Up-to-date symlink: /home/luca002/proj_ws/install/vrx_gz/share/vrx_gz/models/boat/materials/textures/Boat_Normal.png
-- Up-to-date symlink: /home/luca002/proj_ws/install/vrx_gz/share/vrx_gz/models/boat/materials/textures/Boat_Roughness.png
-- Up-to-date symlink: /home/luca002/proj_ws/install/vrx_gz/share/vrx_gz/models/boat/materials/textures/lidar_3d_v1.png
-- Up-to-date symlink: /home/luca002/proj_ws/install/vrx_gz/share/vrx_gz/models/boat/meshes/rcboat.dae
-- Up-to-date symlink: /home/luca002/proj_ws/install/vrx_gz/share/vrx_gz/models/boat/model.config
-- Up-to-date symlink: /home/luca002/proj_ws/install/vrx_gz/share/vrx_gz/models/boat/model.sdf
-- Up-to-date symlink: /home/luca002/proj_ws/install/vrx_gz/share/vrx_gz/models/boat/oldmodel/mmodel.sdf
-- Up-to-date symlink: /home/luca002/proj_ws/install/vrx_gz/share/vrx_gz/models/boat/thumbnails/boat/1.png
-- Up-to-date symlink: /home/luca002/proj_ws/install/vrx_gz/share/vrx_gz/models/boat/thumbnails/boat/2.png
-- Up-to-date symlink: /home/luca002/proj_ws/install/vrx_gz/share/vrx_gz/models/boat/thumbnails/boat/3.png
-- Up-to-date symlink: /home/luca002/proj_ws/install/vrx_gz/share/vrx_gz/models/boat/thumbnails/boat/4.png
-- Up-to-date symlink: /home/luca002/proj_ws/install/vrx_gz/share/vrx_gz/models/boat/thumbnails/boat/5.png
-- Up-to-date symlink: /home/luca002/proj_ws/install/vrx_gz/share/vrx_gz/models/coast_waves/materials/programs/GerstnerWaves_fs_330.glsl
-- Up-to-date symlink: /home/luca002/proj_ws/install/vrx_gz/share/vrx_gz/models/coast_waves/materials/programs/GerstnerWaves_vs_330.glsl
-- Up-to-date symlink: /home/luca002/proj_ws/install/vrx_gz/share/vrx_gz/models/coast_waves/materials/textures/skybox_lowres.dds
-- Up-to-date symlink: /home/luca002/proj_ws/install/vrx_gz/share/vrx_gz/models/coast_waves/materials/textures/wave_normals.dds
-- Up-to-date symlink: /home/luca002/proj_ws/install/vrx_gz/share/vrx_gz/models/coast_waves/meshes/waterlow.dae
-- Up-to-date symlink: /home/luca002/proj_ws/install/vrx_gz/share/vrx_gz/models/coast_waves/model.config
-- Up-to-date symlink: /home/luca002/proj_ws/install/vrx_gz/share/vrx_gz/models/coast_waves/model.sdf
-- Up-to-date symlink: /home/luca002/proj_ws/install/vrx_gz/share/vrx_gz/models/cpu_cases/mesh/cpu_cases.dae
-- Up-to-date symlink: /home/luca002/proj_ws/install/vrx_gz/share/vrx_gz/models/cpu_cases/mesh/cpu_cases.png
-- Up-to-date symlink: /home/luca002/proj_ws/install/vrx_gz/share/vrx_gz/models/cpu_cases/mesh/cpu_cases_Albedo.png
-- Up-to-date symlink: /home/luca002/proj_ws/install/vrx_gz/share/vrx_gz/models/cpu_cases/mesh/cpu_cases_Metalness.png
-- Up-to-date symlink: /home/luca002/proj_ws/install/vrx_gz/share/vrx_gz/models/cpu_cases/mesh/cpu_cases_Normal.png
-- Up-to-date symlink: /home/luca002/proj_ws/install/vrx_gz/share/vrx_gz/models/cpu_cases/mesh/cpu_cases_Roughness.png
-- Up-to-date symlink: /home/luca002/proj_ws/install/vrx_gz/share/vrx_gz/models/cpu_cases/model.config
-- Up-to-date symlink: /home/luca002/proj_ws/install/vrx_gz/share/vrx_gz/models/cpu_cases/model.sdf
-- Up-to-date symlink: /home/luca002/proj_ws/install/vrx_gz/share/vrx_gz/models/dock_2022/model.config
-- Up-to-date symlink: /home/luca002/proj_ws/install/vrx_gz/share/vrx_gz/models/dock_2022/model.sdf
-- Up-to-date symlink: /home/luca002/proj_ws/install/vrx_gz/share/vrx_gz/models/dock_2022_base/model.config
-- Up-to-date symlink: /home/luca002/proj_ws/install/vrx_gz/share/vrx_gz/models/dock_2022_base/model.sdf
-- Up-to-date symlink: /home/luca002/proj_ws/install/vrx_gz/share/vrx_gz/models/dock_block_4x4/mesh/DockCubes_Albedo.png
-- Up-to-date symlink: /home/luca002/proj_ws/install/vrx_gz/share/vrx_gz/models/dock_block_4x4/mesh/DockCubes_Metalness.png
-- Up-to-date symlink: /home/luca002/proj_ws/install/vrx_gz/share/vrx_gz/models/dock_block_4x4/mesh/DockCubes_Normal.png
-- Up-to-date symlink: /home/luca002/proj_ws/install/vrx_gz/share/vrx_gz/models/dock_block_4x4/mesh/DockCubes_Roughness.png
-- Up-to-date symlink: /home/luca002/proj_ws/install/vrx_gz/share/vrx_gz/models/dock_block_4x4/mesh/dock_block_4x4.dae
-- Up-to-date symlink: /home/luca002/proj_ws/install/vrx_gz/share/vrx_gz/models/dock_block_4x4/model.config
-- Up-to-date symlink: /home/luca002/proj_ws/install/vrx_gz/share/vrx_gz/models/dock_block_4x4/model.sdf
-- Up-to-date symlink: /home/luca002/proj_ws/install/vrx_gz/share/vrx_gz/models/entrance_exit/model.config
-- Up-to-date symlink: /home/luca002/proj_ws/install/vrx_gz/share/vrx_gz/models/entrance_exit/model.sdf
-- Up-to-date symlink: /home/luca002/proj_ws/install/vrx_gz/share/vrx_gz/models/lidar/materials/textures/lidar_3d_v1.png
-- Up-to-date symlink: /home/luca002/proj_ws/install/vrx_gz/share/vrx_gz/models/lidar/meshes/lidar_3d_v1.dae
-- Up-to-date symlink: /home/luca002/proj_ws/install/vrx_gz/share/vrx_gz/models/lidar/meshes/lidar_3d_v1.png
-- Up-to-date symlink: /home/luca002/proj_ws/install/vrx_gz/share/vrx_gz/models/lidar/model.config
-- Up-to-date symlink: /home/luca002/proj_ws/install/vrx_gz/share/vrx_gz/models/lidar/model.sdf
-- Up-to-date symlink: /home/luca002/proj_ws/install/vrx_gz/share/vrx_gz/models/lidar/thumbnails/1.png
-- Up-to-date symlink: /home/luca002/proj_ws/install/vrx_gz/share/vrx_gz/models/lidar/thumbnails/2.png
-- Up-to-date symlink: /home/luca002/proj_ws/install/vrx_gz/share/vrx_gz/models/lidar/thumbnails/3.png
-- Up-to-date symlink: /home/luca002/proj_ws/install/vrx_gz/share/vrx_gz/models/lidar/thumbnails/4.png
-- Up-to-date symlink: /home/luca002/proj_ws/install/vrx_gz/share/vrx_gz/models/lidar/thumbnails/5.png
-- Up-to-date symlink: /home/luca002/proj_ws/install/vrx_gz/share/vrx_gz/models/mono_camera/mesh/mono_camera.dae
-- Up-to-date symlink: /home/luca002/proj_ws/install/vrx_gz/share/vrx_gz/models/mono_camera/mesh/mono_camera.png
-- Up-to-date symlink: /home/luca002/proj_ws/install/vrx_gz/share/vrx_gz/models/mono_camera/mesh/mono_camera_Albedo.png
-- Up-to-date symlink: /home/luca002/proj_ws/install/vrx_gz/share/vrx_gz/models/mono_camera/mesh/mono_camera_Metalness.png
-- Up-to-date symlink: /home/luca002/proj_ws/install/vrx_gz/share/vrx_gz/models/mono_camera/mesh/mono_camera_Normal.png
-- Up-to-date symlink: /home/luca002/proj_ws/install/vrx_gz/share/vrx_gz/models/mono_camera/mesh/mono_camera_Roughness.png
-- Up-to-date symlink: /home/luca002/proj_ws/install/vrx_gz/share/vrx_gz/models/mono_camera/model.config
-- Up-to-date symlink: /home/luca002/proj_ws/install/vrx_gz/share/vrx_gz/models/mono_camera/model.sdf
-- Up-to-date symlink: /home/luca002/proj_ws/install/vrx_gz/share/vrx_gz/models/obstacle_course/model.config
-- Up-to-date symlink: /home/luca002/proj_ws/install/vrx_gz/share/vrx_gz/models/obstacle_course/model.sdf
-- Up-to-date symlink: /home/luca002/proj_ws/install/vrx_gz/share/vrx_gz/models/placard_2022/materials/textures/Placard.png
-- Up-to-date symlink: /home/luca002/proj_ws/install/vrx_gz/share/vrx_gz/models/placard_2022/meshes/placard_2022.dae
-- Up-to-date symlink: /home/luca002/proj_ws/install/vrx_gz/share/vrx_gz/models/placard_2022/model.config
-- Up-to-date symlink: /home/luca002/proj_ws/install/vrx_gz/share/vrx_gz/models/placard_2022/model.sdf
-- Up-to-date symlink: /home/luca002/proj_ws/install/vrx_gz/share/vrx_gz/models/platform/model.config
-- Up-to-date symlink: /home/luca002/proj_ws/install/vrx_gz/share/vrx_gz/models/platform/model.sdf
-- Up-to-date symlink: /home/luca002/proj_ws/install/vrx_gz/share/vrx_gz/models/roboboat01/materials/scripts/model.material
-- Up-to-date symlink: /home/luca002/proj_ws/install/vrx_gz/share/vrx_gz/models/roboboat01/materials/textures/Boat01_Albedo.png
-- Up-to-date symlink: /home/luca002/proj_ws/install/vrx_gz/share/vrx_gz/models/roboboat01/materials/textures/Boat01_Metallic.png
-- Up-to-date symlink: /home/luca002/proj_ws/install/vrx_gz/share/vrx_gz/models/roboboat01/materials/textures/Boat01_Normal.png
-- Up-to-date symlink: /home/luca002/proj_ws/install/vrx_gz/share/vrx_gz/models/roboboat01/materials/textures/Boat01_Roughness.png
-- Up-to-date symlink: /home/luca002/proj_ws/install/vrx_gz/share/vrx_gz/models/roboboat01/materials/textures/Thruster_Albedo.png
-- Up-to-date symlink: /home/luca002/proj_ws/install/vrx_gz/share/vrx_gz/models/roboboat01/materials/textures/Thruster_Roughness.png
-- Up-to-date symlink: /home/luca002/proj_ws/install/vrx_gz/share/vrx_gz/models/roboboat01/meshes/housing.dae
-- Up-to-date symlink: /home/luca002/proj_ws/install/vrx_gz/share/vrx_gz/models/roboboat01/meshes/mount.dae
-- Up-to-date symlink: /home/luca002/proj_ws/install/vrx_gz/share/vrx_gz/models/roboboat01/meshes/prop.dae
-- Up-to-date symlink: /home/luca002/proj_ws/install/vrx_gz/share/vrx_gz/models/roboboat01/meshes/roboboat01.dae
-- Up-to-date symlink: /home/luca002/proj_ws/install/vrx_gz/share/vrx_gz/models/roboboat01/model.config
-- Up-to-date symlink: /home/luca002/proj_ws/install/vrx_gz/share/vrx_gz/models/roboboat01/model.sdf
-- Up-to-date symlink: /home/luca002/proj_ws/install/vrx_gz/share/vrx_gz/models/roboboat02/materials/scripts/model.material
-- Up-to-date symlink: /home/luca002/proj_ws/install/vrx_gz/share/vrx_gz/models/roboboat02/materials/textures/Boat02_Albedo.png
-- Up-to-date symlink: /home/luca002/proj_ws/install/vrx_gz/share/vrx_gz/models/roboboat02/materials/textures/Boat02_Metallic.png
-- Up-to-date symlink: /home/luca002/proj_ws/install/vrx_gz/share/vrx_gz/models/roboboat02/materials/textures/Boat02_Normal.png
-- Up-to-date symlink: /home/luca002/proj_ws/install/vrx_gz/share/vrx_gz/models/roboboat02/materials/textures/Boat02_Roughness.png
-- Up-to-date symlink: /home/luca002/proj_ws/install/vrx_gz/share/vrx_gz/models/roboboat02/meshes/roboboat02.dae
-- Up-to-date symlink: /home/luca002/proj_ws/install/vrx_gz/share/vrx_gz/models/roboboat02/model.config
-- Up-to-date symlink: /home/luca002/proj_ws/install/vrx_gz/share/vrx_gz/models/roboboat02/model.sdf
-- Up-to-date symlink: /home/luca002/proj_ws/install/vrx_gz/share/vrx_gz/models/roboboat_cpubox/materials/textures/DryBox_Albedo.png
-- Up-to-date symlink: /home/luca002/proj_ws/install/vrx_gz/share/vrx_gz/models/roboboat_cpubox/materials/textures/DryBox_Roughness.png
-- Up-to-date symlink: /home/luca002/proj_ws/install/vrx_gz/share/vrx_gz/models/roboboat_cpubox/meshes/drybox.dae
-- Up-to-date symlink: /home/luca002/proj_ws/install/vrx_gz/share/vrx_gz/models/roboboat_cpubox/model.config
-- Up-to-date symlink: /home/luca002/proj_ws/install/vrx_gz/share/vrx_gz/models/roboboat_cpubox/model.sdf
-- Up-to-date symlink: /home/luca002/proj_ws/install/vrx_gz/share/vrx_gz/models/robotx_light_buoy_bgr/model.config
-- Up-to-date symlink: /home/luca002/proj_ws/install/vrx_gz/share/vrx_gz/models/robotx_light_buoy_bgr/model.sdf
-- Up-to-date symlink: /home/luca002/proj_ws/install/vrx_gz/share/vrx_gz/models/robotx_light_buoy_bgy/model.config
-- Up-to-date symlink: /home/luca002/proj_ws/install/vrx_gz/share/vrx_gz/models/robotx_light_buoy_bgy/model.sdf
-- Up-to-date symlink: /home/luca002/proj_ws/install/vrx_gz/share/vrx_gz/models/robotx_light_buoy_gbr/model.config
-- Up-to-date symlink: /home/luca002/proj_ws/install/vrx_gz/share/vrx_gz/models/robotx_light_buoy_gbr/model.sdf
-- Up-to-date symlink: /home/luca002/proj_ws/install/vrx_gz/share/vrx_gz/models/robotx_light_buoy_rbg/model.config
-- Up-to-date symlink: /home/luca002/proj_ws/install/vrx_gz/share/vrx_gz/models/robotx_light_buoy_rbg/model.sdf
-- Up-to-date symlink: /home/luca002/proj_ws/install/vrx_gz/share/vrx_gz/models/robotx_light_buoy_rgb/mesh/LightTower_Albedo.png
-- Up-to-date symlink: /home/luca002/proj_ws/install/vrx_gz/share/vrx_gz/models/robotx_light_buoy_rgb/mesh/LightTower_Metalness.png
-- Up-to-date symlink: /home/luca002/proj_ws/install/vrx_gz/share/vrx_gz/models/robotx_light_buoy_rgb/mesh/LightTower_Normal.png
-- Up-to-date symlink: /home/luca002/proj_ws/install/vrx_gz/share/vrx_gz/models/robotx_light_buoy_rgb/mesh/LightTower_Opacity.png
-- Up-to-date symlink: /home/luca002/proj_ws/install/vrx_gz/share/vrx_gz/models/robotx_light_buoy_rgb/mesh/LightTower_Roughness.png
-- Up-to-date symlink: /home/luca002/proj_ws/install/vrx_gz/share/vrx_gz/models/robotx_light_buoy_rgb/mesh/robotx_light_buoy.dae
-- Up-to-date symlink: /home/luca002/proj_ws/install/vrx_gz/share/vrx_gz/models/robotx_light_buoy_rgb/model.config
-- Up-to-date symlink: /home/luca002/proj_ws/install/vrx_gz/share/vrx_gz/models/robotx_light_buoy_rgb/model.sdf
-- Up-to-date symlink: /home/luca002/proj_ws/install/vrx_gz/share/vrx_gz/models/robotx_light_buoy_rgy/model.config
-- Up-to-date symlink: /home/luca002/proj_ws/install/vrx_gz/share/vrx_gz/models/robotx_light_buoy_rgy/model.sdf
-- Up-to-date symlink: /home/luca002/proj_ws/install/vrx_gz/share/vrx_gz/models/robotx_light_buoy_ybr/model.config
-- Up-to-date symlink: /home/luca002/proj_ws/install/vrx_gz/share/vrx_gz/models/robotx_light_buoy_ybr/model.sdf
-- Up-to-date symlink: /home/luca002/proj_ws/install/vrx_gz/share/vrx_gz/models/robotx_light_buoy_ygb/model.config
-- Up-to-date symlink: /home/luca002/proj_ws/install/vrx_gz/share/vrx_gz/models/robotx_light_buoy_ygb/model.sdf
-- Up-to-date symlink: /home/luca002/proj_ws/install/vrx_gz/share/vrx_gz/models/robotx_light_buoy_yrg/model.config
-- Up-to-date symlink: /home/luca002/proj_ws/install/vrx_gz/share/vrx_gz/models/robotx_light_buoy_yrg/model.sdf
-- Up-to-date symlink: /home/luca002/proj_ws/install/vrx_gz/share/vrx_gz/models/sensor_post/mesh/sensor_post.dae
-- Up-to-date symlink: /home/luca002/proj_ws/install/vrx_gz/share/vrx_gz/models/sensor_post/mesh/sensor_post.png
-- Up-to-date symlink: /home/luca002/proj_ws/install/vrx_gz/share/vrx_gz/models/sensor_post/mesh/sensor_post_arm.dae
-- Up-to-date symlink: /home/luca002/proj_ws/install/vrx_gz/share/vrx_gz/models/sensor_post/model.config
-- Up-to-date symlink: /home/luca002/proj_ws/install/vrx_gz/share/vrx_gz/models/sensor_post/model.sdf
-- Up-to-date symlink: /home/luca002/proj_ws/install/vrx_gz/share/vrx_gz/models/short_course_2023_phase3_1/model.config
-- Up-to-date symlink: /home/luca002/proj_ws/install/vrx_gz/share/vrx_gz/models/short_course_2023_phase3_1/model.sdf
-- Up-to-date symlink: /home/luca002/proj_ws/install/vrx_gz/share/vrx_gz/models/short_course_2023_phase3_2/model.config
-- Up-to-date symlink: /home/luca002/proj_ws/install/vrx_gz/share/vrx_gz/models/short_course_2023_phase3_2/model.sdf
-- Up-to-date symlink: /home/luca002/proj_ws/install/vrx_gz/share/vrx_gz/models/short_navigation_course_0/model.config
-- Up-to-date symlink: /home/luca002/proj_ws/install/vrx_gz/share/vrx_gz/models/short_navigation_course_0/model.sdf
-- Up-to-date symlink: /home/luca002/proj_ws/install/vrx_gz/share/vrx_gz/models/short_navigation_course_1/model.config
-- Up-to-date symlink: /home/luca002/proj_ws/install/vrx_gz/share/vrx_gz/models/short_navigation_course_1/model.sdf
-- Up-to-date symlink: /home/luca002/proj_ws/install/vrx_gz/share/vrx_gz/models/short_navigation_course_2/model.config
-- Up-to-date symlink: /home/luca002/proj_ws/install/vrx_gz/share/vrx_gz/models/short_navigation_course_2/model.sdf
-- Up-to-date symlink: /home/luca002/proj_ws/install/vrx_gz/share/vrx_gz/models/short_navigation_course_3/model.config
-- Up-to-date symlink: /home/luca002/proj_ws/install/vrx_gz/share/vrx_gz/models/short_navigation_course_3/model.sdf
-- Up-to-date symlink: /home/luca002/proj_ws/install/vrx_gz/share/vrx_gz/models/short_navigation_course_4/model.config
-- Up-to-date symlink: /home/luca002/proj_ws/install/vrx_gz/share/vrx_gz/models/short_navigation_course_4/model.sdf
-- Up-to-date symlink: /home/luca002/proj_ws/install/vrx_gz/share/vrx_gz/models/short_navigation_course_5/model.config
-- Up-to-date symlink: /home/luca002/proj_ws/install/vrx_gz/share/vrx_gz/models/short_navigation_course_5/model.sdf
-- Up-to-date symlink: /home/luca002/proj_ws/install/vrx_gz/share/vrx_gz/models/symbol_triangle/mesh/triangle.dae
-- Up-to-date symlink: /home/luca002/proj_ws/install/vrx_gz/share/vrx_gz/models/symbol_triangle/model.config
-- Up-to-date symlink: /home/luca002/proj_ws/install/vrx_gz/share/vrx_gz/models/symbol_triangle/model.sdf
-- Up-to-date symlink: /home/luca002/proj_ws/install/vrx_gz/share/vrx_gz/models/tripod/meshes/legs.dae
-- Up-to-date symlink: /home/luca002/proj_ws/install/vrx_gz/share/vrx_gz/models/tripod/meshes/ring.dae
-- Up-to-date symlink: /home/luca002/proj_ws/install/vrx_gz/share/vrx_gz/models/tripod/model.config
-- Up-to-date symlink: /home/luca002/proj_ws/install/vrx_gz/share/vrx_gz/models/tripod/model.sdf
-- Up-to-date symlink: /home/luca002/proj_ws/install/vrx_gz/share/vrx_gz/models/vessel/materials/textures/Boat01_Albedo.jpg
-- Up-to-date symlink: /home/luca002/proj_ws/install/vrx_gz/share/vrx_gz/models/vessel/materials/textures/Boat01_Normal.jpg
-- Up-to-date symlink: /home/luca002/proj_ws/install/vrx_gz/share/vrx_gz/models/vessel/materials/textures/Boat01_Roughness.jpg
-- Up-to-date symlink: /home/luca002/proj_ws/install/vrx_gz/share/vrx_gz/models/vessel/meshes/Boat01.dae
-- Up-to-date symlink: /home/luca002/proj_ws/install/vrx_gz/share/vrx_gz/models/vessel/model.config
-- Up-to-date symlink: /home/luca002/proj_ws/install/vrx_gz/share/vrx_gz/models/vessel/model.sdf
-- Up-to-date symlink: /home/luca002/proj_ws/install/vrx_gz/share/vrx_gz/models/vessel/thumbnails/1.png
-- Up-to-date symlink: /home/luca002/proj_ws/install/vrx_gz/share/vrx_gz/models/wam-v/meshes/WAM-V-Base.dae
-- Up-to-date symlink: /home/luca002/proj_ws/install/vrx_gz/share/vrx_gz/models/wam-v/meshes/WamV.png
-- Up-to-date symlink: /home/luca002/proj_ws/install/vrx_gz/share/vrx_gz/models/wam-v/meshes/engine.dae
-- Up-to-date symlink: /home/luca002/proj_ws/install/vrx_gz/share/vrx_gz/models/wam-v/meshes/propeller.dae
-- Up-to-date symlink: /home/luca002/proj_ws/install/vrx_gz/share/vrx_gz/models/wam-v/model.config
-- Up-to-date symlink: /home/luca002/proj_ws/install/vrx_gz/share/vrx_gz/models/wam-v/model.sdf
-- Up-to-date symlink: /home/luca002/proj_ws/install/vrx_gz/share/vrx_gz/worlds/boat_world.world
-- Up-to-date symlink: /home/luca002/proj_ws/install/vrx_gz/share/vrx_gz/worlds/dave_bimanual_example.world
-- Up-to-date symlink: /home/luca002/proj_ws/install/vrx_gz/share/vrx_gz/worlds/demo_world1.sdf
-- Up-to-date symlink: /home/luca002/proj_ws/install/vrx_gz/share/vrx_gz/worlds/myworld.sdf
-- Up-to-date symlink: /home/luca002/proj_ws/install/vrx_gz/share/vrx_gz/worlds/simple_baylands.sdf
-- Up-to-date symlink: /home/luca002/proj_ws/install/vrx_gz/share/vrx_gz/worlds/sydney.world
-- Up-to-date symlink: /home/luca002/proj_ws/install/vrx_gz/share/vrx_gz/worlds/sydney_regatta.sdf
-- Up-to-date symlink: /home/luca002/proj_ws/install/vrx_gz/share/vrx_gz/worlds/wworld.sdf
-- Up-to-date symlink: /home/luca002/proj_ws/install/vrx_gz/share/ament_index/resource_index/package_run_dependencies/vrx_gz
-- Up-to-date symlink: /home/luca002/proj_ws/install/vrx_gz/share/ament_index/resource_index/parent_prefix_path/vrx_gz
-- Up-to-date symlink: /home/luca002/proj_ws/install/vrx_gz/share/vrx_gz/environment/ament_prefix_path.sh
-- Up-to-date symlink: /home/luca002/proj_ws/install/vrx_gz/share/vrx_gz/environment/ament_prefix_path.dsv
-- Up-to-date symlink: /home/luca002/proj_ws/install/vrx_gz/share/vrx_gz/environment/path.sh
-- Up-to-date symlink: /home/luca002/proj_ws/install/vrx_gz/share/vrx_gz/environment/path.dsv
-- Up-to-date symlink: /home/luca002/proj_ws/install/vrx_gz/share/vrx_gz/local_setup.bash
-- Up-to-date symlink: /home/luca002/proj_ws/install/vrx_gz/share/vrx_gz/local_setup.sh
-- Up-to-date symlink: /home/luca002/proj_ws/install/vrx_gz/share/vrx_gz/local_setup.zsh
-- Up-to-date symlink: /home/luca002/proj_ws/install/vrx_gz/share/vrx_gz/local_setup.dsv
-- Symlinking: /home/luca002/proj_ws/install/vrx_gz/share/vrx_gz/package.dsv
-- Up-to-date symlink: /home/luca002/proj_ws/install/vrx_gz/share/ament_index/resource_index/packages/vrx_gz
-- Up-to-date symlink: /home/luca002/proj_ws/install/vrx_gz/share/vrx_gz/cmake/vrx_gzConfig.cmake
-- Up-to-date symlink: /home/luca002/proj_ws/install/vrx_gz/share/vrx_gz/cmake/vrx_gzConfig-version.cmake
-- Up-to-date symlink: /home/luca002/proj_ws/install/vrx_gz/share/vrx_gz/package.xml
Listing '/home/luca002/proj_ws/install/vrx_gz/lib/python3.12/site-packages/vrx_gz'...
