[0.189s] Invoking command in '/home/luca002/proj_ws/build/wamv_gazebo': CMAKE_PREFIX_PATH=${CMAKE_PREFIX_PATH}:/home/luca002/proj_ws/install/python_node:/home/luca002/ros_ws/install/robot_description_example:/opt/ros/jazzy DEBUGINFOD_URLS=https://debuginfod.ubuntu.com /usr/bin/cmake /home/luca002/proj_ws/src/wamv_gazebo -DAMENT_CMAKE_SYMLINK_INSTALL=1 -DCMAKE_INSTALL_PREFIX=/home/luca002/proj_ws/install/wamv_gazebo
[0.242s] -- The C compiler identification is GNU 13.3.0
[0.287s] -- The CXX compiler identification is GNU 13.3.0
[0.299s] -- Detecting C compiler ABI info
[0.377s] -- Detecting C compiler ABI info - done
[0.383s] -- Check for working C compiler: /usr/bin/cc - skipped
[0.383s] -- Detecting C compile features
[0.383s] -- Detecting C compile features - done
[0.390s] -- Detecting CXX compiler ABI info
[0.480s] -- Detecting CXX compiler ABI info - done
[0.486s] -- Check for working CXX compiler: /usr/bin/c++ - skipped
[0.487s] -- Detecting CXX compile features
[0.487s] -- Detecting CXX compile features - done
[0.497s] -- Found ament_cmake: 2.5.4 (/opt/ros/jazzy/share/ament_cmake/cmake)
[0.639s] -- Found Python3: /usr/bin/python3 (found version "3.12.3") found components: Interpreter 
[0.709s] -- Override CMake install command with custom implementation using symlinks instead of copying resources
[0.757s] -- Looking for gz-sim8 -- found version 8.9.0
[0.764s] -- Searching for dependencies of gz-sim8
[0.765s] -- Looking for sdformat14 -- found version 14.7.0
[0.765s] -- Searching for dependencies of sdformat14
[0.771s] -- Checking for module 'tinyxml2'
[0.783s] --   Found tinyxml2, version 10.0.0
[0.811s] -- Looking for gz-math7 -- found version 7.5.2
[0.811s] -- Searching for dependencies of gz-math7
[0.813s] -- Looking for gz-utils2 -- found version 2.2.1
[0.813s] -- Searching for dependencies of gz-utils2
[0.815s] -- Looking for gz-utils2 -- found version 2.2.1
[0.815s] -- Searching for dependencies of gz-utils2
[0.816s] -- Searching for <gz-utils2> component [cli]
[0.817s] -- Looking for gz-utils2-cli -- found version 2.2.1
[0.817s] -- Searching for dependencies of gz-utils2-cli
[0.820s] -- Looking for gz-plugin2 -- found version 2.0.4
[0.820s] -- Searching for dependencies of gz-plugin2
[0.820s] -- Looking for gz-utils2 -- found version 2.2.1
[0.821s] -- Searching for <gz-plugin2> component [loader]
[0.822s] -- Looking for gz-plugin2-loader -- found version 2.0.4
[0.822s] -- Searching for dependencies of gz-plugin2-loader
[0.823s] -- Searching for <gz-plugin2> component [register]
[0.824s] -- Looking for gz-plugin2-register -- found version 2.0.4
[0.824s] -- Searching for dependencies of gz-plugin2-register
[0.826s] -- Looking for gz-transport13 -- found version 13.4.1
[0.826s] -- Searching for dependencies of gz-transport13
[0.936s] -- Found Protobuf: /usr/lib/x86_64-linux-gnu/libprotobuf.so (found version "3.21.12") 
[0.945s] -- Config-file not installed for ZeroMQ -- checking for pkg-config
[0.950s] -- Checking for module 'libzmq >= 4'
[0.959s] --   Found libzmq, version 4.3.5
[0.989s] -- Found ZeroMQ: TRUE (Required is at least version "4") 
[0.993s] -- Checking for module 'uuid'
[1.006s] --   Found uuid, version 2.39.3
[1.030s] -- Found UUID: TRUE  
[1.031s] -- Looking for gz-utils2 -- found version 2.2.1
[1.032s] -- Looking for gz-msgs10 -- found version 10.3.2
[1.032s] -- Searching for dependencies of gz-msgs10
[1.049s] -- Looking for gz-utils2 -- found version 2.2.1
[1.049s] -- Looking for gz-math7 -- found version 7.5.2
[1.054s] -- Searching for <gz-transport13> component [log]
[1.056s] -- Looking for gz-transport13-log -- found version 13.4.1
[1.056s] -- Searching for dependencies of gz-transport13-log
[1.056s] -- Searching for <gz-transport13> component [parameters]
[1.057s] -- Looking for gz-transport13-parameters -- found version 13.4.1
[1.057s] -- Searching for dependencies of gz-transport13-parameters
[1.058s] -- Looking for gz-msgs10 -- found version 10.3.2
[1.060s] -- Looking for gz-common5 -- found version 5.7.1
[1.060s] -- Searching for dependencies of gz-common5
[1.060s] -- Looking for gz-utils2 -- found version 2.2.1
[1.061s] -- Looking for dlfcn.h - found
[1.063s] -- Looking for libdl - found
[1.064s] -- Found DL: TRUE  
[1.071s] -- Searching for <gz-common5> component [av]
[1.072s] -- Looking for gz-common5-av -- found version 5.7.1
[1.073s] -- Searching for dependencies of gz-common5-av
[1.076s] -- Checking for module 'libswscale'
[1.086s] --   Found libswscale, version 7.5.100
[1.114s] -- Found SWSCALE: TRUE  
[1.118s] -- Checking for module 'libavdevice >= 56.4.100'
[1.130s] --   Found libavdevice, version 60.3.100
[1.163s] -- Found AVDEVICE: TRUE (Required is at least version "56.4.100") 
[1.168s] -- Checking for module 'libavformat'
[1.179s] --   Found libavformat, version 60.16.100
[1.206s] -- Found AVFORMAT: TRUE  
[1.211s] -- Checking for module 'libavcodec'
[1.223s] --   Found libavcodec, version 60.31.102
[1.251s] -- Found AVCODEC: TRUE  
[1.254s] -- Checking for module 'libavutil'
[1.265s] --   Found libavutil, version 58.29.100
[1.290s] -- Found AVUTIL: TRUE  
[1.291s] -- Searching for <gz-common5> component [events]
[1.292s] -- Looking for gz-common5-events -- found version 5.7.1
[1.292s] -- Searching for dependencies of gz-common5-events
[1.293s] -- Looking for gz-math7 -- found version 7.5.2
[1.293s] -- Searching for <gz-common5> component [graphics]
[1.295s] -- Looking for gz-common5-graphics -- found version 5.7.1
[1.295s] -- Searching for dependencies of gz-common5-graphics
[1.296s] -- Looking for gz-math7 -- found version 7.5.2
[1.302s] -- Found GzAssimp: TRUE (found version "5.3.0") 
[1.302s] -- Searching for <gz-common5> component [io]
[1.305s] -- Looking for gz-common5-io -- found version 5.7.1
[1.305s] -- Searching for dependencies of gz-common5-io
[1.306s] -- Searching for <gz-common5> component [profiler]
[1.308s] -- Looking for gz-common5-profiler -- found version 5.7.1
[1.308s] -- Searching for dependencies of gz-common5-profiler
[1.311s] -- Looking for gz-fuel_tools9 -- found version 9.1.1
[1.311s] -- Searching for dependencies of gz-fuel_tools9
[1.391s] -- Found CURL: /usr/lib/x86_64-linux-gnu/libcurl.so (found version "8.5.0")  
[1.403s] -- Checking for module 'jsoncpp'
[1.419s] --   Found jsoncpp, version 1.9.5
[1.449s] -- Found JSONCPP: TRUE  
[1.464s] -- Checking for module 'yaml-0.1'
[1.480s] --   Found yaml-0.1, version 0.2.5
[1.512s] -- Found YAML: TRUE  
[1.518s] -- Checking for module 'libzip'
[1.533s] --   Found libzip, version 1.7.3
[1.566s] -- Found ZIP: TRUE  
[1.566s] -- Looking for gz-utils2 -- found version 2.2.1
[1.566s] -- Looking for gz-common5 -- found version 5.7.1
[1.567s] -- Searching for dependencies of gz-common5
[1.567s] -- Looking for gz-utils2 -- found version 2.2.1
[1.567s] -- Looking for dlfcn.h - found
[1.567s] -- Looking for libdl - found
[1.578s] -- Searching for <gz-common5> component [testing]
[1.580s] -- Looking for gz-common5-testing -- found version 5.7.1
[1.580s] -- Searching for dependencies of gz-common5-testing
[1.580s] -- Looking for gz-math7 -- found version 7.5.2
[1.581s] -- Looking for gz-msgs10 -- found version 10.3.2
[1.583s] -- Looking for gz-gui8 -- found version 8.4.0
[1.583s] -- Searching for dependencies of gz-gui8
[1.608s] -- Looking for gz-utils2 -- found version 2.2.1
[1.609s] -- Looking for gz-math7 -- found version 7.5.2
[1.609s] -- Looking for gz-common5 -- found version 5.7.1
[1.609s] -- Looking for gz-plugin2 -- found version 2.0.4
[1.609s] -- Looking for gz-transport13 -- found version 13.4.1
[1.611s] -- Looking for gz-rendering8 -- found version 8.2.2
[1.611s] -- Searching for dependencies of gz-rendering8
[1.611s] -- Looking for gz-math7 -- found version 7.5.2
[1.611s] -- Searching for dependencies of gz-math7
[1.612s] -- Looking for gz-utils2 -- found version 2.2.1
[1.612s] -- Searching for <gz-math7> component [eigen3]
[1.614s] -- Looking for gz-math7-eigen3 -- found version 7.5.2
[1.614s] -- Searching for dependencies of gz-math7-eigen3
[1.622s] -- Looking for gz-common5 -- found version 5.7.1
[1.622s] -- Searching for dependencies of gz-common5
[1.623s] -- Looking for gz-utils2 -- found version 2.2.1
[1.623s] -- Looking for dlfcn.h - found
[1.623s] -- Looking for libdl - found
[1.629s] -- Searching for <gz-common5> component [graphics]
[1.629s] -- Searching for <gz-common5> component [events]
[1.629s] -- Searching for <gz-common5> component [geospatial]
[1.631s] -- Looking for gz-common5-geospatial -- found version 5.7.1
[1.631s] -- Searching for dependencies of gz-common5-geospatial
[1.631s] -- Looking for gz-math7 -- found version 7.5.2
[1.632s] -- Looking for gz-common5 -- found version 5.7.1
[1.633s] -- Looking for gz-plugin2 -- found version 2.0.4
[1.633s] -- Searching for dependencies of gz-plugin2
[1.634s] -- Looking for gz-utils2 -- found version 2.2.1
[1.634s] -- Searching for <gz-plugin2> component [all]
[1.635s] -- Looking for all libraries of gz-plugin2 -- found version 2.0.4
[1.636s] -- Looking for gz-plugin2 -- found version 2.0.4
[1.637s] -- Looking for gz-utils2 -- found version 2.2.1
[1.649s] -- Found OpenGL: /usr/lib/x86_64-linux-gnu/libOpenGL.so  found components: OpenGL 
[1.650s] -- Looking for gz-msgs10 -- found version 10.3.2
[1.679s] -- Looking for gz-physics7 -- found version 7.5.0
[1.679s] -- Searching for dependencies of gz-physics7
[1.679s] -- Looking for gz-common5 -- found version 5.7.1
[1.680s] -- Looking for gz-math7 -- found version 7.5.2
[1.680s] -- Looking for gz-plugin2 -- found version 2.0.4
[1.681s] -- Looking for gz-utils2 -- found version 2.2.1
[1.682s] -- Searching for <gz-physics7> component [heightmap]
[1.683s] -- Looking for gz-physics7-heightmap -- found version 7.5.0
[1.683s] -- Searching for dependencies of gz-physics7-heightmap
[1.684s] -- Looking for gz-common5 -- found version 5.7.1
[1.684s] -- Searching for <gz-physics7> component [mesh]
[1.686s] -- Looking for gz-physics7-mesh -- found version 7.5.0
[1.686s] -- Searching for dependencies of gz-physics7-mesh
[1.686s] -- Looking for gz-common5 -- found version 5.7.1
[1.687s] -- Searching for <gz-physics7> component [sdf]
[1.688s] -- Looking for gz-physics7-sdf -- found version 7.5.0
[1.688s] -- Searching for dependencies of gz-physics7-sdf
[1.689s] -- Looking for sdformat14 -- found version 14.7.0
[1.691s] -- Looking for gz-sensors8 -- found version 8.2.2
[1.691s] -- Searching for dependencies of gz-sensors8
[1.717s] -- Looking for gz-math7 -- found version 7.5.2
[1.717s] -- Looking for gz-common5 -- found version 5.7.1
[1.717s] -- Looking for gz-transport13 -- found version 13.4.1
[1.717s] -- Looking for gz-rendering8 -- found version 8.2.2
[1.718s] -- Looking for gz-msgs10 -- found version 10.3.2
[1.718s] -- Looking for sdformat14 -- found version 14.7.0
[1.719s] -- Searching for <gz-sensors8> component [air_pressure]
[1.720s] -- Looking for gz-sensors8-air_pressure -- found version 8.2.2
[1.720s] -- Searching for dependencies of gz-sensors8-air_pressure
[1.721s] -- Searching for <gz-sensors8> component [air_speed]
[1.722s] -- Looking for gz-sensors8-air_speed -- found version 8.2.2
[1.722s] -- Searching for dependencies of gz-sensors8-air_speed
[1.722s] -- Searching for <gz-sensors8> component [altimeter]
[1.724s] -- Looking for gz-sensors8-altimeter -- found version 8.2.2
[1.724s] -- Searching for dependencies of gz-sensors8-altimeter
[1.725s] -- Searching for <gz-sensors8> component [imu]
[1.726s] -- Looking for gz-sensors8-imu -- found version 8.2.2
[1.726s] -- Searching for dependencies of gz-sensors8-imu
[1.727s] -- Searching for <gz-sensors8> component [force_torque]
[1.728s] -- Looking for gz-sensors8-force_torque -- found version 8.2.2
[1.728s] -- Searching for dependencies of gz-sensors8-force_torque
[1.728s] -- Searching for <gz-sensors8> component [logical_camera]
[1.730s] -- Looking for gz-sensors8-logical_camera -- found version 8.2.2
[1.730s] -- Searching for dependencies of gz-sensors8-logical_camera
[1.731s] -- Searching for <gz-sensors8> component [magnetometer]
[1.732s] -- Looking for gz-sensors8-magnetometer -- found version 8.2.2
[1.732s] -- Searching for dependencies of gz-sensors8-magnetometer
[1.733s] -- Searching for <gz-sensors8> component [navsat]
[1.734s] -- Looking for gz-sensors8-navsat -- found version 8.2.2
[1.735s] -- Searching for dependencies of gz-sensors8-navsat
[1.735s] -- Searching for <gz-sensors8> component [dvl]
[1.737s] -- Looking for gz-sensors8-dvl -- found version 8.2.2
[1.737s] -- Searching for dependencies of gz-sensors8-dvl
[1.737s] -- Looking for gz-sensors8 -- found version 8.2.2
[1.737s] -- Searching for dependencies of gz-sensors8
[1.757s] -- Looking for gz-math7 -- found version 7.5.2
[1.757s] -- Looking for gz-common5 -- found version 5.7.1
[1.757s] -- Looking for gz-transport13 -- found version 13.4.1
[1.758s] -- Looking for gz-rendering8 -- found version 8.2.2
[1.758s] -- Looking for gz-msgs10 -- found version 10.3.2
[1.758s] -- Looking for sdformat14 -- found version 14.7.0
[1.758s] -- Searching for <gz-sensors8> component [rendering]
[1.761s] -- Looking for gz-sensors8-rendering -- found version 8.2.2
[1.761s] -- Searching for dependencies of gz-sensors8-rendering
[1.762s] -- Searching for <gz-sensors8> component [rendering]
[1.762s] -- Searching for <gz-sensors8> component [lidar]
[1.764s] -- Looking for gz-sensors8-lidar -- found version 8.2.2
[1.764s] -- Searching for dependencies of gz-sensors8-lidar
[1.765s] -- Looking for gz-sensors8 -- found version 8.2.2
[1.766s] -- Searching for <gz-sensors8> component [gpu_lidar]
[1.768s] -- Looking for gz-sensors8-gpu_lidar -- found version 8.2.2
[1.768s] -- Searching for dependencies of gz-sensors8-gpu_lidar
[1.768s] -- Looking for gz-sensors8 -- found version 8.2.2
[1.769s] -- Searching for <gz-sensors8> component [camera]
[1.771s] -- Looking for gz-sensors8-camera -- found version 8.2.2
[1.771s] -- Searching for dependencies of gz-sensors8-camera
[1.771s] -- Looking for gz-sensors8 -- found version 8.2.2
[1.773s] -- Searching for <gz-sensors8> component [boundingbox_camera]
[1.774s] -- Looking for gz-sensors8-boundingbox_camera -- found version 8.2.2
[1.774s] -- Searching for dependencies of gz-sensors8-boundingbox_camera
[1.775s] -- Searching for <gz-sensors8> component [segmentation_camera]
[1.776s] -- Looking for gz-sensors8-segmentation_camera -- found version 8.2.2
[1.776s] -- Searching for dependencies of gz-sensors8-segmentation_camera
[1.777s] -- Searching for <gz-sensors8> component [depth_camera]
[1.778s] -- Looking for gz-sensors8-depth_camera -- found version 8.2.2
[1.778s] -- Searching for dependencies of gz-sensors8-depth_camera
[1.779s] -- Looking for gz-sensors8 -- found version 8.2.2
[1.780s] -- Searching for <gz-sensors8> component [rgbd_camera]
[1.781s] -- Looking for gz-sensors8-rgbd_camera -- found version 8.2.2
[1.781s] -- Searching for dependencies of gz-sensors8-rgbd_camera
[1.781s] -- Looking for gz-sensors8 -- found version 8.2.2
[1.782s] -- Searching for <gz-sensors8> component [thermal_camera]
[1.783s] -- Looking for gz-sensors8-thermal_camera -- found version 8.2.2
[1.783s] -- Searching for dependencies of gz-sensors8-thermal_camera
[1.783s] -- Looking for gz-sensors8 -- found version 8.2.2
[1.784s] -- Searching for <gz-sensors8> component [wide_angle_camera]
[1.785s] -- Looking for gz-sensors8-wide_angle_camera -- found version 8.2.2
[1.785s] -- Searching for dependencies of gz-sensors8-wide_angle_camera
[1.786s] -- Looking for gz-rendering8 -- found version 8.2.2
[1.786s] -- Looking for gz-math7 -- found version 7.5.2
[1.787s] -- Looking for gz-utils2 -- found version 2.2.1
[1.808s] -- Looking for gz-common5 -- found version 5.7.1
[1.809s] -- Looking for gz-fuel_tools9 -- found version 9.1.1
[1.809s] -- Looking for gz-math7 -- found version 7.5.2
[1.810s] -- Looking for gz-msgs10 -- found version 10.3.2
[1.811s] -- Looking for gz-transport13 -- found version 13.4.1
[1.811s] -- Looking for gz-plugin2 -- found version 2.0.4
[1.811s] -- Looking for gz-rendering8 -- found version 8.2.2
[1.812s] -- Looking for gz-sensors8 -- found version 8.2.2
[1.812s] -- Looking for gz-utils2 -- found version 2.2.1
[1.812s] -- Looking for sdformat14 -- found version 14.7.0
[1.815s] -- Found std_msgs: 5.3.6 (/opt/ros/jazzy/share/std_msgs/cmake)
[1.856s] -- Found rosidl_generator_c: 4.6.5 (/opt/ros/jazzy/share/rosidl_generator_c/cmake)
[1.871s] -- Found rosidl_generator_cpp: 4.6.5 (/opt/ros/jazzy/share/rosidl_generator_cpp/cmake)
[1.887s] -- Using all available rosidl_typesupport_c: rosidl_typesupport_fastrtps_c;rosidl_typesupport_introspection_c
[1.906s] -- Using all available rosidl_typesupport_cpp: rosidl_typesupport_fastrtps_cpp;rosidl_typesupport_introspection_cpp
[2.025s] -- Configuring done (1.8s)
[2.122s] -- Generating done (0.1s)
[2.140s] -- Build files have been written to: /home/luca002/proj_ws/build/wamv_gazebo
[2.154s] Invoked command in '/home/luca002/proj_ws/build/wamv_gazebo' returned '0': CMAKE_PREFIX_PATH=${CMAKE_PREFIX_PATH}:/home/luca002/proj_ws/install/python_node:/home/luca002/ros_ws/install/robot_description_example:/opt/ros/jazzy DEBUGINFOD_URLS=https://debuginfod.ubuntu.com /usr/bin/cmake /home/luca002/proj_ws/src/wamv_gazebo -DAMENT_CMAKE_SYMLINK_INSTALL=1 -DCMAKE_INSTALL_PREFIX=/home/luca002/proj_ws/install/wamv_gazebo
[2.155s] Invoking command in '/home/luca002/proj_ws/build/wamv_gazebo': CMAKE_PREFIX_PATH=${CMAKE_PREFIX_PATH}:/home/luca002/proj_ws/install/python_node:/home/luca002/ros_ws/install/robot_description_example:/opt/ros/jazzy DEBUGINFOD_URLS=https://debuginfod.ubuntu.com /usr/bin/cmake --build /home/luca002/proj_ws/build/wamv_gazebo -- -j16 -l16
[2.197s] [  4%] [32mBuilding CXX object CMakeFiles/ScoringPlugin.dir/src/ScoringPlugin.cc.o[0m
[2.197s] [  4%] [32mBuilding CXX object CMakeFiles/Waves.dir/src/Wavefield.cc.o[0m
[5.173s] [  6%] [32m[1mLinking CXX shared library libWaves.so[0m
[5.353s] [  6%] Built target Waves
[5.371s] [ 12%] [32mBuilding CXX object CMakeFiles/PolyhedraBuoyancyDrag.dir/src/PolyhedronVolume.cc.o[0m
[5.371s] [ 12%] [32mBuilding CXX object CMakeFiles/PolyhedraBuoyancyDrag.dir/src/PolyhedraBuoyancyDrag.cc.o[0m
[5.371s] [ 12%] [32mBuilding CXX object CMakeFiles/PolyhedraBuoyancyDrag.dir/src/ShapeVolume.cc.o[0m
[6.441s] [ 14%] [32m[1mLinking CXX shared library libScoringPlugin.so[0m
[6.651s] [ 14%] Built target ScoringPlugin
[6.677s] [ 22%] [32mBuilding CXX object CMakeFiles/StationkeepingScoringPlugin.dir/src/StationkeepingScoringPlugin.cc.o[0m
[6.677s] [ 22%] [32mBuilding CXX object CMakeFiles/ScanDockScoringPlugin.dir/src/ScanDockScoringPlugin.cc.o[0m
[6.678s] [ 22%] [32mBuilding CXX object CMakeFiles/AcousticPerceptionScoringPlugin.dir/src/AcousticPerceptionScoringPlugin.cc.o[0m
[6.678s] [ 39%] [32mBuilding CXX object CMakeFiles/BallShooterPlugin.dir/src/BallShooterPlugin.cc.o[0m
[6.678s] [ 22%] [32mBuilding CXX object CMakeFiles/LightBuoyPlugin.dir/src/LightBuoyPlugin.cc.o[0m
[6.678s] [ 39%] [32mBuilding CXX object CMakeFiles/PublisherPlugin.dir/src/PublisherPlugin.cc.o[0m
[6.678s] [ 39%] [32mBuilding CXX object CMakeFiles/NavigationScoringPlugin.dir/src/NavigationScoringPlugin.cc.o[0m
[6.678s] [ 39%] [32mBuilding CXX object CMakeFiles/GymkhanaScoringPlugin.dir/src/GymkhanaScoringPlugin.cc.o[0m
[6.678s] [ 39%] [32mBuilding CXX object CMakeFiles/AcousticPingerPlugin.dir/src/AcousticPingerPlugin.cc.o[0m
[6.678s] [ 39%] [32mBuilding CXX object CMakeFiles/PerceptionScoringPlugin.dir/src/PerceptionScoringPlugin.cc.o[0m
[6.678s] [ 39%] [32mBuilding CXX object CMakeFiles/AcousticTrackingScoringPlugin.dir/src/AcousticTrackingScoringPlugin.cc.o[0m
[6.681s] [ 39%] [32mBuilding CXX object CMakeFiles/PlacardPlugin.dir/src/PlacardPlugin.cc.o[0m
[6.685s] [ 43%] [32mBuilding CXX object CMakeFiles/WayfindingScoringPlugin.dir/src/WayfindingScoringPlugin.cc.o[0m
[6.685s] [ 43%] [32mBuilding CXX object CMakeFiles/Surface.dir/src/Surface.cc.o[0m
[6.687s] [ 45%] [32mBuilding CXX object CMakeFiles/SimpleHydrodynamics.dir/src/SimpleHydrodynamics.cc.o[0m
[14.393s] [ 47%] [32m[1mLinking CXX shared library libPublisherPlugin.so[0m
[14.525s] [ 50%] [32m[1mLinking CXX shared library libLightBuoyPlugin.so[0m
[15.183s] [ 50%] Built target LightBuoyPlugin
[15.206s] [ 52%] [32mBuilding CXX object CMakeFiles/StationkeepingScoringPlugin.dir/src/WaypointMarkers.cc.o[0m
[15.305s] [ 52%] Built target PublisherPlugin
[15.343s] [ 54%] [32m[1mLinking CXX shared library libPolyhedraBuoyancyDrag.so[0m
[15.378s] [ 56%] [32mBuilding CXX object CMakeFiles/AcousticTrackingScoringPlugin.dir/src/WaypointMarkers.cc.o[0m
[15.473s] [ 58%] [32m[1mLinking CXX shared library libGymkhanaScoringPlugin.so[0m
[15.678s] [ 60%] [32m[1mLinking CXX shared library libPlacardPlugin.so[0m
[16.100s] [ 62%] [32m[1mLinking CXX shared library libSimpleHydrodynamics.so[0m
[16.326s] [ 64%] [32m[1mLinking CXX shared library libSurface.so[0m
[16.358s] [ 64%] Built target PolyhedraBuoyancyDrag
[16.388s] [ 66%] [32mBuilding CXX object CMakeFiles/WayfindingScoringPlugin.dir/src/WaypointMarkers.cc.o[0m
[16.449s] [ 66%] Built target GymkhanaScoringPlugin
[16.476s] [ 68%] [32mBuilding CXX object CMakeFiles/AcousticPerceptionScoringPlugin.dir/src/WaypointMarkers.cc.o[0m
[16.640s] [ 68%] Built target PlacardPlugin
[16.717s] [ 70%] [32mBuilding CXX object CMakeFiles/USVWind.dir/src/USVWind.cc.o[0m
[16.797s] [ 70%] Built target SimpleHydrodynamics
[16.868s] [ 72%] [32mBuilding CXX object CMakeFiles/WaveVisual.dir/src/WaveVisual.cc.o[0m
[17.185s] [ 72%] Built target Surface
[17.248s] [ 75%] [32mBuilding CXX object CMakeFiles/WildlifeScoringPlugin.dir/src/WildlifeScoringPlugin.cc.o[0m
[19.314s] [ 77%] [32m[1mLinking CXX shared library libPerceptionScoringPlugin.so[0m
[20.235s] [ 77%] Built target PerceptionScoringPlugin
[20.241s] [ 79%] [32m[1mLinking CXX shared library libAcousticPingerPlugin.so[0m
[20.869s] [ 81%] [32m[1mLinking CXX shared library libNavigationScoringPlugin.so[0m
[20.934s] [ 81%] Built target AcousticPingerPlugin
[21.198s] [ 81%] Built target NavigationScoringPlugin
[22.089s] [ 83%] [32m[1mLinking CXX shared library libScanDockScoringPlugin.so[0m
[22.132s] [ 85%] [32m[1mLinking CXX shared library libBallShooterPlugin.so[0m
[22.157s] [ 87%] [32m[1mLinking CXX shared library libAcousticTrackingScoringPlugin.so[0m
[22.653s] [ 87%] Built target ScanDockScoringPlugin
[22.693s] [ 87%] Built target BallShooterPlugin
[22.693s] [ 87%] Built target AcousticTrackingScoringPlugin
[22.793s] [ 89%] [32m[1mLinking CXX shared library libStationkeepingScoringPlugin.so[0m
[22.826s] [ 91%] [32m[1mLinking CXX shared library libAcousticPerceptionScoringPlugin.so[0m
[22.887s] [ 93%] [32m[1mLinking CXX shared library libWayfindingScoringPlugin.so[0m
[23.231s] [ 93%] Built target StationkeepingScoringPlugin
[23.259s] [ 93%] Built target AcousticPerceptionScoringPlugin
[23.309s] [ 93%] Built target WayfindingScoringPlugin
[25.723s] [ 95%] [32m[1mLinking CXX shared library libWildlifeScoringPlugin.so[0m
[25.805s] [ 97%] [32m[1mLinking CXX shared library libWaveVisual.so[0m
[25.986s] [100%] [32m[1mLinking CXX shared library libUSVWind.so[0m
[26.018s] [100%] Built target WildlifeScoringPlugin
[26.096s] [100%] Built target WaveVisual
[26.222s] [100%] Built target USVWind
[26.234s] Invoked command in '/home/luca002/proj_ws/build/wamv_gazebo' returned '0': CMAKE_PREFIX_PATH=${CMAKE_PREFIX_PATH}:/home/luca002/proj_ws/install/python_node:/home/luca002/ros_ws/install/robot_description_example:/opt/ros/jazzy DEBUGINFOD_URLS=https://debuginfod.ubuntu.com /usr/bin/cmake --build /home/luca002/proj_ws/build/wamv_gazebo -- -j16 -l16
[26.235s] Invoking command in '/home/luca002/proj_ws/build/wamv_gazebo': CMAKE_PREFIX_PATH=${CMAKE_PREFIX_PATH}:/home/luca002/proj_ws/install/python_node:/home/luca002/ros_ws/install/robot_description_example:/opt/ros/jazzy DEBUGINFOD_URLS=https://debuginfod.ubuntu.com /usr/bin/cmake --install /home/luca002/proj_ws/build/wamv_gazebo
[26.243s] -- Install configuration: ""
[26.244s] -- Execute custom install script
[26.244s] -- Symlinking: /home/luca002/proj_ws/install/wamv_gazebo/share/wamv_gazebo/environment/resource_paths.dsv
[26.252s] -- Symlinking: /home/luca002/proj_ws/install/wamv_gazebo/share/wamv_gazebo/environment/resource_paths.sh
[26.259s] -- Symlinking: /home/luca002/proj_ws/install/wamv_gazebo/lib/libWaves.so
[26.265s] -- Symlinking: /home/luca002/proj_ws/install/wamv_gazebo/lib/libPolyhedraBuoyancyDrag.so
[26.278s] -- Symlinking: /home/luca002/proj_ws/install/wamv_gazebo/lib/libScoringPlugin.so
[26.288s] -- Symlinking: /home/luca002/proj_ws/install/wamv_gazebo/lib/libStationkeepingScoringPlugin.so
[26.296s] -- Symlinking: /home/luca002/proj_ws/install/wamv_gazebo/lib/libWayfindingScoringPlugin.so
[26.303s] -- Symlinking: /home/luca002/proj_ws/install/wamv_gazebo/lib/libAcousticPerceptionScoringPlugin.so
[26.313s] -- Symlinking: /home/luca002/proj_ws/install/wamv_gazebo/lib/libAcousticTrackingScoringPlugin.so
[26.320s] -- Symlinking: /home/luca002/proj_ws/install/wamv_gazebo/lib/libAcousticPingerPlugin.so
[26.326s] -- Symlinking: /home/luca002/proj_ws/install/wamv_gazebo/lib/libBallShooterPlugin.so
[26.331s] -- Symlinking: /home/luca002/proj_ws/install/wamv_gazebo/lib/libLightBuoyPlugin.so
[26.341s] -- Symlinking: /home/luca002/proj_ws/install/wamv_gazebo/lib/libNavigationScoringPlugin.so
[26.349s] -- Symlinking: /home/luca002/proj_ws/install/wamv_gazebo/lib/libGymkhanaScoringPlugin.so
[26.355s] -- Symlinking: /home/luca002/proj_ws/install/wamv_gazebo/lib/libPerceptionScoringPlugin.so
[26.362s] -- Symlinking: /home/luca002/proj_ws/install/wamv_gazebo/lib/libPlacardPlugin.so
[26.370s] -- Symlinking: /home/luca002/proj_ws/install/wamv_gazebo/lib/libPublisherPlugin.so
[26.380s] -- Symlinking: /home/luca002/proj_ws/install/wamv_gazebo/lib/libScanDockScoringPlugin.so
[26.391s] -- Symlinking: /home/luca002/proj_ws/install/wamv_gazebo/lib/libSimpleHydrodynamics.so
[26.398s] -- Symlinking: /home/luca002/proj_ws/install/wamv_gazebo/lib/libSurface.so
[26.407s] -- Symlinking: /home/luca002/proj_ws/install/wamv_gazebo/lib/libUSVWind.so
[26.414s] -- Symlinking: /home/luca002/proj_ws/install/wamv_gazebo/lib/libWaveVisual.so
[26.420s] -- Symlinking: /home/luca002/proj_ws/install/wamv_gazebo/lib/libWildlifeScoringPlugin.so
[26.427s] -- Symlinking: /home/luca002/proj_ws/install/wamv_gazebo/share/wamv_gazebo/config/ekf.yaml
[26.435s] -- Symlinking: /home/luca002/proj_ws/install/wamv_gazebo/share/wamv_gazebo/launch/__init__.py
[26.445s] -- Symlinking: /home/luca002/proj_ws/install/wamv_gazebo/share/wamv_gazebo/launch/launch1.py
[26.452s] -- Symlinking: /home/luca002/proj_ws/install/wamv_gazebo/share/wamv_gazebo/launch/launch2.py
[26.458s] -- Symlinking: /home/luca002/proj_ws/install/wamv_gazebo/share/wamv_gazebo/launch/launch3.py
[26.463s] -- Symlinking: /home/luca002/proj_ws/install/wamv_gazebo/share/wamv_gazebo/launch/launch4.py
[26.472s] -- Symlinking: /home/luca002/proj_ws/install/wamv_gazebo/share/wamv_gazebo/launch/launch5.py
[26.482s] -- Symlinking: /home/luca002/proj_ws/install/wamv_gazebo/share/wamv_gazebo/launch/launch6.py
[26.492s] -- Symlinking: /home/luca002/proj_ws/install/wamv_gazebo/share/wamv_gazebo/models/coast_waves/materials/programs/GerstnerWaves_fs_330.glsl
[26.499s] -- Symlinking: /home/luca002/proj_ws/install/wamv_gazebo/share/wamv_gazebo/models/coast_waves/materials/programs/GerstnerWaves_vs_330.glsl
[26.509s] -- Symlinking: /home/luca002/proj_ws/install/wamv_gazebo/share/wamv_gazebo/models/coast_waves/materials/textures/skybox_lowres.dds
[26.516s] -- Symlinking: /home/luca002/proj_ws/install/wamv_gazebo/share/wamv_gazebo/models/coast_waves/materials/textures/wave_normals.dds
[26.522s] -- Symlinking: /home/luca002/proj_ws/install/wamv_gazebo/share/wamv_gazebo/models/coast_waves/meshes/waterlow.dae
[26.528s] -- Symlinking: /home/luca002/proj_ws/install/wamv_gazebo/share/wamv_gazebo/models/coast_waves/model.config
[26.536s] -- Symlinking: /home/luca002/proj_ws/install/wamv_gazebo/share/wamv_gazebo/models/coast_waves/model.sdf
[26.544s] -- Symlinking: /home/luca002/proj_ws/install/wamv_gazebo/share/wamv_gazebo/models/dock_block/meshes/DockCubes_Albedo.png
[26.550s] -- Symlinking: /home/luca002/proj_ws/install/wamv_gazebo/share/wamv_gazebo/models/dock_block/meshes/DockCubes_Metalness.png
[26.556s] -- Symlinking: /home/luca002/proj_ws/install/wamv_gazebo/share/wamv_gazebo/models/dock_block/meshes/DockCubes_Normal.png
[26.562s] -- Symlinking: /home/luca002/proj_ws/install/wamv_gazebo/share/wamv_gazebo/models/dock_block/meshes/DockCubes_Roughness.png
[26.569s] -- Symlinking: /home/luca002/proj_ws/install/wamv_gazebo/share/wamv_gazebo/models/dock_block/meshes/dock_block_4x4.dae
[26.580s] -- Symlinking: /home/luca002/proj_ws/install/wamv_gazebo/share/wamv_gazebo/models/dock_block/model.config
[26.589s] -- Symlinking: /home/luca002/proj_ws/install/wamv_gazebo/share/wamv_gazebo/models/dock_block/model.sdf
[26.596s] -- Symlinking: /home/luca002/proj_ws/install/wamv_gazebo/share/wamv_gazebo/models/male/meshes/MaleVisitor.png
[26.604s] -- Symlinking: /home/luca002/proj_ws/install/wamv_gazebo/share/wamv_gazebo/models/male/meshes/MaleVisitorStatic.mtl
[26.612s] -- Symlinking: /home/luca002/proj_ws/install/wamv_gazebo/share/wamv_gazebo/models/male/meshes/MaleVisitorStatic.obj
[26.618s] -- Symlinking: /home/luca002/proj_ws/install/wamv_gazebo/share/wamv_gazebo/models/male/meshes/MaleVisitorStatic_Col.mtl
[26.624s] -- Symlinking: /home/luca002/proj_ws/install/wamv_gazebo/share/wamv_gazebo/models/male/meshes/MaleVisitorStatic_Col.obj
[26.630s] -- Symlinking: /home/luca002/proj_ws/install/wamv_gazebo/share/wamv_gazebo/models/male/meshes/Phone.png
[26.639s] -- Symlinking: /home/luca002/proj_ws/install/wamv_gazebo/share/wamv_gazebo/models/male/model.config
[26.646s] -- Symlinking: /home/luca002/proj_ws/install/wamv_gazebo/share/wamv_gazebo/models/male/model.sdf
[26.652s] -- Symlinking: /home/luca002/proj_ws/install/wamv_gazebo/share/wamv_gazebo/models/male/thumbnails/1.png
[26.659s] -- Symlinking: /home/luca002/proj_ws/install/wamv_gazebo/share/wamv_gazebo/models/male/thumbnails/2.png
[26.665s] -- Symlinking: /home/luca002/proj_ws/install/wamv_gazebo/share/wamv_gazebo/models/male/thumbnails/3.png
[26.676s] -- Symlinking: /home/luca002/proj_ws/install/wamv_gazebo/share/wamv_gazebo/models/male/thumbnails/4.png
[26.686s] -- Symlinking: /home/luca002/proj_ws/install/wamv_gazebo/share/wamv_gazebo/models/male/thumbnails/5.png
[26.693s] -- Symlinking: /home/luca002/proj_ws/install/wamv_gazebo/share/wamv_gazebo/models/person/materials/textures/eyebrow001-unmodified.png
[26.702s] -- Symlinking: /home/luca002/proj_ws/install/wamv_gazebo/share/wamv_gazebo/models/person/materials/textures/eyebrow001.png
[26.711s] -- Symlinking: /home/luca002/proj_ws/install/wamv_gazebo/share/wamv_gazebo/models/person/materials/textures/green_eye.png
[26.717s] -- Symlinking: /home/luca002/proj_ws/install/wamv_gazebo/share/wamv_gazebo/models/person/materials/textures/jeans01_normals.png
[26.725s] -- Symlinking: /home/luca002/proj_ws/install/wamv_gazebo/share/wamv_gazebo/models/person/materials/textures/jeans_basic_diffuse.png
[26.734s] -- Symlinking: /home/luca002/proj_ws/install/wamv_gazebo/share/wamv_gazebo/models/person/materials/textures/male02_diffuse_black-unmodified.png
[26.748s] -- Symlinking: /home/luca002/proj_ws/install/wamv_gazebo/share/wamv_gazebo/models/person/materials/textures/male02_diffuse_black.png
[26.757s] -- Symlinking: /home/luca002/proj_ws/install/wamv_gazebo/share/wamv_gazebo/models/person/materials/textures/teeth.png
[26.767s] -- Symlinking: /home/luca002/proj_ws/install/wamv_gazebo/share/wamv_gazebo/models/person/materials/textures/tshirt02_normals.png
[26.779s] -- Symlinking: /home/luca002/proj_ws/install/wamv_gazebo/share/wamv_gazebo/models/person/materials/textures/tshirt02_texture.png
[26.789s] -- Symlinking: /home/luca002/proj_ws/install/wamv_gazebo/share/wamv_gazebo/models/person/materials/textures/young_lightskinned_male_diffuse.png
[26.798s] -- Symlinking: /home/luca002/proj_ws/install/wamv_gazebo/share/wamv_gazebo/models/person/meshes/standing.dae
[26.809s] -- Symlinking: /home/luca002/proj_ws/install/wamv_gazebo/share/wamv_gazebo/models/person/model.config
[26.816s] -- Symlinking: /home/luca002/proj_ws/install/wamv_gazebo/share/wamv_gazebo/models/person/model.sdf
[26.822s] -- Symlinking: /home/luca002/proj_ws/install/wamv_gazebo/share/wamv_gazebo/models/person/thumbnails/1.png
[26.827s] -- Symlinking: /home/luca002/proj_ws/install/wamv_gazebo/share/wamv_gazebo/models/person/thumbnails/2.png
[26.835s] -- Symlinking: /home/luca002/proj_ws/install/wamv_gazebo/share/wamv_gazebo/models/person/thumbnails/3.png
[26.843s] -- Symlinking: /home/luca002/proj_ws/install/wamv_gazebo/share/wamv_gazebo/models/person/thumbnails/4.png
[26.850s] -- Symlinking: /home/luca002/proj_ws/install/wamv_gazebo/share/wamv_gazebo/models/person/thumbnails/5.png
[26.856s] -- Symlinking: /home/luca002/proj_ws/install/wamv_gazebo/share/wamv_gazebo/models/round_buoy_black/materials/textures/RoundBarrierBuoy_Base_Color.png
[26.862s] -- Symlinking: /home/luca002/proj_ws/install/wamv_gazebo/share/wamv_gazebo/models/round_buoy_black/materials/textures/RoundBarrierBuoy_Roughness.png
[26.870s] -- Symlinking: /home/luca002/proj_ws/install/wamv_gazebo/share/wamv_gazebo/models/round_buoy_black/meshes/mb_round_buoy.dae
[26.882s] -- Symlinking: /home/luca002/proj_ws/install/wamv_gazebo/share/wamv_gazebo/models/round_buoy_black/model.config
[26.892s] -- Symlinking: /home/luca002/proj_ws/install/wamv_gazebo/share/wamv_gazebo/models/round_buoy_black/model.sdf
[26.900s] -- Symlinking: /home/luca002/proj_ws/install/wamv_gazebo/share/wamv_gazebo/models/round_buoy_black/thumbnails/1.png
[26.909s] -- Symlinking: /home/luca002/proj_ws/install/wamv_gazebo/share/wamv_gazebo/models/round_buoy_black/thumbnails/2.png
[26.915s] -- Symlinking: /home/luca002/proj_ws/install/wamv_gazebo/share/wamv_gazebo/models/round_buoy_black/thumbnails/3.png
[26.921s] -- Symlinking: /home/luca002/proj_ws/install/wamv_gazebo/share/wamv_gazebo/models/round_buoy_black/thumbnails/4.png
[26.927s] -- Symlinking: /home/luca002/proj_ws/install/wamv_gazebo/share/wamv_gazebo/models/round_buoy_black/thumbnails/5.png
[26.934s] -- Symlinking: /home/luca002/proj_ws/install/wamv_gazebo/share/wamv_gazebo/models/round_buoy_orange/materials/textures/RoundBarrierBuoy_Base_Color.png
[26.943s] -- Symlinking: /home/luca002/proj_ws/install/wamv_gazebo/share/wamv_gazebo/models/round_buoy_orange/materials/textures/RoundBarrierBuoy_Roughness.png
[26.950s] -- Symlinking: /home/luca002/proj_ws/install/wamv_gazebo/share/wamv_gazebo/models/round_buoy_orange/meshes/mb_round_buoy.dae
[26.956s] -- Symlinking: /home/luca002/proj_ws/install/wamv_gazebo/share/wamv_gazebo/models/round_buoy_orange/model.config
[26.962s] -- Symlinking: /home/luca002/proj_ws/install/wamv_gazebo/share/wamv_gazebo/models/round_buoy_orange/model.sdf
[26.969s] -- Symlinking: /home/luca002/proj_ws/install/wamv_gazebo/share/wamv_gazebo/models/round_buoy_orange/thumbnails/1.png
[26.981s] -- Symlinking: /home/luca002/proj_ws/install/wamv_gazebo/share/wamv_gazebo/models/round_buoy_orange/thumbnails/2.png
[26.990s] -- Symlinking: /home/luca002/proj_ws/install/wamv_gazebo/share/wamv_gazebo/models/round_buoy_orange/thumbnails/3.png
[26.997s] -- Symlinking: /home/luca002/proj_ws/install/wamv_gazebo/share/wamv_gazebo/models/round_buoy_orange/thumbnails/4.png
[27.007s] -- Symlinking: /home/luca002/proj_ws/install/wamv_gazebo/share/wamv_gazebo/models/round_buoy_orange/thumbnails/5.png
[27.015s] -- Symlinking: /home/luca002/proj_ws/install/wamv_gazebo/share/wamv_gazebo/models/vessel_a/materials/textures/Boat05_Albedo.jpg
[27.022s] -- Symlinking: /home/luca002/proj_ws/install/wamv_gazebo/share/wamv_gazebo/models/vessel_a/materials/textures/Boat05_Metalness.png
[27.028s] -- Symlinking: /home/luca002/proj_ws/install/wamv_gazebo/share/wamv_gazebo/models/vessel_a/materials/textures/Boat05_Normal.png
[27.036s] -- Symlinking: /home/luca002/proj_ws/install/wamv_gazebo/share/wamv_gazebo/models/vessel_a/materials/textures/Boat05_Roughness.jpg
[27.046s] -- Symlinking: /home/luca002/proj_ws/install/wamv_gazebo/share/wamv_gazebo/models/vessel_a/meshes/Boat05.dae
[27.052s] -- Symlinking: /home/luca002/proj_ws/install/wamv_gazebo/share/wamv_gazebo/models/vessel_a/model.config
[27.058s] -- Symlinking: /home/luca002/proj_ws/install/wamv_gazebo/share/wamv_gazebo/models/vessel_a/model.sdf
[27.064s] -- Symlinking: /home/luca002/proj_ws/install/wamv_gazebo/share/wamv_gazebo/models/vessel_a/thumbnails/1.png
[27.074s] -- Symlinking: /home/luca002/proj_ws/install/wamv_gazebo/share/wamv_gazebo/models/vessel_b/materials/textures/Boat06_Albedo.jpg
[27.084s] -- Symlinking: /home/luca002/proj_ws/install/wamv_gazebo/share/wamv_gazebo/models/vessel_b/materials/textures/Boat06_Metalness.png
[27.094s] -- Symlinking: /home/luca002/proj_ws/install/wamv_gazebo/share/wamv_gazebo/models/vessel_b/materials/textures/Boat06_Normal.jpg
[27.105s] -- Symlinking: /home/luca002/proj_ws/install/wamv_gazebo/share/wamv_gazebo/models/vessel_b/materials/textures/Boat06_Roughness.jpg
[27.114s] -- Symlinking: /home/luca002/proj_ws/install/wamv_gazebo/share/wamv_gazebo/models/vessel_b/meshes/Boat06.dae
[27.123s] -- Symlinking: /home/luca002/proj_ws/install/wamv_gazebo/share/wamv_gazebo/models/vessel_b/model.config
[27.130s] -- Symlinking: /home/luca002/proj_ws/install/wamv_gazebo/share/wamv_gazebo/models/vessel_b/model.sdf
[27.139s] -- Symlinking: /home/luca002/proj_ws/install/wamv_gazebo/share/wamv_gazebo/models/vessel_b/thumbnails/1.png
[27.147s] -- Symlinking: /home/luca002/proj_ws/install/wamv_gazebo/share/wamv_gazebo/models/vessel_c/materials/textures/Boat07_Albedo.jpg
[27.153s] -- Symlinking: /home/luca002/proj_ws/install/wamv_gazebo/share/wamv_gazebo/models/vessel_c/materials/textures/Boat07_Normal.jpg
[27.159s] -- Symlinking: /home/luca002/proj_ws/install/wamv_gazebo/share/wamv_gazebo/models/vessel_c/materials/textures/Boat07_Roughness.jpg
[27.167s] -- Symlinking: /home/luca002/proj_ws/install/wamv_gazebo/share/wamv_gazebo/models/vessel_c/meshes/Boat07.dae
[27.178s] -- Symlinking: /home/luca002/proj_ws/install/wamv_gazebo/share/wamv_gazebo/models/vessel_c/model.config
[27.187s] -- Symlinking: /home/luca002/proj_ws/install/wamv_gazebo/share/wamv_gazebo/models/vessel_c/model.sdf
[27.195s] -- Symlinking: /home/luca002/proj_ws/install/wamv_gazebo/share/wamv_gazebo/models/vessel_c/thumbnails/1.png
[27.203s] -- Symlinking: /home/luca002/proj_ws/install/wamv_gazebo/share/wamv_gazebo/worlds/sydney.sdf
[27.212s] -- Symlinking: /home/luca002/proj_ws/install/wamv_gazebo/share/wamv_gazebo/rviz/config.rviz
[27.218s] -- Symlinking: /home/luca002/proj_ws/install/wamv_gazebo/share/wamv_gazebo/rviz/config2.rviz
[27.224s] -- Symlinking: /home/luca002/proj_ws/install/wamv_gazebo/share/wamv_gazebo/rviz/config3.rviz
[27.230s] -- Symlinking: /home/luca002/proj_ws/install/wamv_gazebo/share/wamv_gazebo/rviz/config4.rviz
[27.239s] -- Symlinking: /home/luca002/proj_ws/install/wamv_gazebo/share/wamv_gazebo/urdf/meshes/battery/battery.dae
[27.247s] -- Symlinking: /home/luca002/proj_ws/install/wamv_gazebo/share/wamv_gazebo/urdf/meshes/battery/battery.png
[27.254s] -- Symlinking: /home/luca002/proj_ws/install/wamv_gazebo/share/wamv_gazebo/urdf/meshes/battery/battery_Albedo.png
[27.260s] -- Symlinking: /home/luca002/proj_ws/install/wamv_gazebo/share/wamv_gazebo/urdf/meshes/battery/battery_Metalness.png
[27.267s] -- Symlinking: /home/luca002/proj_ws/install/wamv_gazebo/share/wamv_gazebo/urdf/meshes/battery/battery_Normal.png
[27.279s] -- Symlinking: /home/luca002/proj_ws/install/wamv_gazebo/share/wamv_gazebo/urdf/meshes/battery/battery_Roughness.png
[27.288s] -- Symlinking: /home/luca002/proj_ws/install/wamv_gazebo/share/wamv_gazebo/urdf/meshes/cpu_cases/cpu_cases.dae
[27.299s] -- Symlinking: /home/luca002/proj_ws/install/wamv_gazebo/share/wamv_gazebo/urdf/meshes/cpu_cases/cpu_cases.png
[27.309s] -- Symlinking: /home/luca002/proj_ws/install/wamv_gazebo/share/wamv_gazebo/urdf/meshes/cpu_cases/cpu_cases_Albedo.png
[27.319s] -- Symlinking: /home/luca002/proj_ws/install/wamv_gazebo/share/wamv_gazebo/urdf/meshes/cpu_cases/cpu_cases_Metalness.png
[27.327s] -- Symlinking: /home/luca002/proj_ws/install/wamv_gazebo/share/wamv_gazebo/urdf/meshes/cpu_cases/cpu_cases_Normal.png
[27.334s] -- Symlinking: /home/luca002/proj_ws/install/wamv_gazebo/share/wamv_gazebo/urdf/meshes/cpu_cases/cpu_cases_Roughness.png
[27.344s] -- Symlinking: /home/luca002/proj_ws/install/wamv_gazebo/share/wamv_gazebo/urdf/meshes/lidar/lidar_3d_v1 copy.png
[27.351s] -- Symlinking: /home/luca002/proj_ws/install/wamv_gazebo/share/wamv_gazebo/urdf/meshes/lidar/lidar_3d_v1.dae
[27.357s] -- Symlinking: /home/luca002/proj_ws/install/wamv_gazebo/share/wamv_gazebo/urdf/meshes/lidar/lidar_3d_v1.png
[27.362s] -- Symlinking: /home/luca002/proj_ws/install/wamv_gazebo/share/wamv_gazebo/urdf/meshes/tripod/legs.dae
[27.370s] -- Symlinking: /home/luca002/proj_ws/install/wamv_gazebo/share/wamv_gazebo/urdf/meshes/tripod/ring.dae
[27.381s] -- Symlinking: /home/luca002/proj_ws/install/wamv_gazebo/share/wamv_gazebo/urdf/meshes/wamv/WAM-V-Base.dae
[27.391s] -- Symlinking: /home/luca002/proj_ws/install/wamv_gazebo/share/wamv_gazebo/urdf/meshes/wamv/WamV.png
[27.398s] -- Symlinking: /home/luca002/proj_ws/install/wamv_gazebo/share/wamv_gazebo/urdf/meshes/wamv/engine.dae
[27.408s] -- Symlinking: /home/luca002/proj_ws/install/wamv_gazebo/share/wamv_gazebo/urdf/meshes/wamv/propeller.dae
[27.415s] -- Symlinking: /home/luca002/proj_ws/install/wamv_gazebo/share/wamv_gazebo/urdf/model.urdf.xacro
[27.422s] -- Symlinking: /home/luca002/proj_ws/install/wamv_gazebo/share/ament_index/resource_index/package_run_dependencies/wamv_gazebo
[27.427s] -- Symlinking: /home/luca002/proj_ws/install/wamv_gazebo/share/ament_index/resource_index/parent_prefix_path/wamv_gazebo
[27.435s] -- Symlinking: /home/luca002/proj_ws/install/wamv_gazebo/share/wamv_gazebo/environment/ament_prefix_path.sh
[27.444s] -- Symlinking: /home/luca002/proj_ws/install/wamv_gazebo/share/wamv_gazebo/environment/ament_prefix_path.dsv
[27.451s] -- Symlinking: /home/luca002/proj_ws/install/wamv_gazebo/share/wamv_gazebo/environment/path.sh
[27.457s] -- Symlinking: /home/luca002/proj_ws/install/wamv_gazebo/share/wamv_gazebo/environment/path.dsv
[27.463s] -- Symlinking: /home/luca002/proj_ws/install/wamv_gazebo/share/wamv_gazebo/local_setup.bash
[27.472s] -- Symlinking: /home/luca002/proj_ws/install/wamv_gazebo/share/wamv_gazebo/local_setup.sh
[27.483s] -- Symlinking: /home/luca002/proj_ws/install/wamv_gazebo/share/wamv_gazebo/local_setup.zsh
[27.492s] -- Symlinking: /home/luca002/proj_ws/install/wamv_gazebo/share/wamv_gazebo/local_setup.dsv
[27.500s] -- Symlinking: /home/luca002/proj_ws/install/wamv_gazebo/share/wamv_gazebo/package.dsv
[27.509s] -- Symlinking: /home/luca002/proj_ws/install/wamv_gazebo/share/ament_index/resource_index/packages/wamv_gazebo
[27.516s] -- Symlinking: /home/luca002/proj_ws/install/wamv_gazebo/share/wamv_gazebo/cmake/wamv_gazeboConfig.cmake
[27.522s] -- Symlinking: /home/luca002/proj_ws/install/wamv_gazebo/share/wamv_gazebo/cmake/wamv_gazeboConfig-version.cmake
[27.528s] -- Symlinking: /home/luca002/proj_ws/install/wamv_gazebo/share/wamv_gazebo/package.xml
[27.538s] Invoked command in '/home/luca002/proj_ws/build/wamv_gazebo' returned '0': CMAKE_PREFIX_PATH=${CMAKE_PREFIX_PATH}:/home/luca002/proj_ws/install/python_node:/home/luca002/ros_ws/install/robot_description_example:/opt/ros/jazzy DEBUGINFOD_URLS=https://debuginfod.ubuntu.com /usr/bin/cmake --install /home/luca002/proj_ws/build/wamv_gazebo
