[0.250s] Invoking command in '/home/luca002/proj_ws/build/wamv_gazebo': CMAKE_PREFIX_PATH=${CMAKE_PREFIX_PATH}:/opt/ros/jazzy DEBUGINFOD_URLS=https://debuginfod.ubuntu.com /usr/bin/cmake /home/luca002/proj_ws/src/wamv_gazebo -DAMENT_CMAKE_SYMLINK_INSTALL=1 -DCMAKE_INSTALL_PREFIX=/home/luca002/proj_ws/install/wamv_gazebo
[0.302s] -- The C compiler identification is GNU 13.3.0
[0.357s] -- The CXX compiler identification is GNU 13.3.0
[0.371s] -- Detecting C compiler ABI info
[0.453s] -- Detecting C compiler ABI info - done
[0.462s] -- Check for working C compiler: /usr/bin/cc - skipped
[0.463s] -- Detecting C compile features
[0.463s] -- Detecting C compile features - done
[0.472s] -- Detecting CXX compiler ABI info
[0.566s] -- Detecting CXX compiler ABI info - done
[0.575s] -- Check for working CXX compiler: /usr/bin/c++ - skipped
[0.575s] -- Detecting CXX compile features
[0.576s] -- Detecting CXX compile features - done
[0.580s] -- Found ament_cmake: 2.5.4 (/opt/ros/jazzy/share/ament_cmake/cmake)
[0.731s] -- Found Python3: /usr/bin/python3 (found version "3.12.3") found components: Interpreter 
[0.804s] -- Override CMake install command with custom implementation using symlinks instead of copying resources
[0.850s] -- Looking for gz-sim8 -- found version 8.9.0
[0.857s] -- Searching for dependencies of gz-sim8
[0.858s] -- Looking for sdformat14 -- found version 14.7.0
[0.858s] -- Searching for dependencies of sdformat14
[0.863s] -- Checking for module 'tinyxml2'
[0.875s] --   Found tinyxml2, version 10.0.0
[0.907s] -- Looking for gz-math7 -- found version 7.5.2
[0.907s] -- Searching for dependencies of gz-math7
[0.908s] -- Looking for gz-utils2 -- found version 2.2.1
[0.908s] -- Searching for dependencies of gz-utils2
[0.910s] -- Looking for gz-utils2 -- found version 2.2.1
[0.910s] -- Searching for dependencies of gz-utils2
[0.910s] -- Searching for <gz-utils2> component [cli]
[0.912s] -- Looking for gz-utils2-cli -- found version 2.2.1
[0.912s] -- Searching for dependencies of gz-utils2-cli
[0.914s] -- Looking for gz-plugin2 -- found version 2.0.4
[0.914s] -- Searching for dependencies of gz-plugin2
[0.915s] -- Looking for gz-utils2 -- found version 2.2.1
[0.915s] -- Searching for <gz-plugin2> component [loader]
[0.917s] -- Looking for gz-plugin2-loader -- found version 2.0.4
[0.917s] -- Searching for dependencies of gz-plugin2-loader
[0.917s] -- Searching for <gz-plugin2> component [register]
[0.919s] -- Looking for gz-plugin2-register -- found version 2.0.4
[0.919s] -- Searching for dependencies of gz-plugin2-register
[0.920s] -- Looking for gz-transport13 -- found version 13.4.1
[0.921s] -- Searching for dependencies of gz-transport13
[1.038s] -- Found Protobuf: /usr/lib/x86_64-linux-gnu/libprotobuf.so (found version "3.21.12") 
[1.051s] -- Config-file not installed for ZeroMQ -- checking for pkg-config
[1.055s] -- Checking for module 'libzmq >= 4'
[1.067s] --   Found libzmq, version 4.3.5
[1.102s] -- Found ZeroMQ: TRUE (Required is at least version "4") 
[1.109s] -- Checking for module 'uuid'
[1.122s] --   Found uuid, version 2.39.3
[1.152s] -- Found UUID: TRUE  
[1.152s] -- Looking for gz-utils2 -- found version 2.2.1
[1.154s] -- Looking for gz-msgs10 -- found version 10.3.2
[1.154s] -- Searching for dependencies of gz-msgs10
[1.173s] -- Looking for gz-utils2 -- found version 2.2.1
[1.174s] -- Looking for gz-math7 -- found version 7.5.2
[1.180s] -- Searching for <gz-transport13> component [log]
[1.181s] -- Looking for gz-transport13-log -- found version 13.4.1
[1.182s] -- Searching for dependencies of gz-transport13-log
[1.182s] -- Searching for <gz-transport13> component [parameters]
[1.183s] -- Looking for gz-transport13-parameters -- found version 13.4.1
[1.183s] -- Searching for dependencies of gz-transport13-parameters
[1.184s] -- Looking for gz-msgs10 -- found version 10.3.2
[1.186s] -- Looking for gz-common5 -- found version 5.7.1
[1.186s] -- Searching for dependencies of gz-common5
[1.186s] -- Looking for gz-utils2 -- found version 2.2.1
[1.187s] -- Looking for dlfcn.h - found
[1.188s] -- Looking for libdl - found
[1.190s] -- Found DL: TRUE  
[1.196s] -- Searching for <gz-common5> component [av]
[1.197s] -- Looking for gz-common5-av -- found version 5.7.1
[1.197s] -- Searching for dependencies of gz-common5-av
[1.202s] -- Checking for module 'libswscale'
[1.217s] --   Found libswscale, version 7.5.100
[1.247s] -- Found SWSCALE: TRUE  
[1.252s] -- Checking for module 'libavdevice >= 56.4.100'
[1.264s] --   Found libavdevice, version 60.3.100
[1.304s] -- Found AVDEVICE: TRUE (Required is at least version "56.4.100") 
[1.311s] -- Checking for module 'libavformat'
[1.325s] --   Found libavformat, version 60.16.100
[1.357s] -- Found AVFORMAT: TRUE  
[1.362s] -- Checking for module 'libavcodec'
[1.375s] --   Found libavcodec, version 60.31.102
[1.409s] -- Found AVCODEC: TRUE  
[1.415s] -- Checking for module 'libavutil'
[1.430s] --   Found libavutil, version 58.29.100
[1.460s] -- Found AVUTIL: TRUE  
[1.461s] -- Searching for <gz-common5> component [events]
[1.462s] -- Looking for gz-common5-events -- found version 5.7.1
[1.463s] -- Searching for dependencies of gz-common5-events
[1.463s] -- Looking for gz-math7 -- found version 7.5.2
[1.463s] -- Searching for <gz-common5> component [graphics]
[1.465s] -- Looking for gz-common5-graphics -- found version 5.7.1
[1.465s] -- Searching for dependencies of gz-common5-graphics
[1.465s] -- Looking for gz-math7 -- found version 7.5.2
[1.470s] -- Found GzAssimp: TRUE (found version "5.3.0") 
[1.471s] -- Searching for <gz-common5> component [io]
[1.473s] -- Looking for gz-common5-io -- found version 5.7.1
[1.473s] -- Searching for dependencies of gz-common5-io
[1.473s] -- Searching for <gz-common5> component [profiler]
[1.474s] -- Looking for gz-common5-profiler -- found version 5.7.1
[1.475s] -- Searching for dependencies of gz-common5-profiler
[1.477s] -- Looking for gz-fuel_tools9 -- found version 9.1.1
[1.477s] -- Searching for dependencies of gz-fuel_tools9
[1.561s] -- Found CURL: /usr/lib/x86_64-linux-gnu/libcurl.so (found version "8.5.0")  
[1.571s] -- Checking for module 'jsoncpp'
[1.584s] --   Found jsoncpp, version 1.9.5
[1.617s] -- Found JSONCPP: TRUE  
[1.634s] -- Checking for module 'yaml-0.1'
[1.647s] --   Found yaml-0.1, version 0.2.5
[1.679s] -- Found YAML: TRUE  
[1.684s] -- Checking for module 'libzip'
[1.700s] --   Found libzip, version 1.7.3
[1.740s] -- Found ZIP: TRUE  
[1.741s] -- Looking for gz-utils2 -- found version 2.2.1
[1.741s] -- Looking for gz-common5 -- found version 5.7.1
[1.742s] -- Searching for dependencies of gz-common5
[1.742s] -- Looking for gz-utils2 -- found version 2.2.1
[1.743s] -- Looking for dlfcn.h - found
[1.743s] -- Looking for libdl - found
[1.756s] -- Searching for <gz-common5> component [testing]
[1.758s] -- Looking for gz-common5-testing -- found version 5.7.1
[1.759s] -- Searching for dependencies of gz-common5-testing
[1.760s] -- Looking for gz-math7 -- found version 7.5.2
[1.761s] -- Looking for gz-msgs10 -- found version 10.3.2
[1.764s] -- Looking for gz-gui8 -- found version 8.4.0
[1.764s] -- Searching for dependencies of gz-gui8
[1.795s] -- Looking for gz-utils2 -- found version 2.2.1
[1.795s] -- Looking for gz-math7 -- found version 7.5.2
[1.795s] -- Looking for gz-common5 -- found version 5.7.1
[1.796s] -- Looking for gz-plugin2 -- found version 2.0.4
[1.796s] -- Looking for gz-transport13 -- found version 13.4.1
[1.798s] -- Looking for gz-rendering8 -- found version 8.2.2
[1.798s] -- Searching for dependencies of gz-rendering8
[1.798s] -- Looking for gz-math7 -- found version 7.5.2
[1.799s] -- Searching for dependencies of gz-math7
[1.799s] -- Looking for gz-utils2 -- found version 2.2.1
[1.799s] -- Searching for <gz-math7> component [eigen3]
[1.801s] -- Looking for gz-math7-eigen3 -- found version 7.5.2
[1.801s] -- Searching for dependencies of gz-math7-eigen3
[1.812s] -- Looking for gz-common5 -- found version 5.7.1
[1.812s] -- Searching for dependencies of gz-common5
[1.813s] -- Looking for gz-utils2 -- found version 2.2.1
[1.813s] -- Looking for dlfcn.h - found
[1.813s] -- Looking for libdl - found
[1.822s] -- Searching for <gz-common5> component [graphics]
[1.822s] -- Searching for <gz-common5> component [events]
[1.822s] -- Searching for <gz-common5> component [geospatial]
[1.824s] -- Looking for gz-common5-geospatial -- found version 5.7.1
[1.824s] -- Searching for dependencies of gz-common5-geospatial
[1.825s] -- Looking for gz-math7 -- found version 7.5.2
[1.825s] -- Looking for gz-common5 -- found version 5.7.1
[1.826s] -- Looking for gz-plugin2 -- found version 2.0.4
[1.826s] -- Searching for dependencies of gz-plugin2
[1.826s] -- Looking for gz-utils2 -- found version 2.2.1
[1.827s] -- Searching for <gz-plugin2> component [all]
[1.828s] -- Looking for all libraries of gz-plugin2 -- found version 2.0.4
[1.828s] -- Looking for gz-plugin2 -- found version 2.0.4
[1.829s] -- Looking for gz-utils2 -- found version 2.2.1
[1.841s] -- Found OpenGL: /usr/lib/x86_64-linux-gnu/libOpenGL.so  found components: OpenGL 
[1.842s] -- Looking for gz-msgs10 -- found version 10.3.2
[1.864s] -- Looking for gz-physics7 -- found version 7.5.0
[1.865s] -- Searching for dependencies of gz-physics7
[1.865s] -- Looking for gz-common5 -- found version 5.7.1
[1.865s] -- Looking for gz-math7 -- found version 7.5.2
[1.865s] -- Looking for gz-plugin2 -- found version 2.0.4
[1.866s] -- Looking for gz-utils2 -- found version 2.2.1
[1.867s] -- Searching for <gz-physics7> component [heightmap]
[1.868s] -- Looking for gz-physics7-heightmap -- found version 7.5.0
[1.868s] -- Searching for dependencies of gz-physics7-heightmap
[1.868s] -- Looking for gz-common5 -- found version 5.7.1
[1.869s] -- Searching for <gz-physics7> component [mesh]
[1.870s] -- Looking for gz-physics7-mesh -- found version 7.5.0
[1.870s] -- Searching for dependencies of gz-physics7-mesh
[1.871s] -- Looking for gz-common5 -- found version 5.7.1
[1.871s] -- Searching for <gz-physics7> component [sdf]
[1.872s] -- Looking for gz-physics7-sdf -- found version 7.5.0
[1.872s] -- Searching for dependencies of gz-physics7-sdf
[1.872s] -- Looking for sdformat14 -- found version 14.7.0
[1.874s] -- Looking for gz-sensors8 -- found version 8.2.2
[1.874s] -- Searching for dependencies of gz-sensors8
[1.895s] -- Looking for gz-math7 -- found version 7.5.2
[1.895s] -- Looking for gz-common5 -- found version 5.7.1
[1.895s] -- Looking for gz-transport13 -- found version 13.4.1
[1.896s] -- Looking for gz-rendering8 -- found version 8.2.2
[1.896s] -- Looking for gz-msgs10 -- found version 10.3.2
[1.897s] -- Looking for sdformat14 -- found version 14.7.0
[1.897s] -- Searching for <gz-sensors8> component [air_pressure]
[1.898s] -- Looking for gz-sensors8-air_pressure -- found version 8.2.2
[1.898s] -- Searching for dependencies of gz-sensors8-air_pressure
[1.899s] -- Searching for <gz-sensors8> component [air_speed]
[1.899s] -- Looking for gz-sensors8-air_speed -- found version 8.2.2
[1.900s] -- Searching for dependencies of gz-sensors8-air_speed
[1.900s] -- Searching for <gz-sensors8> component [altimeter]
[1.901s] -- Looking for gz-sensors8-altimeter -- found version 8.2.2
[1.901s] -- Searching for dependencies of gz-sensors8-altimeter
[1.902s] -- Searching for <gz-sensors8> component [imu]
[1.903s] -- Looking for gz-sensors8-imu -- found version 8.2.2
[1.903s] -- Searching for dependencies of gz-sensors8-imu
[1.903s] -- Searching for <gz-sensors8> component [force_torque]
[1.904s] -- Looking for gz-sensors8-force_torque -- found version 8.2.2
[1.904s] -- Searching for dependencies of gz-sensors8-force_torque
[1.905s] -- Searching for <gz-sensors8> component [logical_camera]
[1.906s] -- Looking for gz-sensors8-logical_camera -- found version 8.2.2
[1.906s] -- Searching for dependencies of gz-sensors8-logical_camera
[1.907s] -- Searching for <gz-sensors8> component [magnetometer]
[1.908s] -- Looking for gz-sensors8-magnetometer -- found version 8.2.2
[1.908s] -- Searching for dependencies of gz-sensors8-magnetometer
[1.909s] -- Searching for <gz-sensors8> component [navsat]
[1.910s] -- Looking for gz-sensors8-navsat -- found version 8.2.2
[1.910s] -- Searching for dependencies of gz-sensors8-navsat
[1.910s] -- Searching for <gz-sensors8> component [dvl]
[1.911s] -- Looking for gz-sensors8-dvl -- found version 8.2.2
[1.911s] -- Searching for dependencies of gz-sensors8-dvl
[1.911s] -- Looking for gz-sensors8 -- found version 8.2.2
[1.912s] -- Searching for dependencies of gz-sensors8
[1.932s] -- Looking for gz-math7 -- found version 7.5.2
[1.933s] -- Looking for gz-common5 -- found version 5.7.1
[1.933s] -- Looking for gz-transport13 -- found version 13.4.1
[1.933s] -- Looking for gz-rendering8 -- found version 8.2.2
[1.934s] -- Looking for gz-msgs10 -- found version 10.3.2
[1.934s] -- Looking for sdformat14 -- found version 14.7.0
[1.934s] -- Searching for <gz-sensors8> component [rendering]
[1.936s] -- Looking for gz-sensors8-rendering -- found version 8.2.2
[1.936s] -- Searching for dependencies of gz-sensors8-rendering
[1.937s] -- Searching for <gz-sensors8> component [rendering]
[1.937s] -- Searching for <gz-sensors8> component [lidar]
[1.938s] -- Looking for gz-sensors8-lidar -- found version 8.2.2
[1.938s] -- Searching for dependencies of gz-sensors8-lidar
[1.938s] -- Looking for gz-sensors8 -- found version 8.2.2
[1.939s] -- Searching for <gz-sensors8> component [gpu_lidar]
[1.939s] -- Looking for gz-sensors8-gpu_lidar -- found version 8.2.2
[1.940s] -- Searching for dependencies of gz-sensors8-gpu_lidar
[1.940s] -- Looking for gz-sensors8 -- found version 8.2.2
[1.941s] -- Searching for <gz-sensors8> component [camera]
[1.941s] -- Looking for gz-sensors8-camera -- found version 8.2.2
[1.941s] -- Searching for dependencies of gz-sensors8-camera
[1.942s] -- Looking for gz-sensors8 -- found version 8.2.2
[1.942s] -- Searching for <gz-sensors8> component [boundingbox_camera]
[1.943s] -- Looking for gz-sensors8-boundingbox_camera -- found version 8.2.2
[1.943s] -- Searching for dependencies of gz-sensors8-boundingbox_camera
[1.944s] -- Searching for <gz-sensors8> component [segmentation_camera]
[1.945s] -- Looking for gz-sensors8-segmentation_camera -- found version 8.2.2
[1.945s] -- Searching for dependencies of gz-sensors8-segmentation_camera
[1.945s] -- Searching for <gz-sensors8> component [depth_camera]
[1.946s] -- Looking for gz-sensors8-depth_camera -- found version 8.2.2
[1.946s] -- Searching for dependencies of gz-sensors8-depth_camera
[1.947s] -- Looking for gz-sensors8 -- found version 8.2.2
[1.947s] -- Searching for <gz-sensors8> component [rgbd_camera]
[1.948s] -- Looking for gz-sensors8-rgbd_camera -- found version 8.2.2
[1.948s] -- Searching for dependencies of gz-sensors8-rgbd_camera
[1.949s] -- Looking for gz-sensors8 -- found version 8.2.2
[1.949s] -- Searching for <gz-sensors8> component [thermal_camera]
[1.950s] -- Looking for gz-sensors8-thermal_camera -- found version 8.2.2
[1.950s] -- Searching for dependencies of gz-sensors8-thermal_camera
[1.951s] -- Looking for gz-sensors8 -- found version 8.2.2
[1.951s] -- Searching for <gz-sensors8> component [wide_angle_camera]
[1.952s] -- Looking for gz-sensors8-wide_angle_camera -- found version 8.2.2
[1.952s] -- Searching for dependencies of gz-sensors8-wide_angle_camera
[1.953s] -- Looking for gz-rendering8 -- found version 8.2.2
[1.954s] -- Looking for gz-math7 -- found version 7.5.2
[1.954s] -- Looking for gz-utils2 -- found version 2.2.1
[1.974s] -- Looking for gz-common5 -- found version 5.7.1
[1.975s] -- Looking for gz-fuel_tools9 -- found version 9.1.1
[1.975s] -- Looking for gz-math7 -- found version 7.5.2
[1.976s] -- Looking for gz-msgs10 -- found version 10.3.2
[1.976s] -- Looking for gz-transport13 -- found version 13.4.1
[1.976s] -- Looking for gz-plugin2 -- found version 2.0.4
[1.976s] -- Looking for gz-rendering8 -- found version 8.2.2
[1.977s] -- Looking for gz-sensors8 -- found version 8.2.2
[1.977s] -- Looking for gz-utils2 -- found version 2.2.1
[1.978s] -- Looking for sdformat14 -- found version 14.7.0
[1.981s] -- Found std_msgs: 5.3.6 (/opt/ros/jazzy/share/std_msgs/cmake)
[2.025s] -- Found rosidl_generator_c: 4.6.5 (/opt/ros/jazzy/share/rosidl_generator_c/cmake)
[2.043s] -- Found rosidl_generator_cpp: 4.6.5 (/opt/ros/jazzy/share/rosidl_generator_cpp/cmake)
[2.063s] -- Using all available rosidl_typesupport_c: rosidl_typesupport_fastrtps_c;rosidl_typesupport_introspection_c
[2.084s] -- Using all available rosidl_typesupport_cpp: rosidl_typesupport_fastrtps_cpp;rosidl_typesupport_introspection_cpp
[2.376s] -- Configuring done (2.1s)
[2.521s] -- Generating done (0.1s)
[2.545s] -- Build files have been written to: /home/luca002/proj_ws/build/wamv_gazebo
[2.562s] Invoked command in '/home/luca002/proj_ws/build/wamv_gazebo' returned '0': CMAKE_PREFIX_PATH=${CMAKE_PREFIX_PATH}:/opt/ros/jazzy DEBUGINFOD_URLS=https://debuginfod.ubuntu.com /usr/bin/cmake /home/luca002/proj_ws/src/wamv_gazebo -DAMENT_CMAKE_SYMLINK_INSTALL=1 -DCMAKE_INSTALL_PREFIX=/home/luca002/proj_ws/install/wamv_gazebo
[2.562s] Invoking command in '/home/luca002/proj_ws/build/wamv_gazebo': CMAKE_PREFIX_PATH=${CMAKE_PREFIX_PATH}:/opt/ros/jazzy DEBUGINFOD_URLS=https://debuginfod.ubuntu.com /usr/bin/cmake --build /home/luca002/proj_ws/build/wamv_gazebo -- -j16 -l16
[2.609s] [  2%] [32mBuilding CXX object CMakeFiles/Waves.dir/src/Wavefield.cc.o[0m
[2.609s] [  4%] [32mBuilding CXX object CMakeFiles/ScoringPlugin.dir/src/ScoringPlugin.cc.o[0m
[2.617s] [  4%] Built target ament_cmake_python_symlink_wamv_gazebo
[2.849s] running egg_info
[2.850s] creating wamv_gazebo.egg-info
[2.872s] writing wamv_gazebo.egg-info/PKG-INFO
[2.872s] writing dependency_links to wamv_gazebo.egg-info/dependency_links.txt
[2.872s] writing top-level names to wamv_gazebo.egg-info/top_level.txt
[2.872s] writing manifest file 'wamv_gazebo.egg-info/SOURCES.txt'
[2.946s] reading manifest file 'wamv_gazebo.egg-info/SOURCES.txt'
[2.946s] writing manifest file 'wamv_gazebo.egg-info/SOURCES.txt'
[2.975s] [  4%] Built target ament_cmake_python_build_wamv_gazebo_egg
[6.188s] [  6%] [32m[1mLinking CXX shared library libWaves.so[0m
[6.383s] [  6%] Built target Waves
[6.402s] [ 10%] [32mBuilding CXX object CMakeFiles/PolyhedraBuoyancyDrag.dir/src/PolyhedraBuoyancyDrag.cc.o[0m
[6.403s] [ 10%] [32mBuilding CXX object CMakeFiles/PolyhedraBuoyancyDrag.dir/src/PolyhedronVolume.cc.o[0m
[6.403s] [ 12%] [32mBuilding CXX object CMakeFiles/PolyhedraBuoyancyDrag.dir/src/ShapeVolume.cc.o[0m
[7.548s] [ 14%] [32m[1mLinking CXX shared library libScoringPlugin.so[0m
[7.777s] [ 14%] Built target ScoringPlugin
[7.805s] [ 25%] [32mBuilding CXX object CMakeFiles/BallShooterPlugin.dir/src/BallShooterPlugin.cc.o[0m
[7.805s] [ 25%] [32mBuilding CXX object CMakeFiles/StationkeepingScoringPlugin.dir/src/StationkeepingScoringPlugin.cc.o[0m
[7.805s] [ 25%] [32mBuilding CXX object CMakeFiles/AcousticPerceptionScoringPlugin.dir/src/AcousticPerceptionScoringPlugin.cc.o[0m
[7.805s] [ 25%] [32mBuilding CXX object CMakeFiles/AcousticPingerPlugin.dir/src/AcousticPingerPlugin.cc.o[0m
[7.806s] [ 25%] [32mBuilding CXX object CMakeFiles/AcousticTrackingScoringPlugin.dir/src/AcousticTrackingScoringPlugin.cc.o[0m
[7.806s] [ 27%] [32mBuilding CXX object CMakeFiles/NavigationScoringPlugin.dir/src/NavigationScoringPlugin.cc.o[0m
[7.806s] [ 33%] [32mBuilding CXX object CMakeFiles/GymkhanaScoringPlugin.dir/src/GymkhanaScoringPlugin.cc.o[0m
[7.806s] [ 33%] [32mBuilding CXX object CMakeFiles/LightBuoyPlugin.dir/src/LightBuoyPlugin.cc.o[0m
[7.806s] [ 35%] [32mBuilding CXX object CMakeFiles/PlacardPlugin.dir/src/PlacardPlugin.cc.o[0m
[7.806s] [ 39%] [32mBuilding CXX object CMakeFiles/ScanDockScoringPlugin.dir/src/ScanDockScoringPlugin.cc.o[0m
[7.807s] [ 41%] [32mBuilding CXX object CMakeFiles/SimpleHydrodynamics.dir/src/SimpleHydrodynamics.cc.o[0m
[7.807s] [ 41%] [32mBuilding CXX object CMakeFiles/PerceptionScoringPlugin.dir/src/PerceptionScoringPlugin.cc.o[0m
[7.807s] [ 41%] [32mBuilding CXX object CMakeFiles/PublisherPlugin.dir/src/PublisherPlugin.cc.o[0m
[7.808s] [ 43%] [32mBuilding CXX object CMakeFiles/WayfindingScoringPlugin.dir/src/WayfindingScoringPlugin.cc.o[0m
[7.995s] [ 45%] [32mBuilding CXX object CMakeFiles/StationkeepingScoringPlugin.dir/src/WaypointMarkers.cc.o[0m
[13.878s] [ 47%] [32m[1mLinking CXX shared library libPublisherPlugin.so[0m
[14.120s] [ 50%] [32mBuilding CXX object CMakeFiles/WayfindingScoringPlugin.dir/src/WaypointMarkers.cc.o[0m
[14.254s] [ 50%] Built target PublisherPlugin
[14.270s] [ 52%] [32mBuilding CXX object CMakeFiles/AcousticTrackingScoringPlugin.dir/src/WaypointMarkers.cc.o[0m
[14.603s] [ 54%] [32m[1mLinking CXX shared library libLightBuoyPlugin.so[0m
[15.135s] [ 56%] [32m[1mLinking CXX shared library libPolyhedraBuoyancyDrag.so[0m
[15.161s] [ 56%] Built target LightBuoyPlugin
[15.178s] [ 58%] [32mBuilding CXX object CMakeFiles/AcousticPerceptionScoringPlugin.dir/src/WaypointMarkers.cc.o[0m
[15.318s] [ 60%] [32m[1mLinking CXX shared library libGymkhanaScoringPlugin.so[0m
[15.464s] [ 62%] [32m[1mLinking CXX shared library libSimpleHydrodynamics.so[0m
[15.569s] [ 64%] [32m[1mLinking CXX shared library libPlacardPlugin.so[0m
[15.677s] [ 64%] Built target PolyhedraBuoyancyDrag
[15.724s] [ 66%] [32mBuilding CXX object CMakeFiles/Surface.dir/src/Surface.cc.o[0m
[15.922s] [ 66%] Built target GymkhanaScoringPlugin
[15.924s] [ 66%] Built target SimpleHydrodynamics
[15.957s] [ 68%] [32mBuilding CXX object CMakeFiles/USVWind.dir/src/USVWind.cc.o[0m
[15.968s] [ 70%] [32mBuilding CXX object CMakeFiles/WaveVisual.dir/src/WaveVisual.cc.o[0m
[16.123s] [ 70%] Built target PlacardPlugin
[16.158s] [ 72%] [32mBuilding CXX object CMakeFiles/WildlifeScoringPlugin.dir/src/WildlifeScoringPlugin.cc.o[0m
[17.793s] [ 75%] [32m[1mLinking CXX shared library libAcousticPingerPlugin.so[0m
[17.826s] [ 77%] [32m[1mLinking CXX shared library libPerceptionScoringPlugin.so[0m
[18.304s] [ 77%] Built target AcousticPingerPlugin
[18.318s] [ 77%] Built target PerceptionScoringPlugin
[18.387s] [ 79%] [32m[1mLinking CXX shared library libNavigationScoringPlugin.so[0m
[18.607s] [ 81%] [32m[1mLinking CXX shared library libStationkeepingScoringPlugin.so[0m
[18.672s] [ 81%] Built target NavigationScoringPlugin
[18.936s] [ 81%] Built target StationkeepingScoringPlugin
[19.293s] [ 83%] [32m[1mLinking CXX shared library libBallShooterPlugin.so[0m
[19.456s] [ 85%] [32m[1mLinking CXX shared library libScanDockScoringPlugin.so[0m
[19.562s] [ 87%] [32m[1mLinking CXX shared library libWayfindingScoringPlugin.so[0m
[19.625s] [ 87%] Built target BallShooterPlugin
[19.812s] [ 87%] Built target ScanDockScoringPlugin
[19.886s] [ 87%] Built target WayfindingScoringPlugin
[20.166s] [ 89%] [32m[1mLinking CXX shared library libAcousticPerceptionScoringPlugin.so[0m
[20.217s] [ 91%] [32m[1mLinking CXX shared library libAcousticTrackingScoringPlugin.so[0m
[20.469s] [ 91%] Built target AcousticPerceptionScoringPlugin
[20.521s] [ 91%] Built target AcousticTrackingScoringPlugin
[21.562s] [ 93%] [32m[1mLinking CXX shared library libSurface.so[0m
[21.934s] [ 93%] Built target Surface
[23.752s] [ 95%] [32m[1mLinking CXX shared library libWaveVisual.so[0m
[23.869s] [ 97%] [32m[1mLinking CXX shared library libUSVWind.so[0m
[23.917s] [100%] [32m[1mLinking CXX shared library libWildlifeScoringPlugin.so[0m
[24.024s] [100%] Built target WaveVisual
[24.125s] [100%] Built target USVWind
[24.198s] [100%] Built target WildlifeScoringPlugin
[24.211s] Invoked command in '/home/luca002/proj_ws/build/wamv_gazebo' returned '0': CMAKE_PREFIX_PATH=${CMAKE_PREFIX_PATH}:/opt/ros/jazzy DEBUGINFOD_URLS=https://debuginfod.ubuntu.com /usr/bin/cmake --build /home/luca002/proj_ws/build/wamv_gazebo -- -j16 -l16
[24.213s] Invoking command in '/home/luca002/proj_ws/build/wamv_gazebo': CMAKE_PREFIX_PATH=${CMAKE_PREFIX_PATH}:/opt/ros/jazzy DEBUGINFOD_URLS=https://debuginfod.ubuntu.com /usr/bin/cmake --install /home/luca002/proj_ws/build/wamv_gazebo
[24.224s] -- Install configuration: ""
[24.225s] -- Execute custom install script
[24.225s] -- Symlinking: /home/luca002/proj_ws/install/wamv_gazebo/share/wamv_gazebo/environment/resource_paths.dsv
[24.243s] -- Symlinking: /home/luca002/proj_ws/install/wamv_gazebo/share/wamv_gazebo/environment/resource_paths.sh
[24.259s] -- Symlinking: /home/luca002/proj_ws/install/wamv_gazebo/lib/libWaves.so
[24.275s] -- Symlinking: /home/luca002/proj_ws/install/wamv_gazebo/lib/libPolyhedraBuoyancyDrag.so
[24.291s] -- Symlinking: /home/luca002/proj_ws/install/wamv_gazebo/lib/libScoringPlugin.so
[24.305s] -- Symlinking: /home/luca002/proj_ws/install/wamv_gazebo/lib/libStationkeepingScoringPlugin.so
[24.320s] -- Symlinking: /home/luca002/proj_ws/install/wamv_gazebo/lib/libWayfindingScoringPlugin.so
[24.335s] -- Symlinking: /home/luca002/proj_ws/install/wamv_gazebo/lib/libAcousticPerceptionScoringPlugin.so
[24.353s] -- Symlinking: /home/luca002/proj_ws/install/wamv_gazebo/lib/libAcousticTrackingScoringPlugin.so
[24.370s] -- Symlinking: /home/luca002/proj_ws/install/wamv_gazebo/lib/libAcousticPingerPlugin.so
[24.383s] -- Symlinking: /home/luca002/proj_ws/install/wamv_gazebo/lib/libBallShooterPlugin.so
[24.394s] -- Symlinking: /home/luca002/proj_ws/install/wamv_gazebo/lib/libLightBuoyPlugin.so
[24.407s] -- Symlinking: /home/luca002/proj_ws/install/wamv_gazebo/lib/libNavigationScoringPlugin.so
[24.424s] -- Symlinking: /home/luca002/proj_ws/install/wamv_gazebo/lib/libGymkhanaScoringPlugin.so
[24.441s] -- Symlinking: /home/luca002/proj_ws/install/wamv_gazebo/lib/libPerceptionScoringPlugin.so
[24.459s] -- Symlinking: /home/luca002/proj_ws/install/wamv_gazebo/lib/libPlacardPlugin.so
[24.475s] -- Symlinking: /home/luca002/proj_ws/install/wamv_gazebo/lib/libPublisherPlugin.so
[24.491s] -- Symlinking: /home/luca002/proj_ws/install/wamv_gazebo/lib/libScanDockScoringPlugin.so
[24.506s] -- Symlinking: /home/luca002/proj_ws/install/wamv_gazebo/lib/libSimpleHydrodynamics.so
[24.523s] -- Symlinking: /home/luca002/proj_ws/install/wamv_gazebo/lib/libSurface.so
[24.540s] -- Symlinking: /home/luca002/proj_ws/install/wamv_gazebo/lib/libUSVWind.so
[24.557s] -- Symlinking: /home/luca002/proj_ws/install/wamv_gazebo/lib/libWaveVisual.so
[24.574s] -- Symlinking: /home/luca002/proj_ws/install/wamv_gazebo/lib/libWildlifeScoringPlugin.so
[24.590s] -- Symlinking: /home/luca002/proj_ws/install/wamv_gazebo/share/wamv_gazebo/environment/pythonpath.sh
[24.605s] -- Symlinking: /home/luca002/proj_ws/install/wamv_gazebo/share/wamv_gazebo/environment/pythonpath.dsv
[24.620s] -- Symlinking: /home/luca002/proj_ws/install/wamv_gazebo/lib/python3.12/site-packages/wamv_gazebo-0.0.0-py3.12.egg-info/PKG-INFO
[24.638s] -- Symlinking: /home/luca002/proj_ws/install/wamv_gazebo/lib/python3.12/site-packages/wamv_gazebo-0.0.0-py3.12.egg-info/SOURCES.txt
[24.657s] -- Symlinking: /home/luca002/proj_ws/install/wamv_gazebo/lib/python3.12/site-packages/wamv_gazebo-0.0.0-py3.12.egg-info/dependency_links.txt
[24.676s] -- Symlinking: /home/luca002/proj_ws/install/wamv_gazebo/lib/python3.12/site-packages/wamv_gazebo-0.0.0-py3.12.egg-info/top_level.txt
[24.696s] -- Symlinking: /home/luca002/proj_ws/install/wamv_gazebo/lib/python3.12/site-packages/wamv_gazebo/__init__.py
[24.716s] -- Symlinking: /home/luca002/proj_ws/install/wamv_gazebo/lib/python3.12/site-packages/wamv_gazebo/bridge.py
[24.732s] -- Symlinking: /home/luca002/proj_ws/install/wamv_gazebo/lib/python3.12/site-packages/wamv_gazebo/bridges.py
[24.743s] -- Symlinking: /home/luca002/proj_ws/install/wamv_gazebo/lib/python3.12/site-packages/wamv_gazebo/launch.py
[24.754s] -- Symlinking: /home/luca002/proj_ws/install/wamv_gazebo/lib/python3.12/site-packages/wamv_gazebo/model.py
[24.764s] -- Symlinking: /home/luca002/proj_ws/install/wamv_gazebo/lib/python3.12/site-packages/wamv_gazebo/monitor_sim.py
[24.778s] -- Symlinking: /home/luca002/proj_ws/install/wamv_gazebo/lib/python3.12/site-packages/wamv_gazebo/payload_bridges.py
[24.795s] -- Symlinking: /home/luca002/proj_ws/install/wamv_gazebo/share/wamv_gazebo/config/wamv.yaml
[24.808s] -- Symlinking: /home/luca002/proj_ws/install/wamv_gazebo/share/wamv_gazebo/launch/__init__.py
[24.821s] -- Symlinking: /home/luca002/proj_ws/install/wamv_gazebo/share/wamv_gazebo/launch/__pycache__/bridge.cpython-312.pyc
[24.838s] -- Symlinking: /home/luca002/proj_ws/install/wamv_gazebo/share/wamv_gazebo/launch/bridge.py
[24.854s] -- Symlinking: /home/luca002/proj_ws/install/wamv_gazebo/share/wamv_gazebo/launch/competition.launch.py
[24.870s] -- Symlinking: /home/luca002/proj_ws/install/wamv_gazebo/share/wamv_gazebo/launch/compliance.py
[24.882s] -- Symlinking: /home/luca002/proj_ws/install/wamv_gazebo/share/wamv_gazebo/launch/configure_wamv.py
[24.891s] -- Symlinking: /home/luca002/proj_ws/install/wamv_gazebo/share/wamv_gazebo/launch/mylaunch.py
[24.899s] -- Symlinking: /home/luca002/proj_ws/install/wamv_gazebo/share/wamv_gazebo/launch/spawn.launch.py
[24.908s] -- Symlinking: /home/luca002/proj_ws/install/wamv_gazebo/share/wamv_gazebo/launch/spawn_config.launch.py
[24.921s] -- Symlinking: /home/luca002/proj_ws/install/wamv_gazebo/share/wamv_gazebo/launch/usv_joy_teleop.py
[24.942s] -- Symlinking: /home/luca002/proj_ws/install/wamv_gazebo/share/wamv_gazebo/launch/utils.py
[24.958s] -- Symlinking: /home/luca002/proj_ws/install/wamv_gazebo/share/wamv_gazebo/launch/vrx_environment.launch.py
[24.976s] -- Symlinking: /home/luca002/proj_ws/install/wamv_gazebo/share/wamv_gazebo/models/3d_lidar/mesh/3d_Lidar_Albedo.png
[24.989s] -- Symlinking: /home/luca002/proj_ws/install/wamv_gazebo/share/wamv_gazebo/models/3d_lidar/mesh/3d_Lidar_Metalness.png
[24.999s] -- Symlinking: /home/luca002/proj_ws/install/wamv_gazebo/share/wamv_gazebo/models/3d_lidar/mesh/3d_Lidar_Normal.png
[25.010s] -- Symlinking: /home/luca002/proj_ws/install/wamv_gazebo/share/wamv_gazebo/models/3d_lidar/mesh/3d_Lidar_Roughness.png
[25.020s] -- Symlinking: /home/luca002/proj_ws/install/wamv_gazebo/share/wamv_gazebo/models/3d_lidar/mesh/3d_lidar.dae
[25.028s] -- Symlinking: /home/luca002/proj_ws/install/wamv_gazebo/share/wamv_gazebo/models/3d_lidar/mesh/3d_lidar.png
[25.037s] -- Symlinking: /home/luca002/proj_ws/install/wamv_gazebo/share/wamv_gazebo/models/3d_lidar/model.config
[25.047s] -- Symlinking: /home/luca002/proj_ws/install/wamv_gazebo/share/wamv_gazebo/models/3d_lidar/model.sdf
[25.056s] -- Symlinking: /home/luca002/proj_ws/install/wamv_gazebo/share/wamv_gazebo/models/WAM-V-Base/mesh/WAM-V-Base.dae
[25.064s] -- Symlinking: /home/luca002/proj_ws/install/wamv_gazebo/share/wamv_gazebo/models/WAM-V-Base/mesh/WAM-V_Albedo.png
[25.072s] -- Symlinking: /home/luca002/proj_ws/install/wamv_gazebo/share/wamv_gazebo/models/WAM-V-Base/mesh/WAM-V_Metalness.png
[25.079s] -- Symlinking: /home/luca002/proj_ws/install/wamv_gazebo/share/wamv_gazebo/models/WAM-V-Base/mesh/WAM-V_Normal.png
[25.087s] -- Symlinking: /home/luca002/proj_ws/install/wamv_gazebo/share/wamv_gazebo/models/WAM-V-Base/mesh/WAM-V_Roughness.png
[25.094s] -- Symlinking: /home/luca002/proj_ws/install/wamv_gazebo/share/wamv_gazebo/models/WAM-V-Base/mesh/WamV.png
[25.102s] -- Symlinking: /home/luca002/proj_ws/install/wamv_gazebo/share/wamv_gazebo/models/WAM-V-Base/model.config
[25.109s] -- Symlinking: /home/luca002/proj_ws/install/wamv_gazebo/share/wamv_gazebo/models/articulated_platform/model.config
[25.116s] -- Symlinking: /home/luca002/proj_ws/install/wamv_gazebo/share/wamv_gazebo/models/articulated_platform/model.sdf
[25.124s] -- Symlinking: /home/luca002/proj_ws/install/wamv_gazebo/share/wamv_gazebo/models/ball_shooter/materials/Textures/Launcher_Albedo.png
[25.131s] -- Symlinking: /home/luca002/proj_ws/install/wamv_gazebo/share/wamv_gazebo/models/ball_shooter/materials/Textures/Launcher_Metalness.png
[25.142s] -- Symlinking: /home/luca002/proj_ws/install/wamv_gazebo/share/wamv_gazebo/models/ball_shooter/materials/Textures/Launcher_Normal.png
[25.150s] -- Symlinking: /home/luca002/proj_ws/install/wamv_gazebo/share/wamv_gazebo/models/ball_shooter/materials/Textures/Launcher_Roughness.png
[25.159s] -- Symlinking: /home/luca002/proj_ws/install/wamv_gazebo/share/wamv_gazebo/models/ball_shooter/meshes/Launcher_Albedo.png
[25.166s] -- Symlinking: /home/luca002/proj_ws/install/wamv_gazebo/share/wamv_gazebo/models/ball_shooter/meshes/Launcher_BaseColor.png
[25.174s] -- Symlinking: /home/luca002/proj_ws/install/wamv_gazebo/share/wamv_gazebo/models/ball_shooter/meshes/ball_shooter_base.dae
[25.182s] -- Symlinking: /home/luca002/proj_ws/install/wamv_gazebo/share/wamv_gazebo/models/ball_shooter/meshes/ball_shooter_launcher.dae
[25.190s] -- Symlinking: /home/luca002/proj_ws/install/wamv_gazebo/share/wamv_gazebo/models/ball_shooter/model.config
[25.198s] -- Symlinking: /home/luca002/proj_ws/install/wamv_gazebo/share/wamv_gazebo/models/ball_shooter/model.sdf
[25.205s] -- Symlinking: /home/luca002/proj_ws/install/wamv_gazebo/share/wamv_gazebo/models/battery/mesh/battery.dae
[25.213s] -- Symlinking: /home/luca002/proj_ws/install/wamv_gazebo/share/wamv_gazebo/models/battery/mesh/battery.png
[25.222s] -- Symlinking: /home/luca002/proj_ws/install/wamv_gazebo/share/wamv_gazebo/models/battery/mesh/battery_Albedo.png
[25.231s] -- Symlinking: /home/luca002/proj_ws/install/wamv_gazebo/share/wamv_gazebo/models/battery/mesh/battery_Metalness.png
[25.242s] -- Symlinking: /home/luca002/proj_ws/install/wamv_gazebo/share/wamv_gazebo/models/battery/mesh/battery_Normal.png
[25.251s] -- Symlinking: /home/luca002/proj_ws/install/wamv_gazebo/share/wamv_gazebo/models/battery/mesh/battery_Roughness.png
[25.259s] -- Symlinking: /home/luca002/proj_ws/install/wamv_gazebo/share/wamv_gazebo/models/battery/model.config
[25.267s] -- Symlinking: /home/luca002/proj_ws/install/wamv_gazebo/share/wamv_gazebo/models/battery/model.sdf
[25.278s] -- Symlinking: /home/luca002/proj_ws/install/wamv_gazebo/share/wamv_gazebo/models/blue_projectile/model.config
[25.287s] -- Symlinking: /home/luca002/proj_ws/install/wamv_gazebo/share/wamv_gazebo/models/blue_projectile/model.sdf
[25.295s] -- Symlinking: /home/luca002/proj_ws/install/wamv_gazebo/share/wamv_gazebo/models/boat/materials/textures/Boat_Albedo.png
[25.302s] -- Symlinking: /home/luca002/proj_ws/install/wamv_gazebo/share/wamv_gazebo/models/boat/materials/textures/Boat_Metalness.png
[25.310s] -- Symlinking: /home/luca002/proj_ws/install/wamv_gazebo/share/wamv_gazebo/models/boat/materials/textures/Boat_Normal.png
[25.318s] -- Symlinking: /home/luca002/proj_ws/install/wamv_gazebo/share/wamv_gazebo/models/boat/materials/textures/Boat_Roughness.png
[25.325s] -- Symlinking: /home/luca002/proj_ws/install/wamv_gazebo/share/wamv_gazebo/models/boat/materials/textures/lidar_3d_v1.png
[25.338s] -- Symlinking: /home/luca002/proj_ws/install/wamv_gazebo/share/wamv_gazebo/models/boat/meshes/rcboat.dae
[25.354s] -- Symlinking: /home/luca002/proj_ws/install/wamv_gazebo/share/wamv_gazebo/models/boat/model.config
[25.369s] -- Symlinking: /home/luca002/proj_ws/install/wamv_gazebo/share/wamv_gazebo/models/boat/model.sdf
[25.385s] -- Symlinking: /home/luca002/proj_ws/install/wamv_gazebo/share/wamv_gazebo/models/boat/oldmodel/mmodel.sdf
[25.401s] -- Symlinking: /home/luca002/proj_ws/install/wamv_gazebo/share/wamv_gazebo/models/boat/thumbnails/boat/1.png
[25.415s] -- Symlinking: /home/luca002/proj_ws/install/wamv_gazebo/share/wamv_gazebo/models/boat/thumbnails/boat/2.png
[25.429s] -- Symlinking: /home/luca002/proj_ws/install/wamv_gazebo/share/wamv_gazebo/models/boat/thumbnails/boat/3.png
[25.443s] -- Symlinking: /home/luca002/proj_ws/install/wamv_gazebo/share/wamv_gazebo/models/boat/thumbnails/boat/4.png
[25.459s] -- Symlinking: /home/luca002/proj_ws/install/wamv_gazebo/share/wamv_gazebo/models/boat/thumbnails/boat/5.png
[25.474s] -- Symlinking: /home/luca002/proj_ws/install/wamv_gazebo/share/wamv_gazebo/models/coast_waves/materials/programs/GerstnerWaves_fs_330.glsl
[25.489s] -- Symlinking: /home/luca002/proj_ws/install/wamv_gazebo/share/wamv_gazebo/models/coast_waves/materials/programs/GerstnerWaves_vs_330.glsl
[25.504s] -- Symlinking: /home/luca002/proj_ws/install/wamv_gazebo/share/wamv_gazebo/models/coast_waves/materials/textures/skybox_lowres.dds
[25.518s] -- Symlinking: /home/luca002/proj_ws/install/wamv_gazebo/share/wamv_gazebo/models/coast_waves/materials/textures/wave_normals.dds
[25.532s] -- Symlinking: /home/luca002/proj_ws/install/wamv_gazebo/share/wamv_gazebo/models/coast_waves/meshes/waterlow.dae
[25.548s] -- Symlinking: /home/luca002/proj_ws/install/wamv_gazebo/share/wamv_gazebo/models/coast_waves/model.config
[25.564s] -- Symlinking: /home/luca002/proj_ws/install/wamv_gazebo/share/wamv_gazebo/models/coast_waves/model.sdf
[25.579s] -- Symlinking: /home/luca002/proj_ws/install/wamv_gazebo/share/wamv_gazebo/models/cpu_cases/mesh/cpu_cases.dae
[25.603s] -- Symlinking: /home/luca002/proj_ws/install/wamv_gazebo/share/wamv_gazebo/models/cpu_cases/mesh/cpu_cases.png
[25.620s] -- Symlinking: /home/luca002/proj_ws/install/wamv_gazebo/share/wamv_gazebo/models/cpu_cases/mesh/cpu_cases_Albedo.png
[25.636s] -- Symlinking: /home/luca002/proj_ws/install/wamv_gazebo/share/wamv_gazebo/models/cpu_cases/mesh/cpu_cases_Metalness.png
[25.649s] -- Symlinking: /home/luca002/proj_ws/install/wamv_gazebo/share/wamv_gazebo/models/cpu_cases/mesh/cpu_cases_Normal.png
[25.662s] -- Symlinking: /home/luca002/proj_ws/install/wamv_gazebo/share/wamv_gazebo/models/cpu_cases/mesh/cpu_cases_Roughness.png
[25.670s] -- Symlinking: /home/luca002/proj_ws/install/wamv_gazebo/share/wamv_gazebo/models/cpu_cases/model.config
[25.679s] -- Symlinking: /home/luca002/proj_ws/install/wamv_gazebo/share/wamv_gazebo/models/cpu_cases/model.sdf
[25.687s] -- Symlinking: /home/luca002/proj_ws/install/wamv_gazebo/share/wamv_gazebo/models/dock_2022/model.config
[25.697s] -- Symlinking: /home/luca002/proj_ws/install/wamv_gazebo/share/wamv_gazebo/models/dock_2022/model.sdf
[25.710s] -- Symlinking: /home/luca002/proj_ws/install/wamv_gazebo/share/wamv_gazebo/models/dock_2022_base/model.config
[25.723s] -- Symlinking: /home/luca002/proj_ws/install/wamv_gazebo/share/wamv_gazebo/models/dock_2022_base/model.sdf
[25.734s] -- Symlinking: /home/luca002/proj_ws/install/wamv_gazebo/share/wamv_gazebo/models/dock_block_4x4/mesh/DockCubes_Albedo.png
[25.748s] -- Symlinking: /home/luca002/proj_ws/install/wamv_gazebo/share/wamv_gazebo/models/dock_block_4x4/mesh/DockCubes_Metalness.png
[25.764s] -- Symlinking: /home/luca002/proj_ws/install/wamv_gazebo/share/wamv_gazebo/models/dock_block_4x4/mesh/DockCubes_Normal.png
[25.779s] -- Symlinking: /home/luca002/proj_ws/install/wamv_gazebo/share/wamv_gazebo/models/dock_block_4x4/mesh/DockCubes_Roughness.png
[25.794s] -- Symlinking: /home/luca002/proj_ws/install/wamv_gazebo/share/wamv_gazebo/models/dock_block_4x4/mesh/dock_block_4x4.dae
[25.809s] -- Symlinking: /home/luca002/proj_ws/install/wamv_gazebo/share/wamv_gazebo/models/dock_block_4x4/model.config
[25.823s] -- Symlinking: /home/luca002/proj_ws/install/wamv_gazebo/share/wamv_gazebo/models/dock_block_4x4/model.sdf
[25.838s] -- Symlinking: /home/luca002/proj_ws/install/wamv_gazebo/share/wamv_gazebo/models/engine/mesh/engine.dae
[25.855s] -- Symlinking: /home/luca002/proj_ws/install/wamv_gazebo/share/wamv_gazebo/models/engine/model.config
[25.872s] -- Symlinking: /home/luca002/proj_ws/install/wamv_gazebo/share/wamv_gazebo/models/entrance_exit/model.config
[25.887s] -- Symlinking: /home/luca002/proj_ws/install/wamv_gazebo/share/wamv_gazebo/models/entrance_exit/model.sdf
[25.901s] -- Symlinking: /home/luca002/proj_ws/install/wamv_gazebo/share/wamv_gazebo/models/gps/mesh/gps.dae
[25.915s] -- Symlinking: /home/luca002/proj_ws/install/wamv_gazebo/share/wamv_gazebo/models/gps/mesh/gps.png
[25.929s] -- Symlinking: /home/luca002/proj_ws/install/wamv_gazebo/share/wamv_gazebo/models/gps/model.config
[25.945s] -- Symlinking: /home/luca002/proj_ws/install/wamv_gazebo/share/wamv_gazebo/models/lidar/materials/textures/lidar_3d_v1.png
[25.962s] -- Symlinking: /home/luca002/proj_ws/install/wamv_gazebo/share/wamv_gazebo/models/lidar/meshes/lidar_3d_v1.dae
[25.977s] -- Symlinking: /home/luca002/proj_ws/install/wamv_gazebo/share/wamv_gazebo/models/lidar/meshes/lidar_3d_v1.png
[25.992s] -- Symlinking: /home/luca002/proj_ws/install/wamv_gazebo/share/wamv_gazebo/models/lidar/model.config
[26.006s] -- Symlinking: /home/luca002/proj_ws/install/wamv_gazebo/share/wamv_gazebo/models/lidar/model.sdf
[26.021s] -- Symlinking: /home/luca002/proj_ws/install/wamv_gazebo/share/wamv_gazebo/models/lidar/thumbnails/1.png
[26.035s] -- Symlinking: /home/luca002/proj_ws/install/wamv_gazebo/share/wamv_gazebo/models/lidar/thumbnails/2.png
[26.052s] -- Symlinking: /home/luca002/proj_ws/install/wamv_gazebo/share/wamv_gazebo/models/lidar/thumbnails/3.png
[26.068s] -- Symlinking: /home/luca002/proj_ws/install/wamv_gazebo/share/wamv_gazebo/models/lidar/thumbnails/4.png
[26.083s] -- Symlinking: /home/luca002/proj_ws/install/wamv_gazebo/share/wamv_gazebo/models/lidar/thumbnails/5.png
[26.097s] -- Symlinking: /home/luca002/proj_ws/install/wamv_gazebo/share/wamv_gazebo/models/mono_camera/mesh/mono_camera.dae
[26.112s] -- Symlinking: /home/luca002/proj_ws/install/wamv_gazebo/share/wamv_gazebo/models/mono_camera/mesh/mono_camera.png
[26.125s] -- Symlinking: /home/luca002/proj_ws/install/wamv_gazebo/share/wamv_gazebo/models/mono_camera/mesh/mono_camera_Albedo.png
[26.141s] -- Symlinking: /home/luca002/proj_ws/install/wamv_gazebo/share/wamv_gazebo/models/mono_camera/mesh/mono_camera_Metalness.png
[26.157s] -- Symlinking: /home/luca002/proj_ws/install/wamv_gazebo/share/wamv_gazebo/models/mono_camera/mesh/mono_camera_Normal.png
[26.173s] -- Symlinking: /home/luca002/proj_ws/install/wamv_gazebo/share/wamv_gazebo/models/mono_camera/mesh/mono_camera_Roughness.png
[26.188s] -- Symlinking: /home/luca002/proj_ws/install/wamv_gazebo/share/wamv_gazebo/models/mono_camera/model.config
[26.204s] -- Symlinking: /home/luca002/proj_ws/install/wamv_gazebo/share/wamv_gazebo/models/mono_camera/model.sdf
[26.219s] -- Symlinking: /home/luca002/proj_ws/install/wamv_gazebo/share/wamv_gazebo/models/placard_2022/materials/textures/Placard.png
[26.233s] -- Symlinking: /home/luca002/proj_ws/install/wamv_gazebo/share/wamv_gazebo/models/placard_2022/meshes/placard_2022.dae
[26.250s] -- Symlinking: /home/luca002/proj_ws/install/wamv_gazebo/share/wamv_gazebo/models/placard_2022/model.config
[26.266s] -- Symlinking: /home/luca002/proj_ws/install/wamv_gazebo/share/wamv_gazebo/models/placard_2022/model.sdf
[26.282s] -- Symlinking: /home/luca002/proj_ws/install/wamv_gazebo/share/wamv_gazebo/models/platform/model.config
[26.297s] -- Symlinking: /home/luca002/proj_ws/install/wamv_gazebo/share/wamv_gazebo/models/platform/model.sdf
[26.310s] -- Symlinking: /home/luca002/proj_ws/install/wamv_gazebo/share/wamv_gazebo/models/propeller/mesh/propeller.dae
[26.322s] -- Symlinking: /home/luca002/proj_ws/install/wamv_gazebo/share/wamv_gazebo/models/propeller/model.config
[26.337s] -- Symlinking: /home/luca002/proj_ws/install/wamv_gazebo/share/wamv_gazebo/models/roboboat01/materials/scripts/model.material
[26.354s] -- Symlinking: /home/luca002/proj_ws/install/wamv_gazebo/share/wamv_gazebo/models/roboboat01/materials/textures/Boat01_Albedo.png
[26.370s] -- Symlinking: /home/luca002/proj_ws/install/wamv_gazebo/share/wamv_gazebo/models/roboboat01/materials/textures/Boat01_Metallic.png
[26.385s] -- Symlinking: /home/luca002/proj_ws/install/wamv_gazebo/share/wamv_gazebo/models/roboboat01/materials/textures/Boat01_Normal.png
[26.399s] -- Symlinking: /home/luca002/proj_ws/install/wamv_gazebo/share/wamv_gazebo/models/roboboat01/materials/textures/Boat01_Roughness.png
[26.413s] -- Symlinking: /home/luca002/proj_ws/install/wamv_gazebo/share/wamv_gazebo/models/roboboat01/materials/textures/Thruster_Albedo.png
[26.427s] -- Symlinking: /home/luca002/proj_ws/install/wamv_gazebo/share/wamv_gazebo/models/roboboat01/materials/textures/Thruster_Roughness.png
[26.444s] -- Symlinking: /home/luca002/proj_ws/install/wamv_gazebo/share/wamv_gazebo/models/roboboat01/meshes/housing.dae
[26.460s] -- Symlinking: /home/luca002/proj_ws/install/wamv_gazebo/share/wamv_gazebo/models/roboboat01/meshes/mount.dae
[26.476s] -- Symlinking: /home/luca002/proj_ws/install/wamv_gazebo/share/wamv_gazebo/models/roboboat01/meshes/prop.dae
[26.491s] -- Symlinking: /home/luca002/proj_ws/install/wamv_gazebo/share/wamv_gazebo/models/roboboat01/meshes/roboboat01.dae
[26.505s] -- Symlinking: /home/luca002/proj_ws/install/wamv_gazebo/share/wamv_gazebo/models/roboboat01/model.config
[26.520s] -- Symlinking: /home/luca002/proj_ws/install/wamv_gazebo/share/wamv_gazebo/models/roboboat01/model.sdf
[26.535s] -- Symlinking: /home/luca002/proj_ws/install/wamv_gazebo/share/wamv_gazebo/models/roboboat02/materials/scripts/model.material
[26.552s] -- Symlinking: /home/luca002/proj_ws/install/wamv_gazebo/share/wamv_gazebo/models/roboboat02/materials/textures/Boat02_Albedo.png
[26.567s] -- Symlinking: /home/luca002/proj_ws/install/wamv_gazebo/share/wamv_gazebo/models/roboboat02/materials/textures/Boat02_Metallic.png
[26.581s] -- Symlinking: /home/luca002/proj_ws/install/wamv_gazebo/share/wamv_gazebo/models/roboboat02/materials/textures/Boat02_Normal.png
[26.596s] -- Symlinking: /home/luca002/proj_ws/install/wamv_gazebo/share/wamv_gazebo/models/roboboat02/materials/textures/Boat02_Roughness.png
[26.610s] -- Symlinking: /home/luca002/proj_ws/install/wamv_gazebo/share/wamv_gazebo/models/roboboat02/meshes/roboboat02.dae
[26.624s] -- Symlinking: /home/luca002/proj_ws/install/wamv_gazebo/share/wamv_gazebo/models/roboboat02/model.config
[26.639s] -- Symlinking: /home/luca002/proj_ws/install/wamv_gazebo/share/wamv_gazebo/models/roboboat02/model.sdf
[26.656s] -- Symlinking: /home/luca002/proj_ws/install/wamv_gazebo/share/wamv_gazebo/models/roboboat_cpubox/materials/textures/DryBox_Albedo.png
[26.672s] -- Symlinking: /home/luca002/proj_ws/install/wamv_gazebo/share/wamv_gazebo/models/roboboat_cpubox/materials/textures/DryBox_Roughness.png
[26.687s] -- Symlinking: /home/luca002/proj_ws/install/wamv_gazebo/share/wamv_gazebo/models/roboboat_cpubox/meshes/drybox.dae
[26.702s] -- Symlinking: /home/luca002/proj_ws/install/wamv_gazebo/share/wamv_gazebo/models/roboboat_cpubox/model.config
[26.717s] -- Symlinking: /home/luca002/proj_ws/install/wamv_gazebo/share/wamv_gazebo/models/roboboat_cpubox/model.sdf
[26.731s] -- Symlinking: /home/luca002/proj_ws/install/wamv_gazebo/share/wamv_gazebo/models/robotx_light_buoy_bgr/model.config
[26.749s] -- Symlinking: /home/luca002/proj_ws/install/wamv_gazebo/share/wamv_gazebo/models/robotx_light_buoy_bgr/model.sdf
[26.765s] -- Symlinking: /home/luca002/proj_ws/install/wamv_gazebo/share/wamv_gazebo/models/robotx_light_buoy_bgy/model.config
[26.781s] -- Symlinking: /home/luca002/proj_ws/install/wamv_gazebo/share/wamv_gazebo/models/robotx_light_buoy_bgy/model.sdf
[26.795s] -- Symlinking: /home/luca002/proj_ws/install/wamv_gazebo/share/wamv_gazebo/models/robotx_light_buoy_gbr/model.config
[26.809s] -- Symlinking: /home/luca002/proj_ws/install/wamv_gazebo/share/wamv_gazebo/models/robotx_light_buoy_gbr/model.sdf
[26.824s] -- Symlinking: /home/luca002/proj_ws/install/wamv_gazebo/share/wamv_gazebo/models/robotx_light_buoy_rbg/model.config
[26.839s] -- Symlinking: /home/luca002/proj_ws/install/wamv_gazebo/share/wamv_gazebo/models/robotx_light_buoy_rbg/model.sdf
[26.856s] -- Symlinking: /home/luca002/proj_ws/install/wamv_gazebo/share/wamv_gazebo/models/robotx_light_buoy_rgb/mesh/LightTower_Albedo.png
[26.872s] -- Symlinking: /home/luca002/proj_ws/install/wamv_gazebo/share/wamv_gazebo/models/robotx_light_buoy_rgb/mesh/LightTower_Metalness.png
[26.886s] -- Symlinking: /home/luca002/proj_ws/install/wamv_gazebo/share/wamv_gazebo/models/robotx_light_buoy_rgb/mesh/LightTower_Normal.png
[26.901s] -- Symlinking: /home/luca002/proj_ws/install/wamv_gazebo/share/wamv_gazebo/models/robotx_light_buoy_rgb/mesh/LightTower_Opacity.png
[26.915s] -- Symlinking: /home/luca002/proj_ws/install/wamv_gazebo/share/wamv_gazebo/models/robotx_light_buoy_rgb/mesh/LightTower_Roughness.png
[26.938s] -- Symlinking: /home/luca002/proj_ws/install/wamv_gazebo/share/wamv_gazebo/models/robotx_light_buoy_rgb/mesh/robotx_light_buoy.dae
[26.955s] -- Symlinking: /home/luca002/proj_ws/install/wamv_gazebo/share/wamv_gazebo/models/robotx_light_buoy_rgb/model.config
[26.970s] -- Symlinking: /home/luca002/proj_ws/install/wamv_gazebo/share/wamv_gazebo/models/robotx_light_buoy_rgb/model.sdf
[26.986s] -- Symlinking: /home/luca002/proj_ws/install/wamv_gazebo/share/wamv_gazebo/models/robotx_light_buoy_rgy/model.config
[27.001s] -- Symlinking: /home/luca002/proj_ws/install/wamv_gazebo/share/wamv_gazebo/models/robotx_light_buoy_rgy/model.sdf
[27.015s] -- Symlinking: /home/luca002/proj_ws/install/wamv_gazebo/share/wamv_gazebo/models/robotx_light_buoy_ybr/model.config
[27.029s] -- Symlinking: /home/luca002/proj_ws/install/wamv_gazebo/share/wamv_gazebo/models/robotx_light_buoy_ybr/model.sdf
[27.045s] -- Symlinking: /home/luca002/proj_ws/install/wamv_gazebo/share/wamv_gazebo/models/robotx_light_buoy_ygb/model.config
[27.061s] -- Symlinking: /home/luca002/proj_ws/install/wamv_gazebo/share/wamv_gazebo/models/robotx_light_buoy_ygb/model.sdf
[27.077s] -- Symlinking: /home/luca002/proj_ws/install/wamv_gazebo/share/wamv_gazebo/models/robotx_light_buoy_yrg/model.config
[27.092s] -- Symlinking: /home/luca002/proj_ws/install/wamv_gazebo/share/wamv_gazebo/models/robotx_light_buoy_yrg/model.sdf
[27.106s] -- Symlinking: /home/luca002/proj_ws/install/wamv_gazebo/share/wamv_gazebo/models/sensor_post/mesh/sensor_post.dae
[27.120s] -- Symlinking: /home/luca002/proj_ws/install/wamv_gazebo/share/wamv_gazebo/models/sensor_post/mesh/sensor_post.png
[27.134s] -- Symlinking: /home/luca002/proj_ws/install/wamv_gazebo/share/wamv_gazebo/models/sensor_post/mesh/sensor_post_arm.dae
[27.151s] -- Symlinking: /home/luca002/proj_ws/install/wamv_gazebo/share/wamv_gazebo/models/sensor_post/model.config
[27.167s] -- Symlinking: /home/luca002/proj_ws/install/wamv_gazebo/share/wamv_gazebo/models/sensor_post/model.sdf
[27.182s] -- Symlinking: /home/luca002/proj_ws/install/wamv_gazebo/share/wamv_gazebo/models/symbol_triangle/mesh/triangle.dae
[27.197s] -- Symlinking: /home/luca002/proj_ws/install/wamv_gazebo/share/wamv_gazebo/models/symbol_triangle/model.config
[27.211s] -- Symlinking: /home/luca002/proj_ws/install/wamv_gazebo/share/wamv_gazebo/models/symbol_triangle/model.sdf
[27.225s] -- Symlinking: /home/luca002/proj_ws/install/wamv_gazebo/share/wamv_gazebo/models/tripod/model.config
[27.241s] -- Symlinking: /home/luca002/proj_ws/install/wamv_gazebo/share/wamv_gazebo/models/tripod/model.sdf
[27.257s] -- Symlinking: /home/luca002/proj_ws/install/wamv_gazebo/share/wamv_gazebo/models/vessel/materials/textures/Boat01_Albedo.jpg
[27.274s] -- Symlinking: /home/luca002/proj_ws/install/wamv_gazebo/share/wamv_gazebo/models/vessel/materials/textures/Boat01_Normal.jpg
[27.289s] -- Symlinking: /home/luca002/proj_ws/install/wamv_gazebo/share/wamv_gazebo/models/vessel/materials/textures/Boat01_Roughness.jpg
[27.304s] -- Symlinking: /home/luca002/proj_ws/install/wamv_gazebo/share/wamv_gazebo/models/vessel/meshes/Boat01.dae
[27.318s] -- Symlinking: /home/luca002/proj_ws/install/wamv_gazebo/share/wamv_gazebo/models/vessel/model.config
[27.332s] -- Symlinking: /home/luca002/proj_ws/install/wamv_gazebo/share/wamv_gazebo/models/vessel/model.sdf
[27.350s] -- Symlinking: /home/luca002/proj_ws/install/wamv_gazebo/share/wamv_gazebo/models/vessel/thumbnails/1.png
[27.367s] -- Symlinking: /home/luca002/proj_ws/install/wamv_gazebo/share/wamv_gazebo/models/wam-v/meshes/WAM-V-Base.dae
[27.382s] -- Symlinking: /home/luca002/proj_ws/install/wamv_gazebo/share/wamv_gazebo/models/wam-v/meshes/WamV.png
[27.397s] -- Symlinking: /home/luca002/proj_ws/install/wamv_gazebo/share/wamv_gazebo/models/wam-v/meshes/battery.dae
[27.411s] -- Symlinking: /home/luca002/proj_ws/install/wamv_gazebo/share/wamv_gazebo/models/wam-v/meshes/battery.png
[27.425s] -- Symlinking: /home/luca002/proj_ws/install/wamv_gazebo/share/wamv_gazebo/models/wam-v/meshes/battery_Albedo.png
[27.440s] -- Symlinking: /home/luca002/proj_ws/install/wamv_gazebo/share/wamv_gazebo/models/wam-v/meshes/battery_Metalness.png
[27.457s] -- Symlinking: /home/luca002/proj_ws/install/wamv_gazebo/share/wamv_gazebo/models/wam-v/meshes/battery_Normal.png
[27.473s] -- Symlinking: /home/luca002/proj_ws/install/wamv_gazebo/share/wamv_gazebo/models/wam-v/meshes/battery_Roughness.png
[27.488s] -- Symlinking: /home/luca002/proj_ws/install/wamv_gazebo/share/wamv_gazebo/models/wam-v/meshes/cpu_cases.dae
[27.503s] -- Symlinking: /home/luca002/proj_ws/install/wamv_gazebo/share/wamv_gazebo/models/wam-v/meshes/cpu_cases.png
[27.517s] -- Symlinking: /home/luca002/proj_ws/install/wamv_gazebo/share/wamv_gazebo/models/wam-v/meshes/cpu_cases_Albedo.png
[27.531s] -- Symlinking: /home/luca002/proj_ws/install/wamv_gazebo/share/wamv_gazebo/models/wam-v/meshes/cpu_cases_Metalness.png
[27.548s] -- Symlinking: /home/luca002/proj_ws/install/wamv_gazebo/share/wamv_gazebo/models/wam-v/meshes/cpu_cases_Normal.png
[27.565s] -- Symlinking: /home/luca002/proj_ws/install/wamv_gazebo/share/wamv_gazebo/models/wam-v/meshes/cpu_cases_Roughness.png
[27.580s] -- Symlinking: /home/luca002/proj_ws/install/wamv_gazebo/share/wamv_gazebo/models/wam-v/meshes/engine.dae
[27.591s] -- Symlinking: /home/luca002/proj_ws/install/wamv_gazebo/share/wamv_gazebo/models/wam-v/meshes/legs.dae
[27.603s] -- Symlinking: /home/luca002/proj_ws/install/wamv_gazebo/share/wamv_gazebo/models/wam-v/meshes/lidar_3d_v1 copy.png
[27.617s] -- Symlinking: /home/luca002/proj_ws/install/wamv_gazebo/share/wamv_gazebo/models/wam-v/meshes/lidar_3d_v1.dae
[27.631s] -- Symlinking: /home/luca002/proj_ws/install/wamv_gazebo/share/wamv_gazebo/models/wam-v/meshes/lidar_3d_v1.png
[27.649s] -- Symlinking: /home/luca002/proj_ws/install/wamv_gazebo/share/wamv_gazebo/models/wam-v/meshes/propeller.dae
[27.666s] -- Symlinking: /home/luca002/proj_ws/install/wamv_gazebo/share/wamv_gazebo/models/wam-v/meshes/ring.dae
[27.682s] -- Symlinking: /home/luca002/proj_ws/install/wamv_gazebo/share/wamv_gazebo/models/wam-v/model.config
[27.697s] -- Symlinking: /home/luca002/proj_ws/install/wamv_gazebo/share/wamv_gazebo/models/wam-v/model.sdf
[27.712s] -- Symlinking: /home/luca002/proj_ws/install/wamv_gazebo/share/wamv_gazebo/worlds/sydney.sdf
[27.726s] -- Symlinking: /home/luca002/proj_ws/install/wamv_gazebo/share/ament_index/resource_index/package_run_dependencies/wamv_gazebo
[27.743s] -- Symlinking: /home/luca002/proj_ws/install/wamv_gazebo/share/ament_index/resource_index/parent_prefix_path/wamv_gazebo
[27.760s] -- Symlinking: /home/luca002/proj_ws/install/wamv_gazebo/share/wamv_gazebo/environment/ament_prefix_path.sh
[27.776s] -- Symlinking: /home/luca002/proj_ws/install/wamv_gazebo/share/wamv_gazebo/environment/ament_prefix_path.dsv
[27.791s] -- Symlinking: /home/luca002/proj_ws/install/wamv_gazebo/share/wamv_gazebo/environment/path.sh
[27.805s] -- Symlinking: /home/luca002/proj_ws/install/wamv_gazebo/share/wamv_gazebo/environment/path.dsv
[27.819s] -- Symlinking: /home/luca002/proj_ws/install/wamv_gazebo/share/wamv_gazebo/local_setup.bash
[27.834s] -- Symlinking: /home/luca002/proj_ws/install/wamv_gazebo/share/wamv_gazebo/local_setup.sh
[27.851s] -- Symlinking: /home/luca002/proj_ws/install/wamv_gazebo/share/wamv_gazebo/local_setup.zsh
[27.867s] -- Symlinking: /home/luca002/proj_ws/install/wamv_gazebo/share/wamv_gazebo/local_setup.dsv
[27.882s] -- Symlinking: /home/luca002/proj_ws/install/wamv_gazebo/share/wamv_gazebo/package.dsv
[27.897s] -- Symlinking: /home/luca002/proj_ws/install/wamv_gazebo/share/ament_index/resource_index/packages/wamv_gazebo
[27.912s] -- Symlinking: /home/luca002/proj_ws/install/wamv_gazebo/share/wamv_gazebo/cmake/wamv_gazeboConfig.cmake
[27.926s] -- Symlinking: /home/luca002/proj_ws/install/wamv_gazebo/share/wamv_gazebo/cmake/wamv_gazeboConfig-version.cmake
[27.941s] -- Symlinking: /home/luca002/proj_ws/install/wamv_gazebo/share/wamv_gazebo/package.xml
[28.024s] Listing '/home/luca002/proj_ws/install/wamv_gazebo/lib/python3.12/site-packages/wamv_gazebo'...
[28.025s] Compiling '/home/luca002/proj_ws/install/wamv_gazebo/lib/python3.12/site-packages/wamv_gazebo/__init__.py'...
[28.025s] Compiling '/home/luca002/proj_ws/install/wamv_gazebo/lib/python3.12/site-packages/wamv_gazebo/bridge.py'...
[28.025s] Compiling '/home/luca002/proj_ws/install/wamv_gazebo/lib/python3.12/site-packages/wamv_gazebo/bridges.py'...
[28.025s] Compiling '/home/luca002/proj_ws/install/wamv_gazebo/lib/python3.12/site-packages/wamv_gazebo/launch.py'...
[28.025s] Compiling '/home/luca002/proj_ws/install/wamv_gazebo/lib/python3.12/site-packages/wamv_gazebo/model.py'...
[28.025s] Compiling '/home/luca002/proj_ws/install/wamv_gazebo/lib/python3.12/site-packages/wamv_gazebo/monitor_sim.py'...
[28.025s] Compiling '/home/luca002/proj_ws/install/wamv_gazebo/lib/python3.12/site-packages/wamv_gazebo/payload_bridges.py'...
[28.032s] Invoked command in '/home/luca002/proj_ws/build/wamv_gazebo' returned '0': CMAKE_PREFIX_PATH=${CMAKE_PREFIX_PATH}:/opt/ros/jazzy DEBUGINFOD_URLS=https://debuginfod.ubuntu.com /usr/bin/cmake --install /home/luca002/proj_ws/build/wamv_gazebo
