[0.007s] Invoking command in '/home/luca002/proj_ws/build/wamv_description': AMENT_PREFIX_PATH=/home/luca002/proj_ws/install:${AMENT_PREFIX_PATH} CMAKE_PREFIX_PATH=/home/luca002/proj_ws/install:/home/luca002/proj_ws/install/vrx_gz:/home/luca002/proj_ws/install/wamv_gazebo:/home/luca002/proj_ws/install/wamv_description:/home/luca002/proj_ws/install/vrx_ros:/home/luca002/proj_ws/install/vrx_gazebo:/home/luca002/proj_ws/install/pose_to_tf:/home/luca002/proj_ws/install/bluerov2_description:/home/luca002/proj_ws/install/bluerov2_control:/home/luca002/ex_ws/install/dave_worlds:/home/luca002/ex_ws/install/dave_sensor_models:/home/luca002/ex_ws/install/dave_gz_model_plugins:/home/luca002/ex_ws/install/dave_ros_gz_plugins:/home/luca002/ex_ws/install/dave_robot_models:/home/luca002/ex_ws/install/dave_object_models:/home/luca002/ex_ws/install/dave_gz_world_plugins:/home/luca002/ex_ws/install/dave_gz_sensor_plugins:/home/luca002/ex_ws/install/dave_interfaces:/home/luca002/ex_ws/install/dave_demos:/home/luca002/ex_ws/install/dave:/opt/ros/jazzy/opt/gz_sim_vendor:/opt/ros/jazzy/opt/gz_sensors_vendor:/opt/ros/jazzy/opt/gz_physics_vendor:/opt/ros/jazzy/opt/sdformat_vendor:/opt/ros/jazzy/opt/gz_gui_vendor:/opt/ros/jazzy/opt/gz_transport_vendor:/opt/ros/jazzy/opt/gz_rendering_vendor:/opt/ros/jazzy/opt/gz_plugin_vendor:/opt/ros/jazzy/opt/gz_fuel_tools_vendor:/opt/ros/jazzy/opt/gz_msgs_vendor:/opt/ros/jazzy/opt/gz_common_vendor:/opt/ros/jazzy/opt/gz_math_vendor:/opt/ros/jazzy/opt/gz_utils_vendor:/opt/ros/jazzy/opt/gz_tools_vendor:/opt/ros/jazzy/opt/gz_ogre_next_vendor:/opt/ros/jazzy/opt/gz_dartsim_vendor:/opt/ros/jazzy/opt/gz_cmake_vendor:/opt/ros/jazzy DEBUGINFOD_URLS=https://debuginfod.ubuntu.com GZ_SIM_RESOURCE_PATH=/home/luca002/proj_ws/install/share/vrx_gazebo/models:/home/luca002/proj_ws/install/share:${GZ_SIM_RESOURCE_PATH} PYTHONPATH=/home/luca002/proj_ws/install/lib/python3.12/site-packages:${PYTHONPATH} /usr/bin/cmake /home/luca002/proj_ws/src/vrx/vrx_urdf/wamv_description -DCMAKE_INSTALL_PREFIX=/home/luca002/proj_ws/install
[0.049s] -- The C compiler identification is GNU 13.3.0
[0.095s] -- The CXX compiler identification is GNU 13.3.0
[0.108s] -- Detecting C compiler ABI info
[0.180s] -- Detecting C compiler ABI info - done
[0.187s] -- Check for working C compiler: /usr/bin/cc - skipped
[0.187s] -- Detecting C compile features
[0.188s] -- Detecting C compile features - done
[0.196s] -- Detecting CXX compiler ABI info
[0.284s] -- Detecting CXX compiler ABI info - done
[0.292s] -- Check for working CXX compiler: /usr/bin/c++ - skipped
[0.292s] -- Detecting CXX compile features
[0.292s] -- Detecting CXX compile features - done
[0.296s] -- Found ament_cmake: 2.5.4 (/opt/ros/jazzy/share/ament_cmake/cmake)
[0.441s] -- Found Python3: /usr/bin/python3 (found version "3.12.3") found components: Interpreter 
[0.552s] -- Found xacro: 2.0.13 (/opt/ros/jazzy/share/xacro/cmake)
[0.553s] -- xacro: determining deps for: urdf/wamv_base.urdf.xacro ...
[0.735s] -- Configuring done (0.7s)
[0.737s] -- Generating done (0.0s)
[0.738s] -- Build files have been written to: /home/luca002/proj_ws/build/wamv_description
[0.743s] Invoked command in '/home/luca002/proj_ws/build/wamv_description' returned '0': AMENT_PREFIX_PATH=/home/luca002/proj_ws/install:${AMENT_PREFIX_PATH} CMAKE_PREFIX_PATH=/home/luca002/proj_ws/install:/home/luca002/proj_ws/install/vrx_gz:/home/luca002/proj_ws/install/wamv_gazebo:/home/luca002/proj_ws/install/wamv_description:/home/luca002/proj_ws/install/vrx_ros:/home/luca002/proj_ws/install/vrx_gazebo:/home/luca002/proj_ws/install/pose_to_tf:/home/luca002/proj_ws/install/bluerov2_description:/home/luca002/proj_ws/install/bluerov2_control:/home/luca002/ex_ws/install/dave_worlds:/home/luca002/ex_ws/install/dave_sensor_models:/home/luca002/ex_ws/install/dave_gz_model_plugins:/home/luca002/ex_ws/install/dave_ros_gz_plugins:/home/luca002/ex_ws/install/dave_robot_models:/home/luca002/ex_ws/install/dave_object_models:/home/luca002/ex_ws/install/dave_gz_world_plugins:/home/luca002/ex_ws/install/dave_gz_sensor_plugins:/home/luca002/ex_ws/install/dave_interfaces:/home/luca002/ex_ws/install/dave_demos:/home/luca002/ex_ws/install/dave:/opt/ros/jazzy/opt/gz_sim_vendor:/opt/ros/jazzy/opt/gz_sensors_vendor:/opt/ros/jazzy/opt/gz_physics_vendor:/opt/ros/jazzy/opt/sdformat_vendor:/opt/ros/jazzy/opt/gz_gui_vendor:/opt/ros/jazzy/opt/gz_transport_vendor:/opt/ros/jazzy/opt/gz_rendering_vendor:/opt/ros/jazzy/opt/gz_plugin_vendor:/opt/ros/jazzy/opt/gz_fuel_tools_vendor:/opt/ros/jazzy/opt/gz_msgs_vendor:/opt/ros/jazzy/opt/gz_common_vendor:/opt/ros/jazzy/opt/gz_math_vendor:/opt/ros/jazzy/opt/gz_utils_vendor:/opt/ros/jazzy/opt/gz_tools_vendor:/opt/ros/jazzy/opt/gz_ogre_next_vendor:/opt/ros/jazzy/opt/gz_dartsim_vendor:/opt/ros/jazzy/opt/gz_cmake_vendor:/opt/ros/jazzy DEBUGINFOD_URLS=https://debuginfod.ubuntu.com GZ_SIM_RESOURCE_PATH=/home/luca002/proj_ws/install/share/vrx_gazebo/models:/home/luca002/proj_ws/install/share:${GZ_SIM_RESOURCE_PATH} PYTHONPATH=/home/luca002/proj_ws/install/lib/python3.12/site-packages:${PYTHONPATH} /usr/bin/cmake /home/luca002/proj_ws/src/vrx/vrx_urdf/wamv_description -DCMAKE_INSTALL_PREFIX=/home/luca002/proj_ws/install
[0.743s] Invoking command in '/home/luca002/proj_ws/build/wamv_description': AMENT_PREFIX_PATH=/home/luca002/proj_ws/install:${AMENT_PREFIX_PATH} CMAKE_PREFIX_PATH=/home/luca002/proj_ws/install:/home/luca002/proj_ws/install/vrx_gz:/home/luca002/proj_ws/install/wamv_gazebo:/home/luca002/proj_ws/install/wamv_description:/home/luca002/proj_ws/install/vrx_ros:/home/luca002/proj_ws/install/vrx_gazebo:/home/luca002/proj_ws/install/pose_to_tf:/home/luca002/proj_ws/install/bluerov2_description:/home/luca002/proj_ws/install/bluerov2_control:/home/luca002/ex_ws/install/dave_worlds:/home/luca002/ex_ws/install/dave_sensor_models:/home/luca002/ex_ws/install/dave_gz_model_plugins:/home/luca002/ex_ws/install/dave_ros_gz_plugins:/home/luca002/ex_ws/install/dave_robot_models:/home/luca002/ex_ws/install/dave_object_models:/home/luca002/ex_ws/install/dave_gz_world_plugins:/home/luca002/ex_ws/install/dave_gz_sensor_plugins:/home/luca002/ex_ws/install/dave_interfaces:/home/luca002/ex_ws/install/dave_demos:/home/luca002/ex_ws/install/dave:/opt/ros/jazzy/opt/gz_sim_vendor:/opt/ros/jazzy/opt/gz_sensors_vendor:/opt/ros/jazzy/opt/gz_physics_vendor:/opt/ros/jazzy/opt/sdformat_vendor:/opt/ros/jazzy/opt/gz_gui_vendor:/opt/ros/jazzy/opt/gz_transport_vendor:/opt/ros/jazzy/opt/gz_rendering_vendor:/opt/ros/jazzy/opt/gz_plugin_vendor:/opt/ros/jazzy/opt/gz_fuel_tools_vendor:/opt/ros/jazzy/opt/gz_msgs_vendor:/opt/ros/jazzy/opt/gz_common_vendor:/opt/ros/jazzy/opt/gz_math_vendor:/opt/ros/jazzy/opt/gz_utils_vendor:/opt/ros/jazzy/opt/gz_tools_vendor:/opt/ros/jazzy/opt/gz_ogre_next_vendor:/opt/ros/jazzy/opt/gz_dartsim_vendor:/opt/ros/jazzy/opt/gz_cmake_vendor:/opt/ros/jazzy DEBUGINFOD_URLS=https://debuginfod.ubuntu.com GZ_SIM_RESOURCE_PATH=/home/luca002/proj_ws/install/share/vrx_gazebo/models:/home/luca002/proj_ws/install/share:${GZ_SIM_RESOURCE_PATH} PYTHONPATH=/home/luca002/proj_ws/install/lib/python3.12/site-packages:${PYTHONPATH} /usr/bin/cmake --build /home/luca002/proj_ws/build/wamv_description -- -j16 -l16
[0.783s] [100%] [34m[1mxacro: generating urdf/wamv_base.urdf from urdf/wamv_base.urdf.xacro[0m
[0.880s] [100%] Built target wamv_description__xacro_auto_generate
[0.890s] Invoked command in '/home/luca002/proj_ws/build/wamv_description' returned '0': AMENT_PREFIX_PATH=/home/luca002/proj_ws/install:${AMENT_PREFIX_PATH} CMAKE_PREFIX_PATH=/home/luca002/proj_ws/install:/home/luca002/proj_ws/install/vrx_gz:/home/luca002/proj_ws/install/wamv_gazebo:/home/luca002/proj_ws/install/wamv_description:/home/luca002/proj_ws/install/vrx_ros:/home/luca002/proj_ws/install/vrx_gazebo:/home/luca002/proj_ws/install/pose_to_tf:/home/luca002/proj_ws/install/bluerov2_description:/home/luca002/proj_ws/install/bluerov2_control:/home/luca002/ex_ws/install/dave_worlds:/home/luca002/ex_ws/install/dave_sensor_models:/home/luca002/ex_ws/install/dave_gz_model_plugins:/home/luca002/ex_ws/install/dave_ros_gz_plugins:/home/luca002/ex_ws/install/dave_robot_models:/home/luca002/ex_ws/install/dave_object_models:/home/luca002/ex_ws/install/dave_gz_world_plugins:/home/luca002/ex_ws/install/dave_gz_sensor_plugins:/home/luca002/ex_ws/install/dave_interfaces:/home/luca002/ex_ws/install/dave_demos:/home/luca002/ex_ws/install/dave:/opt/ros/jazzy/opt/gz_sim_vendor:/opt/ros/jazzy/opt/gz_sensors_vendor:/opt/ros/jazzy/opt/gz_physics_vendor:/opt/ros/jazzy/opt/sdformat_vendor:/opt/ros/jazzy/opt/gz_gui_vendor:/opt/ros/jazzy/opt/gz_transport_vendor:/opt/ros/jazzy/opt/gz_rendering_vendor:/opt/ros/jazzy/opt/gz_plugin_vendor:/opt/ros/jazzy/opt/gz_fuel_tools_vendor:/opt/ros/jazzy/opt/gz_msgs_vendor:/opt/ros/jazzy/opt/gz_common_vendor:/opt/ros/jazzy/opt/gz_math_vendor:/opt/ros/jazzy/opt/gz_utils_vendor:/opt/ros/jazzy/opt/gz_tools_vendor:/opt/ros/jazzy/opt/gz_ogre_next_vendor:/opt/ros/jazzy/opt/gz_dartsim_vendor:/opt/ros/jazzy/opt/gz_cmake_vendor:/opt/ros/jazzy DEBUGINFOD_URLS=https://debuginfod.ubuntu.com GZ_SIM_RESOURCE_PATH=/home/luca002/proj_ws/install/share/vrx_gazebo/models:/home/luca002/proj_ws/install/share:${GZ_SIM_RESOURCE_PATH} PYTHONPATH=/home/luca002/proj_ws/install/lib/python3.12/site-packages:${PYTHONPATH} /usr/bin/cmake --build /home/luca002/proj_ws/build/wamv_description -- -j16 -l16
[0.891s] Invoking command in '/home/luca002/proj_ws/build/wamv_description': AMENT_PREFIX_PATH=/home/luca002/proj_ws/install:${AMENT_PREFIX_PATH} CMAKE_PREFIX_PATH=/home/luca002/proj_ws/install:/home/luca002/proj_ws/install/vrx_gz:/home/luca002/proj_ws/install/wamv_gazebo:/home/luca002/proj_ws/install/wamv_description:/home/luca002/proj_ws/install/vrx_ros:/home/luca002/proj_ws/install/vrx_gazebo:/home/luca002/proj_ws/install/pose_to_tf:/home/luca002/proj_ws/install/bluerov2_description:/home/luca002/proj_ws/install/bluerov2_control:/home/luca002/ex_ws/install/dave_worlds:/home/luca002/ex_ws/install/dave_sensor_models:/home/luca002/ex_ws/install/dave_gz_model_plugins:/home/luca002/ex_ws/install/dave_ros_gz_plugins:/home/luca002/ex_ws/install/dave_robot_models:/home/luca002/ex_ws/install/dave_object_models:/home/luca002/ex_ws/install/dave_gz_world_plugins:/home/luca002/ex_ws/install/dave_gz_sensor_plugins:/home/luca002/ex_ws/install/dave_interfaces:/home/luca002/ex_ws/install/dave_demos:/home/luca002/ex_ws/install/dave:/opt/ros/jazzy/opt/gz_sim_vendor:/opt/ros/jazzy/opt/gz_sensors_vendor:/opt/ros/jazzy/opt/gz_physics_vendor:/opt/ros/jazzy/opt/sdformat_vendor:/opt/ros/jazzy/opt/gz_gui_vendor:/opt/ros/jazzy/opt/gz_transport_vendor:/opt/ros/jazzy/opt/gz_rendering_vendor:/opt/ros/jazzy/opt/gz_plugin_vendor:/opt/ros/jazzy/opt/gz_fuel_tools_vendor:/opt/ros/jazzy/opt/gz_msgs_vendor:/opt/ros/jazzy/opt/gz_common_vendor:/opt/ros/jazzy/opt/gz_math_vendor:/opt/ros/jazzy/opt/gz_utils_vendor:/opt/ros/jazzy/opt/gz_tools_vendor:/opt/ros/jazzy/opt/gz_ogre_next_vendor:/opt/ros/jazzy/opt/gz_dartsim_vendor:/opt/ros/jazzy/opt/gz_cmake_vendor:/opt/ros/jazzy DEBUGINFOD_URLS=https://debuginfod.ubuntu.com GZ_SIM_RESOURCE_PATH=/home/luca002/proj_ws/install/share/vrx_gazebo/models:/home/luca002/proj_ws/install/share:${GZ_SIM_RESOURCE_PATH} PYTHONPATH=/home/luca002/proj_ws/install/lib/python3.12/site-packages:${PYTHONPATH} /usr/bin/cmake --install /home/luca002/proj_ws/build/wamv_description
[0.898s] -- Install configuration: ""
[0.898s] -- Installing: /home/luca002/proj_ws/install/share/wamv_description/environment/resource_paths.dsv
[0.898s] -- Installing: /home/luca002/proj_ws/install/share/wamv_description/environment/resource_paths.sh
[0.898s] -- Installing: /home/luca002/proj_ws/install/share/wamv_description/urdf/wamv_base.urdf
[0.898s] -- Installing: /home/luca002/proj_ws/install/share/wamv_description/models
[0.898s] -- Installing: /home/luca002/proj_ws/install/share/wamv_description/models/WAM-V-Base
[0.898s] -- Installing: /home/luca002/proj_ws/install/share/wamv_description/models/WAM-V-Base/mesh
[0.898s] -- Installing: /home/luca002/proj_ws/install/share/wamv_description/models/WAM-V-Base/mesh/WAM-V-Base.dae
[0.899s] -- Installing: /home/luca002/proj_ws/install/share/wamv_description/models/WAM-V-Base/mesh/WAM-V_Albedo.png
[0.902s] -- Installing: /home/luca002/proj_ws/install/share/wamv_description/models/WAM-V-Base/mesh/WAM-V_Metalness.png
[0.902s] -- Installing: /home/luca002/proj_ws/install/share/wamv_description/models/WAM-V-Base/mesh/WAM-V_Normal.png
[0.904s] -- Installing: /home/luca002/proj_ws/install/share/wamv_description/models/WAM-V-Base/mesh/WAM-V_Roughness.png
[0.906s] -- Installing: /home/luca002/proj_ws/install/share/wamv_description/models/WAM-V-Base/mesh/WamV.png
[0.907s] -- Installing: /home/luca002/proj_ws/install/share/wamv_description/models/WAM-V-Base/model.config
[0.907s] -- Installing: /home/luca002/proj_ws/install/share/wamv_description/models/engine
[0.907s] -- Installing: /home/luca002/proj_ws/install/share/wamv_description/models/engine/mesh
[0.907s] -- Installing: /home/luca002/proj_ws/install/share/wamv_description/models/engine/mesh/engine.dae
[0.907s] -- Installing: /home/luca002/proj_ws/install/share/wamv_description/models/engine/model.config
[0.907s] -- Installing: /home/luca002/proj_ws/install/share/wamv_description/models/propeller
[0.907s] -- Installing: /home/luca002/proj_ws/install/share/wamv_description/models/propeller/mesh
[0.907s] -- Installing: /home/luca002/proj_ws/install/share/wamv_description/models/propeller/mesh/propeller.dae
[0.907s] -- Installing: /home/luca002/proj_ws/install/share/wamv_description/models/propeller/model.config
[0.908s] -- Up-to-date: /home/luca002/proj_ws/install/share/wamv_description/urdf
[0.908s] -- Installing: /home/luca002/proj_ws/install/share/wamv_description/urdf/cpu_cases.xacro
[0.908s] -- Installing: /home/luca002/proj_ws/install/share/wamv_description/urdf/thrusters
[0.908s] -- Installing: /home/luca002/proj_ws/install/share/wamv_description/urdf/thrusters/engine.xacro
[0.908s] -- Installing: /home/luca002/proj_ws/install/share/wamv_description/urdf/wamv_base.urdf.xacro
[0.908s] -- Installing: /home/luca002/proj_ws/install/share/wamv_description/urdf/battery.xacro
[0.908s] -- Installing: /home/luca002/proj_ws/install/share/ament_index/resource_index/package_run_dependencies/wamv_description
[0.908s] -- Installing: /home/luca002/proj_ws/install/share/ament_index/resource_index/parent_prefix_path/wamv_description
[0.908s] -- Installing: /home/luca002/proj_ws/install/share/wamv_description/environment/ament_prefix_path.sh
[0.908s] -- Installing: /home/luca002/proj_ws/install/share/wamv_description/environment/ament_prefix_path.dsv
[0.908s] -- Installing: /home/luca002/proj_ws/install/share/wamv_description/environment/path.sh
[0.908s] -- Installing: /home/luca002/proj_ws/install/share/wamv_description/environment/path.dsv
[0.908s] -- Installing: /home/luca002/proj_ws/install/share/wamv_description/local_setup.bash
[0.908s] -- Installing: /home/luca002/proj_ws/install/share/wamv_description/local_setup.sh
[0.908s] -- Installing: /home/luca002/proj_ws/install/share/wamv_description/local_setup.zsh
[0.908s] -- Installing: /home/luca002/proj_ws/install/share/wamv_description/local_setup.dsv
[0.909s] -- Installing: /home/luca002/proj_ws/install/share/wamv_description/package.dsv
[0.909s] -- Installing: /home/luca002/proj_ws/install/share/ament_index/resource_index/packages/wamv_description
[0.909s] -- Installing: /home/luca002/proj_ws/install/share/wamv_description/cmake/wamv_descriptionConfig.cmake
[0.909s] -- Installing: /home/luca002/proj_ws/install/share/wamv_description/cmake/wamv_descriptionConfig-version.cmake
[0.909s] -- Installing: /home/luca002/proj_ws/install/share/wamv_description/package.xml
[0.911s] Invoked command in '/home/luca002/proj_ws/build/wamv_description' returned '0': AMENT_PREFIX_PATH=/home/luca002/proj_ws/install:${AMENT_PREFIX_PATH} CMAKE_PREFIX_PATH=/home/luca002/proj_ws/install:/home/luca002/proj_ws/install/vrx_gz:/home/luca002/proj_ws/install/wamv_gazebo:/home/luca002/proj_ws/install/wamv_description:/home/luca002/proj_ws/install/vrx_ros:/home/luca002/proj_ws/install/vrx_gazebo:/home/luca002/proj_ws/install/pose_to_tf:/home/luca002/proj_ws/install/bluerov2_description:/home/luca002/proj_ws/install/bluerov2_control:/home/luca002/ex_ws/install/dave_worlds:/home/luca002/ex_ws/install/dave_sensor_models:/home/luca002/ex_ws/install/dave_gz_model_plugins:/home/luca002/ex_ws/install/dave_ros_gz_plugins:/home/luca002/ex_ws/install/dave_robot_models:/home/luca002/ex_ws/install/dave_object_models:/home/luca002/ex_ws/install/dave_gz_world_plugins:/home/luca002/ex_ws/install/dave_gz_sensor_plugins:/home/luca002/ex_ws/install/dave_interfaces:/home/luca002/ex_ws/install/dave_demos:/home/luca002/ex_ws/install/dave:/opt/ros/jazzy/opt/gz_sim_vendor:/opt/ros/jazzy/opt/gz_sensors_vendor:/opt/ros/jazzy/opt/gz_physics_vendor:/opt/ros/jazzy/opt/sdformat_vendor:/opt/ros/jazzy/opt/gz_gui_vendor:/opt/ros/jazzy/opt/gz_transport_vendor:/opt/ros/jazzy/opt/gz_rendering_vendor:/opt/ros/jazzy/opt/gz_plugin_vendor:/opt/ros/jazzy/opt/gz_fuel_tools_vendor:/opt/ros/jazzy/opt/gz_msgs_vendor:/opt/ros/jazzy/opt/gz_common_vendor:/opt/ros/jazzy/opt/gz_math_vendor:/opt/ros/jazzy/opt/gz_utils_vendor:/opt/ros/jazzy/opt/gz_tools_vendor:/opt/ros/jazzy/opt/gz_ogre_next_vendor:/opt/ros/jazzy/opt/gz_dartsim_vendor:/opt/ros/jazzy/opt/gz_cmake_vendor:/opt/ros/jazzy DEBUGINFOD_URLS=https://debuginfod.ubuntu.com GZ_SIM_RESOURCE_PATH=/home/luca002/proj_ws/install/share/vrx_gazebo/models:/home/luca002/proj_ws/install/share:${GZ_SIM_RESOURCE_PATH} PYTHONPATH=/home/luca002/proj_ws/install/lib/python3.12/site-packages:${PYTHONPATH} /usr/bin/cmake --install /home/luca002/proj_ws/build/wamv_description
