[0.117s] DEBUG:colcon:Command line arguments: ['/usr/bin/colcon', 'build', '--symlink-install']
[0.117s] DEBUG:colcon:Parsed command line arguments: Namespace(log_base=None, log_level=None, verb_name='build', build_base='build', install_base='install', merge_install=False, symlink_install=True, test_result_base=None, continue_on_error=False, executor='parallel', parallel_workers=16, event_handlers=None, ignore_user_meta=False, metas=['./colcon.meta'], base_paths=['.'], packages_ignore=None, packages_ignore_regex=None, paths=None, packages_up_to=None, packages_up_to_regex=None, packages_above=None, packages_above_and_dependencies=None, packages_above_depth=None, packages_select_by_dep=None, packages_skip_by_dep=None, packages_skip_up_to=None, packages_select_build_failed=False, packages_skip_build_finished=False, packages_select_test_failures=False, packages_skip_test_passed=False, packages_select=None, packages_skip=None, packages_select_regex=None, packages_skip_regex=None, packages_start=None, packages_end=None, allow_overriding=[], cmake_args=None, cmake_target=None, cmake_target_skip_unavailable=False, cmake_clean_cache=False, cmake_clean_first=False, cmake_force_configure=False, ament_cmake_args=None, catkin_cmake_args=None, catkin_skip_building_tests=False, mixin_files=None, mixin=None, verb_parser=<colcon_mixin.mixin.mixin_argument.MixinArgumentDecorator object at 0x74ca7a69e5a0>, verb_extension=<colcon_core.verb.build.BuildVerb object at 0x74ca7b5bfaa0>, main=<bound method BuildVerb.main of <colcon_core.verb.build.BuildVerb object at 0x74ca7b5bfaa0>>, mixin_verb=('build',))
[0.156s] Level 1:colcon.colcon_core.package_discovery:discover_packages(colcon_meta) check parameters
[0.156s] Level 1:colcon.colcon_core.package_discovery:discover_packages(recursive) check parameters
[0.156s] Level 1:colcon.colcon_core.package_discovery:discover_packages(ignore) check parameters
[0.156s] Level 1:colcon.colcon_core.package_discovery:discover_packages(path) check parameters
[0.156s] Level 1:colcon.colcon_core.package_discovery:discover_packages(colcon_meta) discover
[0.156s] Level 1:colcon.colcon_core.package_discovery:discover_packages(recursive) discover
[0.156s] INFO:colcon.colcon_core.package_discovery:Crawling recursively for packages in '/home/luca002/proj_ws'
[0.156s] Level 1:colcon.colcon_core.package_identification:_identify(.) by extensions ['ignore', 'ignore_ament_install']
[0.156s] Level 1:colcon.colcon_core.package_identification:_identify(.) by extension 'ignore'
[0.156s] Level 1:colcon.colcon_core.package_identification:_identify(.) by extension 'ignore_ament_install'
[0.156s] Level 1:colcon.colcon_core.package_identification:_identify(.) by extensions ['colcon_pkg']
[0.156s] Level 1:colcon.colcon_core.package_identification:_identify(.) by extension 'colcon_pkg'
[0.156s] Level 1:colcon.colcon_core.package_identification:_identify(.) by extensions ['colcon_meta']
[0.157s] Level 1:colcon.colcon_core.package_identification:_identify(.) by extension 'colcon_meta'
[0.157s] Level 1:colcon.colcon_core.package_identification:_identify(.) by extensions ['ros']
[0.157s] Level 1:colcon.colcon_core.package_identification:_identify(.) by extension 'ros'
[0.182s] Level 1:colcon.colcon_core.package_identification:_identify(.) by extensions ['cmake', 'python']
[0.183s] Level 1:colcon.colcon_core.package_identification:_identify(.) by extension 'cmake'
[0.183s] Level 1:colcon.colcon_core.package_identification:_identify(.) by extension 'python'
[0.183s] Level 1:colcon.colcon_core.package_identification:_identify(.) by extensions ['python_setup_py']
[0.183s] Level 1:colcon.colcon_core.package_identification:_identify(.) by extension 'python_setup_py'
[0.183s] Level 1:colcon.colcon_core.package_identification:_identify(build) by extensions ['ignore', 'ignore_ament_install']
[0.183s] Level 1:colcon.colcon_core.package_identification:_identify(build) by extension 'ignore'
[0.183s] Level 1:colcon.colcon_core.package_identification:_identify(build) ignored
[0.183s] Level 1:colcon.colcon_core.package_identification:_identify(install) by extensions ['ignore', 'ignore_ament_install']
[0.183s] Level 1:colcon.colcon_core.package_identification:_identify(install) by extension 'ignore'
[0.183s] Level 1:colcon.colcon_core.package_identification:_identify(install) ignored
[0.183s] Level 1:colcon.colcon_core.package_identification:_identify(log) by extensions ['ignore', 'ignore_ament_install']
[0.183s] Level 1:colcon.colcon_core.package_identification:_identify(log) by extension 'ignore'
[0.183s] Level 1:colcon.colcon_core.package_identification:_identify(log) ignored
[0.183s] Level 1:colcon.colcon_core.package_identification:_identify(src) by extensions ['ignore', 'ignore_ament_install']
[0.183s] Level 1:colcon.colcon_core.package_identification:_identify(src) by extension 'ignore'
[0.184s] Level 1:colcon.colcon_core.package_identification:_identify(src) by extension 'ignore_ament_install'
[0.184s] Level 1:colcon.colcon_core.package_identification:_identify(src) by extensions ['colcon_pkg']
[0.184s] Level 1:colcon.colcon_core.package_identification:_identify(src) by extension 'colcon_pkg'
[0.184s] Level 1:colcon.colcon_core.package_identification:_identify(src) by extensions ['colcon_meta']
[0.184s] Level 1:colcon.colcon_core.package_identification:_identify(src) by extension 'colcon_meta'
[0.184s] Level 1:colcon.colcon_core.package_identification:_identify(src) by extensions ['ros']
[0.184s] Level 1:colcon.colcon_core.package_identification:_identify(src) by extension 'ros'
[0.184s] Level 1:colcon.colcon_core.package_identification:_identify(src) by extensions ['cmake', 'python']
[0.184s] Level 1:colcon.colcon_core.package_identification:_identify(src) by extension 'cmake'
[0.184s] Level 1:colcon.colcon_core.package_identification:_identify(src) by extension 'python'
[0.184s] Level 1:colcon.colcon_core.package_identification:_identify(src) by extensions ['python_setup_py']
[0.184s] Level 1:colcon.colcon_core.package_identification:_identify(src) by extension 'python_setup_py'
[0.184s] Level 1:colcon.colcon_core.package_identification:_identify(src/python_node) by extensions ['ignore', 'ignore_ament_install']
[0.184s] Level 1:colcon.colcon_core.package_identification:_identify(src/python_node) by extension 'ignore'
[0.184s] Level 1:colcon.colcon_core.package_identification:_identify(src/python_node) by extension 'ignore_ament_install'
[0.184s] Level 1:colcon.colcon_core.package_identification:_identify(src/python_node) by extensions ['colcon_pkg']
[0.184s] Level 1:colcon.colcon_core.package_identification:_identify(src/python_node) by extension 'colcon_pkg'
[0.184s] Level 1:colcon.colcon_core.package_identification:_identify(src/python_node) by extensions ['colcon_meta']
[0.184s] Level 1:colcon.colcon_core.package_identification:_identify(src/python_node) by extension 'colcon_meta'
[0.184s] Level 1:colcon.colcon_core.package_identification:_identify(src/python_node) by extensions ['ros']
[0.184s] Level 1:colcon.colcon_core.package_identification:_identify(src/python_node) by extension 'ros'
[0.187s] DEBUG:colcon.colcon_core.package_identification:Package 'src/python_node' with type 'ros.ament_python' and name 'python_node'
[0.187s] Level 1:colcon.colcon_core.package_identification:_identify(src/wamv_gazebo) by extensions ['ignore', 'ignore_ament_install']
[0.187s] Level 1:colcon.colcon_core.package_identification:_identify(src/wamv_gazebo) by extension 'ignore'
[0.187s] Level 1:colcon.colcon_core.package_identification:_identify(src/wamv_gazebo) by extension 'ignore_ament_install'
[0.187s] Level 1:colcon.colcon_core.package_identification:_identify(src/wamv_gazebo) by extensions ['colcon_pkg']
[0.187s] Level 1:colcon.colcon_core.package_identification:_identify(src/wamv_gazebo) by extension 'colcon_pkg'
[0.187s] Level 1:colcon.colcon_core.package_identification:_identify(src/wamv_gazebo) by extensions ['colcon_meta']
[0.187s] Level 1:colcon.colcon_core.package_identification:_identify(src/wamv_gazebo) by extension 'colcon_meta'
[0.187s] Level 1:colcon.colcon_core.package_identification:_identify(src/wamv_gazebo) by extensions ['ros']
[0.187s] Level 1:colcon.colcon_core.package_identification:_identify(src/wamv_gazebo) by extension 'ros'
[0.188s] DEBUG:colcon.colcon_core.package_identification:Package 'src/wamv_gazebo' with type 'ros.ament_cmake' and name 'wamv_gazebo'
[0.188s] Level 1:colcon.colcon_core.package_identification:_identify(src/wamv_navigation) by extensions ['ignore', 'ignore_ament_install']
[0.188s] Level 1:colcon.colcon_core.package_identification:_identify(src/wamv_navigation) by extension 'ignore'
[0.188s] Level 1:colcon.colcon_core.package_identification:_identify(src/wamv_navigation) by extension 'ignore_ament_install'
[0.188s] Level 1:colcon.colcon_core.package_identification:_identify(src/wamv_navigation) by extensions ['colcon_pkg']
[0.188s] Level 1:colcon.colcon_core.package_identification:_identify(src/wamv_navigation) by extension 'colcon_pkg'
[0.188s] Level 1:colcon.colcon_core.package_identification:_identify(src/wamv_navigation) by extensions ['colcon_meta']
[0.188s] Level 1:colcon.colcon_core.package_identification:_identify(src/wamv_navigation) by extension 'colcon_meta'
[0.188s] Level 1:colcon.colcon_core.package_identification:_identify(src/wamv_navigation) by extensions ['ros']
[0.188s] Level 1:colcon.colcon_core.package_identification:_identify(src/wamv_navigation) by extension 'ros'
[0.189s] DEBUG:colcon.colcon_core.package_identification:Package 'src/wamv_navigation' with type 'ros.ament_cmake' and name 'wamv_navigation'
[0.189s] Level 1:colcon.colcon_core.package_discovery:discover_packages(recursive) using defaults
[0.189s] Level 1:colcon.colcon_core.package_discovery:discover_packages(ignore) discover
[0.190s] Level 1:colcon.colcon_core.package_discovery:discover_packages(ignore) using defaults
[0.190s] Level 1:colcon.colcon_core.package_discovery:discover_packages(path) discover
[0.190s] Level 1:colcon.colcon_core.package_discovery:discover_packages(path) using defaults
[0.208s] Level 1:colcon.colcon_core.package_discovery:discover_packages(prefix_path) check parameters
[0.208s] Level 1:colcon.colcon_core.package_discovery:discover_packages(prefix_path) discover
[0.210s] DEBUG:colcon.colcon_installed_package_information.package_discovery:Found 3 installed packages in /home/luca002/proj_ws/install
[0.212s] DEBUG:colcon.colcon_installed_package_information.package_discovery:Found 435 installed packages in /opt/ros/jazzy
[0.213s] Level 1:colcon.colcon_core.package_discovery:discover_packages(prefix_path) using defaults
[0.266s] Level 5:colcon.colcon_core.verb:set package 'python_node' build argument 'cmake_args' from command line to 'None'
[0.267s] Level 5:colcon.colcon_core.verb:set package 'python_node' build argument 'cmake_target' from command line to 'None'
[0.267s] Level 5:colcon.colcon_core.verb:set package 'python_node' build argument 'cmake_target_skip_unavailable' from command line to 'False'
[0.267s] Level 5:colcon.colcon_core.verb:set package 'python_node' build argument 'cmake_clean_cache' from command line to 'False'
[0.267s] Level 5:colcon.colcon_core.verb:set package 'python_node' build argument 'cmake_clean_first' from command line to 'False'
[0.267s] Level 5:colcon.colcon_core.verb:set package 'python_node' build argument 'cmake_force_configure' from command line to 'False'
[0.267s] Level 5:colcon.colcon_core.verb:set package 'python_node' build argument 'ament_cmake_args' from command line to 'None'
[0.267s] Level 5:colcon.colcon_core.verb:set package 'python_node' build argument 'catkin_cmake_args' from command line to 'None'
[0.267s] Level 5:colcon.colcon_core.verb:set package 'python_node' build argument 'catkin_skip_building_tests' from command line to 'False'
[0.267s] DEBUG:colcon.colcon_core.verb:Building package 'python_node' with the following arguments: {'ament_cmake_args': None, 'build_base': '/home/luca002/proj_ws/build/python_node', 'catkin_cmake_args': None, 'catkin_skip_building_tests': False, 'cmake_args': None, 'cmake_clean_cache': False, 'cmake_clean_first': False, 'cmake_force_configure': False, 'cmake_target': None, 'cmake_target_skip_unavailable': False, 'install_base': '/home/luca002/proj_ws/install/python_node', 'merge_install': False, 'path': '/home/luca002/proj_ws/src/python_node', 'symlink_install': True, 'test_result_base': None}
[0.267s] Level 5:colcon.colcon_core.verb:set package 'wamv_gazebo' build argument 'cmake_args' from command line to 'None'
[0.267s] Level 5:colcon.colcon_core.verb:set package 'wamv_gazebo' build argument 'cmake_target' from command line to 'None'
[0.267s] Level 5:colcon.colcon_core.verb:set package 'wamv_gazebo' build argument 'cmake_target_skip_unavailable' from command line to 'False'
[0.267s] Level 5:colcon.colcon_core.verb:set package 'wamv_gazebo' build argument 'cmake_clean_cache' from command line to 'False'
[0.267s] Level 5:colcon.colcon_core.verb:set package 'wamv_gazebo' build argument 'cmake_clean_first' from command line to 'False'
[0.267s] Level 5:colcon.colcon_core.verb:set package 'wamv_gazebo' build argument 'cmake_force_configure' from command line to 'False'
[0.267s] Level 5:colcon.colcon_core.verb:set package 'wamv_gazebo' build argument 'ament_cmake_args' from command line to 'None'
[0.267s] Level 5:colcon.colcon_core.verb:set package 'wamv_gazebo' build argument 'catkin_cmake_args' from command line to 'None'
[0.267s] Level 5:colcon.colcon_core.verb:set package 'wamv_gazebo' build argument 'catkin_skip_building_tests' from command line to 'False'
[0.267s] DEBUG:colcon.colcon_core.verb:Building package 'wamv_gazebo' with the following arguments: {'ament_cmake_args': None, 'build_base': '/home/luca002/proj_ws/build/wamv_gazebo', 'catkin_cmake_args': None, 'catkin_skip_building_tests': False, 'cmake_args': None, 'cmake_clean_cache': False, 'cmake_clean_first': False, 'cmake_force_configure': False, 'cmake_target': None, 'cmake_target_skip_unavailable': False, 'install_base': '/home/luca002/proj_ws/install/wamv_gazebo', 'merge_install': False, 'path': '/home/luca002/proj_ws/src/wamv_gazebo', 'symlink_install': True, 'test_result_base': None}
[0.267s] Level 5:colcon.colcon_core.verb:set package 'wamv_navigation' build argument 'cmake_args' from command line to 'None'
[0.267s] Level 5:colcon.colcon_core.verb:set package 'wamv_navigation' build argument 'cmake_target' from command line to 'None'
[0.267s] Level 5:colcon.colcon_core.verb:set package 'wamv_navigation' build argument 'cmake_target_skip_unavailable' from command line to 'False'
[0.268s] Level 5:colcon.colcon_core.verb:set package 'wamv_navigation' build argument 'cmake_clean_cache' from command line to 'False'
[0.268s] Level 5:colcon.colcon_core.verb:set package 'wamv_navigation' build argument 'cmake_clean_first' from command line to 'False'
[0.268s] Level 5:colcon.colcon_core.verb:set package 'wamv_navigation' build argument 'cmake_force_configure' from command line to 'False'
[0.268s] Level 5:colcon.colcon_core.verb:set package 'wamv_navigation' build argument 'ament_cmake_args' from command line to 'None'
[0.268s] Level 5:colcon.colcon_core.verb:set package 'wamv_navigation' build argument 'catkin_cmake_args' from command line to 'None'
[0.268s] Level 5:colcon.colcon_core.verb:set package 'wamv_navigation' build argument 'catkin_skip_building_tests' from command line to 'False'
[0.268s] DEBUG:colcon.colcon_core.verb:Building package 'wamv_navigation' with the following arguments: {'ament_cmake_args': None, 'build_base': '/home/luca002/proj_ws/build/wamv_navigation', 'catkin_cmake_args': None, 'catkin_skip_building_tests': False, 'cmake_args': None, 'cmake_clean_cache': False, 'cmake_clean_first': False, 'cmake_force_configure': False, 'cmake_target': None, 'cmake_target_skip_unavailable': False, 'install_base': '/home/luca002/proj_ws/install/wamv_navigation', 'merge_install': False, 'path': '/home/luca002/proj_ws/src/wamv_navigation', 'symlink_install': True, 'test_result_base': None}
[0.268s] INFO:colcon.colcon_core.executor:Executing jobs using 'parallel' executor
[0.269s] DEBUG:colcon.colcon_parallel_executor.executor.parallel:run_until_complete
[0.269s] INFO:colcon.colcon_ros.task.ament_python.build:Building ROS package in '/home/luca002/proj_ws/src/python_node' with build type 'ament_python'
[0.269s] Level 1:colcon.colcon_core.shell:create_environment_hook('python_node', 'ament_prefix_path')
[0.271s] INFO:colcon.colcon_core.plugin_system:Skipping extension 'colcon_core.shell.bat': Not used on non-Windows systems
[0.271s] INFO:colcon.colcon_core.shell:Creating environment hook '/home/luca002/proj_ws/install/python_node/share/python_node/hook/ament_prefix_path.ps1'
[0.271s] INFO:colcon.colcon_core.shell:Creating environment descriptor '/home/luca002/proj_ws/install/python_node/share/python_node/hook/ament_prefix_path.dsv'
[0.272s] INFO:colcon.colcon_core.shell:Creating environment hook '/home/luca002/proj_ws/install/python_node/share/python_node/hook/ament_prefix_path.sh'
[0.272s] INFO:colcon.colcon_core.shell:Skip shell extension 'powershell' for command environment: Not usable outside of PowerShell
[0.273s] DEBUG:colcon.colcon_core.shell:Skip shell extension 'dsv' for command environment
[0.276s] INFO:colcon.colcon_ros.task.ament_cmake.build:Building ROS package in '/home/luca002/proj_ws/src/wamv_gazebo' with build type 'ament_cmake'
[0.277s] INFO:colcon.colcon_cmake.task.cmake.build:Building CMake package in '/home/luca002/proj_ws/src/wamv_gazebo'
[0.277s] INFO:colcon.colcon_core.shell:Skip shell extension 'powershell' for command environment: Not usable outside of PowerShell
[0.277s] DEBUG:colcon.colcon_core.shell:Skip shell extension 'dsv' for command environment
[0.280s] INFO:colcon.colcon_ros.task.ament_cmake.build:Building ROS package in '/home/luca002/proj_ws/src/wamv_navigation' with build type 'ament_cmake'
[0.280s] INFO:colcon.colcon_cmake.task.cmake.build:Building CMake package in '/home/luca002/proj_ws/src/wamv_navigation'
[0.280s] INFO:colcon.colcon_core.shell:Skip shell extension 'powershell' for command environment: Not usable outside of PowerShell
[0.280s] DEBUG:colcon.colcon_core.shell:Skip shell extension 'dsv' for command environment
[0.534s] INFO:colcon.colcon_core.task.python.build:Building Python package in '/home/luca002/proj_ws/src/python_node'
[0.535s] INFO:colcon.colcon_core.shell:Skip shell extension 'powershell' for command environment: Not usable outside of PowerShell
[0.535s] DEBUG:colcon.colcon_core.shell:Skip shell extension 'dsv' for command environment
[0.542s] DEBUG:colcon.colcon_core.event_handler.log_command:Invoking command in '/home/luca002/proj_ws/build/wamv_gazebo': CMAKE_PREFIX_PATH=${CMAKE_PREFIX_PATH}:/home/luca002/proj_ws/install/python_node:/opt/ros/jazzy DEBUGINFOD_URLS=https://debuginfod.ubuntu.com /usr/bin/cmake --build /home/luca002/proj_ws/build/wamv_gazebo -- -j16 -l16
[0.546s] DEBUG:colcon.colcon_core.event_handler.log_command:Invoking command in '/home/luca002/proj_ws/build/wamv_navigation': CMAKE_PREFIX_PATH=${CMAKE_PREFIX_PATH}:/home/luca002/proj_ws/install/python_node:/opt/ros/jazzy DEBUGINFOD_URLS=https://debuginfod.ubuntu.com /usr/bin/cmake --build /home/luca002/proj_ws/build/wamv_navigation -- -j16 -l16
[0.610s] DEBUG:colcon.colcon_core.event_handler.log_command:Invoked command in '/home/luca002/proj_ws/build/wamv_navigation' returned '0': CMAKE_PREFIX_PATH=${CMAKE_PREFIX_PATH}:/home/luca002/proj_ws/install/python_node:/opt/ros/jazzy DEBUGINFOD_URLS=https://debuginfod.ubuntu.com /usr/bin/cmake --build /home/luca002/proj_ws/build/wamv_navigation -- -j16 -l16
[0.623s] DEBUG:colcon.colcon_core.event_handler.log_command:Invoking command in '/home/luca002/proj_ws/build/wamv_navigation': CMAKE_PREFIX_PATH=${CMAKE_PREFIX_PATH}:/home/luca002/proj_ws/install/python_node:/opt/ros/jazzy DEBUGINFOD_URLS=https://debuginfod.ubuntu.com /usr/bin/cmake --install /home/luca002/proj_ws/build/wamv_navigation
[0.709s] Level 1:colcon.colcon_core.environment:create_environment_scripts_only(wamv_navigation)
[0.709s] DEBUG:colcon.colcon_core.event_handler.log_command:Invoked command in '/home/luca002/proj_ws/build/wamv_navigation' returned '0': CMAKE_PREFIX_PATH=${CMAKE_PREFIX_PATH}:/home/luca002/proj_ws/install/python_node:/opt/ros/jazzy DEBUGINFOD_URLS=https://debuginfod.ubuntu.com /usr/bin/cmake --install /home/luca002/proj_ws/build/wamv_navigation
[0.711s] Level 1:colcon.colcon_core.environment:checking '/home/luca002/proj_ws/install/wamv_navigation' for CMake module files
[0.712s] Level 1:colcon.colcon_core.environment:checking '/home/luca002/proj_ws/install/wamv_navigation' for CMake config files
[0.712s] Level 1:colcon.colcon_core.shell:create_environment_hook('wamv_navigation', 'cmake_prefix_path')
[0.712s] INFO:colcon.colcon_core.shell:Creating environment hook '/home/luca002/proj_ws/install/wamv_navigation/share/wamv_navigation/hook/cmake_prefix_path.ps1'
[0.713s] INFO:colcon.colcon_core.shell:Creating environment descriptor '/home/luca002/proj_ws/install/wamv_navigation/share/wamv_navigation/hook/cmake_prefix_path.dsv'
[0.713s] INFO:colcon.colcon_core.shell:Creating environment hook '/home/luca002/proj_ws/install/wamv_navigation/share/wamv_navigation/hook/cmake_prefix_path.sh'
[0.714s] Level 1:colcon.colcon_core.environment:checking '/home/luca002/proj_ws/install/wamv_navigation/lib'
[0.714s] Level 1:colcon.colcon_core.environment:checking '/home/luca002/proj_ws/install/wamv_navigation/bin'
[0.714s] Level 1:colcon.colcon_core.environment:checking '/home/luca002/proj_ws/install/wamv_navigation/lib/pkgconfig/wamv_navigation.pc'
[0.714s] Level 1:colcon.colcon_core.environment:checking '/home/luca002/proj_ws/install/wamv_navigation/lib/python3.12/site-packages'
[0.714s] Level 1:colcon.colcon_core.environment:checking '/home/luca002/proj_ws/install/wamv_navigation/bin'
[0.715s] INFO:colcon.colcon_core.shell:Creating package script '/home/luca002/proj_ws/install/wamv_navigation/share/wamv_navigation/package.ps1'
[0.715s] INFO:colcon.colcon_core.shell:Creating package descriptor '/home/luca002/proj_ws/install/wamv_navigation/share/wamv_navigation/package.dsv'
[0.716s] INFO:colcon.colcon_core.shell:Creating package script '/home/luca002/proj_ws/install/wamv_navigation/share/wamv_navigation/package.sh'
[0.717s] INFO:colcon.colcon_core.shell:Creating package script '/home/luca002/proj_ws/install/wamv_navigation/share/wamv_navigation/package.bash'
[0.717s] INFO:colcon.colcon_core.shell:Creating package script '/home/luca002/proj_ws/install/wamv_navigation/share/wamv_navigation/package.zsh'
[0.718s] Level 1:colcon.colcon_core.environment:create_file_with_runtime_dependencies(/home/luca002/proj_ws/install/wamv_navigation/share/colcon-core/packages/wamv_navigation)
[0.718s] Level 1:colcon.colcon_core.environment:create_environment_scripts_only(wamv_navigation)
[0.718s] Level 1:colcon.colcon_core.environment:checking '/home/luca002/proj_ws/install/wamv_navigation' for CMake module files
[0.719s] Level 1:colcon.colcon_core.environment:checking '/home/luca002/proj_ws/install/wamv_navigation' for CMake config files
[0.719s] Level 1:colcon.colcon_core.shell:create_environment_hook('wamv_navigation', 'cmake_prefix_path')
[0.719s] INFO:colcon.colcon_core.shell:Creating environment hook '/home/luca002/proj_ws/install/wamv_navigation/share/wamv_navigation/hook/cmake_prefix_path.ps1'
[0.720s] INFO:colcon.colcon_core.shell:Creating environment descriptor '/home/luca002/proj_ws/install/wamv_navigation/share/wamv_navigation/hook/cmake_prefix_path.dsv'
[0.720s] INFO:colcon.colcon_core.shell:Creating environment hook '/home/luca002/proj_ws/install/wamv_navigation/share/wamv_navigation/hook/cmake_prefix_path.sh'
[0.720s] Level 1:colcon.colcon_core.environment:checking '/home/luca002/proj_ws/install/wamv_navigation/lib'
[0.720s] Level 1:colcon.colcon_core.environment:checking '/home/luca002/proj_ws/install/wamv_navigation/bin'
[0.720s] Level 1:colcon.colcon_core.environment:checking '/home/luca002/proj_ws/install/wamv_navigation/lib/pkgconfig/wamv_navigation.pc'
[0.721s] Level 1:colcon.colcon_core.environment:checking '/home/luca002/proj_ws/install/wamv_navigation/lib/python3.12/site-packages'
[0.721s] Level 1:colcon.colcon_core.environment:checking '/home/luca002/proj_ws/install/wamv_navigation/bin'
[0.721s] INFO:colcon.colcon_core.shell:Creating package script '/home/luca002/proj_ws/install/wamv_navigation/share/wamv_navigation/package.ps1'
[0.721s] INFO:colcon.colcon_core.shell:Creating package descriptor '/home/luca002/proj_ws/install/wamv_navigation/share/wamv_navigation/package.dsv'
[0.722s] INFO:colcon.colcon_core.shell:Creating package script '/home/luca002/proj_ws/install/wamv_navigation/share/wamv_navigation/package.sh'
[0.722s] INFO:colcon.colcon_core.shell:Creating package script '/home/luca002/proj_ws/install/wamv_navigation/share/wamv_navigation/package.bash'
[0.723s] INFO:colcon.colcon_core.shell:Creating package script '/home/luca002/proj_ws/install/wamv_navigation/share/wamv_navigation/package.zsh'
[0.723s] Level 1:colcon.colcon_core.environment:create_file_with_runtime_dependencies(/home/luca002/proj_ws/install/wamv_navigation/share/colcon-core/packages/wamv_navigation)
[1.072s] DEBUG:colcon.colcon_core.event_handler.log_command:Invoked command in '/home/luca002/proj_ws/build/wamv_gazebo' returned '0': CMAKE_PREFIX_PATH=${CMAKE_PREFIX_PATH}:/home/luca002/proj_ws/install/python_node:/opt/ros/jazzy DEBUGINFOD_URLS=https://debuginfod.ubuntu.com /usr/bin/cmake --build /home/luca002/proj_ws/build/wamv_gazebo -- -j16 -l16
[1.074s] DEBUG:colcon.colcon_core.event_handler.log_command:Invoking command in '/home/luca002/proj_ws/build/wamv_gazebo': CMAKE_PREFIX_PATH=${CMAKE_PREFIX_PATH}:/home/luca002/proj_ws/install/python_node:/opt/ros/jazzy DEBUGINFOD_URLS=https://debuginfod.ubuntu.com /usr/bin/cmake --install /home/luca002/proj_ws/build/wamv_gazebo
[1.162s] Level 1:colcon.colcon_core.environment:create_environment_scripts_only(wamv_gazebo)
[1.163s] Level 1:colcon.colcon_core.environment:checking '/home/luca002/proj_ws/install/wamv_gazebo' for CMake module files
[1.163s] DEBUG:colcon.colcon_core.event_handler.log_command:Invoked command in '/home/luca002/proj_ws/build/wamv_gazebo' returned '0': CMAKE_PREFIX_PATH=${CMAKE_PREFIX_PATH}:/home/luca002/proj_ws/install/python_node:/opt/ros/jazzy DEBUGINFOD_URLS=https://debuginfod.ubuntu.com /usr/bin/cmake --install /home/luca002/proj_ws/build/wamv_gazebo
[1.164s] Level 1:colcon.colcon_core.environment:checking '/home/luca002/proj_ws/install/wamv_gazebo' for CMake config files
[1.164s] Level 1:colcon.colcon_core.shell:create_environment_hook('wamv_gazebo', 'cmake_prefix_path')
[1.164s] INFO:colcon.colcon_core.shell:Creating environment hook '/home/luca002/proj_ws/install/wamv_gazebo/share/wamv_gazebo/hook/cmake_prefix_path.ps1'
[1.164s] INFO:colcon.colcon_core.shell:Creating environment descriptor '/home/luca002/proj_ws/install/wamv_gazebo/share/wamv_gazebo/hook/cmake_prefix_path.dsv'
[1.165s] INFO:colcon.colcon_core.shell:Creating environment hook '/home/luca002/proj_ws/install/wamv_gazebo/share/wamv_gazebo/hook/cmake_prefix_path.sh'
[1.165s] Level 1:colcon.colcon_core.environment:checking '/home/luca002/proj_ws/install/wamv_gazebo/lib'
[1.165s] Level 1:colcon.colcon_core.shell:create_environment_hook('wamv_gazebo', 'ld_library_path_lib')
[1.165s] INFO:colcon.colcon_core.shell:Creating environment hook '/home/luca002/proj_ws/install/wamv_gazebo/share/wamv_gazebo/hook/ld_library_path_lib.ps1'
[1.166s] INFO:colcon.colcon_core.shell:Creating environment descriptor '/home/luca002/proj_ws/install/wamv_gazebo/share/wamv_gazebo/hook/ld_library_path_lib.dsv'
[1.166s] INFO:colcon.colcon_core.shell:Creating environment hook '/home/luca002/proj_ws/install/wamv_gazebo/share/wamv_gazebo/hook/ld_library_path_lib.sh'
[1.166s] Level 1:colcon.colcon_core.environment:checking '/home/luca002/proj_ws/install/wamv_gazebo/bin'
[1.167s] Level 1:colcon.colcon_core.environment:checking '/home/luca002/proj_ws/install/wamv_gazebo/lib/pkgconfig/wamv_gazebo.pc'
[1.167s] Level 1:colcon.colcon_core.environment:checking '/home/luca002/proj_ws/install/wamv_gazebo/lib/python3.12/site-packages'
[1.167s] Level 1:colcon.colcon_core.shell:create_environment_hook('wamv_gazebo', 'pythonpath')
[1.167s] INFO:colcon.colcon_core.shell:Creating environment hook '/home/luca002/proj_ws/install/wamv_gazebo/share/wamv_gazebo/hook/pythonpath.ps1'
[1.167s] INFO:colcon.colcon_core.shell:Creating environment descriptor '/home/luca002/proj_ws/install/wamv_gazebo/share/wamv_gazebo/hook/pythonpath.dsv'
[1.168s] INFO:colcon.colcon_core.shell:Creating environment hook '/home/luca002/proj_ws/install/wamv_gazebo/share/wamv_gazebo/hook/pythonpath.sh'
[1.168s] Level 1:colcon.colcon_core.environment:checking '/home/luca002/proj_ws/install/wamv_gazebo/bin'
[1.168s] INFO:colcon.colcon_core.shell:Creating package script '/home/luca002/proj_ws/install/wamv_gazebo/share/wamv_gazebo/package.ps1'
[1.169s] INFO:colcon.colcon_core.shell:Creating package descriptor '/home/luca002/proj_ws/install/wamv_gazebo/share/wamv_gazebo/package.dsv'
[1.169s] INFO:colcon.colcon_core.shell:Creating package script '/home/luca002/proj_ws/install/wamv_gazebo/share/wamv_gazebo/package.sh'
[1.170s] INFO:colcon.colcon_core.shell:Creating package script '/home/luca002/proj_ws/install/wamv_gazebo/share/wamv_gazebo/package.bash'
[1.170s] INFO:colcon.colcon_core.shell:Creating package script '/home/luca002/proj_ws/install/wamv_gazebo/share/wamv_gazebo/package.zsh'
[1.170s] Level 1:colcon.colcon_core.environment:create_file_with_runtime_dependencies(/home/luca002/proj_ws/install/wamv_gazebo/share/colcon-core/packages/wamv_gazebo)
[1.171s] Level 1:colcon.colcon_core.environment:create_environment_scripts_only(wamv_gazebo)
[1.171s] Level 1:colcon.colcon_core.environment:checking '/home/luca002/proj_ws/install/wamv_gazebo' for CMake module files
[1.172s] Level 1:colcon.colcon_core.environment:checking '/home/luca002/proj_ws/install/wamv_gazebo' for CMake config files
[1.172s] Level 1:colcon.colcon_core.shell:create_environment_hook('wamv_gazebo', 'cmake_prefix_path')
[1.172s] INFO:colcon.colcon_core.shell:Creating environment hook '/home/luca002/proj_ws/install/wamv_gazebo/share/wamv_gazebo/hook/cmake_prefix_path.ps1'
[1.173s] INFO:colcon.colcon_core.shell:Creating environment descriptor '/home/luca002/proj_ws/install/wamv_gazebo/share/wamv_gazebo/hook/cmake_prefix_path.dsv'
[1.173s] INFO:colcon.colcon_core.shell:Creating environment hook '/home/luca002/proj_ws/install/wamv_gazebo/share/wamv_gazebo/hook/cmake_prefix_path.sh'
[1.173s] Level 1:colcon.colcon_core.environment:checking '/home/luca002/proj_ws/install/wamv_gazebo/lib'
[1.174s] Level 1:colcon.colcon_core.shell:create_environment_hook('wamv_gazebo', 'ld_library_path_lib')
[1.174s] INFO:colcon.colcon_core.shell:Creating environment hook '/home/luca002/proj_ws/install/wamv_gazebo/share/wamv_gazebo/hook/ld_library_path_lib.ps1'
[1.174s] INFO:colcon.colcon_core.shell:Creating environment descriptor '/home/luca002/proj_ws/install/wamv_gazebo/share/wamv_gazebo/hook/ld_library_path_lib.dsv'
[1.174s] INFO:colcon.colcon_core.shell:Creating environment hook '/home/luca002/proj_ws/install/wamv_gazebo/share/wamv_gazebo/hook/ld_library_path_lib.sh'
[1.175s] Level 1:colcon.colcon_core.environment:checking '/home/luca002/proj_ws/install/wamv_gazebo/bin'
[1.175s] Level 1:colcon.colcon_core.environment:checking '/home/luca002/proj_ws/install/wamv_gazebo/lib/pkgconfig/wamv_gazebo.pc'
[1.175s] Level 1:colcon.colcon_core.environment:checking '/home/luca002/proj_ws/install/wamv_gazebo/lib/python3.12/site-packages'
[1.175s] Level 1:colcon.colcon_core.shell:create_environment_hook('wamv_gazebo', 'pythonpath')
[1.175s] INFO:colcon.colcon_core.shell:Creating environment hook '/home/luca002/proj_ws/install/wamv_gazebo/share/wamv_gazebo/hook/pythonpath.ps1'
[1.175s] INFO:colcon.colcon_core.shell:Creating environment descriptor '/home/luca002/proj_ws/install/wamv_gazebo/share/wamv_gazebo/hook/pythonpath.dsv'
[1.176s] INFO:colcon.colcon_core.shell:Creating environment hook '/home/luca002/proj_ws/install/wamv_gazebo/share/wamv_gazebo/hook/pythonpath.sh'
[1.176s] Level 1:colcon.colcon_core.environment:checking '/home/luca002/proj_ws/install/wamv_gazebo/bin'
[1.176s] INFO:colcon.colcon_core.shell:Creating package script '/home/luca002/proj_ws/install/wamv_gazebo/share/wamv_gazebo/package.ps1'
[1.177s] INFO:colcon.colcon_core.shell:Creating package descriptor '/home/luca002/proj_ws/install/wamv_gazebo/share/wamv_gazebo/package.dsv'
[1.178s] INFO:colcon.colcon_core.shell:Creating package script '/home/luca002/proj_ws/install/wamv_gazebo/share/wamv_gazebo/package.sh'
[1.178s] INFO:colcon.colcon_core.shell:Creating package script '/home/luca002/proj_ws/install/wamv_gazebo/share/wamv_gazebo/package.bash'
[1.179s] INFO:colcon.colcon_core.shell:Creating package script '/home/luca002/proj_ws/install/wamv_gazebo/share/wamv_gazebo/package.zsh'
[1.179s] Level 1:colcon.colcon_core.environment:create_file_with_runtime_dependencies(/home/luca002/proj_ws/install/wamv_gazebo/share/colcon-core/packages/wamv_gazebo)
[1.322s] DEBUG:colcon.colcon_core.event_handler.log_command:Invoking command in '/home/luca002/proj_ws/build/python_node': DEBUGINFOD_URLS=https://debuginfod.ubuntu.com PYTHONPATH=/home/luca002/proj_ws/build/python_node/prefix_override:/usr/lib/python3/dist-packages/colcon_core/task/python/colcon_distutils_commands:/home/luca002/proj_ws/install/python_node/lib/python3.12/site-packages:${PYTHONPATH} /usr/bin/python3 -W ignore:setup.py install is deprecated -W ignore:easy_install command is deprecated setup.py develop --editable --build-directory /home/luca002/proj_ws/build/python_node/build --no-deps symlink_data
[2.105s] Level 1:colcon.colcon_core.shell:create_environment_hook('python_node', 'pythonpath_develop')
[2.105s] INFO:colcon.colcon_core.shell:Creating environment hook '/home/luca002/proj_ws/build/python_node/share/python_node/hook/pythonpath_develop.ps1'
[2.106s] DEBUG:colcon.colcon_core.event_handler.log_command:Invoked command in '/home/luca002/proj_ws/build/python_node' returned '0': DEBUGINFOD_URLS=https://debuginfod.ubuntu.com PYTHONPATH=/home/luca002/proj_ws/build/python_node/prefix_override:/usr/lib/python3/dist-packages/colcon_core/task/python/colcon_distutils_commands:/home/luca002/proj_ws/install/python_node/lib/python3.12/site-packages:${PYTHONPATH} /usr/bin/python3 -W ignore:setup.py install is deprecated -W ignore:easy_install command is deprecated setup.py develop --editable --build-directory /home/luca002/proj_ws/build/python_node/build --no-deps symlink_data
[2.106s] INFO:colcon.colcon_core.shell:Creating environment descriptor '/home/luca002/proj_ws/build/python_node/share/python_node/hook/pythonpath_develop.dsv'
[2.107s] INFO:colcon.colcon_core.shell:Creating environment hook '/home/luca002/proj_ws/build/python_node/share/python_node/hook/pythonpath_develop.sh'
[2.107s] Level 1:colcon.colcon_core.environment:checking '/home/luca002/proj_ws/install/python_node' for CMake module files
[2.108s] Level 1:colcon.colcon_core.environment:checking '/home/luca002/proj_ws/install/python_node' for CMake config files
[2.109s] Level 1:colcon.colcon_core.environment:checking '/home/luca002/proj_ws/install/python_node/lib'
[2.109s] Level 1:colcon.colcon_core.environment:checking '/home/luca002/proj_ws/install/python_node/bin'
[2.109s] Level 1:colcon.colcon_core.environment:checking '/home/luca002/proj_ws/install/python_node/lib/pkgconfig/python_node.pc'
[2.109s] Level 1:colcon.colcon_core.environment:checking '/home/luca002/proj_ws/install/python_node/lib/python3.12/site-packages'
[2.109s] Level 1:colcon.colcon_core.shell:create_environment_hook('python_node', 'pythonpath')
[2.109s] INFO:colcon.colcon_core.shell:Creating environment hook '/home/luca002/proj_ws/install/python_node/share/python_node/hook/pythonpath.ps1'
[2.110s] INFO:colcon.colcon_core.shell:Creating environment descriptor '/home/luca002/proj_ws/install/python_node/share/python_node/hook/pythonpath.dsv'
[2.110s] INFO:colcon.colcon_core.shell:Creating environment hook '/home/luca002/proj_ws/install/python_node/share/python_node/hook/pythonpath.sh'
[2.111s] Level 1:colcon.colcon_core.environment:checking '/home/luca002/proj_ws/install/python_node/bin'
[2.111s] Level 1:colcon.colcon_core.environment:create_environment_scripts_only(python_node)
[2.111s] INFO:colcon.colcon_core.shell:Creating package script '/home/luca002/proj_ws/install/python_node/share/python_node/package.ps1'
[2.112s] INFO:colcon.colcon_core.shell:Creating package descriptor '/home/luca002/proj_ws/install/python_node/share/python_node/package.dsv'
[2.112s] INFO:colcon.colcon_core.shell:Creating package script '/home/luca002/proj_ws/install/python_node/share/python_node/package.sh'
[2.113s] INFO:colcon.colcon_core.shell:Creating package script '/home/luca002/proj_ws/install/python_node/share/python_node/package.bash'
[2.113s] INFO:colcon.colcon_core.shell:Creating package script '/home/luca002/proj_ws/install/python_node/share/python_node/package.zsh'
[2.113s] Level 1:colcon.colcon_core.environment:create_file_with_runtime_dependencies(/home/luca002/proj_ws/install/python_node/share/colcon-core/packages/python_node)
[2.114s] DEBUG:colcon.colcon_parallel_executor.executor.parallel:closing loop
[2.114s] DEBUG:colcon.colcon_parallel_executor.executor.parallel:loop closed
[2.114s] DEBUG:colcon.colcon_parallel_executor.executor.parallel:run_until_complete finished with '0'
[2.115s] DEBUG:colcon.colcon_core.event_reactor:joining thread
[2.122s] INFO:colcon.colcon_core.plugin_system:Skipping extension 'colcon_notification.desktop_notification.terminal_notifier': Not used on non-Darwin systems
[2.122s] INFO:colcon.colcon_core.plugin_system:Skipping extension 'colcon_notification.desktop_notification.win32': Not used on non-Windows systems
[2.122s] INFO:colcon.colcon_notification.desktop_notification:Sending desktop notification using 'notify2'
[2.139s] DEBUG:colcon.colcon_core.event_reactor:joined thread
[2.140s] INFO:colcon.colcon_core.shell:Creating prefix script '/home/luca002/proj_ws/install/local_setup.ps1'
[2.141s] INFO:colcon.colcon_core.shell:Creating prefix util module '/home/luca002/proj_ws/install/_local_setup_util_ps1.py'
[2.143s] INFO:colcon.colcon_core.shell:Creating prefix chain script '/home/luca002/proj_ws/install/setup.ps1'
[2.144s] INFO:colcon.colcon_core.shell:Creating prefix script '/home/luca002/proj_ws/install/local_setup.sh'
[2.145s] INFO:colcon.colcon_core.shell:Creating prefix util module '/home/luca002/proj_ws/install/_local_setup_util_sh.py'
[2.146s] INFO:colcon.colcon_core.shell:Creating prefix chain script '/home/luca002/proj_ws/install/setup.sh'
[2.148s] INFO:colcon.colcon_core.shell:Creating prefix script '/home/luca002/proj_ws/install/local_setup.bash'
[2.148s] INFO:colcon.colcon_core.shell:Creating prefix chain script '/home/luca002/proj_ws/install/setup.bash'
[2.150s] INFO:colcon.colcon_core.shell:Creating prefix script '/home/luca002/proj_ws/install/local_setup.zsh'
[2.150s] INFO:colcon.colcon_core.shell:Creating prefix chain script '/home/luca002/proj_ws/install/setup.zsh'
