[0.016s] Invoking command in '/home/luca002/proj_ws/build/bluerov2_control': CMAKE_PREFIX_PATH=${CMAKE_PREFIX_PATH}:/opt/ros/jazzy DEBUGINFOD_URLS=https://debuginfod.ubuntu.com /usr/bin/cmake /home/luca002/proj_ws/src/bluerov2/bluerov2_control -DCMAKE_INSTALL_PREFIX=/home/luca002/proj_ws/install
[0.078s] -- The C compiler identification is GNU 13.3.0
[0.121s] -- The CXX compiler identification is GNU 13.3.0
[0.132s] -- Detecting C compiler ABI info
[0.195s] -- Detecting C compiler ABI info - done
[0.202s] -- Check for working C compiler: /usr/bin/cc - skipped
[0.203s] -- Detecting C compile features
[0.203s] -- Detecting C compile features - done
[0.210s] -- Detecting CXX compiler ABI info
[0.281s] -- Detecting CXX compiler ABI info - done
[0.287s] -- Check for working CXX compiler: /usr/bin/c++ - skipped
[0.287s] -- Detecting CXX compile features
[0.288s] -- Detecting CXX compile features - done
[0.291s] -- Found ament_cmake: 2.5.4 (/opt/ros/jazzy/share/ament_cmake/cmake)
[0.409s] -- Found Python3: /usr/bin/python3 (found version "3.12.3") found components: Interpreter 
[0.589s] -- Configuring done (0.6s)
[0.590s] -- Generating done (0.0s)
[0.591s] -- Build files have been written to: /home/luca002/proj_ws/build/bluerov2_control
[0.596s] Invoked command in '/home/luca002/proj_ws/build/bluerov2_control' returned '0': CMAKE_PREFIX_PATH=${CMAKE_PREFIX_PATH}:/opt/ros/jazzy DEBUGINFOD_URLS=https://debuginfod.ubuntu.com /usr/bin/cmake /home/luca002/proj_ws/src/bluerov2/bluerov2_control -DCMAKE_INSTALL_PREFIX=/home/luca002/proj_ws/install
[0.597s] Invoking command in '/home/luca002/proj_ws/build/bluerov2_control': CMAKE_PREFIX_PATH=${CMAKE_PREFIX_PATH}:/opt/ros/jazzy DEBUGINFOD_URLS=https://debuginfod.ubuntu.com /usr/bin/cmake --build /home/luca002/proj_ws/build/bluerov2_control -- -j16 -l16
[0.631s] Invoked command in '/home/luca002/proj_ws/build/bluerov2_control' returned '0': CMAKE_PREFIX_PATH=${CMAKE_PREFIX_PATH}:/opt/ros/jazzy DEBUGINFOD_URLS=https://debuginfod.ubuntu.com /usr/bin/cmake --build /home/luca002/proj_ws/build/bluerov2_control -- -j16 -l16
[0.637s] Invoking command in '/home/luca002/proj_ws/build/bluerov2_control': CMAKE_PREFIX_PATH=${CMAKE_PREFIX_PATH}:/opt/ros/jazzy DEBUGINFOD_URLS=https://debuginfod.ubuntu.com /usr/bin/cmake --install /home/luca002/proj_ws/build/bluerov2_control
[0.643s] -- Install configuration: ""
[0.643s] -- Installing: /home/luca002/proj_ws/install/share/bluerov2_control/launch
[0.643s] -- Installing: /home/luca002/proj_ws/install/share/bluerov2_control/launch/cascaded_pids_launch.py
[0.643s] -- Installing: /home/luca002/proj_ws/install/share/bluerov2_control/launch/sliding_mode_launch.py
[0.643s] -- Installing: /home/luca002/proj_ws/install/share/bluerov2_control/launch/wrench_launch.py
[0.643s] -- Installing: /home/luca002/proj_ws/install/share/bluerov2_control/launch/rviz_launch.py
[0.643s] -- Installing: /home/luca002/proj_ws/install/share/bluerov2_control/config
[0.643s] -- Installing: /home/luca002/proj_ws/install/share/bluerov2_control/config/bluerov2.rviz
[0.643s] -- Installing: /home/luca002/proj_ws/install/share/bluerov2_control/config/manual.yaml
[0.644s] -- Installing: /home/luca002/proj_ws/install/share/bluerov2_control/config/thruster_manager.yaml
[0.644s] -- Installing: /home/luca002/proj_ws/install/share/bluerov2_control/config/tilt.yaml
[0.644s] -- Installing: /home/luca002/proj_ws/install/share/bluerov2_control/config/sliding_mode.yaml
[0.644s] -- Installing: /home/luca002/proj_ws/install/share/bluerov2_control/config/cascaded_pid.yaml
[0.644s] -- Installing: /home/luca002/proj_ws/install/share/bluerov2_control/config/anchors.yaml
[0.644s] -- Installing: /home/luca002/proj_ws/install/share/ament_index/resource_index/package_run_dependencies/bluerov2_control
[0.644s] -- Installing: /home/luca002/proj_ws/install/share/ament_index/resource_index/parent_prefix_path/bluerov2_control
[0.644s] -- Installing: /home/luca002/proj_ws/install/share/bluerov2_control/environment/ament_prefix_path.sh
[0.645s] -- Installing: /home/luca002/proj_ws/install/share/bluerov2_control/environment/ament_prefix_path.dsv
[0.645s] -- Installing: /home/luca002/proj_ws/install/share/bluerov2_control/environment/path.sh
[0.645s] -- Installing: /home/luca002/proj_ws/install/share/bluerov2_control/environment/path.dsv
[0.645s] -- Installing: /home/luca002/proj_ws/install/share/bluerov2_control/local_setup.bash
[0.645s] -- Installing: /home/luca002/proj_ws/install/share/bluerov2_control/local_setup.sh
[0.645s] -- Installing: /home/luca002/proj_ws/install/share/bluerov2_control/local_setup.zsh
[0.645s] -- Installing: /home/luca002/proj_ws/install/share/bluerov2_control/local_setup.dsv
[0.645s] -- Installing: /home/luca002/proj_ws/install/share/bluerov2_control/package.dsv
[0.645s] -- Installing: /home/luca002/proj_ws/install/share/ament_index/resource_index/packages/bluerov2_control
[0.645s] -- Installing: /home/luca002/proj_ws/install/share/bluerov2_control/cmake/bluerov2_controlConfig.cmake
[0.645s] -- Installing: /home/luca002/proj_ws/install/share/bluerov2_control/cmake/bluerov2_controlConfig-version.cmake
[0.646s] -- Installing: /home/luca002/proj_ws/install/share/bluerov2_control/package.xml
[0.648s] Invoked command in '/home/luca002/proj_ws/build/bluerov2_control' returned '0': CMAKE_PREFIX_PATH=${CMAKE_PREFIX_PATH}:/opt/ros/jazzy DEBUGINFOD_URLS=https://debuginfod.ubuntu.com /usr/bin/cmake --install /home/luca002/proj_ws/build/bluerov2_control
