[0.161s] Invoking command in '/home/luca002/proj_ws/build/wamv_gazebo': CMAKE_PREFIX_PATH=${CMAKE_PREFIX_PATH}:/home/luca002/ros_ws/install/robot_description_example:/home/luca002/proj_ws/install/python_node:/opt/ros/jazzy DEBUGINFOD_URLS=https://debuginfod.ubuntu.com /usr/bin/cmake /home/luca002/proj_ws/src/wamv_gazebo -DAMENT_CMAKE_SYMLINK_INSTALL=1 -DCMAKE_INSTALL_PREFIX=/home/luca002/proj_ws/install/wamv_gazebo
[0.203s] -- The C compiler identification is GNU 13.3.0
[0.245s] -- The CXX compiler identification is GNU 13.3.0
[0.257s] -- Detecting C compiler ABI info
[0.318s] -- Detecting C compiler ABI info - done
[0.324s] -- Check for working C compiler: /usr/bin/cc - skipped
[0.324s] -- Detecting C compile features
[0.325s] -- Detecting C compile features - done
[0.331s] -- Detecting CXX compiler ABI info
[0.399s] -- Detecting CXX compiler ABI info - done
[0.406s] -- Check for working CXX compiler: /usr/bin/c++ - skipped
[0.406s] -- Detecting CXX compile features
[0.406s] -- Detecting CXX compile features - done
[0.414s] -- Found ament_cmake: 2.5.4 (/opt/ros/jazzy/share/ament_cmake/cmake)
[0.532s] -- Found Python3: /usr/bin/python3 (found version "3.12.3") found components: Interpreter 
[0.596s] -- Override CMake install command with custom implementation using symlinks instead of copying resources
[0.640s] -- Looking for gz-sim8 -- found version 8.9.0
[0.648s] -- Searching for dependencies of gz-sim8
[0.649s] -- Looking for sdformat14 -- found version 14.7.0
[0.649s] -- Searching for dependencies of sdformat14
[0.653s] -- Checking for module 'tinyxml2'
[0.662s] --   Found tinyxml2, version 10.0.0
[0.684s] -- Looking for gz-math7 -- found version 7.5.2
[0.684s] -- Searching for dependencies of gz-math7
[0.686s] -- Looking for gz-utils2 -- found version 2.2.1
[0.686s] -- Searching for dependencies of gz-utils2
[0.687s] -- Looking for gz-utils2 -- found version 2.2.1
[0.687s] -- Searching for dependencies of gz-utils2
[0.688s] -- Searching for <gz-utils2> component [cli]
[0.689s] -- Looking for gz-utils2-cli -- found version 2.2.1
[0.689s] -- Searching for dependencies of gz-utils2-cli
[0.691s] -- Looking for gz-plugin2 -- found version 2.0.4
[0.692s] -- Searching for dependencies of gz-plugin2
[0.692s] -- Looking for gz-utils2 -- found version 2.2.1
[0.692s] -- Searching for <gz-plugin2> component [loader]
[0.694s] -- Looking for gz-plugin2-loader -- found version 2.0.4
[0.694s] -- Searching for dependencies of gz-plugin2-loader
[0.695s] -- Searching for <gz-plugin2> component [register]
[0.696s] -- Looking for gz-plugin2-register -- found version 2.0.4
[0.696s] -- Searching for dependencies of gz-plugin2-register
[0.698s] -- Looking for gz-transport13 -- found version 13.4.1
[0.698s] -- Searching for dependencies of gz-transport13
[0.787s] -- Found Protobuf: /usr/lib/x86_64-linux-gnu/libprotobuf.so (found version "3.21.12") 
[0.797s] -- Config-file not installed for ZeroMQ -- checking for pkg-config
[0.800s] -- Checking for module 'libzmq >= 4'
[0.812s] --   Found libzmq, version 4.3.5
[0.838s] -- Found ZeroMQ: TRUE (Required is at least version "4") 
[0.842s] -- Checking for module 'uuid'
[0.851s] --   Found uuid, version 2.39.3
[0.871s] -- Found UUID: TRUE  
[0.871s] -- Looking for gz-utils2 -- found version 2.2.1
[0.873s] -- Looking for gz-msgs10 -- found version 10.3.2
[0.873s] -- Searching for dependencies of gz-msgs10
[0.887s] -- Looking for gz-utils2 -- found version 2.2.1
[0.887s] -- Looking for gz-math7 -- found version 7.5.2
[0.892s] -- Searching for <gz-transport13> component [log]
[0.894s] -- Looking for gz-transport13-log -- found version 13.4.1
[0.894s] -- Searching for dependencies of gz-transport13-log
[0.894s] -- Searching for <gz-transport13> component [parameters]
[0.896s] -- Looking for gz-transport13-parameters -- found version 13.4.1
[0.896s] -- Searching for dependencies of gz-transport13-parameters
[0.897s] -- Looking for gz-msgs10 -- found version 10.3.2
[0.898s] -- Looking for gz-common5 -- found version 5.7.1
[0.898s] -- Searching for dependencies of gz-common5
[0.898s] -- Looking for gz-utils2 -- found version 2.2.1
[0.899s] -- Looking for dlfcn.h - found
[0.900s] -- Looking for libdl - found
[0.901s] -- Found DL: TRUE  
[0.907s] -- Searching for <gz-common5> component [av]
[0.908s] -- Looking for gz-common5-av -- found version 5.7.1
[0.908s] -- Searching for dependencies of gz-common5-av
[0.913s] -- Checking for module 'libswscale'
[0.923s] --   Found libswscale, version 7.5.100
[0.944s] -- Found SWSCALE: TRUE  
[0.948s] -- Checking for module 'libavdevice >= 56.4.100'
[0.957s] --   Found libavdevice, version 60.3.100
[0.985s] -- Found AVDEVICE: TRUE (Required is at least version "56.4.100") 
[0.988s] -- Checking for module 'libavformat'
[0.998s] --   Found libavformat, version 60.16.100
[1.024s] -- Found AVFORMAT: TRUE  
[1.028s] -- Checking for module 'libavcodec'
[1.038s] --   Found libavcodec, version 60.31.102
[1.060s] -- Found AVCODEC: TRUE  
[1.064s] -- Checking for module 'libavutil'
[1.073s] --   Found libavutil, version 58.29.100
[1.094s] -- Found AVUTIL: TRUE  
[1.095s] -- Searching for <gz-common5> component [events]
[1.097s] -- Looking for gz-common5-events -- found version 5.7.1
[1.097s] -- Searching for dependencies of gz-common5-events
[1.097s] -- Looking for gz-math7 -- found version 7.5.2
[1.098s] -- Searching for <gz-common5> component [graphics]
[1.100s] -- Looking for gz-common5-graphics -- found version 5.7.1
[1.100s] -- Searching for dependencies of gz-common5-graphics
[1.100s] -- Looking for gz-math7 -- found version 7.5.2
[1.104s] -- Found GzAssimp: TRUE (found version "5.3.0") 
[1.105s] -- Searching for <gz-common5> component [io]
[1.107s] -- Looking for gz-common5-io -- found version 5.7.1
[1.107s] -- Searching for dependencies of gz-common5-io
[1.107s] -- Searching for <gz-common5> component [profiler]
[1.109s] -- Looking for gz-common5-profiler -- found version 5.7.1
[1.109s] -- Searching for dependencies of gz-common5-profiler
[1.112s] -- Looking for gz-fuel_tools9 -- found version 9.1.1
[1.112s] -- Searching for dependencies of gz-fuel_tools9
[1.172s] -- Found CURL: /usr/lib/x86_64-linux-gnu/libcurl.so (found version "8.5.0")  
[1.181s] -- Checking for module 'jsoncpp'
[1.191s] --   Found jsoncpp, version 1.9.5
[1.220s] -- Found JSONCPP: TRUE  
[1.233s] -- Checking for module 'yaml-0.1'
[1.243s] --   Found yaml-0.1, version 0.2.5
[1.265s] -- Found YAML: TRUE  
[1.269s] -- Checking for module 'libzip'
[1.279s] --   Found libzip, version 1.7.3
[1.302s] -- Found ZIP: TRUE  
[1.302s] -- Looking for gz-utils2 -- found version 2.2.1
[1.303s] -- Looking for gz-common5 -- found version 5.7.1
[1.303s] -- Searching for dependencies of gz-common5
[1.303s] -- Looking for gz-utils2 -- found version 2.2.1
[1.303s] -- Looking for dlfcn.h - found
[1.303s] -- Looking for libdl - found
[1.310s] -- Searching for <gz-common5> component [testing]
[1.312s] -- Looking for gz-common5-testing -- found version 5.7.1
[1.312s] -- Searching for dependencies of gz-common5-testing
[1.313s] -- Looking for gz-math7 -- found version 7.5.2
[1.313s] -- Looking for gz-msgs10 -- found version 10.3.2
[1.316s] -- Looking for gz-gui8 -- found version 8.4.0
[1.316s] -- Searching for dependencies of gz-gui8
[1.336s] -- Looking for gz-utils2 -- found version 2.2.1
[1.336s] -- Looking for gz-math7 -- found version 7.5.2
[1.337s] -- Looking for gz-common5 -- found version 5.7.1
[1.337s] -- Looking for gz-plugin2 -- found version 2.0.4
[1.337s] -- Looking for gz-transport13 -- found version 13.4.1
[1.339s] -- Looking for gz-rendering8 -- found version 8.2.2
[1.339s] -- Searching for dependencies of gz-rendering8
[1.339s] -- Looking for gz-math7 -- found version 7.5.2
[1.339s] -- Searching for dependencies of gz-math7
[1.340s] -- Looking for gz-utils2 -- found version 2.2.1
[1.340s] -- Searching for <gz-math7> component [eigen3]
[1.342s] -- Looking for gz-math7-eigen3 -- found version 7.5.2
[1.342s] -- Searching for dependencies of gz-math7-eigen3
[1.350s] -- Looking for gz-common5 -- found version 5.7.1
[1.350s] -- Searching for dependencies of gz-common5
[1.350s] -- Looking for gz-utils2 -- found version 2.2.1
[1.350s] -- Looking for dlfcn.h - found
[1.350s] -- Looking for libdl - found
[1.356s] -- Searching for <gz-common5> component [graphics]
[1.356s] -- Searching for <gz-common5> component [events]
[1.356s] -- Searching for <gz-common5> component [geospatial]
[1.357s] -- Looking for gz-common5-geospatial -- found version 5.7.1
[1.357s] -- Searching for dependencies of gz-common5-geospatial
[1.358s] -- Looking for gz-math7 -- found version 7.5.2
[1.358s] -- Looking for gz-common5 -- found version 5.7.1
[1.359s] -- Looking for gz-plugin2 -- found version 2.0.4
[1.359s] -- Searching for dependencies of gz-plugin2
[1.359s] -- Looking for gz-utils2 -- found version 2.2.1
[1.359s] -- Searching for <gz-plugin2> component [all]
[1.361s] -- Looking for all libraries of gz-plugin2 -- found version 2.0.4
[1.361s] -- Looking for gz-plugin2 -- found version 2.0.4
[1.362s] -- Looking for gz-utils2 -- found version 2.2.1
[1.372s] -- Found OpenGL: /usr/lib/x86_64-linux-gnu/libOpenGL.so  found components: OpenGL 
[1.373s] -- Looking for gz-msgs10 -- found version 10.3.2
[1.394s] -- Looking for gz-physics7 -- found version 7.5.0
[1.395s] -- Searching for dependencies of gz-physics7
[1.395s] -- Looking for gz-common5 -- found version 5.7.1
[1.395s] -- Looking for gz-math7 -- found version 7.5.2
[1.395s] -- Looking for gz-plugin2 -- found version 2.0.4
[1.396s] -- Looking for gz-utils2 -- found version 2.2.1
[1.397s] -- Searching for <gz-physics7> component [heightmap]
[1.398s] -- Looking for gz-physics7-heightmap -- found version 7.5.0
[1.398s] -- Searching for dependencies of gz-physics7-heightmap
[1.398s] -- Looking for gz-common5 -- found version 5.7.1
[1.399s] -- Searching for <gz-physics7> component [mesh]
[1.400s] -- Looking for gz-physics7-mesh -- found version 7.5.0
[1.400s] -- Searching for dependencies of gz-physics7-mesh
[1.400s] -- Looking for gz-common5 -- found version 5.7.1
[1.401s] -- Searching for <gz-physics7> component [sdf]
[1.402s] -- Looking for gz-physics7-sdf -- found version 7.5.0
[1.402s] -- Searching for dependencies of gz-physics7-sdf
[1.402s] -- Looking for sdformat14 -- found version 14.7.0
[1.404s] -- Looking for gz-sensors8 -- found version 8.2.2
[1.404s] -- Searching for dependencies of gz-sensors8
[1.421s] -- Looking for gz-math7 -- found version 7.5.2
[1.421s] -- Looking for gz-common5 -- found version 5.7.1
[1.421s] -- Looking for gz-transport13 -- found version 13.4.1
[1.422s] -- Looking for gz-rendering8 -- found version 8.2.2
[1.422s] -- Looking for gz-msgs10 -- found version 10.3.2
[1.422s] -- Looking for sdformat14 -- found version 14.7.0
[1.423s] -- Searching for <gz-sensors8> component [air_pressure]
[1.424s] -- Looking for gz-sensors8-air_pressure -- found version 8.2.2
[1.424s] -- Searching for dependencies of gz-sensors8-air_pressure
[1.424s] -- Searching for <gz-sensors8> component [air_speed]
[1.425s] -- Looking for gz-sensors8-air_speed -- found version 8.2.2
[1.425s] -- Searching for dependencies of gz-sensors8-air_speed
[1.426s] -- Searching for <gz-sensors8> component [altimeter]
[1.427s] -- Looking for gz-sensors8-altimeter -- found version 8.2.2
[1.427s] -- Searching for dependencies of gz-sensors8-altimeter
[1.427s] -- Searching for <gz-sensors8> component [imu]
[1.429s] -- Looking for gz-sensors8-imu -- found version 8.2.2
[1.429s] -- Searching for dependencies of gz-sensors8-imu
[1.429s] -- Searching for <gz-sensors8> component [force_torque]
[1.431s] -- Looking for gz-sensors8-force_torque -- found version 8.2.2
[1.431s] -- Searching for dependencies of gz-sensors8-force_torque
[1.431s] -- Searching for <gz-sensors8> component [logical_camera]
[1.433s] -- Looking for gz-sensors8-logical_camera -- found version 8.2.2
[1.433s] -- Searching for dependencies of gz-sensors8-logical_camera
[1.433s] -- Searching for <gz-sensors8> component [magnetometer]
[1.434s] -- Looking for gz-sensors8-magnetometer -- found version 8.2.2
[1.434s] -- Searching for dependencies of gz-sensors8-magnetometer
[1.435s] -- Searching for <gz-sensors8> component [navsat]
[1.436s] -- Looking for gz-sensors8-navsat -- found version 8.2.2
[1.436s] -- Searching for dependencies of gz-sensors8-navsat
[1.437s] -- Searching for <gz-sensors8> component [dvl]
[1.438s] -- Looking for gz-sensors8-dvl -- found version 8.2.2
[1.438s] -- Searching for dependencies of gz-sensors8-dvl
[1.439s] -- Looking for gz-sensors8 -- found version 8.2.2
[1.439s] -- Searching for dependencies of gz-sensors8
[1.458s] -- Looking for gz-math7 -- found version 7.5.2
[1.458s] -- Looking for gz-common5 -- found version 5.7.1
[1.458s] -- Looking for gz-transport13 -- found version 13.4.1
[1.459s] -- Looking for gz-rendering8 -- found version 8.2.2
[1.459s] -- Looking for gz-msgs10 -- found version 10.3.2
[1.459s] -- Looking for sdformat14 -- found version 14.7.0
[1.460s] -- Searching for <gz-sensors8> component [rendering]
[1.461s] -- Looking for gz-sensors8-rendering -- found version 8.2.2
[1.461s] -- Searching for dependencies of gz-sensors8-rendering
[1.463s] -- Searching for <gz-sensors8> component [rendering]
[1.463s] -- Searching for <gz-sensors8> component [lidar]
[1.465s] -- Looking for gz-sensors8-lidar -- found version 8.2.2
[1.465s] -- Searching for dependencies of gz-sensors8-lidar
[1.465s] -- Looking for gz-sensors8 -- found version 8.2.2
[1.466s] -- Searching for <gz-sensors8> component [gpu_lidar]
[1.468s] -- Looking for gz-sensors8-gpu_lidar -- found version 8.2.2
[1.468s] -- Searching for dependencies of gz-sensors8-gpu_lidar
[1.468s] -- Looking for gz-sensors8 -- found version 8.2.2
[1.469s] -- Searching for <gz-sensors8> component [camera]
[1.470s] -- Looking for gz-sensors8-camera -- found version 8.2.2
[1.470s] -- Searching for dependencies of gz-sensors8-camera
[1.471s] -- Looking for gz-sensors8 -- found version 8.2.2
[1.471s] -- Searching for <gz-sensors8> component [boundingbox_camera]
[1.472s] -- Looking for gz-sensors8-boundingbox_camera -- found version 8.2.2
[1.472s] -- Searching for dependencies of gz-sensors8-boundingbox_camera
[1.473s] -- Searching for <gz-sensors8> component [segmentation_camera]
[1.474s] -- Looking for gz-sensors8-segmentation_camera -- found version 8.2.2
[1.474s] -- Searching for dependencies of gz-sensors8-segmentation_camera
[1.475s] -- Searching for <gz-sensors8> component [depth_camera]
[1.476s] -- Looking for gz-sensors8-depth_camera -- found version 8.2.2
[1.476s] -- Searching for dependencies of gz-sensors8-depth_camera
[1.476s] -- Looking for gz-sensors8 -- found version 8.2.2
[1.477s] -- Searching for <gz-sensors8> component [rgbd_camera]
[1.478s] -- Looking for gz-sensors8-rgbd_camera -- found version 8.2.2
[1.478s] -- Searching for dependencies of gz-sensors8-rgbd_camera
[1.478s] -- Looking for gz-sensors8 -- found version 8.2.2
[1.479s] -- Searching for <gz-sensors8> component [thermal_camera]
[1.480s] -- Looking for gz-sensors8-thermal_camera -- found version 8.2.2
[1.480s] -- Searching for dependencies of gz-sensors8-thermal_camera
[1.480s] -- Looking for gz-sensors8 -- found version 8.2.2
[1.481s] -- Searching for <gz-sensors8> component [wide_angle_camera]
[1.482s] -- Looking for gz-sensors8-wide_angle_camera -- found version 8.2.2
[1.482s] -- Searching for dependencies of gz-sensors8-wide_angle_camera
[1.483s] -- Looking for gz-rendering8 -- found version 8.2.2
[1.483s] -- Looking for gz-math7 -- found version 7.5.2
[1.483s] -- Looking for gz-utils2 -- found version 2.2.1
[1.498s] -- Looking for gz-common5 -- found version 5.7.1
[1.498s] -- Looking for gz-fuel_tools9 -- found version 9.1.1
[1.499s] -- Looking for gz-math7 -- found version 7.5.2
[1.499s] -- Looking for gz-msgs10 -- found version 10.3.2
[1.499s] -- Looking for gz-transport13 -- found version 13.4.1
[1.499s] -- Looking for gz-plugin2 -- found version 2.0.4
[1.499s] -- Looking for gz-rendering8 -- found version 8.2.2
[1.500s] -- Looking for gz-sensors8 -- found version 8.2.2
[1.500s] -- Looking for gz-utils2 -- found version 2.2.1
[1.500s] -- Looking for sdformat14 -- found version 14.7.0
[1.503s] -- Found std_msgs: 5.3.6 (/opt/ros/jazzy/share/std_msgs/cmake)
[1.537s] -- Found rosidl_generator_c: 4.6.5 (/opt/ros/jazzy/share/rosidl_generator_c/cmake)
[1.550s] -- Found rosidl_generator_cpp: 4.6.5 (/opt/ros/jazzy/share/rosidl_generator_cpp/cmake)
[1.564s] -- Using all available rosidl_typesupport_c: rosidl_typesupport_fastrtps_c;rosidl_typesupport_introspection_c
[1.580s] -- Using all available rosidl_typesupport_cpp: rosidl_typesupport_fastrtps_cpp;rosidl_typesupport_introspection_cpp
[1.675s] -- Configuring done (1.5s)
[1.758s] -- Generating done (0.1s)
[1.774s] -- Build files have been written to: /home/luca002/proj_ws/build/wamv_gazebo
[1.789s] Invoked command in '/home/luca002/proj_ws/build/wamv_gazebo' returned '0': CMAKE_PREFIX_PATH=${CMAKE_PREFIX_PATH}:/home/luca002/ros_ws/install/robot_description_example:/home/luca002/proj_ws/install/python_node:/opt/ros/jazzy DEBUGINFOD_URLS=https://debuginfod.ubuntu.com /usr/bin/cmake /home/luca002/proj_ws/src/wamv_gazebo -DAMENT_CMAKE_SYMLINK_INSTALL=1 -DCMAKE_INSTALL_PREFIX=/home/luca002/proj_ws/install/wamv_gazebo
[1.790s] Invoking command in '/home/luca002/proj_ws/build/wamv_gazebo': CMAKE_PREFIX_PATH=${CMAKE_PREFIX_PATH}:/home/luca002/ros_ws/install/robot_description_example:/home/luca002/proj_ws/install/python_node:/opt/ros/jazzy DEBUGINFOD_URLS=https://debuginfod.ubuntu.com /usr/bin/cmake --build /home/luca002/proj_ws/build/wamv_gazebo -- -j16 -l16
[1.830s] [  2%] [32mBuilding CXX object CMakeFiles/ScoringPlugin.dir/src/ScoringPlugin.cc.o[0m
[1.830s] [  4%] [32mBuilding CXX object CMakeFiles/Waves.dir/src/Wavefield.cc.o[0m
[4.258s] [  6%] [32m[1mLinking CXX shared library libWaves.so[0m
[4.398s] [  6%] Built target Waves
[4.416s] [ 12%] [32mBuilding CXX object CMakeFiles/PolyhedraBuoyancyDrag.dir/src/PolyhedraBuoyancyDrag.cc.o[0m
[4.416s] [ 12%] [32mBuilding CXX object CMakeFiles/PolyhedraBuoyancyDrag.dir/src/PolyhedronVolume.cc.o[0m
[4.416s] [ 12%] [32mBuilding CXX object CMakeFiles/PolyhedraBuoyancyDrag.dir/src/ShapeVolume.cc.o[0m
[5.199s] [ 14%] [32m[1mLinking CXX shared library libScoringPlugin.so[0m
[5.361s] [ 14%] Built target ScoringPlugin
[5.383s] [ 22%] [32mBuilding CXX object CMakeFiles/GymkhanaScoringPlugin.dir/src/GymkhanaScoringPlugin.cc.o[0m
[5.383s] [ 22%] [32mBuilding CXX object CMakeFiles/BallShooterPlugin.dir/src/BallShooterPlugin.cc.o[0m
[5.383s] [ 22%] [32mBuilding CXX object CMakeFiles/AcousticTrackingScoringPlugin.dir/src/AcousticTrackingScoringPlugin.cc.o[0m
[5.383s] [ 22%] [32mBuilding CXX object CMakeFiles/StationkeepingScoringPlugin.dir/src/StationkeepingScoringPlugin.cc.o[0m
[5.383s] [ 25%] [32mBuilding CXX object CMakeFiles/LightBuoyPlugin.dir/src/LightBuoyPlugin.cc.o[0m
[5.384s] [ 35%] [32mBuilding CXX object CMakeFiles/AcousticPerceptionScoringPlugin.dir/src/AcousticPerceptionScoringPlugin.cc.o[0m
[5.384s] [ 35%] [32mBuilding CXX object CMakeFiles/WayfindingScoringPlugin.dir/src/WayfindingScoringPlugin.cc.o[0m
[5.384s] [ 35%] [32mBuilding CXX object CMakeFiles/PerceptionScoringPlugin.dir/src/PerceptionScoringPlugin.cc.o[0m
[5.384s] [ 35%] [32mBuilding CXX object CMakeFiles/PlacardPlugin.dir/src/PlacardPlugin.cc.o[0m
[5.385s] [ 35%] [32mBuilding CXX object CMakeFiles/PublisherPlugin.dir/src/PublisherPlugin.cc.o[0m
[5.385s] [ 39%] [32mBuilding CXX object CMakeFiles/SimpleHydrodynamics.dir/src/SimpleHydrodynamics.cc.o[0m
[5.385s] [ 39%] [32mBuilding CXX object CMakeFiles/ScanDockScoringPlugin.dir/src/ScanDockScoringPlugin.cc.o[0m
[5.385s] [ 41%] [32mBuilding CXX object CMakeFiles/AcousticPingerPlugin.dir/src/AcousticPingerPlugin.cc.o[0m
[5.385s] [ 43%] [32mBuilding CXX object CMakeFiles/NavigationScoringPlugin.dir/src/NavigationScoringPlugin.cc.o[0m
[5.575s] [ 45%] [32mBuilding CXX object CMakeFiles/AcousticPerceptionScoringPlugin.dir/src/WaypointMarkers.cc.o[0m
[10.013s] [ 47%] [32m[1mLinking CXX shared library libPublisherPlugin.so[0m
[10.391s] [ 47%] Built target PublisherPlugin
[10.403s] [ 50%] [32mBuilding CXX object CMakeFiles/WayfindingScoringPlugin.dir/src/WaypointMarkers.cc.o[0m
[10.415s] [ 52%] [32mBuilding CXX object CMakeFiles/AcousticTrackingScoringPlugin.dir/src/WaypointMarkers.cc.o[0m
[10.640s] [ 54%] [32m[1mLinking CXX shared library libLightBuoyPlugin.so[0m
[11.109s] [ 54%] Built target LightBuoyPlugin
[11.124s] [ 56%] [32mBuilding CXX object CMakeFiles/StationkeepingScoringPlugin.dir/src/WaypointMarkers.cc.o[0m
[11.277s] [ 58%] [32m[1mLinking CXX shared library libGymkhanaScoringPlugin.so[0m
[11.310s] [ 60%] [32m[1mLinking CXX shared library libPolyhedraBuoyancyDrag.so[0m
[11.324s] [ 62%] [32m[1mLinking CXX shared library libSimpleHydrodynamics.so[0m
[11.749s] [ 62%] Built target SimpleHydrodynamics
[11.753s] [ 64%] [32m[1mLinking CXX shared library libPlacardPlugin.so[0m
[11.785s] [ 64%] Built target GymkhanaScoringPlugin
[11.803s] [ 66%] [32mBuilding CXX object CMakeFiles/Surface.dir/src/Surface.cc.o[0m
[11.824s] [ 68%] [32mBuilding CXX object CMakeFiles/USVWind.dir/src/USVWind.cc.o[0m
[11.861s] [ 68%] Built target PolyhedraBuoyancyDrag
[11.902s] [ 70%] [32mBuilding CXX object CMakeFiles/WaveVisual.dir/src/WaveVisual.cc.o[0m
[12.232s] [ 70%] Built target PlacardPlugin
[12.263s] [ 72%] [32mBuilding CXX object CMakeFiles/WildlifeScoringPlugin.dir/src/WildlifeScoringPlugin.cc.o[0m
[13.372s] [ 75%] [32m[1mLinking CXX shared library libPerceptionScoringPlugin.so[0m
[13.468s] [ 77%] [32m[1mLinking CXX shared library libAcousticPingerPlugin.so[0m
[13.731s] [ 79%] [32m[1mLinking CXX shared library libAcousticPerceptionScoringPlugin.so[0m
[13.949s] [ 79%] Built target PerceptionScoringPlugin
[13.991s] [ 79%] Built target AcousticPingerPlugin
[14.101s] [ 79%] Built target AcousticPerceptionScoringPlugin
[14.123s] [ 81%] [32m[1mLinking CXX shared library libNavigationScoringPlugin.so[0m
[14.333s] [ 81%] Built target NavigationScoringPlugin
[14.657s] [ 83%] [32m[1mLinking CXX shared library libBallShooterPlugin.so[0m
[14.846s] [ 85%] [32m[1mLinking CXX shared library libWayfindingScoringPlugin.so[0m
[14.921s] [ 85%] Built target BallShooterPlugin
[14.974s] [ 87%] [32m[1mLinking CXX shared library libScanDockScoringPlugin.so[0m
[14.985s] [ 89%] [32m[1mLinking CXX shared library libAcousticTrackingScoringPlugin.so[0m
[15.142s] [ 89%] Built target WayfindingScoringPlugin
[15.335s] [ 89%] Built target AcousticTrackingScoringPlugin
[15.345s] [ 89%] Built target ScanDockScoringPlugin
[15.379s] [ 91%] [32m[1mLinking CXX shared library libStationkeepingScoringPlugin.so[0m
[15.599s] [ 91%] Built target StationkeepingScoringPlugin
[16.524s] [ 93%] [32m[1mLinking CXX shared library libSurface.so[0m
[16.705s] [ 93%] Built target Surface
[17.705s] [ 95%] [32m[1mLinking CXX shared library libWildlifeScoringPlugin.so[0m
[17.752s] [ 97%] [32m[1mLinking CXX shared library libUSVWind.so[0m
[17.756s] [100%] [32m[1mLinking CXX shared library libWaveVisual.so[0m
[17.931s] [100%] Built target WildlifeScoringPlugin
[17.955s] [100%] Built target USVWind
[17.963s] [100%] Built target WaveVisual
[17.971s] Invoked command in '/home/luca002/proj_ws/build/wamv_gazebo' returned '0': CMAKE_PREFIX_PATH=${CMAKE_PREFIX_PATH}:/home/luca002/ros_ws/install/robot_description_example:/home/luca002/proj_ws/install/python_node:/opt/ros/jazzy DEBUGINFOD_URLS=https://debuginfod.ubuntu.com /usr/bin/cmake --build /home/luca002/proj_ws/build/wamv_gazebo -- -j16 -l16
[17.971s] Invoking command in '/home/luca002/proj_ws/build/wamv_gazebo': CMAKE_PREFIX_PATH=${CMAKE_PREFIX_PATH}:/home/luca002/ros_ws/install/robot_description_example:/home/luca002/proj_ws/install/python_node:/opt/ros/jazzy DEBUGINFOD_URLS=https://debuginfod.ubuntu.com /usr/bin/cmake --install /home/luca002/proj_ws/build/wamv_gazebo
[17.977s] -- Install configuration: ""
[17.977s] -- Execute custom install script
[17.977s] -- Symlinking: /home/luca002/proj_ws/install/wamv_gazebo/share/wamv_gazebo/environment/resource_paths.dsv
[17.983s] -- Symlinking: /home/luca002/proj_ws/install/wamv_gazebo/share/wamv_gazebo/environment/resource_paths.sh
[17.989s] -- Symlinking: /home/luca002/proj_ws/install/wamv_gazebo/lib/libWaves.so
[17.997s] -- Symlinking: /home/luca002/proj_ws/install/wamv_gazebo/lib/libPolyhedraBuoyancyDrag.so
[18.008s] -- Symlinking: /home/luca002/proj_ws/install/wamv_gazebo/lib/libScoringPlugin.so
[18.019s] -- Symlinking: /home/luca002/proj_ws/install/wamv_gazebo/lib/libStationkeepingScoringPlugin.so
[18.025s] -- Symlinking: /home/luca002/proj_ws/install/wamv_gazebo/lib/libWayfindingScoringPlugin.so
[18.030s] -- Symlinking: /home/luca002/proj_ws/install/wamv_gazebo/lib/libAcousticPerceptionScoringPlugin.so
[18.035s] -- Symlinking: /home/luca002/proj_ws/install/wamv_gazebo/lib/libAcousticTrackingScoringPlugin.so
[18.041s] -- Symlinking: /home/luca002/proj_ws/install/wamv_gazebo/lib/libAcousticPingerPlugin.so
[18.046s] -- Symlinking: /home/luca002/proj_ws/install/wamv_gazebo/lib/libBallShooterPlugin.so
[18.052s] -- Symlinking: /home/luca002/proj_ws/install/wamv_gazebo/lib/libLightBuoyPlugin.so
[18.057s] -- Symlinking: /home/luca002/proj_ws/install/wamv_gazebo/lib/libNavigationScoringPlugin.so
[18.062s] -- Symlinking: /home/luca002/proj_ws/install/wamv_gazebo/lib/libGymkhanaScoringPlugin.so
[18.068s] -- Symlinking: /home/luca002/proj_ws/install/wamv_gazebo/lib/libPerceptionScoringPlugin.so
[18.079s] -- Symlinking: /home/luca002/proj_ws/install/wamv_gazebo/lib/libPlacardPlugin.so
[18.089s] -- Symlinking: /home/luca002/proj_ws/install/wamv_gazebo/lib/libPublisherPlugin.so
[18.099s] -- Symlinking: /home/luca002/proj_ws/install/wamv_gazebo/lib/libScanDockScoringPlugin.so
[18.107s] -- Symlinking: /home/luca002/proj_ws/install/wamv_gazebo/lib/libSimpleHydrodynamics.so
[18.114s] -- Symlinking: /home/luca002/proj_ws/install/wamv_gazebo/lib/libSurface.so
[18.119s] -- Symlinking: /home/luca002/proj_ws/install/wamv_gazebo/lib/libUSVWind.so
[18.126s] -- Symlinking: /home/luca002/proj_ws/install/wamv_gazebo/lib/libWaveVisual.so
[18.131s] -- Symlinking: /home/luca002/proj_ws/install/wamv_gazebo/lib/libWildlifeScoringPlugin.so
[18.136s] -- Symlinking: /home/luca002/proj_ws/install/wamv_gazebo/share/wamv_gazebo/config/ekf.yaml
[18.141s] -- Symlinking: /home/luca002/proj_ws/install/wamv_gazebo/share/wamv_gazebo/config/navsat.yaml
[18.147s] -- Symlinking: /home/luca002/proj_ws/install/wamv_gazebo/share/wamv_gazebo/launch/__init__.py
[18.152s] -- Symlinking: /home/luca002/proj_ws/install/wamv_gazebo/share/wamv_gazebo/launch/cartographer.launch.py
[18.157s] -- Symlinking: /home/luca002/proj_ws/install/wamv_gazebo/share/wamv_gazebo/launch/launch1.py
[18.162s] -- Symlinking: /home/luca002/proj_ws/install/wamv_gazebo/share/wamv_gazebo/launch/launch2.py
[18.167s] -- Symlinking: /home/luca002/proj_ws/install/wamv_gazebo/share/wamv_gazebo/launch/launch3.py
[18.172s] -- Symlinking: /home/luca002/proj_ws/install/wamv_gazebo/share/wamv_gazebo/launch/launch4.py
[18.177s] -- Symlinking: /home/luca002/proj_ws/install/wamv_gazebo/share/wamv_gazebo/launch/launch5.py
[18.183s] -- Symlinking: /home/luca002/proj_ws/install/wamv_gazebo/share/wamv_gazebo/launch/launch6.py
[18.189s] -- Symlinking: /home/luca002/proj_ws/install/wamv_gazebo/share/wamv_gazebo/launch/launch7.py
[18.197s] -- Symlinking: /home/luca002/proj_ws/install/wamv_gazebo/share/wamv_gazebo/launch/occupancy_grid.launch.py
[18.210s] -- Symlinking: /home/luca002/proj_ws/install/wamv_gazebo/share/wamv_gazebo/models/coast_waves/materials/programs/GerstnerWaves_fs_330.glsl
[18.220s] -- Symlinking: /home/luca002/proj_ws/install/wamv_gazebo/share/wamv_gazebo/models/coast_waves/materials/programs/GerstnerWaves_vs_330.glsl
[18.231s] -- Symlinking: /home/luca002/proj_ws/install/wamv_gazebo/share/wamv_gazebo/models/coast_waves/materials/textures/skybox_lowres.dds
[18.240s] -- Symlinking: /home/luca002/proj_ws/install/wamv_gazebo/share/wamv_gazebo/models/coast_waves/materials/textures/wave_normals.dds
[18.250s] -- Symlinking: /home/luca002/proj_ws/install/wamv_gazebo/share/wamv_gazebo/models/coast_waves/meshes/waterlow.dae
[18.262s] -- Symlinking: /home/luca002/proj_ws/install/wamv_gazebo/share/wamv_gazebo/models/coast_waves/model.config
[18.271s] -- Symlinking: /home/luca002/proj_ws/install/wamv_gazebo/share/wamv_gazebo/models/coast_waves/model.sdf
[18.285s] -- Symlinking: /home/luca002/proj_ws/install/wamv_gazebo/share/wamv_gazebo/models/dock_block/meshes/DockCubes_Albedo.png
[18.299s] -- Symlinking: /home/luca002/proj_ws/install/wamv_gazebo/share/wamv_gazebo/models/dock_block/meshes/DockCubes_Metalness.png
[18.308s] -- Symlinking: /home/luca002/proj_ws/install/wamv_gazebo/share/wamv_gazebo/models/dock_block/meshes/DockCubes_Normal.png
[18.314s] -- Symlinking: /home/luca002/proj_ws/install/wamv_gazebo/share/wamv_gazebo/models/dock_block/meshes/DockCubes_Roughness.png
[18.319s] -- Symlinking: /home/luca002/proj_ws/install/wamv_gazebo/share/wamv_gazebo/models/dock_block/meshes/dock_block_4x4.dae
[18.325s] -- Symlinking: /home/luca002/proj_ws/install/wamv_gazebo/share/wamv_gazebo/models/dock_block/model.config
[18.330s] -- Symlinking: /home/luca002/proj_ws/install/wamv_gazebo/share/wamv_gazebo/models/dock_block/model.sdf
[18.338s] -- Symlinking: /home/luca002/proj_ws/install/wamv_gazebo/share/wamv_gazebo/models/male/meshes/MaleVisitor.png
[18.345s] -- Symlinking: /home/luca002/proj_ws/install/wamv_gazebo/share/wamv_gazebo/models/male/meshes/MaleVisitorStatic.mtl
[18.351s] -- Symlinking: /home/luca002/proj_ws/install/wamv_gazebo/share/wamv_gazebo/models/male/meshes/MaleVisitorStatic.obj
[18.360s] -- Symlinking: /home/luca002/proj_ws/install/wamv_gazebo/share/wamv_gazebo/models/male/meshes/MaleVisitorStatic_Col.mtl
[18.366s] -- Symlinking: /home/luca002/proj_ws/install/wamv_gazebo/share/wamv_gazebo/models/male/meshes/MaleVisitorStatic_Col.obj
[18.373s] -- Symlinking: /home/luca002/proj_ws/install/wamv_gazebo/share/wamv_gazebo/models/male/meshes/Phone.png
[18.378s] -- Symlinking: /home/luca002/proj_ws/install/wamv_gazebo/share/wamv_gazebo/models/male/model.config
[18.384s] -- Symlinking: /home/luca002/proj_ws/install/wamv_gazebo/share/wamv_gazebo/models/male/model.sdf
[18.389s] -- Symlinking: /home/luca002/proj_ws/install/wamv_gazebo/share/wamv_gazebo/models/male/thumbnails/1.png
[18.396s] -- Symlinking: /home/luca002/proj_ws/install/wamv_gazebo/share/wamv_gazebo/models/male/thumbnails/2.png
[18.404s] -- Symlinking: /home/luca002/proj_ws/install/wamv_gazebo/share/wamv_gazebo/models/male/thumbnails/3.png
[18.410s] -- Symlinking: /home/luca002/proj_ws/install/wamv_gazebo/share/wamv_gazebo/models/male/thumbnails/4.png
[18.416s] -- Symlinking: /home/luca002/proj_ws/install/wamv_gazebo/share/wamv_gazebo/models/male/thumbnails/5.png
[18.421s] -- Symlinking: /home/luca002/proj_ws/install/wamv_gazebo/share/wamv_gazebo/models/nav2_params.yaml
[18.426s] -- Symlinking: /home/luca002/proj_ws/install/wamv_gazebo/share/wamv_gazebo/models/person/materials/textures/eyebrow001-unmodified.png
[18.431s] -- Symlinking: /home/luca002/proj_ws/install/wamv_gazebo/share/wamv_gazebo/models/person/materials/textures/eyebrow001.png
[18.437s] -- Symlinking: /home/luca002/proj_ws/install/wamv_gazebo/share/wamv_gazebo/models/person/materials/textures/green_eye.png
[18.442s] -- Symlinking: /home/luca002/proj_ws/install/wamv_gazebo/share/wamv_gazebo/models/person/materials/textures/jeans01_normals.png
[18.448s] -- Symlinking: /home/luca002/proj_ws/install/wamv_gazebo/share/wamv_gazebo/models/person/materials/textures/jeans_basic_diffuse.png
[18.453s] -- Symlinking: /home/luca002/proj_ws/install/wamv_gazebo/share/wamv_gazebo/models/person/materials/textures/male02_diffuse_black-unmodified.png
[18.458s] -- Symlinking: /home/luca002/proj_ws/install/wamv_gazebo/share/wamv_gazebo/models/person/materials/textures/male02_diffuse_black.png
[18.464s] -- Symlinking: /home/luca002/proj_ws/install/wamv_gazebo/share/wamv_gazebo/models/person/materials/textures/teeth.png
[18.472s] -- Symlinking: /home/luca002/proj_ws/install/wamv_gazebo/share/wamv_gazebo/models/person/materials/textures/tshirt02_normals.png
[18.478s] -- Symlinking: /home/luca002/proj_ws/install/wamv_gazebo/share/wamv_gazebo/models/person/materials/textures/tshirt02_texture.png
[18.483s] -- Symlinking: /home/luca002/proj_ws/install/wamv_gazebo/share/wamv_gazebo/models/person/materials/textures/young_lightskinned_male_diffuse.png
[18.489s] -- Symlinking: /home/luca002/proj_ws/install/wamv_gazebo/share/wamv_gazebo/models/person/meshes/standing.dae
[18.499s] -- Symlinking: /home/luca002/proj_ws/install/wamv_gazebo/share/wamv_gazebo/models/person/model.config
[18.507s] -- Symlinking: /home/luca002/proj_ws/install/wamv_gazebo/share/wamv_gazebo/models/person/model.sdf
[18.514s] -- Symlinking: /home/luca002/proj_ws/install/wamv_gazebo/share/wamv_gazebo/models/person/thumbnails/1.png
[18.519s] -- Symlinking: /home/luca002/proj_ws/install/wamv_gazebo/share/wamv_gazebo/models/person/thumbnails/2.png
[18.524s] -- Symlinking: /home/luca002/proj_ws/install/wamv_gazebo/share/wamv_gazebo/models/person/thumbnails/3.png
[18.531s] -- Symlinking: /home/luca002/proj_ws/install/wamv_gazebo/share/wamv_gazebo/models/person/thumbnails/4.png
[18.537s] -- Symlinking: /home/luca002/proj_ws/install/wamv_gazebo/share/wamv_gazebo/models/person/thumbnails/5.png
[18.546s] -- Symlinking: /home/luca002/proj_ws/install/wamv_gazebo/share/wamv_gazebo/models/round_buoy_black/materials/textures/RoundBarrierBuoy_Base_Color.png
[18.554s] -- Symlinking: /home/luca002/proj_ws/install/wamv_gazebo/share/wamv_gazebo/models/round_buoy_black/materials/textures/RoundBarrierBuoy_Roughness.png
[18.564s] -- Symlinking: /home/luca002/proj_ws/install/wamv_gazebo/share/wamv_gazebo/models/round_buoy_black/meshes/mb_round_buoy.dae
[18.571s] -- Symlinking: /home/luca002/proj_ws/install/wamv_gazebo/share/wamv_gazebo/models/round_buoy_black/model.config
[18.580s] -- Symlinking: /home/luca002/proj_ws/install/wamv_gazebo/share/wamv_gazebo/models/round_buoy_black/model.sdf
[18.589s] -- Symlinking: /home/luca002/proj_ws/install/wamv_gazebo/share/wamv_gazebo/models/round_buoy_black/thumbnails/1.png
[18.599s] -- Symlinking: /home/luca002/proj_ws/install/wamv_gazebo/share/wamv_gazebo/models/round_buoy_black/thumbnails/2.png
[18.612s] -- Symlinking: /home/luca002/proj_ws/install/wamv_gazebo/share/wamv_gazebo/models/round_buoy_black/thumbnails/3.png
[18.620s] -- Symlinking: /home/luca002/proj_ws/install/wamv_gazebo/share/wamv_gazebo/models/round_buoy_black/thumbnails/4.png
[18.629s] -- Symlinking: /home/luca002/proj_ws/install/wamv_gazebo/share/wamv_gazebo/models/round_buoy_black/thumbnails/5.png
[18.635s] -- Symlinking: /home/luca002/proj_ws/install/wamv_gazebo/share/wamv_gazebo/models/round_buoy_orange/materials/textures/RoundBarrierBuoy_Base_Color.png
[18.640s] -- Symlinking: /home/luca002/proj_ws/install/wamv_gazebo/share/wamv_gazebo/models/round_buoy_orange/materials/textures/RoundBarrierBuoy_Roughness.png
[18.645s] -- Symlinking: /home/luca002/proj_ws/install/wamv_gazebo/share/wamv_gazebo/models/round_buoy_orange/meshes/mb_round_buoy.dae
[18.651s] -- Symlinking: /home/luca002/proj_ws/install/wamv_gazebo/share/wamv_gazebo/models/round_buoy_orange/model.config
[18.656s] -- Symlinking: /home/luca002/proj_ws/install/wamv_gazebo/share/wamv_gazebo/models/round_buoy_orange/model.sdf
[18.662s] -- Symlinking: /home/luca002/proj_ws/install/wamv_gazebo/share/wamv_gazebo/models/round_buoy_orange/thumbnails/1.png
[18.672s] -- Symlinking: /home/luca002/proj_ws/install/wamv_gazebo/share/wamv_gazebo/models/round_buoy_orange/thumbnails/2.png
[18.682s] -- Symlinking: /home/luca002/proj_ws/install/wamv_gazebo/share/wamv_gazebo/models/round_buoy_orange/thumbnails/3.png
[18.691s] -- Symlinking: /home/luca002/proj_ws/install/wamv_gazebo/share/wamv_gazebo/models/round_buoy_orange/thumbnails/4.png
[18.701s] -- Symlinking: /home/luca002/proj_ws/install/wamv_gazebo/share/wamv_gazebo/models/round_buoy_orange/thumbnails/5.png
[18.709s] -- Symlinking: /home/luca002/proj_ws/install/wamv_gazebo/share/wamv_gazebo/models/vessel_a/materials/textures/Boat05_Albedo.jpg
[18.715s] -- Symlinking: /home/luca002/proj_ws/install/wamv_gazebo/share/wamv_gazebo/models/vessel_a/materials/textures/Boat05_Metalness.png
[18.720s] -- Symlinking: /home/luca002/proj_ws/install/wamv_gazebo/share/wamv_gazebo/models/vessel_a/materials/textures/Boat05_Normal.png
[18.725s] -- Symlinking: /home/luca002/proj_ws/install/wamv_gazebo/share/wamv_gazebo/models/vessel_a/materials/textures/Boat05_Roughness.jpg
[18.730s] -- Symlinking: /home/luca002/proj_ws/install/wamv_gazebo/share/wamv_gazebo/models/vessel_a/meshes/Boat05.dae
[18.735s] -- Symlinking: /home/luca002/proj_ws/install/wamv_gazebo/share/wamv_gazebo/models/vessel_a/model.config
[18.740s] -- Symlinking: /home/luca002/proj_ws/install/wamv_gazebo/share/wamv_gazebo/models/vessel_a/model.sdf
[18.746s] -- Symlinking: /home/luca002/proj_ws/install/wamv_gazebo/share/wamv_gazebo/models/vessel_a/thumbnails/1.png
[18.751s] -- Symlinking: /home/luca002/proj_ws/install/wamv_gazebo/share/wamv_gazebo/models/vessel_b/materials/textures/Boat06_Albedo.jpg
[18.756s] -- Symlinking: /home/luca002/proj_ws/install/wamv_gazebo/share/wamv_gazebo/models/vessel_b/materials/textures/Boat06_Metalness.png
[18.761s] -- Symlinking: /home/luca002/proj_ws/install/wamv_gazebo/share/wamv_gazebo/models/vessel_b/materials/textures/Boat06_Normal.jpg
[18.768s] -- Symlinking: /home/luca002/proj_ws/install/wamv_gazebo/share/wamv_gazebo/models/vessel_b/materials/textures/Boat06_Roughness.jpg
[18.776s] -- Symlinking: /home/luca002/proj_ws/install/wamv_gazebo/share/wamv_gazebo/models/vessel_b/meshes/Boat06.dae
[18.781s] -- Symlinking: /home/luca002/proj_ws/install/wamv_gazebo/share/wamv_gazebo/models/vessel_b/model.config
[18.788s] -- Symlinking: /home/luca002/proj_ws/install/wamv_gazebo/share/wamv_gazebo/models/vessel_b/model.sdf
[18.794s] -- Symlinking: /home/luca002/proj_ws/install/wamv_gazebo/share/wamv_gazebo/models/vessel_b/thumbnails/1.png
[18.804s] -- Symlinking: /home/luca002/proj_ws/install/wamv_gazebo/share/wamv_gazebo/models/vessel_c/materials/textures/Boat07_Albedo.jpg
[18.812s] -- Symlinking: /home/luca002/proj_ws/install/wamv_gazebo/share/wamv_gazebo/models/vessel_c/materials/textures/Boat07_Normal.jpg
[18.817s] -- Symlinking: /home/luca002/proj_ws/install/wamv_gazebo/share/wamv_gazebo/models/vessel_c/materials/textures/Boat07_Roughness.jpg
[18.823s] -- Symlinking: /home/luca002/proj_ws/install/wamv_gazebo/share/wamv_gazebo/models/vessel_c/meshes/Boat07.dae
[18.828s] -- Symlinking: /home/luca002/proj_ws/install/wamv_gazebo/share/wamv_gazebo/models/vessel_c/model.config
[18.833s] -- Symlinking: /home/luca002/proj_ws/install/wamv_gazebo/share/wamv_gazebo/models/vessel_c/model.sdf
[18.839s] -- Symlinking: /home/luca002/proj_ws/install/wamv_gazebo/share/wamv_gazebo/models/vessel_c/thumbnails/1.png
[18.845s] -- Symlinking: /home/luca002/proj_ws/install/wamv_gazebo/share/wamv_gazebo/models/wamv/meshes/WAM-V-Base.dae
[18.856s] -- Symlinking: /home/luca002/proj_ws/install/wamv_gazebo/share/wamv_gazebo/models/wamv/meshes/WamV.png
[18.863s] -- Symlinking: /home/luca002/proj_ws/install/wamv_gazebo/share/wamv_gazebo/models/wamv/meshes/battery.dae
[18.868s] -- Symlinking: /home/luca002/proj_ws/install/wamv_gazebo/share/wamv_gazebo/models/wamv/meshes/battery.png
[18.873s] -- Symlinking: /home/luca002/proj_ws/install/wamv_gazebo/share/wamv_gazebo/models/wamv/meshes/battery_Albedo.png
[18.878s] -- Symlinking: /home/luca002/proj_ws/install/wamv_gazebo/share/wamv_gazebo/models/wamv/meshes/battery_Metalness.png
[18.883s] -- Symlinking: /home/luca002/proj_ws/install/wamv_gazebo/share/wamv_gazebo/models/wamv/meshes/battery_Normal.png
[18.889s] -- Symlinking: /home/luca002/proj_ws/install/wamv_gazebo/share/wamv_gazebo/models/wamv/meshes/battery_Roughness.png
[18.895s] -- Symlinking: /home/luca002/proj_ws/install/wamv_gazebo/share/wamv_gazebo/models/wamv/meshes/cpu_cases.dae
[18.906s] -- Symlinking: /home/luca002/proj_ws/install/wamv_gazebo/share/wamv_gazebo/models/wamv/meshes/cpu_cases.png
[18.912s] -- Symlinking: /home/luca002/proj_ws/install/wamv_gazebo/share/wamv_gazebo/models/wamv/meshes/cpu_cases_Albedo.png
[18.918s] -- Symlinking: /home/luca002/proj_ws/install/wamv_gazebo/share/wamv_gazebo/models/wamv/meshes/cpu_cases_Metalness.png
[18.926s] -- Symlinking: /home/luca002/proj_ws/install/wamv_gazebo/share/wamv_gazebo/models/wamv/meshes/cpu_cases_Normal.png
[18.932s] -- Symlinking: /home/luca002/proj_ws/install/wamv_gazebo/share/wamv_gazebo/models/wamv/meshes/cpu_cases_Roughness.png
[18.939s] -- Symlinking: /home/luca002/proj_ws/install/wamv_gazebo/share/wamv_gazebo/models/wamv/meshes/engine.dae
[18.944s] -- Symlinking: /home/luca002/proj_ws/install/wamv_gazebo/share/wamv_gazebo/models/wamv/meshes/legs.dae
[18.949s] -- Symlinking: /home/luca002/proj_ws/install/wamv_gazebo/share/wamv_gazebo/models/wamv/meshes/lidar_3d_v1 copy.png
[18.955s] -- Symlinking: /home/luca002/proj_ws/install/wamv_gazebo/share/wamv_gazebo/models/wamv/meshes/lidar_3d_v1.dae
[18.960s] -- Symlinking: /home/luca002/proj_ws/install/wamv_gazebo/share/wamv_gazebo/models/wamv/meshes/lidar_3d_v1.png
[18.965s] -- Symlinking: /home/luca002/proj_ws/install/wamv_gazebo/share/wamv_gazebo/models/wamv/meshes/propeller.dae
[18.970s] -- Symlinking: /home/luca002/proj_ws/install/wamv_gazebo/share/wamv_gazebo/models/wamv/meshes/ring.dae
[18.976s] -- Symlinking: /home/luca002/proj_ws/install/wamv_gazebo/share/wamv_gazebo/models/wamv/model.config
[18.981s] -- Symlinking: /home/luca002/proj_ws/install/wamv_gazebo/share/wamv_gazebo/models/wamv/model.sdf
[18.987s] -- Symlinking: /home/luca002/proj_ws/install/wamv_gazebo/share/wamv_gazebo/worlds/sydney.sdf
[18.993s] -- Symlinking: /home/luca002/proj_ws/install/wamv_gazebo/share/wamv_gazebo/urdf/model.urdf.xacro
[19.000s] -- Symlinking: /home/luca002/proj_ws/install/wamv_gazebo/share/ament_index/resource_index/package_run_dependencies/wamv_gazebo
[19.009s] -- Symlinking: /home/luca002/proj_ws/install/wamv_gazebo/share/ament_index/resource_index/parent_prefix_path/wamv_gazebo
[19.015s] -- Symlinking: /home/luca002/proj_ws/install/wamv_gazebo/share/wamv_gazebo/environment/ament_prefix_path.sh
[19.021s] -- Symlinking: /home/luca002/proj_ws/install/wamv_gazebo/share/wamv_gazebo/environment/ament_prefix_path.dsv
[19.026s] -- Symlinking: /home/luca002/proj_ws/install/wamv_gazebo/share/wamv_gazebo/environment/path.sh
[19.034s] -- Symlinking: /home/luca002/proj_ws/install/wamv_gazebo/share/wamv_gazebo/environment/path.dsv
[19.039s] -- Symlinking: /home/luca002/proj_ws/install/wamv_gazebo/share/wamv_gazebo/local_setup.bash
[19.046s] -- Symlinking: /home/luca002/proj_ws/install/wamv_gazebo/share/wamv_gazebo/local_setup.sh
[19.051s] -- Symlinking: /home/luca002/proj_ws/install/wamv_gazebo/share/wamv_gazebo/local_setup.zsh
[19.059s] -- Symlinking: /home/luca002/proj_ws/install/wamv_gazebo/share/wamv_gazebo/local_setup.dsv
[19.067s] -- Symlinking: /home/luca002/proj_ws/install/wamv_gazebo/share/wamv_gazebo/package.dsv
[19.074s] -- Symlinking: /home/luca002/proj_ws/install/wamv_gazebo/share/ament_index/resource_index/packages/wamv_gazebo
[19.082s] -- Symlinking: /home/luca002/proj_ws/install/wamv_gazebo/share/wamv_gazebo/cmake/wamv_gazeboConfig.cmake
[19.088s] -- Symlinking: /home/luca002/proj_ws/install/wamv_gazebo/share/wamv_gazebo/cmake/wamv_gazeboConfig-version.cmake
[19.097s] -- Symlinking: /home/luca002/proj_ws/install/wamv_gazebo/share/wamv_gazebo/package.xml
[19.108s] Invoked command in '/home/luca002/proj_ws/build/wamv_gazebo' returned '0': CMAKE_PREFIX_PATH=${CMAKE_PREFIX_PATH}:/home/luca002/ros_ws/install/robot_description_example:/home/luca002/proj_ws/install/python_node:/opt/ros/jazzy DEBUGINFOD_URLS=https://debuginfod.ubuntu.com /usr/bin/cmake --install /home/luca002/proj_ws/build/wamv_gazebo
