[1.882s] Invoking command in '/home/luca002/proj_ws/build/python_node': DEBUGINFOD_URLS=https://debuginfod.ubuntu.com PYTHONPATH=/home/luca002/proj_ws/build/python_node/prefix_override:/usr/lib/python3/dist-packages/colcon_core/task/python/colcon_distutils_commands:/home/luca002/proj_ws/install/python_node/lib/python3.12/site-packages:${PYTHONPATH} /usr/bin/python3 -W ignore:setup.py install is deprecated -W ignore:easy_install command is deprecated setup.py develop --editable --build-directory /home/luca002/proj_ws/build/python_node/build --no-deps symlink_data
[2.563s] running develop
[2.990s] running egg_info
[3.032s] writing python_node.egg-info/PKG-INFO
[3.033s] writing dependency_links to python_node.egg-info/dependency_links.txt
[3.033s] writing entry points to python_node.egg-info/entry_points.txt
[3.033s] writing requirements to python_node.egg-info/requires.txt
[3.033s] writing top-level names to python_node.egg-info/top_level.txt
[3.116s] reading manifest file 'python_node.egg-info/SOURCES.txt'
[3.117s] writing manifest file 'python_node.egg-info/SOURCES.txt'
[3.237s] running build_ext
[3.238s] Creating /home/luca002/proj_ws/install/python_node/lib/python3.12/site-packages/python-node.egg-link (link to .)
[3.239s] Installing coast_follower script to /home/luca002/proj_ws/install/python_node/lib/python_node
[3.240s] Installing gui_teleop script to /home/luca002/proj_ws/install/python_node/lib/python_node
[3.240s] Installing keyboard_teleop script to /home/luca002/proj_ws/install/python_node/lib/python_node
[3.240s] Installing wamv_controller script to /home/luca002/proj_ws/install/python_node/lib/python_node
[3.240s] 
[3.240s] Installed /home/luca002/proj_ws/build/python_node
[3.240s] running symlink_data
[3.305s] Invoked command in '/home/luca002/proj_ws/build/python_node' returned '0': DEBUGINFOD_URLS=https://debuginfod.ubuntu.com PYTHONPATH=/home/luca002/proj_ws/build/python_node/prefix_override:/usr/lib/python3/dist-packages/colcon_core/task/python/colcon_distutils_commands:/home/luca002/proj_ws/install/python_node/lib/python3.12/site-packages:${PYTHONPATH} /usr/bin/python3 -W ignore:setup.py install is deprecated -W ignore:easy_install command is deprecated setup.py develop --editable --build-directory /home/luca002/proj_ws/build/python_node/build --no-deps symlink_data
