[0.165s] Invoking command in '/home/luca002/proj_ws/build/wamv_gazebo': CMAKE_PREFIX_PATH=${CMAKE_PREFIX_PATH}:/home/luca002/ros_ws/install/robot_description_example:/home/luca002/proj_ws/install/python_node:/opt/ros/jazzy DEBUGINFOD_URLS=https://debuginfod.ubuntu.com /usr/bin/cmake /home/luca002/proj_ws/src/wamv_gazebo -DAMENT_CMAKE_SYMLINK_INSTALL=1 -DCMAKE_INSTALL_PREFIX=/home/luca002/proj_ws/install/wamv_gazebo
[0.204s] -- The C compiler identification is GNU 13.3.0
[0.243s] -- The CXX compiler identification is GNU 13.3.0
[0.254s] -- Detecting C compiler ABI info
[0.314s] -- Detecting C compiler ABI info - done
[0.321s] -- Check for working C compiler: /usr/bin/cc - skipped
[0.321s] -- Detecting C compile features
[0.321s] -- Detecting C compile features - done
[0.327s] -- Detecting CXX compiler ABI info
[0.394s] -- Detecting CXX compiler ABI info - done
[0.400s] -- Check for working CXX compiler: /usr/bin/c++ - skipped
[0.400s] -- Detecting CXX compile features
[0.401s] -- Detecting CXX compile features - done
[0.404s] -- Found ament_cmake: 2.5.4 (/opt/ros/jazzy/share/ament_cmake/cmake)
[0.524s] -- Found Python3: /usr/bin/python3 (found version "3.12.3") found components: Interpreter 
[0.577s] -- Override CMake install command with custom implementation using symlinks instead of copying resources
[0.614s] -- Looking for gz-sim8 -- found version 8.9.0
[0.619s] -- Searching for dependencies of gz-sim8
[0.620s] -- Looking for sdformat14 -- found version 14.7.0
[0.620s] -- Searching for dependencies of sdformat14
[0.624s] -- Checking for module 'tinyxml2'
[0.633s] --   Found tinyxml2, version 10.0.0
[0.656s] -- Looking for gz-math7 -- found version 7.5.2
[0.656s] -- Searching for dependencies of gz-math7
[0.658s] -- Looking for gz-utils2 -- found version 2.2.1
[0.658s] -- Searching for dependencies of gz-utils2
[0.659s] -- Looking for gz-utils2 -- found version 2.2.1
[0.659s] -- Searching for dependencies of gz-utils2
[0.659s] -- Searching for <gz-utils2> component [cli]
[0.661s] -- Looking for gz-utils2-cli -- found version 2.2.1
[0.661s] -- Searching for dependencies of gz-utils2-cli
[0.663s] -- Looking for gz-plugin2 -- found version 2.0.4
[0.663s] -- Searching for dependencies of gz-plugin2
[0.663s] -- Looking for gz-utils2 -- found version 2.2.1
[0.664s] -- Searching for <gz-plugin2> component [loader]
[0.665s] -- Looking for gz-plugin2-loader -- found version 2.0.4
[0.665s] -- Searching for dependencies of gz-plugin2-loader
[0.665s] -- Searching for <gz-plugin2> component [register]
[0.667s] -- Looking for gz-plugin2-register -- found version 2.0.4
[0.667s] -- Searching for dependencies of gz-plugin2-register
[0.668s] -- Looking for gz-transport13 -- found version 13.4.1
[0.668s] -- Searching for dependencies of gz-transport13
[0.755s] -- Found Protobuf: /usr/lib/x86_64-linux-gnu/libprotobuf.so (found version "3.21.12") 
[0.764s] -- Config-file not installed for ZeroMQ -- checking for pkg-config
[0.768s] -- Checking for module 'libzmq >= 4'
[0.778s] --   Found libzmq, version 4.3.5
[0.803s] -- Found ZeroMQ: TRUE (Required is at least version "4") 
[0.807s] -- Checking for module 'uuid'
[0.818s] --   Found uuid, version 2.39.3
[0.838s] -- Found UUID: TRUE  
[0.838s] -- Looking for gz-utils2 -- found version 2.2.1
[0.840s] -- Looking for gz-msgs10 -- found version 10.3.2
[0.840s] -- Searching for dependencies of gz-msgs10
[0.854s] -- Looking for gz-utils2 -- found version 2.2.1
[0.854s] -- Looking for gz-math7 -- found version 7.5.2
[0.859s] -- Searching for <gz-transport13> component [log]
[0.860s] -- Looking for gz-transport13-log -- found version 13.4.1
[0.860s] -- Searching for dependencies of gz-transport13-log
[0.860s] -- Searching for <gz-transport13> component [parameters]
[0.861s] -- Looking for gz-transport13-parameters -- found version 13.4.1
[0.862s] -- Searching for dependencies of gz-transport13-parameters
[0.862s] -- Looking for gz-msgs10 -- found version 10.3.2
[0.864s] -- Looking for gz-common5 -- found version 5.7.1
[0.864s] -- Searching for dependencies of gz-common5
[0.864s] -- Looking for gz-utils2 -- found version 2.2.1
[0.864s] -- Looking for dlfcn.h - found
[0.866s] -- Looking for libdl - found
[0.867s] -- Found DL: TRUE  
[0.871s] -- Searching for <gz-common5> component [av]
[0.872s] -- Looking for gz-common5-av -- found version 5.7.1
[0.872s] -- Searching for dependencies of gz-common5-av
[0.875s] -- Checking for module 'libswscale'
[0.885s] --   Found libswscale, version 7.5.100
[0.907s] -- Found SWSCALE: TRUE  
[0.911s] -- Checking for module 'libavdevice >= 56.4.100'
[0.921s] --   Found libavdevice, version 60.3.100
[0.948s] -- Found AVDEVICE: TRUE (Required is at least version "56.4.100") 
[0.951s] -- Checking for module 'libavformat'
[0.961s] --   Found libavformat, version 60.16.100
[0.983s] -- Found AVFORMAT: TRUE  
[0.986s] -- Checking for module 'libavcodec'
[0.995s] --   Found libavcodec, version 60.31.102
[1.019s] -- Found AVCODEC: TRUE  
[1.023s] -- Checking for module 'libavutil'
[1.033s] --   Found libavutil, version 58.29.100
[1.054s] -- Found AVUTIL: TRUE  
[1.054s] -- Searching for <gz-common5> component [events]
[1.056s] -- Looking for gz-common5-events -- found version 5.7.1
[1.056s] -- Searching for dependencies of gz-common5-events
[1.056s] -- Looking for gz-math7 -- found version 7.5.2
[1.056s] -- Searching for <gz-common5> component [graphics]
[1.058s] -- Looking for gz-common5-graphics -- found version 5.7.1
[1.058s] -- Searching for dependencies of gz-common5-graphics
[1.058s] -- Looking for gz-math7 -- found version 7.5.2
[1.062s] -- Found GzAssimp: TRUE (found version "5.3.0") 
[1.062s] -- Searching for <gz-common5> component [io]
[1.064s] -- Looking for gz-common5-io -- found version 5.7.1
[1.064s] -- Searching for dependencies of gz-common5-io
[1.064s] -- Searching for <gz-common5> component [profiler]
[1.066s] -- Looking for gz-common5-profiler -- found version 5.7.1
[1.066s] -- Searching for dependencies of gz-common5-profiler
[1.068s] -- Looking for gz-fuel_tools9 -- found version 9.1.1
[1.068s] -- Searching for dependencies of gz-fuel_tools9
[1.128s] -- Found CURL: /usr/lib/x86_64-linux-gnu/libcurl.so (found version "8.5.0")  
[1.139s] -- Checking for module 'jsoncpp'
[1.152s] --   Found jsoncpp, version 1.9.5
[1.178s] -- Found JSONCPP: TRUE  
[1.197s] -- Checking for module 'yaml-0.1'
[1.211s] --   Found yaml-0.1, version 0.2.5
[1.239s] -- Found YAML: TRUE  
[1.245s] -- Checking for module 'libzip'
[1.260s] --   Found libzip, version 1.7.3
[1.286s] -- Found ZIP: TRUE  
[1.287s] -- Looking for gz-utils2 -- found version 2.2.1
[1.287s] -- Looking for gz-common5 -- found version 5.7.1
[1.287s] -- Searching for dependencies of gz-common5
[1.288s] -- Looking for gz-utils2 -- found version 2.2.1
[1.288s] -- Looking for dlfcn.h - found
[1.288s] -- Looking for libdl - found
[1.295s] -- Searching for <gz-common5> component [testing]
[1.297s] -- Looking for gz-common5-testing -- found version 5.7.1
[1.297s] -- Searching for dependencies of gz-common5-testing
[1.298s] -- Looking for gz-math7 -- found version 7.5.2
[1.299s] -- Looking for gz-msgs10 -- found version 10.3.2
[1.301s] -- Looking for gz-gui8 -- found version 8.4.0
[1.301s] -- Searching for dependencies of gz-gui8
[1.324s] -- Looking for gz-utils2 -- found version 2.2.1
[1.324s] -- Looking for gz-math7 -- found version 7.5.2
[1.324s] -- Looking for gz-common5 -- found version 5.7.1
[1.324s] -- Looking for gz-plugin2 -- found version 2.0.4
[1.325s] -- Looking for gz-transport13 -- found version 13.4.1
[1.326s] -- Looking for gz-rendering8 -- found version 8.2.2
[1.326s] -- Searching for dependencies of gz-rendering8
[1.327s] -- Looking for gz-math7 -- found version 7.5.2
[1.327s] -- Searching for dependencies of gz-math7
[1.327s] -- Looking for gz-utils2 -- found version 2.2.1
[1.327s] -- Searching for <gz-math7> component [eigen3]
[1.329s] -- Looking for gz-math7-eigen3 -- found version 7.5.2
[1.329s] -- Searching for dependencies of gz-math7-eigen3
[1.336s] -- Looking for gz-common5 -- found version 5.7.1
[1.336s] -- Searching for dependencies of gz-common5
[1.336s] -- Looking for gz-utils2 -- found version 2.2.1
[1.336s] -- Looking for dlfcn.h - found
[1.336s] -- Looking for libdl - found
[1.343s] -- Searching for <gz-common5> component [graphics]
[1.343s] -- Searching for <gz-common5> component [events]
[1.343s] -- Searching for <gz-common5> component [geospatial]
[1.344s] -- Looking for gz-common5-geospatial -- found version 5.7.1
[1.344s] -- Searching for dependencies of gz-common5-geospatial
[1.345s] -- Looking for gz-math7 -- found version 7.5.2
[1.345s] -- Looking for gz-common5 -- found version 5.7.1
[1.346s] -- Looking for gz-plugin2 -- found version 2.0.4
[1.346s] -- Searching for dependencies of gz-plugin2
[1.346s] -- Looking for gz-utils2 -- found version 2.2.1
[1.346s] -- Searching for <gz-plugin2> component [all]
[1.348s] -- Looking for all libraries of gz-plugin2 -- found version 2.0.4
[1.348s] -- Looking for gz-plugin2 -- found version 2.0.4
[1.349s] -- Looking for gz-utils2 -- found version 2.2.1
[1.358s] -- Found OpenGL: /usr/lib/x86_64-linux-gnu/libOpenGL.so  found components: OpenGL 
[1.359s] -- Looking for gz-msgs10 -- found version 10.3.2
[1.376s] -- Looking for gz-physics7 -- found version 7.5.0
[1.376s] -- Searching for dependencies of gz-physics7
[1.376s] -- Looking for gz-common5 -- found version 5.7.1
[1.377s] -- Looking for gz-math7 -- found version 7.5.2
[1.377s] -- Looking for gz-plugin2 -- found version 2.0.4
[1.377s] -- Looking for gz-utils2 -- found version 2.2.1
[1.378s] -- Searching for <gz-physics7> component [heightmap]
[1.379s] -- Looking for gz-physics7-heightmap -- found version 7.5.0
[1.379s] -- Searching for dependencies of gz-physics7-heightmap
[1.379s] -- Looking for gz-common5 -- found version 5.7.1
[1.380s] -- Searching for <gz-physics7> component [mesh]
[1.381s] -- Looking for gz-physics7-mesh -- found version 7.5.0
[1.381s] -- Searching for dependencies of gz-physics7-mesh
[1.381s] -- Looking for gz-common5 -- found version 5.7.1
[1.381s] -- Searching for <gz-physics7> component [sdf]
[1.382s] -- Looking for gz-physics7-sdf -- found version 7.5.0
[1.382s] -- Searching for dependencies of gz-physics7-sdf
[1.383s] -- Looking for sdformat14 -- found version 14.7.0
[1.384s] -- Looking for gz-sensors8 -- found version 8.2.2
[1.384s] -- Searching for dependencies of gz-sensors8
[1.399s] -- Looking for gz-math7 -- found version 7.5.2
[1.399s] -- Looking for gz-common5 -- found version 5.7.1
[1.399s] -- Looking for gz-transport13 -- found version 13.4.1
[1.399s] -- Looking for gz-rendering8 -- found version 8.2.2
[1.400s] -- Looking for gz-msgs10 -- found version 10.3.2
[1.400s] -- Looking for sdformat14 -- found version 14.7.0
[1.400s] -- Searching for <gz-sensors8> component [air_pressure]
[1.401s] -- Looking for gz-sensors8-air_pressure -- found version 8.2.2
[1.401s] -- Searching for dependencies of gz-sensors8-air_pressure
[1.402s] -- Searching for <gz-sensors8> component [air_speed]
[1.403s] -- Looking for gz-sensors8-air_speed -- found version 8.2.2
[1.403s] -- Searching for dependencies of gz-sensors8-air_speed
[1.403s] -- Searching for <gz-sensors8> component [altimeter]
[1.404s] -- Looking for gz-sensors8-altimeter -- found version 8.2.2
[1.404s] -- Searching for dependencies of gz-sensors8-altimeter
[1.405s] -- Searching for <gz-sensors8> component [imu]
[1.406s] -- Looking for gz-sensors8-imu -- found version 8.2.2
[1.406s] -- Searching for dependencies of gz-sensors8-imu
[1.406s] -- Searching for <gz-sensors8> component [force_torque]
[1.407s] -- Looking for gz-sensors8-force_torque -- found version 8.2.2
[1.407s] -- Searching for dependencies of gz-sensors8-force_torque
[1.408s] -- Searching for <gz-sensors8> component [logical_camera]
[1.409s] -- Looking for gz-sensors8-logical_camera -- found version 8.2.2
[1.409s] -- Searching for dependencies of gz-sensors8-logical_camera
[1.409s] -- Searching for <gz-sensors8> component [magnetometer]
[1.410s] -- Looking for gz-sensors8-magnetometer -- found version 8.2.2
[1.410s] -- Searching for dependencies of gz-sensors8-magnetometer
[1.411s] -- Searching for <gz-sensors8> component [navsat]
[1.412s] -- Looking for gz-sensors8-navsat -- found version 8.2.2
[1.412s] -- Searching for dependencies of gz-sensors8-navsat
[1.412s] -- Searching for <gz-sensors8> component [dvl]
[1.413s] -- Looking for gz-sensors8-dvl -- found version 8.2.2
[1.413s] -- Searching for dependencies of gz-sensors8-dvl
[1.414s] -- Looking for gz-sensors8 -- found version 8.2.2
[1.414s] -- Searching for dependencies of gz-sensors8
[1.432s] -- Looking for gz-math7 -- found version 7.5.2
[1.432s] -- Looking for gz-common5 -- found version 5.7.1
[1.432s] -- Looking for gz-transport13 -- found version 13.4.1
[1.433s] -- Looking for gz-rendering8 -- found version 8.2.2
[1.433s] -- Looking for gz-msgs10 -- found version 10.3.2
[1.434s] -- Looking for sdformat14 -- found version 14.7.0
[1.434s] -- Searching for <gz-sensors8> component [rendering]
[1.435s] -- Looking for gz-sensors8-rendering -- found version 8.2.2
[1.435s] -- Searching for dependencies of gz-sensors8-rendering
[1.436s] -- Searching for <gz-sensors8> component [rendering]
[1.436s] -- Searching for <gz-sensors8> component [lidar]
[1.437s] -- Looking for gz-sensors8-lidar -- found version 8.2.2
[1.437s] -- Searching for dependencies of gz-sensors8-lidar
[1.437s] -- Looking for gz-sensors8 -- found version 8.2.2
[1.438s] -- Searching for <gz-sensors8> component [gpu_lidar]
[1.439s] -- Looking for gz-sensors8-gpu_lidar -- found version 8.2.2
[1.439s] -- Searching for dependencies of gz-sensors8-gpu_lidar
[1.439s] -- Looking for gz-sensors8 -- found version 8.2.2
[1.440s] -- Searching for <gz-sensors8> component [camera]
[1.441s] -- Looking for gz-sensors8-camera -- found version 8.2.2
[1.441s] -- Searching for dependencies of gz-sensors8-camera
[1.441s] -- Looking for gz-sensors8 -- found version 8.2.2
[1.442s] -- Searching for <gz-sensors8> component [boundingbox_camera]
[1.443s] -- Looking for gz-sensors8-boundingbox_camera -- found version 8.2.2
[1.443s] -- Searching for dependencies of gz-sensors8-boundingbox_camera
[1.443s] -- Searching for <gz-sensors8> component [segmentation_camera]
[1.444s] -- Looking for gz-sensors8-segmentation_camera -- found version 8.2.2
[1.444s] -- Searching for dependencies of gz-sensors8-segmentation_camera
[1.445s] -- Searching for <gz-sensors8> component [depth_camera]
[1.446s] -- Looking for gz-sensors8-depth_camera -- found version 8.2.2
[1.446s] -- Searching for dependencies of gz-sensors8-depth_camera
[1.446s] -- Looking for gz-sensors8 -- found version 8.2.2
[1.446s] -- Searching for <gz-sensors8> component [rgbd_camera]
[1.448s] -- Looking for gz-sensors8-rgbd_camera -- found version 8.2.2
[1.448s] -- Searching for dependencies of gz-sensors8-rgbd_camera
[1.448s] -- Looking for gz-sensors8 -- found version 8.2.2
[1.449s] -- Searching for <gz-sensors8> component [thermal_camera]
[1.449s] -- Looking for gz-sensors8-thermal_camera -- found version 8.2.2
[1.450s] -- Searching for dependencies of gz-sensors8-thermal_camera
[1.450s] -- Looking for gz-sensors8 -- found version 8.2.2
[1.450s] -- Searching for <gz-sensors8> component [wide_angle_camera]
[1.451s] -- Looking for gz-sensors8-wide_angle_camera -- found version 8.2.2
[1.452s] -- Searching for dependencies of gz-sensors8-wide_angle_camera
[1.453s] -- Looking for gz-rendering8 -- found version 8.2.2
[1.453s] -- Looking for gz-math7 -- found version 7.5.2
[1.453s] -- Looking for gz-utils2 -- found version 2.2.1
[1.473s] -- Looking for gz-common5 -- found version 5.7.1
[1.473s] -- Looking for gz-fuel_tools9 -- found version 9.1.1
[1.474s] -- Looking for gz-math7 -- found version 7.5.2
[1.474s] -- Looking for gz-msgs10 -- found version 10.3.2
[1.474s] -- Looking for gz-transport13 -- found version 13.4.1
[1.475s] -- Looking for gz-plugin2 -- found version 2.0.4
[1.475s] -- Looking for gz-rendering8 -- found version 8.2.2
[1.475s] -- Looking for gz-sensors8 -- found version 8.2.2
[1.476s] -- Looking for gz-utils2 -- found version 2.2.1
[1.476s] -- Looking for sdformat14 -- found version 14.7.0
[1.479s] -- Found std_msgs: 5.3.6 (/opt/ros/jazzy/share/std_msgs/cmake)
[1.522s] -- Found rosidl_generator_c: 4.6.5 (/opt/ros/jazzy/share/rosidl_generator_c/cmake)
[1.539s] -- Found rosidl_generator_cpp: 4.6.5 (/opt/ros/jazzy/share/rosidl_generator_cpp/cmake)
[1.559s] -- Using all available rosidl_typesupport_c: rosidl_typesupport_fastrtps_c;rosidl_typesupport_introspection_c
[1.582s] -- Using all available rosidl_typesupport_cpp: rosidl_typesupport_fastrtps_cpp;rosidl_typesupport_introspection_cpp
[1.784s] -- Configuring done (1.6s)
[1.867s] -- Generating done (0.1s)
[1.883s] -- Build files have been written to: /home/luca002/proj_ws/build/wamv_gazebo
[1.894s] Invoked command in '/home/luca002/proj_ws/build/wamv_gazebo' returned '0': CMAKE_PREFIX_PATH=${CMAKE_PREFIX_PATH}:/home/luca002/ros_ws/install/robot_description_example:/home/luca002/proj_ws/install/python_node:/opt/ros/jazzy DEBUGINFOD_URLS=https://debuginfod.ubuntu.com /usr/bin/cmake /home/luca002/proj_ws/src/wamv_gazebo -DAMENT_CMAKE_SYMLINK_INSTALL=1 -DCMAKE_INSTALL_PREFIX=/home/luca002/proj_ws/install/wamv_gazebo
[1.895s] Invoking command in '/home/luca002/proj_ws/build/wamv_gazebo': CMAKE_PREFIX_PATH=${CMAKE_PREFIX_PATH}:/home/luca002/ros_ws/install/robot_description_example:/home/luca002/proj_ws/install/python_node:/opt/ros/jazzy DEBUGINFOD_URLS=https://debuginfod.ubuntu.com /usr/bin/cmake --build /home/luca002/proj_ws/build/wamv_gazebo -- -j16 -l16
[1.933s] [  2%] [32mBuilding CXX object CMakeFiles/Waves.dir/src/Wavefield.cc.o[0m
[1.933s] [  4%] [32mBuilding CXX object CMakeFiles/ScoringPlugin.dir/src/ScoringPlugin.cc.o[0m
[1.938s] [  4%] Built target ament_cmake_python_symlink_wamv_gazebo
[2.109s] running egg_info
[2.109s] creating wamv_gazebo.egg-info
[2.126s] writing wamv_gazebo.egg-info/PKG-INFO
[2.126s] writing dependency_links to wamv_gazebo.egg-info/dependency_links.txt
[2.127s] writing top-level names to wamv_gazebo.egg-info/top_level.txt
[2.127s] writing manifest file 'wamv_gazebo.egg-info/SOURCES.txt'
[2.175s] reading manifest file 'wamv_gazebo.egg-info/SOURCES.txt'
[2.175s] writing manifest file 'wamv_gazebo.egg-info/SOURCES.txt'
[2.196s] [  4%] Built target ament_cmake_python_build_wamv_gazebo_egg
[4.310s] [  6%] [32m[1mLinking CXX shared library libWaves.so[0m
[4.444s] [  6%] Built target Waves
[4.458s] [ 12%] [32mBuilding CXX object CMakeFiles/PolyhedraBuoyancyDrag.dir/src/PolyhedraBuoyancyDrag.cc.o[0m
[4.458s] [ 12%] [32mBuilding CXX object CMakeFiles/PolyhedraBuoyancyDrag.dir/src/ShapeVolume.cc.o[0m
[4.458s] [ 12%] [32mBuilding CXX object CMakeFiles/PolyhedraBuoyancyDrag.dir/src/PolyhedronVolume.cc.o[0m
[5.246s] [ 14%] [32m[1mLinking CXX shared library libScoringPlugin.so[0m
[5.399s] [ 14%] Built target ScoringPlugin
[5.422s] [ 22%] [32mBuilding CXX object CMakeFiles/SimpleHydrodynamics.dir/src/SimpleHydrodynamics.cc.o[0m
[5.422s] [ 22%] [32mBuilding CXX object CMakeFiles/GymkhanaScoringPlugin.dir/src/GymkhanaScoringPlugin.cc.o[0m
[5.422s] [ 29%] [32mBuilding CXX object CMakeFiles/PublisherPlugin.dir/src/PublisherPlugin.cc.o[0m
[5.422s] [ 31%] [32mBuilding CXX object CMakeFiles/AcousticPerceptionScoringPlugin.dir/src/AcousticPerceptionScoringPlugin.cc.o[0m
[5.422s] [ 33%] [32mBuilding CXX object CMakeFiles/LightBuoyPlugin.dir/src/LightBuoyPlugin.cc.o[0m
[5.423s] [ 39%] [32mBuilding CXX object CMakeFiles/BallShooterPlugin.dir/src/BallShooterPlugin.cc.o[0m
[5.423s] [ 39%] [32mBuilding CXX object CMakeFiles/AcousticTrackingScoringPlugin.dir/src/AcousticTrackingScoringPlugin.cc.o[0m
[5.423s] [ 39%] [32mBuilding CXX object CMakeFiles/StationkeepingScoringPlugin.dir/src/StationkeepingScoringPlugin.cc.o[0m
[5.423s] [ 39%] [32mBuilding CXX object CMakeFiles/WayfindingScoringPlugin.dir/src/WayfindingScoringPlugin.cc.o[0m
[5.425s] [ 22%] [32mBuilding CXX object CMakeFiles/NavigationScoringPlugin.dir/src/NavigationScoringPlugin.cc.o[0m
[5.426s] [ 39%] [32mBuilding CXX object CMakeFiles/PerceptionScoringPlugin.dir/src/PerceptionScoringPlugin.cc.o[0m
[5.427s] [ 39%] [32mBuilding CXX object CMakeFiles/AcousticPingerPlugin.dir/src/AcousticPingerPlugin.cc.o[0m
[5.427s] [ 41%] [32mBuilding CXX object CMakeFiles/ScanDockScoringPlugin.dir/src/ScanDockScoringPlugin.cc.o[0m
[5.431s] [ 43%] [32mBuilding CXX object CMakeFiles/PlacardPlugin.dir/src/PlacardPlugin.cc.o[0m
[5.572s] [ 45%] [32mBuilding CXX object CMakeFiles/Surface.dir/src/Surface.cc.o[0m
[10.082s] [ 47%] [32m[1mLinking CXX shared library libPublisherPlugin.so[0m
[10.439s] [ 47%] Built target PublisherPlugin
[10.447s] [ 50%] [32m[1mLinking CXX shared library libLightBuoyPlugin.so[0m
[10.452s] [ 52%] [32mBuilding CXX object CMakeFiles/StationkeepingScoringPlugin.dir/src/WaypointMarkers.cc.o[0m
[10.808s] [ 52%] Built target LightBuoyPlugin
[10.821s] [ 54%] [32mBuilding CXX object CMakeFiles/AcousticPerceptionScoringPlugin.dir/src/WaypointMarkers.cc.o[0m
[11.006s] [ 56%] [32m[1mLinking CXX shared library libPolyhedraBuoyancyDrag.so[0m
[11.321s] [ 58%] [32m[1mLinking CXX shared library libGymkhanaScoringPlugin.so[0m
[11.338s] [ 60%] [32m[1mLinking CXX shared library libSimpleHydrodynamics.so[0m
[11.498s] [ 62%] [32m[1mLinking CXX shared library libPlacardPlugin.so[0m
[11.505s] [ 62%] Built target PolyhedraBuoyancyDrag
[11.505s] [ 64%] [32m[1mLinking CXX shared library libSurface.so[0m
[11.517s] [ 66%] [32mBuilding CXX object CMakeFiles/AcousticTrackingScoringPlugin.dir/src/WaypointMarkers.cc.o[0m
[11.715s] [ 66%] Built target SimpleHydrodynamics
[11.734s] [ 68%] [32mBuilding CXX object CMakeFiles/WayfindingScoringPlugin.dir/src/WaypointMarkers.cc.o[0m
[11.843s] [ 68%] Built target GymkhanaScoringPlugin
[11.899s] [ 70%] [32mBuilding CXX object CMakeFiles/USVWind.dir/src/USVWind.cc.o[0m
[11.963s] [ 70%] Built target PlacardPlugin
[12.005s] [ 72%] [32mBuilding CXX object CMakeFiles/WaveVisual.dir/src/WaveVisual.cc.o[0m
[12.014s] [ 72%] Built target Surface
[12.050s] [ 75%] [32mBuilding CXX object CMakeFiles/WildlifeScoringPlugin.dir/src/WildlifeScoringPlugin.cc.o[0m
[13.358s] [ 77%] [32m[1mLinking CXX shared library libPerceptionScoringPlugin.so[0m
[13.585s] [ 79%] [32m[1mLinking CXX shared library libAcousticPingerPlugin.so[0m
[13.806s] [ 79%] Built target PerceptionScoringPlugin
[13.998s] [ 79%] Built target AcousticPingerPlugin
[14.086s] [ 81%] [32m[1mLinking CXX shared library libNavigationScoringPlugin.so[0m
[14.332s] [ 81%] Built target NavigationScoringPlugin
[14.501s] [ 83%] [32m[1mLinking CXX shared library libBallShooterPlugin.so[0m
[14.653s] [ 85%] [32m[1mLinking CXX shared library libScanDockScoringPlugin.so[0m
[14.752s] [ 85%] Built target BallShooterPlugin
[14.767s] [ 87%] [32m[1mLinking CXX shared library libStationkeepingScoringPlugin.so[0m
[14.912s] [ 87%] Built target ScanDockScoringPlugin
[15.014s] [ 87%] Built target StationkeepingScoringPlugin
[15.249s] [ 89%] [32m[1mLinking CXX shared library libAcousticPerceptionScoringPlugin.so[0m
[15.453s] [ 89%] Built target AcousticPerceptionScoringPlugin
[15.474s] [ 91%] [32m[1mLinking CXX shared library libAcousticTrackingScoringPlugin.so[0m
[15.573s] [ 93%] [32m[1mLinking CXX shared library libWayfindingScoringPlugin.so[0m
[15.684s] [ 93%] Built target AcousticTrackingScoringPlugin
[15.783s] [ 93%] Built target WayfindingScoringPlugin
[17.456s] [ 95%] [32m[1mLinking CXX shared library libWildlifeScoringPlugin.so[0m
[17.633s] [ 97%] [32m[1mLinking CXX shared library libWaveVisual.so[0m
[17.645s] [ 97%] Built target WildlifeScoringPlugin
[17.688s] [100%] [32m[1mLinking CXX shared library libUSVWind.so[0m
[17.807s] [100%] Built target WaveVisual
[17.856s] [100%] Built target USVWind
[17.865s] Invoked command in '/home/luca002/proj_ws/build/wamv_gazebo' returned '0': CMAKE_PREFIX_PATH=${CMAKE_PREFIX_PATH}:/home/luca002/ros_ws/install/robot_description_example:/home/luca002/proj_ws/install/python_node:/opt/ros/jazzy DEBUGINFOD_URLS=https://debuginfod.ubuntu.com /usr/bin/cmake --build /home/luca002/proj_ws/build/wamv_gazebo -- -j16 -l16
[17.866s] Invoking command in '/home/luca002/proj_ws/build/wamv_gazebo': CMAKE_PREFIX_PATH=${CMAKE_PREFIX_PATH}:/home/luca002/ros_ws/install/robot_description_example:/home/luca002/proj_ws/install/python_node:/opt/ros/jazzy DEBUGINFOD_URLS=https://debuginfod.ubuntu.com /usr/bin/cmake --install /home/luca002/proj_ws/build/wamv_gazebo
[17.871s] -- Install configuration: ""
[17.871s] -- Execute custom install script
[17.871s] -- Symlinking: /home/luca002/proj_ws/install/wamv_gazebo/share/wamv_gazebo/environment/resource_paths.dsv
[17.877s] -- Symlinking: /home/luca002/proj_ws/install/wamv_gazebo/share/wamv_gazebo/environment/resource_paths.sh
[17.884s] -- Symlinking: /home/luca002/proj_ws/install/wamv_gazebo/lib/libWaves.so
[17.891s] -- Symlinking: /home/luca002/proj_ws/install/wamv_gazebo/lib/libPolyhedraBuoyancyDrag.so
[17.900s] -- Symlinking: /home/luca002/proj_ws/install/wamv_gazebo/lib/libScoringPlugin.so
[17.906s] -- Symlinking: /home/luca002/proj_ws/install/wamv_gazebo/lib/libStationkeepingScoringPlugin.so
[17.912s] -- Symlinking: /home/luca002/proj_ws/install/wamv_gazebo/lib/libWayfindingScoringPlugin.so
[17.918s] -- Symlinking: /home/luca002/proj_ws/install/wamv_gazebo/lib/libAcousticPerceptionScoringPlugin.so
[17.923s] -- Symlinking: /home/luca002/proj_ws/install/wamv_gazebo/lib/libAcousticTrackingScoringPlugin.so
[17.929s] -- Symlinking: /home/luca002/proj_ws/install/wamv_gazebo/lib/libAcousticPingerPlugin.so
[17.934s] -- Symlinking: /home/luca002/proj_ws/install/wamv_gazebo/lib/libBallShooterPlugin.so
[17.939s] -- Symlinking: /home/luca002/proj_ws/install/wamv_gazebo/lib/libLightBuoyPlugin.so
[17.945s] -- Symlinking: /home/luca002/proj_ws/install/wamv_gazebo/lib/libNavigationScoringPlugin.so
[17.950s] -- Symlinking: /home/luca002/proj_ws/install/wamv_gazebo/lib/libGymkhanaScoringPlugin.so
[17.955s] -- Symlinking: /home/luca002/proj_ws/install/wamv_gazebo/lib/libPerceptionScoringPlugin.so
[17.963s] -- Symlinking: /home/luca002/proj_ws/install/wamv_gazebo/lib/libPlacardPlugin.so
[17.969s] -- Symlinking: /home/luca002/proj_ws/install/wamv_gazebo/lib/libPublisherPlugin.so
[17.978s] -- Symlinking: /home/luca002/proj_ws/install/wamv_gazebo/lib/libScanDockScoringPlugin.so
[17.988s] -- Symlinking: /home/luca002/proj_ws/install/wamv_gazebo/lib/libSimpleHydrodynamics.so
[17.996s] -- Symlinking: /home/luca002/proj_ws/install/wamv_gazebo/lib/libSurface.so
[18.004s] -- Symlinking: /home/luca002/proj_ws/install/wamv_gazebo/lib/libUSVWind.so
[18.011s] -- Symlinking: /home/luca002/proj_ws/install/wamv_gazebo/lib/libWaveVisual.so
[18.016s] -- Symlinking: /home/luca002/proj_ws/install/wamv_gazebo/lib/libWildlifeScoringPlugin.so
[18.021s] -- Symlinking: /home/luca002/proj_ws/install/wamv_gazebo/share/wamv_gazebo/environment/pythonpath.sh
[18.027s] -- Symlinking: /home/luca002/proj_ws/install/wamv_gazebo/share/wamv_gazebo/environment/pythonpath.dsv
[18.033s] -- Symlinking: /home/luca002/proj_ws/install/wamv_gazebo/lib/python3.12/site-packages/wamv_gazebo-0.0.0-py3.12.egg-info/PKG-INFO
[18.039s] -- Symlinking: /home/luca002/proj_ws/install/wamv_gazebo/lib/python3.12/site-packages/wamv_gazebo-0.0.0-py3.12.egg-info/SOURCES.txt
[18.045s] -- Symlinking: /home/luca002/proj_ws/install/wamv_gazebo/lib/python3.12/site-packages/wamv_gazebo-0.0.0-py3.12.egg-info/dependency_links.txt
[18.051s] -- Symlinking: /home/luca002/proj_ws/install/wamv_gazebo/lib/python3.12/site-packages/wamv_gazebo-0.0.0-py3.12.egg-info/top_level.txt
[18.057s] -- Symlinking: /home/luca002/proj_ws/install/wamv_gazebo/lib/python3.12/site-packages/wamv_gazebo/__init__.py
[18.063s] -- Symlinking: /home/luca002/proj_ws/install/wamv_gazebo/lib/python3.12/site-packages/wamv_gazebo/bridge.py
[18.068s] -- Symlinking: /home/luca002/proj_ws/install/wamv_gazebo/lib/python3.12/site-packages/wamv_gazebo/bridges.py
[18.075s] -- Symlinking: /home/luca002/proj_ws/install/wamv_gazebo/lib/python3.12/site-packages/wamv_gazebo/launch.py
[18.080s] -- Symlinking: /home/luca002/proj_ws/install/wamv_gazebo/lib/python3.12/site-packages/wamv_gazebo/model.py
[18.085s] -- Symlinking: /home/luca002/proj_ws/install/wamv_gazebo/lib/python3.12/site-packages/wamv_gazebo/monitor_sim.py
[18.091s] -- Symlinking: /home/luca002/proj_ws/install/wamv_gazebo/lib/python3.12/site-packages/wamv_gazebo/payload_bridges.py
[18.098s] -- Symlinking: /home/luca002/proj_ws/install/wamv_gazebo/share/wamv_gazebo/launch/__init__.py
[18.105s] -- Symlinking: /home/luca002/proj_ws/install/wamv_gazebo/share/wamv_gazebo/launch/__pycache__/bridge.cpython-312.pyc
[18.111s] -- Symlinking: /home/luca002/proj_ws/install/wamv_gazebo/share/wamv_gazebo/launch/bridge.py
[18.116s] -- Symlinking: /home/luca002/proj_ws/install/wamv_gazebo/share/wamv_gazebo/launch/cartographer.launch.py
[18.121s] -- Symlinking: /home/luca002/proj_ws/install/wamv_gazebo/share/wamv_gazebo/launch/competition.launch.py
[18.127s] -- Symlinking: /home/luca002/proj_ws/install/wamv_gazebo/share/wamv_gazebo/launch/compliance.py
[18.132s] -- Symlinking: /home/luca002/proj_ws/install/wamv_gazebo/share/wamv_gazebo/launch/configure_wamv.py
[18.137s] -- Symlinking: /home/luca002/proj_ws/install/wamv_gazebo/share/wamv_gazebo/launch/launch1.py
[18.142s] -- Symlinking: /home/luca002/proj_ws/install/wamv_gazebo/share/wamv_gazebo/launch/launch2.py
[18.147s] -- Symlinking: /home/luca002/proj_ws/install/wamv_gazebo/share/wamv_gazebo/launch/launch3.py
[18.152s] -- Symlinking: /home/luca002/proj_ws/install/wamv_gazebo/share/wamv_gazebo/launch/launch4.py
[18.157s] -- Symlinking: /home/luca002/proj_ws/install/wamv_gazebo/share/wamv_gazebo/launch/launch5.py
[18.162s] -- Symlinking: /home/luca002/proj_ws/install/wamv_gazebo/share/wamv_gazebo/launch/spawn.launch.py
[18.167s] -- Symlinking: /home/luca002/proj_ws/install/wamv_gazebo/share/wamv_gazebo/launch/spawn_config.launch.py
[18.173s] -- Symlinking: /home/luca002/proj_ws/install/wamv_gazebo/share/wamv_gazebo/launch/usv_joy_teleop.py
[18.178s] -- Symlinking: /home/luca002/proj_ws/install/wamv_gazebo/share/wamv_gazebo/launch/utils.py
[18.183s] -- Symlinking: /home/luca002/proj_ws/install/wamv_gazebo/share/wamv_gazebo/launch/vrx_environment.launch.py
[18.190s] -- Symlinking: /home/luca002/proj_ws/install/wamv_gazebo/share/wamv_gazebo/models/articulated_platform/model.config
[18.198s] -- Symlinking: /home/luca002/proj_ws/install/wamv_gazebo/share/wamv_gazebo/models/articulated_platform/model.sdf
[18.207s] -- Symlinking: /home/luca002/proj_ws/install/wamv_gazebo/share/wamv_gazebo/models/ball_shooter/materials/Textures/Launcher_Albedo.png
[18.216s] -- Symlinking: /home/luca002/proj_ws/install/wamv_gazebo/share/wamv_gazebo/models/ball_shooter/materials/Textures/Launcher_Metalness.png
[18.222s] -- Symlinking: /home/luca002/proj_ws/install/wamv_gazebo/share/wamv_gazebo/models/ball_shooter/materials/Textures/Launcher_Normal.png
[18.227s] -- Symlinking: /home/luca002/proj_ws/install/wamv_gazebo/share/wamv_gazebo/models/ball_shooter/materials/Textures/Launcher_Roughness.png
[18.232s] -- Symlinking: /home/luca002/proj_ws/install/wamv_gazebo/share/wamv_gazebo/models/ball_shooter/meshes/Launcher_Albedo.png
[18.237s] -- Symlinking: /home/luca002/proj_ws/install/wamv_gazebo/share/wamv_gazebo/models/ball_shooter/meshes/Launcher_BaseColor.png
[18.242s] -- Symlinking: /home/luca002/proj_ws/install/wamv_gazebo/share/wamv_gazebo/models/ball_shooter/meshes/ball_shooter_base.dae
[18.248s] -- Symlinking: /home/luca002/proj_ws/install/wamv_gazebo/share/wamv_gazebo/models/ball_shooter/meshes/ball_shooter_launcher.dae
[18.253s] -- Symlinking: /home/luca002/proj_ws/install/wamv_gazebo/share/wamv_gazebo/models/ball_shooter/model.config
[18.259s] -- Symlinking: /home/luca002/proj_ws/install/wamv_gazebo/share/wamv_gazebo/models/ball_shooter/model.sdf
[18.264s] -- Symlinking: /home/luca002/proj_ws/install/wamv_gazebo/share/wamv_gazebo/models/battery/mesh/battery.dae
[18.272s] -- Symlinking: /home/luca002/proj_ws/install/wamv_gazebo/share/wamv_gazebo/models/battery/mesh/battery.png
[18.285s] -- Symlinking: /home/luca002/proj_ws/install/wamv_gazebo/share/wamv_gazebo/models/battery/mesh/battery_Albedo.png
[18.296s] -- Symlinking: /home/luca002/proj_ws/install/wamv_gazebo/share/wamv_gazebo/models/battery/mesh/battery_Metalness.png
[18.304s] -- Symlinking: /home/luca002/proj_ws/install/wamv_gazebo/share/wamv_gazebo/models/battery/mesh/battery_Normal.png
[18.312s] -- Symlinking: /home/luca002/proj_ws/install/wamv_gazebo/share/wamv_gazebo/models/battery/mesh/battery_Roughness.png
[18.318s] -- Symlinking: /home/luca002/proj_ws/install/wamv_gazebo/share/wamv_gazebo/models/battery/model.config
[18.324s] -- Symlinking: /home/luca002/proj_ws/install/wamv_gazebo/share/wamv_gazebo/models/battery/model.sdf
[18.330s] -- Symlinking: /home/luca002/proj_ws/install/wamv_gazebo/share/wamv_gazebo/models/blue_projectile/model.config
[18.340s] -- Symlinking: /home/luca002/proj_ws/install/wamv_gazebo/share/wamv_gazebo/models/blue_projectile/model.sdf
[18.349s] -- Symlinking: /home/luca002/proj_ws/install/wamv_gazebo/share/wamv_gazebo/models/boat/materials/textures/Boat_Albedo.png
[18.360s] -- Symlinking: /home/luca002/proj_ws/install/wamv_gazebo/share/wamv_gazebo/models/boat/materials/textures/Boat_Metalness.png
[18.374s] -- Symlinking: /home/luca002/proj_ws/install/wamv_gazebo/share/wamv_gazebo/models/boat/materials/textures/Boat_Normal.png
[18.380s] -- Symlinking: /home/luca002/proj_ws/install/wamv_gazebo/share/wamv_gazebo/models/boat/materials/textures/Boat_Roughness.png
[18.386s] -- Symlinking: /home/luca002/proj_ws/install/wamv_gazebo/share/wamv_gazebo/models/boat/materials/textures/lidar_3d_v1.png
[18.393s] -- Symlinking: /home/luca002/proj_ws/install/wamv_gazebo/share/wamv_gazebo/models/boat/meshes/rcboat.dae
[18.403s] -- Symlinking: /home/luca002/proj_ws/install/wamv_gazebo/share/wamv_gazebo/models/boat/model.config
[18.416s] -- Symlinking: /home/luca002/proj_ws/install/wamv_gazebo/share/wamv_gazebo/models/boat/model.sdf
[18.425s] -- Symlinking: /home/luca002/proj_ws/install/wamv_gazebo/share/wamv_gazebo/models/boat/oldmodel/mmodel.sdf
[18.431s] -- Symlinking: /home/luca002/proj_ws/install/wamv_gazebo/share/wamv_gazebo/models/boat/thumbnails/boat/1.png
[18.439s] -- Symlinking: /home/luca002/proj_ws/install/wamv_gazebo/share/wamv_gazebo/models/boat/thumbnails/boat/2.png
[18.445s] -- Symlinking: /home/luca002/proj_ws/install/wamv_gazebo/share/wamv_gazebo/models/boat/thumbnails/boat/3.png
[18.455s] -- Symlinking: /home/luca002/proj_ws/install/wamv_gazebo/share/wamv_gazebo/models/boat/thumbnails/boat/4.png
[18.466s] -- Symlinking: /home/luca002/proj_ws/install/wamv_gazebo/share/wamv_gazebo/models/boat/thumbnails/boat/5.png
[18.472s] -- Symlinking: /home/luca002/proj_ws/install/wamv_gazebo/share/wamv_gazebo/models/coast_waves/materials/programs/GerstnerWaves_fs_330.glsl
[18.478s] -- Symlinking: /home/luca002/proj_ws/install/wamv_gazebo/share/wamv_gazebo/models/coast_waves/materials/programs/GerstnerWaves_vs_330.glsl
[18.485s] -- Symlinking: /home/luca002/proj_ws/install/wamv_gazebo/share/wamv_gazebo/models/coast_waves/materials/textures/skybox_lowres.dds
[18.494s] -- Symlinking: /home/luca002/proj_ws/install/wamv_gazebo/share/wamv_gazebo/models/coast_waves/materials/textures/wave_normals.dds
[18.503s] -- Symlinking: /home/luca002/proj_ws/install/wamv_gazebo/share/wamv_gazebo/models/coast_waves/meshes/waterlow.dae
[18.512s] -- Symlinking: /home/luca002/proj_ws/install/wamv_gazebo/share/wamv_gazebo/models/coast_waves/model.config
[18.519s] -- Symlinking: /home/luca002/proj_ws/install/wamv_gazebo/share/wamv_gazebo/models/coast_waves/model.sdf
[18.530s] -- Symlinking: /home/luca002/proj_ws/install/wamv_gazebo/share/wamv_gazebo/models/cpu_cases/mesh/cpu_cases.dae
[18.541s] -- Symlinking: /home/luca002/proj_ws/install/wamv_gazebo/share/wamv_gazebo/models/cpu_cases/mesh/cpu_cases.png
[18.549s] -- Symlinking: /home/luca002/proj_ws/install/wamv_gazebo/share/wamv_gazebo/models/cpu_cases/mesh/cpu_cases_Albedo.png
[18.554s] -- Symlinking: /home/luca002/proj_ws/install/wamv_gazebo/share/wamv_gazebo/models/cpu_cases/mesh/cpu_cases_Metalness.png
[18.560s] -- Symlinking: /home/luca002/proj_ws/install/wamv_gazebo/share/wamv_gazebo/models/cpu_cases/mesh/cpu_cases_Normal.png
[18.565s] -- Symlinking: /home/luca002/proj_ws/install/wamv_gazebo/share/wamv_gazebo/models/cpu_cases/mesh/cpu_cases_Roughness.png
[18.571s] -- Symlinking: /home/luca002/proj_ws/install/wamv_gazebo/share/wamv_gazebo/models/cpu_cases/model.config
[18.576s] -- Symlinking: /home/luca002/proj_ws/install/wamv_gazebo/share/wamv_gazebo/models/cpu_cases/model.sdf
[18.584s] -- Symlinking: /home/luca002/proj_ws/install/wamv_gazebo/share/wamv_gazebo/models/dock_2022/model.config
[18.594s] -- Symlinking: /home/luca002/proj_ws/install/wamv_gazebo/share/wamv_gazebo/models/dock_2022/model.sdf
[18.604s] -- Symlinking: /home/luca002/proj_ws/install/wamv_gazebo/share/wamv_gazebo/models/dock_2022_base/model.config
[18.610s] -- Symlinking: /home/luca002/proj_ws/install/wamv_gazebo/share/wamv_gazebo/models/dock_2022_base/model.sdf
[18.616s] -- Symlinking: /home/luca002/proj_ws/install/wamv_gazebo/share/wamv_gazebo/models/dock_block_4x4/mesh/DockCubes_Albedo.png
[18.621s] -- Symlinking: /home/luca002/proj_ws/install/wamv_gazebo/share/wamv_gazebo/models/dock_block_4x4/mesh/DockCubes_Metalness.png
[18.626s] -- Symlinking: /home/luca002/proj_ws/install/wamv_gazebo/share/wamv_gazebo/models/dock_block_4x4/mesh/DockCubes_Normal.png
[18.632s] -- Symlinking: /home/luca002/proj_ws/install/wamv_gazebo/share/wamv_gazebo/models/dock_block_4x4/mesh/DockCubes_Roughness.png
[18.637s] -- Symlinking: /home/luca002/proj_ws/install/wamv_gazebo/share/wamv_gazebo/models/dock_block_4x4/mesh/dock_block_4x4.dae
[18.642s] -- Symlinking: /home/luca002/proj_ws/install/wamv_gazebo/share/wamv_gazebo/models/dock_block_4x4/model.config
[18.647s] -- Symlinking: /home/luca002/proj_ws/install/wamv_gazebo/share/wamv_gazebo/models/dock_block_4x4/model.sdf
[18.652s] -- Symlinking: /home/luca002/proj_ws/install/wamv_gazebo/share/wamv_gazebo/models/engine/mesh/engine.dae
[18.659s] -- Symlinking: /home/luca002/proj_ws/install/wamv_gazebo/share/wamv_gazebo/models/engine/model.config
[18.668s] -- Symlinking: /home/luca002/proj_ws/install/wamv_gazebo/share/wamv_gazebo/models/entrance_exit/model.config
[18.679s] -- Symlinking: /home/luca002/proj_ws/install/wamv_gazebo/share/wamv_gazebo/models/entrance_exit/model.sdf
[18.686s] -- Symlinking: /home/luca002/proj_ws/install/wamv_gazebo/share/wamv_gazebo/models/gps/mesh/gps.dae
[18.699s] -- Symlinking: /home/luca002/proj_ws/install/wamv_gazebo/share/wamv_gazebo/models/gps/mesh/gps.png
[18.710s] -- Symlinking: /home/luca002/proj_ws/install/wamv_gazebo/share/wamv_gazebo/models/gps/model.config
[18.719s] -- Symlinking: /home/luca002/proj_ws/install/wamv_gazebo/share/wamv_gazebo/models/lidar/materials/textures/lidar_3d_v1.png
[18.729s] -- Symlinking: /home/luca002/proj_ws/install/wamv_gazebo/share/wamv_gazebo/models/lidar/meshes/lidar_3d_v1.dae
[18.738s] -- Symlinking: /home/luca002/proj_ws/install/wamv_gazebo/share/wamv_gazebo/models/lidar/meshes/lidar_3d_v1.png
[18.744s] -- Symlinking: /home/luca002/proj_ws/install/wamv_gazebo/share/wamv_gazebo/models/lidar/model.config
[18.750s] -- Symlinking: /home/luca002/proj_ws/install/wamv_gazebo/share/wamv_gazebo/models/lidar/model.sdf
[18.757s] -- Symlinking: /home/luca002/proj_ws/install/wamv_gazebo/share/wamv_gazebo/models/lidar/thumbnails/1.png
[18.765s] -- Symlinking: /home/luca002/proj_ws/install/wamv_gazebo/share/wamv_gazebo/models/lidar/thumbnails/2.png
[18.773s] -- Symlinking: /home/luca002/proj_ws/install/wamv_gazebo/share/wamv_gazebo/models/lidar/thumbnails/3.png
[18.786s] -- Symlinking: /home/luca002/proj_ws/install/wamv_gazebo/share/wamv_gazebo/models/lidar/thumbnails/4.png
[18.801s] -- Symlinking: /home/luca002/proj_ws/install/wamv_gazebo/share/wamv_gazebo/models/lidar/thumbnails/5.png
[18.808s] -- Symlinking: /home/luca002/proj_ws/install/wamv_gazebo/share/wamv_gazebo/models/light_buoy/meshes/LightTower_Albedo.png
[18.818s] -- Symlinking: /home/luca002/proj_ws/install/wamv_gazebo/share/wamv_gazebo/models/light_buoy/meshes/LightTower_Metalness.png
[18.824s] -- Symlinking: /home/luca002/proj_ws/install/wamv_gazebo/share/wamv_gazebo/models/light_buoy/meshes/LightTower_Normal.png
[18.832s] -- Symlinking: /home/luca002/proj_ws/install/wamv_gazebo/share/wamv_gazebo/models/light_buoy/meshes/LightTower_Opacity.png
[18.839s] -- Symlinking: /home/luca002/proj_ws/install/wamv_gazebo/share/wamv_gazebo/models/light_buoy/meshes/LightTower_Roughness.png
[18.846s] -- Symlinking: /home/luca002/proj_ws/install/wamv_gazebo/share/wamv_gazebo/models/light_buoy/meshes/light_buoy.dae
[18.852s] -- Symlinking: /home/luca002/proj_ws/install/wamv_gazebo/share/wamv_gazebo/models/light_buoy/model.config
[18.857s] -- Symlinking: /home/luca002/proj_ws/install/wamv_gazebo/share/wamv_gazebo/models/light_buoy/model.sdf
[18.862s] -- Symlinking: /home/luca002/proj_ws/install/wamv_gazebo/share/wamv_gazebo/models/mb_marker_buoy_black/materials/textures/MarkerBuoy_Base_Color.png
[18.867s] -- Symlinking: /home/luca002/proj_ws/install/wamv_gazebo/share/wamv_gazebo/models/mb_marker_buoy_black/materials/textures/MarkerBuoy_Roughness.png
[18.873s] -- Symlinking: /home/luca002/proj_ws/install/wamv_gazebo/share/wamv_gazebo/models/mb_marker_buoy_black/meshes/mb_marker_buoy.dae
[18.878s] -- Symlinking: /home/luca002/proj_ws/install/wamv_gazebo/share/wamv_gazebo/models/mb_marker_buoy_black/model.config
[18.883s] -- Symlinking: /home/luca002/proj_ws/install/wamv_gazebo/share/wamv_gazebo/models/mb_marker_buoy_black/model.sdf
[18.888s] -- Symlinking: /home/luca002/proj_ws/install/wamv_gazebo/share/wamv_gazebo/models/mb_marker_buoy_black/thumbnails/1.png
[18.894s] -- Symlinking: /home/luca002/proj_ws/install/wamv_gazebo/share/wamv_gazebo/models/mb_marker_buoy_black/thumbnails/2.png
[18.901s] -- Symlinking: /home/luca002/proj_ws/install/wamv_gazebo/share/wamv_gazebo/models/mb_marker_buoy_black/thumbnails/3.png
[18.907s] -- Symlinking: /home/luca002/proj_ws/install/wamv_gazebo/share/wamv_gazebo/models/mb_marker_buoy_black/thumbnails/4.png
[18.913s] -- Symlinking: /home/luca002/proj_ws/install/wamv_gazebo/share/wamv_gazebo/models/mb_marker_buoy_black/thumbnails/5.png
[18.918s] -- Symlinking: /home/luca002/proj_ws/install/wamv_gazebo/share/wamv_gazebo/models/mb_marker_buoy_green/materials/textures/MarkerBuoy_Base_Color.png
[18.924s] -- Symlinking: /home/luca002/proj_ws/install/wamv_gazebo/share/wamv_gazebo/models/mb_marker_buoy_green/materials/textures/MarkerBuoy_Roughness.png
[18.929s] -- Symlinking: /home/luca002/proj_ws/install/wamv_gazebo/share/wamv_gazebo/models/mb_marker_buoy_green/meshes/mb_marker_buoy.dae
[18.934s] -- Symlinking: /home/luca002/proj_ws/install/wamv_gazebo/share/wamv_gazebo/models/mb_marker_buoy_green/model.config
[18.939s] -- Symlinking: /home/luca002/proj_ws/install/wamv_gazebo/share/wamv_gazebo/models/mb_marker_buoy_green/model.sdf
[18.945s] -- Symlinking: /home/luca002/proj_ws/install/wamv_gazebo/share/wamv_gazebo/models/mb_marker_buoy_green/thumbnails/1.png
[18.950s] -- Symlinking: /home/luca002/proj_ws/install/wamv_gazebo/share/wamv_gazebo/models/mb_marker_buoy_green/thumbnails/2.png
[18.955s] -- Symlinking: /home/luca002/proj_ws/install/wamv_gazebo/share/wamv_gazebo/models/mb_marker_buoy_green/thumbnails/3.png
[18.960s] -- Symlinking: /home/luca002/proj_ws/install/wamv_gazebo/share/wamv_gazebo/models/mb_marker_buoy_green/thumbnails/4.png
[18.965s] -- Symlinking: /home/luca002/proj_ws/install/wamv_gazebo/share/wamv_gazebo/models/mb_marker_buoy_green/thumbnails/5.png
[18.970s] -- Symlinking: /home/luca002/proj_ws/install/wamv_gazebo/share/wamv_gazebo/models/mb_marker_buoy_red/materials/textures/MarkerBuoy_Base_Color.png
[18.975s] -- Symlinking: /home/luca002/proj_ws/install/wamv_gazebo/share/wamv_gazebo/models/mb_marker_buoy_red/materials/textures/MarkerBuoy_Roughness.png
[18.981s] -- Symlinking: /home/luca002/proj_ws/install/wamv_gazebo/share/wamv_gazebo/models/mb_marker_buoy_red/meshes/mb_marker_buoy.dae
[18.986s] -- Symlinking: /home/luca002/proj_ws/install/wamv_gazebo/share/wamv_gazebo/models/mb_marker_buoy_red/model.config
[18.991s] -- Symlinking: /home/luca002/proj_ws/install/wamv_gazebo/share/wamv_gazebo/models/mb_marker_buoy_red/model.sdf
[18.998s] -- Symlinking: /home/luca002/proj_ws/install/wamv_gazebo/share/wamv_gazebo/models/mb_marker_buoy_red/thumbnails/1.png
[19.005s] -- Symlinking: /home/luca002/proj_ws/install/wamv_gazebo/share/wamv_gazebo/models/mb_marker_buoy_red/thumbnails/2.png
[19.012s] -- Symlinking: /home/luca002/proj_ws/install/wamv_gazebo/share/wamv_gazebo/models/mb_marker_buoy_red/thumbnails/3.png
[19.017s] -- Symlinking: /home/luca002/proj_ws/install/wamv_gazebo/share/wamv_gazebo/models/mb_marker_buoy_red/thumbnails/4.png
[19.022s] -- Symlinking: /home/luca002/proj_ws/install/wamv_gazebo/share/wamv_gazebo/models/mb_marker_buoy_red/thumbnails/5.png
[19.036s] -- Symlinking: /home/luca002/proj_ws/install/wamv_gazebo/share/wamv_gazebo/models/mb_marker_buoy_white/materials/textures/MarkerBuoy_Base_Color.png
[19.041s] -- Symlinking: /home/luca002/proj_ws/install/wamv_gazebo/share/wamv_gazebo/models/mb_marker_buoy_white/materials/textures/MarkerBuoy_Roughness.png
[19.046s] -- Symlinking: /home/luca002/proj_ws/install/wamv_gazebo/share/wamv_gazebo/models/mb_marker_buoy_white/meshes/mb_marker_buoy.dae
[19.052s] -- Symlinking: /home/luca002/proj_ws/install/wamv_gazebo/share/wamv_gazebo/models/mb_marker_buoy_white/model.config
[19.057s] -- Symlinking: /home/luca002/proj_ws/install/wamv_gazebo/share/wamv_gazebo/models/mb_marker_buoy_white/model.sdf
[19.062s] -- Symlinking: /home/luca002/proj_ws/install/wamv_gazebo/share/wamv_gazebo/models/mb_marker_buoy_white/thumbnails/1.png
[19.067s] -- Symlinking: /home/luca002/proj_ws/install/wamv_gazebo/share/wamv_gazebo/models/mb_marker_buoy_white/thumbnails/2.png
[19.072s] -- Symlinking: /home/luca002/proj_ws/install/wamv_gazebo/share/wamv_gazebo/models/mb_marker_buoy_white/thumbnails/3.png
[19.078s] -- Symlinking: /home/luca002/proj_ws/install/wamv_gazebo/share/wamv_gazebo/models/mb_marker_buoy_white/thumbnails/4.png
[19.083s] -- Symlinking: /home/luca002/proj_ws/install/wamv_gazebo/share/wamv_gazebo/models/mb_marker_buoy_white/thumbnails/5.png
[19.088s] -- Symlinking: /home/luca002/proj_ws/install/wamv_gazebo/share/wamv_gazebo/models/mb_round_buoy_black/materials/textures/RoundBarrierBuoy_Base_Color.png
[19.094s] -- Symlinking: /home/luca002/proj_ws/install/wamv_gazebo/share/wamv_gazebo/models/mb_round_buoy_black/materials/textures/RoundBarrierBuoy_Roughness.png
[19.101s] -- Symlinking: /home/luca002/proj_ws/install/wamv_gazebo/share/wamv_gazebo/models/mb_round_buoy_black/meshes/mb_round_buoy.dae
[19.108s] -- Symlinking: /home/luca002/proj_ws/install/wamv_gazebo/share/wamv_gazebo/models/mb_round_buoy_black/model.config
[19.113s] -- Symlinking: /home/luca002/proj_ws/install/wamv_gazebo/share/wamv_gazebo/models/mb_round_buoy_black/model.sdf
[19.120s] -- Symlinking: /home/luca002/proj_ws/install/wamv_gazebo/share/wamv_gazebo/models/mb_round_buoy_black/thumbnails/1.png
[19.128s] -- Symlinking: /home/luca002/proj_ws/install/wamv_gazebo/share/wamv_gazebo/models/mb_round_buoy_black/thumbnails/2.png
[19.133s] -- Symlinking: /home/luca002/proj_ws/install/wamv_gazebo/share/wamv_gazebo/models/mb_round_buoy_black/thumbnails/3.png
[19.138s] -- Symlinking: /home/luca002/proj_ws/install/wamv_gazebo/share/wamv_gazebo/models/mb_round_buoy_black/thumbnails/4.png
[19.145s] -- Symlinking: /home/luca002/proj_ws/install/wamv_gazebo/share/wamv_gazebo/models/mb_round_buoy_black/thumbnails/5.png
[19.154s] -- Symlinking: /home/luca002/proj_ws/install/wamv_gazebo/share/wamv_gazebo/models/mb_round_buoy_orange/materials/textures/RoundBarrierBuoy_Base_Color.png
[19.163s] -- Symlinking: /home/luca002/proj_ws/install/wamv_gazebo/share/wamv_gazebo/models/mb_round_buoy_orange/materials/textures/RoundBarrierBuoy_Roughness.png
[19.171s] -- Symlinking: /home/luca002/proj_ws/install/wamv_gazebo/share/wamv_gazebo/models/mb_round_buoy_orange/meshes/mb_round_buoy.dae
[19.177s] -- Symlinking: /home/luca002/proj_ws/install/wamv_gazebo/share/wamv_gazebo/models/mb_round_buoy_orange/model.config
[19.185s] -- Symlinking: /home/luca002/proj_ws/install/wamv_gazebo/share/wamv_gazebo/models/mb_round_buoy_orange/model.sdf
[19.191s] -- Symlinking: /home/luca002/proj_ws/install/wamv_gazebo/share/wamv_gazebo/models/mb_round_buoy_orange/thumbnails/1.png
[19.199s] -- Symlinking: /home/luca002/proj_ws/install/wamv_gazebo/share/wamv_gazebo/models/mb_round_buoy_orange/thumbnails/2.png
[19.207s] -- Symlinking: /home/luca002/proj_ws/install/wamv_gazebo/share/wamv_gazebo/models/mb_round_buoy_orange/thumbnails/3.png
[19.213s] -- Symlinking: /home/luca002/proj_ws/install/wamv_gazebo/share/wamv_gazebo/models/mb_round_buoy_orange/thumbnails/4.png
[19.219s] -- Symlinking: /home/luca002/proj_ws/install/wamv_gazebo/share/wamv_gazebo/models/mb_round_buoy_orange/thumbnails/5.png
[19.224s] -- Symlinking: /home/luca002/proj_ws/install/wamv_gazebo/share/wamv_gazebo/models/mono_camera/mesh/mono_camera.dae
[19.229s] -- Symlinking: /home/luca002/proj_ws/install/wamv_gazebo/share/wamv_gazebo/models/mono_camera/mesh/mono_camera.png
[19.235s] -- Symlinking: /home/luca002/proj_ws/install/wamv_gazebo/share/wamv_gazebo/models/mono_camera/mesh/mono_camera_Albedo.png
[19.240s] -- Symlinking: /home/luca002/proj_ws/install/wamv_gazebo/share/wamv_gazebo/models/mono_camera/mesh/mono_camera_Metalness.png
[19.245s] -- Symlinking: /home/luca002/proj_ws/install/wamv_gazebo/share/wamv_gazebo/models/mono_camera/mesh/mono_camera_Normal.png
[19.250s] -- Symlinking: /home/luca002/proj_ws/install/wamv_gazebo/share/wamv_gazebo/models/mono_camera/mesh/mono_camera_Roughness.png
[19.256s] -- Symlinking: /home/luca002/proj_ws/install/wamv_gazebo/share/wamv_gazebo/models/mono_camera/model.config
[19.261s] -- Symlinking: /home/luca002/proj_ws/install/wamv_gazebo/share/wamv_gazebo/models/mono_camera/model.sdf
[19.266s] -- Symlinking: /home/luca002/proj_ws/install/wamv_gazebo/share/wamv_gazebo/models/placard_2022/materials/textures/Placard.png
[19.272s] -- Symlinking: /home/luca002/proj_ws/install/wamv_gazebo/share/wamv_gazebo/models/placard_2022/meshes/placard_2022.dae
[19.277s] -- Symlinking: /home/luca002/proj_ws/install/wamv_gazebo/share/wamv_gazebo/models/placard_2022/model.config
[19.282s] -- Symlinking: /home/luca002/proj_ws/install/wamv_gazebo/share/wamv_gazebo/models/placard_2022/model.sdf
[19.288s] -- Symlinking: /home/luca002/proj_ws/install/wamv_gazebo/share/wamv_gazebo/models/platform/model.config
[19.294s] -- Symlinking: /home/luca002/proj_ws/install/wamv_gazebo/share/wamv_gazebo/models/platform/model.sdf
[19.302s] -- Symlinking: /home/luca002/proj_ws/install/wamv_gazebo/share/wamv_gazebo/models/propeller/mesh/propeller.dae
[19.309s] -- Symlinking: /home/luca002/proj_ws/install/wamv_gazebo/share/wamv_gazebo/models/propeller/model.config
[19.314s] -- Symlinking: /home/luca002/proj_ws/install/wamv_gazebo/share/wamv_gazebo/models/roboboat01/materials/scripts/model.material
[19.320s] -- Symlinking: /home/luca002/proj_ws/install/wamv_gazebo/share/wamv_gazebo/models/roboboat01/materials/textures/Boat01_Albedo.png
[19.325s] -- Symlinking: /home/luca002/proj_ws/install/wamv_gazebo/share/wamv_gazebo/models/roboboat01/materials/textures/Boat01_Metallic.png
[19.331s] -- Symlinking: /home/luca002/proj_ws/install/wamv_gazebo/share/wamv_gazebo/models/roboboat01/materials/textures/Boat01_Normal.png
[19.336s] -- Symlinking: /home/luca002/proj_ws/install/wamv_gazebo/share/wamv_gazebo/models/roboboat01/materials/textures/Boat01_Roughness.png
[19.341s] -- Symlinking: /home/luca002/proj_ws/install/wamv_gazebo/share/wamv_gazebo/models/roboboat01/materials/textures/Thruster_Albedo.png
[19.347s] -- Symlinking: /home/luca002/proj_ws/install/wamv_gazebo/share/wamv_gazebo/models/roboboat01/materials/textures/Thruster_Roughness.png
[19.352s] -- Symlinking: /home/luca002/proj_ws/install/wamv_gazebo/share/wamv_gazebo/models/roboboat01/meshes/housing.dae
[19.357s] -- Symlinking: /home/luca002/proj_ws/install/wamv_gazebo/share/wamv_gazebo/models/roboboat01/meshes/mount.dae
[19.362s] -- Symlinking: /home/luca002/proj_ws/install/wamv_gazebo/share/wamv_gazebo/models/roboboat01/meshes/prop.dae
[19.367s] -- Symlinking: /home/luca002/proj_ws/install/wamv_gazebo/share/wamv_gazebo/models/roboboat01/meshes/roboboat01.dae
[19.372s] -- Symlinking: /home/luca002/proj_ws/install/wamv_gazebo/share/wamv_gazebo/models/roboboat01/model.config
[19.378s] -- Symlinking: /home/luca002/proj_ws/install/wamv_gazebo/share/wamv_gazebo/models/roboboat01/model.sdf
[19.383s] -- Symlinking: /home/luca002/proj_ws/install/wamv_gazebo/share/wamv_gazebo/models/roboboat02/materials/scripts/model.material
[19.388s] -- Symlinking: /home/luca002/proj_ws/install/wamv_gazebo/share/wamv_gazebo/models/roboboat02/materials/textures/Boat02_Albedo.png
[19.394s] -- Symlinking: /home/luca002/proj_ws/install/wamv_gazebo/share/wamv_gazebo/models/roboboat02/materials/textures/Boat02_Metallic.png
[19.403s] -- Symlinking: /home/luca002/proj_ws/install/wamv_gazebo/share/wamv_gazebo/models/roboboat02/materials/textures/Boat02_Normal.png
[19.412s] -- Symlinking: /home/luca002/proj_ws/install/wamv_gazebo/share/wamv_gazebo/models/roboboat02/materials/textures/Boat02_Roughness.png
[19.419s] -- Symlinking: /home/luca002/proj_ws/install/wamv_gazebo/share/wamv_gazebo/models/roboboat02/meshes/roboboat02.dae
[19.425s] -- Symlinking: /home/luca002/proj_ws/install/wamv_gazebo/share/wamv_gazebo/models/roboboat02/model.config
[19.431s] -- Symlinking: /home/luca002/proj_ws/install/wamv_gazebo/share/wamv_gazebo/models/roboboat02/model.sdf
[19.436s] -- Symlinking: /home/luca002/proj_ws/install/wamv_gazebo/share/wamv_gazebo/models/roboboat_cpubox/materials/textures/DryBox_Albedo.png
[19.441s] -- Symlinking: /home/luca002/proj_ws/install/wamv_gazebo/share/wamv_gazebo/models/roboboat_cpubox/materials/textures/DryBox_Roughness.png
[19.447s] -- Symlinking: /home/luca002/proj_ws/install/wamv_gazebo/share/wamv_gazebo/models/roboboat_cpubox/meshes/drybox.dae
[19.452s] -- Symlinking: /home/luca002/proj_ws/install/wamv_gazebo/share/wamv_gazebo/models/roboboat_cpubox/model.config
[19.457s] -- Symlinking: /home/luca002/proj_ws/install/wamv_gazebo/share/wamv_gazebo/models/roboboat_cpubox/model.sdf
[19.462s] -- Symlinking: /home/luca002/proj_ws/install/wamv_gazebo/share/wamv_gazebo/models/sensor_post/mesh/sensor_post.dae
[19.467s] -- Symlinking: /home/luca002/proj_ws/install/wamv_gazebo/share/wamv_gazebo/models/sensor_post/mesh/sensor_post.png
[19.472s] -- Symlinking: /home/luca002/proj_ws/install/wamv_gazebo/share/wamv_gazebo/models/sensor_post/mesh/sensor_post_arm.dae
[19.478s] -- Symlinking: /home/luca002/proj_ws/install/wamv_gazebo/share/wamv_gazebo/models/sensor_post/model.config
[19.485s] -- Symlinking: /home/luca002/proj_ws/install/wamv_gazebo/share/wamv_gazebo/models/sensor_post/model.sdf
[19.491s] -- Symlinking: /home/luca002/proj_ws/install/wamv_gazebo/share/wamv_gazebo/models/symbol_triangle/mesh/triangle.dae
[19.497s] -- Symlinking: /home/luca002/proj_ws/install/wamv_gazebo/share/wamv_gazebo/models/symbol_triangle/model.config
[19.505s] -- Symlinking: /home/luca002/proj_ws/install/wamv_gazebo/share/wamv_gazebo/models/symbol_triangle/model.sdf
[19.512s] -- Symlinking: /home/luca002/proj_ws/install/wamv_gazebo/share/wamv_gazebo/models/tripod/model.config
[19.518s] -- Symlinking: /home/luca002/proj_ws/install/wamv_gazebo/share/wamv_gazebo/models/tripod/model.sdf
[19.524s] -- Symlinking: /home/luca002/proj_ws/install/wamv_gazebo/share/wamv_gazebo/models/vessel/materials/textures/Boat01_Albedo.jpg
[19.529s] -- Symlinking: /home/luca002/proj_ws/install/wamv_gazebo/share/wamv_gazebo/models/vessel/materials/textures/Boat01_Normal.jpg
[19.535s] -- Symlinking: /home/luca002/proj_ws/install/wamv_gazebo/share/wamv_gazebo/models/vessel/materials/textures/Boat01_Roughness.jpg
[19.541s] -- Symlinking: /home/luca002/proj_ws/install/wamv_gazebo/share/wamv_gazebo/models/vessel/meshes/Boat01.dae
[19.546s] -- Symlinking: /home/luca002/proj_ws/install/wamv_gazebo/share/wamv_gazebo/models/vessel/model.config
[19.551s] -- Symlinking: /home/luca002/proj_ws/install/wamv_gazebo/share/wamv_gazebo/models/vessel/model.sdf
[19.556s] -- Symlinking: /home/luca002/proj_ws/install/wamv_gazebo/share/wamv_gazebo/models/vessel/thumbnails/1.png
[19.561s] -- Symlinking: /home/luca002/proj_ws/install/wamv_gazebo/share/wamv_gazebo/models/wamv/meshes/WAM-V-Base.dae
[19.567s] -- Symlinking: /home/luca002/proj_ws/install/wamv_gazebo/share/wamv_gazebo/models/wamv/meshes/WamV.png
[19.573s] -- Symlinking: /home/luca002/proj_ws/install/wamv_gazebo/share/wamv_gazebo/models/wamv/meshes/battery.dae
[19.579s] -- Symlinking: /home/luca002/proj_ws/install/wamv_gazebo/share/wamv_gazebo/models/wamv/meshes/battery.png
[19.587s] -- Symlinking: /home/luca002/proj_ws/install/wamv_gazebo/share/wamv_gazebo/models/wamv/meshes/battery_Albedo.png
[19.596s] -- Symlinking: /home/luca002/proj_ws/install/wamv_gazebo/share/wamv_gazebo/models/wamv/meshes/battery_Metalness.png
[19.607s] -- Symlinking: /home/luca002/proj_ws/install/wamv_gazebo/share/wamv_gazebo/models/wamv/meshes/battery_Normal.png
[19.617s] -- Symlinking: /home/luca002/proj_ws/install/wamv_gazebo/share/wamv_gazebo/models/wamv/meshes/battery_Roughness.png
[19.623s] -- Symlinking: /home/luca002/proj_ws/install/wamv_gazebo/share/wamv_gazebo/models/wamv/meshes/cpu_cases.dae
[19.630s] -- Symlinking: /home/luca002/proj_ws/install/wamv_gazebo/share/wamv_gazebo/models/wamv/meshes/cpu_cases.png
[19.635s] -- Symlinking: /home/luca002/proj_ws/install/wamv_gazebo/share/wamv_gazebo/models/wamv/meshes/cpu_cases_Albedo.png
[19.640s] -- Symlinking: /home/luca002/proj_ws/install/wamv_gazebo/share/wamv_gazebo/models/wamv/meshes/cpu_cases_Metalness.png
[19.645s] -- Symlinking: /home/luca002/proj_ws/install/wamv_gazebo/share/wamv_gazebo/models/wamv/meshes/cpu_cases_Normal.png
[19.650s] -- Symlinking: /home/luca002/proj_ws/install/wamv_gazebo/share/wamv_gazebo/models/wamv/meshes/cpu_cases_Roughness.png
[19.656s] -- Symlinking: /home/luca002/proj_ws/install/wamv_gazebo/share/wamv_gazebo/models/wamv/meshes/engine.dae
[19.661s] -- Symlinking: /home/luca002/proj_ws/install/wamv_gazebo/share/wamv_gazebo/models/wamv/meshes/legs.dae
[19.666s] -- Symlinking: /home/luca002/proj_ws/install/wamv_gazebo/share/wamv_gazebo/models/wamv/meshes/lidar_3d_v1 copy.png
[19.671s] -- Symlinking: /home/luca002/proj_ws/install/wamv_gazebo/share/wamv_gazebo/models/wamv/meshes/lidar_3d_v1.dae
[19.677s] -- Symlinking: /home/luca002/proj_ws/install/wamv_gazebo/share/wamv_gazebo/models/wamv/meshes/lidar_3d_v1.png
[19.682s] -- Symlinking: /home/luca002/proj_ws/install/wamv_gazebo/share/wamv_gazebo/models/wamv/meshes/propeller.dae
[19.687s] -- Symlinking: /home/luca002/proj_ws/install/wamv_gazebo/share/wamv_gazebo/models/wamv/meshes/ring.dae
[19.692s] -- Symlinking: /home/luca002/proj_ws/install/wamv_gazebo/share/wamv_gazebo/models/wamv/model.config
[19.699s] -- Symlinking: /home/luca002/proj_ws/install/wamv_gazebo/share/wamv_gazebo/models/wamv/model.sdf
[19.706s] -- Symlinking: /home/luca002/proj_ws/install/wamv_gazebo/share/wamv_gazebo/models/wamv/old/oldmodel.sdf
[19.712s] -- Symlinking: /home/luca002/proj_ws/install/wamv_gazebo/share/wamv_gazebo/worlds/sydney.sdf
[19.717s] -- Symlinking: /home/luca002/proj_ws/install/wamv_gazebo/share/wamv_gazebo/urdf/battery.xacro
[19.723s] -- Symlinking: /home/luca002/proj_ws/install/wamv_gazebo/share/wamv_gazebo/urdf/cpu_cases.xacro
[19.728s] -- Symlinking: /home/luca002/proj_ws/install/wamv_gazebo/share/wamv_gazebo/urdf/dynamics/wamv_gazebo_dynamics_plugin.xacro
[19.733s] -- Symlinking: /home/luca002/proj_ws/install/wamv_gazebo/share/wamv_gazebo/urdf/gz_waffle.sdf.xacro
[19.738s] -- Symlinking: /home/luca002/proj_ws/install/wamv_gazebo/share/wamv_gazebo/urdf/macros.xacro
[19.743s] -- Symlinking: /home/luca002/proj_ws/install/wamv_gazebo/share/wamv_gazebo/urdf/model.urdf.xacro
[19.749s] -- Symlinking: /home/luca002/proj_ws/install/wamv_gazebo/share/wamv_gazebo/urdf/model2.sdf
[19.757s] -- Symlinking: /home/luca002/proj_ws/install/wamv_gazebo/share/wamv_gazebo/urdf/thruster_layouts/wamv_aft_thrusters.xacro
[19.762s] -- Symlinking: /home/luca002/proj_ws/install/wamv_gazebo/share/wamv_gazebo/urdf/thruster_layouts/wamv_gazebo_thruster_config.xacro
[19.768s] -- Symlinking: /home/luca002/proj_ws/install/wamv_gazebo/share/wamv_gazebo/urdf/thruster_layouts/wamv_t_thrusters.xacro
[19.774s] -- Symlinking: /home/luca002/proj_ws/install/wamv_gazebo/share/wamv_gazebo/urdf/thruster_layouts/wamv_x_thrusters.xacro
[19.782s] -- Symlinking: /home/luca002/proj_ws/install/wamv_gazebo/share/wamv_gazebo/urdf/thrusters/engine.xacro
[19.788s] -- Symlinking: /home/luca002/proj_ws/install/wamv_gazebo/share/wamv_gazebo/urdf/turtlebot3_waffle.urdf
[19.795s] -- Symlinking: /home/luca002/proj_ws/install/wamv_gazebo/share/wamv_gazebo/urdf/wamv_base.urdf.xacro
[19.804s] -- Symlinking: /home/luca002/proj_ws/install/wamv_gazebo/share/wamv_gazebo/urdf/wamv_gazebo.urdf.xacro
[19.810s] -- Symlinking: /home/luca002/proj_ws/install/wamv_gazebo/share/wamv_gazebo/urdf/wamv_gazebo.xacro
[19.815s] -- Symlinking: /home/luca002/proj_ws/install/wamv_gazebo/share/ament_index/resource_index/package_run_dependencies/wamv_gazebo
[19.820s] -- Symlinking: /home/luca002/proj_ws/install/wamv_gazebo/share/ament_index/resource_index/parent_prefix_path/wamv_gazebo
[19.826s] -- Symlinking: /home/luca002/proj_ws/install/wamv_gazebo/share/wamv_gazebo/environment/ament_prefix_path.sh
[19.839s] -- Symlinking: /home/luca002/proj_ws/install/wamv_gazebo/share/wamv_gazebo/environment/ament_prefix_path.dsv
[19.844s] -- Symlinking: /home/luca002/proj_ws/install/wamv_gazebo/share/wamv_gazebo/environment/path.sh
[19.849s] -- Symlinking: /home/luca002/proj_ws/install/wamv_gazebo/share/wamv_gazebo/environment/path.dsv
[19.854s] -- Symlinking: /home/luca002/proj_ws/install/wamv_gazebo/share/wamv_gazebo/local_setup.bash
[19.859s] -- Symlinking: /home/luca002/proj_ws/install/wamv_gazebo/share/wamv_gazebo/local_setup.sh
[19.864s] -- Symlinking: /home/luca002/proj_ws/install/wamv_gazebo/share/wamv_gazebo/local_setup.zsh
[19.869s] -- Symlinking: /home/luca002/proj_ws/install/wamv_gazebo/share/wamv_gazebo/local_setup.dsv
[19.875s] -- Symlinking: /home/luca002/proj_ws/install/wamv_gazebo/share/wamv_gazebo/package.dsv
[19.880s] -- Symlinking: /home/luca002/proj_ws/install/wamv_gazebo/share/ament_index/resource_index/packages/wamv_gazebo
[19.885s] -- Symlinking: /home/luca002/proj_ws/install/wamv_gazebo/share/wamv_gazebo/cmake/wamv_gazeboConfig.cmake
[19.890s] -- Symlinking: /home/luca002/proj_ws/install/wamv_gazebo/share/wamv_gazebo/cmake/wamv_gazeboConfig-version.cmake
[19.897s] -- Symlinking: /home/luca002/proj_ws/install/wamv_gazebo/share/wamv_gazebo/package.xml
[19.945s] Listing '/home/luca002/proj_ws/install/wamv_gazebo/lib/python3.12/site-packages/wamv_gazebo'...
[19.945s] Compiling '/home/luca002/proj_ws/install/wamv_gazebo/lib/python3.12/site-packages/wamv_gazebo/__init__.py'...
[19.945s] Compiling '/home/luca002/proj_ws/install/wamv_gazebo/lib/python3.12/site-packages/wamv_gazebo/bridge.py'...
[19.945s] Compiling '/home/luca002/proj_ws/install/wamv_gazebo/lib/python3.12/site-packages/wamv_gazebo/bridges.py'...
[19.945s] Compiling '/home/luca002/proj_ws/install/wamv_gazebo/lib/python3.12/site-packages/wamv_gazebo/launch.py'...
[19.945s] Compiling '/home/luca002/proj_ws/install/wamv_gazebo/lib/python3.12/site-packages/wamv_gazebo/model.py'...
[19.945s] Compiling '/home/luca002/proj_ws/install/wamv_gazebo/lib/python3.12/site-packages/wamv_gazebo/monitor_sim.py'...
[19.945s] Compiling '/home/luca002/proj_ws/install/wamv_gazebo/lib/python3.12/site-packages/wamv_gazebo/payload_bridges.py'...
[19.950s] Invoked command in '/home/luca002/proj_ws/build/wamv_gazebo' returned '0': CMAKE_PREFIX_PATH=${CMAKE_PREFIX_PATH}:/home/luca002/ros_ws/install/robot_description_example:/home/luca002/proj_ws/install/python_node:/opt/ros/jazzy DEBUGINFOD_URLS=https://debuginfod.ubuntu.com /usr/bin/cmake --install /home/luca002/proj_ws/build/wamv_gazebo
