[0.164s] Invoking command in '/home/luca002/proj_ws/build/wamv_navigation': CMAKE_PREFIX_PATH=${CMAKE_PREFIX_PATH}:/home/luca002/proj_ws/install/python_node:/home/luca002/ros_ws/install/robot_description_example:/opt/ros/jazzy DEBUGINFOD_URLS=https://debuginfod.ubuntu.com /usr/bin/cmake --build /home/luca002/proj_ws/build/wamv_navigation -- -j16 -l16
[0.194s] Invoked command in '/home/luca002/proj_ws/build/wamv_navigation' returned '0': CMAKE_PREFIX_PATH=${CMAKE_PREFIX_PATH}:/home/luca002/proj_ws/install/python_node:/home/luca002/ros_ws/install/robot_description_example:/opt/ros/jazzy DEBUGINFOD_URLS=https://debuginfod.ubuntu.com /usr/bin/cmake --build /home/luca002/proj_ws/build/wamv_navigation -- -j16 -l16
[0.201s] Invoking command in '/home/luca002/proj_ws/build/wamv_navigation': CMAKE_PREFIX_PATH=${CMAKE_PREFIX_PATH}:/home/luca002/proj_ws/install/python_node:/home/luca002/ros_ws/install/robot_description_example:/opt/ros/jazzy DEBUGINFOD_URLS=https://debuginfod.ubuntu.com /usr/bin/cmake --install /home/luca002/proj_ws/build/wamv_navigation
[0.210s] -- Install configuration: ""
[0.211s] -- Execute custom install script
[0.212s] -- Up-to-date symlink: /home/luca002/proj_ws/install/wamv_navigation/share/wamv_navigation/config/backpack_3d.lua
[0.212s] -- Up-to-date symlink: /home/luca002/proj_ws/install/wamv_navigation/share/wamv_navigation/launch/__init__.py
[0.212s] -- Up-to-date symlink: /home/luca002/proj_ws/install/wamv_navigation/share/wamv_navigation/launch/bringup_launch.py
[0.212s] -- Up-to-date symlink: /home/luca002/proj_ws/install/wamv_navigation/share/wamv_navigation/launch/cartographer.launch.py
[0.212s] -- Up-to-date symlink: /home/luca002/proj_ws/install/wamv_navigation/share/wamv_navigation/launch/localization_launch.py
[0.213s] -- Up-to-date symlink: /home/luca002/proj_ws/install/wamv_navigation/share/wamv_navigation/launch/navigation_launch.py
[0.213s] -- Up-to-date symlink: /home/luca002/proj_ws/install/wamv_navigation/share/wamv_navigation/launch/occupancy_grid.launch.py
[0.213s] -- Up-to-date symlink: /home/luca002/proj_ws/install/wamv_navigation/share/wamv_navigation/launch/slam_launch.py
[0.213s] -- Up-to-date symlink: /home/luca002/proj_ws/install/wamv_navigation/share/wamv_navigation/launch/wamv_localization.py
[0.213s] -- Up-to-date symlink: /home/luca002/proj_ws/install/wamv_navigation/share/wamv_navigation/launch/wamv_simulation.py
[0.213s] -- Up-to-date symlink: /home/luca002/proj_ws/install/wamv_navigation/share/wamv_navigation/maps/sydney_map.pgm
[0.213s] -- Up-to-date symlink: /home/luca002/proj_ws/install/wamv_navigation/share/wamv_navigation/maps/sydney_map.yaml
[0.214s] -- Up-to-date symlink: /home/luca002/proj_ws/install/wamv_navigation/share/wamv_navigation/params/nav2_multirobot_params_1.yaml
[0.214s] -- Up-to-date symlink: /home/luca002/proj_ws/install/wamv_navigation/share/wamv_navigation/params/nav2_multirobot_params_2.yaml
[0.215s] -- Up-to-date symlink: /home/luca002/proj_ws/install/wamv_navigation/share/wamv_navigation/params/nav2_multirobot_params_all.yaml
[0.215s] -- Up-to-date symlink: /home/luca002/proj_ws/install/wamv_navigation/share/wamv_navigation/params/nav2_params.yaml
[0.215s] -- Up-to-date symlink: /home/luca002/proj_ws/install/wamv_navigation/share/wamv_navigation/rviz/wamv_cartographer.rviz
[0.215s] -- Up-to-date symlink: /home/luca002/proj_ws/install/wamv_navigation/share/wamv_navigation/rviz/wamv_localization.rviz
[0.216s] -- Up-to-date symlink: /home/luca002/proj_ws/install/wamv_navigation/share/wamv_navigation/rviz/wamv_navigation.rviz
[0.217s] -- Up-to-date symlink: /home/luca002/proj_ws/install/wamv_navigation/share/ament_index/resource_index/package_run_dependencies/wamv_navigation
[0.217s] -- Up-to-date symlink: /home/luca002/proj_ws/install/wamv_navigation/share/ament_index/resource_index/parent_prefix_path/wamv_navigation
[0.217s] -- Up-to-date symlink: /home/luca002/proj_ws/install/wamv_navigation/share/wamv_navigation/environment/ament_prefix_path.sh
[0.217s] -- Up-to-date symlink: /home/luca002/proj_ws/install/wamv_navigation/share/wamv_navigation/environment/ament_prefix_path.dsv
[0.217s] -- Up-to-date symlink: /home/luca002/proj_ws/install/wamv_navigation/share/wamv_navigation/environment/path.sh
[0.217s] -- Up-to-date symlink: /home/luca002/proj_ws/install/wamv_navigation/share/wamv_navigation/environment/path.dsv
[0.217s] -- Up-to-date symlink: /home/luca002/proj_ws/install/wamv_navigation/share/wamv_navigation/local_setup.bash
[0.217s] -- Up-to-date symlink: /home/luca002/proj_ws/install/wamv_navigation/share/wamv_navigation/local_setup.sh
[0.217s] -- Up-to-date symlink: /home/luca002/proj_ws/install/wamv_navigation/share/wamv_navigation/local_setup.zsh
[0.217s] -- Up-to-date symlink: /home/luca002/proj_ws/install/wamv_navigation/share/wamv_navigation/local_setup.dsv
[0.218s] -- Symlinking: /home/luca002/proj_ws/install/wamv_navigation/share/wamv_navigation/package.dsv
[0.231s] -- Up-to-date symlink: /home/luca002/proj_ws/install/wamv_navigation/share/ament_index/resource_index/packages/wamv_navigation
[0.231s] -- Up-to-date symlink: /home/luca002/proj_ws/install/wamv_navigation/share/wamv_navigation/cmake/wamv_navigationConfig.cmake
[0.231s] -- Up-to-date symlink: /home/luca002/proj_ws/install/wamv_navigation/share/wamv_navigation/cmake/wamv_navigationConfig-version.cmake
[0.231s] -- Up-to-date symlink: /home/luca002/proj_ws/install/wamv_navigation/share/wamv_navigation/package.xml
[0.231s] -- Up-to-date: /home/luca002/proj_ws/install/wamv_navigation/lib/wamv_navigation
[0.231s] -- Up-to-date: /home/luca002/proj_ws/install/wamv_navigation/lib/wamv_navigation/maps
[0.231s] -- Up-to-date: /home/luca002/proj_ws/install/wamv_navigation/lib/wamv_navigation/params
[0.231s] -- Up-to-date: /home/luca002/proj_ws/install/wamv_navigation/lib/wamv_navigation/hooks
[0.231s] -- Up-to-date: /home/luca002/proj_ws/install/wamv_navigation/lib/wamv_navigation/launch
[0.231s] -- Up-to-date: /home/luca002/proj_ws/install/wamv_navigation/lib/wamv_navigation/launch/wamv_simulation.py
[0.232s] -- Up-to-date: /home/luca002/proj_ws/install/wamv_navigation/lib/wamv_navigation/launch/slam_launch.py
[0.232s] -- Up-to-date: /home/luca002/proj_ws/install/wamv_navigation/lib/wamv_navigation/launch/navigation_launch.py
[0.232s] -- Up-to-date: /home/luca002/proj_ws/install/wamv_navigation/lib/wamv_navigation/launch/localization_launch.py
[0.232s] -- Up-to-date: /home/luca002/proj_ws/install/wamv_navigation/lib/wamv_navigation/launch/occupancy_grid.launch.py
[0.232s] -- Up-to-date: /home/luca002/proj_ws/install/wamv_navigation/lib/wamv_navigation/launch/wamv_localization.py
[0.232s] -- Up-to-date: /home/luca002/proj_ws/install/wamv_navigation/lib/wamv_navigation/launch/__init__.py
[0.232s] -- Up-to-date: /home/luca002/proj_ws/install/wamv_navigation/lib/wamv_navigation/launch/cartographer.launch.py
[0.232s] -- Up-to-date: /home/luca002/proj_ws/install/wamv_navigation/lib/wamv_navigation/launch/bringup_launch.py
[0.232s] -- Up-to-date: /home/luca002/proj_ws/install/wamv_navigation/lib/wamv_navigation/rviz
[0.232s] -- Up-to-date: /home/luca002/proj_ws/install/wamv_navigation/lib/wamv_navigation/config
[0.238s] Invoked command in '/home/luca002/proj_ws/build/wamv_navigation' returned '0': CMAKE_PREFIX_PATH=${CMAKE_PREFIX_PATH}:/home/luca002/proj_ws/install/python_node:/home/luca002/ros_ws/install/robot_description_example:/opt/ros/jazzy DEBUGINFOD_URLS=https://debuginfod.ubuntu.com /usr/bin/cmake --install /home/luca002/proj_ws/build/wamv_navigation
