[0.014s] Invoking command in '/home/luca002/proj_ws/build/bluerov2_description': CMAKE_PREFIX_PATH=${CMAKE_PREFIX_PATH}:/opt/ros/jazzy DEBUGINFOD_URLS=https://debuginfod.ubuntu.com /usr/bin/cmake /home/luca002/proj_ws/src/bluerov2/bluerov2_description -DCMAKE_INSTALL_PREFIX=/home/luca002/proj_ws/install
[0.073s] -- The C compiler identification is GNU 13.3.0
[0.115s] -- The CXX compiler identification is GNU 13.3.0
[0.127s] -- Detecting C compiler ABI info
[0.191s] -- Detecting C compiler ABI info - done
[0.198s] -- Check for working C compiler: /usr/bin/cc - skipped
[0.198s] -- Detecting C compile features
[0.199s] -- Detecting C compile features - done
[0.207s] -- Detecting CXX compiler ABI info
[0.279s] -- Detecting CXX compiler ABI info - done
[0.285s] -- Check for working CXX compiler: /usr/bin/c++ - skipped
[0.285s] -- Detecting CXX compile features
[0.286s] -- Detecting CXX compile features - done
[0.289s] -- Found ament_cmake: 2.5.4 (/opt/ros/jazzy/share/ament_cmake/cmake)
[0.405s] -- Found Python3: /usr/bin/python3 (found version "3.12.3") found components: Interpreter 
[0.601s] -- Configuring done (0.6s)
[0.605s] -- Generating done (0.0s)
[0.607s] -- Build files have been written to: /home/luca002/proj_ws/build/bluerov2_description
[0.613s] Invoked command in '/home/luca002/proj_ws/build/bluerov2_description' returned '0': CMAKE_PREFIX_PATH=${CMAKE_PREFIX_PATH}:/opt/ros/jazzy DEBUGINFOD_URLS=https://debuginfod.ubuntu.com /usr/bin/cmake /home/luca002/proj_ws/src/bluerov2/bluerov2_description -DCMAKE_INSTALL_PREFIX=/home/luca002/proj_ws/install
[0.614s] Invoking command in '/home/luca002/proj_ws/build/bluerov2_description': CMAKE_PREFIX_PATH=${CMAKE_PREFIX_PATH}:/opt/ros/jazzy DEBUGINFOD_URLS=https://debuginfod.ubuntu.com /usr/bin/cmake --build /home/luca002/proj_ws/build/bluerov2_description -- -j16 -l16
[0.642s] Invoked command in '/home/luca002/proj_ws/build/bluerov2_description' returned '0': CMAKE_PREFIX_PATH=${CMAKE_PREFIX_PATH}:/opt/ros/jazzy DEBUGINFOD_URLS=https://debuginfod.ubuntu.com /usr/bin/cmake --build /home/luca002/proj_ws/build/bluerov2_description -- -j16 -l16
[0.643s] Invoking command in '/home/luca002/proj_ws/build/bluerov2_description': CMAKE_PREFIX_PATH=${CMAKE_PREFIX_PATH}:/opt/ros/jazzy DEBUGINFOD_URLS=https://debuginfod.ubuntu.com /usr/bin/cmake --install /home/luca002/proj_ws/build/bluerov2_description
[0.649s] -- Install configuration: ""
[0.649s] -- Installing: /home/luca002/proj_ws/install/share/bluerov2_description/environment/resource_paths.dsv
[0.649s] -- Installing: /home/luca002/proj_ws/install/share/bluerov2_description/launch
[0.649s] -- Installing: /home/luca002/proj_ws/install/share/bluerov2_description/launch/manual.yaml
[0.649s] -- Installing: /home/luca002/proj_ws/install/share/bluerov2_description/launch/upload_bluerov2_launch.py
[0.649s] -- Installing: /home/luca002/proj_ws/install/share/bluerov2_description/launch/world_launch.py
[0.650s] -- Installing: /home/luca002/proj_ws/install/share/bluerov2_description/launch/state_publisher_launch.py
[0.650s] -- Installing: /home/luca002/proj_ws/install/share/bluerov2_description/meshes
[0.650s] -- Installing: /home/luca002/proj_ws/install/share/bluerov2_description/meshes/bluerov2_propccw.dae
[0.650s] -- Installing: /home/luca002/proj_ws/install/share/bluerov2_description/meshes/ping360_sonar.dae
[0.653s] -- Installing: /home/luca002/proj_ws/install/share/bluerov2_description/meshes/bluerov2_noprop.dae
[0.680s] -- Installing: /home/luca002/proj_ws/install/share/bluerov2_description/meshes/bluerov2_propcw.ive
[0.681s] -- Installing: /home/luca002/proj_ws/install/share/bluerov2_description/meshes/bluerov2_propcw.dae
[0.681s] -- Installing: /home/luca002/proj_ws/install/share/bluerov2_description/meshes/bluerov2_propccw.ive
[0.682s] -- Installing: /home/luca002/proj_ws/install/share/bluerov2_description/urdf
[0.682s] -- Installing: /home/luca002/proj_ws/install/share/bluerov2_description/urdf/thrusters.xacro
[0.682s] -- Installing: /home/luca002/proj_ws/install/share/bluerov2_description/urdf/hydrodynamics.xacro
[0.682s] -- Installing: /home/luca002/proj_ws/install/share/bluerov2_description/urdf/sensors.xacro
[0.682s] -- Installing: /home/luca002/proj_ws/install/share/bluerov2_description/urdf/bluerov2.xacro
[0.682s] -- Installing: /home/luca002/proj_ws/install/share/bluerov2_description/urdf/snippets
[0.682s] -- Installing: /home/luca002/proj_ws/install/share/bluerov2_description/urdf/snippets/README.md
[0.682s] -- Installing: /home/luca002/proj_ws/install/share/bluerov2_description/urdf/snippets/stereo_snippets.xacro
[0.683s] -- Installing: /home/luca002/proj_ws/install/share/bluerov2_description/urdf/snippets/magnetometer_snippets.xacro
[0.683s] -- Installing: /home/luca002/proj_ws/install/share/bluerov2_description/urdf/snippets/dvl_snippets.xacro
[0.683s] -- Installing: /home/luca002/proj_ws/install/share/bluerov2_description/urdf/snippets/all_sensor_snippets.xacro
[0.683s] -- Installing: /home/luca002/proj_ws/install/share/bluerov2_description/urdf/snippets/camera_snippets.xacro
[0.683s] -- Installing: /home/luca002/proj_ws/install/share/bluerov2_description/urdf/snippets/imu_snippets.xacro
[0.683s] -- Installing: /home/luca002/proj_ws/install/share/bluerov2_description/urdf/snippets/pressure_snippets.xacro
[0.683s] -- Installing: /home/luca002/proj_ws/install/share/bluerov2_description/urdf/snippets/rpt_snippets.xacro
[0.684s] -- Installing: /home/luca002/proj_ws/install/share/bluerov2_description/urdf/snippets/gps_sensor_snippets.xacro
[0.684s] -- Installing: /home/luca002/proj_ws/install/share/bluerov2_description/urdf/snippets/pose_3d_snippets.xacro
[0.684s] -- Installing: /home/luca002/proj_ws/install/share/bluerov2_description/urdf/snippets/common.urdf.xacro
[0.684s] -- Installing: /home/luca002/proj_ws/install/share/bluerov2_description/urdf/snippets/chemical_concentration_snippets.xacro
[0.684s] -- Installing: /home/luca002/proj_ws/install/share/bluerov2_description/urdf/snippets/sonar_snippets.xacro
[0.684s] -- Installing: /home/luca002/proj_ws/install/share/bluerov2_description/urdf/demo_world.sdf
[0.684s] -- Installing: /home/luca002/proj_ws/install/share/ament_index/resource_index/package_run_dependencies/bluerov2_description
[0.684s] -- Installing: /home/luca002/proj_ws/install/share/ament_index/resource_index/parent_prefix_path/bluerov2_description
[0.685s] -- Installing: /home/luca002/proj_ws/install/share/bluerov2_description/environment/ament_prefix_path.sh
[0.685s] -- Installing: /home/luca002/proj_ws/install/share/bluerov2_description/environment/ament_prefix_path.dsv
[0.685s] -- Installing: /home/luca002/proj_ws/install/share/bluerov2_description/environment/path.sh
[0.685s] -- Installing: /home/luca002/proj_ws/install/share/bluerov2_description/environment/path.dsv
[0.685s] -- Installing: /home/luca002/proj_ws/install/share/bluerov2_description/local_setup.bash
[0.685s] -- Installing: /home/luca002/proj_ws/install/share/bluerov2_description/local_setup.sh
[0.685s] -- Installing: /home/luca002/proj_ws/install/share/bluerov2_description/local_setup.zsh
[0.685s] -- Installing: /home/luca002/proj_ws/install/share/bluerov2_description/local_setup.dsv
[0.685s] -- Installing: /home/luca002/proj_ws/install/share/bluerov2_description/package.dsv
[0.685s] -- Installing: /home/luca002/proj_ws/install/share/ament_index/resource_index/packages/bluerov2_description
[0.686s] -- Installing: /home/luca002/proj_ws/install/share/bluerov2_description/cmake/bluerov2_descriptionConfig.cmake
[0.686s] -- Installing: /home/luca002/proj_ws/install/share/bluerov2_description/cmake/bluerov2_descriptionConfig-version.cmake
[0.686s] -- Installing: /home/luca002/proj_ws/install/share/bluerov2_description/package.xml
[0.688s] Invoked command in '/home/luca002/proj_ws/build/bluerov2_description' returned '0': CMAKE_PREFIX_PATH=${CMAKE_PREFIX_PATH}:/opt/ros/jazzy DEBUGINFOD_URLS=https://debuginfod.ubuntu.com /usr/bin/cmake --install /home/luca002/proj_ws/build/bluerov2_description
