[0.008s] Invoking command in '/home/luca002/proj_ws/build/vrx': CMAKE_PREFIX_PATH=${CMAKE_PREFIX_PATH}:/opt/ros/jazzy DEBUGINFOD_URLS=https://debuginfod.ubuntu.com /usr/bin/cmake /home/luca002/proj_ws/src/vrx -DAMENT_CMAKE_SYMLINK_INSTALL=1 -DCMAKE_INSTALL_PREFIX=/home/luca002/proj_ws/install/vrx
[0.051s] -- The C compiler identification is GNU 13.3.0
[0.091s] -- The CXX compiler identification is GNU 13.3.0
[0.102s] -- Detecting C compiler ABI info
[0.172s] -- Detecting C compiler ABI info - done
[0.178s] -- Check for working C compiler: /usr/bin/cc - skipped
[0.178s] -- Detecting C compile features
[0.178s] -- Detecting C compile features - done
[0.186s] -- Detecting CXX compiler ABI info
[0.263s] -- Detecting CXX compiler ABI info - done
[0.270s] -- Check for working CXX compiler: /usr/bin/c++ - skipped
[0.270s] -- Detecting CXX compile features
[0.271s] -- Detecting CXX compile features - done
[0.278s] -- Found ament_cmake: 2.5.4 (/opt/ros/jazzy/share/ament_cmake/cmake)
[0.405s] -- Found Python3: /usr/bin/python3 (found version "3.12.3") found components: Interpreter 
[0.463s] -- Override CMake install command with custom implementation using symlinks instead of copying resources
[0.507s] -- Looking for gz-sim8 -- found version 8.9.0
[0.513s] -- Searching for dependencies of gz-sim8
[0.514s] -- Looking for sdformat14 -- found version 14.7.0
[0.514s] -- Searching for dependencies of sdformat14
[0.519s] -- Checking for module 'tinyxml2'
[0.532s] --   Found tinyxml2, version 10.0.0
[0.560s] -- Looking for gz-math7 -- found version 7.5.2
[0.560s] -- Searching for dependencies of gz-math7
[0.561s] -- Looking for gz-utils2 -- found version 2.2.1
[0.561s] -- Searching for dependencies of gz-utils2
[0.563s] -- Looking for gz-utils2 -- found version 2.2.1
[0.563s] -- Searching for dependencies of gz-utils2
[0.563s] -- Searching for <gz-utils2> component [cli]
[0.565s] -- Looking for gz-utils2-cli -- found version 2.2.1
[0.565s] -- Searching for dependencies of gz-utils2-cli
[0.568s] -- Looking for gz-plugin2 -- found version 2.0.4
[0.568s] -- Searching for dependencies of gz-plugin2
[0.568s] -- Looking for gz-utils2 -- found version 2.2.1
[0.568s] -- Searching for <gz-plugin2> component [loader]
[0.570s] -- Looking for gz-plugin2-loader -- found version 2.0.4
[0.570s] -- Searching for dependencies of gz-plugin2-loader
[0.571s] -- Searching for <gz-plugin2> component [register]
[0.572s] -- Looking for gz-plugin2-register -- found version 2.0.4
[0.572s] -- Searching for dependencies of gz-plugin2-register
[0.574s] -- Looking for gz-transport13 -- found version 13.4.1
[0.575s] -- Searching for dependencies of gz-transport13
[0.674s] -- Found Protobuf: /usr/lib/x86_64-linux-gnu/libprotobuf.so (found version "3.21.12") 
[0.683s] -- Config-file not installed for ZeroMQ -- checking for pkg-config
[0.687s] -- Checking for module 'libzmq >= 4'
[0.697s] --   Found libzmq, version 4.3.5
[0.726s] -- Found ZeroMQ: TRUE (Required is at least version "4") 
[0.730s] -- Checking for module 'uuid'
[0.739s] --   Found uuid, version 2.39.3
[0.761s] -- Found UUID: TRUE  
[0.761s] -- Looking for gz-utils2 -- found version 2.2.1
[0.763s] -- Looking for gz-msgs10 -- found version 10.3.2
[0.763s] -- Searching for dependencies of gz-msgs10
[0.778s] -- Looking for gz-utils2 -- found version 2.2.1
[0.779s] -- Looking for gz-math7 -- found version 7.5.2
[0.784s] -- Searching for <gz-transport13> component [log]
[0.786s] -- Looking for gz-transport13-log -- found version 13.4.1
[0.786s] -- Searching for dependencies of gz-transport13-log
[0.786s] -- Searching for <gz-transport13> component [parameters]
[0.787s] -- Looking for gz-transport13-parameters -- found version 13.4.1
[0.788s] -- Searching for dependencies of gz-transport13-parameters
[0.788s] -- Looking for gz-msgs10 -- found version 10.3.2
[0.790s] -- Looking for gz-common5 -- found version 5.7.1
[0.790s] -- Searching for dependencies of gz-common5
[0.790s] -- Looking for gz-utils2 -- found version 2.2.1
[0.791s] -- Looking for dlfcn.h - found
[0.792s] -- Looking for libdl - found
[0.793s] -- Found DL: TRUE  
[0.798s] -- Searching for <gz-common5> component [av]
[0.800s] -- Looking for gz-common5-av -- found version 5.7.1
[0.800s] -- Searching for dependencies of gz-common5-av
[0.804s] -- Checking for module 'libswscale'
[0.817s] --   Found libswscale, version 7.5.100
[0.840s] -- Found SWSCALE: TRUE  
[0.843s] -- Checking for module 'libavdevice >= 56.4.100'
[0.854s] --   Found libavdevice, version 60.3.100
[0.884s] -- Found AVDEVICE: TRUE (Required is at least version "56.4.100") 
[0.887s] -- Checking for module 'libavformat'
[0.897s] --   Found libavformat, version 60.16.100
[0.923s] -- Found AVFORMAT: TRUE  
[0.927s] -- Checking for module 'libavcodec'
[0.937s] --   Found libavcodec, version 60.31.102
[0.961s] -- Found AVCODEC: TRUE  
[0.965s] -- Checking for module 'libavutil'
[0.975s] --   Found libavutil, version 58.29.100
[0.997s] -- Found AVUTIL: TRUE  
[0.998s] -- Searching for <gz-common5> component [events]
[0.999s] -- Looking for gz-common5-events -- found version 5.7.1
[1.000s] -- Searching for dependencies of gz-common5-events
[1.000s] -- Looking for gz-math7 -- found version 7.5.2
[1.000s] -- Searching for <gz-common5> component [graphics]
[1.002s] -- Looking for gz-common5-graphics -- found version 5.7.1
[1.002s] -- Searching for dependencies of gz-common5-graphics
[1.002s] -- Looking for gz-math7 -- found version 7.5.2
[1.006s] -- Found GzAssimp: TRUE (found version "5.3.0") 
[1.007s] -- Searching for <gz-common5> component [io]
[1.009s] -- Looking for gz-common5-io -- found version 5.7.1
[1.009s] -- Searching for dependencies of gz-common5-io
[1.009s] -- Searching for <gz-common5> component [profiler]
[1.011s] -- Looking for gz-common5-profiler -- found version 5.7.1
[1.011s] -- Searching for dependencies of gz-common5-profiler
[1.013s] -- Looking for gz-fuel_tools9 -- found version 9.1.1
[1.013s] -- Searching for dependencies of gz-fuel_tools9
[1.074s] -- Found CURL: /usr/lib/x86_64-linux-gnu/libcurl.so (found version "8.5.0")  
[1.082s] -- Checking for module 'jsoncpp'
[1.092s] --   Found jsoncpp, version 1.9.5
[1.119s] -- Found JSONCPP: TRUE  
[1.134s] -- Checking for module 'yaml-0.1'
[1.145s] --   Found yaml-0.1, version 0.2.5
[1.168s] -- Found YAML: TRUE  
[1.171s] -- Checking for module 'libzip'
[1.183s] --   Found libzip, version 1.7.3
[1.205s] -- Found ZIP: TRUE  
[1.205s] -- Looking for gz-utils2 -- found version 2.2.1
[1.205s] -- Looking for gz-common5 -- found version 5.7.1
[1.206s] -- Searching for dependencies of gz-common5
[1.206s] -- Looking for gz-utils2 -- found version 2.2.1
[1.206s] -- Looking for dlfcn.h - found
[1.206s] -- Looking for libdl - found
[1.214s] -- Searching for <gz-common5> component [testing]
[1.216s] -- Looking for gz-common5-testing -- found version 5.7.1
[1.216s] -- Searching for dependencies of gz-common5-testing
[1.217s] -- Looking for gz-math7 -- found version 7.5.2
[1.218s] -- Looking for gz-msgs10 -- found version 10.3.2
[1.219s] -- Looking for gz-gui8 -- found version 8.4.0
[1.220s] -- Searching for dependencies of gz-gui8
[1.240s] -- Looking for gz-utils2 -- found version 2.2.1
[1.240s] -- Looking for gz-math7 -- found version 7.5.2
[1.240s] -- Looking for gz-common5 -- found version 5.7.1
[1.240s] -- Looking for gz-plugin2 -- found version 2.0.4
[1.240s] -- Looking for gz-transport13 -- found version 13.4.1
[1.242s] -- Looking for gz-rendering8 -- found version 8.2.2
[1.242s] -- Searching for dependencies of gz-rendering8
[1.242s] -- Looking for gz-math7 -- found version 7.5.2
[1.242s] -- Searching for dependencies of gz-math7
[1.243s] -- Looking for gz-utils2 -- found version 2.2.1
[1.243s] -- Searching for <gz-math7> component [eigen3]
[1.244s] -- Looking for gz-math7-eigen3 -- found version 7.5.2
[1.245s] -- Searching for dependencies of gz-math7-eigen3
[1.252s] -- Looking for gz-common5 -- found version 5.7.1
[1.252s] -- Searching for dependencies of gz-common5
[1.252s] -- Looking for gz-utils2 -- found version 2.2.1
[1.252s] -- Looking for dlfcn.h - found
[1.252s] -- Looking for libdl - found
[1.258s] -- Searching for <gz-common5> component [graphics]
[1.258s] -- Searching for <gz-common5> component [events]
[1.258s] -- Searching for <gz-common5> component [geospatial]
[1.259s] -- Looking for gz-common5-geospatial -- found version 5.7.1
[1.260s] -- Searching for dependencies of gz-common5-geospatial
[1.260s] -- Looking for gz-math7 -- found version 7.5.2
[1.260s] -- Looking for gz-common5 -- found version 5.7.1
[1.261s] -- Looking for gz-plugin2 -- found version 2.0.4
[1.261s] -- Searching for dependencies of gz-plugin2
[1.261s] -- Looking for gz-utils2 -- found version 2.2.1
[1.261s] -- Searching for <gz-plugin2> component [all]
[1.263s] -- Looking for all libraries of gz-plugin2 -- found version 2.0.4
[1.263s] -- Looking for gz-plugin2 -- found version 2.0.4
[1.263s] -- Looking for gz-utils2 -- found version 2.2.1
[1.273s] -- Found OpenGL: /usr/lib/x86_64-linux-gnu/libOpenGL.so  found components: OpenGL 
[1.274s] -- Looking for gz-msgs10 -- found version 10.3.2
[1.291s] -- Looking for gz-physics7 -- found version 7.5.0
[1.291s] -- Searching for dependencies of gz-physics7
[1.291s] -- Looking for gz-common5 -- found version 5.7.1
[1.291s] -- Looking for gz-math7 -- found version 7.5.2
[1.291s] -- Looking for gz-plugin2 -- found version 2.0.4
[1.292s] -- Looking for gz-utils2 -- found version 2.2.1
[1.292s] -- Searching for <gz-physics7> component [heightmap]
[1.294s] -- Looking for gz-physics7-heightmap -- found version 7.5.0
[1.294s] -- Searching for dependencies of gz-physics7-heightmap
[1.294s] -- Looking for gz-common5 -- found version 5.7.1
[1.294s] -- Searching for <gz-physics7> component [mesh]
[1.296s] -- Looking for gz-physics7-mesh -- found version 7.5.0
[1.296s] -- Searching for dependencies of gz-physics7-mesh
[1.296s] -- Looking for gz-common5 -- found version 5.7.1
[1.296s] -- Searching for <gz-physics7> component [sdf]
[1.297s] -- Looking for gz-physics7-sdf -- found version 7.5.0
[1.297s] -- Searching for dependencies of gz-physics7-sdf
[1.298s] -- Looking for sdformat14 -- found version 14.7.0
[1.299s] -- Looking for gz-sensors8 -- found version 8.2.2
[1.299s] -- Searching for dependencies of gz-sensors8
[1.317s] -- Looking for gz-math7 -- found version 7.5.2
[1.317s] -- Looking for gz-common5 -- found version 5.7.1
[1.317s] -- Looking for gz-transport13 -- found version 13.4.1
[1.318s] -- Looking for gz-rendering8 -- found version 8.2.2
[1.318s] -- Looking for gz-msgs10 -- found version 10.3.2
[1.318s] -- Looking for sdformat14 -- found version 14.7.0
[1.319s] -- Searching for <gz-sensors8> component [air_pressure]
[1.320s] -- Looking for gz-sensors8-air_pressure -- found version 8.2.2
[1.320s] -- Searching for dependencies of gz-sensors8-air_pressure
[1.320s] -- Searching for <gz-sensors8> component [air_speed]
[1.322s] -- Looking for gz-sensors8-air_speed -- found version 8.2.2
[1.322s] -- Searching for dependencies of gz-sensors8-air_speed
[1.322s] -- Searching for <gz-sensors8> component [altimeter]
[1.323s] -- Looking for gz-sensors8-altimeter -- found version 8.2.2
[1.324s] -- Searching for dependencies of gz-sensors8-altimeter
[1.324s] -- Searching for <gz-sensors8> component [imu]
[1.325s] -- Looking for gz-sensors8-imu -- found version 8.2.2
[1.325s] -- Searching for dependencies of gz-sensors8-imu
[1.326s] -- Searching for <gz-sensors8> component [force_torque]
[1.327s] -- Looking for gz-sensors8-force_torque -- found version 8.2.2
[1.327s] -- Searching for dependencies of gz-sensors8-force_torque
[1.327s] -- Searching for <gz-sensors8> component [logical_camera]
[1.328s] -- Looking for gz-sensors8-logical_camera -- found version 8.2.2
[1.329s] -- Searching for dependencies of gz-sensors8-logical_camera
[1.329s] -- Searching for <gz-sensors8> component [magnetometer]
[1.330s] -- Looking for gz-sensors8-magnetometer -- found version 8.2.2
[1.330s] -- Searching for dependencies of gz-sensors8-magnetometer
[1.330s] -- Searching for <gz-sensors8> component [navsat]
[1.332s] -- Looking for gz-sensors8-navsat -- found version 8.2.2
[1.332s] -- Searching for dependencies of gz-sensors8-navsat
[1.332s] -- Searching for <gz-sensors8> component [dvl]
[1.333s] -- Looking for gz-sensors8-dvl -- found version 8.2.2
[1.333s] -- Searching for dependencies of gz-sensors8-dvl
[1.333s] -- Looking for gz-sensors8 -- found version 8.2.2
[1.334s] -- Searching for dependencies of gz-sensors8
[1.349s] -- Looking for gz-math7 -- found version 7.5.2
[1.350s] -- Looking for gz-common5 -- found version 5.7.1
[1.350s] -- Looking for gz-transport13 -- found version 13.4.1
[1.350s] -- Looking for gz-rendering8 -- found version 8.2.2
[1.351s] -- Looking for gz-msgs10 -- found version 10.3.2
[1.351s] -- Looking for sdformat14 -- found version 14.7.0
[1.351s] -- Searching for <gz-sensors8> component [rendering]
[1.352s] -- Looking for gz-sensors8-rendering -- found version 8.2.2
[1.352s] -- Searching for dependencies of gz-sensors8-rendering
[1.353s] -- Searching for <gz-sensors8> component [rendering]
[1.353s] -- Searching for <gz-sensors8> component [lidar]
[1.354s] -- Looking for gz-sensors8-lidar -- found version 8.2.2
[1.354s] -- Searching for dependencies of gz-sensors8-lidar
[1.355s] -- Looking for gz-sensors8 -- found version 8.2.2
[1.355s] -- Searching for <gz-sensors8> component [gpu_lidar]
[1.356s] -- Looking for gz-sensors8-gpu_lidar -- found version 8.2.2
[1.356s] -- Searching for dependencies of gz-sensors8-gpu_lidar
[1.356s] -- Looking for gz-sensors8 -- found version 8.2.2
[1.357s] -- Searching for <gz-sensors8> component [camera]
[1.358s] -- Looking for gz-sensors8-camera -- found version 8.2.2
[1.358s] -- Searching for dependencies of gz-sensors8-camera
[1.358s] -- Looking for gz-sensors8 -- found version 8.2.2
[1.359s] -- Searching for <gz-sensors8> component [boundingbox_camera]
[1.360s] -- Looking for gz-sensors8-boundingbox_camera -- found version 8.2.2
[1.360s] -- Searching for dependencies of gz-sensors8-boundingbox_camera
[1.360s] -- Searching for <gz-sensors8> component [segmentation_camera]
[1.361s] -- Looking for gz-sensors8-segmentation_camera -- found version 8.2.2
[1.361s] -- Searching for dependencies of gz-sensors8-segmentation_camera
[1.362s] -- Searching for <gz-sensors8> component [depth_camera]
[1.363s] -- Looking for gz-sensors8-depth_camera -- found version 8.2.2
[1.363s] -- Searching for dependencies of gz-sensors8-depth_camera
[1.363s] -- Looking for gz-sensors8 -- found version 8.2.2
[1.363s] -- Searching for <gz-sensors8> component [rgbd_camera]
[1.364s] -- Looking for gz-sensors8-rgbd_camera -- found version 8.2.2
[1.365s] -- Searching for dependencies of gz-sensors8-rgbd_camera
[1.365s] -- Looking for gz-sensors8 -- found version 8.2.2
[1.365s] -- Searching for <gz-sensors8> component [thermal_camera]
[1.366s] -- Looking for gz-sensors8-thermal_camera -- found version 8.2.2
[1.366s] -- Searching for dependencies of gz-sensors8-thermal_camera
[1.367s] -- Looking for gz-sensors8 -- found version 8.2.2
[1.367s] -- Searching for <gz-sensors8> component [wide_angle_camera]
[1.368s] -- Looking for gz-sensors8-wide_angle_camera -- found version 8.2.2
[1.368s] -- Searching for dependencies of gz-sensors8-wide_angle_camera
[1.369s] -- Looking for gz-rendering8 -- found version 8.2.2
[1.369s] -- Looking for gz-math7 -- found version 7.5.2
[1.369s] -- Looking for gz-utils2 -- found version 2.2.1
[1.386s] -- Looking for gz-common5 -- found version 5.7.1
[1.386s] -- Looking for gz-fuel_tools9 -- found version 9.1.1
[1.386s] -- Looking for gz-math7 -- found version 7.5.2
[1.387s] -- Looking for gz-msgs10 -- found version 10.3.2
[1.387s] -- Looking for gz-transport13 -- found version 13.4.1
[1.387s] -- Looking for gz-plugin2 -- found version 2.0.4
[1.387s] -- Looking for gz-rendering8 -- found version 8.2.2
[1.388s] -- Looking for gz-sensors8 -- found version 8.2.2
[1.388s] -- Looking for gz-utils2 -- found version 2.2.1
[1.388s] -- Looking for sdformat14 -- found version 14.7.0
[1.391s] -- Found std_msgs: 5.3.6 (/opt/ros/jazzy/share/std_msgs/cmake)
[1.431s] -- Found rosidl_generator_c: 4.6.5 (/opt/ros/jazzy/share/rosidl_generator_c/cmake)
[1.446s] -- Found rosidl_generator_cpp: 4.6.5 (/opt/ros/jazzy/share/rosidl_generator_cpp/cmake)
[1.462s] -- Using all available rosidl_typesupport_c: rosidl_typesupport_fastrtps_c;rosidl_typesupport_introspection_c
[1.480s] -- Using all available rosidl_typesupport_cpp: rosidl_typesupport_fastrtps_cpp;rosidl_typesupport_introspection_cpp
[1.667s] -- Configuring done (1.6s)
[1.756s] -- Generating done (0.1s)
[1.772s] -- Build files have been written to: /home/luca002/proj_ws/build/vrx
[1.787s] Invoked command in '/home/luca002/proj_ws/build/vrx' returned '0': CMAKE_PREFIX_PATH=${CMAKE_PREFIX_PATH}:/opt/ros/jazzy DEBUGINFOD_URLS=https://debuginfod.ubuntu.com /usr/bin/cmake /home/luca002/proj_ws/src/vrx -DAMENT_CMAKE_SYMLINK_INSTALL=1 -DCMAKE_INSTALL_PREFIX=/home/luca002/proj_ws/install/vrx
[1.788s] Invoking command in '/home/luca002/proj_ws/build/vrx': CMAKE_PREFIX_PATH=${CMAKE_PREFIX_PATH}:/opt/ros/jazzy DEBUGINFOD_URLS=https://debuginfod.ubuntu.com /usr/bin/cmake --build /home/luca002/proj_ws/build/vrx -- -j16 -l16
[1.833s] [  4%] [32mBuilding CXX object CMakeFiles/Waves.dir/src/Wavefield.cc.o[0m
[1.833s] [  4%] [32mBuilding CXX object CMakeFiles/ScoringPlugin.dir/src/ScoringPlugin.cc.o[0m
[1.841s] [  4%] Built target ament_cmake_python_symlink_vrx
[2.023s] running egg_info
[2.024s] creating vrx.egg-info
[2.040s] writing vrx.egg-info/PKG-INFO
[2.040s] writing dependency_links to vrx.egg-info/dependency_links.txt
[2.040s] writing top-level names to vrx.egg-info/top_level.txt
[2.041s] writing manifest file 'vrx.egg-info/SOURCES.txt'
[2.090s] reading manifest file 'vrx.egg-info/SOURCES.txt'
[2.090s] writing manifest file 'vrx.egg-info/SOURCES.txt'
[2.116s] [  4%] Built target ament_cmake_python_build_vrx_egg
[4.787s] [  6%] [32m[1mLinking CXX shared library libWaves.so[0m
[4.953s] [  6%] Built target Waves
[4.972s] [ 12%] [32mBuilding CXX object CMakeFiles/PolyhedraBuoyancyDrag.dir/src/PolyhedraBuoyancyDrag.cc.o[0m
[4.972s] [ 12%] [32mBuilding CXX object CMakeFiles/PolyhedraBuoyancyDrag.dir/src/ShapeVolume.cc.o[0m
[4.972s] [ 12%] [32mBuilding CXX object CMakeFiles/PolyhedraBuoyancyDrag.dir/src/PolyhedronVolume.cc.o[0m
[6.057s] [ 14%] [32m[1mLinking CXX shared library libScoringPlugin.so[0m
[6.235s] [ 14%] Built target ScoringPlugin
[6.262s] [ 22%] [32mBuilding CXX object CMakeFiles/PlacardPlugin.dir/src/PlacardPlugin.cc.o[0m
[6.262s] [ 22%] [32mBuilding CXX object CMakeFiles/PublisherPlugin.dir/src/PublisherPlugin.cc.o[0m
[6.262s] [ 22%] [32mBuilding CXX object CMakeFiles/LightBuoyPlugin.dir/src/LightBuoyPlugin.cc.o[0m
[6.262s] [ 25%] [32mBuilding CXX object CMakeFiles/WayfindingScoringPlugin.dir/src/WayfindingScoringPlugin.cc.o[0m
[6.262s] [ 27%] [32mBuilding CXX object CMakeFiles/AcousticTrackingScoringPlugin.dir/src/AcousticTrackingScoringPlugin.cc.o[0m
[6.262s] [ 33%] [32mBuilding CXX object CMakeFiles/BallShooterPlugin.dir/src/BallShooterPlugin.cc.o[0m
[6.263s] [ 35%] [32mBuilding CXX object CMakeFiles/ScanDockScoringPlugin.dir/src/ScanDockScoringPlugin.cc.o[0m
[6.264s] [ 37%] [32mBuilding CXX object CMakeFiles/NavigationScoringPlugin.dir/src/NavigationScoringPlugin.cc.o[0m
[6.264s] [ 39%] [32mBuilding CXX object CMakeFiles/AcousticPerceptionScoringPlugin.dir/src/AcousticPerceptionScoringPlugin.cc.o[0m
[6.264s] [ 41%] [32mBuilding CXX object CMakeFiles/SimpleHydrodynamics.dir/src/SimpleHydrodynamics.cc.o[0m
[6.264s] [ 37%] [32mBuilding CXX object CMakeFiles/GymkhanaScoringPlugin.dir/src/GymkhanaScoringPlugin.cc.o[0m
[6.264s] [ 43%] [32mBuilding CXX object CMakeFiles/PerceptionScoringPlugin.dir/src/PerceptionScoringPlugin.cc.o[0m
[6.264s] [ 43%] [32mBuilding CXX object CMakeFiles/AcousticPingerPlugin.dir/src/AcousticPingerPlugin.cc.o[0m
[6.264s] [ 43%] [32mBuilding CXX object CMakeFiles/StationkeepingScoringPlugin.dir/src/StationkeepingScoringPlugin.cc.o[0m
[6.436s] [ 45%] [32mBuilding CXX object CMakeFiles/StationkeepingScoringPlugin.dir/src/WaypointMarkers.cc.o[0m
[12.738s] [ 47%] [32m[1mLinking CXX shared library libLightBuoyPlugin.so[0m
[12.907s] [ 50%] [32m[1mLinking CXX shared library libPublisherPlugin.so[0m
[13.294s] [ 52%] [32mBuilding CXX object CMakeFiles/WayfindingScoringPlugin.dir/src/WaypointMarkers.cc.o[0m
[13.375s] [ 54%] [32m[1mLinking CXX shared library libPolyhedraBuoyancyDrag.so[0m
[13.663s] [ 56%] [32m[1mLinking CXX shared library libGymkhanaScoringPlugin.so[0m
[13.803s] [ 56%] Built target PublisherPlugin
[13.831s] [ 58%] [32mBuilding CXX object CMakeFiles/AcousticTrackingScoringPlugin.dir/src/WaypointMarkers.cc.o[0m
[13.848s] [ 58%] Built target LightBuoyPlugin
[13.904s] [ 60%] [32mBuilding CXX object CMakeFiles/Surface.dir/src/Surface.cc.o[0m
[14.136s] [ 62%] [32m[1mLinking CXX shared library libSimpleHydrodynamics.so[0m
[14.137s] [ 62%] Built target PolyhedraBuoyancyDrag
[14.188s] [ 64%] [32mBuilding CXX object CMakeFiles/USVWind.dir/src/USVWind.cc.o[0m
[14.229s] [ 64%] Built target GymkhanaScoringPlugin
[14.247s] [ 66%] [32mBuilding CXX object CMakeFiles/AcousticPerceptionScoringPlugin.dir/src/WaypointMarkers.cc.o[0m
[14.574s] [ 66%] Built target SimpleHydrodynamics
[14.636s] [ 68%] [32mBuilding CXX object CMakeFiles/WaveVisual.dir/src/WaveVisual.cc.o[0m
[15.509s] [ 70%] [32m[1mLinking CXX shared library libPlacardPlugin.so[0m
[16.184s] [ 70%] Built target PlacardPlugin
[16.271s] [ 72%] [32mBuilding CXX object CMakeFiles/WildlifeScoringPlugin.dir/src/WildlifeScoringPlugin.cc.o[0m
[16.764s] [ 75%] [32m[1mLinking CXX shared library libAcousticPingerPlugin.so[0m
[16.984s] [ 77%] [32m[1mLinking CXX shared library libPerceptionScoringPlugin.so[0m
[17.190s] [ 79%] [32m[1mLinking CXX shared library libNavigationScoringPlugin.so[0m
[17.361s] [ 79%] Built target AcousticPingerPlugin
[17.674s] [ 79%] Built target NavigationScoringPlugin
[17.734s] [ 79%] Built target PerceptionScoringPlugin
[17.997s] [ 81%] [32m[1mLinking CXX shared library libStationkeepingScoringPlugin.so[0m
[18.293s] [ 83%] [32m[1mLinking CXX shared library libBallShooterPlugin.so[0m
[18.347s] [ 83%] Built target StationkeepingScoringPlugin
[18.625s] [ 85%] [32m[1mLinking CXX shared library libScanDockScoringPlugin.so[0m
[18.653s] [ 85%] Built target BallShooterPlugin
[18.912s] [ 87%] [32m[1mLinking CXX shared library libWayfindingScoringPlugin.so[0m
[18.912s] [ 87%] Built target ScanDockScoringPlugin
[18.976s] [ 89%] [32m[1mLinking CXX shared library libAcousticTrackingScoringPlugin.so[0m
[19.205s] [ 89%] Built target WayfindingScoringPlugin
[19.258s] [ 89%] Built target AcousticTrackingScoringPlugin
[19.587s] [ 91%] [32m[1mLinking CXX shared library libAcousticPerceptionScoringPlugin.so[0m
[19.826s] [ 91%] Built target AcousticPerceptionScoringPlugin
[19.859s] [ 93%] [32m[1mLinking CXX shared library libSurface.so[0m
[20.072s] [ 93%] Built target Surface
[22.065s] [ 95%] [32m[1mLinking CXX shared library libUSVWind.so[0m
[22.138s] [ 97%] [32m[1mLinking CXX shared library libWildlifeScoringPlugin.so[0m
[22.277s] [ 97%] Built target USVWind
[22.321s] [100%] [32m[1mLinking CXX shared library libWaveVisual.so[0m
[22.368s] [100%] Built target WildlifeScoringPlugin
[22.535s] [100%] Built target WaveVisual
[22.546s] Invoked command in '/home/luca002/proj_ws/build/vrx' returned '0': CMAKE_PREFIX_PATH=${CMAKE_PREFIX_PATH}:/opt/ros/jazzy DEBUGINFOD_URLS=https://debuginfod.ubuntu.com /usr/bin/cmake --build /home/luca002/proj_ws/build/vrx -- -j16 -l16
[22.553s] Invoking command in '/home/luca002/proj_ws/build/vrx': CMAKE_PREFIX_PATH=${CMAKE_PREFIX_PATH}:/opt/ros/jazzy DEBUGINFOD_URLS=https://debuginfod.ubuntu.com /usr/bin/cmake --install /home/luca002/proj_ws/build/vrx
[22.559s] -- Install configuration: ""
[22.559s] -- Execute custom install script
[22.559s] -- Symlinking: /home/luca002/proj_ws/install/vrx/share/vrx/environment/resource_paths.dsv
[22.568s] -- Symlinking: /home/luca002/proj_ws/install/vrx/share/vrx/environment/resource_paths.sh
[22.575s] -- Symlinking: /home/luca002/proj_ws/install/vrx/lib/libWaves.so
[22.581s] -- Symlinking: /home/luca002/proj_ws/install/vrx/lib/libPolyhedraBuoyancyDrag.so
[22.588s] -- Symlinking: /home/luca002/proj_ws/install/vrx/lib/libScoringPlugin.so
[22.594s] -- Symlinking: /home/luca002/proj_ws/install/vrx/lib/libStationkeepingScoringPlugin.so
[22.602s] -- Symlinking: /home/luca002/proj_ws/install/vrx/lib/libWayfindingScoringPlugin.so
[22.609s] -- Symlinking: /home/luca002/proj_ws/install/vrx/lib/libAcousticPerceptionScoringPlugin.so
[22.615s] -- Symlinking: /home/luca002/proj_ws/install/vrx/lib/libAcousticTrackingScoringPlugin.so
[22.621s] -- Symlinking: /home/luca002/proj_ws/install/vrx/lib/libAcousticPingerPlugin.so
[22.627s] -- Symlinking: /home/luca002/proj_ws/install/vrx/lib/libBallShooterPlugin.so
[22.636s] -- Symlinking: /home/luca002/proj_ws/install/vrx/lib/libLightBuoyPlugin.so
[22.643s] -- Symlinking: /home/luca002/proj_ws/install/vrx/lib/libNavigationScoringPlugin.so
[22.650s] -- Symlinking: /home/luca002/proj_ws/install/vrx/lib/libGymkhanaScoringPlugin.so
[22.656s] -- Symlinking: /home/luca002/proj_ws/install/vrx/lib/libPerceptionScoringPlugin.so
[22.663s] -- Symlinking: /home/luca002/proj_ws/install/vrx/lib/libPlacardPlugin.so
[22.671s] -- Symlinking: /home/luca002/proj_ws/install/vrx/lib/libPublisherPlugin.so
[22.677s] -- Symlinking: /home/luca002/proj_ws/install/vrx/lib/libScanDockScoringPlugin.so
[22.684s] -- Symlinking: /home/luca002/proj_ws/install/vrx/lib/libSimpleHydrodynamics.so
[22.690s] -- Symlinking: /home/luca002/proj_ws/install/vrx/lib/libSurface.so
[22.697s] -- Symlinking: /home/luca002/proj_ws/install/vrx/lib/libUSVWind.so
[22.704s] -- Symlinking: /home/luca002/proj_ws/install/vrx/lib/libWaveVisual.so
[22.711s] -- Symlinking: /home/luca002/proj_ws/install/vrx/lib/libWildlifeScoringPlugin.so
[22.717s] -- Symlinking: /home/luca002/proj_ws/install/vrx/share/vrx/environment/pythonpath.sh
[22.724s] -- Symlinking: /home/luca002/proj_ws/install/vrx/share/vrx/environment/pythonpath.dsv
[22.731s] -- Symlinking: /home/luca002/proj_ws/install/vrx/lib/python3.12/site-packages/vrx-0.0.0-py3.12.egg-info/PKG-INFO
[22.740s] -- Symlinking: /home/luca002/proj_ws/install/vrx/lib/python3.12/site-packages/vrx-0.0.0-py3.12.egg-info/SOURCES.txt
[22.746s] -- Symlinking: /home/luca002/proj_ws/install/vrx/lib/python3.12/site-packages/vrx-0.0.0-py3.12.egg-info/dependency_links.txt
[22.752s] -- Symlinking: /home/luca002/proj_ws/install/vrx/lib/python3.12/site-packages/vrx-0.0.0-py3.12.egg-info/top_level.txt
[22.768s] -- Symlinking: /home/luca002/proj_ws/install/vrx/lib/python3.12/site-packages/vrx/__init__.py
[22.775s] -- Symlinking: /home/luca002/proj_ws/install/vrx/lib/python3.12/site-packages/vrx/bridge.py
[22.781s] -- Symlinking: /home/luca002/proj_ws/install/vrx/lib/python3.12/site-packages/vrx/bridges.py
[22.787s] -- Symlinking: /home/luca002/proj_ws/install/vrx/lib/python3.12/site-packages/vrx/launch.py
[22.793s] -- Symlinking: /home/luca002/proj_ws/install/vrx/lib/python3.12/site-packages/vrx/model.py
[22.799s] -- Symlinking: /home/luca002/proj_ws/install/vrx/lib/python3.12/site-packages/vrx/monitor_sim.py
[22.807s] -- Symlinking: /home/luca002/proj_ws/install/vrx/lib/python3.12/site-packages/vrx/payload_bridges.py
[22.814s] -- Symlinking: /home/luca002/proj_ws/install/vrx/share/vrx/config/wamv.yaml
[22.821s] -- Symlinking: /home/luca002/proj_ws/install/vrx/share/vrx/launch/__init__.py
[22.827s] -- Symlinking: /home/luca002/proj_ws/install/vrx/share/vrx/launch/__pycache__/bridge.cpython-312.pyc
[22.834s] -- Symlinking: /home/luca002/proj_ws/install/vrx/share/vrx/launch/bridge.py
[22.842s] -- Symlinking: /home/luca002/proj_ws/install/vrx/share/vrx/launch/competition.launch.py
[22.849s] -- Symlinking: /home/luca002/proj_ws/install/vrx/share/vrx/launch/mylaunch.py
[22.855s] -- Symlinking: /home/luca002/proj_ws/install/vrx/share/vrx/launch/spawn.launch.py
[22.861s] -- Symlinking: /home/luca002/proj_ws/install/vrx/share/vrx/launch/spawn_config.launch.py
[22.869s] -- Symlinking: /home/luca002/proj_ws/install/vrx/share/vrx/launch/usv_joy_teleop.py
[22.876s] -- Symlinking: /home/luca002/proj_ws/install/vrx/share/vrx/launch/vrx_environment.launch.py
[22.891s] -- Symlinking: /home/luca002/proj_ws/install/vrx/share/vrx/models/3d_lidar/mesh/3d_Lidar_Albedo.png
[22.897s] -- Symlinking: /home/luca002/proj_ws/install/vrx/share/vrx/models/3d_lidar/mesh/3d_Lidar_Metalness.png
[22.905s] -- Symlinking: /home/luca002/proj_ws/install/vrx/share/vrx/models/3d_lidar/mesh/3d_Lidar_Normal.png
[22.912s] -- Symlinking: /home/luca002/proj_ws/install/vrx/share/vrx/models/3d_lidar/mesh/3d_Lidar_Roughness.png
[22.918s] -- Symlinking: /home/luca002/proj_ws/install/vrx/share/vrx/models/3d_lidar/mesh/3d_lidar.dae
[22.924s] -- Symlinking: /home/luca002/proj_ws/install/vrx/share/vrx/models/3d_lidar/mesh/3d_lidar.png
[22.931s] -- Symlinking: /home/luca002/proj_ws/install/vrx/share/vrx/models/3d_lidar/model.config
[22.938s] -- Symlinking: /home/luca002/proj_ws/install/vrx/share/vrx/models/3d_lidar/model.sdf
[22.946s] -- Symlinking: /home/luca002/proj_ws/install/vrx/share/vrx/models/articulated_platform/model.config
[22.953s] -- Symlinking: /home/luca002/proj_ws/install/vrx/share/vrx/models/articulated_platform/model.sdf
[22.959s] -- Symlinking: /home/luca002/proj_ws/install/vrx/share/vrx/models/ball_shooter/materials/Textures/Launcher_Albedo.png
[22.967s] -- Symlinking: /home/luca002/proj_ws/install/vrx/share/vrx/models/ball_shooter/materials/Textures/Launcher_Metalness.png
[22.974s] -- Symlinking: /home/luca002/proj_ws/install/vrx/share/vrx/models/ball_shooter/materials/Textures/Launcher_Normal.png
[22.981s] -- Symlinking: /home/luca002/proj_ws/install/vrx/share/vrx/models/ball_shooter/materials/Textures/Launcher_Roughness.png
[22.987s] -- Symlinking: /home/luca002/proj_ws/install/vrx/share/vrx/models/ball_shooter/meshes/Launcher_Albedo.png
[22.993s] -- Symlinking: /home/luca002/proj_ws/install/vrx/share/vrx/models/ball_shooter/meshes/Launcher_BaseColor.png
[23.002s] -- Symlinking: /home/luca002/proj_ws/install/vrx/share/vrx/models/ball_shooter/meshes/ball_shooter_base.dae
[23.009s] -- Symlinking: /home/luca002/proj_ws/install/vrx/share/vrx/models/ball_shooter/meshes/ball_shooter_launcher.dae
[23.015s] -- Symlinking: /home/luca002/proj_ws/install/vrx/share/vrx/models/ball_shooter/model.config
[23.022s] -- Symlinking: /home/luca002/proj_ws/install/vrx/share/vrx/models/ball_shooter/model.sdf
[23.028s] -- Symlinking: /home/luca002/proj_ws/install/vrx/share/vrx/models/battery/mesh/battery.dae
[23.037s] -- Symlinking: /home/luca002/proj_ws/install/vrx/share/vrx/models/battery/mesh/battery.png
[23.044s] -- Symlinking: /home/luca002/proj_ws/install/vrx/share/vrx/models/battery/mesh/battery_Albedo.png
[23.050s] -- Symlinking: /home/luca002/proj_ws/install/vrx/share/vrx/models/battery/mesh/battery_Metalness.png
[23.057s] -- Symlinking: /home/luca002/proj_ws/install/vrx/share/vrx/models/battery/mesh/battery_Normal.png
[23.063s] -- Symlinking: /home/luca002/proj_ws/install/vrx/share/vrx/models/battery/mesh/battery_Roughness.png
[23.071s] -- Symlinking: /home/luca002/proj_ws/install/vrx/share/vrx/models/battery/model.config
[23.078s] -- Symlinking: /home/luca002/proj_ws/install/vrx/share/vrx/models/battery/model.sdf
[23.084s] -- Symlinking: /home/luca002/proj_ws/install/vrx/share/vrx/models/blue_projectile/model.config
[23.089s] -- Symlinking: /home/luca002/proj_ws/install/vrx/share/vrx/models/blue_projectile/model.sdf
[23.095s] -- Symlinking: /home/luca002/proj_ws/install/vrx/share/vrx/models/boat/materials/textures/Boat_Albedo.png
[23.104s] -- Symlinking: /home/luca002/proj_ws/install/vrx/share/vrx/models/boat/materials/textures/Boat_Metalness.png
[23.111s] -- Symlinking: /home/luca002/proj_ws/install/vrx/share/vrx/models/boat/materials/textures/Boat_Normal.png
[23.117s] -- Symlinking: /home/luca002/proj_ws/install/vrx/share/vrx/models/boat/materials/textures/Boat_Roughness.png
[23.124s] -- Symlinking: /home/luca002/proj_ws/install/vrx/share/vrx/models/boat/materials/textures/lidar_3d_v1.png
[23.131s] -- Symlinking: /home/luca002/proj_ws/install/vrx/share/vrx/models/boat/meshes/rcboat.dae
[23.139s] -- Symlinking: /home/luca002/proj_ws/install/vrx/share/vrx/models/boat/model.config
[23.146s] -- Symlinking: /home/luca002/proj_ws/install/vrx/share/vrx/models/boat/model.sdf
[23.152s] -- Symlinking: /home/luca002/proj_ws/install/vrx/share/vrx/models/boat/oldmodel/mmodel.sdf
[23.158s] -- Symlinking: /home/luca002/proj_ws/install/vrx/share/vrx/models/boat/thumbnails/boat/1.png
[23.166s] -- Symlinking: /home/luca002/proj_ws/install/vrx/share/vrx/models/boat/thumbnails/boat/2.png
[23.173s] -- Symlinking: /home/luca002/proj_ws/install/vrx/share/vrx/models/boat/thumbnails/boat/3.png
[23.179s] -- Symlinking: /home/luca002/proj_ws/install/vrx/share/vrx/models/boat/thumbnails/boat/4.png
[23.187s] -- Symlinking: /home/luca002/proj_ws/install/vrx/share/vrx/models/boat/thumbnails/boat/5.png
[23.194s] -- Symlinking: /home/luca002/proj_ws/install/vrx/share/vrx/models/coast_waves/materials/programs/GerstnerWaves_fs_330.glsl
[23.202s] -- Symlinking: /home/luca002/proj_ws/install/vrx/share/vrx/models/coast_waves/materials/programs/GerstnerWaves_vs_330.glsl
[23.209s] -- Symlinking: /home/luca002/proj_ws/install/vrx/share/vrx/models/coast_waves/materials/textures/skybox_lowres.dds
[23.215s] -- Symlinking: /home/luca002/proj_ws/install/vrx/share/vrx/models/coast_waves/materials/textures/wave_normals.dds
[23.221s] -- Symlinking: /home/luca002/proj_ws/install/vrx/share/vrx/models/coast_waves/meshes/waterlow.dae
[23.227s] -- Symlinking: /home/luca002/proj_ws/install/vrx/share/vrx/models/coast_waves/model.config
[23.235s] -- Symlinking: /home/luca002/proj_ws/install/vrx/share/vrx/models/coast_waves/model.sdf
[23.243s] -- Symlinking: /home/luca002/proj_ws/install/vrx/share/vrx/models/cpu_cases/mesh/cpu_cases.dae
[23.250s] -- Symlinking: /home/luca002/proj_ws/install/vrx/share/vrx/models/cpu_cases/mesh/cpu_cases.png
[23.256s] -- Symlinking: /home/luca002/proj_ws/install/vrx/share/vrx/models/cpu_cases/mesh/cpu_cases_Albedo.png
[23.263s] -- Symlinking: /home/luca002/proj_ws/install/vrx/share/vrx/models/cpu_cases/mesh/cpu_cases_Metalness.png
[23.271s] -- Symlinking: /home/luca002/proj_ws/install/vrx/share/vrx/models/cpu_cases/mesh/cpu_cases_Normal.png
[23.278s] -- Symlinking: /home/luca002/proj_ws/install/vrx/share/vrx/models/cpu_cases/mesh/cpu_cases_Roughness.png
[23.284s] -- Symlinking: /home/luca002/proj_ws/install/vrx/share/vrx/models/cpu_cases/model.config
[23.290s] -- Symlinking: /home/luca002/proj_ws/install/vrx/share/vrx/models/cpu_cases/model.sdf
[23.297s] -- Symlinking: /home/luca002/proj_ws/install/vrx/share/vrx/models/dock_2022/model.config
[23.304s] -- Symlinking: /home/luca002/proj_ws/install/vrx/share/vrx/models/dock_2022/model.sdf
[23.311s] -- Symlinking: /home/luca002/proj_ws/install/vrx/share/vrx/models/dock_2022_base/model.config
[23.318s] -- Symlinking: /home/luca002/proj_ws/install/vrx/share/vrx/models/dock_2022_base/model.sdf
[23.324s] -- Symlinking: /home/luca002/proj_ws/install/vrx/share/vrx/models/dock_block_4x4/mesh/DockCubes_Albedo.png
[23.332s] -- Symlinking: /home/luca002/proj_ws/install/vrx/share/vrx/models/dock_block_4x4/mesh/DockCubes_Metalness.png
[23.340s] -- Symlinking: /home/luca002/proj_ws/install/vrx/share/vrx/models/dock_block_4x4/mesh/DockCubes_Normal.png
[23.347s] -- Symlinking: /home/luca002/proj_ws/install/vrx/share/vrx/models/dock_block_4x4/mesh/DockCubes_Roughness.png
[23.353s] -- Symlinking: /home/luca002/proj_ws/install/vrx/share/vrx/models/dock_block_4x4/mesh/dock_block_4x4.dae
[23.360s] -- Symlinking: /home/luca002/proj_ws/install/vrx/share/vrx/models/dock_block_4x4/model.config
[23.367s] -- Symlinking: /home/luca002/proj_ws/install/vrx/share/vrx/models/dock_block_4x4/model.sdf
[23.374s] -- Symlinking: /home/luca002/proj_ws/install/vrx/share/vrx/models/entrance_exit/model.config
[23.380s] -- Symlinking: /home/luca002/proj_ws/install/vrx/share/vrx/models/entrance_exit/model.sdf
[23.387s] -- Symlinking: /home/luca002/proj_ws/install/vrx/share/vrx/models/lidar/materials/textures/lidar_3d_v1.png
[23.394s] -- Symlinking: /home/luca002/proj_ws/install/vrx/share/vrx/models/lidar/meshes/lidar_3d_v1.dae
[23.402s] -- Symlinking: /home/luca002/proj_ws/install/vrx/share/vrx/models/lidar/meshes/lidar_3d_v1.png
[23.408s] -- Symlinking: /home/luca002/proj_ws/install/vrx/share/vrx/models/lidar/model.config
[23.414s] -- Symlinking: /home/luca002/proj_ws/install/vrx/share/vrx/models/lidar/model.sdf
[23.420s] -- Symlinking: /home/luca002/proj_ws/install/vrx/share/vrx/models/lidar/thumbnails/1.png
[23.429s] -- Symlinking: /home/luca002/proj_ws/install/vrx/share/vrx/models/lidar/thumbnails/2.png
[23.439s] -- Symlinking: /home/luca002/proj_ws/install/vrx/share/vrx/models/lidar/thumbnails/3.png
[23.447s] -- Symlinking: /home/luca002/proj_ws/install/vrx/share/vrx/models/lidar/thumbnails/4.png
[23.456s] -- Symlinking: /home/luca002/proj_ws/install/vrx/share/vrx/models/lidar/thumbnails/5.png
[23.468s] -- Symlinking: /home/luca002/proj_ws/install/vrx/share/vrx/models/mono_camera/mesh/mono_camera.dae
[23.479s] -- Symlinking: /home/luca002/proj_ws/install/vrx/share/vrx/models/mono_camera/mesh/mono_camera.png
[23.491s] -- Symlinking: /home/luca002/proj_ws/install/vrx/share/vrx/models/mono_camera/mesh/mono_camera_Albedo.png
[23.502s] -- Symlinking: /home/luca002/proj_ws/install/vrx/share/vrx/models/mono_camera/mesh/mono_camera_Metalness.png
[23.514s] -- Symlinking: /home/luca002/proj_ws/install/vrx/share/vrx/models/mono_camera/mesh/mono_camera_Normal.png
[23.527s] -- Symlinking: /home/luca002/proj_ws/install/vrx/share/vrx/models/mono_camera/mesh/mono_camera_Roughness.png
[23.538s] -- Symlinking: /home/luca002/proj_ws/install/vrx/share/vrx/models/mono_camera/model.config
[23.548s] -- Symlinking: /home/luca002/proj_ws/install/vrx/share/vrx/models/mono_camera/model.sdf
[23.559s] -- Symlinking: /home/luca002/proj_ws/install/vrx/share/vrx/models/obstacle_course/model.config
[23.570s] -- Symlinking: /home/luca002/proj_ws/install/vrx/share/vrx/models/obstacle_course/model.sdf
[23.580s] -- Symlinking: /home/luca002/proj_ws/install/vrx/share/vrx/models/placard_2022/materials/textures/Placard.png
[23.591s] -- Symlinking: /home/luca002/proj_ws/install/vrx/share/vrx/models/placard_2022/meshes/placard_2022.dae
[23.601s] -- Symlinking: /home/luca002/proj_ws/install/vrx/share/vrx/models/placard_2022/model.config
[23.611s] -- Symlinking: /home/luca002/proj_ws/install/vrx/share/vrx/models/placard_2022/model.sdf
[23.622s] -- Symlinking: /home/luca002/proj_ws/install/vrx/share/vrx/models/platform/model.config
[23.633s] -- Symlinking: /home/luca002/proj_ws/install/vrx/share/vrx/models/platform/model.sdf
[23.644s] -- Symlinking: /home/luca002/proj_ws/install/vrx/share/vrx/models/roboboat01/materials/scripts/model.material
[23.655s] -- Symlinking: /home/luca002/proj_ws/install/vrx/share/vrx/models/roboboat01/materials/textures/Boat01_Albedo.png
[23.665s] -- Symlinking: /home/luca002/proj_ws/install/vrx/share/vrx/models/roboboat01/materials/textures/Boat01_Metallic.png
[23.673s] -- Symlinking: /home/luca002/proj_ws/install/vrx/share/vrx/models/roboboat01/materials/textures/Boat01_Normal.png
[23.680s] -- Symlinking: /home/luca002/proj_ws/install/vrx/share/vrx/models/roboboat01/materials/textures/Boat01_Roughness.png
[23.688s] -- Symlinking: /home/luca002/proj_ws/install/vrx/share/vrx/models/roboboat01/materials/textures/Thruster_Albedo.png
[23.698s] -- Symlinking: /home/luca002/proj_ws/install/vrx/share/vrx/models/roboboat01/materials/textures/Thruster_Roughness.png
[23.709s] -- Symlinking: /home/luca002/proj_ws/install/vrx/share/vrx/models/roboboat01/meshes/housing.dae
[23.719s] -- Symlinking: /home/luca002/proj_ws/install/vrx/share/vrx/models/roboboat01/meshes/mount.dae
[23.730s] -- Symlinking: /home/luca002/proj_ws/install/vrx/share/vrx/models/roboboat01/meshes/prop.dae
[23.740s] -- Symlinking: /home/luca002/proj_ws/install/vrx/share/vrx/models/roboboat01/meshes/roboboat01.dae
[23.751s] -- Symlinking: /home/luca002/proj_ws/install/vrx/share/vrx/models/roboboat01/model.config
[23.762s] -- Symlinking: /home/luca002/proj_ws/install/vrx/share/vrx/models/roboboat01/model.sdf
[23.772s] -- Symlinking: /home/luca002/proj_ws/install/vrx/share/vrx/models/roboboat02/materials/scripts/model.material
[23.781s] -- Symlinking: /home/luca002/proj_ws/install/vrx/share/vrx/models/roboboat02/materials/textures/Boat02_Albedo.png
[23.788s] -- Symlinking: /home/luca002/proj_ws/install/vrx/share/vrx/models/roboboat02/materials/textures/Boat02_Metallic.png
[23.794s] -- Symlinking: /home/luca002/proj_ws/install/vrx/share/vrx/models/roboboat02/materials/textures/Boat02_Normal.png
[23.802s] -- Symlinking: /home/luca002/proj_ws/install/vrx/share/vrx/models/roboboat02/materials/textures/Boat02_Roughness.png
[23.810s] -- Symlinking: /home/luca002/proj_ws/install/vrx/share/vrx/models/roboboat02/meshes/roboboat02.dae
[23.816s] -- Symlinking: /home/luca002/proj_ws/install/vrx/share/vrx/models/roboboat02/model.config
[23.824s] -- Symlinking: /home/luca002/proj_ws/install/vrx/share/vrx/models/roboboat02/model.sdf
[23.835s] -- Symlinking: /home/luca002/proj_ws/install/vrx/share/vrx/models/roboboat_cpubox/materials/textures/DryBox_Albedo.png
[23.845s] -- Symlinking: /home/luca002/proj_ws/install/vrx/share/vrx/models/roboboat_cpubox/materials/textures/DryBox_Roughness.png
[23.853s] -- Symlinking: /home/luca002/proj_ws/install/vrx/share/vrx/models/roboboat_cpubox/meshes/drybox.dae
[23.860s] -- Symlinking: /home/luca002/proj_ws/install/vrx/share/vrx/models/roboboat_cpubox/model.config
[23.870s] -- Symlinking: /home/luca002/proj_ws/install/vrx/share/vrx/models/roboboat_cpubox/model.sdf
[23.880s] -- Symlinking: /home/luca002/proj_ws/install/vrx/share/vrx/models/robotx_light_buoy_bgr/model.config
[23.889s] -- Symlinking: /home/luca002/proj_ws/install/vrx/share/vrx/models/robotx_light_buoy_bgr/model.sdf
[23.899s] -- Symlinking: /home/luca002/proj_ws/install/vrx/share/vrx/models/robotx_light_buoy_bgy/model.config
[23.909s] -- Symlinking: /home/luca002/proj_ws/install/vrx/share/vrx/models/robotx_light_buoy_bgy/model.sdf
[23.919s] -- Symlinking: /home/luca002/proj_ws/install/vrx/share/vrx/models/robotx_light_buoy_gbr/model.config
[23.929s] -- Symlinking: /home/luca002/proj_ws/install/vrx/share/vrx/models/robotx_light_buoy_gbr/model.sdf
[23.938s] -- Symlinking: /home/luca002/proj_ws/install/vrx/share/vrx/models/robotx_light_buoy_rbg/model.config
[23.948s] -- Symlinking: /home/luca002/proj_ws/install/vrx/share/vrx/models/robotx_light_buoy_rbg/model.sdf
[23.958s] -- Symlinking: /home/luca002/proj_ws/install/vrx/share/vrx/models/robotx_light_buoy_rgb/mesh/LightTower_Albedo.png
[23.967s] -- Symlinking: /home/luca002/proj_ws/install/vrx/share/vrx/models/robotx_light_buoy_rgb/mesh/LightTower_Metalness.png
[23.978s] -- Symlinking: /home/luca002/proj_ws/install/vrx/share/vrx/models/robotx_light_buoy_rgb/mesh/LightTower_Normal.png
[23.988s] -- Symlinking: /home/luca002/proj_ws/install/vrx/share/vrx/models/robotx_light_buoy_rgb/mesh/LightTower_Opacity.png
[23.999s] -- Symlinking: /home/luca002/proj_ws/install/vrx/share/vrx/models/robotx_light_buoy_rgb/mesh/LightTower_Roughness.png
[24.009s] -- Symlinking: /home/luca002/proj_ws/install/vrx/share/vrx/models/robotx_light_buoy_rgb/mesh/robotx_light_buoy.dae
[24.019s] -- Symlinking: /home/luca002/proj_ws/install/vrx/share/vrx/models/robotx_light_buoy_rgb/model.config
[24.029s] -- Symlinking: /home/luca002/proj_ws/install/vrx/share/vrx/models/robotx_light_buoy_rgb/model.sdf
[24.039s] -- Symlinking: /home/luca002/proj_ws/install/vrx/share/vrx/models/robotx_light_buoy_rgy/model.config
[24.049s] -- Symlinking: /home/luca002/proj_ws/install/vrx/share/vrx/models/robotx_light_buoy_rgy/model.sdf
[24.060s] -- Symlinking: /home/luca002/proj_ws/install/vrx/share/vrx/models/robotx_light_buoy_ybr/model.config
[24.070s] -- Symlinking: /home/luca002/proj_ws/install/vrx/share/vrx/models/robotx_light_buoy_ybr/model.sdf
[24.079s] -- Symlinking: /home/luca002/proj_ws/install/vrx/share/vrx/models/robotx_light_buoy_ygb/model.config
[24.086s] -- Symlinking: /home/luca002/proj_ws/install/vrx/share/vrx/models/robotx_light_buoy_ygb/model.sdf
[24.095s] -- Symlinking: /home/luca002/proj_ws/install/vrx/share/vrx/models/robotx_light_buoy_yrg/model.config
[24.102s] -- Symlinking: /home/luca002/proj_ws/install/vrx/share/vrx/models/robotx_light_buoy_yrg/model.sdf
[24.108s] -- Symlinking: /home/luca002/proj_ws/install/vrx/share/vrx/models/sensor_post/mesh/sensor_post.dae
[24.114s] -- Symlinking: /home/luca002/proj_ws/install/vrx/share/vrx/models/sensor_post/mesh/sensor_post.png
[24.120s] -- Symlinking: /home/luca002/proj_ws/install/vrx/share/vrx/models/sensor_post/mesh/sensor_post_arm.dae
[24.128s] -- Symlinking: /home/luca002/proj_ws/install/vrx/share/vrx/models/sensor_post/model.config
[24.135s] -- Symlinking: /home/luca002/proj_ws/install/vrx/share/vrx/models/sensor_post/model.sdf
[24.142s] -- Symlinking: /home/luca002/proj_ws/install/vrx/share/vrx/models/short_course_2023_phase3_1/model.config
[24.149s] -- Symlinking: /home/luca002/proj_ws/install/vrx/share/vrx/models/short_course_2023_phase3_1/model.sdf
[24.156s] -- Symlinking: /home/luca002/proj_ws/install/vrx/share/vrx/models/short_course_2023_phase3_2/model.config
[24.163s] -- Symlinking: /home/luca002/proj_ws/install/vrx/share/vrx/models/short_course_2023_phase3_2/model.sdf
[24.170s] -- Symlinking: /home/luca002/proj_ws/install/vrx/share/vrx/models/short_navigation_course_0/model.config
[24.176s] -- Symlinking: /home/luca002/proj_ws/install/vrx/share/vrx/models/short_navigation_course_0/model.sdf
[24.182s] -- Symlinking: /home/luca002/proj_ws/install/vrx/share/vrx/models/short_navigation_course_1/model.config
[24.189s] -- Symlinking: /home/luca002/proj_ws/install/vrx/share/vrx/models/short_navigation_course_1/model.sdf
[24.198s] -- Symlinking: /home/luca002/proj_ws/install/vrx/share/vrx/models/short_navigation_course_2/model.config
[24.205s] -- Symlinking: /home/luca002/proj_ws/install/vrx/share/vrx/models/short_navigation_course_2/model.sdf
[24.211s] -- Symlinking: /home/luca002/proj_ws/install/vrx/share/vrx/models/short_navigation_course_3/model.config
[24.218s] -- Symlinking: /home/luca002/proj_ws/install/vrx/share/vrx/models/short_navigation_course_3/model.sdf
[24.225s] -- Symlinking: /home/luca002/proj_ws/install/vrx/share/vrx/models/short_navigation_course_4/model.config
[24.233s] -- Symlinking: /home/luca002/proj_ws/install/vrx/share/vrx/models/short_navigation_course_4/model.sdf
[24.240s] -- Symlinking: /home/luca002/proj_ws/install/vrx/share/vrx/models/short_navigation_course_5/model.config
[24.247s] -- Symlinking: /home/luca002/proj_ws/install/vrx/share/vrx/models/short_navigation_course_5/model.sdf
[24.254s] -- Symlinking: /home/luca002/proj_ws/install/vrx/share/vrx/models/symbol_triangle/mesh/triangle.dae
[24.261s] -- Symlinking: /home/luca002/proj_ws/install/vrx/share/vrx/models/symbol_triangle/model.config
[24.268s] -- Symlinking: /home/luca002/proj_ws/install/vrx/share/vrx/models/symbol_triangle/model.sdf
[24.275s] -- Symlinking: /home/luca002/proj_ws/install/vrx/share/vrx/models/tripod/model.config
[24.281s] -- Symlinking: /home/luca002/proj_ws/install/vrx/share/vrx/models/tripod/model.sdf
[24.287s] -- Symlinking: /home/luca002/proj_ws/install/vrx/share/vrx/models/vessel/materials/textures/Boat01_Albedo.jpg
[24.294s] -- Symlinking: /home/luca002/proj_ws/install/vrx/share/vrx/models/vessel/materials/textures/Boat01_Normal.jpg
[24.302s] -- Symlinking: /home/luca002/proj_ws/install/vrx/share/vrx/models/vessel/materials/textures/Boat01_Roughness.jpg
[24.308s] -- Symlinking: /home/luca002/proj_ws/install/vrx/share/vrx/models/vessel/meshes/Boat01.dae
[24.314s] -- Symlinking: /home/luca002/proj_ws/install/vrx/share/vrx/models/vessel/model.config
[24.320s] -- Symlinking: /home/luca002/proj_ws/install/vrx/share/vrx/models/vessel/model.sdf
[24.326s] -- Symlinking: /home/luca002/proj_ws/install/vrx/share/vrx/models/vessel/thumbnails/1.png
[24.334s] -- Symlinking: /home/luca002/proj_ws/install/vrx/share/vrx/models/wam-v/meshes/WAM-V-Base.dae
[24.342s] -- Symlinking: /home/luca002/proj_ws/install/vrx/share/vrx/models/wam-v/meshes/WamV.png
[24.349s] -- Symlinking: /home/luca002/proj_ws/install/vrx/share/vrx/models/wam-v/meshes/engine.dae
[24.356s] -- Symlinking: /home/luca002/proj_ws/install/vrx/share/vrx/models/wam-v/meshes/legs.dae
[24.364s] -- Symlinking: /home/luca002/proj_ws/install/vrx/share/vrx/models/wam-v/meshes/lidar_3d_v1.dae
[24.370s] -- Symlinking: /home/luca002/proj_ws/install/vrx/share/vrx/models/wam-v/meshes/lidar_3d_v1.png
[24.377s] -- Symlinking: /home/luca002/proj_ws/install/vrx/share/vrx/models/wam-v/meshes/propeller.dae
[24.383s] -- Symlinking: /home/luca002/proj_ws/install/vrx/share/vrx/models/wam-v/meshes/ring.dae
[24.390s] -- Symlinking: /home/luca002/proj_ws/install/vrx/share/vrx/models/wam-v/model.config
[24.397s] -- Symlinking: /home/luca002/proj_ws/install/vrx/share/vrx/models/wam-v/model.sdf
[24.412s] -- Symlinking: /home/luca002/proj_ws/install/vrx/share/vrx/worlds/sydney.sdf
[24.419s] -- Symlinking: /home/luca002/proj_ws/install/vrx/share/ament_index/resource_index/package_run_dependencies/vrx
[24.426s] -- Symlinking: /home/luca002/proj_ws/install/vrx/share/ament_index/resource_index/parent_prefix_path/vrx
[24.433s] -- Symlinking: /home/luca002/proj_ws/install/vrx/share/vrx/environment/ament_prefix_path.sh
[24.440s] -- Symlinking: /home/luca002/proj_ws/install/vrx/share/vrx/environment/ament_prefix_path.dsv
[24.448s] -- Symlinking: /home/luca002/proj_ws/install/vrx/share/vrx/environment/path.sh
[24.454s] -- Symlinking: /home/luca002/proj_ws/install/vrx/share/vrx/environment/path.dsv
[24.462s] -- Symlinking: /home/luca002/proj_ws/install/vrx/share/vrx/local_setup.bash
[24.473s] -- Symlinking: /home/luca002/proj_ws/install/vrx/share/vrx/local_setup.sh
[24.481s] -- Symlinking: /home/luca002/proj_ws/install/vrx/share/vrx/local_setup.zsh
[24.488s] -- Symlinking: /home/luca002/proj_ws/install/vrx/share/vrx/local_setup.dsv
[24.494s] -- Symlinking: /home/luca002/proj_ws/install/vrx/share/vrx/package.dsv
[24.500s] -- Symlinking: /home/luca002/proj_ws/install/vrx/share/ament_index/resource_index/packages/vrx
[24.507s] -- Symlinking: /home/luca002/proj_ws/install/vrx/share/vrx/cmake/vrxConfig.cmake
[24.513s] -- Symlinking: /home/luca002/proj_ws/install/vrx/share/vrx/cmake/vrxConfig-version.cmake
[24.520s] -- Symlinking: /home/luca002/proj_ws/install/vrx/share/vrx/package.xml
[24.578s] Listing '/home/luca002/proj_ws/install/vrx/lib/python3.12/site-packages/vrx'...
[24.578s] Compiling '/home/luca002/proj_ws/install/vrx/lib/python3.12/site-packages/vrx/__init__.py'...
[24.578s] Compiling '/home/luca002/proj_ws/install/vrx/lib/python3.12/site-packages/vrx/bridge.py'...
[24.578s] Compiling '/home/luca002/proj_ws/install/vrx/lib/python3.12/site-packages/vrx/bridges.py'...
[24.578s] Compiling '/home/luca002/proj_ws/install/vrx/lib/python3.12/site-packages/vrx/launch.py'...
[24.578s] Compiling '/home/luca002/proj_ws/install/vrx/lib/python3.12/site-packages/vrx/model.py'...
[24.578s] Compiling '/home/luca002/proj_ws/install/vrx/lib/python3.12/site-packages/vrx/monitor_sim.py'...
[24.578s] Compiling '/home/luca002/proj_ws/install/vrx/lib/python3.12/site-packages/vrx/payload_bridges.py'...
[24.584s] Invoked command in '/home/luca002/proj_ws/build/vrx' returned '0': CMAKE_PREFIX_PATH=${CMAKE_PREFIX_PATH}:/opt/ros/jazzy DEBUGINFOD_URLS=https://debuginfod.ubuntu.com /usr/bin/cmake --install /home/luca002/proj_ws/build/vrx
