[0.187s] Invoking command in '/home/luca002/proj_ws/build/wamv_gazebo': CMAKE_PREFIX_PATH=${CMAKE_PREFIX_PATH}:/home/luca002/ros_ws/install/robot_description_example:/opt/ros/jazzy DEBUGINFOD_URLS=https://debuginfod.ubuntu.com /usr/bin/cmake /home/luca002/proj_ws/src/wamv_gazebo -DAMENT_CMAKE_SYMLINK_INSTALL=1 -DCMAKE_INSTALL_PREFIX=/home/luca002/proj_ws/install/wamv_gazebo
[0.226s] -- The C compiler identification is GNU 13.3.0
[0.265s] -- The CXX compiler identification is GNU 13.3.0
[0.276s] -- Detecting C compiler ABI info
[0.340s] -- Detecting C compiler ABI info - done
[0.346s] -- Check for working C compiler: /usr/bin/cc - skipped
[0.346s] -- Detecting C compile features
[0.347s] -- Detecting C compile features - done
[0.353s] -- Detecting CXX compiler ABI info
[0.427s] -- Detecting CXX compiler ABI info - done
[0.434s] -- Check for working CXX compiler: /usr/bin/c++ - skipped
[0.434s] -- Detecting CXX compile features
[0.435s] -- Detecting CXX compile features - done
[0.438s] -- Found ament_cmake: 2.5.4 (/opt/ros/jazzy/share/ament_cmake/cmake)
[0.572s] -- Found Python3: /usr/bin/python3 (found version "3.12.3") found components: Interpreter 
[0.635s] -- Override CMake install command with custom implementation using symlinks instead of copying resources
[0.673s] -- Looking for gz-sim8 -- found version 8.9.0
[0.678s] -- Searching for dependencies of gz-sim8
[0.679s] -- Looking for sdformat14 -- found version 14.7.0
[0.679s] -- Searching for dependencies of sdformat14
[0.683s] -- Checking for module 'tinyxml2'
[0.692s] --   Found tinyxml2, version 10.0.0
[0.716s] -- Looking for gz-math7 -- found version 7.5.2
[0.716s] -- Searching for dependencies of gz-math7
[0.718s] -- Looking for gz-utils2 -- found version 2.2.1
[0.718s] -- Searching for dependencies of gz-utils2
[0.719s] -- Looking for gz-utils2 -- found version 2.2.1
[0.719s] -- Searching for dependencies of gz-utils2
[0.719s] -- Searching for <gz-utils2> component [cli]
[0.721s] -- Looking for gz-utils2-cli -- found version 2.2.1
[0.721s] -- Searching for dependencies of gz-utils2-cli
[0.722s] -- Looking for gz-plugin2 -- found version 2.0.4
[0.723s] -- Searching for dependencies of gz-plugin2
[0.723s] -- Looking for gz-utils2 -- found version 2.2.1
[0.723s] -- Searching for <gz-plugin2> component [loader]
[0.724s] -- Looking for gz-plugin2-loader -- found version 2.0.4
[0.724s] -- Searching for dependencies of gz-plugin2-loader
[0.725s] -- Searching for <gz-plugin2> component [register]
[0.726s] -- Looking for gz-plugin2-register -- found version 2.0.4
[0.726s] -- Searching for dependencies of gz-plugin2-register
[0.727s] -- Looking for gz-transport13 -- found version 13.4.1
[0.727s] -- Searching for dependencies of gz-transport13
[0.816s] -- Found Protobuf: /usr/lib/x86_64-linux-gnu/libprotobuf.so (found version "3.21.12") 
[0.826s] -- Config-file not installed for ZeroMQ -- checking for pkg-config
[0.829s] -- Checking for module 'libzmq >= 4'
[0.838s] --   Found libzmq, version 4.3.5
[0.863s] -- Found ZeroMQ: TRUE (Required is at least version "4") 
[0.867s] -- Checking for module 'uuid'
[0.879s] --   Found uuid, version 2.39.3
[0.901s] -- Found UUID: TRUE  
[0.901s] -- Looking for gz-utils2 -- found version 2.2.1
[0.903s] -- Looking for gz-msgs10 -- found version 10.3.2
[0.903s] -- Searching for dependencies of gz-msgs10
[0.921s] -- Looking for gz-utils2 -- found version 2.2.1
[0.921s] -- Looking for gz-math7 -- found version 7.5.2
[0.928s] -- Searching for <gz-transport13> component [log]
[0.929s] -- Looking for gz-transport13-log -- found version 13.4.1
[0.930s] -- Searching for dependencies of gz-transport13-log
[0.930s] -- Searching for <gz-transport13> component [parameters]
[0.931s] -- Looking for gz-transport13-parameters -- found version 13.4.1
[0.931s] -- Searching for dependencies of gz-transport13-parameters
[0.932s] -- Looking for gz-msgs10 -- found version 10.3.2
[0.934s] -- Looking for gz-common5 -- found version 5.7.1
[0.934s] -- Searching for dependencies of gz-common5
[0.934s] -- Looking for gz-utils2 -- found version 2.2.1
[0.935s] -- Looking for dlfcn.h - found
[0.936s] -- Looking for libdl - found
[0.937s] -- Found DL: TRUE  
[0.942s] -- Searching for <gz-common5> component [av]
[0.944s] -- Looking for gz-common5-av -- found version 5.7.1
[0.944s] -- Searching for dependencies of gz-common5-av
[0.947s] -- Checking for module 'libswscale'
[0.957s] --   Found libswscale, version 7.5.100
[0.979s] -- Found SWSCALE: TRUE  
[0.982s] -- Checking for module 'libavdevice >= 56.4.100'
[0.992s] --   Found libavdevice, version 60.3.100
[1.023s] -- Found AVDEVICE: TRUE (Required is at least version "56.4.100") 
[1.026s] -- Checking for module 'libavformat'
[1.036s] --   Found libavformat, version 60.16.100
[1.059s] -- Found AVFORMAT: TRUE  
[1.063s] -- Checking for module 'libavcodec'
[1.073s] --   Found libavcodec, version 60.31.102
[1.096s] -- Found AVCODEC: TRUE  
[1.100s] -- Checking for module 'libavutil'
[1.110s] --   Found libavutil, version 58.29.100
[1.133s] -- Found AVUTIL: TRUE  
[1.133s] -- Searching for <gz-common5> component [events]
[1.135s] -- Looking for gz-common5-events -- found version 5.7.1
[1.135s] -- Searching for dependencies of gz-common5-events
[1.135s] -- Looking for gz-math7 -- found version 7.5.2
[1.136s] -- Searching for <gz-common5> component [graphics]
[1.137s] -- Looking for gz-common5-graphics -- found version 5.7.1
[1.137s] -- Searching for dependencies of gz-common5-graphics
[1.138s] -- Looking for gz-math7 -- found version 7.5.2
[1.141s] -- Found GzAssimp: TRUE (found version "5.3.0") 
[1.142s] -- Searching for <gz-common5> component [io]
[1.143s] -- Looking for gz-common5-io -- found version 5.7.1
[1.143s] -- Searching for dependencies of gz-common5-io
[1.143s] -- Searching for <gz-common5> component [profiler]
[1.145s] -- Looking for gz-common5-profiler -- found version 5.7.1
[1.145s] -- Searching for dependencies of gz-common5-profiler
[1.147s] -- Looking for gz-fuel_tools9 -- found version 9.1.1
[1.147s] -- Searching for dependencies of gz-fuel_tools9
[1.206s] -- Found CURL: /usr/lib/x86_64-linux-gnu/libcurl.so (found version "8.5.0")  
[1.215s] -- Checking for module 'jsoncpp'
[1.226s] --   Found jsoncpp, version 1.9.5
[1.247s] -- Found JSONCPP: TRUE  
[1.266s] -- Checking for module 'yaml-0.1'
[1.279s] --   Found yaml-0.1, version 0.2.5
[1.304s] -- Found YAML: TRUE  
[1.309s] -- Checking for module 'libzip'
[1.320s] --   Found libzip, version 1.7.3
[1.342s] -- Found ZIP: TRUE  
[1.342s] -- Looking for gz-utils2 -- found version 2.2.1
[1.343s] -- Looking for gz-common5 -- found version 5.7.1
[1.343s] -- Searching for dependencies of gz-common5
[1.343s] -- Looking for gz-utils2 -- found version 2.2.1
[1.343s] -- Looking for dlfcn.h - found
[1.343s] -- Looking for libdl - found
[1.348s] -- Searching for <gz-common5> component [testing]
[1.350s] -- Looking for gz-common5-testing -- found version 5.7.1
[1.350s] -- Searching for dependencies of gz-common5-testing
[1.351s] -- Looking for gz-math7 -- found version 7.5.2
[1.351s] -- Looking for gz-msgs10 -- found version 10.3.2
[1.353s] -- Looking for gz-gui8 -- found version 8.4.0
[1.353s] -- Searching for dependencies of gz-gui8
[1.376s] -- Looking for gz-utils2 -- found version 2.2.1
[1.376s] -- Looking for gz-math7 -- found version 7.5.2
[1.376s] -- Looking for gz-common5 -- found version 5.7.1
[1.377s] -- Looking for gz-plugin2 -- found version 2.0.4
[1.377s] -- Looking for gz-transport13 -- found version 13.4.1
[1.379s] -- Looking for gz-rendering8 -- found version 8.2.2
[1.379s] -- Searching for dependencies of gz-rendering8
[1.380s] -- Looking for gz-math7 -- found version 7.5.2
[1.380s] -- Searching for dependencies of gz-math7
[1.380s] -- Looking for gz-utils2 -- found version 2.2.1
[1.380s] -- Searching for <gz-math7> component [eigen3]
[1.382s] -- Looking for gz-math7-eigen3 -- found version 7.5.2
[1.382s] -- Searching for dependencies of gz-math7-eigen3
[1.393s] -- Looking for gz-common5 -- found version 5.7.1
[1.393s] -- Searching for dependencies of gz-common5
[1.394s] -- Looking for gz-utils2 -- found version 2.2.1
[1.394s] -- Looking for dlfcn.h - found
[1.394s] -- Looking for libdl - found
[1.400s] -- Searching for <gz-common5> component [graphics]
[1.400s] -- Searching for <gz-common5> component [events]
[1.400s] -- Searching for <gz-common5> component [geospatial]
[1.402s] -- Looking for gz-common5-geospatial -- found version 5.7.1
[1.402s] -- Searching for dependencies of gz-common5-geospatial
[1.402s] -- Looking for gz-math7 -- found version 7.5.2
[1.402s] -- Looking for gz-common5 -- found version 5.7.1
[1.403s] -- Looking for gz-plugin2 -- found version 2.0.4
[1.403s] -- Searching for dependencies of gz-plugin2
[1.404s] -- Looking for gz-utils2 -- found version 2.2.1
[1.404s] -- Searching for <gz-plugin2> component [all]
[1.405s] -- Looking for all libraries of gz-plugin2 -- found version 2.0.4
[1.405s] -- Looking for gz-plugin2 -- found version 2.0.4
[1.406s] -- Looking for gz-utils2 -- found version 2.2.1
[1.417s] -- Found OpenGL: /usr/lib/x86_64-linux-gnu/libOpenGL.so  found components: OpenGL 
[1.418s] -- Looking for gz-msgs10 -- found version 10.3.2
[1.436s] -- Looking for gz-physics7 -- found version 7.5.0
[1.436s] -- Searching for dependencies of gz-physics7
[1.436s] -- Looking for gz-common5 -- found version 5.7.1
[1.437s] -- Looking for gz-math7 -- found version 7.5.2
[1.437s] -- Looking for gz-plugin2 -- found version 2.0.4
[1.437s] -- Looking for gz-utils2 -- found version 2.2.1
[1.438s] -- Searching for <gz-physics7> component [heightmap]
[1.439s] -- Looking for gz-physics7-heightmap -- found version 7.5.0
[1.439s] -- Searching for dependencies of gz-physics7-heightmap
[1.439s] -- Looking for gz-common5 -- found version 5.7.1
[1.440s] -- Searching for <gz-physics7> component [mesh]
[1.441s] -- Looking for gz-physics7-mesh -- found version 7.5.0
[1.441s] -- Searching for dependencies of gz-physics7-mesh
[1.441s] -- Looking for gz-common5 -- found version 5.7.1
[1.441s] -- Searching for <gz-physics7> component [sdf]
[1.442s] -- Looking for gz-physics7-sdf -- found version 7.5.0
[1.442s] -- Searching for dependencies of gz-physics7-sdf
[1.443s] -- Looking for sdformat14 -- found version 14.7.0
[1.444s] -- Looking for gz-sensors8 -- found version 8.2.2
[1.444s] -- Searching for dependencies of gz-sensors8
[1.461s] -- Looking for gz-math7 -- found version 7.5.2
[1.461s] -- Looking for gz-common5 -- found version 5.7.1
[1.461s] -- Looking for gz-transport13 -- found version 13.4.1
[1.462s] -- Looking for gz-rendering8 -- found version 8.2.2
[1.462s] -- Looking for gz-msgs10 -- found version 10.3.2
[1.462s] -- Looking for sdformat14 -- found version 14.7.0
[1.463s] -- Searching for <gz-sensors8> component [air_pressure]
[1.464s] -- Looking for gz-sensors8-air_pressure -- found version 8.2.2
[1.464s] -- Searching for dependencies of gz-sensors8-air_pressure
[1.464s] -- Searching for <gz-sensors8> component [air_speed]
[1.465s] -- Looking for gz-sensors8-air_speed -- found version 8.2.2
[1.465s] -- Searching for dependencies of gz-sensors8-air_speed
[1.466s] -- Searching for <gz-sensors8> component [altimeter]
[1.467s] -- Looking for gz-sensors8-altimeter -- found version 8.2.2
[1.467s] -- Searching for dependencies of gz-sensors8-altimeter
[1.467s] -- Searching for <gz-sensors8> component [imu]
[1.468s] -- Looking for gz-sensors8-imu -- found version 8.2.2
[1.468s] -- Searching for dependencies of gz-sensors8-imu
[1.468s] -- Searching for <gz-sensors8> component [force_torque]
[1.470s] -- Looking for gz-sensors8-force_torque -- found version 8.2.2
[1.470s] -- Searching for dependencies of gz-sensors8-force_torque
[1.470s] -- Searching for <gz-sensors8> component [logical_camera]
[1.471s] -- Looking for gz-sensors8-logical_camera -- found version 8.2.2
[1.471s] -- Searching for dependencies of gz-sensors8-logical_camera
[1.472s] -- Searching for <gz-sensors8> component [magnetometer]
[1.473s] -- Looking for gz-sensors8-magnetometer -- found version 8.2.2
[1.473s] -- Searching for dependencies of gz-sensors8-magnetometer
[1.473s] -- Searching for <gz-sensors8> component [navsat]
[1.474s] -- Looking for gz-sensors8-navsat -- found version 8.2.2
[1.474s] -- Searching for dependencies of gz-sensors8-navsat
[1.475s] -- Searching for <gz-sensors8> component [dvl]
[1.476s] -- Looking for gz-sensors8-dvl -- found version 8.2.2
[1.476s] -- Searching for dependencies of gz-sensors8-dvl
[1.476s] -- Looking for gz-sensors8 -- found version 8.2.2
[1.476s] -- Searching for dependencies of gz-sensors8
[1.495s] -- Looking for gz-math7 -- found version 7.5.2
[1.496s] -- Looking for gz-common5 -- found version 5.7.1
[1.496s] -- Looking for gz-transport13 -- found version 13.4.1
[1.496s] -- Looking for gz-rendering8 -- found version 8.2.2
[1.497s] -- Looking for gz-msgs10 -- found version 10.3.2
[1.497s] -- Looking for sdformat14 -- found version 14.7.0
[1.497s] -- Searching for <gz-sensors8> component [rendering]
[1.498s] -- Looking for gz-sensors8-rendering -- found version 8.2.2
[1.498s] -- Searching for dependencies of gz-sensors8-rendering
[1.499s] -- Searching for <gz-sensors8> component [rendering]
[1.499s] -- Searching for <gz-sensors8> component [lidar]
[1.500s] -- Looking for gz-sensors8-lidar -- found version 8.2.2
[1.500s] -- Searching for dependencies of gz-sensors8-lidar
[1.501s] -- Looking for gz-sensors8 -- found version 8.2.2
[1.501s] -- Searching for <gz-sensors8> component [gpu_lidar]
[1.502s] -- Looking for gz-sensors8-gpu_lidar -- found version 8.2.2
[1.502s] -- Searching for dependencies of gz-sensors8-gpu_lidar
[1.502s] -- Looking for gz-sensors8 -- found version 8.2.2
[1.503s] -- Searching for <gz-sensors8> component [camera]
[1.504s] -- Looking for gz-sensors8-camera -- found version 8.2.2
[1.504s] -- Searching for dependencies of gz-sensors8-camera
[1.505s] -- Looking for gz-sensors8 -- found version 8.2.2
[1.505s] -- Searching for <gz-sensors8> component [boundingbox_camera]
[1.507s] -- Looking for gz-sensors8-boundingbox_camera -- found version 8.2.2
[1.507s] -- Searching for dependencies of gz-sensors8-boundingbox_camera
[1.507s] -- Searching for <gz-sensors8> component [segmentation_camera]
[1.508s] -- Looking for gz-sensors8-segmentation_camera -- found version 8.2.2
[1.508s] -- Searching for dependencies of gz-sensors8-segmentation_camera
[1.509s] -- Searching for <gz-sensors8> component [depth_camera]
[1.510s] -- Looking for gz-sensors8-depth_camera -- found version 8.2.2
[1.510s] -- Searching for dependencies of gz-sensors8-depth_camera
[1.510s] -- Looking for gz-sensors8 -- found version 8.2.2
[1.511s] -- Searching for <gz-sensors8> component [rgbd_camera]
[1.511s] -- Looking for gz-sensors8-rgbd_camera -- found version 8.2.2
[1.512s] -- Searching for dependencies of gz-sensors8-rgbd_camera
[1.512s] -- Looking for gz-sensors8 -- found version 8.2.2
[1.512s] -- Searching for <gz-sensors8> component [thermal_camera]
[1.513s] -- Looking for gz-sensors8-thermal_camera -- found version 8.2.2
[1.513s] -- Searching for dependencies of gz-sensors8-thermal_camera
[1.513s] -- Looking for gz-sensors8 -- found version 8.2.2
[1.514s] -- Searching for <gz-sensors8> component [wide_angle_camera]
[1.515s] -- Looking for gz-sensors8-wide_angle_camera -- found version 8.2.2
[1.515s] -- Searching for dependencies of gz-sensors8-wide_angle_camera
[1.516s] -- Looking for gz-rendering8 -- found version 8.2.2
[1.516s] -- Looking for gz-math7 -- found version 7.5.2
[1.516s] -- Looking for gz-utils2 -- found version 2.2.1
[1.533s] -- Looking for gz-common5 -- found version 5.7.1
[1.533s] -- Looking for gz-fuel_tools9 -- found version 9.1.1
[1.533s] -- Looking for gz-math7 -- found version 7.5.2
[1.533s] -- Looking for gz-msgs10 -- found version 10.3.2
[1.534s] -- Looking for gz-transport13 -- found version 13.4.1
[1.534s] -- Looking for gz-plugin2 -- found version 2.0.4
[1.534s] -- Looking for gz-rendering8 -- found version 8.2.2
[1.535s] -- Looking for gz-sensors8 -- found version 8.2.2
[1.535s] -- Looking for gz-utils2 -- found version 2.2.1
[1.535s] -- Looking for sdformat14 -- found version 14.7.0
[1.538s] -- Found std_msgs: 5.3.6 (/opt/ros/jazzy/share/std_msgs/cmake)
[1.576s] -- Found rosidl_generator_c: 4.6.5 (/opt/ros/jazzy/share/rosidl_generator_c/cmake)
[1.592s] -- Found rosidl_generator_cpp: 4.6.5 (/opt/ros/jazzy/share/rosidl_generator_cpp/cmake)
[1.611s] -- Using all available rosidl_typesupport_c: rosidl_typesupport_fastrtps_c;rosidl_typesupport_introspection_c
[1.629s] -- Using all available rosidl_typesupport_cpp: rosidl_typesupport_fastrtps_cpp;rosidl_typesupport_introspection_cpp
[1.837s] -- Configuring done (1.6s)
[1.921s] -- Generating done (0.1s)
[1.938s] -- Build files have been written to: /home/luca002/proj_ws/build/wamv_gazebo
[1.950s] Invoked command in '/home/luca002/proj_ws/build/wamv_gazebo' returned '0': CMAKE_PREFIX_PATH=${CMAKE_PREFIX_PATH}:/home/luca002/ros_ws/install/robot_description_example:/opt/ros/jazzy DEBUGINFOD_URLS=https://debuginfod.ubuntu.com /usr/bin/cmake /home/luca002/proj_ws/src/wamv_gazebo -DAMENT_CMAKE_SYMLINK_INSTALL=1 -DCMAKE_INSTALL_PREFIX=/home/luca002/proj_ws/install/wamv_gazebo
[1.951s] Invoking command in '/home/luca002/proj_ws/build/wamv_gazebo': CMAKE_PREFIX_PATH=${CMAKE_PREFIX_PATH}:/home/luca002/ros_ws/install/robot_description_example:/opt/ros/jazzy DEBUGINFOD_URLS=https://debuginfod.ubuntu.com /usr/bin/cmake --build /home/luca002/proj_ws/build/wamv_gazebo -- -j16 -l16
[1.986s] [  2%] [32mBuilding CXX object CMakeFiles/Waves.dir/src/Wavefield.cc.o[0m
[1.986s] [  4%] [32mBuilding CXX object CMakeFiles/ScoringPlugin.dir/src/ScoringPlugin.cc.o[0m
[1.991s] [  4%] Built target ament_cmake_python_symlink_wamv_gazebo
[2.159s] running egg_info
[2.160s] creating wamv_gazebo.egg-info
[2.175s] writing wamv_gazebo.egg-info/PKG-INFO
[2.175s] writing dependency_links to wamv_gazebo.egg-info/dependency_links.txt
[2.176s] writing top-level names to wamv_gazebo.egg-info/top_level.txt
[2.176s] writing manifest file 'wamv_gazebo.egg-info/SOURCES.txt'
[2.225s] reading manifest file 'wamv_gazebo.egg-info/SOURCES.txt'
[2.225s] writing manifest file 'wamv_gazebo.egg-info/SOURCES.txt'
[2.246s] [  4%] Built target ament_cmake_python_build_wamv_gazebo_egg
[4.439s] [  6%] [32m[1mLinking CXX shared library libWaves.so[0m
[4.571s] [  6%] Built target Waves
[4.585s] [ 12%] [32mBuilding CXX object CMakeFiles/PolyhedraBuoyancyDrag.dir/src/PolyhedronVolume.cc.o[0m
[4.585s] [ 12%] [32mBuilding CXX object CMakeFiles/PolyhedraBuoyancyDrag.dir/src/ShapeVolume.cc.o[0m
[4.585s] [ 12%] [32mBuilding CXX object CMakeFiles/PolyhedraBuoyancyDrag.dir/src/PolyhedraBuoyancyDrag.cc.o[0m
[5.374s] [ 14%] [32m[1mLinking CXX shared library libScoringPlugin.so[0m
[5.531s] [ 14%] Built target ScoringPlugin
[5.554s] [ 18%] [32mBuilding CXX object CMakeFiles/AcousticTrackingScoringPlugin.dir/src/AcousticTrackingScoringPlugin.cc.o[0m
[5.554s] [ 18%] [32mBuilding CXX object CMakeFiles/PlacardPlugin.dir/src/PlacardPlugin.cc.o[0m
[5.554s] [ 20%] [32mBuilding CXX object CMakeFiles/LightBuoyPlugin.dir/src/LightBuoyPlugin.cc.o[0m
[5.554s] [ 27%] [32mBuilding CXX object CMakeFiles/AcousticPerceptionScoringPlugin.dir/src/AcousticPerceptionScoringPlugin.cc.o[0m
[5.555s] [ 29%] [32mBuilding CXX object CMakeFiles/NavigationScoringPlugin.dir/src/NavigationScoringPlugin.cc.o[0m
[5.555s] [ 31%] [32mBuilding CXX object CMakeFiles/StationkeepingScoringPlugin.dir/src/StationkeepingScoringPlugin.cc.o[0m
[5.555s] [ 33%] [32mBuilding CXX object CMakeFiles/PerceptionScoringPlugin.dir/src/PerceptionScoringPlugin.cc.o[0m
[5.555s] [ 35%] [32mBuilding CXX object CMakeFiles/PublisherPlugin.dir/src/PublisherPlugin.cc.o[0m
[5.555s] [ 37%] [32mBuilding CXX object CMakeFiles/SimpleHydrodynamics.dir/src/SimpleHydrodynamics.cc.o[0m
[5.555s] [ 39%] [32mBuilding CXX object CMakeFiles/ScanDockScoringPlugin.dir/src/ScanDockScoringPlugin.cc.o[0m
[5.555s] [ 25%] [32mBuilding CXX object CMakeFiles/WayfindingScoringPlugin.dir/src/WayfindingScoringPlugin.cc.o[0m
[5.555s] [ 25%] [32mBuilding CXX object CMakeFiles/AcousticPingerPlugin.dir/src/AcousticPingerPlugin.cc.o[0m
[5.557s] [ 41%] [32mBuilding CXX object CMakeFiles/BallShooterPlugin.dir/src/BallShooterPlugin.cc.o[0m
[5.558s] [ 43%] [32mBuilding CXX object CMakeFiles/GymkhanaScoringPlugin.dir/src/GymkhanaScoringPlugin.cc.o[0m
[5.717s] [ 45%] [32mBuilding CXX object CMakeFiles/AcousticPerceptionScoringPlugin.dir/src/WaypointMarkers.cc.o[0m
[10.301s] [ 47%] [32m[1mLinking CXX shared library libPublisherPlugin.so[0m
[10.709s] [ 50%] [32mBuilding CXX object CMakeFiles/AcousticTrackingScoringPlugin.dir/src/WaypointMarkers.cc.o[0m
[10.766s] [ 50%] Built target PublisherPlugin
[10.781s] [ 52%] [32mBuilding CXX object CMakeFiles/WayfindingScoringPlugin.dir/src/WaypointMarkers.cc.o[0m
[10.805s] [ 54%] [32m[1mLinking CXX shared library libLightBuoyPlugin.so[0m
[11.204s] [ 54%] Built target LightBuoyPlugin
[11.224s] [ 56%] [32mBuilding CXX object CMakeFiles/StationkeepingScoringPlugin.dir/src/WaypointMarkers.cc.o[0m
[11.427s] [ 58%] [32m[1mLinking CXX shared library libPolyhedraBuoyancyDrag.so[0m
[11.434s] [ 60%] [32m[1mLinking CXX shared library libGymkhanaScoringPlugin.so[0m
[11.814s] [ 62%] [32m[1mLinking CXX shared library libSimpleHydrodynamics.so[0m
[11.885s] [ 64%] [32m[1mLinking CXX shared library libPlacardPlugin.so[0m
[11.941s] [ 64%] Built target PolyhedraBuoyancyDrag
[11.976s] [ 64%] Built target GymkhanaScoringPlugin
[11.976s] [ 66%] [32mBuilding CXX object CMakeFiles/Surface.dir/src/Surface.cc.o[0m
[12.019s] [ 68%] [32mBuilding CXX object CMakeFiles/USVWind.dir/src/USVWind.cc.o[0m
[12.175s] [ 68%] Built target SimpleHydrodynamics
[12.211s] [ 70%] [32mBuilding CXX object CMakeFiles/WaveVisual.dir/src/WaveVisual.cc.o[0m
[12.296s] [ 70%] Built target PlacardPlugin
[12.330s] [ 72%] [32mBuilding CXX object CMakeFiles/WildlifeScoringPlugin.dir/src/WildlifeScoringPlugin.cc.o[0m
[13.902s] [ 75%] [32m[1mLinking CXX shared library libPerceptionScoringPlugin.so[0m
[14.027s] [ 77%] [32m[1mLinking CXX shared library libAcousticPingerPlugin.so[0m
[14.398s] [ 79%] [32m[1mLinking CXX shared library libAcousticPerceptionScoringPlugin.so[0m
[14.486s] [ 79%] Built target PerceptionScoringPlugin
[14.596s] [ 79%] Built target AcousticPingerPlugin
[14.637s] [ 81%] [32m[1mLinking CXX shared library libNavigationScoringPlugin.so[0m
[14.769s] [ 81%] Built target AcousticPerceptionScoringPlugin
[14.864s] [ 81%] Built target NavigationScoringPlugin
[15.031s] [ 85%] [32m[1mLinking CXX shared library libBallShooterPlugin.so[0m
[15.032s] [ 85%] [32m[1mLinking CXX shared library libScanDockScoringPlugin.so[0m
[15.306s] [ 85%] Built target BallShooterPlugin
[15.307s] [ 85%] Built target ScanDockScoringPlugin
[15.509s] [ 87%] [32m[1mLinking CXX shared library libWayfindingScoringPlugin.so[0m
[15.748s] [ 87%] Built target WayfindingScoringPlugin
[15.773s] [ 89%] [32m[1mLinking CXX shared library libAcousticTrackingScoringPlugin.so[0m
[15.798s] [ 91%] [32m[1mLinking CXX shared library libStationkeepingScoringPlugin.so[0m
[16.075s] [ 91%] Built target AcousticTrackingScoringPlugin
[16.112s] [ 91%] Built target StationkeepingScoringPlugin
[16.810s] [ 93%] [32m[1mLinking CXX shared library libSurface.so[0m
[17.005s] [ 93%] Built target Surface
[17.890s] [ 95%] [32m[1mLinking CXX shared library libWildlifeScoringPlugin.so[0m
[18.075s] [ 95%] Built target WildlifeScoringPlugin
[18.285s] [ 97%] [32m[1mLinking CXX shared library libWaveVisual.so[0m
[18.339s] [100%] [32m[1mLinking CXX shared library libUSVWind.so[0m
[18.468s] [100%] Built target WaveVisual
[18.501s] [100%] Built target USVWind
[18.509s] Invoked command in '/home/luca002/proj_ws/build/wamv_gazebo' returned '0': CMAKE_PREFIX_PATH=${CMAKE_PREFIX_PATH}:/home/luca002/ros_ws/install/robot_description_example:/opt/ros/jazzy DEBUGINFOD_URLS=https://debuginfod.ubuntu.com /usr/bin/cmake --build /home/luca002/proj_ws/build/wamv_gazebo -- -j16 -l16
[18.510s] Invoking command in '/home/luca002/proj_ws/build/wamv_gazebo': CMAKE_PREFIX_PATH=${CMAKE_PREFIX_PATH}:/home/luca002/ros_ws/install/robot_description_example:/opt/ros/jazzy DEBUGINFOD_URLS=https://debuginfod.ubuntu.com /usr/bin/cmake --install /home/luca002/proj_ws/build/wamv_gazebo
[18.515s] -- Install configuration: ""
[18.516s] -- Execute custom install script
[18.516s] -- Symlinking: /home/luca002/proj_ws/install/wamv_gazebo/share/wamv_gazebo/environment/resource_paths.dsv
[18.523s] -- Symlinking: /home/luca002/proj_ws/install/wamv_gazebo/share/wamv_gazebo/environment/resource_paths.sh
[18.531s] -- Symlinking: /home/luca002/proj_ws/install/wamv_gazebo/lib/libWaves.so
[18.538s] -- Symlinking: /home/luca002/proj_ws/install/wamv_gazebo/lib/libPolyhedraBuoyancyDrag.so
[18.543s] -- Symlinking: /home/luca002/proj_ws/install/wamv_gazebo/lib/libScoringPlugin.so
[18.549s] -- Symlinking: /home/luca002/proj_ws/install/wamv_gazebo/lib/libStationkeepingScoringPlugin.so
[18.554s] -- Symlinking: /home/luca002/proj_ws/install/wamv_gazebo/lib/libWayfindingScoringPlugin.so
[18.561s] -- Symlinking: /home/luca002/proj_ws/install/wamv_gazebo/lib/libAcousticPerceptionScoringPlugin.so
[18.570s] -- Symlinking: /home/luca002/proj_ws/install/wamv_gazebo/lib/libAcousticTrackingScoringPlugin.so
[18.577s] -- Symlinking: /home/luca002/proj_ws/install/wamv_gazebo/lib/libAcousticPingerPlugin.so
[18.585s] -- Symlinking: /home/luca002/proj_ws/install/wamv_gazebo/lib/libBallShooterPlugin.so
[18.590s] -- Symlinking: /home/luca002/proj_ws/install/wamv_gazebo/lib/libLightBuoyPlugin.so
[18.595s] -- Symlinking: /home/luca002/proj_ws/install/wamv_gazebo/lib/libNavigationScoringPlugin.so
[18.600s] -- Symlinking: /home/luca002/proj_ws/install/wamv_gazebo/lib/libGymkhanaScoringPlugin.so
[18.605s] -- Symlinking: /home/luca002/proj_ws/install/wamv_gazebo/lib/libPerceptionScoringPlugin.so
[18.613s] -- Symlinking: /home/luca002/proj_ws/install/wamv_gazebo/lib/libPlacardPlugin.so
[18.622s] -- Symlinking: /home/luca002/proj_ws/install/wamv_gazebo/lib/libPublisherPlugin.so
[18.633s] -- Symlinking: /home/luca002/proj_ws/install/wamv_gazebo/lib/libScanDockScoringPlugin.so
[18.642s] -- Symlinking: /home/luca002/proj_ws/install/wamv_gazebo/lib/libSimpleHydrodynamics.so
[18.649s] -- Symlinking: /home/luca002/proj_ws/install/wamv_gazebo/lib/libSurface.so
[18.655s] -- Symlinking: /home/luca002/proj_ws/install/wamv_gazebo/lib/libUSVWind.so
[18.660s] -- Symlinking: /home/luca002/proj_ws/install/wamv_gazebo/lib/libWaveVisual.so
[18.666s] -- Symlinking: /home/luca002/proj_ws/install/wamv_gazebo/lib/libWildlifeScoringPlugin.so
[18.672s] -- Symlinking: /home/luca002/proj_ws/install/wamv_gazebo/share/wamv_gazebo/environment/pythonpath.sh
[18.677s] -- Symlinking: /home/luca002/proj_ws/install/wamv_gazebo/share/wamv_gazebo/environment/pythonpath.dsv
[18.683s] -- Symlinking: /home/luca002/proj_ws/install/wamv_gazebo/lib/python3.12/site-packages/wamv_gazebo-0.0.0-py3.12.egg-info/PKG-INFO
[18.688s] -- Symlinking: /home/luca002/proj_ws/install/wamv_gazebo/lib/python3.12/site-packages/wamv_gazebo-0.0.0-py3.12.egg-info/SOURCES.txt
[18.693s] -- Symlinking: /home/luca002/proj_ws/install/wamv_gazebo/lib/python3.12/site-packages/wamv_gazebo-0.0.0-py3.12.egg-info/dependency_links.txt
[18.698s] -- Symlinking: /home/luca002/proj_ws/install/wamv_gazebo/lib/python3.12/site-packages/wamv_gazebo-0.0.0-py3.12.egg-info/top_level.txt
[18.704s] -- Symlinking: /home/luca002/proj_ws/install/wamv_gazebo/lib/python3.12/site-packages/wamv_gazebo/__init__.py
[18.709s] -- Symlinking: /home/luca002/proj_ws/install/wamv_gazebo/lib/python3.12/site-packages/wamv_gazebo/bridge.py
[18.714s] -- Symlinking: /home/luca002/proj_ws/install/wamv_gazebo/lib/python3.12/site-packages/wamv_gazebo/bridges.py
[18.720s] -- Symlinking: /home/luca002/proj_ws/install/wamv_gazebo/lib/python3.12/site-packages/wamv_gazebo/launch.py
[18.730s] -- Symlinking: /home/luca002/proj_ws/install/wamv_gazebo/lib/python3.12/site-packages/wamv_gazebo/model.py
[18.736s] -- Symlinking: /home/luca002/proj_ws/install/wamv_gazebo/lib/python3.12/site-packages/wamv_gazebo/monitor_sim.py
[18.742s] -- Symlinking: /home/luca002/proj_ws/install/wamv_gazebo/lib/python3.12/site-packages/wamv_gazebo/payload_bridges.py
[18.747s] -- Symlinking: /home/luca002/proj_ws/install/wamv_gazebo/share/wamv_gazebo/launch/__init__.py
[18.753s] -- Symlinking: /home/luca002/proj_ws/install/wamv_gazebo/share/wamv_gazebo/launch/__pycache__/bridge.cpython-312.pyc
[18.758s] -- Symlinking: /home/luca002/proj_ws/install/wamv_gazebo/share/wamv_gazebo/launch/bridge.py
[18.763s] -- Symlinking: /home/luca002/proj_ws/install/wamv_gazebo/share/wamv_gazebo/launch/cartographer.launch.py
[18.769s] -- Symlinking: /home/luca002/proj_ws/install/wamv_gazebo/share/wamv_gazebo/launch/competition.launch.py
[18.774s] -- Symlinking: /home/luca002/proj_ws/install/wamv_gazebo/share/wamv_gazebo/launch/compliance.py
[18.779s] -- Symlinking: /home/luca002/proj_ws/install/wamv_gazebo/share/wamv_gazebo/launch/configure_wamv.py
[18.784s] -- Symlinking: /home/luca002/proj_ws/install/wamv_gazebo/share/wamv_gazebo/launch/launch1.py
[18.789s] -- Symlinking: /home/luca002/proj_ws/install/wamv_gazebo/share/wamv_gazebo/launch/launch2.py
[18.794s] -- Symlinking: /home/luca002/proj_ws/install/wamv_gazebo/share/wamv_gazebo/launch/launch3.py
[18.799s] -- Symlinking: /home/luca002/proj_ws/install/wamv_gazebo/share/wamv_gazebo/launch/launch4.py
[18.805s] -- Symlinking: /home/luca002/proj_ws/install/wamv_gazebo/share/wamv_gazebo/launch/launch5.py
[18.810s] -- Symlinking: /home/luca002/proj_ws/install/wamv_gazebo/share/wamv_gazebo/launch/launch6.py
[18.820s] -- Symlinking: /home/luca002/proj_ws/install/wamv_gazebo/share/wamv_gazebo/launch/launch7.py
[18.829s] -- Symlinking: /home/luca002/proj_ws/install/wamv_gazebo/share/wamv_gazebo/launch/occupancy_grid.launch.py
[18.837s] -- Symlinking: /home/luca002/proj_ws/install/wamv_gazebo/share/wamv_gazebo/launch/spawn.launch.py
[18.842s] -- Symlinking: /home/luca002/proj_ws/install/wamv_gazebo/share/wamv_gazebo/launch/spawn_config.launch.py
[18.849s] -- Symlinking: /home/luca002/proj_ws/install/wamv_gazebo/share/wamv_gazebo/launch/usv_joy_teleop.py
[18.856s] -- Symlinking: /home/luca002/proj_ws/install/wamv_gazebo/share/wamv_gazebo/models/articulated_platform/model.config
[18.861s] -- Symlinking: /home/luca002/proj_ws/install/wamv_gazebo/share/wamv_gazebo/models/articulated_platform/model.sdf
[18.867s] -- Symlinking: /home/luca002/proj_ws/install/wamv_gazebo/share/wamv_gazebo/models/ball_shooter/materials/Textures/Launcher_Albedo.png
[18.873s] -- Symlinking: /home/luca002/proj_ws/install/wamv_gazebo/share/wamv_gazebo/models/ball_shooter/materials/Textures/Launcher_Metalness.png
[18.883s] -- Symlinking: /home/luca002/proj_ws/install/wamv_gazebo/share/wamv_gazebo/models/ball_shooter/materials/Textures/Launcher_Normal.png
[18.896s] -- Symlinking: /home/luca002/proj_ws/install/wamv_gazebo/share/wamv_gazebo/models/ball_shooter/materials/Textures/Launcher_Roughness.png
[18.903s] -- Symlinking: /home/luca002/proj_ws/install/wamv_gazebo/share/wamv_gazebo/models/ball_shooter/meshes/Launcher_Albedo.png
[18.908s] -- Symlinking: /home/luca002/proj_ws/install/wamv_gazebo/share/wamv_gazebo/models/ball_shooter/meshes/Launcher_BaseColor.png
[18.917s] -- Symlinking: /home/luca002/proj_ws/install/wamv_gazebo/share/wamv_gazebo/models/ball_shooter/meshes/ball_shooter_base.dae
[18.930s] -- Symlinking: /home/luca002/proj_ws/install/wamv_gazebo/share/wamv_gazebo/models/ball_shooter/meshes/ball_shooter_launcher.dae
[18.942s] -- Symlinking: /home/luca002/proj_ws/install/wamv_gazebo/share/wamv_gazebo/models/ball_shooter/model.config
[18.951s] -- Symlinking: /home/luca002/proj_ws/install/wamv_gazebo/share/wamv_gazebo/models/ball_shooter/model.sdf
[18.957s] -- Symlinking: /home/luca002/proj_ws/install/wamv_gazebo/share/wamv_gazebo/models/battery/mesh/battery.dae
[18.962s] -- Symlinking: /home/luca002/proj_ws/install/wamv_gazebo/share/wamv_gazebo/models/battery/mesh/battery.png
[18.969s] -- Symlinking: /home/luca002/proj_ws/install/wamv_gazebo/share/wamv_gazebo/models/battery/mesh/battery_Albedo.png
[18.977s] -- Symlinking: /home/luca002/proj_ws/install/wamv_gazebo/share/wamv_gazebo/models/battery/mesh/battery_Metalness.png
[18.983s] -- Symlinking: /home/luca002/proj_ws/install/wamv_gazebo/share/wamv_gazebo/models/battery/mesh/battery_Normal.png
[18.989s] -- Symlinking: /home/luca002/proj_ws/install/wamv_gazebo/share/wamv_gazebo/models/battery/mesh/battery_Roughness.png
[18.994s] -- Symlinking: /home/luca002/proj_ws/install/wamv_gazebo/share/wamv_gazebo/models/battery/model.config
[18.999s] -- Symlinking: /home/luca002/proj_ws/install/wamv_gazebo/share/wamv_gazebo/models/battery/model.sdf
[19.006s] -- Symlinking: /home/luca002/proj_ws/install/wamv_gazebo/share/wamv_gazebo/models/blue_projectile/model.config
[19.012s] -- Symlinking: /home/luca002/proj_ws/install/wamv_gazebo/share/wamv_gazebo/models/blue_projectile/model.sdf
[19.019s] -- Symlinking: /home/luca002/proj_ws/install/wamv_gazebo/share/wamv_gazebo/models/boat/materials/textures/Boat_Albedo.png
[19.027s] -- Symlinking: /home/luca002/proj_ws/install/wamv_gazebo/share/wamv_gazebo/models/boat/materials/textures/Boat_Metalness.png
[19.034s] -- Symlinking: /home/luca002/proj_ws/install/wamv_gazebo/share/wamv_gazebo/models/boat/materials/textures/Boat_Normal.png
[19.040s] -- Symlinking: /home/luca002/proj_ws/install/wamv_gazebo/share/wamv_gazebo/models/boat/materials/textures/Boat_Roughness.png
[19.046s] -- Symlinking: /home/luca002/proj_ws/install/wamv_gazebo/share/wamv_gazebo/models/boat/materials/textures/lidar_3d_v1.png
[19.051s] -- Symlinking: /home/luca002/proj_ws/install/wamv_gazebo/share/wamv_gazebo/models/boat/meshes/rcboat.dae
[19.056s] -- Symlinking: /home/luca002/proj_ws/install/wamv_gazebo/share/wamv_gazebo/models/boat/model.config
[19.061s] -- Symlinking: /home/luca002/proj_ws/install/wamv_gazebo/share/wamv_gazebo/models/boat/model.sdf
[19.067s] -- Symlinking: /home/luca002/proj_ws/install/wamv_gazebo/share/wamv_gazebo/models/boat/oldmodel/mmodel.sdf
[19.072s] -- Symlinking: /home/luca002/proj_ws/install/wamv_gazebo/share/wamv_gazebo/models/boat/thumbnails/boat/1.png
[19.078s] -- Symlinking: /home/luca002/proj_ws/install/wamv_gazebo/share/wamv_gazebo/models/boat/thumbnails/boat/2.png
[19.085s] -- Symlinking: /home/luca002/proj_ws/install/wamv_gazebo/share/wamv_gazebo/models/boat/thumbnails/boat/3.png
[19.090s] -- Symlinking: /home/luca002/proj_ws/install/wamv_gazebo/share/wamv_gazebo/models/boat/thumbnails/boat/4.png
[19.097s] -- Symlinking: /home/luca002/proj_ws/install/wamv_gazebo/share/wamv_gazebo/models/boat/thumbnails/boat/5.png
[19.104s] -- Symlinking: /home/luca002/proj_ws/install/wamv_gazebo/share/wamv_gazebo/models/coast_waves/materials/programs/GerstnerWaves_fs_330.glsl
[19.111s] -- Symlinking: /home/luca002/proj_ws/install/wamv_gazebo/share/wamv_gazebo/models/coast_waves/materials/programs/GerstnerWaves_vs_330.glsl
[19.125s] -- Symlinking: /home/luca002/proj_ws/install/wamv_gazebo/share/wamv_gazebo/models/coast_waves/materials/textures/skybox_lowres.dds
[19.134s] -- Symlinking: /home/luca002/proj_ws/install/wamv_gazebo/share/wamv_gazebo/models/coast_waves/materials/textures/wave_normals.dds
[19.141s] -- Symlinking: /home/luca002/proj_ws/install/wamv_gazebo/share/wamv_gazebo/models/coast_waves/meshes/waterlow.dae
[19.148s] -- Symlinking: /home/luca002/proj_ws/install/wamv_gazebo/share/wamv_gazebo/models/coast_waves/model.config
[19.153s] -- Symlinking: /home/luca002/proj_ws/install/wamv_gazebo/share/wamv_gazebo/models/coast_waves/model.sdf
[19.159s] -- Symlinking: /home/luca002/proj_ws/install/wamv_gazebo/share/wamv_gazebo/models/cpu_cases/mesh/cpu_cases.dae
[19.164s] -- Symlinking: /home/luca002/proj_ws/install/wamv_gazebo/share/wamv_gazebo/models/cpu_cases/mesh/cpu_cases.png
[19.170s] -- Symlinking: /home/luca002/proj_ws/install/wamv_gazebo/share/wamv_gazebo/models/cpu_cases/mesh/cpu_cases_Albedo.png
[19.175s] -- Symlinking: /home/luca002/proj_ws/install/wamv_gazebo/share/wamv_gazebo/models/cpu_cases/mesh/cpu_cases_Metalness.png
[19.180s] -- Symlinking: /home/luca002/proj_ws/install/wamv_gazebo/share/wamv_gazebo/models/cpu_cases/mesh/cpu_cases_Normal.png
[19.185s] -- Symlinking: /home/luca002/proj_ws/install/wamv_gazebo/share/wamv_gazebo/models/cpu_cases/mesh/cpu_cases_Roughness.png
[19.191s] -- Symlinking: /home/luca002/proj_ws/install/wamv_gazebo/share/wamv_gazebo/models/cpu_cases/model.config
[19.198s] -- Symlinking: /home/luca002/proj_ws/install/wamv_gazebo/share/wamv_gazebo/models/cpu_cases/model.sdf
[19.204s] -- Symlinking: /home/luca002/proj_ws/install/wamv_gazebo/share/wamv_gazebo/models/dock_2022/model.config
[19.213s] -- Symlinking: /home/luca002/proj_ws/install/wamv_gazebo/share/wamv_gazebo/models/dock_2022/model.sdf
[19.223s] -- Symlinking: /home/luca002/proj_ws/install/wamv_gazebo/share/wamv_gazebo/models/dock_2022_base/model.config
[19.232s] -- Symlinking: /home/luca002/proj_ws/install/wamv_gazebo/share/wamv_gazebo/models/dock_2022_base/model.sdf
[19.239s] -- Symlinking: /home/luca002/proj_ws/install/wamv_gazebo/share/wamv_gazebo/models/dock_block_4x4/mesh/DockCubes_Albedo.png
[19.244s] -- Symlinking: /home/luca002/proj_ws/install/wamv_gazebo/share/wamv_gazebo/models/dock_block_4x4/mesh/DockCubes_Metalness.png
[19.250s] -- Symlinking: /home/luca002/proj_ws/install/wamv_gazebo/share/wamv_gazebo/models/dock_block_4x4/mesh/DockCubes_Normal.png
[19.255s] -- Symlinking: /home/luca002/proj_ws/install/wamv_gazebo/share/wamv_gazebo/models/dock_block_4x4/mesh/DockCubes_Roughness.png
[19.261s] -- Symlinking: /home/luca002/proj_ws/install/wamv_gazebo/share/wamv_gazebo/models/dock_block_4x4/mesh/dock_block_4x4.dae
[19.267s] -- Symlinking: /home/luca002/proj_ws/install/wamv_gazebo/share/wamv_gazebo/models/dock_block_4x4/model.config
[19.274s] -- Symlinking: /home/luca002/proj_ws/install/wamv_gazebo/share/wamv_gazebo/models/dock_block_4x4/model.sdf
[19.286s] -- Symlinking: /home/luca002/proj_ws/install/wamv_gazebo/share/wamv_gazebo/models/engine/mesh/engine.dae
[19.300s] -- Symlinking: /home/luca002/proj_ws/install/wamv_gazebo/share/wamv_gazebo/models/engine/model.config
[19.314s] -- Symlinking: /home/luca002/proj_ws/install/wamv_gazebo/share/wamv_gazebo/models/entrance_exit/model.config
[19.326s] -- Symlinking: /home/luca002/proj_ws/install/wamv_gazebo/share/wamv_gazebo/models/entrance_exit/model.sdf
[19.341s] -- Symlinking: /home/luca002/proj_ws/install/wamv_gazebo/share/wamv_gazebo/models/gps/mesh/gps.dae
[19.348s] -- Symlinking: /home/luca002/proj_ws/install/wamv_gazebo/share/wamv_gazebo/models/gps/mesh/gps.png
[19.355s] -- Symlinking: /home/luca002/proj_ws/install/wamv_gazebo/share/wamv_gazebo/models/gps/model.config
[19.361s] -- Symlinking: /home/luca002/proj_ws/install/wamv_gazebo/share/wamv_gazebo/models/lidar/materials/textures/lidar_3d_v1.png
[19.367s] -- Symlinking: /home/luca002/proj_ws/install/wamv_gazebo/share/wamv_gazebo/models/lidar/meshes/lidar_3d_v1.dae
[19.372s] -- Symlinking: /home/luca002/proj_ws/install/wamv_gazebo/share/wamv_gazebo/models/lidar/meshes/lidar_3d_v1.png
[19.377s] -- Symlinking: /home/luca002/proj_ws/install/wamv_gazebo/share/wamv_gazebo/models/lidar/model.config
[19.383s] -- Symlinking: /home/luca002/proj_ws/install/wamv_gazebo/share/wamv_gazebo/models/lidar/model.sdf
[19.388s] -- Symlinking: /home/luca002/proj_ws/install/wamv_gazebo/share/wamv_gazebo/models/lidar/thumbnails/1.png
[19.393s] -- Symlinking: /home/luca002/proj_ws/install/wamv_gazebo/share/wamv_gazebo/models/lidar/thumbnails/2.png
[19.399s] -- Symlinking: /home/luca002/proj_ws/install/wamv_gazebo/share/wamv_gazebo/models/lidar/thumbnails/3.png
[19.406s] -- Symlinking: /home/luca002/proj_ws/install/wamv_gazebo/share/wamv_gazebo/models/lidar/thumbnails/4.png
[19.415s] -- Symlinking: /home/luca002/proj_ws/install/wamv_gazebo/share/wamv_gazebo/models/lidar/thumbnails/5.png
[19.426s] -- Symlinking: /home/luca002/proj_ws/install/wamv_gazebo/share/wamv_gazebo/models/light_buoy/meshes/LightTower_Albedo.png
[19.433s] -- Symlinking: /home/luca002/proj_ws/install/wamv_gazebo/share/wamv_gazebo/models/light_buoy/meshes/LightTower_Metalness.png
[19.440s] -- Symlinking: /home/luca002/proj_ws/install/wamv_gazebo/share/wamv_gazebo/models/light_buoy/meshes/LightTower_Normal.png
[19.448s] -- Symlinking: /home/luca002/proj_ws/install/wamv_gazebo/share/wamv_gazebo/models/light_buoy/meshes/LightTower_Opacity.png
[19.454s] -- Symlinking: /home/luca002/proj_ws/install/wamv_gazebo/share/wamv_gazebo/models/light_buoy/meshes/LightTower_Roughness.png
[19.461s] -- Symlinking: /home/luca002/proj_ws/install/wamv_gazebo/share/wamv_gazebo/models/light_buoy/meshes/light_buoy.dae
[19.466s] -- Symlinking: /home/luca002/proj_ws/install/wamv_gazebo/share/wamv_gazebo/models/light_buoy/model.config
[19.473s] -- Symlinking: /home/luca002/proj_ws/install/wamv_gazebo/share/wamv_gazebo/models/light_buoy/model.sdf
[19.478s] -- Symlinking: /home/luca002/proj_ws/install/wamv_gazebo/share/wamv_gazebo/models/marker_buoy_black/materials/textures/MarkerBuoy_Base_Color.png
[19.484s] -- Symlinking: /home/luca002/proj_ws/install/wamv_gazebo/share/wamv_gazebo/models/marker_buoy_black/materials/textures/MarkerBuoy_Roughness.png
[19.491s] -- Symlinking: /home/luca002/proj_ws/install/wamv_gazebo/share/wamv_gazebo/models/marker_buoy_black/meshes/mb_marker_buoy.dae
[19.498s] -- Symlinking: /home/luca002/proj_ws/install/wamv_gazebo/share/wamv_gazebo/models/marker_buoy_black/model.config
[19.505s] -- Symlinking: /home/luca002/proj_ws/install/wamv_gazebo/share/wamv_gazebo/models/marker_buoy_black/model.sdf
[19.511s] -- Symlinking: /home/luca002/proj_ws/install/wamv_gazebo/share/wamv_gazebo/models/marker_buoy_black/thumbnails/1.png
[19.517s] -- Symlinking: /home/luca002/proj_ws/install/wamv_gazebo/share/wamv_gazebo/models/marker_buoy_black/thumbnails/2.png
[19.526s] -- Symlinking: /home/luca002/proj_ws/install/wamv_gazebo/share/wamv_gazebo/models/marker_buoy_black/thumbnails/3.png
[19.538s] -- Symlinking: /home/luca002/proj_ws/install/wamv_gazebo/share/wamv_gazebo/models/marker_buoy_black/thumbnails/4.png
[19.547s] -- Symlinking: /home/luca002/proj_ws/install/wamv_gazebo/share/wamv_gazebo/models/marker_buoy_black/thumbnails/5.png
[19.558s] -- Symlinking: /home/luca002/proj_ws/install/wamv_gazebo/share/wamv_gazebo/models/marker_buoy_green/materials/textures/MarkerBuoy_Base_Color.png
[19.566s] -- Symlinking: /home/luca002/proj_ws/install/wamv_gazebo/share/wamv_gazebo/models/marker_buoy_green/materials/textures/MarkerBuoy_Roughness.png
[19.572s] -- Symlinking: /home/luca002/proj_ws/install/wamv_gazebo/share/wamv_gazebo/models/marker_buoy_green/meshes/mb_marker_buoy.dae
[19.579s] -- Symlinking: /home/luca002/proj_ws/install/wamv_gazebo/share/wamv_gazebo/models/marker_buoy_green/model.config
[19.585s] -- Symlinking: /home/luca002/proj_ws/install/wamv_gazebo/share/wamv_gazebo/models/marker_buoy_green/model.sdf
[19.591s] -- Symlinking: /home/luca002/proj_ws/install/wamv_gazebo/share/wamv_gazebo/models/marker_buoy_green/thumbnails/1.png
[19.596s] -- Symlinking: /home/luca002/proj_ws/install/wamv_gazebo/share/wamv_gazebo/models/marker_buoy_green/thumbnails/2.png
[19.602s] -- Symlinking: /home/luca002/proj_ws/install/wamv_gazebo/share/wamv_gazebo/models/marker_buoy_green/thumbnails/3.png
[19.608s] -- Symlinking: /home/luca002/proj_ws/install/wamv_gazebo/share/wamv_gazebo/models/marker_buoy_green/thumbnails/4.png
[19.613s] -- Symlinking: /home/luca002/proj_ws/install/wamv_gazebo/share/wamv_gazebo/models/marker_buoy_green/thumbnails/5.png
[19.619s] -- Symlinking: /home/luca002/proj_ws/install/wamv_gazebo/share/wamv_gazebo/models/marker_buoy_red/materials/textures/MarkerBuoy_Base_Color.png
[19.626s] -- Symlinking: /home/luca002/proj_ws/install/wamv_gazebo/share/wamv_gazebo/models/marker_buoy_red/materials/textures/MarkerBuoy_Roughness.png
[19.633s] -- Symlinking: /home/luca002/proj_ws/install/wamv_gazebo/share/wamv_gazebo/models/marker_buoy_red/meshes/mb_marker_buoy.dae
[19.638s] -- Symlinking: /home/luca002/proj_ws/install/wamv_gazebo/share/wamv_gazebo/models/marker_buoy_red/model.config
[19.644s] -- Symlinking: /home/luca002/proj_ws/install/wamv_gazebo/share/wamv_gazebo/models/marker_buoy_red/model.sdf
[19.649s] -- Symlinking: /home/luca002/proj_ws/install/wamv_gazebo/share/wamv_gazebo/models/marker_buoy_red/thumbnails/1.png
[19.654s] -- Symlinking: /home/luca002/proj_ws/install/wamv_gazebo/share/wamv_gazebo/models/marker_buoy_red/thumbnails/2.png
[19.659s] -- Symlinking: /home/luca002/proj_ws/install/wamv_gazebo/share/wamv_gazebo/models/marker_buoy_red/thumbnails/3.png
[19.665s] -- Symlinking: /home/luca002/proj_ws/install/wamv_gazebo/share/wamv_gazebo/models/marker_buoy_red/thumbnails/4.png
[19.670s] -- Symlinking: /home/luca002/proj_ws/install/wamv_gazebo/share/wamv_gazebo/models/marker_buoy_red/thumbnails/5.png
[19.675s] -- Symlinking: /home/luca002/proj_ws/install/wamv_gazebo/share/wamv_gazebo/models/marker_buoy_white/materials/textures/MarkerBuoy_Base_Color.png
[19.680s] -- Symlinking: /home/luca002/proj_ws/install/wamv_gazebo/share/wamv_gazebo/models/marker_buoy_white/materials/textures/MarkerBuoy_Roughness.png
[19.686s] -- Symlinking: /home/luca002/proj_ws/install/wamv_gazebo/share/wamv_gazebo/models/marker_buoy_white/meshes/mb_marker_buoy.dae
[19.691s] -- Symlinking: /home/luca002/proj_ws/install/wamv_gazebo/share/wamv_gazebo/models/marker_buoy_white/model.config
[19.696s] -- Symlinking: /home/luca002/proj_ws/install/wamv_gazebo/share/wamv_gazebo/models/marker_buoy_white/model.sdf
[19.701s] -- Symlinking: /home/luca002/proj_ws/install/wamv_gazebo/share/wamv_gazebo/models/marker_buoy_white/thumbnails/1.png
[19.706s] -- Symlinking: /home/luca002/proj_ws/install/wamv_gazebo/share/wamv_gazebo/models/marker_buoy_white/thumbnails/2.png
[19.712s] -- Symlinking: /home/luca002/proj_ws/install/wamv_gazebo/share/wamv_gazebo/models/marker_buoy_white/thumbnails/3.png
[19.717s] -- Symlinking: /home/luca002/proj_ws/install/wamv_gazebo/share/wamv_gazebo/models/marker_buoy_white/thumbnails/4.png
[19.725s] -- Symlinking: /home/luca002/proj_ws/install/wamv_gazebo/share/wamv_gazebo/models/marker_buoy_white/thumbnails/5.png
[19.732s] -- Symlinking: /home/luca002/proj_ws/install/wamv_gazebo/share/wamv_gazebo/models/mono_camera/mesh/mono_camera.dae
[19.738s] -- Symlinking: /home/luca002/proj_ws/install/wamv_gazebo/share/wamv_gazebo/models/mono_camera/mesh/mono_camera.png
[19.744s] -- Symlinking: /home/luca002/proj_ws/install/wamv_gazebo/share/wamv_gazebo/models/mono_camera/mesh/mono_camera_Albedo.png
[19.749s] -- Symlinking: /home/luca002/proj_ws/install/wamv_gazebo/share/wamv_gazebo/models/mono_camera/mesh/mono_camera_Metalness.png
[19.754s] -- Symlinking: /home/luca002/proj_ws/install/wamv_gazebo/share/wamv_gazebo/models/mono_camera/mesh/mono_camera_Normal.png
[19.759s] -- Symlinking: /home/luca002/proj_ws/install/wamv_gazebo/share/wamv_gazebo/models/mono_camera/mesh/mono_camera_Roughness.png
[19.765s] -- Symlinking: /home/luca002/proj_ws/install/wamv_gazebo/share/wamv_gazebo/models/mono_camera/model.config
[19.770s] -- Symlinking: /home/luca002/proj_ws/install/wamv_gazebo/share/wamv_gazebo/models/mono_camera/model.sdf
[19.775s] -- Symlinking: /home/luca002/proj_ws/install/wamv_gazebo/share/wamv_gazebo/models/placard_2022/materials/textures/Placard.png
[19.781s] -- Symlinking: /home/luca002/proj_ws/install/wamv_gazebo/share/wamv_gazebo/models/placard_2022/meshes/placard_2022.dae
[19.786s] -- Symlinking: /home/luca002/proj_ws/install/wamv_gazebo/share/wamv_gazebo/models/placard_2022/model.config
[19.791s] -- Symlinking: /home/luca002/proj_ws/install/wamv_gazebo/share/wamv_gazebo/models/placard_2022/model.sdf
[19.796s] -- Symlinking: /home/luca002/proj_ws/install/wamv_gazebo/share/wamv_gazebo/models/platform/model.config
[19.801s] -- Symlinking: /home/luca002/proj_ws/install/wamv_gazebo/share/wamv_gazebo/models/platform/model.sdf
[19.807s] -- Symlinking: /home/luca002/proj_ws/install/wamv_gazebo/share/wamv_gazebo/models/propeller/mesh/propeller.dae
[19.812s] -- Symlinking: /home/luca002/proj_ws/install/wamv_gazebo/share/wamv_gazebo/models/propeller/model.config
[19.818s] -- Symlinking: /home/luca002/proj_ws/install/wamv_gazebo/share/wamv_gazebo/models/roboboat01/materials/scripts/model.material
[19.824s] -- Symlinking: /home/luca002/proj_ws/install/wamv_gazebo/share/wamv_gazebo/models/roboboat01/materials/textures/Boat01_Albedo.png
[19.832s] -- Symlinking: /home/luca002/proj_ws/install/wamv_gazebo/share/wamv_gazebo/models/roboboat01/materials/textures/Boat01_Metallic.png
[19.838s] -- Symlinking: /home/luca002/proj_ws/install/wamv_gazebo/share/wamv_gazebo/models/roboboat01/materials/textures/Boat01_Normal.png
[19.844s] -- Symlinking: /home/luca002/proj_ws/install/wamv_gazebo/share/wamv_gazebo/models/roboboat01/materials/textures/Boat01_Roughness.png
[19.849s] -- Symlinking: /home/luca002/proj_ws/install/wamv_gazebo/share/wamv_gazebo/models/roboboat01/materials/textures/Thruster_Albedo.png
[19.854s] -- Symlinking: /home/luca002/proj_ws/install/wamv_gazebo/share/wamv_gazebo/models/roboboat01/materials/textures/Thruster_Roughness.png
[19.860s] -- Symlinking: /home/luca002/proj_ws/install/wamv_gazebo/share/wamv_gazebo/models/roboboat01/meshes/housing.dae
[19.865s] -- Symlinking: /home/luca002/proj_ws/install/wamv_gazebo/share/wamv_gazebo/models/roboboat01/meshes/mount.dae
[19.870s] -- Symlinking: /home/luca002/proj_ws/install/wamv_gazebo/share/wamv_gazebo/models/roboboat01/meshes/prop.dae
[19.876s] -- Symlinking: /home/luca002/proj_ws/install/wamv_gazebo/share/wamv_gazebo/models/roboboat01/meshes/roboboat01.dae
[19.881s] -- Symlinking: /home/luca002/proj_ws/install/wamv_gazebo/share/wamv_gazebo/models/roboboat01/model.config
[19.886s] -- Symlinking: /home/luca002/proj_ws/install/wamv_gazebo/share/wamv_gazebo/models/roboboat01/model.sdf
[19.891s] -- Symlinking: /home/luca002/proj_ws/install/wamv_gazebo/share/wamv_gazebo/models/roboboat02/materials/scripts/model.material
[19.896s] -- Symlinking: /home/luca002/proj_ws/install/wamv_gazebo/share/wamv_gazebo/models/roboboat02/materials/textures/Boat02_Albedo.png
[19.902s] -- Symlinking: /home/luca002/proj_ws/install/wamv_gazebo/share/wamv_gazebo/models/roboboat02/materials/textures/Boat02_Metallic.png
[19.907s] -- Symlinking: /home/luca002/proj_ws/install/wamv_gazebo/share/wamv_gazebo/models/roboboat02/materials/textures/Boat02_Normal.png
[19.912s] -- Symlinking: /home/luca002/proj_ws/install/wamv_gazebo/share/wamv_gazebo/models/roboboat02/materials/textures/Boat02_Roughness.png
[19.918s] -- Symlinking: /home/luca002/proj_ws/install/wamv_gazebo/share/wamv_gazebo/models/roboboat02/meshes/roboboat02.dae
[19.925s] -- Symlinking: /home/luca002/proj_ws/install/wamv_gazebo/share/wamv_gazebo/models/roboboat02/model.config
[19.932s] -- Symlinking: /home/luca002/proj_ws/install/wamv_gazebo/share/wamv_gazebo/models/roboboat02/model.sdf
[19.938s] -- Symlinking: /home/luca002/proj_ws/install/wamv_gazebo/share/wamv_gazebo/models/roboboat_cpubox/materials/textures/DryBox_Albedo.png
[19.944s] -- Symlinking: /home/luca002/proj_ws/install/wamv_gazebo/share/wamv_gazebo/models/roboboat_cpubox/materials/textures/DryBox_Roughness.png
[19.949s] -- Symlinking: /home/luca002/proj_ws/install/wamv_gazebo/share/wamv_gazebo/models/roboboat_cpubox/meshes/drybox.dae
[19.954s] -- Symlinking: /home/luca002/proj_ws/install/wamv_gazebo/share/wamv_gazebo/models/roboboat_cpubox/model.config
[19.959s] -- Symlinking: /home/luca002/proj_ws/install/wamv_gazebo/share/wamv_gazebo/models/roboboat_cpubox/model.sdf
[19.964s] -- Symlinking: /home/luca002/proj_ws/install/wamv_gazebo/share/wamv_gazebo/models/round_buoy_black/materials/textures/RoundBarrierBuoy_Base_Color.png
[19.970s] -- Symlinking: /home/luca002/proj_ws/install/wamv_gazebo/share/wamv_gazebo/models/round_buoy_black/materials/textures/RoundBarrierBuoy_Roughness.png
[19.975s] -- Symlinking: /home/luca002/proj_ws/install/wamv_gazebo/share/wamv_gazebo/models/round_buoy_black/meshes/mb_round_buoy.dae
[19.980s] -- Symlinking: /home/luca002/proj_ws/install/wamv_gazebo/share/wamv_gazebo/models/round_buoy_black/model.config
[19.986s] -- Symlinking: /home/luca002/proj_ws/install/wamv_gazebo/share/wamv_gazebo/models/round_buoy_black/model.sdf
[19.991s] -- Symlinking: /home/luca002/proj_ws/install/wamv_gazebo/share/wamv_gazebo/models/round_buoy_black/thumbnails/1.png
[19.996s] -- Symlinking: /home/luca002/proj_ws/install/wamv_gazebo/share/wamv_gazebo/models/round_buoy_black/thumbnails/2.png
[20.002s] -- Symlinking: /home/luca002/proj_ws/install/wamv_gazebo/share/wamv_gazebo/models/round_buoy_black/thumbnails/3.png
[20.007s] -- Symlinking: /home/luca002/proj_ws/install/wamv_gazebo/share/wamv_gazebo/models/round_buoy_black/thumbnails/4.png
[20.012s] -- Symlinking: /home/luca002/proj_ws/install/wamv_gazebo/share/wamv_gazebo/models/round_buoy_black/thumbnails/5.png
[20.017s] -- Symlinking: /home/luca002/proj_ws/install/wamv_gazebo/share/wamv_gazebo/models/round_buoy_orange/materials/textures/RoundBarrierBuoy_Base_Color.png
[20.023s] -- Symlinking: /home/luca002/proj_ws/install/wamv_gazebo/share/wamv_gazebo/models/round_buoy_orange/materials/textures/RoundBarrierBuoy_Roughness.png
[20.032s] -- Symlinking: /home/luca002/proj_ws/install/wamv_gazebo/share/wamv_gazebo/models/round_buoy_orange/meshes/mb_round_buoy.dae
[20.038s] -- Symlinking: /home/luca002/proj_ws/install/wamv_gazebo/share/wamv_gazebo/models/round_buoy_orange/model.config
[20.044s] -- Symlinking: /home/luca002/proj_ws/install/wamv_gazebo/share/wamv_gazebo/models/round_buoy_orange/model.sdf
[20.049s] -- Symlinking: /home/luca002/proj_ws/install/wamv_gazebo/share/wamv_gazebo/models/round_buoy_orange/thumbnails/1.png
[20.054s] -- Symlinking: /home/luca002/proj_ws/install/wamv_gazebo/share/wamv_gazebo/models/round_buoy_orange/thumbnails/2.png
[20.060s] -- Symlinking: /home/luca002/proj_ws/install/wamv_gazebo/share/wamv_gazebo/models/round_buoy_orange/thumbnails/3.png
[20.065s] -- Symlinking: /home/luca002/proj_ws/install/wamv_gazebo/share/wamv_gazebo/models/round_buoy_orange/thumbnails/4.png
[20.070s] -- Symlinking: /home/luca002/proj_ws/install/wamv_gazebo/share/wamv_gazebo/models/round_buoy_orange/thumbnails/5.png
[20.075s] -- Symlinking: /home/luca002/proj_ws/install/wamv_gazebo/share/wamv_gazebo/models/sensor_post/mesh/sensor_post.dae
[20.081s] -- Symlinking: /home/luca002/proj_ws/install/wamv_gazebo/share/wamv_gazebo/models/sensor_post/mesh/sensor_post.png
[20.086s] -- Symlinking: /home/luca002/proj_ws/install/wamv_gazebo/share/wamv_gazebo/models/sensor_post/mesh/sensor_post_arm.dae
[20.091s] -- Symlinking: /home/luca002/proj_ws/install/wamv_gazebo/share/wamv_gazebo/models/sensor_post/model.config
[20.096s] -- Symlinking: /home/luca002/proj_ws/install/wamv_gazebo/share/wamv_gazebo/models/sensor_post/model.sdf
[20.101s] -- Symlinking: /home/luca002/proj_ws/install/wamv_gazebo/share/wamv_gazebo/models/symbol_triangle/mesh/triangle.dae
[20.106s] -- Symlinking: /home/luca002/proj_ws/install/wamv_gazebo/share/wamv_gazebo/models/symbol_triangle/model.config
[20.111s] -- Symlinking: /home/luca002/proj_ws/install/wamv_gazebo/share/wamv_gazebo/models/symbol_triangle/model.sdf
[20.117s] -- Symlinking: /home/luca002/proj_ws/install/wamv_gazebo/share/wamv_gazebo/models/tripod/model.config
[20.124s] -- Symlinking: /home/luca002/proj_ws/install/wamv_gazebo/share/wamv_gazebo/models/tripod/model.sdf
[20.132s] -- Symlinking: /home/luca002/proj_ws/install/wamv_gazebo/share/wamv_gazebo/models/vessel_a/materials/textures/Boat05_Albedo.jpg
[20.138s] -- Symlinking: /home/luca002/proj_ws/install/wamv_gazebo/share/wamv_gazebo/models/vessel_a/materials/textures/Boat05_Metalness.png
[20.143s] -- Symlinking: /home/luca002/proj_ws/install/wamv_gazebo/share/wamv_gazebo/models/vessel_a/materials/textures/Boat05_Normal.png
[20.148s] -- Symlinking: /home/luca002/proj_ws/install/wamv_gazebo/share/wamv_gazebo/models/vessel_a/materials/textures/Boat05_Roughness.jpg
[20.154s] -- Symlinking: /home/luca002/proj_ws/install/wamv_gazebo/share/wamv_gazebo/models/vessel_a/meshes/Boat05.dae
[20.159s] -- Symlinking: /home/luca002/proj_ws/install/wamv_gazebo/share/wamv_gazebo/models/vessel_a/model.config
[20.164s] -- Symlinking: /home/luca002/proj_ws/install/wamv_gazebo/share/wamv_gazebo/models/vessel_a/model.sdf
[20.169s] -- Symlinking: /home/luca002/proj_ws/install/wamv_gazebo/share/wamv_gazebo/models/vessel_a/thumbnails/1.png
[20.175s] -- Symlinking: /home/luca002/proj_ws/install/wamv_gazebo/share/wamv_gazebo/models/vessel_b/materials/textures/Boat06_Albedo.jpg
[20.180s] -- Symlinking: /home/luca002/proj_ws/install/wamv_gazebo/share/wamv_gazebo/models/vessel_b/materials/textures/Boat06_Metalness.png
[20.187s] -- Symlinking: /home/luca002/proj_ws/install/wamv_gazebo/share/wamv_gazebo/models/vessel_b/materials/textures/Boat06_Normal.jpg
[20.195s] -- Symlinking: /home/luca002/proj_ws/install/wamv_gazebo/share/wamv_gazebo/models/vessel_b/materials/textures/Boat06_Roughness.jpg
[20.203s] -- Symlinking: /home/luca002/proj_ws/install/wamv_gazebo/share/wamv_gazebo/models/vessel_b/meshes/Boat06.dae
[20.211s] -- Symlinking: /home/luca002/proj_ws/install/wamv_gazebo/share/wamv_gazebo/models/vessel_b/model.config
[20.219s] -- Symlinking: /home/luca002/proj_ws/install/wamv_gazebo/share/wamv_gazebo/models/vessel_b/model.sdf
[20.227s] -- Symlinking: /home/luca002/proj_ws/install/wamv_gazebo/share/wamv_gazebo/models/vessel_b/thumbnails/1.png
[20.235s] -- Symlinking: /home/luca002/proj_ws/install/wamv_gazebo/share/wamv_gazebo/models/vessel_c/materials/textures/Boat07_Albedo.jpg
[20.241s] -- Symlinking: /home/luca002/proj_ws/install/wamv_gazebo/share/wamv_gazebo/models/vessel_c/materials/textures/Boat07_Normal.jpg
[20.247s] -- Symlinking: /home/luca002/proj_ws/install/wamv_gazebo/share/wamv_gazebo/models/vessel_c/materials/textures/Boat07_Roughness.jpg
[20.253s] -- Symlinking: /home/luca002/proj_ws/install/wamv_gazebo/share/wamv_gazebo/models/vessel_c/meshes/Boat07.dae
[20.258s] -- Symlinking: /home/luca002/proj_ws/install/wamv_gazebo/share/wamv_gazebo/models/vessel_c/model.config
[20.264s] -- Symlinking: /home/luca002/proj_ws/install/wamv_gazebo/share/wamv_gazebo/models/vessel_c/model.sdf
[20.269s] -- Symlinking: /home/luca002/proj_ws/install/wamv_gazebo/share/wamv_gazebo/models/vessel_c/thumbnails/1.png
[20.275s] -- Symlinking: /home/luca002/proj_ws/install/wamv_gazebo/share/wamv_gazebo/models/wamv/meshes/WAM-V-Base.dae
[20.280s] -- Symlinking: /home/luca002/proj_ws/install/wamv_gazebo/share/wamv_gazebo/models/wamv/meshes/WamV.png
[20.285s] -- Symlinking: /home/luca002/proj_ws/install/wamv_gazebo/share/wamv_gazebo/models/wamv/meshes/battery.dae
[20.290s] -- Symlinking: /home/luca002/proj_ws/install/wamv_gazebo/share/wamv_gazebo/models/wamv/meshes/battery.png
[20.295s] -- Symlinking: /home/luca002/proj_ws/install/wamv_gazebo/share/wamv_gazebo/models/wamv/meshes/battery_Albedo.png
[20.301s] -- Symlinking: /home/luca002/proj_ws/install/wamv_gazebo/share/wamv_gazebo/models/wamv/meshes/battery_Metalness.png
[20.309s] -- Symlinking: /home/luca002/proj_ws/install/wamv_gazebo/share/wamv_gazebo/models/wamv/meshes/battery_Normal.png
[20.318s] -- Symlinking: /home/luca002/proj_ws/install/wamv_gazebo/share/wamv_gazebo/models/wamv/meshes/battery_Roughness.png
[20.327s] -- Symlinking: /home/luca002/proj_ws/install/wamv_gazebo/share/wamv_gazebo/models/wamv/meshes/cpu_cases.dae
[20.334s] -- Symlinking: /home/luca002/proj_ws/install/wamv_gazebo/share/wamv_gazebo/models/wamv/meshes/cpu_cases.png
[20.340s] -- Symlinking: /home/luca002/proj_ws/install/wamv_gazebo/share/wamv_gazebo/models/wamv/meshes/cpu_cases_Albedo.png
[20.346s] -- Symlinking: /home/luca002/proj_ws/install/wamv_gazebo/share/wamv_gazebo/models/wamv/meshes/cpu_cases_Metalness.png
[20.351s] -- Symlinking: /home/luca002/proj_ws/install/wamv_gazebo/share/wamv_gazebo/models/wamv/meshes/cpu_cases_Normal.png
[20.356s] -- Symlinking: /home/luca002/proj_ws/install/wamv_gazebo/share/wamv_gazebo/models/wamv/meshes/cpu_cases_Roughness.png
[20.361s] -- Symlinking: /home/luca002/proj_ws/install/wamv_gazebo/share/wamv_gazebo/models/wamv/meshes/engine.dae
[20.368s] -- Symlinking: /home/luca002/proj_ws/install/wamv_gazebo/share/wamv_gazebo/models/wamv/meshes/legs.dae
[20.377s] -- Symlinking: /home/luca002/proj_ws/install/wamv_gazebo/share/wamv_gazebo/models/wamv/meshes/lidar_3d_v1 copy.png
[20.383s] -- Symlinking: /home/luca002/proj_ws/install/wamv_gazebo/share/wamv_gazebo/models/wamv/meshes/lidar_3d_v1.dae
[20.392s] -- Symlinking: /home/luca002/proj_ws/install/wamv_gazebo/share/wamv_gazebo/models/wamv/meshes/lidar_3d_v1.png
[20.402s] -- Symlinking: /home/luca002/proj_ws/install/wamv_gazebo/share/wamv_gazebo/models/wamv/meshes/propeller.dae
[20.409s] -- Symlinking: /home/luca002/proj_ws/install/wamv_gazebo/share/wamv_gazebo/models/wamv/meshes/ring.dae
[20.414s] -- Symlinking: /home/luca002/proj_ws/install/wamv_gazebo/share/wamv_gazebo/models/wamv/model.config
[20.420s] -- Symlinking: /home/luca002/proj_ws/install/wamv_gazebo/share/wamv_gazebo/models/wamv/model.sdf
[20.428s] -- Symlinking: /home/luca002/proj_ws/install/wamv_gazebo/share/wamv_gazebo/models/wamv/old/oldmodel.sdf
[20.435s] -- Symlinking: /home/luca002/proj_ws/install/wamv_gazebo/share/wamv_gazebo/worlds/sydney.sdf
[20.442s] -- Symlinking: /home/luca002/proj_ws/install/wamv_gazebo/share/wamv_gazebo/urdf/battery.xacro
[20.447s] -- Symlinking: /home/luca002/proj_ws/install/wamv_gazebo/share/wamv_gazebo/urdf/cpu_cases.xacro
[20.452s] -- Symlinking: /home/luca002/proj_ws/install/wamv_gazebo/share/wamv_gazebo/urdf/gz_waffle.sdf.xacro
[20.458s] -- Symlinking: /home/luca002/proj_ws/install/wamv_gazebo/share/wamv_gazebo/urdf/macros.xacro
[20.463s] -- Symlinking: /home/luca002/proj_ws/install/wamv_gazebo/share/wamv_gazebo/urdf/model.urdf.xacro
[20.468s] -- Symlinking: /home/luca002/proj_ws/install/wamv_gazebo/share/wamv_gazebo/urdf/thruster_layouts/wamv_aft_thrusters.xacro
[20.474s] -- Symlinking: /home/luca002/proj_ws/install/wamv_gazebo/share/wamv_gazebo/urdf/thruster_layouts/wamv_gazebo_thruster_config.xacro
[20.480s] -- Symlinking: /home/luca002/proj_ws/install/wamv_gazebo/share/wamv_gazebo/urdf/thruster_layouts/wamv_t_thrusters.xacro
[20.487s] -- Symlinking: /home/luca002/proj_ws/install/wamv_gazebo/share/wamv_gazebo/urdf/thruster_layouts/wamv_x_thrusters.xacro
[20.492s] -- Symlinking: /home/luca002/proj_ws/install/wamv_gazebo/share/wamv_gazebo/urdf/thrusters/engine.xacro
[20.497s] -- Symlinking: /home/luca002/proj_ws/install/wamv_gazebo/share/wamv_gazebo/urdf/turtlebot3_waffle.urdf
[20.504s] -- Symlinking: /home/luca002/proj_ws/install/wamv_gazebo/share/wamv_gazebo/urdf/wamv_base.urdf.xacro
[20.513s] -- Symlinking: /home/luca002/proj_ws/install/wamv_gazebo/share/wamv_gazebo/urdf/wamv_gazebo.urdf.xacro
[20.521s] -- Symlinking: /home/luca002/proj_ws/install/wamv_gazebo/share/wamv_gazebo/urdf/wamv_gazebo.xacro
[20.529s] -- Symlinking: /home/luca002/proj_ws/install/wamv_gazebo/share/ament_index/resource_index/package_run_dependencies/wamv_gazebo
[20.536s] -- Symlinking: /home/luca002/proj_ws/install/wamv_gazebo/share/ament_index/resource_index/parent_prefix_path/wamv_gazebo
[20.541s] -- Symlinking: /home/luca002/proj_ws/install/wamv_gazebo/share/wamv_gazebo/environment/ament_prefix_path.sh
[20.549s] -- Symlinking: /home/luca002/proj_ws/install/wamv_gazebo/share/wamv_gazebo/environment/ament_prefix_path.dsv
[20.555s] -- Symlinking: /home/luca002/proj_ws/install/wamv_gazebo/share/wamv_gazebo/environment/path.sh
[20.561s] -- Symlinking: /home/luca002/proj_ws/install/wamv_gazebo/share/wamv_gazebo/environment/path.dsv
[20.568s] -- Symlinking: /home/luca002/proj_ws/install/wamv_gazebo/share/wamv_gazebo/local_setup.bash
[20.578s] -- Symlinking: /home/luca002/proj_ws/install/wamv_gazebo/share/wamv_gazebo/local_setup.sh
[20.586s] -- Symlinking: /home/luca002/proj_ws/install/wamv_gazebo/share/wamv_gazebo/local_setup.zsh
[20.595s] -- Symlinking: /home/luca002/proj_ws/install/wamv_gazebo/share/wamv_gazebo/local_setup.dsv
[20.601s] -- Symlinking: /home/luca002/proj_ws/install/wamv_gazebo/share/wamv_gazebo/package.dsv
[20.609s] -- Symlinking: /home/luca002/proj_ws/install/wamv_gazebo/share/ament_index/resource_index/packages/wamv_gazebo
[20.614s] -- Symlinking: /home/luca002/proj_ws/install/wamv_gazebo/share/wamv_gazebo/cmake/wamv_gazeboConfig.cmake
[20.620s] -- Symlinking: /home/luca002/proj_ws/install/wamv_gazebo/share/wamv_gazebo/cmake/wamv_gazeboConfig-version.cmake
[20.628s] -- Symlinking: /home/luca002/proj_ws/install/wamv_gazebo/share/wamv_gazebo/package.xml
[20.665s] Listing '/home/luca002/proj_ws/install/wamv_gazebo/lib/python3.12/site-packages/wamv_gazebo'...
[20.665s] Compiling '/home/luca002/proj_ws/install/wamv_gazebo/lib/python3.12/site-packages/wamv_gazebo/__init__.py'...
[20.665s] Compiling '/home/luca002/proj_ws/install/wamv_gazebo/lib/python3.12/site-packages/wamv_gazebo/bridge.py'...
[20.665s] Compiling '/home/luca002/proj_ws/install/wamv_gazebo/lib/python3.12/site-packages/wamv_gazebo/bridges.py'...
[20.665s] Compiling '/home/luca002/proj_ws/install/wamv_gazebo/lib/python3.12/site-packages/wamv_gazebo/launch.py'...
[20.665s] Compiling '/home/luca002/proj_ws/install/wamv_gazebo/lib/python3.12/site-packages/wamv_gazebo/model.py'...
[20.665s] Compiling '/home/luca002/proj_ws/install/wamv_gazebo/lib/python3.12/site-packages/wamv_gazebo/monitor_sim.py'...
[20.665s] Compiling '/home/luca002/proj_ws/install/wamv_gazebo/lib/python3.12/site-packages/wamv_gazebo/payload_bridges.py'...
[20.670s] Invoked command in '/home/luca002/proj_ws/build/wamv_gazebo' returned '0': CMAKE_PREFIX_PATH=${CMAKE_PREFIX_PATH}:/home/luca002/ros_ws/install/robot_description_example:/opt/ros/jazzy DEBUGINFOD_URLS=https://debuginfod.ubuntu.com /usr/bin/cmake --install /home/luca002/proj_ws/build/wamv_gazebo
