running develop
running egg_info
creating lidar_node.egg-info
writing lidar_node.egg-info/PKG-INFO
writing dependency_links to lidar_node.egg-info/dependency_links.txt
writing entry points to lidar_node.egg-info/entry_points.txt
writing requirements to lidar_node.egg-info/requires.txt
writing top-level names to lidar_node.egg-info/top_level.txt
writing manifest file 'lidar_node.egg-info/SOURCES.txt'
reading manifest file 'lidar_node.egg-info/SOURCES.txt'
writing manifest file 'lidar_node.egg-info/SOURCES.txt'
running build_ext
Creating /home/luca002/proj_ws/install/lidar_node/lib/python3.12/site-packages/lidar-node.egg-link (link to .)
Installing python_sub script to /home/luca002/proj_ws/install/lidar_node/lib/lidar_node

Installed /home/luca002/proj_ws/build/lidar_node
running symlink_data
creating /home/luca002/proj_ws/install/lidar_node/share/ament_index
creating /home/luca002/proj_ws/install/lidar_node/share/ament_index/resource_index
creating /home/luca002/proj_ws/install/lidar_node/share/ament_index/resource_index/packages
symbolically linking /home/luca002/proj_ws/build/lidar_node/resource/lidar_node -> /home/luca002/proj_ws/install/lidar_node/share/ament_index/resource_index/packages
symbolically linking /home/luca002/proj_ws/build/lidar_node/package.xml -> /home/luca002/proj_ws/install/lidar_node/share/lidar_node
