[0.209s] Invoking command in '/home/gelatocotonato/LabMec2025/build/wamv_navigation': CMAKE_PREFIX_PATH=${CMAKE_PREFIX_PATH}:/home/gelatocotonato/LabMec2025/install/python_node:/opt/ros/jazzy DEBUGINFOD_URLS=https://debuginfod.ubuntu.com /usr/bin/cmake --build /home/gelatocotonato/LabMec2025/build/wamv_navigation -- -j8 -l8
[0.316s] Invoked command in '/home/gelatocotonato/LabMec2025/build/wamv_navigation' returned '0': CMAKE_PREFIX_PATH=${CMAKE_PREFIX_PATH}:/home/gelatocotonato/LabMec2025/install/python_node:/opt/ros/jazzy DEBUGINFOD_URLS=https://debuginfod.ubuntu.com /usr/bin/cmake --build /home/gelatocotonato/LabMec2025/build/wamv_navigation -- -j8 -l8
[0.329s] Invoking command in '/home/gelatocotonato/LabMec2025/build/wamv_navigation': CMAKE_PREFIX_PATH=${CMAKE_PREFIX_PATH}:/home/gelatocotonato/LabMec2025/install/python_node:/opt/ros/jazzy DEBUGINFOD_URLS=https://debuginfod.ubuntu.com /usr/bin/cmake --install /home/gelatocotonato/LabMec2025/build/wamv_navigation
[0.336s] -- Install configuration: ""
[0.337s] -- Execute custom install script
[0.339s] -- Up-to-date symlink: /home/gelatocotonato/LabMec2025/install/wamv_navigation/share/wamv_navigation/config/wamv_mapping.lua
[0.339s] -- Up-to-date symlink: /home/gelatocotonato/LabMec2025/install/wamv_navigation/share/wamv_navigation/launch/__init__.py
[0.340s] -- Up-to-date symlink: /home/gelatocotonato/LabMec2025/install/wamv_navigation/share/wamv_navigation/launch/cartographer.launch.py
[0.340s] -- Up-to-date symlink: /home/gelatocotonato/LabMec2025/install/wamv_navigation/share/wamv_navigation/launch/occupancy_grid.launch.py
[0.340s] -- Up-to-date symlink: /home/gelatocotonato/LabMec2025/install/wamv_navigation/share/wamv_navigation/launch/wamv_localization.py
[0.340s] -- Up-to-date symlink: /home/gelatocotonato/LabMec2025/install/wamv_navigation/share/wamv_navigation/launch/wamv_simulation.py
[0.340s] -- Up-to-date symlink: /home/gelatocotonato/LabMec2025/install/wamv_navigation/share/wamv_navigation/maps/sydney_map.pgm
[0.340s] -- Up-to-date symlink: /home/gelatocotonato/LabMec2025/install/wamv_navigation/share/wamv_navigation/maps/sydney_map.yaml
[0.341s] -- Up-to-date symlink: /home/gelatocotonato/LabMec2025/install/wamv_navigation/share/wamv_navigation/params/wamv_nav2_params.yaml
[0.341s] -- Up-to-date symlink: /home/gelatocotonato/LabMec2025/install/wamv_navigation/share/wamv_navigation/rviz/wamv_cartographer.rviz
[0.341s] -- Up-to-date symlink: /home/gelatocotonato/LabMec2025/install/wamv_navigation/share/wamv_navigation/rviz/wamv_navigation.rviz
[0.341s] -- Up-to-date symlink: /home/gelatocotonato/LabMec2025/install/wamv_navigation/share/ament_index/resource_index/package_run_dependencies/wamv_navigation
[0.342s] -- Up-to-date symlink: /home/gelatocotonato/LabMec2025/install/wamv_navigation/share/ament_index/resource_index/parent_prefix_path/wamv_navigation
[0.342s] -- Up-to-date symlink: /home/gelatocotonato/LabMec2025/install/wamv_navigation/share/wamv_navigation/environment/ament_prefix_path.sh
[0.342s] -- Up-to-date symlink: /home/gelatocotonato/LabMec2025/install/wamv_navigation/share/wamv_navigation/environment/ament_prefix_path.dsv
[0.342s] -- Up-to-date symlink: /home/gelatocotonato/LabMec2025/install/wamv_navigation/share/wamv_navigation/environment/path.sh
[0.343s] -- Up-to-date symlink: /home/gelatocotonato/LabMec2025/install/wamv_navigation/share/wamv_navigation/environment/path.dsv
[0.343s] -- Up-to-date symlink: /home/gelatocotonato/LabMec2025/install/wamv_navigation/share/wamv_navigation/local_setup.bash
[0.343s] -- Up-to-date symlink: /home/gelatocotonato/LabMec2025/install/wamv_navigation/share/wamv_navigation/local_setup.sh
[0.343s] -- Up-to-date symlink: /home/gelatocotonato/LabMec2025/install/wamv_navigation/share/wamv_navigation/local_setup.zsh
[0.344s] -- Up-to-date symlink: /home/gelatocotonato/LabMec2025/install/wamv_navigation/share/wamv_navigation/local_setup.dsv
[0.344s] -- Symlinking: /home/gelatocotonato/LabMec2025/install/wamv_navigation/share/wamv_navigation/package.dsv
[0.358s] -- Up-to-date symlink: /home/gelatocotonato/LabMec2025/install/wamv_navigation/share/ament_index/resource_index/packages/wamv_navigation
[0.358s] -- Up-to-date symlink: /home/gelatocotonato/LabMec2025/install/wamv_navigation/share/wamv_navigation/cmake/wamv_navigationConfig.cmake
[0.360s] -- Up-to-date symlink: /home/gelatocotonato/LabMec2025/install/wamv_navigation/share/wamv_navigation/cmake/wamv_navigationConfig-version.cmake
[0.361s] -- Up-to-date symlink: /home/gelatocotonato/LabMec2025/install/wamv_navigation/share/wamv_navigation/package.xml
[0.363s] -- Up-to-date: /home/gelatocotonato/LabMec2025/install/wamv_navigation/lib/wamv_navigation
[0.363s] -- Up-to-date: /home/gelatocotonato/LabMec2025/install/wamv_navigation/lib/wamv_navigation/config
[0.363s] -- Up-to-date: /home/gelatocotonato/LabMec2025/install/wamv_navigation/lib/wamv_navigation/maps
[0.363s] -- Up-to-date: /home/gelatocotonato/LabMec2025/install/wamv_navigation/lib/wamv_navigation/params
[0.363s] -- Up-to-date: /home/gelatocotonato/LabMec2025/install/wamv_navigation/lib/wamv_navigation/hooks
[0.363s] -- Up-to-date: /home/gelatocotonato/LabMec2025/install/wamv_navigation/lib/wamv_navigation/launch
[0.363s] -- Up-to-date: /home/gelatocotonato/LabMec2025/install/wamv_navigation/lib/wamv_navigation/launch/cartographer.launch.py
[0.363s] -- Up-to-date: /home/gelatocotonato/LabMec2025/install/wamv_navigation/lib/wamv_navigation/launch/__init__.py
[0.364s] -- Up-to-date: /home/gelatocotonato/LabMec2025/install/wamv_navigation/lib/wamv_navigation/launch/occupancy_grid.launch.py
[0.364s] -- Up-to-date: /home/gelatocotonato/LabMec2025/install/wamv_navigation/lib/wamv_navigation/launch/wamv_localization.py
[0.364s] -- Up-to-date: /home/gelatocotonato/LabMec2025/install/wamv_navigation/lib/wamv_navigation/launch/wamv_simulation.py
[0.364s] -- Up-to-date: /home/gelatocotonato/LabMec2025/install/wamv_navigation/lib/wamv_navigation/rviz
[0.367s] Invoked command in '/home/gelatocotonato/LabMec2025/build/wamv_navigation' returned '0': CMAKE_PREFIX_PATH=${CMAKE_PREFIX_PATH}:/home/gelatocotonato/LabMec2025/install/python_node:/opt/ros/jazzy DEBUGINFOD_URLS=https://debuginfod.ubuntu.com /usr/bin/cmake --install /home/gelatocotonato/LabMec2025/build/wamv_navigation
