[0.446s] Invoking command in '/home/luca002/proj_ws/build/vrx_gz': CMAKE_PREFIX_PATH=${CMAKE_PREFIX_PATH}:/opt/ros/jazzy DEBUGINFOD_URLS=https://debuginfod.ubuntu.com /usr/bin/cmake /home/luca002/proj_ws/src/vrx/vrx_gz -DAMENT_CMAKE_SYMLINK_INSTALL=1 -DCMAKE_INSTALL_PREFIX=/home/luca002/proj_ws/install/vrx_gz
[0.483s] -- The C compiler identification is GNU 13.3.0
[0.523s] -- The CXX compiler identification is GNU 13.3.0
[0.533s] -- Detecting C compiler ABI info
[0.594s] -- Detecting C compiler ABI info - done
[0.600s] -- Check for working C compiler: /usr/bin/cc - skipped
[0.600s] -- Detecting C compile features
[0.601s] -- Detecting C compile features - done
[0.607s] -- Detecting CXX compiler ABI info
[0.676s] -- Detecting CXX compiler ABI info - done
[0.682s] -- Check for working CXX compiler: /usr/bin/c++ - skipped
[0.682s] -- Detecting CXX compile features
[0.682s] -- Detecting CXX compile features - done
[0.687s] -- Found ament_cmake: 2.5.4 (/opt/ros/jazzy/share/ament_cmake/cmake)
[0.798s] -- Found Python3: /usr/bin/python3 (found version "3.12.3") found components: Interpreter 
[0.852s] -- Override CMake install command with custom implementation using symlinks instead of copying resources
[0.891s] -- Looking for gz-sim8 -- found version 8.9.0
[0.897s] -- Searching for dependencies of gz-sim8
[0.898s] -- Looking for sdformat14 -- found version 14.7.0
[0.898s] -- Searching for dependencies of sdformat14
[0.903s] -- Checking for module 'tinyxml2'
[0.914s] --   Found tinyxml2, version 10.0.0
[0.939s] -- Looking for gz-math7 -- found version 7.5.2
[0.939s] -- Searching for dependencies of gz-math7
[0.941s] -- Looking for gz-utils2 -- found version 2.2.1
[0.941s] -- Searching for dependencies of gz-utils2
[0.942s] -- Looking for gz-utils2 -- found version 2.2.1
[0.942s] -- Searching for dependencies of gz-utils2
[0.942s] -- Searching for <gz-utils2> component [cli]
[0.944s] -- Looking for gz-utils2-cli -- found version 2.2.1
[0.944s] -- Searching for dependencies of gz-utils2-cli
[0.946s] -- Looking for gz-plugin2 -- found version 2.0.4
[0.946s] -- Searching for dependencies of gz-plugin2
[0.946s] -- Looking for gz-utils2 -- found version 2.2.1
[0.947s] -- Searching for <gz-plugin2> component [loader]
[0.948s] -- Looking for gz-plugin2-loader -- found version 2.0.4
[0.948s] -- Searching for dependencies of gz-plugin2-loader
[0.949s] -- Searching for <gz-plugin2> component [register]
[0.950s] -- Looking for gz-plugin2-register -- found version 2.0.4
[0.950s] -- Searching for dependencies of gz-plugin2-register
[0.952s] -- Looking for gz-transport13 -- found version 13.4.1
[0.952s] -- Searching for dependencies of gz-transport13
[1.040s] -- Found Protobuf: /usr/lib/x86_64-linux-gnu/libprotobuf.so (found version "3.21.12") 
[1.048s] -- Config-file not installed for ZeroMQ -- checking for pkg-config
[1.051s] -- Checking for module 'libzmq >= 4'
[1.060s] --   Found libzmq, version 4.3.5
[1.086s] -- Found ZeroMQ: TRUE (Required is at least version "4") 
[1.091s] -- Checking for module 'uuid'
[1.101s] --   Found uuid, version 2.39.3
[1.121s] -- Found UUID: TRUE  
[1.121s] -- Looking for gz-utils2 -- found version 2.2.1
[1.123s] -- Looking for gz-msgs10 -- found version 10.3.2
[1.123s] -- Searching for dependencies of gz-msgs10
[1.137s] -- Looking for gz-utils2 -- found version 2.2.1
[1.137s] -- Looking for gz-math7 -- found version 7.5.2
[1.142s] -- Searching for <gz-transport13> component [log]
[1.143s] -- Looking for gz-transport13-log -- found version 13.4.1
[1.143s] -- Searching for dependencies of gz-transport13-log
[1.143s] -- Searching for <gz-transport13> component [parameters]
[1.145s] -- Looking for gz-transport13-parameters -- found version 13.4.1
[1.145s] -- Searching for dependencies of gz-transport13-parameters
[1.145s] -- Looking for gz-msgs10 -- found version 10.3.2
[1.147s] -- Looking for gz-common5 -- found version 5.7.1
[1.147s] -- Searching for dependencies of gz-common5
[1.147s] -- Looking for gz-utils2 -- found version 2.2.1
[1.148s] -- Looking for dlfcn.h - found
[1.149s] -- Looking for libdl - found
[1.150s] -- Found DL: TRUE  
[1.155s] -- Searching for <gz-common5> component [av]
[1.156s] -- Looking for gz-common5-av -- found version 5.7.1
[1.156s] -- Searching for dependencies of gz-common5-av
[1.160s] -- Checking for module 'libswscale'
[1.169s] --   Found libswscale, version 7.5.100
[1.191s] -- Found SWSCALE: TRUE  
[1.195s] -- Checking for module 'libavdevice >= 56.4.100'
[1.204s] --   Found libavdevice, version 60.3.100
[1.232s] -- Found AVDEVICE: TRUE (Required is at least version "56.4.100") 
[1.236s] -- Checking for module 'libavformat'
[1.245s] --   Found libavformat, version 60.16.100
[1.268s] -- Found AVFORMAT: TRUE  
[1.272s] -- Checking for module 'libavcodec'
[1.281s] --   Found libavcodec, version 60.31.102
[1.305s] -- Found AVCODEC: TRUE  
[1.308s] -- Checking for module 'libavutil'
[1.317s] --   Found libavutil, version 58.29.100
[1.338s] -- Found AVUTIL: TRUE  
[1.338s] -- Searching for <gz-common5> component [events]
[1.340s] -- Looking for gz-common5-events -- found version 5.7.1
[1.340s] -- Searching for dependencies of gz-common5-events
[1.340s] -- Looking for gz-math7 -- found version 7.5.2
[1.340s] -- Searching for <gz-common5> component [graphics]
[1.342s] -- Looking for gz-common5-graphics -- found version 5.7.1
[1.342s] -- Searching for dependencies of gz-common5-graphics
[1.342s] -- Looking for gz-math7 -- found version 7.5.2
[1.346s] -- Found GzAssimp: TRUE (found version "5.3.0") 
[1.346s] -- Searching for <gz-common5> component [io]
[1.348s] -- Looking for gz-common5-io -- found version 5.7.1
[1.348s] -- Searching for dependencies of gz-common5-io
[1.348s] -- Searching for <gz-common5> component [profiler]
[1.349s] -- Looking for gz-common5-profiler -- found version 5.7.1
[1.349s] -- Searching for dependencies of gz-common5-profiler
[1.351s] -- Looking for gz-fuel_tools9 -- found version 9.1.1
[1.351s] -- Searching for dependencies of gz-fuel_tools9
[1.408s] -- Found CURL: /usr/lib/x86_64-linux-gnu/libcurl.so (found version "8.5.0")  
[1.417s] -- Checking for module 'jsoncpp'
[1.430s] --   Found jsoncpp, version 1.9.5
[1.454s] -- Found JSONCPP: TRUE  
[1.467s] -- Checking for module 'yaml-0.1'
[1.478s] --   Found yaml-0.1, version 0.2.5
[1.499s] -- Found YAML: TRUE  
[1.502s] -- Checking for module 'libzip'
[1.511s] --   Found libzip, version 1.7.3
[1.531s] -- Found ZIP: TRUE  
[1.531s] -- Looking for gz-utils2 -- found version 2.2.1
[1.531s] -- Looking for gz-common5 -- found version 5.7.1
[1.532s] -- Searching for dependencies of gz-common5
[1.532s] -- Looking for gz-utils2 -- found version 2.2.1
[1.532s] -- Looking for dlfcn.h - found
[1.532s] -- Looking for libdl - found
[1.537s] -- Searching for <gz-common5> component [testing]
[1.538s] -- Looking for gz-common5-testing -- found version 5.7.1
[1.538s] -- Searching for dependencies of gz-common5-testing
[1.539s] -- Looking for gz-math7 -- found version 7.5.2
[1.539s] -- Looking for gz-msgs10 -- found version 10.3.2
[1.541s] -- Looking for gz-gui8 -- found version 8.4.0
[1.541s] -- Searching for dependencies of gz-gui8
[1.558s] -- Looking for gz-utils2 -- found version 2.2.1
[1.558s] -- Looking for gz-math7 -- found version 7.5.2
[1.558s] -- Looking for gz-common5 -- found version 5.7.1
[1.558s] -- Looking for gz-plugin2 -- found version 2.0.4
[1.559s] -- Looking for gz-transport13 -- found version 13.4.1
[1.560s] -- Looking for gz-rendering8 -- found version 8.2.2
[1.560s] -- Searching for dependencies of gz-rendering8
[1.560s] -- Looking for gz-math7 -- found version 7.5.2
[1.560s] -- Searching for dependencies of gz-math7
[1.561s] -- Looking for gz-utils2 -- found version 2.2.1
[1.561s] -- Searching for <gz-math7> component [eigen3]
[1.562s] -- Looking for gz-math7-eigen3 -- found version 7.5.2
[1.562s] -- Searching for dependencies of gz-math7-eigen3
[1.569s] -- Looking for gz-common5 -- found version 5.7.1
[1.569s] -- Searching for dependencies of gz-common5
[1.569s] -- Looking for gz-utils2 -- found version 2.2.1
[1.569s] -- Looking for dlfcn.h - found
[1.569s] -- Looking for libdl - found
[1.574s] -- Searching for <gz-common5> component [graphics]
[1.574s] -- Searching for <gz-common5> component [events]
[1.574s] -- Searching for <gz-common5> component [geospatial]
[1.575s] -- Looking for gz-common5-geospatial -- found version 5.7.1
[1.575s] -- Searching for dependencies of gz-common5-geospatial
[1.576s] -- Looking for gz-math7 -- found version 7.5.2
[1.576s] -- Looking for gz-common5 -- found version 5.7.1
[1.576s] -- Looking for gz-plugin2 -- found version 2.0.4
[1.577s] -- Searching for dependencies of gz-plugin2
[1.577s] -- Looking for gz-utils2 -- found version 2.2.1
[1.577s] -- Searching for <gz-plugin2> component [all]
[1.578s] -- Looking for all libraries of gz-plugin2 -- found version 2.0.4
[1.578s] -- Looking for gz-plugin2 -- found version 2.0.4
[1.579s] -- Looking for gz-utils2 -- found version 2.2.1
[1.588s] -- Found OpenGL: /usr/lib/x86_64-linux-gnu/libOpenGL.so  found components: OpenGL 
[1.589s] -- Looking for gz-msgs10 -- found version 10.3.2
[1.604s] -- Looking for gz-physics7 -- found version 7.5.0
[1.604s] -- Searching for dependencies of gz-physics7
[1.604s] -- Looking for gz-common5 -- found version 5.7.1
[1.605s] -- Looking for gz-math7 -- found version 7.5.2
[1.605s] -- Looking for gz-plugin2 -- found version 2.0.4
[1.605s] -- Looking for gz-utils2 -- found version 2.2.1
[1.606s] -- Searching for <gz-physics7> component [heightmap]
[1.607s] -- Looking for gz-physics7-heightmap -- found version 7.5.0
[1.607s] -- Searching for dependencies of gz-physics7-heightmap
[1.607s] -- Looking for gz-common5 -- found version 5.7.1
[1.608s] -- Searching for <gz-physics7> component [mesh]
[1.609s] -- Looking for gz-physics7-mesh -- found version 7.5.0
[1.609s] -- Searching for dependencies of gz-physics7-mesh
[1.609s] -- Looking for gz-common5 -- found version 5.7.1
[1.609s] -- Searching for <gz-physics7> component [sdf]
[1.610s] -- Looking for gz-physics7-sdf -- found version 7.5.0
[1.610s] -- Searching for dependencies of gz-physics7-sdf
[1.610s] -- Looking for sdformat14 -- found version 14.7.0
[1.612s] -- Looking for gz-sensors8 -- found version 8.2.2
[1.612s] -- Searching for dependencies of gz-sensors8
[1.626s] -- Looking for gz-math7 -- found version 7.5.2
[1.626s] -- Looking for gz-common5 -- found version 5.7.1
[1.626s] -- Looking for gz-transport13 -- found version 13.4.1
[1.627s] -- Looking for gz-rendering8 -- found version 8.2.2
[1.627s] -- Looking for gz-msgs10 -- found version 10.3.2
[1.627s] -- Looking for sdformat14 -- found version 14.7.0
[1.628s] -- Searching for <gz-sensors8> component [air_pressure]
[1.629s] -- Looking for gz-sensors8-air_pressure -- found version 8.2.2
[1.629s] -- Searching for dependencies of gz-sensors8-air_pressure
[1.629s] -- Searching for <gz-sensors8> component [air_speed]
[1.630s] -- Looking for gz-sensors8-air_speed -- found version 8.2.2
[1.630s] -- Searching for dependencies of gz-sensors8-air_speed
[1.630s] -- Searching for <gz-sensors8> component [altimeter]
[1.631s] -- Looking for gz-sensors8-altimeter -- found version 8.2.2
[1.631s] -- Searching for dependencies of gz-sensors8-altimeter
[1.632s] -- Searching for <gz-sensors8> component [imu]
[1.633s] -- Looking for gz-sensors8-imu -- found version 8.2.2
[1.633s] -- Searching for dependencies of gz-sensors8-imu
[1.633s] -- Searching for <gz-sensors8> component [force_torque]
[1.634s] -- Looking for gz-sensors8-force_torque -- found version 8.2.2
[1.634s] -- Searching for dependencies of gz-sensors8-force_torque
[1.634s] -- Searching for <gz-sensors8> component [logical_camera]
[1.635s] -- Looking for gz-sensors8-logical_camera -- found version 8.2.2
[1.635s] -- Searching for dependencies of gz-sensors8-logical_camera
[1.636s] -- Searching for <gz-sensors8> component [magnetometer]
[1.637s] -- Looking for gz-sensors8-magnetometer -- found version 8.2.2
[1.637s] -- Searching for dependencies of gz-sensors8-magnetometer
[1.637s] -- Searching for <gz-sensors8> component [navsat]
[1.638s] -- Looking for gz-sensors8-navsat -- found version 8.2.2
[1.638s] -- Searching for dependencies of gz-sensors8-navsat
[1.638s] -- Searching for <gz-sensors8> component [dvl]
[1.639s] -- Looking for gz-sensors8-dvl -- found version 8.2.2
[1.639s] -- Searching for dependencies of gz-sensors8-dvl
[1.640s] -- Looking for gz-sensors8 -- found version 8.2.2
[1.640s] -- Searching for dependencies of gz-sensors8
[1.654s] -- Looking for gz-math7 -- found version 7.5.2
[1.654s] -- Looking for gz-common5 -- found version 5.7.1
[1.654s] -- Looking for gz-transport13 -- found version 13.4.1
[1.655s] -- Looking for gz-rendering8 -- found version 8.2.2
[1.655s] -- Looking for gz-msgs10 -- found version 10.3.2
[1.655s] -- Looking for sdformat14 -- found version 14.7.0
[1.655s] -- Searching for <gz-sensors8> component [rendering]
[1.656s] -- Looking for gz-sensors8-rendering -- found version 8.2.2
[1.656s] -- Searching for dependencies of gz-sensors8-rendering
[1.657s] -- Searching for <gz-sensors8> component [rendering]
[1.657s] -- Searching for <gz-sensors8> component [lidar]
[1.658s] -- Looking for gz-sensors8-lidar -- found version 8.2.2
[1.658s] -- Searching for dependencies of gz-sensors8-lidar
[1.658s] -- Looking for gz-sensors8 -- found version 8.2.2
[1.659s] -- Searching for <gz-sensors8> component [gpu_lidar]
[1.660s] -- Looking for gz-sensors8-gpu_lidar -- found version 8.2.2
[1.660s] -- Searching for dependencies of gz-sensors8-gpu_lidar
[1.660s] -- Looking for gz-sensors8 -- found version 8.2.2
[1.660s] -- Searching for <gz-sensors8> component [camera]
[1.661s] -- Looking for gz-sensors8-camera -- found version 8.2.2
[1.661s] -- Searching for dependencies of gz-sensors8-camera
[1.662s] -- Looking for gz-sensors8 -- found version 8.2.2
[1.662s] -- Searching for <gz-sensors8> component [boundingbox_camera]
[1.663s] -- Looking for gz-sensors8-boundingbox_camera -- found version 8.2.2
[1.663s] -- Searching for dependencies of gz-sensors8-boundingbox_camera
[1.663s] -- Searching for <gz-sensors8> component [segmentation_camera]
[1.664s] -- Looking for gz-sensors8-segmentation_camera -- found version 8.2.2
[1.664s] -- Searching for dependencies of gz-sensors8-segmentation_camera
[1.665s] -- Searching for <gz-sensors8> component [depth_camera]
[1.666s] -- Looking for gz-sensors8-depth_camera -- found version 8.2.2
[1.666s] -- Searching for dependencies of gz-sensors8-depth_camera
[1.666s] -- Looking for gz-sensors8 -- found version 8.2.2
[1.666s] -- Searching for <gz-sensors8> component [rgbd_camera]
[1.667s] -- Looking for gz-sensors8-rgbd_camera -- found version 8.2.2
[1.667s] -- Searching for dependencies of gz-sensors8-rgbd_camera
[1.668s] -- Looking for gz-sensors8 -- found version 8.2.2
[1.668s] -- Searching for <gz-sensors8> component [thermal_camera]
[1.669s] -- Looking for gz-sensors8-thermal_camera -- found version 8.2.2
[1.669s] -- Searching for dependencies of gz-sensors8-thermal_camera
[1.669s] -- Looking for gz-sensors8 -- found version 8.2.2
[1.670s] -- Searching for <gz-sensors8> component [wide_angle_camera]
[1.671s] -- Looking for gz-sensors8-wide_angle_camera -- found version 8.2.2
[1.671s] -- Searching for dependencies of gz-sensors8-wide_angle_camera
[1.671s] -- Looking for gz-rendering8 -- found version 8.2.2
[1.672s] -- Looking for gz-math7 -- found version 7.5.2
[1.672s] -- Looking for gz-utils2 -- found version 2.2.1
[1.686s] -- Looking for gz-common5 -- found version 5.7.1
[1.687s] -- Looking for gz-fuel_tools9 -- found version 9.1.1
[1.687s] -- Looking for gz-math7 -- found version 7.5.2
[1.687s] -- Looking for gz-msgs10 -- found version 10.3.2
[1.688s] -- Looking for gz-transport13 -- found version 13.4.1
[1.688s] -- Looking for gz-plugin2 -- found version 2.0.4
[1.688s] -- Looking for gz-rendering8 -- found version 8.2.2
[1.688s] -- Looking for gz-sensors8 -- found version 8.2.2
[1.689s] -- Looking for gz-utils2 -- found version 2.2.1
[1.689s] -- Looking for sdformat14 -- found version 14.7.0
[1.692s] -- Found std_msgs: 5.3.6 (/opt/ros/jazzy/share/std_msgs/cmake)
[1.724s] -- Found rosidl_generator_c: 4.6.5 (/opt/ros/jazzy/share/rosidl_generator_c/cmake)
[1.736s] -- Found rosidl_generator_cpp: 4.6.5 (/opt/ros/jazzy/share/rosidl_generator_cpp/cmake)
[1.750s] -- Using all available rosidl_typesupport_c: rosidl_typesupport_fastrtps_c;rosidl_typesupport_introspection_c
[1.766s] -- Using all available rosidl_typesupport_cpp: rosidl_typesupport_fastrtps_cpp;rosidl_typesupport_introspection_cpp
[1.925s] -- Configuring done (1.5s)
[2.003s] -- Generating done (0.1s)
[2.031s] -- Build files have been written to: /home/luca002/proj_ws/build/vrx_gz
[2.046s] Invoked command in '/home/luca002/proj_ws/build/vrx_gz' returned '0': CMAKE_PREFIX_PATH=${CMAKE_PREFIX_PATH}:/opt/ros/jazzy DEBUGINFOD_URLS=https://debuginfod.ubuntu.com /usr/bin/cmake /home/luca002/proj_ws/src/vrx/vrx_gz -DAMENT_CMAKE_SYMLINK_INSTALL=1 -DCMAKE_INSTALL_PREFIX=/home/luca002/proj_ws/install/vrx_gz
[2.047s] Invoking command in '/home/luca002/proj_ws/build/vrx_gz': CMAKE_PREFIX_PATH=${CMAKE_PREFIX_PATH}:/opt/ros/jazzy DEBUGINFOD_URLS=https://debuginfod.ubuntu.com /usr/bin/cmake --build /home/luca002/proj_ws/build/vrx_gz -- -j16 -l16
[2.113s] [  2%] [32mBuilding CXX object CMakeFiles/Waves.dir/src/Wavefield.cc.o[0m
[2.114s] [  4%] [32mBuilding CXX object CMakeFiles/ScoringPlugin.dir/src/ScoringPlugin.cc.o[0m
[2.123s] [  4%] Built target ament_cmake_python_symlink_vrx_gz
[2.345s] running egg_info
[2.345s] creating vrx_gz.egg-info
[2.361s] writing vrx_gz.egg-info/PKG-INFO
[2.361s] writing dependency_links to vrx_gz.egg-info/dependency_links.txt
[2.361s] writing top-level names to vrx_gz.egg-info/top_level.txt
[2.361s] writing manifest file 'vrx_gz.egg-info/SOURCES.txt'
[2.406s] reading manifest file 'vrx_gz.egg-info/SOURCES.txt'
[2.407s] writing manifest file 'vrx_gz.egg-info/SOURCES.txt'
[2.427s] [  4%] Built target ament_cmake_python_build_vrx_gz_egg
[4.708s] [  6%] [32m[1mLinking CXX shared library libWaves.so[0m
[4.840s] [  6%] Built target Waves
[4.854s] [  8%] [32mBuilding CXX object CMakeFiles/PolyhedraBuoyancyDrag.dir/src/PolyhedraBuoyancyDrag.cc.o[0m
[4.854s] [ 10%] [32mBuilding CXX object CMakeFiles/PolyhedraBuoyancyDrag.dir/src/PolyhedronVolume.cc.o[0m
[4.854s] [ 12%] [32mBuilding CXX object CMakeFiles/PolyhedraBuoyancyDrag.dir/src/ShapeVolume.cc.o[0m
[5.631s] [ 14%] [32m[1mLinking CXX shared library libScoringPlugin.so[0m
[5.781s] [ 14%] Built target ScoringPlugin
[5.805s] [ 29%] [32mBuilding CXX object CMakeFiles/LightBuoyPlugin.dir/src/LightBuoyPlugin.cc.o[0m
[5.805s] [ 29%] [32mBuilding CXX object CMakeFiles/BallShooterPlugin.dir/src/BallShooterPlugin.cc.o[0m
[5.805s] [ 29%] [32mBuilding CXX object CMakeFiles/PublisherPlugin.dir/src/PublisherPlugin.cc.o[0m
[5.805s] [ 29%] [32mBuilding CXX object CMakeFiles/PerceptionScoringPlugin.dir/src/PerceptionScoringPlugin.cc.o[0m
[5.805s] [ 29%] [32mBuilding CXX object CMakeFiles/AcousticPerceptionScoringPlugin.dir/src/AcousticPerceptionScoringPlugin.cc.o[0m
[5.805s] [ 29%] [32mBuilding CXX object CMakeFiles/AcousticPingerPlugin.dir/src/AcousticPingerPlugin.cc.o[0m
[5.805s] [ 33%] [32mBuilding CXX object CMakeFiles/GymkhanaScoringPlugin.dir/src/GymkhanaScoringPlugin.cc.o[0m
[5.805s] [ 35%] [32mBuilding CXX object CMakeFiles/StationkeepingScoringPlugin.dir/src/StationkeepingScoringPlugin.cc.o[0m
[5.805s] [ 37%] [32mBuilding CXX object CMakeFiles/AcousticTrackingScoringPlugin.dir/src/AcousticTrackingScoringPlugin.cc.o[0m
[5.805s] [ 39%] [32mBuilding CXX object CMakeFiles/SimpleHydrodynamics.dir/src/SimpleHydrodynamics.cc.o[0m
[5.806s] [ 41%] [32mBuilding CXX object CMakeFiles/PlacardPlugin.dir/src/PlacardPlugin.cc.o[0m
[5.806s] [ 43%] [32mBuilding CXX object CMakeFiles/ScanDockScoringPlugin.dir/src/ScanDockScoringPlugin.cc.o[0m
[5.806s] [ 31%] [32mBuilding CXX object CMakeFiles/NavigationScoringPlugin.dir/src/NavigationScoringPlugin.cc.o[0m
[5.806s] [ 31%] [32mBuilding CXX object CMakeFiles/WayfindingScoringPlugin.dir/src/WayfindingScoringPlugin.cc.o[0m
[5.935s] [ 45%] [32mBuilding CXX object CMakeFiles/StationkeepingScoringPlugin.dir/src/WaypointMarkers.cc.o[0m
[10.097s] [ 47%] [32m[1mLinking CXX shared library libPublisherPlugin.so[0m
[10.321s] [ 50%] [32mBuilding CXX object CMakeFiles/AcousticTrackingScoringPlugin.dir/src/WaypointMarkers.cc.o[0m
[10.401s] [ 50%] Built target PublisherPlugin
[10.416s] [ 52%] [32mBuilding CXX object CMakeFiles/WayfindingScoringPlugin.dir/src/WaypointMarkers.cc.o[0m
[10.597s] [ 54%] [32m[1mLinking CXX shared library libLightBuoyPlugin.so[0m
[10.958s] [ 54%] Built target LightBuoyPlugin
[10.973s] [ 56%] [32mBuilding CXX object CMakeFiles/AcousticPerceptionScoringPlugin.dir/src/WaypointMarkers.cc.o[0m
[11.308s] [ 58%] [32m[1mLinking CXX shared library libGymkhanaScoringPlugin.so[0m
[11.319s] [ 60%] [32m[1mLinking CXX shared library libPolyhedraBuoyancyDrag.so[0m
[11.384s] [ 62%] [32m[1mLinking CXX shared library libSimpleHydrodynamics.so[0m
[11.432s] [ 64%] [32m[1mLinking CXX shared library libPlacardPlugin.so[0m
[11.768s] [ 64%] Built target SimpleHydrodynamics
[11.805s] [ 66%] [32mBuilding CXX object CMakeFiles/Surface.dir/src/Surface.cc.o[0m
[11.816s] [ 66%] Built target GymkhanaScoringPlugin
[11.850s] [ 68%] [32mBuilding CXX object CMakeFiles/USVWind.dir/src/USVWind.cc.o[0m
[11.877s] [ 68%] Built target PolyhedraBuoyancyDrag
[11.908s] [ 70%] [32mBuilding CXX object CMakeFiles/WaveVisual.dir/src/WaveVisual.cc.o[0m
[11.939s] [ 70%] Built target PlacardPlugin
[11.980s] [ 72%] [32mBuilding CXX object CMakeFiles/WildlifeScoringPlugin.dir/src/WildlifeScoringPlugin.cc.o[0m
[13.053s] [ 75%] [32m[1mLinking CXX shared library libPerceptionScoringPlugin.so[0m
[13.387s] [ 77%] [32m[1mLinking CXX shared library libAcousticPingerPlugin.so[0m
[13.499s] [ 77%] Built target PerceptionScoringPlugin
[13.751s] [ 79%] [32m[1mLinking CXX shared library libStationkeepingScoringPlugin.so[0m
[13.788s] [ 79%] Built target AcousticPingerPlugin
[13.993s] [ 79%] Built target StationkeepingScoringPlugin
[14.035s] [ 81%] [32m[1mLinking CXX shared library libNavigationScoringPlugin.so[0m
[14.231s] [ 81%] Built target NavigationScoringPlugin
[14.503s] [ 83%] [32m[1mLinking CXX shared library libWayfindingScoringPlugin.so[0m
[14.547s] [ 85%] [32m[1mLinking CXX shared library libBallShooterPlugin.so[0m
[14.575s] [ 87%] [32m[1mLinking CXX shared library libAcousticTrackingScoringPlugin.so[0m
[14.724s] [ 89%] [32m[1mLinking CXX shared library libScanDockScoringPlugin.so[0m
[14.786s] [ 89%] Built target WayfindingScoringPlugin
[14.851s] [ 89%] Built target AcousticTrackingScoringPlugin
[14.873s] [ 91%] [32m[1mLinking CXX shared library libAcousticPerceptionScoringPlugin.so[0m
[14.936s] [ 91%] Built target BallShooterPlugin
[14.983s] [ 91%] Built target ScanDockScoringPlugin
[15.077s] [ 91%] Built target AcousticPerceptionScoringPlugin
[16.035s] [ 93%] [32m[1mLinking CXX shared library libSurface.so[0m
[16.215s] [ 93%] Built target Surface
[17.265s] [ 95%] [32m[1mLinking CXX shared library libWildlifeScoringPlugin.so[0m
[17.265s] [ 97%] [32m[1mLinking CXX shared library libWaveVisual.so[0m
[17.434s] [100%] [32m[1mLinking CXX shared library libUSVWind.so[0m
[17.458s] [100%] Built target WildlifeScoringPlugin
[17.458s] [100%] Built target WaveVisual
[17.583s] [100%] Built target USVWind
[17.594s] Invoked command in '/home/luca002/proj_ws/build/vrx_gz' returned '0': CMAKE_PREFIX_PATH=${CMAKE_PREFIX_PATH}:/opt/ros/jazzy DEBUGINFOD_URLS=https://debuginfod.ubuntu.com /usr/bin/cmake --build /home/luca002/proj_ws/build/vrx_gz -- -j16 -l16
[17.595s] Invoking command in '/home/luca002/proj_ws/build/vrx_gz': CMAKE_PREFIX_PATH=${CMAKE_PREFIX_PATH}:/opt/ros/jazzy DEBUGINFOD_URLS=https://debuginfod.ubuntu.com /usr/bin/cmake --install /home/luca002/proj_ws/build/vrx_gz
[17.600s] -- Install configuration: ""
[17.600s] -- Execute custom install script
[17.600s] -- Symlinking: /home/luca002/proj_ws/install/vrx_gz/share/vrx_gz/environment/resource_paths.dsv
[17.606s] -- Symlinking: /home/luca002/proj_ws/install/vrx_gz/share/vrx_gz/environment/resource_paths.sh
[17.617s] -- Symlinking: /home/luca002/proj_ws/install/vrx_gz/lib/libWaves.so
[17.626s] -- Symlinking: /home/luca002/proj_ws/install/vrx_gz/lib/libPolyhedraBuoyancyDrag.so
[17.634s] -- Symlinking: /home/luca002/proj_ws/install/vrx_gz/lib/libScoringPlugin.so
[17.646s] -- Symlinking: /home/luca002/proj_ws/install/vrx_gz/lib/libStationkeepingScoringPlugin.so
[17.658s] -- Symlinking: /home/luca002/proj_ws/install/vrx_gz/lib/libWayfindingScoringPlugin.so
[17.669s] -- Symlinking: /home/luca002/proj_ws/install/vrx_gz/lib/libAcousticPerceptionScoringPlugin.so
[17.680s] -- Symlinking: /home/luca002/proj_ws/install/vrx_gz/lib/libAcousticTrackingScoringPlugin.so
[17.689s] -- Symlinking: /home/luca002/proj_ws/install/vrx_gz/lib/libAcousticPingerPlugin.so
[17.704s] -- Symlinking: /home/luca002/proj_ws/install/vrx_gz/lib/libBallShooterPlugin.so
[17.718s] -- Symlinking: /home/luca002/proj_ws/install/vrx_gz/lib/libLightBuoyPlugin.so
[17.732s] -- Symlinking: /home/luca002/proj_ws/install/vrx_gz/lib/libNavigationScoringPlugin.so
[17.744s] -- Symlinking: /home/luca002/proj_ws/install/vrx_gz/lib/libGymkhanaScoringPlugin.so
[17.756s] -- Symlinking: /home/luca002/proj_ws/install/vrx_gz/lib/libPerceptionScoringPlugin.so
[17.767s] -- Symlinking: /home/luca002/proj_ws/install/vrx_gz/lib/libPlacardPlugin.so
[17.774s] -- Symlinking: /home/luca002/proj_ws/install/vrx_gz/lib/libPublisherPlugin.so
[17.786s] -- Symlinking: /home/luca002/proj_ws/install/vrx_gz/lib/libScanDockScoringPlugin.so
[17.795s] -- Symlinking: /home/luca002/proj_ws/install/vrx_gz/lib/libSimpleHydrodynamics.so
[17.809s] -- Symlinking: /home/luca002/proj_ws/install/vrx_gz/lib/libSurface.so
[17.820s] -- Symlinking: /home/luca002/proj_ws/install/vrx_gz/lib/libUSVWind.so
[17.831s] -- Symlinking: /home/luca002/proj_ws/install/vrx_gz/lib/libWaveVisual.so
[17.845s] -- Symlinking: /home/luca002/proj_ws/install/vrx_gz/lib/libWildlifeScoringPlugin.so
[17.857s] -- Symlinking: /home/luca002/proj_ws/install/vrx_gz/share/vrx_gz/environment/pythonpath.sh
[17.870s] -- Symlinking: /home/luca002/proj_ws/install/vrx_gz/share/vrx_gz/environment/pythonpath.dsv
[17.884s] -- Symlinking: /home/luca002/proj_ws/install/vrx_gz/lib/python3.12/site-packages/vrx_gz-0.0.0-py3.12.egg-info/PKG-INFO
[17.897s] -- Symlinking: /home/luca002/proj_ws/install/vrx_gz/lib/python3.12/site-packages/vrx_gz-0.0.0-py3.12.egg-info/SOURCES.txt
[17.909s] -- Symlinking: /home/luca002/proj_ws/install/vrx_gz/lib/python3.12/site-packages/vrx_gz-0.0.0-py3.12.egg-info/dependency_links.txt
[17.919s] -- Symlinking: /home/luca002/proj_ws/install/vrx_gz/lib/python3.12/site-packages/vrx_gz-0.0.0-py3.12.egg-info/top_level.txt
[17.929s] -- Symlinking: /home/luca002/proj_ws/install/vrx_gz/lib/python3.12/site-packages/vrx_gz/__init__.py
[17.936s] -- Symlinking: /home/luca002/proj_ws/install/vrx_gz/lib/python3.12/site-packages/vrx_gz/bridge.py
[17.946s] -- Symlinking: /home/luca002/proj_ws/install/vrx_gz/lib/python3.12/site-packages/vrx_gz/bridges.py
[17.954s] -- Symlinking: /home/luca002/proj_ws/install/vrx_gz/lib/python3.12/site-packages/vrx_gz/launch.py
[17.964s] -- Symlinking: /home/luca002/proj_ws/install/vrx_gz/lib/python3.12/site-packages/vrx_gz/model.py
[17.972s] -- Symlinking: /home/luca002/proj_ws/install/vrx_gz/lib/python3.12/site-packages/vrx_gz/monitor_sim.py
[17.981s] -- Symlinking: /home/luca002/proj_ws/install/vrx_gz/lib/python3.12/site-packages/vrx_gz/mylaunch.py
[17.989s] -- Symlinking: /home/luca002/proj_ws/install/vrx_gz/lib/python3.12/site-packages/vrx_gz/payload_bridges.py
[17.998s] -- Symlinking: /home/luca002/proj_ws/install/vrx_gz/share/vrx_gz/config/roboboat.yaml
[18.004s] -- Symlinking: /home/luca002/proj_ws/install/vrx_gz/share/vrx_gz/config/wamv.yaml
[18.015s] -- Symlinking: /home/luca002/proj_ws/install/vrx_gz/share/vrx_gz/launch/competition.launch.py
[18.025s] -- Symlinking: /home/luca002/proj_ws/install/vrx_gz/share/vrx_gz/launch/spawn.launch.py
[18.034s] -- Symlinking: /home/luca002/proj_ws/install/vrx_gz/share/vrx_gz/launch/spawn_config.launch.py
[18.042s] -- Symlinking: /home/luca002/proj_ws/install/vrx_gz/share/vrx_gz/launch/usv_joy_teleop.py
[18.049s] -- Symlinking: /home/luca002/proj_ws/install/vrx_gz/share/vrx_gz/launch/vrx_environment.launch.py
[18.059s] -- Symlinking: /home/luca002/proj_ws/install/vrx_gz/share/vrx_gz/models/3d_lidar/mesh/3d_Lidar_Albedo.png
[18.065s] -- Symlinking: /home/luca002/proj_ws/install/vrx_gz/share/vrx_gz/models/3d_lidar/mesh/3d_Lidar_Metalness.png
[18.076s] -- Symlinking: /home/luca002/proj_ws/install/vrx_gz/share/vrx_gz/models/3d_lidar/mesh/3d_Lidar_Normal.png
[18.090s] -- Symlinking: /home/luca002/proj_ws/install/vrx_gz/share/vrx_gz/models/3d_lidar/mesh/3d_Lidar_Roughness.png
[18.104s] -- Symlinking: /home/luca002/proj_ws/install/vrx_gz/share/vrx_gz/models/3d_lidar/mesh/3d_lidar.dae
[18.116s] -- Symlinking: /home/luca002/proj_ws/install/vrx_gz/share/vrx_gz/models/3d_lidar/mesh/3d_lidar.png
[18.126s] -- Symlinking: /home/luca002/proj_ws/install/vrx_gz/share/vrx_gz/models/3d_lidar/model.config
[18.134s] -- Symlinking: /home/luca002/proj_ws/install/vrx_gz/share/vrx_gz/models/3d_lidar/model.sdf
[18.144s] -- Symlinking: /home/luca002/proj_ws/install/vrx_gz/share/vrx_gz/models/articulated_platform/model.config
[18.156s] -- Symlinking: /home/luca002/proj_ws/install/vrx_gz/share/vrx_gz/models/articulated_platform/model.sdf
[18.170s] -- Symlinking: /home/luca002/proj_ws/install/vrx_gz/share/vrx_gz/models/ball_shooter/materials/Textures/Launcher_Albedo.png
[18.183s] -- Symlinking: /home/luca002/proj_ws/install/vrx_gz/share/vrx_gz/models/ball_shooter/materials/Textures/Launcher_Metalness.png
[18.198s] -- Symlinking: /home/luca002/proj_ws/install/vrx_gz/share/vrx_gz/models/ball_shooter/materials/Textures/Launcher_Normal.png
[18.211s] -- Symlinking: /home/luca002/proj_ws/install/vrx_gz/share/vrx_gz/models/ball_shooter/materials/Textures/Launcher_Roughness.png
[18.222s] -- Symlinking: /home/luca002/proj_ws/install/vrx_gz/share/vrx_gz/models/ball_shooter/meshes/Launcher_Albedo.png
[18.234s] -- Symlinking: /home/luca002/proj_ws/install/vrx_gz/share/vrx_gz/models/ball_shooter/meshes/Launcher_BaseColor.png
[18.244s] -- Symlinking: /home/luca002/proj_ws/install/vrx_gz/share/vrx_gz/models/ball_shooter/meshes/ball_shooter_base.dae
[18.258s] -- Symlinking: /home/luca002/proj_ws/install/vrx_gz/share/vrx_gz/models/ball_shooter/meshes/ball_shooter_launcher.dae
[18.270s] -- Symlinking: /home/luca002/proj_ws/install/vrx_gz/share/vrx_gz/models/ball_shooter/model.config
[18.283s] -- Symlinking: /home/luca002/proj_ws/install/vrx_gz/share/vrx_gz/models/ball_shooter/model.sdf
[18.296s] -- Symlinking: /home/luca002/proj_ws/install/vrx_gz/share/vrx_gz/models/battery/mesh/battery.dae
[18.307s] -- Symlinking: /home/luca002/proj_ws/install/vrx_gz/share/vrx_gz/models/battery/mesh/battery.png
[18.320s] -- Symlinking: /home/luca002/proj_ws/install/vrx_gz/share/vrx_gz/models/battery/mesh/battery_Albedo.png
[18.332s] -- Symlinking: /home/luca002/proj_ws/install/vrx_gz/share/vrx_gz/models/battery/mesh/battery_Metalness.png
[18.342s] -- Symlinking: /home/luca002/proj_ws/install/vrx_gz/share/vrx_gz/models/battery/mesh/battery_Normal.png
[18.349s] -- Symlinking: /home/luca002/proj_ws/install/vrx_gz/share/vrx_gz/models/battery/mesh/battery_Roughness.png
[18.354s] -- Symlinking: /home/luca002/proj_ws/install/vrx_gz/share/vrx_gz/models/battery/model.config
[18.362s] -- Symlinking: /home/luca002/proj_ws/install/vrx_gz/share/vrx_gz/models/battery/model.sdf
[18.375s] -- Symlinking: /home/luca002/proj_ws/install/vrx_gz/share/vrx_gz/models/blue_projectile/model.config
[18.383s] -- Symlinking: /home/luca002/proj_ws/install/vrx_gz/share/vrx_gz/models/blue_projectile/model.sdf
[18.389s] -- Symlinking: /home/luca002/proj_ws/install/vrx_gz/share/vrx_gz/models/boat/materials/textures/Boat_Albedo.png
[18.400s] -- Symlinking: /home/luca002/proj_ws/install/vrx_gz/share/vrx_gz/models/boat/materials/textures/Boat_Metalness.png
[18.414s] -- Symlinking: /home/luca002/proj_ws/install/vrx_gz/share/vrx_gz/models/boat/materials/textures/Boat_Normal.png
[18.427s] -- Symlinking: /home/luca002/proj_ws/install/vrx_gz/share/vrx_gz/models/boat/materials/textures/Boat_Roughness.png
[18.439s] -- Symlinking: /home/luca002/proj_ws/install/vrx_gz/share/vrx_gz/models/boat/materials/textures/lidar_3d_v1.png
[18.451s] -- Symlinking: /home/luca002/proj_ws/install/vrx_gz/share/vrx_gz/models/boat/meshes/rcboat.dae
[18.463s] -- Symlinking: /home/luca002/proj_ws/install/vrx_gz/share/vrx_gz/models/boat/model.config
[18.473s] -- Symlinking: /home/luca002/proj_ws/install/vrx_gz/share/vrx_gz/models/boat/model.sdf
[18.485s] -- Symlinking: /home/luca002/proj_ws/install/vrx_gz/share/vrx_gz/models/boat/oldmodel/mmodel.sdf
[18.494s] -- Symlinking: /home/luca002/proj_ws/install/vrx_gz/share/vrx_gz/models/boat/thumbnails/boat/1.png
[18.504s] -- Symlinking: /home/luca002/proj_ws/install/vrx_gz/share/vrx_gz/models/boat/thumbnails/boat/2.png
[18.510s] -- Symlinking: /home/luca002/proj_ws/install/vrx_gz/share/vrx_gz/models/boat/thumbnails/boat/3.png
[18.519s] -- Symlinking: /home/luca002/proj_ws/install/vrx_gz/share/vrx_gz/models/boat/thumbnails/boat/4.png
[18.528s] -- Symlinking: /home/luca002/proj_ws/install/vrx_gz/share/vrx_gz/models/boat/thumbnails/boat/5.png
[18.541s] -- Symlinking: /home/luca002/proj_ws/install/vrx_gz/share/vrx_gz/models/coast_waves/materials/programs/GerstnerWaves_fs_330.glsl
[18.552s] -- Symlinking: /home/luca002/proj_ws/install/vrx_gz/share/vrx_gz/models/coast_waves/materials/programs/GerstnerWaves_vs_330.glsl
[18.565s] -- Symlinking: /home/luca002/proj_ws/install/vrx_gz/share/vrx_gz/models/coast_waves/materials/textures/skybox_lowres.dds
[18.574s] -- Symlinking: /home/luca002/proj_ws/install/vrx_gz/share/vrx_gz/models/coast_waves/materials/textures/wave_normals.dds
[18.586s] -- Symlinking: /home/luca002/proj_ws/install/vrx_gz/share/vrx_gz/models/coast_waves/meshes/waterlow.dae
[18.596s] -- Symlinking: /home/luca002/proj_ws/install/vrx_gz/share/vrx_gz/models/coast_waves/model.config
[18.603s] -- Symlinking: /home/luca002/proj_ws/install/vrx_gz/share/vrx_gz/models/coast_waves/model.sdf
[18.614s] -- Symlinking: /home/luca002/proj_ws/install/vrx_gz/share/vrx_gz/models/cpu_cases/mesh/cpu_cases.dae
[18.627s] -- Symlinking: /home/luca002/proj_ws/install/vrx_gz/share/vrx_gz/models/cpu_cases/mesh/cpu_cases.png
[18.640s] -- Symlinking: /home/luca002/proj_ws/install/vrx_gz/share/vrx_gz/models/cpu_cases/mesh/cpu_cases_Albedo.png
[18.653s] -- Symlinking: /home/luca002/proj_ws/install/vrx_gz/share/vrx_gz/models/cpu_cases/mesh/cpu_cases_Metalness.png
[18.661s] -- Symlinking: /home/luca002/proj_ws/install/vrx_gz/share/vrx_gz/models/cpu_cases/mesh/cpu_cases_Normal.png
[18.667s] -- Symlinking: /home/luca002/proj_ws/install/vrx_gz/share/vrx_gz/models/cpu_cases/mesh/cpu_cases_Roughness.png
[18.673s] -- Symlinking: /home/luca002/proj_ws/install/vrx_gz/share/vrx_gz/models/cpu_cases/model.config
[18.679s] -- Symlinking: /home/luca002/proj_ws/install/vrx_gz/share/vrx_gz/models/cpu_cases/model.sdf
[18.688s] -- Symlinking: /home/luca002/proj_ws/install/vrx_gz/share/vrx_gz/models/dock_2022/model.config
[18.694s] -- Symlinking: /home/luca002/proj_ws/install/vrx_gz/share/vrx_gz/models/dock_2022/model.sdf
[18.702s] -- Symlinking: /home/luca002/proj_ws/install/vrx_gz/share/vrx_gz/models/dock_2022_base/model.config
[18.710s] -- Symlinking: /home/luca002/proj_ws/install/vrx_gz/share/vrx_gz/models/dock_2022_base/model.sdf
[18.718s] -- Symlinking: /home/luca002/proj_ws/install/vrx_gz/share/vrx_gz/models/dock_block_4x4/mesh/DockCubes_Albedo.png
[18.723s] -- Symlinking: /home/luca002/proj_ws/install/vrx_gz/share/vrx_gz/models/dock_block_4x4/mesh/DockCubes_Metalness.png
[18.730s] -- Symlinking: /home/luca002/proj_ws/install/vrx_gz/share/vrx_gz/models/dock_block_4x4/mesh/DockCubes_Normal.png
[18.735s] -- Symlinking: /home/luca002/proj_ws/install/vrx_gz/share/vrx_gz/models/dock_block_4x4/mesh/DockCubes_Roughness.png
[18.742s] -- Symlinking: /home/luca002/proj_ws/install/vrx_gz/share/vrx_gz/models/dock_block_4x4/mesh/dock_block_4x4.dae
[18.747s] -- Symlinking: /home/luca002/proj_ws/install/vrx_gz/share/vrx_gz/models/dock_block_4x4/model.config
[18.752s] -- Symlinking: /home/luca002/proj_ws/install/vrx_gz/share/vrx_gz/models/dock_block_4x4/model.sdf
[18.757s] -- Symlinking: /home/luca002/proj_ws/install/vrx_gz/share/vrx_gz/models/entrance_exit/model.config
[18.764s] -- Symlinking: /home/luca002/proj_ws/install/vrx_gz/share/vrx_gz/models/entrance_exit/model.sdf
[18.770s] -- Symlinking: /home/luca002/proj_ws/install/vrx_gz/share/vrx_gz/models/lidar/materials/textures/lidar_3d_v1.png
[18.775s] -- Symlinking: /home/luca002/proj_ws/install/vrx_gz/share/vrx_gz/models/lidar/meshes/lidar_3d_v1.dae
[18.782s] -- Symlinking: /home/luca002/proj_ws/install/vrx_gz/share/vrx_gz/models/lidar/meshes/lidar_3d_v1.png
[18.788s] -- Symlinking: /home/luca002/proj_ws/install/vrx_gz/share/vrx_gz/models/lidar/model.config
[18.795s] -- Symlinking: /home/luca002/proj_ws/install/vrx_gz/share/vrx_gz/models/lidar/model.sdf
[18.801s] -- Symlinking: /home/luca002/proj_ws/install/vrx_gz/share/vrx_gz/models/lidar/thumbnails/1.png
[18.806s] -- Symlinking: /home/luca002/proj_ws/install/vrx_gz/share/vrx_gz/models/lidar/thumbnails/2.png
[18.812s] -- Symlinking: /home/luca002/proj_ws/install/vrx_gz/share/vrx_gz/models/lidar/thumbnails/3.png
[18.821s] -- Symlinking: /home/luca002/proj_ws/install/vrx_gz/share/vrx_gz/models/lidar/thumbnails/4.png
[18.831s] -- Symlinking: /home/luca002/proj_ws/install/vrx_gz/share/vrx_gz/models/lidar/thumbnails/5.png
[18.837s] -- Symlinking: /home/luca002/proj_ws/install/vrx_gz/share/vrx_gz/models/mono_camera/mesh/mono_camera.dae
[18.850s] -- Symlinking: /home/luca002/proj_ws/install/vrx_gz/share/vrx_gz/models/mono_camera/mesh/mono_camera.png
[18.862s] -- Symlinking: /home/luca002/proj_ws/install/vrx_gz/share/vrx_gz/models/mono_camera/mesh/mono_camera_Albedo.png
[18.873s] -- Symlinking: /home/luca002/proj_ws/install/vrx_gz/share/vrx_gz/models/mono_camera/mesh/mono_camera_Metalness.png
[18.888s] -- Symlinking: /home/luca002/proj_ws/install/vrx_gz/share/vrx_gz/models/mono_camera/mesh/mono_camera_Normal.png
[18.903s] -- Symlinking: /home/luca002/proj_ws/install/vrx_gz/share/vrx_gz/models/mono_camera/mesh/mono_camera_Roughness.png
[18.917s] -- Symlinking: /home/luca002/proj_ws/install/vrx_gz/share/vrx_gz/models/mono_camera/model.config
[18.929s] -- Symlinking: /home/luca002/proj_ws/install/vrx_gz/share/vrx_gz/models/mono_camera/model.sdf
[18.941s] -- Symlinking: /home/luca002/proj_ws/install/vrx_gz/share/vrx_gz/models/obstacle_course/model.config
[18.950s] -- Symlinking: /home/luca002/proj_ws/install/vrx_gz/share/vrx_gz/models/obstacle_course/model.sdf
[18.956s] -- Symlinking: /home/luca002/proj_ws/install/vrx_gz/share/vrx_gz/models/placard_2022/materials/textures/Placard.png
[18.968s] -- Symlinking: /home/luca002/proj_ws/install/vrx_gz/share/vrx_gz/models/placard_2022/meshes/placard_2022.dae
[18.980s] -- Symlinking: /home/luca002/proj_ws/install/vrx_gz/share/vrx_gz/models/placard_2022/model.config
[18.992s] -- Symlinking: /home/luca002/proj_ws/install/vrx_gz/share/vrx_gz/models/placard_2022/model.sdf
[19.004s] -- Symlinking: /home/luca002/proj_ws/install/vrx_gz/share/vrx_gz/models/platform/model.config
[19.016s] -- Symlinking: /home/luca002/proj_ws/install/vrx_gz/share/vrx_gz/models/platform/model.sdf
[19.027s] -- Symlinking: /home/luca002/proj_ws/install/vrx_gz/share/vrx_gz/models/roboboat01/materials/scripts/model.material
[19.041s] -- Symlinking: /home/luca002/proj_ws/install/vrx_gz/share/vrx_gz/models/roboboat01/materials/textures/Boat01_Albedo.png
[19.055s] -- Symlinking: /home/luca002/proj_ws/install/vrx_gz/share/vrx_gz/models/roboboat01/materials/textures/Boat01_Metallic.png
[19.063s] -- Symlinking: /home/luca002/proj_ws/install/vrx_gz/share/vrx_gz/models/roboboat01/materials/textures/Boat01_Normal.png
[19.068s] -- Symlinking: /home/luca002/proj_ws/install/vrx_gz/share/vrx_gz/models/roboboat01/materials/textures/Boat01_Roughness.png
[19.076s] -- Symlinking: /home/luca002/proj_ws/install/vrx_gz/share/vrx_gz/models/roboboat01/materials/textures/Thruster_Albedo.png
[19.085s] -- Symlinking: /home/luca002/proj_ws/install/vrx_gz/share/vrx_gz/models/roboboat01/materials/textures/Thruster_Roughness.png
[19.100s] -- Symlinking: /home/luca002/proj_ws/install/vrx_gz/share/vrx_gz/models/roboboat01/meshes/housing.dae
[19.112s] -- Symlinking: /home/luca002/proj_ws/install/vrx_gz/share/vrx_gz/models/roboboat01/meshes/mount.dae
[19.124s] -- Symlinking: /home/luca002/proj_ws/install/vrx_gz/share/vrx_gz/models/roboboat01/meshes/prop.dae
[19.134s] -- Symlinking: /home/luca002/proj_ws/install/vrx_gz/share/vrx_gz/models/roboboat01/meshes/roboboat01.dae
[19.145s] -- Symlinking: /home/luca002/proj_ws/install/vrx_gz/share/vrx_gz/models/roboboat01/model.config
[19.153s] -- Symlinking: /home/luca002/proj_ws/install/vrx_gz/share/vrx_gz/models/roboboat01/model.sdf
[19.163s] -- Symlinking: /home/luca002/proj_ws/install/vrx_gz/share/vrx_gz/models/roboboat02/materials/scripts/model.material
[19.169s] -- Symlinking: /home/luca002/proj_ws/install/vrx_gz/share/vrx_gz/models/roboboat02/materials/textures/Boat02_Albedo.png
[19.177s] -- Symlinking: /home/luca002/proj_ws/install/vrx_gz/share/vrx_gz/models/roboboat02/materials/textures/Boat02_Metallic.png
[19.186s] -- Symlinking: /home/luca002/proj_ws/install/vrx_gz/share/vrx_gz/models/roboboat02/materials/textures/Boat02_Normal.png
[19.195s] -- Symlinking: /home/luca002/proj_ws/install/vrx_gz/share/vrx_gz/models/roboboat02/materials/textures/Boat02_Roughness.png
[19.201s] -- Symlinking: /home/luca002/proj_ws/install/vrx_gz/share/vrx_gz/models/roboboat02/meshes/roboboat02.dae
[19.211s] -- Symlinking: /home/luca002/proj_ws/install/vrx_gz/share/vrx_gz/models/roboboat02/model.config
[19.224s] -- Symlinking: /home/luca002/proj_ws/install/vrx_gz/share/vrx_gz/models/roboboat02/model.sdf
[19.237s] -- Symlinking: /home/luca002/proj_ws/install/vrx_gz/share/vrx_gz/models/roboboat_cpubox/materials/textures/DryBox_Albedo.png
[19.249s] -- Symlinking: /home/luca002/proj_ws/install/vrx_gz/share/vrx_gz/models/roboboat_cpubox/materials/textures/DryBox_Roughness.png
[19.258s] -- Symlinking: /home/luca002/proj_ws/install/vrx_gz/share/vrx_gz/models/roboboat_cpubox/meshes/drybox.dae
[19.268s] -- Symlinking: /home/luca002/proj_ws/install/vrx_gz/share/vrx_gz/models/roboboat_cpubox/model.config
[19.282s] -- Symlinking: /home/luca002/proj_ws/install/vrx_gz/share/vrx_gz/models/roboboat_cpubox/model.sdf
[19.291s] -- Symlinking: /home/luca002/proj_ws/install/vrx_gz/share/vrx_gz/models/robotx_light_buoy_bgr/model.config
[19.298s] -- Symlinking: /home/luca002/proj_ws/install/vrx_gz/share/vrx_gz/models/robotx_light_buoy_bgr/model.sdf
[19.305s] -- Symlinking: /home/luca002/proj_ws/install/vrx_gz/share/vrx_gz/models/robotx_light_buoy_bgy/model.config
[19.311s] -- Symlinking: /home/luca002/proj_ws/install/vrx_gz/share/vrx_gz/models/robotx_light_buoy_bgy/model.sdf
[19.320s] -- Symlinking: /home/luca002/proj_ws/install/vrx_gz/share/vrx_gz/models/robotx_light_buoy_gbr/model.config
[19.327s] -- Symlinking: /home/luca002/proj_ws/install/vrx_gz/share/vrx_gz/models/robotx_light_buoy_gbr/model.sdf
[19.339s] -- Symlinking: /home/luca002/proj_ws/install/vrx_gz/share/vrx_gz/models/robotx_light_buoy_rbg/model.config
[19.350s] -- Symlinking: /home/luca002/proj_ws/install/vrx_gz/share/vrx_gz/models/robotx_light_buoy_rbg/model.sdf
[19.361s] -- Symlinking: /home/luca002/proj_ws/install/vrx_gz/share/vrx_gz/models/robotx_light_buoy_rgb/mesh/LightTower_Albedo.png
[19.372s] -- Symlinking: /home/luca002/proj_ws/install/vrx_gz/share/vrx_gz/models/robotx_light_buoy_rgb/mesh/LightTower_Metalness.png
[19.382s] -- Symlinking: /home/luca002/proj_ws/install/vrx_gz/share/vrx_gz/models/robotx_light_buoy_rgb/mesh/LightTower_Normal.png
[19.396s] -- Symlinking: /home/luca002/proj_ws/install/vrx_gz/share/vrx_gz/models/robotx_light_buoy_rgb/mesh/LightTower_Opacity.png
[19.406s] -- Symlinking: /home/luca002/proj_ws/install/vrx_gz/share/vrx_gz/models/robotx_light_buoy_rgb/mesh/LightTower_Roughness.png
[19.413s] -- Symlinking: /home/luca002/proj_ws/install/vrx_gz/share/vrx_gz/models/robotx_light_buoy_rgb/mesh/robotx_light_buoy.dae
[19.425s] -- Symlinking: /home/luca002/proj_ws/install/vrx_gz/share/vrx_gz/models/robotx_light_buoy_rgb/model.config
[19.437s] -- Symlinking: /home/luca002/proj_ws/install/vrx_gz/share/vrx_gz/models/robotx_light_buoy_rgb/model.sdf
[19.451s] -- Symlinking: /home/luca002/proj_ws/install/vrx_gz/share/vrx_gz/models/robotx_light_buoy_rgy/model.config
[19.464s] -- Symlinking: /home/luca002/proj_ws/install/vrx_gz/share/vrx_gz/models/robotx_light_buoy_rgy/model.sdf
[19.476s] -- Symlinking: /home/luca002/proj_ws/install/vrx_gz/share/vrx_gz/models/robotx_light_buoy_ybr/model.config
[19.490s] -- Symlinking: /home/luca002/proj_ws/install/vrx_gz/share/vrx_gz/models/robotx_light_buoy_ybr/model.sdf
[19.500s] -- Symlinking: /home/luca002/proj_ws/install/vrx_gz/share/vrx_gz/models/robotx_light_buoy_ygb/model.config
[19.514s] -- Symlinking: /home/luca002/proj_ws/install/vrx_gz/share/vrx_gz/models/robotx_light_buoy_ygb/model.sdf
[19.527s] -- Symlinking: /home/luca002/proj_ws/install/vrx_gz/share/vrx_gz/models/robotx_light_buoy_yrg/model.config
[19.541s] -- Symlinking: /home/luca002/proj_ws/install/vrx_gz/share/vrx_gz/models/robotx_light_buoy_yrg/model.sdf
[19.548s] -- Symlinking: /home/luca002/proj_ws/install/vrx_gz/share/vrx_gz/models/sensor_post/mesh/sensor_post.dae
[19.553s] -- Symlinking: /home/luca002/proj_ws/install/vrx_gz/share/vrx_gz/models/sensor_post/mesh/sensor_post.png
[19.560s] -- Symlinking: /home/luca002/proj_ws/install/vrx_gz/share/vrx_gz/models/sensor_post/mesh/sensor_post_arm.dae
[19.565s] -- Symlinking: /home/luca002/proj_ws/install/vrx_gz/share/vrx_gz/models/sensor_post/model.config
[19.572s] -- Symlinking: /home/luca002/proj_ws/install/vrx_gz/share/vrx_gz/models/sensor_post/model.sdf
[19.580s] -- Symlinking: /home/luca002/proj_ws/install/vrx_gz/share/vrx_gz/models/short_course_2023_phase3_1/model.config
[19.589s] -- Symlinking: /home/luca002/proj_ws/install/vrx_gz/share/vrx_gz/models/short_course_2023_phase3_1/model.sdf
[19.595s] -- Symlinking: /home/luca002/proj_ws/install/vrx_gz/share/vrx_gz/models/short_course_2023_phase3_2/model.config
[19.602s] -- Symlinking: /home/luca002/proj_ws/install/vrx_gz/share/vrx_gz/models/short_course_2023_phase3_2/model.sdf
[19.608s] -- Symlinking: /home/luca002/proj_ws/install/vrx_gz/share/vrx_gz/models/short_navigation_course_0/model.config
[19.618s] -- Symlinking: /home/luca002/proj_ws/install/vrx_gz/share/vrx_gz/models/short_navigation_course_0/model.sdf
[19.628s] -- Symlinking: /home/luca002/proj_ws/install/vrx_gz/share/vrx_gz/models/short_navigation_course_1/model.config
[19.638s] -- Symlinking: /home/luca002/proj_ws/install/vrx_gz/share/vrx_gz/models/short_navigation_course_1/model.sdf
[19.646s] -- Symlinking: /home/luca002/proj_ws/install/vrx_gz/share/vrx_gz/models/short_navigation_course_2/model.config
[19.655s] -- Symlinking: /home/luca002/proj_ws/install/vrx_gz/share/vrx_gz/models/short_navigation_course_2/model.sdf
[19.663s] -- Symlinking: /home/luca002/proj_ws/install/vrx_gz/share/vrx_gz/models/short_navigation_course_3/model.config
[19.672s] -- Symlinking: /home/luca002/proj_ws/install/vrx_gz/share/vrx_gz/models/short_navigation_course_3/model.sdf
[19.679s] -- Symlinking: /home/luca002/proj_ws/install/vrx_gz/share/vrx_gz/models/short_navigation_course_4/model.config
[19.689s] -- Symlinking: /home/luca002/proj_ws/install/vrx_gz/share/vrx_gz/models/short_navigation_course_4/model.sdf
[19.697s] -- Symlinking: /home/luca002/proj_ws/install/vrx_gz/share/vrx_gz/models/short_navigation_course_5/model.config
[19.707s] -- Symlinking: /home/luca002/proj_ws/install/vrx_gz/share/vrx_gz/models/short_navigation_course_5/model.sdf
[19.713s] -- Symlinking: /home/luca002/proj_ws/install/vrx_gz/share/vrx_gz/models/symbol_triangle/mesh/triangle.dae
[19.724s] -- Symlinking: /home/luca002/proj_ws/install/vrx_gz/share/vrx_gz/models/symbol_triangle/model.config
[19.735s] -- Symlinking: /home/luca002/proj_ws/install/vrx_gz/share/vrx_gz/models/symbol_triangle/model.sdf
[19.745s] -- Symlinking: /home/luca002/proj_ws/install/vrx_gz/share/vrx_gz/models/tripod/meshes/legs.dae
[19.758s] -- Symlinking: /home/luca002/proj_ws/install/vrx_gz/share/vrx_gz/models/tripod/meshes/ring.dae
[19.771s] -- Symlinking: /home/luca002/proj_ws/install/vrx_gz/share/vrx_gz/models/tripod/model.config
[19.782s] -- Symlinking: /home/luca002/proj_ws/install/vrx_gz/share/vrx_gz/models/tripod/model.sdf
[19.796s] -- Symlinking: /home/luca002/proj_ws/install/vrx_gz/share/vrx_gz/models/vessel/materials/textures/Boat01_Albedo.jpg
[19.806s] -- Symlinking: /home/luca002/proj_ws/install/vrx_gz/share/vrx_gz/models/vessel/materials/textures/Boat01_Normal.jpg
[19.812s] -- Symlinking: /home/luca002/proj_ws/install/vrx_gz/share/vrx_gz/models/vessel/materials/textures/Boat01_Roughness.jpg
[19.824s] -- Symlinking: /home/luca002/proj_ws/install/vrx_gz/share/vrx_gz/models/vessel/meshes/Boat01.dae
[19.840s] -- Symlinking: /home/luca002/proj_ws/install/vrx_gz/share/vrx_gz/models/vessel/model.config
[19.848s] -- Symlinking: /home/luca002/proj_ws/install/vrx_gz/share/vrx_gz/models/vessel/model.sdf
[19.860s] -- Symlinking: /home/luca002/proj_ws/install/vrx_gz/share/vrx_gz/models/vessel/thumbnails/1.png
[19.870s] -- Symlinking: /home/luca002/proj_ws/install/vrx_gz/share/vrx_gz/models/wam-v/meshes/WAM-V-Base.dae
[19.875s] -- Symlinking: /home/luca002/proj_ws/install/vrx_gz/share/vrx_gz/models/wam-v/meshes/WamV.png
[19.885s] -- Symlinking: /home/luca002/proj_ws/install/vrx_gz/share/vrx_gz/models/wam-v/meshes/engine.dae
[19.895s] -- Symlinking: /home/luca002/proj_ws/install/vrx_gz/share/vrx_gz/models/wam-v/meshes/propeller.dae
[19.902s] -- Symlinking: /home/luca002/proj_ws/install/vrx_gz/share/vrx_gz/models/wam-v/model.config
[19.907s] -- Symlinking: /home/luca002/proj_ws/install/vrx_gz/share/vrx_gz/models/wam-v/model.sdf
[19.913s] -- Symlinking: /home/luca002/proj_ws/install/vrx_gz/share/vrx_gz/worlds/boat_world.world
[19.918s] -- Symlinking: /home/luca002/proj_ws/install/vrx_gz/share/vrx_gz/worlds/dave_bimanual_example.world
[19.924s] -- Symlinking: /home/luca002/proj_ws/install/vrx_gz/share/vrx_gz/worlds/demo_world1.sdf
[19.931s] -- Symlinking: /home/luca002/proj_ws/install/vrx_gz/share/vrx_gz/worlds/myworld.sdf
[19.937s] -- Symlinking: /home/luca002/proj_ws/install/vrx_gz/share/vrx_gz/worlds/simple_baylands.sdf
[19.949s] -- Symlinking: /home/luca002/proj_ws/install/vrx_gz/share/vrx_gz/worlds/sydney.world
[19.959s] -- Symlinking: /home/luca002/proj_ws/install/vrx_gz/share/vrx_gz/worlds/sydney_regatta.sdf
[19.966s] -- Symlinking: /home/luca002/proj_ws/install/vrx_gz/share/vrx_gz/worlds/wworld.sdf
[19.972s] -- Symlinking: /home/luca002/proj_ws/install/vrx_gz/share/ament_index/resource_index/package_run_dependencies/vrx_gz
[19.982s] -- Symlinking: /home/luca002/proj_ws/install/vrx_gz/share/ament_index/resource_index/parent_prefix_path/vrx_gz
[19.997s] -- Symlinking: /home/luca002/proj_ws/install/vrx_gz/share/vrx_gz/environment/ament_prefix_path.sh
[20.011s] -- Symlinking: /home/luca002/proj_ws/install/vrx_gz/share/vrx_gz/environment/ament_prefix_path.dsv
[20.024s] -- Symlinking: /home/luca002/proj_ws/install/vrx_gz/share/vrx_gz/environment/path.sh
[20.038s] -- Symlinking: /home/luca002/proj_ws/install/vrx_gz/share/vrx_gz/environment/path.dsv
[20.052s] -- Symlinking: /home/luca002/proj_ws/install/vrx_gz/share/vrx_gz/local_setup.bash
[20.066s] -- Symlinking: /home/luca002/proj_ws/install/vrx_gz/share/vrx_gz/local_setup.sh
[20.079s] -- Symlinking: /home/luca002/proj_ws/install/vrx_gz/share/vrx_gz/local_setup.zsh
[20.094s] -- Symlinking: /home/luca002/proj_ws/install/vrx_gz/share/vrx_gz/local_setup.dsv
[20.108s] -- Symlinking: /home/luca002/proj_ws/install/vrx_gz/share/vrx_gz/package.dsv
[20.123s] -- Symlinking: /home/luca002/proj_ws/install/vrx_gz/share/ament_index/resource_index/packages/vrx_gz
[20.137s] -- Symlinking: /home/luca002/proj_ws/install/vrx_gz/share/vrx_gz/cmake/vrx_gzConfig.cmake
[20.150s] -- Symlinking: /home/luca002/proj_ws/install/vrx_gz/share/vrx_gz/cmake/vrx_gzConfig-version.cmake
[20.163s] -- Symlinking: /home/luca002/proj_ws/install/vrx_gz/share/vrx_gz/package.xml
[20.215s] Listing '/home/luca002/proj_ws/install/vrx_gz/lib/python3.12/site-packages/vrx_gz'...
[20.215s] Compiling '/home/luca002/proj_ws/install/vrx_gz/lib/python3.12/site-packages/vrx_gz/__init__.py'...
[20.215s] Compiling '/home/luca002/proj_ws/install/vrx_gz/lib/python3.12/site-packages/vrx_gz/bridge.py'...
[20.215s] Compiling '/home/luca002/proj_ws/install/vrx_gz/lib/python3.12/site-packages/vrx_gz/bridges.py'...
[20.215s] Compiling '/home/luca002/proj_ws/install/vrx_gz/lib/python3.12/site-packages/vrx_gz/launch.py'...
[20.215s] Compiling '/home/luca002/proj_ws/install/vrx_gz/lib/python3.12/site-packages/vrx_gz/model.py'...
[20.215s] Compiling '/home/luca002/proj_ws/install/vrx_gz/lib/python3.12/site-packages/vrx_gz/monitor_sim.py'...
[20.215s] Compiling '/home/luca002/proj_ws/install/vrx_gz/lib/python3.12/site-packages/vrx_gz/mylaunch.py'...
[20.215s] Compiling '/home/luca002/proj_ws/install/vrx_gz/lib/python3.12/site-packages/vrx_gz/payload_bridges.py'...
[20.220s] Invoked command in '/home/luca002/proj_ws/build/vrx_gz' returned '0': CMAKE_PREFIX_PATH=${CMAKE_PREFIX_PATH}:/opt/ros/jazzy DEBUGINFOD_URLS=https://debuginfod.ubuntu.com /usr/bin/cmake --install /home/luca002/proj_ws/build/vrx_gz
