[0.007s] Invoking command in '/home/luca002/proj_ws/build/wamv_gazebo': CMAKE_PREFIX_PATH=${CMAKE_PREFIX_PATH}:/opt/ros/jazzy DEBUGINFOD_URLS=https://debuginfod.ubuntu.com /usr/bin/cmake /home/luca002/proj_ws/src/wamv_gazebo -DAMENT_CMAKE_SYMLINK_INSTALL=1 -DCMAKE_INSTALL_PREFIX=/home/luca002/proj_ws/install/wamv_gazebo
[0.051s] -- The C compiler identification is GNU 13.3.0
[0.094s] -- The CXX compiler identification is GNU 13.3.0
[0.104s] -- Detecting C compiler ABI info
[0.213s] -- Detecting C compiler ABI info - done
[0.220s] -- Check for working C compiler: /usr/bin/cc - skipped
[0.220s] -- Detecting C compile features
[0.221s] -- Detecting C compile features - done
[0.227s] -- Detecting CXX compiler ABI info
[0.306s] -- Detecting CXX compiler ABI info - done
[0.314s] -- Check for working CXX compiler: /usr/bin/c++ - skipped
[0.314s] -- Detecting CXX compile features
[0.314s] -- Detecting CXX compile features - done
[0.318s] -- Found ament_cmake: 2.5.4 (/opt/ros/jazzy/share/ament_cmake/cmake)
[0.432s] -- Found Python3: /usr/bin/python3 (found version "3.12.3") found components: Interpreter 
[0.481s] -- Override CMake install command with custom implementation using symlinks instead of copying resources
[0.518s] -- Looking for gz-sim8 -- found version 8.9.0
[0.523s] -- Searching for dependencies of gz-sim8
[0.525s] -- Looking for sdformat14 -- found version 14.7.0
[0.525s] -- Searching for dependencies of sdformat14
[0.528s] -- Checking for module 'tinyxml2'
[0.537s] --   Found tinyxml2, version 10.0.0
[0.558s] -- Looking for gz-math7 -- found version 7.5.2
[0.558s] -- Searching for dependencies of gz-math7
[0.560s] -- Looking for gz-utils2 -- found version 2.2.1
[0.560s] -- Searching for dependencies of gz-utils2
[0.561s] -- Looking for gz-utils2 -- found version 2.2.1
[0.561s] -- Searching for dependencies of gz-utils2
[0.561s] -- Searching for <gz-utils2> component [cli]
[0.563s] -- Looking for gz-utils2-cli -- found version 2.2.1
[0.563s] -- Searching for dependencies of gz-utils2-cli
[0.564s] -- Looking for gz-plugin2 -- found version 2.0.4
[0.565s] -- Searching for dependencies of gz-plugin2
[0.565s] -- Looking for gz-utils2 -- found version 2.2.1
[0.565s] -- Searching for <gz-plugin2> component [loader]
[0.566s] -- Looking for gz-plugin2-loader -- found version 2.0.4
[0.566s] -- Searching for dependencies of gz-plugin2-loader
[0.567s] -- Searching for <gz-plugin2> component [register]
[0.568s] -- Looking for gz-plugin2-register -- found version 2.0.4
[0.568s] -- Searching for dependencies of gz-plugin2-register
[0.570s] -- Looking for gz-transport13 -- found version 13.4.1
[0.570s] -- Searching for dependencies of gz-transport13
[0.674s] -- Found Protobuf: /usr/lib/x86_64-linux-gnu/libprotobuf.so (found version "3.21.12") 
[0.683s] -- Config-file not installed for ZeroMQ -- checking for pkg-config
[0.685s] -- Checking for module 'libzmq >= 4'
[0.694s] --   Found libzmq, version 4.3.5
[0.719s] -- Found ZeroMQ: TRUE (Required is at least version "4") 
[0.723s] -- Checking for module 'uuid'
[0.732s] --   Found uuid, version 2.39.3
[0.751s] -- Found UUID: TRUE  
[0.751s] -- Looking for gz-utils2 -- found version 2.2.1
[0.753s] -- Looking for gz-msgs10 -- found version 10.3.2
[0.753s] -- Searching for dependencies of gz-msgs10
[0.766s] -- Looking for gz-utils2 -- found version 2.2.1
[0.766s] -- Looking for gz-math7 -- found version 7.5.2
[0.771s] -- Searching for <gz-transport13> component [log]
[0.772s] -- Looking for gz-transport13-log -- found version 13.4.1
[0.772s] -- Searching for dependencies of gz-transport13-log
[0.772s] -- Searching for <gz-transport13> component [parameters]
[0.773s] -- Looking for gz-transport13-parameters -- found version 13.4.1
[0.773s] -- Searching for dependencies of gz-transport13-parameters
[0.774s] -- Looking for gz-msgs10 -- found version 10.3.2
[0.776s] -- Looking for gz-common5 -- found version 5.7.1
[0.776s] -- Searching for dependencies of gz-common5
[0.776s] -- Looking for gz-utils2 -- found version 2.2.1
[0.776s] -- Looking for dlfcn.h - found
[0.777s] -- Looking for libdl - found
[0.778s] -- Found DL: TRUE  
[0.783s] -- Searching for <gz-common5> component [av]
[0.784s] -- Looking for gz-common5-av -- found version 5.7.1
[0.784s] -- Searching for dependencies of gz-common5-av
[0.788s] -- Checking for module 'libswscale'
[0.797s] --   Found libswscale, version 7.5.100
[0.819s] -- Found SWSCALE: TRUE  
[0.822s] -- Checking for module 'libavdevice >= 56.4.100'
[0.832s] --   Found libavdevice, version 60.3.100
[0.864s] -- Found AVDEVICE: TRUE (Required is at least version "56.4.100") 
[0.869s] -- Checking for module 'libavformat'
[0.883s] --   Found libavformat, version 60.16.100
[0.939s] -- Found AVFORMAT: TRUE  
[0.947s] -- Checking for module 'libavcodec'
[0.967s] --   Found libavcodec, version 60.31.102
[1.023s] -- Found AVCODEC: TRUE  
[1.027s] -- Checking for module 'libavutil'
[1.036s] --   Found libavutil, version 58.29.100
[1.055s] -- Found AVUTIL: TRUE  
[1.056s] -- Searching for <gz-common5> component [events]
[1.057s] -- Looking for gz-common5-events -- found version 5.7.1
[1.058s] -- Searching for dependencies of gz-common5-events
[1.058s] -- Looking for gz-math7 -- found version 7.5.2
[1.058s] -- Searching for <gz-common5> component [graphics]
[1.060s] -- Looking for gz-common5-graphics -- found version 5.7.1
[1.060s] -- Searching for dependencies of gz-common5-graphics
[1.060s] -- Looking for gz-math7 -- found version 7.5.2
[1.064s] -- Found GzAssimp: TRUE (found version "5.3.0") 
[1.064s] -- Searching for <gz-common5> component [io]
[1.066s] -- Looking for gz-common5-io -- found version 5.7.1
[1.066s] -- Searching for dependencies of gz-common5-io
[1.066s] -- Searching for <gz-common5> component [profiler]
[1.068s] -- Looking for gz-common5-profiler -- found version 5.7.1
[1.068s] -- Searching for dependencies of gz-common5-profiler
[1.069s] -- Looking for gz-fuel_tools9 -- found version 9.1.1
[1.069s] -- Searching for dependencies of gz-fuel_tools9
[1.125s] -- Found CURL: /usr/lib/x86_64-linux-gnu/libcurl.so (found version "8.5.0")  
[1.132s] -- Checking for module 'jsoncpp'
[1.141s] --   Found jsoncpp, version 1.9.5
[1.161s] -- Found JSONCPP: TRUE  
[1.172s] -- Checking for module 'yaml-0.1'
[1.181s] --   Found yaml-0.1, version 0.2.5
[1.201s] -- Found YAML: TRUE  
[1.204s] -- Checking for module 'libzip'
[1.215s] --   Found libzip, version 1.7.3
[1.235s] -- Found ZIP: TRUE  
[1.236s] -- Looking for gz-utils2 -- found version 2.2.1
[1.236s] -- Looking for gz-common5 -- found version 5.7.1
[1.236s] -- Searching for dependencies of gz-common5
[1.236s] -- Looking for gz-utils2 -- found version 2.2.1
[1.237s] -- Looking for dlfcn.h - found
[1.237s] -- Looking for libdl - found
[1.241s] -- Searching for <gz-common5> component [testing]
[1.243s] -- Looking for gz-common5-testing -- found version 5.7.1
[1.243s] -- Searching for dependencies of gz-common5-testing
[1.244s] -- Looking for gz-math7 -- found version 7.5.2
[1.244s] -- Looking for gz-msgs10 -- found version 10.3.2
[1.246s] -- Looking for gz-gui8 -- found version 8.4.0
[1.246s] -- Searching for dependencies of gz-gui8
[1.262s] -- Looking for gz-utils2 -- found version 2.2.1
[1.262s] -- Looking for gz-math7 -- found version 7.5.2
[1.263s] -- Looking for gz-common5 -- found version 5.7.1
[1.263s] -- Looking for gz-plugin2 -- found version 2.0.4
[1.263s] -- Looking for gz-transport13 -- found version 13.4.1
[1.264s] -- Looking for gz-rendering8 -- found version 8.2.2
[1.265s] -- Searching for dependencies of gz-rendering8
[1.265s] -- Looking for gz-math7 -- found version 7.5.2
[1.265s] -- Searching for dependencies of gz-math7
[1.265s] -- Looking for gz-utils2 -- found version 2.2.1
[1.265s] -- Searching for <gz-math7> component [eigen3]
[1.267s] -- Looking for gz-math7-eigen3 -- found version 7.5.2
[1.267s] -- Searching for dependencies of gz-math7-eigen3
[1.273s] -- Looking for gz-common5 -- found version 5.7.1
[1.273s] -- Searching for dependencies of gz-common5
[1.273s] -- Looking for gz-utils2 -- found version 2.2.1
[1.274s] -- Looking for dlfcn.h - found
[1.274s] -- Looking for libdl - found
[1.278s] -- Searching for <gz-common5> component [graphics]
[1.278s] -- Searching for <gz-common5> component [events]
[1.278s] -- Searching for <gz-common5> component [geospatial]
[1.280s] -- Looking for gz-common5-geospatial -- found version 5.7.1
[1.280s] -- Searching for dependencies of gz-common5-geospatial
[1.280s] -- Looking for gz-math7 -- found version 7.5.2
[1.280s] -- Looking for gz-common5 -- found version 5.7.1
[1.281s] -- Looking for gz-plugin2 -- found version 2.0.4
[1.281s] -- Searching for dependencies of gz-plugin2
[1.281s] -- Looking for gz-utils2 -- found version 2.2.1
[1.281s] -- Searching for <gz-plugin2> component [all]
[1.283s] -- Looking for all libraries of gz-plugin2 -- found version 2.0.4
[1.283s] -- Looking for gz-plugin2 -- found version 2.0.4
[1.284s] -- Looking for gz-utils2 -- found version 2.2.1
[1.292s] -- Found OpenGL: /usr/lib/x86_64-linux-gnu/libOpenGL.so  found components: OpenGL 
[1.293s] -- Looking for gz-msgs10 -- found version 10.3.2
[1.307s] -- Looking for gz-physics7 -- found version 7.5.0
[1.307s] -- Searching for dependencies of gz-physics7
[1.308s] -- Looking for gz-common5 -- found version 5.7.1
[1.308s] -- Looking for gz-math7 -- found version 7.5.2
[1.308s] -- Looking for gz-plugin2 -- found version 2.0.4
[1.308s] -- Looking for gz-utils2 -- found version 2.2.1
[1.309s] -- Searching for <gz-physics7> component [heightmap]
[1.310s] -- Looking for gz-physics7-heightmap -- found version 7.5.0
[1.311s] -- Searching for dependencies of gz-physics7-heightmap
[1.311s] -- Looking for gz-common5 -- found version 5.7.1
[1.312s] -- Searching for <gz-physics7> component [mesh]
[1.313s] -- Looking for gz-physics7-mesh -- found version 7.5.0
[1.313s] -- Searching for dependencies of gz-physics7-mesh
[1.313s] -- Looking for gz-common5 -- found version 5.7.1
[1.313s] -- Searching for <gz-physics7> component [sdf]
[1.315s] -- Looking for gz-physics7-sdf -- found version 7.5.0
[1.315s] -- Searching for dependencies of gz-physics7-sdf
[1.315s] -- Looking for sdformat14 -- found version 14.7.0
[1.316s] -- Looking for gz-sensors8 -- found version 8.2.2
[1.317s] -- Searching for dependencies of gz-sensors8
[1.331s] -- Looking for gz-math7 -- found version 7.5.2
[1.331s] -- Looking for gz-common5 -- found version 5.7.1
[1.331s] -- Looking for gz-transport13 -- found version 13.4.1
[1.331s] -- Looking for gz-rendering8 -- found version 8.2.2
[1.332s] -- Looking for gz-msgs10 -- found version 10.3.2
[1.332s] -- Looking for sdformat14 -- found version 14.7.0
[1.332s] -- Searching for <gz-sensors8> component [air_pressure]
[1.333s] -- Looking for gz-sensors8-air_pressure -- found version 8.2.2
[1.334s] -- Searching for dependencies of gz-sensors8-air_pressure
[1.334s] -- Searching for <gz-sensors8> component [air_speed]
[1.335s] -- Looking for gz-sensors8-air_speed -- found version 8.2.2
[1.335s] -- Searching for dependencies of gz-sensors8-air_speed
[1.335s] -- Searching for <gz-sensors8> component [altimeter]
[1.336s] -- Looking for gz-sensors8-altimeter -- found version 8.2.2
[1.336s] -- Searching for dependencies of gz-sensors8-altimeter
[1.337s] -- Searching for <gz-sensors8> component [imu]
[1.338s] -- Looking for gz-sensors8-imu -- found version 8.2.2
[1.338s] -- Searching for dependencies of gz-sensors8-imu
[1.338s] -- Searching for <gz-sensors8> component [force_torque]
[1.339s] -- Looking for gz-sensors8-force_torque -- found version 8.2.2
[1.339s] -- Searching for dependencies of gz-sensors8-force_torque
[1.340s] -- Searching for <gz-sensors8> component [logical_camera]
[1.341s] -- Looking for gz-sensors8-logical_camera -- found version 8.2.2
[1.341s] -- Searching for dependencies of gz-sensors8-logical_camera
[1.341s] -- Searching for <gz-sensors8> component [magnetometer]
[1.342s] -- Looking for gz-sensors8-magnetometer -- found version 8.2.2
[1.342s] -- Searching for dependencies of gz-sensors8-magnetometer
[1.342s] -- Searching for <gz-sensors8> component [navsat]
[1.343s] -- Looking for gz-sensors8-navsat -- found version 8.2.2
[1.344s] -- Searching for dependencies of gz-sensors8-navsat
[1.344s] -- Searching for <gz-sensors8> component [dvl]
[1.345s] -- Looking for gz-sensors8-dvl -- found version 8.2.2
[1.345s] -- Searching for dependencies of gz-sensors8-dvl
[1.345s] -- Looking for gz-sensors8 -- found version 8.2.2
[1.345s] -- Searching for dependencies of gz-sensors8
[1.359s] -- Looking for gz-math7 -- found version 7.5.2
[1.359s] -- Looking for gz-common5 -- found version 5.7.1
[1.359s] -- Looking for gz-transport13 -- found version 13.4.1
[1.359s] -- Looking for gz-rendering8 -- found version 8.2.2
[1.360s] -- Looking for gz-msgs10 -- found version 10.3.2
[1.360s] -- Looking for sdformat14 -- found version 14.7.0
[1.360s] -- Searching for <gz-sensors8> component [rendering]
[1.361s] -- Looking for gz-sensors8-rendering -- found version 8.2.2
[1.361s] -- Searching for dependencies of gz-sensors8-rendering
[1.362s] -- Searching for <gz-sensors8> component [rendering]
[1.362s] -- Searching for <gz-sensors8> component [lidar]
[1.363s] -- Looking for gz-sensors8-lidar -- found version 8.2.2
[1.363s] -- Searching for dependencies of gz-sensors8-lidar
[1.363s] -- Looking for gz-sensors8 -- found version 8.2.2
[1.364s] -- Searching for <gz-sensors8> component [gpu_lidar]
[1.365s] -- Looking for gz-sensors8-gpu_lidar -- found version 8.2.2
[1.365s] -- Searching for dependencies of gz-sensors8-gpu_lidar
[1.365s] -- Looking for gz-sensors8 -- found version 8.2.2
[1.365s] -- Searching for <gz-sensors8> component [camera]
[1.366s] -- Looking for gz-sensors8-camera -- found version 8.2.2
[1.366s] -- Searching for dependencies of gz-sensors8-camera
[1.367s] -- Looking for gz-sensors8 -- found version 8.2.2
[1.367s] -- Searching for <gz-sensors8> component [boundingbox_camera]
[1.368s] -- Looking for gz-sensors8-boundingbox_camera -- found version 8.2.2
[1.368s] -- Searching for dependencies of gz-sensors8-boundingbox_camera
[1.369s] -- Searching for <gz-sensors8> component [segmentation_camera]
[1.370s] -- Looking for gz-sensors8-segmentation_camera -- found version 8.2.2
[1.370s] -- Searching for dependencies of gz-sensors8-segmentation_camera
[1.370s] -- Searching for <gz-sensors8> component [depth_camera]
[1.371s] -- Looking for gz-sensors8-depth_camera -- found version 8.2.2
[1.371s] -- Searching for dependencies of gz-sensors8-depth_camera
[1.371s] -- Looking for gz-sensors8 -- found version 8.2.2
[1.372s] -- Searching for <gz-sensors8> component [rgbd_camera]
[1.373s] -- Looking for gz-sensors8-rgbd_camera -- found version 8.2.2
[1.373s] -- Searching for dependencies of gz-sensors8-rgbd_camera
[1.373s] -- Looking for gz-sensors8 -- found version 8.2.2
[1.373s] -- Searching for <gz-sensors8> component [thermal_camera]
[1.374s] -- Looking for gz-sensors8-thermal_camera -- found version 8.2.2
[1.375s] -- Searching for dependencies of gz-sensors8-thermal_camera
[1.375s] -- Looking for gz-sensors8 -- found version 8.2.2
[1.375s] -- Searching for <gz-sensors8> component [wide_angle_camera]
[1.376s] -- Looking for gz-sensors8-wide_angle_camera -- found version 8.2.2
[1.376s] -- Searching for dependencies of gz-sensors8-wide_angle_camera
[1.377s] -- Looking for gz-rendering8 -- found version 8.2.2
[1.377s] -- Looking for gz-math7 -- found version 7.5.2
[1.378s] -- Looking for gz-utils2 -- found version 2.2.1
[1.391s] -- Looking for gz-common5 -- found version 5.7.1
[1.391s] -- Looking for gz-fuel_tools9 -- found version 9.1.1
[1.392s] -- Looking for gz-math7 -- found version 7.5.2
[1.392s] -- Looking for gz-msgs10 -- found version 10.3.2
[1.392s] -- Looking for gz-transport13 -- found version 13.4.1
[1.392s] -- Looking for gz-plugin2 -- found version 2.0.4
[1.393s] -- Looking for gz-rendering8 -- found version 8.2.2
[1.393s] -- Looking for gz-sensors8 -- found version 8.2.2
[1.393s] -- Looking for gz-utils2 -- found version 2.2.1
[1.393s] -- Looking for sdformat14 -- found version 14.7.0
[1.396s] -- Found std_msgs: 5.3.6 (/opt/ros/jazzy/share/std_msgs/cmake)
[1.429s] -- Found rosidl_generator_c: 4.6.5 (/opt/ros/jazzy/share/rosidl_generator_c/cmake)
[1.442s] -- Found rosidl_generator_cpp: 4.6.5 (/opt/ros/jazzy/share/rosidl_generator_cpp/cmake)
[1.457s] -- Using all available rosidl_typesupport_c: rosidl_typesupport_fastrtps_c;rosidl_typesupport_introspection_c
[1.473s] -- Using all available rosidl_typesupport_cpp: rosidl_typesupport_fastrtps_cpp;rosidl_typesupport_introspection_cpp
[1.637s] -- Configuring done (1.6s)
[1.714s] -- Generating done (0.1s)
[1.730s] -- Build files have been written to: /home/luca002/proj_ws/build/wamv_gazebo
[1.741s] Invoked command in '/home/luca002/proj_ws/build/wamv_gazebo' returned '0': CMAKE_PREFIX_PATH=${CMAKE_PREFIX_PATH}:/opt/ros/jazzy DEBUGINFOD_URLS=https://debuginfod.ubuntu.com /usr/bin/cmake /home/luca002/proj_ws/src/wamv_gazebo -DAMENT_CMAKE_SYMLINK_INSTALL=1 -DCMAKE_INSTALL_PREFIX=/home/luca002/proj_ws/install/wamv_gazebo
[1.742s] Invoking command in '/home/luca002/proj_ws/build/wamv_gazebo': CMAKE_PREFIX_PATH=${CMAKE_PREFIX_PATH}:/opt/ros/jazzy DEBUGINFOD_URLS=https://debuginfod.ubuntu.com /usr/bin/cmake --build /home/luca002/proj_ws/build/wamv_gazebo -- -j16 -l16
[1.779s] [  2%] [32mBuilding CXX object CMakeFiles/Waves.dir/src/Wavefield.cc.o[0m
[1.779s] [  4%] [32mBuilding CXX object CMakeFiles/ScoringPlugin.dir/src/ScoringPlugin.cc.o[0m
[1.784s] [  4%] Built target ament_cmake_python_symlink_wamv_gazebo
[1.944s] running egg_info
[1.945s] creating wamv_gazebo.egg-info
[1.960s] writing wamv_gazebo.egg-info/PKG-INFO
[1.960s] writing dependency_links to wamv_gazebo.egg-info/dependency_links.txt
[1.960s] writing top-level names to wamv_gazebo.egg-info/top_level.txt
[1.960s] writing manifest file 'wamv_gazebo.egg-info/SOURCES.txt'
[2.003s] reading manifest file 'wamv_gazebo.egg-info/SOURCES.txt'
[2.003s] writing manifest file 'wamv_gazebo.egg-info/SOURCES.txt'
[2.028s] [  4%] Built target ament_cmake_python_build_wamv_gazebo_egg
[4.083s] [  6%] [32m[1mLinking CXX shared library libWaves.so[0m
[4.212s] [  6%] Built target Waves
[4.230s] [ 12%] [32mBuilding CXX object CMakeFiles/PolyhedraBuoyancyDrag.dir/src/ShapeVolume.cc.o[0m
[4.230s] [ 12%] [32mBuilding CXX object CMakeFiles/PolyhedraBuoyancyDrag.dir/src/PolyhedraBuoyancyDrag.cc.o[0m
[4.230s] [ 12%] [32mBuilding CXX object CMakeFiles/PolyhedraBuoyancyDrag.dir/src/PolyhedronVolume.cc.o[0m
[5.068s] [ 14%] [32m[1mLinking CXX shared library libScoringPlugin.so[0m
[5.222s] [ 14%] Built target ScoringPlugin
[5.246s] [ 18%] [32mBuilding CXX object CMakeFiles/LightBuoyPlugin.dir/src/LightBuoyPlugin.cc.o[0m
[5.248s] [ 22%] [32mBuilding CXX object CMakeFiles/NavigationScoringPlugin.dir/src/NavigationScoringPlugin.cc.o[0m
[5.248s] [ 22%] [32mBuilding CXX object CMakeFiles/AcousticTrackingScoringPlugin.dir/src/AcousticTrackingScoringPlugin.cc.o[0m
[5.248s] [ 22%] [32mBuilding CXX object CMakeFiles/StationkeepingScoringPlugin.dir/src/StationkeepingScoringPlugin.cc.o[0m
[5.248s] [ 31%] [32mBuilding CXX object CMakeFiles/PlacardPlugin.dir/src/PlacardPlugin.cc.o[0m
[5.248s] [ 31%] [32mBuilding CXX object CMakeFiles/BallShooterPlugin.dir/src/BallShooterPlugin.cc.o[0m
[5.248s] [ 31%] [32mBuilding CXX object CMakeFiles/GymkhanaScoringPlugin.dir/src/GymkhanaScoringPlugin.cc.o[0m
[5.248s] [ 31%] [32mBuilding CXX object CMakeFiles/PerceptionScoringPlugin.dir/src/PerceptionScoringPlugin.cc.o[0m
[5.248s] [ 33%] [32mBuilding CXX object CMakeFiles/SimpleHydrodynamics.dir/src/SimpleHydrodynamics.cc.o[0m
[5.248s] [ 39%] [32mBuilding CXX object CMakeFiles/PublisherPlugin.dir/src/PublisherPlugin.cc.o[0m
[5.248s] [ 39%] [32mBuilding CXX object CMakeFiles/WayfindingScoringPlugin.dir/src/WayfindingScoringPlugin.cc.o[0m
[5.248s] [ 39%] [32mBuilding CXX object CMakeFiles/AcousticPerceptionScoringPlugin.dir/src/AcousticPerceptionScoringPlugin.cc.o[0m
[5.249s] [ 41%] [32mBuilding CXX object CMakeFiles/ScanDockScoringPlugin.dir/src/ScanDockScoringPlugin.cc.o[0m
[5.249s] [ 43%] [32mBuilding CXX object CMakeFiles/AcousticPingerPlugin.dir/src/AcousticPingerPlugin.cc.o[0m
[5.363s] [ 45%] [32mBuilding CXX object CMakeFiles/StationkeepingScoringPlugin.dir/src/WaypointMarkers.cc.o[0m
[9.706s] [ 47%] [32m[1mLinking CXX shared library libPublisherPlugin.so[0m
[9.859s] [ 50%] [32mBuilding CXX object CMakeFiles/AcousticTrackingScoringPlugin.dir/src/WaypointMarkers.cc.o[0m
[10.074s] [ 50%] Built target PublisherPlugin
[10.089s] [ 52%] [32mBuilding CXX object CMakeFiles/WayfindingScoringPlugin.dir/src/WaypointMarkers.cc.o[0m
[10.157s] [ 54%] [32m[1mLinking CXX shared library libLightBuoyPlugin.so[0m
[10.597s] [ 54%] Built target LightBuoyPlugin
[10.634s] [ 56%] [32mBuilding CXX object CMakeFiles/Surface.dir/src/Surface.cc.o[0m
[10.907s] [ 58%] [32m[1mLinking CXX shared library libPolyhedraBuoyancyDrag.so[0m
[10.941s] [ 60%] [32m[1mLinking CXX shared library libGymkhanaScoringPlugin.so[0m
[11.025s] [ 62%] [32m[1mLinking CXX shared library libSimpleHydrodynamics.so[0m
[11.252s] [ 64%] [32m[1mLinking CXX shared library libPlacardPlugin.so[0m
[11.448s] [ 64%] Built target PolyhedraBuoyancyDrag
[11.451s] [ 64%] Built target SimpleHydrodynamics
[11.476s] [ 64%] Built target GymkhanaScoringPlugin
[11.497s] [ 66%] [32mBuilding CXX object CMakeFiles/AcousticPerceptionScoringPlugin.dir/src/WaypointMarkers.cc.o[0m
[11.503s] [ 70%] [32mBuilding CXX object CMakeFiles/USVWind.dir/src/USVWind.cc.o[0m
[11.503s] [ 70%] [32mBuilding CXX object CMakeFiles/WaveVisual.dir/src/WaveVisual.cc.o[0m
[11.665s] [ 70%] Built target PlacardPlugin
[11.699s] [ 72%] [32mBuilding CXX object CMakeFiles/WildlifeScoringPlugin.dir/src/WildlifeScoringPlugin.cc.o[0m
[12.917s] [ 75%] [32m[1mLinking CXX shared library libPerceptionScoringPlugin.so[0m
[13.054s] [ 77%] [32m[1mLinking CXX shared library libAcousticPingerPlugin.so[0m
[13.453s] [ 77%] Built target PerceptionScoringPlugin
[13.515s] [ 77%] Built target AcousticPingerPlugin
[13.525s] [ 79%] [32m[1mLinking CXX shared library libStationkeepingScoringPlugin.so[0m
[13.782s] [ 79%] Built target StationkeepingScoringPlugin
[13.922s] [ 81%] [32m[1mLinking CXX shared library libNavigationScoringPlugin.so[0m
[14.228s] [ 81%] Built target NavigationScoringPlugin
[14.289s] [ 83%] [32m[1mLinking CXX shared library libAcousticTrackingScoringPlugin.so[0m
[14.325s] [ 85%] [32m[1mLinking CXX shared library libWayfindingScoringPlugin.so[0m
[14.369s] [ 87%] [32m[1mLinking CXX shared library libBallShooterPlugin.so[0m
[14.372s] [ 89%] [32m[1mLinking CXX shared library libScanDockScoringPlugin.so[0m
[14.633s] [ 89%] Built target AcousticTrackingScoringPlugin
[14.666s] [ 89%] Built target WayfindingScoringPlugin
[14.719s] [ 89%] Built target ScanDockScoringPlugin
[14.775s] [ 89%] Built target BallShooterPlugin
[15.280s] [ 91%] [32m[1mLinking CXX shared library libAcousticPerceptionScoringPlugin.so[0m
[15.482s] [ 91%] Built target AcousticPerceptionScoringPlugin
[15.630s] [ 93%] [32m[1mLinking CXX shared library libSurface.so[0m
[15.810s] [ 93%] Built target Surface
[16.975s] [ 95%] [32m[1mLinking CXX shared library libWildlifeScoringPlugin.so[0m
[17.156s] [ 95%] Built target WildlifeScoringPlugin
[17.291s] [ 97%] [32m[1mLinking CXX shared library libUSVWind.so[0m
[17.355s] [100%] [32m[1mLinking CXX shared library libWaveVisual.so[0m
[17.457s] [100%] Built target USVWind
[17.523s] [100%] Built target WaveVisual
[17.532s] Invoked command in '/home/luca002/proj_ws/build/wamv_gazebo' returned '0': CMAKE_PREFIX_PATH=${CMAKE_PREFIX_PATH}:/opt/ros/jazzy DEBUGINFOD_URLS=https://debuginfod.ubuntu.com /usr/bin/cmake --build /home/luca002/proj_ws/build/wamv_gazebo -- -j16 -l16
[17.538s] Invoking command in '/home/luca002/proj_ws/build/wamv_gazebo': CMAKE_PREFIX_PATH=${CMAKE_PREFIX_PATH}:/opt/ros/jazzy DEBUGINFOD_URLS=https://debuginfod.ubuntu.com /usr/bin/cmake --install /home/luca002/proj_ws/build/wamv_gazebo
[17.543s] -- Install configuration: ""
[17.543s] -- Execute custom install script
[17.543s] -- Symlinking: /home/luca002/proj_ws/install/wamv_gazebo/share/wamv_gazebo/environment/resource_paths.dsv
[17.549s] -- Symlinking: /home/luca002/proj_ws/install/wamv_gazebo/share/wamv_gazebo/environment/resource_paths.sh
[17.555s] -- Symlinking: /home/luca002/proj_ws/install/wamv_gazebo/lib/libWaves.so
[17.560s] -- Symlinking: /home/luca002/proj_ws/install/wamv_gazebo/lib/libPolyhedraBuoyancyDrag.so
[17.565s] -- Symlinking: /home/luca002/proj_ws/install/wamv_gazebo/lib/libScoringPlugin.so
[17.570s] -- Symlinking: /home/luca002/proj_ws/install/wamv_gazebo/lib/libStationkeepingScoringPlugin.so
[17.575s] -- Symlinking: /home/luca002/proj_ws/install/wamv_gazebo/lib/libWayfindingScoringPlugin.so
[17.580s] -- Symlinking: /home/luca002/proj_ws/install/wamv_gazebo/lib/libAcousticPerceptionScoringPlugin.so
[17.586s] -- Symlinking: /home/luca002/proj_ws/install/wamv_gazebo/lib/libAcousticTrackingScoringPlugin.so
[17.591s] -- Symlinking: /home/luca002/proj_ws/install/wamv_gazebo/lib/libAcousticPingerPlugin.so
[17.597s] -- Symlinking: /home/luca002/proj_ws/install/wamv_gazebo/lib/libBallShooterPlugin.so
[17.606s] -- Symlinking: /home/luca002/proj_ws/install/wamv_gazebo/lib/libLightBuoyPlugin.so
[17.612s] -- Symlinking: /home/luca002/proj_ws/install/wamv_gazebo/lib/libNavigationScoringPlugin.so
[17.618s] -- Symlinking: /home/luca002/proj_ws/install/wamv_gazebo/lib/libGymkhanaScoringPlugin.so
[17.623s] -- Symlinking: /home/luca002/proj_ws/install/wamv_gazebo/lib/libPerceptionScoringPlugin.so
[17.628s] -- Symlinking: /home/luca002/proj_ws/install/wamv_gazebo/lib/libPlacardPlugin.so
[17.633s] -- Symlinking: /home/luca002/proj_ws/install/wamv_gazebo/lib/libPublisherPlugin.so
[17.645s] -- Symlinking: /home/luca002/proj_ws/install/wamv_gazebo/lib/libScanDockScoringPlugin.so
[17.652s] -- Symlinking: /home/luca002/proj_ws/install/wamv_gazebo/lib/libSimpleHydrodynamics.so
[17.657s] -- Symlinking: /home/luca002/proj_ws/install/wamv_gazebo/lib/libSurface.so
[17.662s] -- Symlinking: /home/luca002/proj_ws/install/wamv_gazebo/lib/libUSVWind.so
[17.668s] -- Symlinking: /home/luca002/proj_ws/install/wamv_gazebo/lib/libWaveVisual.so
[17.673s] -- Symlinking: /home/luca002/proj_ws/install/wamv_gazebo/lib/libWildlifeScoringPlugin.so
[17.678s] -- Symlinking: /home/luca002/proj_ws/install/wamv_gazebo/share/wamv_gazebo/environment/pythonpath.sh
[17.683s] -- Symlinking: /home/luca002/proj_ws/install/wamv_gazebo/share/wamv_gazebo/environment/pythonpath.dsv
[17.688s] -- Symlinking: /home/luca002/proj_ws/install/wamv_gazebo/lib/python3.12/site-packages/wamv_gazebo-0.0.0-py3.12.egg-info/PKG-INFO
[17.693s] -- Symlinking: /home/luca002/proj_ws/install/wamv_gazebo/lib/python3.12/site-packages/wamv_gazebo-0.0.0-py3.12.egg-info/SOURCES.txt
[17.701s] -- Symlinking: /home/luca002/proj_ws/install/wamv_gazebo/lib/python3.12/site-packages/wamv_gazebo-0.0.0-py3.12.egg-info/dependency_links.txt
[17.712s] -- Symlinking: /home/luca002/proj_ws/install/wamv_gazebo/lib/python3.12/site-packages/wamv_gazebo-0.0.0-py3.12.egg-info/top_level.txt
[17.720s] -- Symlinking: /home/luca002/proj_ws/install/wamv_gazebo/lib/python3.12/site-packages/wamv_gazebo/__init__.py
[17.727s] -- Symlinking: /home/luca002/proj_ws/install/wamv_gazebo/lib/python3.12/site-packages/wamv_gazebo/bridge.py
[17.733s] -- Symlinking: /home/luca002/proj_ws/install/wamv_gazebo/lib/python3.12/site-packages/wamv_gazebo/bridges.py
[17.738s] -- Symlinking: /home/luca002/proj_ws/install/wamv_gazebo/lib/python3.12/site-packages/wamv_gazebo/launch.py
[17.744s] -- Symlinking: /home/luca002/proj_ws/install/wamv_gazebo/lib/python3.12/site-packages/wamv_gazebo/model.py
[17.755s] -- Symlinking: /home/luca002/proj_ws/install/wamv_gazebo/lib/python3.12/site-packages/wamv_gazebo/monitor_sim.py
[17.765s] -- Symlinking: /home/luca002/proj_ws/install/wamv_gazebo/lib/python3.12/site-packages/wamv_gazebo/payload_bridges.py
[17.775s] -- Symlinking: /home/luca002/proj_ws/install/wamv_gazebo/share/wamv_gazebo/config/wamv.yaml
[17.786s] -- Symlinking: /home/luca002/proj_ws/install/wamv_gazebo/share/wamv_gazebo/launch/__init__.py
[17.793s] -- Symlinking: /home/luca002/proj_ws/install/wamv_gazebo/share/wamv_gazebo/launch/__pycache__/bridge.cpython-312.pyc
[17.799s] -- Symlinking: /home/luca002/proj_ws/install/wamv_gazebo/share/wamv_gazebo/launch/bridge.py
[17.809s] -- Symlinking: /home/luca002/proj_ws/install/wamv_gazebo/share/wamv_gazebo/launch/competition.launch.py
[17.820s] -- Symlinking: /home/luca002/proj_ws/install/wamv_gazebo/share/wamv_gazebo/launch/mylaunch.py
[17.826s] -- Symlinking: /home/luca002/proj_ws/install/wamv_gazebo/share/wamv_gazebo/launch/spawn.launch.py
[17.832s] -- Symlinking: /home/luca002/proj_ws/install/wamv_gazebo/share/wamv_gazebo/launch/spawn_config.launch.py
[17.839s] -- Symlinking: /home/luca002/proj_ws/install/wamv_gazebo/share/wamv_gazebo/launch/usv_joy_teleop.py
[17.848s] -- Symlinking: /home/luca002/proj_ws/install/wamv_gazebo/share/wamv_gazebo/launch/vrx_environment.launch.py
[17.855s] -- Symlinking: /home/luca002/proj_ws/install/wamv_gazebo/share/wamv_gazebo/models/3d_lidar/mesh/3d_Lidar_Albedo.png
[17.860s] -- Symlinking: /home/luca002/proj_ws/install/wamv_gazebo/share/wamv_gazebo/models/3d_lidar/mesh/3d_Lidar_Metalness.png
[17.866s] -- Symlinking: /home/luca002/proj_ws/install/wamv_gazebo/share/wamv_gazebo/models/3d_lidar/mesh/3d_Lidar_Normal.png
[17.873s] -- Symlinking: /home/luca002/proj_ws/install/wamv_gazebo/share/wamv_gazebo/models/3d_lidar/mesh/3d_Lidar_Roughness.png
[17.879s] -- Symlinking: /home/luca002/proj_ws/install/wamv_gazebo/share/wamv_gazebo/models/3d_lidar/mesh/3d_lidar.dae
[17.884s] -- Symlinking: /home/luca002/proj_ws/install/wamv_gazebo/share/wamv_gazebo/models/3d_lidar/mesh/3d_lidar.png
[17.892s] -- Symlinking: /home/luca002/proj_ws/install/wamv_gazebo/share/wamv_gazebo/models/3d_lidar/model.config
[17.902s] -- Symlinking: /home/luca002/proj_ws/install/wamv_gazebo/share/wamv_gazebo/models/3d_lidar/model.sdf
[17.916s] -- Symlinking: /home/luca002/proj_ws/install/wamv_gazebo/share/wamv_gazebo/models/articulated_platform/model.config
[17.926s] -- Symlinking: /home/luca002/proj_ws/install/wamv_gazebo/share/wamv_gazebo/models/articulated_platform/model.sdf
[17.932s] -- Symlinking: /home/luca002/proj_ws/install/wamv_gazebo/share/wamv_gazebo/models/ball_shooter/materials/Textures/Launcher_Albedo.png
[17.941s] -- Symlinking: /home/luca002/proj_ws/install/wamv_gazebo/share/wamv_gazebo/models/ball_shooter/materials/Textures/Launcher_Metalness.png
[17.953s] -- Symlinking: /home/luca002/proj_ws/install/wamv_gazebo/share/wamv_gazebo/models/ball_shooter/materials/Textures/Launcher_Normal.png
[17.963s] -- Symlinking: /home/luca002/proj_ws/install/wamv_gazebo/share/wamv_gazebo/models/ball_shooter/materials/Textures/Launcher_Roughness.png
[17.974s] -- Symlinking: /home/luca002/proj_ws/install/wamv_gazebo/share/wamv_gazebo/models/ball_shooter/meshes/Launcher_Albedo.png
[17.982s] -- Symlinking: /home/luca002/proj_ws/install/wamv_gazebo/share/wamv_gazebo/models/ball_shooter/meshes/Launcher_BaseColor.png
[17.992s] -- Symlinking: /home/luca002/proj_ws/install/wamv_gazebo/share/wamv_gazebo/models/ball_shooter/meshes/ball_shooter_base.dae
[17.999s] -- Symlinking: /home/luca002/proj_ws/install/wamv_gazebo/share/wamv_gazebo/models/ball_shooter/meshes/ball_shooter_launcher.dae
[18.006s] -- Symlinking: /home/luca002/proj_ws/install/wamv_gazebo/share/wamv_gazebo/models/ball_shooter/model.config
[18.013s] -- Symlinking: /home/luca002/proj_ws/install/wamv_gazebo/share/wamv_gazebo/models/ball_shooter/model.sdf
[18.020s] -- Symlinking: /home/luca002/proj_ws/install/wamv_gazebo/share/wamv_gazebo/models/battery/mesh/battery.dae
[18.025s] -- Symlinking: /home/luca002/proj_ws/install/wamv_gazebo/share/wamv_gazebo/models/battery/mesh/battery.png
[18.031s] -- Symlinking: /home/luca002/proj_ws/install/wamv_gazebo/share/wamv_gazebo/models/battery/mesh/battery_Albedo.png
[18.036s] -- Symlinking: /home/luca002/proj_ws/install/wamv_gazebo/share/wamv_gazebo/models/battery/mesh/battery_Metalness.png
[18.042s] -- Symlinking: /home/luca002/proj_ws/install/wamv_gazebo/share/wamv_gazebo/models/battery/mesh/battery_Normal.png
[18.048s] -- Symlinking: /home/luca002/proj_ws/install/wamv_gazebo/share/wamv_gazebo/models/battery/mesh/battery_Roughness.png
[18.053s] -- Symlinking: /home/luca002/proj_ws/install/wamv_gazebo/share/wamv_gazebo/models/battery/model.config
[18.061s] -- Symlinking: /home/luca002/proj_ws/install/wamv_gazebo/share/wamv_gazebo/models/battery/model.sdf
[18.066s] -- Symlinking: /home/luca002/proj_ws/install/wamv_gazebo/share/wamv_gazebo/models/blue_projectile/model.config
[18.072s] -- Symlinking: /home/luca002/proj_ws/install/wamv_gazebo/share/wamv_gazebo/models/blue_projectile/model.sdf
[18.077s] -- Symlinking: /home/luca002/proj_ws/install/wamv_gazebo/share/wamv_gazebo/models/boat/materials/textures/Boat_Albedo.png
[18.084s] -- Symlinking: /home/luca002/proj_ws/install/wamv_gazebo/share/wamv_gazebo/models/boat/materials/textures/Boat_Metalness.png
[18.089s] -- Symlinking: /home/luca002/proj_ws/install/wamv_gazebo/share/wamv_gazebo/models/boat/materials/textures/Boat_Normal.png
[18.096s] -- Symlinking: /home/luca002/proj_ws/install/wamv_gazebo/share/wamv_gazebo/models/boat/materials/textures/Boat_Roughness.png
[18.104s] -- Symlinking: /home/luca002/proj_ws/install/wamv_gazebo/share/wamv_gazebo/models/boat/materials/textures/lidar_3d_v1.png
[18.114s] -- Symlinking: /home/luca002/proj_ws/install/wamv_gazebo/share/wamv_gazebo/models/boat/meshes/rcboat.dae
[18.121s] -- Symlinking: /home/luca002/proj_ws/install/wamv_gazebo/share/wamv_gazebo/models/boat/model.config
[18.126s] -- Symlinking: /home/luca002/proj_ws/install/wamv_gazebo/share/wamv_gazebo/models/boat/model.sdf
[18.133s] -- Symlinking: /home/luca002/proj_ws/install/wamv_gazebo/share/wamv_gazebo/models/boat/oldmodel/mmodel.sdf
[18.139s] -- Symlinking: /home/luca002/proj_ws/install/wamv_gazebo/share/wamv_gazebo/models/boat/thumbnails/boat/1.png
[18.145s] -- Symlinking: /home/luca002/proj_ws/install/wamv_gazebo/share/wamv_gazebo/models/boat/thumbnails/boat/2.png
[18.150s] -- Symlinking: /home/luca002/proj_ws/install/wamv_gazebo/share/wamv_gazebo/models/boat/thumbnails/boat/3.png
[18.155s] -- Symlinking: /home/luca002/proj_ws/install/wamv_gazebo/share/wamv_gazebo/models/boat/thumbnails/boat/4.png
[18.160s] -- Symlinking: /home/luca002/proj_ws/install/wamv_gazebo/share/wamv_gazebo/models/boat/thumbnails/boat/5.png
[18.165s] -- Symlinking: /home/luca002/proj_ws/install/wamv_gazebo/share/wamv_gazebo/models/coast_waves/materials/programs/GerstnerWaves_fs_330.glsl
[18.170s] -- Symlinking: /home/luca002/proj_ws/install/wamv_gazebo/share/wamv_gazebo/models/coast_waves/materials/programs/GerstnerWaves_vs_330.glsl
[18.179s] -- Symlinking: /home/luca002/proj_ws/install/wamv_gazebo/share/wamv_gazebo/models/coast_waves/materials/textures/skybox_lowres.dds
[18.191s] -- Symlinking: /home/luca002/proj_ws/install/wamv_gazebo/share/wamv_gazebo/models/coast_waves/materials/textures/wave_normals.dds
[18.198s] -- Symlinking: /home/luca002/proj_ws/install/wamv_gazebo/share/wamv_gazebo/models/coast_waves/meshes/waterlow.dae
[18.205s] -- Symlinking: /home/luca002/proj_ws/install/wamv_gazebo/share/wamv_gazebo/models/coast_waves/model.config
[18.212s] -- Symlinking: /home/luca002/proj_ws/install/wamv_gazebo/share/wamv_gazebo/models/coast_waves/model.sdf
[18.218s] -- Symlinking: /home/luca002/proj_ws/install/wamv_gazebo/share/wamv_gazebo/models/cpu_cases/mesh/cpu_cases.dae
[18.223s] -- Symlinking: /home/luca002/proj_ws/install/wamv_gazebo/share/wamv_gazebo/models/cpu_cases/mesh/cpu_cases.png
[18.228s] -- Symlinking: /home/luca002/proj_ws/install/wamv_gazebo/share/wamv_gazebo/models/cpu_cases/mesh/cpu_cases_Albedo.png
[18.233s] -- Symlinking: /home/luca002/proj_ws/install/wamv_gazebo/share/wamv_gazebo/models/cpu_cases/mesh/cpu_cases_Metalness.png
[18.238s] -- Symlinking: /home/luca002/proj_ws/install/wamv_gazebo/share/wamv_gazebo/models/cpu_cases/mesh/cpu_cases_Normal.png
[18.243s] -- Symlinking: /home/luca002/proj_ws/install/wamv_gazebo/share/wamv_gazebo/models/cpu_cases/mesh/cpu_cases_Roughness.png
[18.248s] -- Symlinking: /home/luca002/proj_ws/install/wamv_gazebo/share/wamv_gazebo/models/cpu_cases/model.config
[18.253s] -- Symlinking: /home/luca002/proj_ws/install/wamv_gazebo/share/wamv_gazebo/models/cpu_cases/model.sdf
[18.258s] -- Symlinking: /home/luca002/proj_ws/install/wamv_gazebo/share/wamv_gazebo/models/dock_2022/model.config
[18.264s] -- Symlinking: /home/luca002/proj_ws/install/wamv_gazebo/share/wamv_gazebo/models/dock_2022/model.sdf
[18.270s] -- Symlinking: /home/luca002/proj_ws/install/wamv_gazebo/share/wamv_gazebo/models/dock_2022_base/model.config
[18.278s] -- Symlinking: /home/luca002/proj_ws/install/wamv_gazebo/share/wamv_gazebo/models/dock_2022_base/model.sdf
[18.290s] -- Symlinking: /home/luca002/proj_ws/install/wamv_gazebo/share/wamv_gazebo/models/dock_block_4x4/mesh/DockCubes_Albedo.png
[18.296s] -- Symlinking: /home/luca002/proj_ws/install/wamv_gazebo/share/wamv_gazebo/models/dock_block_4x4/mesh/DockCubes_Metalness.png
[18.303s] -- Symlinking: /home/luca002/proj_ws/install/wamv_gazebo/share/wamv_gazebo/models/dock_block_4x4/mesh/DockCubes_Normal.png
[18.311s] -- Symlinking: /home/luca002/proj_ws/install/wamv_gazebo/share/wamv_gazebo/models/dock_block_4x4/mesh/DockCubes_Roughness.png
[18.317s] -- Symlinking: /home/luca002/proj_ws/install/wamv_gazebo/share/wamv_gazebo/models/dock_block_4x4/mesh/dock_block_4x4.dae
[18.324s] -- Symlinking: /home/luca002/proj_ws/install/wamv_gazebo/share/wamv_gazebo/models/dock_block_4x4/model.config
[18.330s] -- Symlinking: /home/luca002/proj_ws/install/wamv_gazebo/share/wamv_gazebo/models/dock_block_4x4/model.sdf
[18.335s] -- Symlinking: /home/luca002/proj_ws/install/wamv_gazebo/share/wamv_gazebo/models/entrance_exit/model.config
[18.340s] -- Symlinking: /home/luca002/proj_ws/install/wamv_gazebo/share/wamv_gazebo/models/entrance_exit/model.sdf
[18.346s] -- Symlinking: /home/luca002/proj_ws/install/wamv_gazebo/share/wamv_gazebo/models/lidar/materials/textures/lidar_3d_v1.png
[18.353s] -- Symlinking: /home/luca002/proj_ws/install/wamv_gazebo/share/wamv_gazebo/models/lidar/meshes/lidar_3d_v1.dae
[18.365s] -- Symlinking: /home/luca002/proj_ws/install/wamv_gazebo/share/wamv_gazebo/models/lidar/meshes/lidar_3d_v1.png
[18.376s] -- Symlinking: /home/luca002/proj_ws/install/wamv_gazebo/share/wamv_gazebo/models/lidar/model.config
[18.388s] -- Symlinking: /home/luca002/proj_ws/install/wamv_gazebo/share/wamv_gazebo/models/lidar/model.sdf
[18.401s] -- Symlinking: /home/luca002/proj_ws/install/wamv_gazebo/share/wamv_gazebo/models/lidar/thumbnails/1.png
[18.413s] -- Symlinking: /home/luca002/proj_ws/install/wamv_gazebo/share/wamv_gazebo/models/lidar/thumbnails/2.png
[18.419s] -- Symlinking: /home/luca002/proj_ws/install/wamv_gazebo/share/wamv_gazebo/models/lidar/thumbnails/3.png
[18.424s] -- Symlinking: /home/luca002/proj_ws/install/wamv_gazebo/share/wamv_gazebo/models/lidar/thumbnails/4.png
[18.429s] -- Symlinking: /home/luca002/proj_ws/install/wamv_gazebo/share/wamv_gazebo/models/lidar/thumbnails/5.png
[18.434s] -- Symlinking: /home/luca002/proj_ws/install/wamv_gazebo/share/wamv_gazebo/models/mono_camera/mesh/mono_camera.dae
[18.439s] -- Symlinking: /home/luca002/proj_ws/install/wamv_gazebo/share/wamv_gazebo/models/mono_camera/mesh/mono_camera.png
[18.444s] -- Symlinking: /home/luca002/proj_ws/install/wamv_gazebo/share/wamv_gazebo/models/mono_camera/mesh/mono_camera_Albedo.png
[18.449s] -- Symlinking: /home/luca002/proj_ws/install/wamv_gazebo/share/wamv_gazebo/models/mono_camera/mesh/mono_camera_Metalness.png
[18.454s] -- Symlinking: /home/luca002/proj_ws/install/wamv_gazebo/share/wamv_gazebo/models/mono_camera/mesh/mono_camera_Normal.png
[18.459s] -- Symlinking: /home/luca002/proj_ws/install/wamv_gazebo/share/wamv_gazebo/models/mono_camera/mesh/mono_camera_Roughness.png
[18.464s] -- Symlinking: /home/luca002/proj_ws/install/wamv_gazebo/share/wamv_gazebo/models/mono_camera/model.config
[18.469s] -- Symlinking: /home/luca002/proj_ws/install/wamv_gazebo/share/wamv_gazebo/models/mono_camera/model.sdf
[18.474s] -- Symlinking: /home/luca002/proj_ws/install/wamv_gazebo/share/wamv_gazebo/models/placard_2022/materials/textures/Placard.png
[18.479s] -- Symlinking: /home/luca002/proj_ws/install/wamv_gazebo/share/wamv_gazebo/models/placard_2022/meshes/placard_2022.dae
[18.485s] -- Symlinking: /home/luca002/proj_ws/install/wamv_gazebo/share/wamv_gazebo/models/placard_2022/model.config
[18.494s] -- Symlinking: /home/luca002/proj_ws/install/wamv_gazebo/share/wamv_gazebo/models/placard_2022/model.sdf
[18.505s] -- Symlinking: /home/luca002/proj_ws/install/wamv_gazebo/share/wamv_gazebo/models/platform/model.config
[18.512s] -- Symlinking: /home/luca002/proj_ws/install/wamv_gazebo/share/wamv_gazebo/models/platform/model.sdf
[18.518s] -- Symlinking: /home/luca002/proj_ws/install/wamv_gazebo/share/wamv_gazebo/models/roboboat01/materials/scripts/model.material
[18.524s] -- Symlinking: /home/luca002/proj_ws/install/wamv_gazebo/share/wamv_gazebo/models/roboboat01/materials/textures/Boat01_Albedo.png
[18.529s] -- Symlinking: /home/luca002/proj_ws/install/wamv_gazebo/share/wamv_gazebo/models/roboboat01/materials/textures/Boat01_Metallic.png
[18.535s] -- Symlinking: /home/luca002/proj_ws/install/wamv_gazebo/share/wamv_gazebo/models/roboboat01/materials/textures/Boat01_Normal.png
[18.540s] -- Symlinking: /home/luca002/proj_ws/install/wamv_gazebo/share/wamv_gazebo/models/roboboat01/materials/textures/Boat01_Roughness.png
[18.545s] -- Symlinking: /home/luca002/proj_ws/install/wamv_gazebo/share/wamv_gazebo/models/roboboat01/materials/textures/Thruster_Albedo.png
[18.550s] -- Symlinking: /home/luca002/proj_ws/install/wamv_gazebo/share/wamv_gazebo/models/roboboat01/materials/textures/Thruster_Roughness.png
[18.556s] -- Symlinking: /home/luca002/proj_ws/install/wamv_gazebo/share/wamv_gazebo/models/roboboat01/meshes/housing.dae
[18.565s] -- Symlinking: /home/luca002/proj_ws/install/wamv_gazebo/share/wamv_gazebo/models/roboboat01/meshes/mount.dae
[18.573s] -- Symlinking: /home/luca002/proj_ws/install/wamv_gazebo/share/wamv_gazebo/models/roboboat01/meshes/prop.dae
[18.582s] -- Symlinking: /home/luca002/proj_ws/install/wamv_gazebo/share/wamv_gazebo/models/roboboat01/meshes/roboboat01.dae
[18.594s] -- Symlinking: /home/luca002/proj_ws/install/wamv_gazebo/share/wamv_gazebo/models/roboboat01/model.config
[18.605s] -- Symlinking: /home/luca002/proj_ws/install/wamv_gazebo/share/wamv_gazebo/models/roboboat01/model.sdf
[18.617s] -- Symlinking: /home/luca002/proj_ws/install/wamv_gazebo/share/wamv_gazebo/models/roboboat02/materials/scripts/model.material
[18.626s] -- Symlinking: /home/luca002/proj_ws/install/wamv_gazebo/share/wamv_gazebo/models/roboboat02/materials/textures/Boat02_Albedo.png
[18.631s] -- Symlinking: /home/luca002/proj_ws/install/wamv_gazebo/share/wamv_gazebo/models/roboboat02/materials/textures/Boat02_Metallic.png
[18.636s] -- Symlinking: /home/luca002/proj_ws/install/wamv_gazebo/share/wamv_gazebo/models/roboboat02/materials/textures/Boat02_Normal.png
[18.642s] -- Symlinking: /home/luca002/proj_ws/install/wamv_gazebo/share/wamv_gazebo/models/roboboat02/materials/textures/Boat02_Roughness.png
[18.646s] -- Symlinking: /home/luca002/proj_ws/install/wamv_gazebo/share/wamv_gazebo/models/roboboat02/meshes/roboboat02.dae
[18.652s] -- Symlinking: /home/luca002/proj_ws/install/wamv_gazebo/share/wamv_gazebo/models/roboboat02/model.config
[18.658s] -- Symlinking: /home/luca002/proj_ws/install/wamv_gazebo/share/wamv_gazebo/models/roboboat02/model.sdf
[18.664s] -- Symlinking: /home/luca002/proj_ws/install/wamv_gazebo/share/wamv_gazebo/models/roboboat_cpubox/materials/textures/DryBox_Albedo.png
[18.670s] -- Symlinking: /home/luca002/proj_ws/install/wamv_gazebo/share/wamv_gazebo/models/roboboat_cpubox/materials/textures/DryBox_Roughness.png
[18.676s] -- Symlinking: /home/luca002/proj_ws/install/wamv_gazebo/share/wamv_gazebo/models/roboboat_cpubox/meshes/drybox.dae
[18.681s] -- Symlinking: /home/luca002/proj_ws/install/wamv_gazebo/share/wamv_gazebo/models/roboboat_cpubox/model.config
[18.687s] -- Symlinking: /home/luca002/proj_ws/install/wamv_gazebo/share/wamv_gazebo/models/roboboat_cpubox/model.sdf
[18.692s] -- Symlinking: /home/luca002/proj_ws/install/wamv_gazebo/share/wamv_gazebo/models/robotx_light_buoy_bgr/model.config
[18.699s] -- Symlinking: /home/luca002/proj_ws/install/wamv_gazebo/share/wamv_gazebo/models/robotx_light_buoy_bgr/model.sdf
[18.709s] -- Symlinking: /home/luca002/proj_ws/install/wamv_gazebo/share/wamv_gazebo/models/robotx_light_buoy_bgy/model.config
[18.716s] -- Symlinking: /home/luca002/proj_ws/install/wamv_gazebo/share/wamv_gazebo/models/robotx_light_buoy_bgy/model.sdf
[18.721s] -- Symlinking: /home/luca002/proj_ws/install/wamv_gazebo/share/wamv_gazebo/models/robotx_light_buoy_gbr/model.config
[18.726s] -- Symlinking: /home/luca002/proj_ws/install/wamv_gazebo/share/wamv_gazebo/models/robotx_light_buoy_gbr/model.sdf
[18.731s] -- Symlinking: /home/luca002/proj_ws/install/wamv_gazebo/share/wamv_gazebo/models/robotx_light_buoy_rbg/model.config
[18.736s] -- Symlinking: /home/luca002/proj_ws/install/wamv_gazebo/share/wamv_gazebo/models/robotx_light_buoy_rbg/model.sdf
[18.741s] -- Symlinking: /home/luca002/proj_ws/install/wamv_gazebo/share/wamv_gazebo/models/robotx_light_buoy_rgb/mesh/LightTower_Albedo.png
[18.746s] -- Symlinking: /home/luca002/proj_ws/install/wamv_gazebo/share/wamv_gazebo/models/robotx_light_buoy_rgb/mesh/LightTower_Metalness.png
[18.751s] -- Symlinking: /home/luca002/proj_ws/install/wamv_gazebo/share/wamv_gazebo/models/robotx_light_buoy_rgb/mesh/LightTower_Normal.png
[18.757s] -- Symlinking: /home/luca002/proj_ws/install/wamv_gazebo/share/wamv_gazebo/models/robotx_light_buoy_rgb/mesh/LightTower_Opacity.png
[18.764s] -- Symlinking: /home/luca002/proj_ws/install/wamv_gazebo/share/wamv_gazebo/models/robotx_light_buoy_rgb/mesh/LightTower_Roughness.png
[18.770s] -- Symlinking: /home/luca002/proj_ws/install/wamv_gazebo/share/wamv_gazebo/models/robotx_light_buoy_rgb/mesh/robotx_light_buoy.dae
[18.777s] -- Symlinking: /home/luca002/proj_ws/install/wamv_gazebo/share/wamv_gazebo/models/robotx_light_buoy_rgb/model.config
[18.784s] -- Symlinking: /home/luca002/proj_ws/install/wamv_gazebo/share/wamv_gazebo/models/robotx_light_buoy_rgb/model.sdf
[18.791s] -- Symlinking: /home/luca002/proj_ws/install/wamv_gazebo/share/wamv_gazebo/models/robotx_light_buoy_rgy/model.config
[18.797s] -- Symlinking: /home/luca002/proj_ws/install/wamv_gazebo/share/wamv_gazebo/models/robotx_light_buoy_rgy/model.sdf
[18.807s] -- Symlinking: /home/luca002/proj_ws/install/wamv_gazebo/share/wamv_gazebo/models/robotx_light_buoy_ybr/model.config
[18.817s] -- Symlinking: /home/luca002/proj_ws/install/wamv_gazebo/share/wamv_gazebo/models/robotx_light_buoy_ybr/model.sdf
[18.829s] -- Symlinking: /home/luca002/proj_ws/install/wamv_gazebo/share/wamv_gazebo/models/robotx_light_buoy_ygb/model.config
[18.839s] -- Symlinking: /home/luca002/proj_ws/install/wamv_gazebo/share/wamv_gazebo/models/robotx_light_buoy_ygb/model.sdf
[18.848s] -- Symlinking: /home/luca002/proj_ws/install/wamv_gazebo/share/wamv_gazebo/models/robotx_light_buoy_yrg/model.config
[18.854s] -- Symlinking: /home/luca002/proj_ws/install/wamv_gazebo/share/wamv_gazebo/models/robotx_light_buoy_yrg/model.sdf
[18.860s] -- Symlinking: /home/luca002/proj_ws/install/wamv_gazebo/share/wamv_gazebo/models/sensor_post/mesh/sensor_post.dae
[18.869s] -- Symlinking: /home/luca002/proj_ws/install/wamv_gazebo/share/wamv_gazebo/models/sensor_post/mesh/sensor_post.png
[18.881s] -- Symlinking: /home/luca002/proj_ws/install/wamv_gazebo/share/wamv_gazebo/models/sensor_post/mesh/sensor_post_arm.dae
[18.894s] -- Symlinking: /home/luca002/proj_ws/install/wamv_gazebo/share/wamv_gazebo/models/sensor_post/model.config
[18.907s] -- Symlinking: /home/luca002/proj_ws/install/wamv_gazebo/share/wamv_gazebo/models/sensor_post/model.sdf
[18.918s] -- Symlinking: /home/luca002/proj_ws/install/wamv_gazebo/share/wamv_gazebo/models/symbol_triangle/mesh/triangle.dae
[18.924s] -- Symlinking: /home/luca002/proj_ws/install/wamv_gazebo/share/wamv_gazebo/models/symbol_triangle/model.config
[18.929s] -- Symlinking: /home/luca002/proj_ws/install/wamv_gazebo/share/wamv_gazebo/models/symbol_triangle/model.sdf
[18.934s] -- Symlinking: /home/luca002/proj_ws/install/wamv_gazebo/share/wamv_gazebo/models/tripod/model.config
[18.939s] -- Symlinking: /home/luca002/proj_ws/install/wamv_gazebo/share/wamv_gazebo/models/tripod/model.sdf
[18.945s] -- Symlinking: /home/luca002/proj_ws/install/wamv_gazebo/share/wamv_gazebo/models/vessel/materials/textures/Boat01_Albedo.jpg
[18.950s] -- Symlinking: /home/luca002/proj_ws/install/wamv_gazebo/share/wamv_gazebo/models/vessel/materials/textures/Boat01_Normal.jpg
[18.955s] -- Symlinking: /home/luca002/proj_ws/install/wamv_gazebo/share/wamv_gazebo/models/vessel/materials/textures/Boat01_Roughness.jpg
[18.961s] -- Symlinking: /home/luca002/proj_ws/install/wamv_gazebo/share/wamv_gazebo/models/vessel/meshes/Boat01.dae
[18.969s] -- Symlinking: /home/luca002/proj_ws/install/wamv_gazebo/share/wamv_gazebo/models/vessel/model.config
[18.979s] -- Symlinking: /home/luca002/proj_ws/install/wamv_gazebo/share/wamv_gazebo/models/vessel/model.sdf
[18.987s] -- Symlinking: /home/luca002/proj_ws/install/wamv_gazebo/share/wamv_gazebo/models/vessel/thumbnails/1.png
[18.996s] -- Symlinking: /home/luca002/proj_ws/install/wamv_gazebo/share/wamv_gazebo/models/wam-v/meshes/WAM-V-Base.dae
[19.004s] -- Symlinking: /home/luca002/proj_ws/install/wamv_gazebo/share/wamv_gazebo/models/wam-v/meshes/WamV.png
[19.014s] -- Symlinking: /home/luca002/proj_ws/install/wamv_gazebo/share/wamv_gazebo/models/wam-v/meshes/engine.dae
[19.022s] -- Symlinking: /home/luca002/proj_ws/install/wamv_gazebo/share/wamv_gazebo/models/wam-v/meshes/legs.dae
[19.028s] -- Symlinking: /home/luca002/proj_ws/install/wamv_gazebo/share/wamv_gazebo/models/wam-v/meshes/lidar_3d_v1.dae
[19.035s] -- Symlinking: /home/luca002/proj_ws/install/wamv_gazebo/share/wamv_gazebo/models/wam-v/meshes/lidar_3d_v1.png
[19.043s] -- Symlinking: /home/luca002/proj_ws/install/wamv_gazebo/share/wamv_gazebo/models/wam-v/meshes/propeller.dae
[19.049s] -- Symlinking: /home/luca002/proj_ws/install/wamv_gazebo/share/wamv_gazebo/models/wam-v/meshes/ring.dae
[19.056s] -- Symlinking: /home/luca002/proj_ws/install/wamv_gazebo/share/wamv_gazebo/models/wam-v/model.config
[19.062s] -- Symlinking: /home/luca002/proj_ws/install/wamv_gazebo/share/wamv_gazebo/models/wam-v/model.sdf
[19.067s] -- Symlinking: /home/luca002/proj_ws/install/wamv_gazebo/share/wamv_gazebo/worlds/sydney.sdf
[19.072s] -- Symlinking: /home/luca002/proj_ws/install/wamv_gazebo/share/ament_index/resource_index/package_run_dependencies/wamv_gazebo
[19.077s] -- Symlinking: /home/luca002/proj_ws/install/wamv_gazebo/share/ament_index/resource_index/parent_prefix_path/wamv_gazebo
[19.082s] -- Symlinking: /home/luca002/proj_ws/install/wamv_gazebo/share/wamv_gazebo/environment/ament_prefix_path.sh
[19.087s] -- Symlinking: /home/luca002/proj_ws/install/wamv_gazebo/share/wamv_gazebo/environment/ament_prefix_path.dsv
[19.094s] -- Symlinking: /home/luca002/proj_ws/install/wamv_gazebo/share/wamv_gazebo/environment/path.sh
[19.107s] -- Symlinking: /home/luca002/proj_ws/install/wamv_gazebo/share/wamv_gazebo/environment/path.dsv
[19.114s] -- Symlinking: /home/luca002/proj_ws/install/wamv_gazebo/share/wamv_gazebo/local_setup.bash
[19.119s] -- Symlinking: /home/luca002/proj_ws/install/wamv_gazebo/share/wamv_gazebo/local_setup.sh
[19.125s] -- Symlinking: /home/luca002/proj_ws/install/wamv_gazebo/share/wamv_gazebo/local_setup.zsh
[19.131s] -- Symlinking: /home/luca002/proj_ws/install/wamv_gazebo/share/wamv_gazebo/local_setup.dsv
[19.137s] -- Symlinking: /home/luca002/proj_ws/install/wamv_gazebo/share/wamv_gazebo/package.dsv
[19.142s] -- Symlinking: /home/luca002/proj_ws/install/wamv_gazebo/share/ament_index/resource_index/packages/wamv_gazebo
[19.147s] -- Symlinking: /home/luca002/proj_ws/install/wamv_gazebo/share/wamv_gazebo/cmake/wamv_gazeboConfig.cmake
[19.152s] -- Symlinking: /home/luca002/proj_ws/install/wamv_gazebo/share/wamv_gazebo/cmake/wamv_gazeboConfig-version.cmake
[19.157s] -- Symlinking: /home/luca002/proj_ws/install/wamv_gazebo/share/wamv_gazebo/package.xml
[19.191s] Listing '/home/luca002/proj_ws/install/wamv_gazebo/lib/python3.12/site-packages/wamv_gazebo'...
[19.191s] Compiling '/home/luca002/proj_ws/install/wamv_gazebo/lib/python3.12/site-packages/wamv_gazebo/__init__.py'...
[19.191s] Compiling '/home/luca002/proj_ws/install/wamv_gazebo/lib/python3.12/site-packages/wamv_gazebo/bridge.py'...
[19.191s] Compiling '/home/luca002/proj_ws/install/wamv_gazebo/lib/python3.12/site-packages/wamv_gazebo/bridges.py'...
[19.191s] Compiling '/home/luca002/proj_ws/install/wamv_gazebo/lib/python3.12/site-packages/wamv_gazebo/launch.py'...
[19.191s] Compiling '/home/luca002/proj_ws/install/wamv_gazebo/lib/python3.12/site-packages/wamv_gazebo/model.py'...
[19.191s] Compiling '/home/luca002/proj_ws/install/wamv_gazebo/lib/python3.12/site-packages/wamv_gazebo/monitor_sim.py'...
[19.191s] Compiling '/home/luca002/proj_ws/install/wamv_gazebo/lib/python3.12/site-packages/wamv_gazebo/payload_bridges.py'...
[19.195s] Invoked command in '/home/luca002/proj_ws/build/wamv_gazebo' returned '0': CMAKE_PREFIX_PATH=${CMAKE_PREFIX_PATH}:/opt/ros/jazzy DEBUGINFOD_URLS=https://debuginfod.ubuntu.com /usr/bin/cmake --install /home/luca002/proj_ws/build/wamv_gazebo
