[0.166s] Invoking command in '/home/luca002/proj_ws/build/wamv_gazebo': CMAKE_PREFIX_PATH=${CMAKE_PREFIX_PATH}:/home/luca002/ros_ws/install/robot_description_example:/opt/ros/jazzy DEBUGINFOD_URLS=https://debuginfod.ubuntu.com /usr/bin/cmake /home/luca002/proj_ws/src/wamv_gazebo -DAMENT_CMAKE_SYMLINK_INSTALL=1 -DCMAKE_INSTALL_PREFIX=/home/luca002/proj_ws/install/wamv_gazebo
[0.204s] -- The C compiler identification is GNU 13.3.0
[0.247s] -- The CXX compiler identification is GNU 13.3.0
[0.258s] -- Detecting C compiler ABI info
[0.316s] -- Detecting C compiler ABI info - done
[0.322s] -- Check for working C compiler: /usr/bin/cc - skipped
[0.322s] -- Detecting C compile features
[0.322s] -- Detecting C compile features - done
[0.329s] -- Detecting CXX compiler ABI info
[0.397s] -- Detecting CXX compiler ABI info - done
[0.404s] -- Check for working CXX compiler: /usr/bin/c++ - skipped
[0.405s] -- Detecting CXX compile features
[0.405s] -- Detecting CXX compile features - done
[0.408s] -- Found ament_cmake: 2.5.4 (/opt/ros/jazzy/share/ament_cmake/cmake)
[0.528s] -- Found Python3: /usr/bin/python3 (found version "3.12.3") found components: Interpreter 
[0.593s] -- Override CMake install command with custom implementation using symlinks instead of copying resources
[0.638s] -- Looking for gz-sim8 -- found version 8.9.0
[0.644s] -- Searching for dependencies of gz-sim8
[0.645s] -- Looking for sdformat14 -- found version 14.7.0
[0.645s] -- Searching for dependencies of sdformat14
[0.649s] -- Checking for module 'tinyxml2'
[0.659s] --   Found tinyxml2, version 10.0.0
[0.683s] -- Looking for gz-math7 -- found version 7.5.2
[0.683s] -- Searching for dependencies of gz-math7
[0.685s] -- Looking for gz-utils2 -- found version 2.2.1
[0.685s] -- Searching for dependencies of gz-utils2
[0.686s] -- Looking for gz-utils2 -- found version 2.2.1
[0.686s] -- Searching for dependencies of gz-utils2
[0.686s] -- Searching for <gz-utils2> component [cli]
[0.687s] -- Looking for gz-utils2-cli -- found version 2.2.1
[0.688s] -- Searching for dependencies of gz-utils2-cli
[0.689s] -- Looking for gz-plugin2 -- found version 2.0.4
[0.689s] -- Searching for dependencies of gz-plugin2
[0.690s] -- Looking for gz-utils2 -- found version 2.2.1
[0.690s] -- Searching for <gz-plugin2> component [loader]
[0.691s] -- Looking for gz-plugin2-loader -- found version 2.0.4
[0.691s] -- Searching for dependencies of gz-plugin2-loader
[0.692s] -- Searching for <gz-plugin2> component [register]
[0.693s] -- Looking for gz-plugin2-register -- found version 2.0.4
[0.693s] -- Searching for dependencies of gz-plugin2-register
[0.695s] -- Looking for gz-transport13 -- found version 13.4.1
[0.695s] -- Searching for dependencies of gz-transport13
[0.784s] -- Found Protobuf: /usr/lib/x86_64-linux-gnu/libprotobuf.so (found version "3.21.12") 
[0.793s] -- Config-file not installed for ZeroMQ -- checking for pkg-config
[0.796s] -- Checking for module 'libzmq >= 4'
[0.806s] --   Found libzmq, version 4.3.5
[0.832s] -- Found ZeroMQ: TRUE (Required is at least version "4") 
[0.836s] -- Checking for module 'uuid'
[0.845s] --   Found uuid, version 2.39.3
[0.866s] -- Found UUID: TRUE  
[0.866s] -- Looking for gz-utils2 -- found version 2.2.1
[0.868s] -- Looking for gz-msgs10 -- found version 10.3.2
[0.868s] -- Searching for dependencies of gz-msgs10
[0.882s] -- Looking for gz-utils2 -- found version 2.2.1
[0.882s] -- Looking for gz-math7 -- found version 7.5.2
[0.886s] -- Searching for <gz-transport13> component [log]
[0.888s] -- Looking for gz-transport13-log -- found version 13.4.1
[0.888s] -- Searching for dependencies of gz-transport13-log
[0.888s] -- Searching for <gz-transport13> component [parameters]
[0.889s] -- Looking for gz-transport13-parameters -- found version 13.4.1
[0.889s] -- Searching for dependencies of gz-transport13-parameters
[0.890s] -- Looking for gz-msgs10 -- found version 10.3.2
[0.891s] -- Looking for gz-common5 -- found version 5.7.1
[0.891s] -- Searching for dependencies of gz-common5
[0.892s] -- Looking for gz-utils2 -- found version 2.2.1
[0.892s] -- Looking for dlfcn.h - found
[0.894s] -- Looking for libdl - found
[0.895s] -- Found DL: TRUE  
[0.899s] -- Searching for <gz-common5> component [av]
[0.900s] -- Looking for gz-common5-av -- found version 5.7.1
[0.900s] -- Searching for dependencies of gz-common5-av
[0.904s] -- Checking for module 'libswscale'
[0.915s] --   Found libswscale, version 7.5.100
[0.937s] -- Found SWSCALE: TRUE  
[0.940s] -- Checking for module 'libavdevice >= 56.4.100'
[0.949s] --   Found libavdevice, version 60.3.100
[0.977s] -- Found AVDEVICE: TRUE (Required is at least version "56.4.100") 
[0.980s] -- Checking for module 'libavformat'
[0.989s] --   Found libavformat, version 60.16.100
[1.015s] -- Found AVFORMAT: TRUE  
[1.018s] -- Checking for module 'libavcodec'
[1.028s] --   Found libavcodec, version 60.31.102
[1.051s] -- Found AVCODEC: TRUE  
[1.054s] -- Checking for module 'libavutil'
[1.063s] --   Found libavutil, version 58.29.100
[1.084s] -- Found AVUTIL: TRUE  
[1.084s] -- Searching for <gz-common5> component [events]
[1.086s] -- Looking for gz-common5-events -- found version 5.7.1
[1.086s] -- Searching for dependencies of gz-common5-events
[1.086s] -- Looking for gz-math7 -- found version 7.5.2
[1.086s] -- Searching for <gz-common5> component [graphics]
[1.088s] -- Looking for gz-common5-graphics -- found version 5.7.1
[1.088s] -- Searching for dependencies of gz-common5-graphics
[1.088s] -- Looking for gz-math7 -- found version 7.5.2
[1.092s] -- Found GzAssimp: TRUE (found version "5.3.0") 
[1.093s] -- Searching for <gz-common5> component [io]
[1.094s] -- Looking for gz-common5-io -- found version 5.7.1
[1.094s] -- Searching for dependencies of gz-common5-io
[1.094s] -- Searching for <gz-common5> component [profiler]
[1.096s] -- Looking for gz-common5-profiler -- found version 5.7.1
[1.096s] -- Searching for dependencies of gz-common5-profiler
[1.098s] -- Looking for gz-fuel_tools9 -- found version 9.1.1
[1.098s] -- Searching for dependencies of gz-fuel_tools9
[1.157s] -- Found CURL: /usr/lib/x86_64-linux-gnu/libcurl.so (found version "8.5.0")  
[1.165s] -- Checking for module 'jsoncpp'
[1.175s] --   Found jsoncpp, version 1.9.5
[1.197s] -- Found JSONCPP: TRUE  
[1.212s] -- Checking for module 'yaml-0.1'
[1.225s] --   Found yaml-0.1, version 0.2.5
[1.248s] -- Found YAML: TRUE  
[1.252s] -- Checking for module 'libzip'
[1.265s] --   Found libzip, version 1.7.3
[1.287s] -- Found ZIP: TRUE  
[1.288s] -- Looking for gz-utils2 -- found version 2.2.1
[1.288s] -- Looking for gz-common5 -- found version 5.7.1
[1.288s] -- Searching for dependencies of gz-common5
[1.288s] -- Looking for gz-utils2 -- found version 2.2.1
[1.289s] -- Looking for dlfcn.h - found
[1.289s] -- Looking for libdl - found
[1.294s] -- Searching for <gz-common5> component [testing]
[1.296s] -- Looking for gz-common5-testing -- found version 5.7.1
[1.296s] -- Searching for dependencies of gz-common5-testing
[1.297s] -- Looking for gz-math7 -- found version 7.5.2
[1.297s] -- Looking for gz-msgs10 -- found version 10.3.2
[1.299s] -- Looking for gz-gui8 -- found version 8.4.0
[1.299s] -- Searching for dependencies of gz-gui8
[1.321s] -- Looking for gz-utils2 -- found version 2.2.1
[1.321s] -- Looking for gz-math7 -- found version 7.5.2
[1.322s] -- Looking for gz-common5 -- found version 5.7.1
[1.322s] -- Looking for gz-plugin2 -- found version 2.0.4
[1.322s] -- Looking for gz-transport13 -- found version 13.4.1
[1.324s] -- Looking for gz-rendering8 -- found version 8.2.2
[1.324s] -- Searching for dependencies of gz-rendering8
[1.324s] -- Looking for gz-math7 -- found version 7.5.2
[1.324s] -- Searching for dependencies of gz-math7
[1.324s] -- Looking for gz-utils2 -- found version 2.2.1
[1.325s] -- Searching for <gz-math7> component [eigen3]
[1.326s] -- Looking for gz-math7-eigen3 -- found version 7.5.2
[1.326s] -- Searching for dependencies of gz-math7-eigen3
[1.334s] -- Looking for gz-common5 -- found version 5.7.1
[1.334s] -- Searching for dependencies of gz-common5
[1.334s] -- Looking for gz-utils2 -- found version 2.2.1
[1.334s] -- Looking for dlfcn.h - found
[1.334s] -- Looking for libdl - found
[1.340s] -- Searching for <gz-common5> component [graphics]
[1.340s] -- Searching for <gz-common5> component [events]
[1.340s] -- Searching for <gz-common5> component [geospatial]
[1.342s] -- Looking for gz-common5-geospatial -- found version 5.7.1
[1.342s] -- Searching for dependencies of gz-common5-geospatial
[1.342s] -- Looking for gz-math7 -- found version 7.5.2
[1.342s] -- Looking for gz-common5 -- found version 5.7.1
[1.343s] -- Looking for gz-plugin2 -- found version 2.0.4
[1.343s] -- Searching for dependencies of gz-plugin2
[1.343s] -- Looking for gz-utils2 -- found version 2.2.1
[1.343s] -- Searching for <gz-plugin2> component [all]
[1.345s] -- Looking for all libraries of gz-plugin2 -- found version 2.0.4
[1.345s] -- Looking for gz-plugin2 -- found version 2.0.4
[1.346s] -- Looking for gz-utils2 -- found version 2.2.1
[1.357s] -- Found OpenGL: /usr/lib/x86_64-linux-gnu/libOpenGL.so  found components: OpenGL 
[1.358s] -- Looking for gz-msgs10 -- found version 10.3.2
[1.380s] -- Looking for gz-physics7 -- found version 7.5.0
[1.380s] -- Searching for dependencies of gz-physics7
[1.380s] -- Looking for gz-common5 -- found version 5.7.1
[1.380s] -- Looking for gz-math7 -- found version 7.5.2
[1.380s] -- Looking for gz-plugin2 -- found version 2.0.4
[1.381s] -- Looking for gz-utils2 -- found version 2.2.1
[1.382s] -- Searching for <gz-physics7> component [heightmap]
[1.383s] -- Looking for gz-physics7-heightmap -- found version 7.5.0
[1.383s] -- Searching for dependencies of gz-physics7-heightmap
[1.383s] -- Looking for gz-common5 -- found version 5.7.1
[1.384s] -- Searching for <gz-physics7> component [mesh]
[1.385s] -- Looking for gz-physics7-mesh -- found version 7.5.0
[1.385s] -- Searching for dependencies of gz-physics7-mesh
[1.385s] -- Looking for gz-common5 -- found version 5.7.1
[1.386s] -- Searching for <gz-physics7> component [sdf]
[1.387s] -- Looking for gz-physics7-sdf -- found version 7.5.0
[1.387s] -- Searching for dependencies of gz-physics7-sdf
[1.387s] -- Looking for sdformat14 -- found version 14.7.0
[1.389s] -- Looking for gz-sensors8 -- found version 8.2.2
[1.389s] -- Searching for dependencies of gz-sensors8
[1.405s] -- Looking for gz-math7 -- found version 7.5.2
[1.405s] -- Looking for gz-common5 -- found version 5.7.1
[1.405s] -- Looking for gz-transport13 -- found version 13.4.1
[1.405s] -- Looking for gz-rendering8 -- found version 8.2.2
[1.406s] -- Looking for gz-msgs10 -- found version 10.3.2
[1.406s] -- Looking for sdformat14 -- found version 14.7.0
[1.406s] -- Searching for <gz-sensors8> component [air_pressure]
[1.408s] -- Looking for gz-sensors8-air_pressure -- found version 8.2.2
[1.408s] -- Searching for dependencies of gz-sensors8-air_pressure
[1.408s] -- Searching for <gz-sensors8> component [air_speed]
[1.410s] -- Looking for gz-sensors8-air_speed -- found version 8.2.2
[1.410s] -- Searching for dependencies of gz-sensors8-air_speed
[1.410s] -- Searching for <gz-sensors8> component [altimeter]
[1.411s] -- Looking for gz-sensors8-altimeter -- found version 8.2.2
[1.411s] -- Searching for dependencies of gz-sensors8-altimeter
[1.411s] -- Searching for <gz-sensors8> component [imu]
[1.413s] -- Looking for gz-sensors8-imu -- found version 8.2.2
[1.413s] -- Searching for dependencies of gz-sensors8-imu
[1.413s] -- Searching for <gz-sensors8> component [force_torque]
[1.414s] -- Looking for gz-sensors8-force_torque -- found version 8.2.2
[1.414s] -- Searching for dependencies of gz-sensors8-force_torque
[1.414s] -- Searching for <gz-sensors8> component [logical_camera]
[1.415s] -- Looking for gz-sensors8-logical_camera -- found version 8.2.2
[1.415s] -- Searching for dependencies of gz-sensors8-logical_camera
[1.416s] -- Searching for <gz-sensors8> component [magnetometer]
[1.417s] -- Looking for gz-sensors8-magnetometer -- found version 8.2.2
[1.417s] -- Searching for dependencies of gz-sensors8-magnetometer
[1.417s] -- Searching for <gz-sensors8> component [navsat]
[1.418s] -- Looking for gz-sensors8-navsat -- found version 8.2.2
[1.418s] -- Searching for dependencies of gz-sensors8-navsat
[1.418s] -- Searching for <gz-sensors8> component [dvl]
[1.419s] -- Looking for gz-sensors8-dvl -- found version 8.2.2
[1.419s] -- Searching for dependencies of gz-sensors8-dvl
[1.420s] -- Looking for gz-sensors8 -- found version 8.2.2
[1.420s] -- Searching for dependencies of gz-sensors8
[1.435s] -- Looking for gz-math7 -- found version 7.5.2
[1.435s] -- Looking for gz-common5 -- found version 5.7.1
[1.435s] -- Looking for gz-transport13 -- found version 13.4.1
[1.435s] -- Looking for gz-rendering8 -- found version 8.2.2
[1.436s] -- Looking for gz-msgs10 -- found version 10.3.2
[1.436s] -- Looking for sdformat14 -- found version 14.7.0
[1.436s] -- Searching for <gz-sensors8> component [rendering]
[1.437s] -- Looking for gz-sensors8-rendering -- found version 8.2.2
[1.437s] -- Searching for dependencies of gz-sensors8-rendering
[1.438s] -- Searching for <gz-sensors8> component [rendering]
[1.438s] -- Searching for <gz-sensors8> component [lidar]
[1.439s] -- Looking for gz-sensors8-lidar -- found version 8.2.2
[1.439s] -- Searching for dependencies of gz-sensors8-lidar
[1.439s] -- Looking for gz-sensors8 -- found version 8.2.2
[1.440s] -- Searching for <gz-sensors8> component [gpu_lidar]
[1.441s] -- Looking for gz-sensors8-gpu_lidar -- found version 8.2.2
[1.441s] -- Searching for dependencies of gz-sensors8-gpu_lidar
[1.441s] -- Looking for gz-sensors8 -- found version 8.2.2
[1.441s] -- Searching for <gz-sensors8> component [camera]
[1.442s] -- Looking for gz-sensors8-camera -- found version 8.2.2
[1.442s] -- Searching for dependencies of gz-sensors8-camera
[1.443s] -- Looking for gz-sensors8 -- found version 8.2.2
[1.443s] -- Searching for <gz-sensors8> component [boundingbox_camera]
[1.444s] -- Looking for gz-sensors8-boundingbox_camera -- found version 8.2.2
[1.444s] -- Searching for dependencies of gz-sensors8-boundingbox_camera
[1.444s] -- Searching for <gz-sensors8> component [segmentation_camera]
[1.445s] -- Looking for gz-sensors8-segmentation_camera -- found version 8.2.2
[1.445s] -- Searching for dependencies of gz-sensors8-segmentation_camera
[1.446s] -- Searching for <gz-sensors8> component [depth_camera]
[1.447s] -- Looking for gz-sensors8-depth_camera -- found version 8.2.2
[1.447s] -- Searching for dependencies of gz-sensors8-depth_camera
[1.447s] -- Looking for gz-sensors8 -- found version 8.2.2
[1.447s] -- Searching for <gz-sensors8> component [rgbd_camera]
[1.448s] -- Looking for gz-sensors8-rgbd_camera -- found version 8.2.2
[1.448s] -- Searching for dependencies of gz-sensors8-rgbd_camera
[1.448s] -- Looking for gz-sensors8 -- found version 8.2.2
[1.449s] -- Searching for <gz-sensors8> component [thermal_camera]
[1.450s] -- Looking for gz-sensors8-thermal_camera -- found version 8.2.2
[1.450s] -- Searching for dependencies of gz-sensors8-thermal_camera
[1.450s] -- Looking for gz-sensors8 -- found version 8.2.2
[1.450s] -- Searching for <gz-sensors8> component [wide_angle_camera]
[1.451s] -- Looking for gz-sensors8-wide_angle_camera -- found version 8.2.2
[1.451s] -- Searching for dependencies of gz-sensors8-wide_angle_camera
[1.452s] -- Looking for gz-rendering8 -- found version 8.2.2
[1.453s] -- Looking for gz-math7 -- found version 7.5.2
[1.453s] -- Looking for gz-utils2 -- found version 2.2.1
[1.467s] -- Looking for gz-common5 -- found version 5.7.1
[1.468s] -- Looking for gz-fuel_tools9 -- found version 9.1.1
[1.468s] -- Looking for gz-math7 -- found version 7.5.2
[1.468s] -- Looking for gz-msgs10 -- found version 10.3.2
[1.468s] -- Looking for gz-transport13 -- found version 13.4.1
[1.469s] -- Looking for gz-plugin2 -- found version 2.0.4
[1.469s] -- Looking for gz-rendering8 -- found version 8.2.2
[1.469s] -- Looking for gz-sensors8 -- found version 8.2.2
[1.469s] -- Looking for gz-utils2 -- found version 2.2.1
[1.470s] -- Looking for sdformat14 -- found version 14.7.0
[1.472s] -- Found std_msgs: 5.3.6 (/opt/ros/jazzy/share/std_msgs/cmake)
[1.504s] -- Found rosidl_generator_c: 4.6.5 (/opt/ros/jazzy/share/rosidl_generator_c/cmake)
[1.518s] -- Found rosidl_generator_cpp: 4.6.5 (/opt/ros/jazzy/share/rosidl_generator_cpp/cmake)
[1.533s] -- Using all available rosidl_typesupport_c: rosidl_typesupport_fastrtps_c;rosidl_typesupport_introspection_c
[1.549s] -- Using all available rosidl_typesupport_cpp: rosidl_typesupport_fastrtps_cpp;rosidl_typesupport_introspection_cpp
[1.643s] -- Configuring done (1.5s)
[1.730s] -- Generating done (0.1s)
[1.747s] -- Build files have been written to: /home/luca002/proj_ws/build/wamv_gazebo
[1.759s] Invoked command in '/home/luca002/proj_ws/build/wamv_gazebo' returned '0': CMAKE_PREFIX_PATH=${CMAKE_PREFIX_PATH}:/home/luca002/ros_ws/install/robot_description_example:/opt/ros/jazzy DEBUGINFOD_URLS=https://debuginfod.ubuntu.com /usr/bin/cmake /home/luca002/proj_ws/src/wamv_gazebo -DAMENT_CMAKE_SYMLINK_INSTALL=1 -DCMAKE_INSTALL_PREFIX=/home/luca002/proj_ws/install/wamv_gazebo
[1.760s] Invoking command in '/home/luca002/proj_ws/build/wamv_gazebo': CMAKE_PREFIX_PATH=${CMAKE_PREFIX_PATH}:/home/luca002/ros_ws/install/robot_description_example:/opt/ros/jazzy DEBUGINFOD_URLS=https://debuginfod.ubuntu.com /usr/bin/cmake --build /home/luca002/proj_ws/build/wamv_gazebo -- -j16 -l16
[1.795s] [  2%] [32mBuilding CXX object CMakeFiles/Waves.dir/src/Wavefield.cc.o[0m
[1.795s] [  4%] [32mBuilding CXX object CMakeFiles/ScoringPlugin.dir/src/ScoringPlugin.cc.o[0m
[4.143s] [  6%] [32m[1mLinking CXX shared library libWaves.so[0m
[4.275s] [  6%] Built target Waves
[4.289s] [  8%] [32mBuilding CXX object CMakeFiles/PolyhedraBuoyancyDrag.dir/src/PolyhedraBuoyancyDrag.cc.o[0m
[4.289s] [ 12%] [32mBuilding CXX object CMakeFiles/PolyhedraBuoyancyDrag.dir/src/PolyhedronVolume.cc.o[0m
[4.289s] [ 12%] [32mBuilding CXX object CMakeFiles/PolyhedraBuoyancyDrag.dir/src/ShapeVolume.cc.o[0m
[5.087s] [ 14%] [32m[1mLinking CXX shared library libScoringPlugin.so[0m
[5.247s] [ 14%] Built target ScoringPlugin
[5.270s] [ 16%] [32mBuilding CXX object CMakeFiles/AcousticPerceptionScoringPlugin.dir/src/AcousticPerceptionScoringPlugin.cc.o[0m
[5.270s] [ 18%] [32mBuilding CXX object CMakeFiles/AcousticPingerPlugin.dir/src/AcousticPingerPlugin.cc.o[0m
[5.271s] [ 29%] [32mBuilding CXX object CMakeFiles/AcousticTrackingScoringPlugin.dir/src/AcousticTrackingScoringPlugin.cc.o[0m
[5.271s] [ 29%] [32mBuilding CXX object CMakeFiles/StationkeepingScoringPlugin.dir/src/StationkeepingScoringPlugin.cc.o[0m
[5.271s] [ 29%] [32mBuilding CXX object CMakeFiles/BallShooterPlugin.dir/src/BallShooterPlugin.cc.o[0m
[5.271s] [ 29%] [32mBuilding CXX object CMakeFiles/GymkhanaScoringPlugin.dir/src/GymkhanaScoringPlugin.cc.o[0m
[5.271s] [ 29%] [32mBuilding CXX object CMakeFiles/NavigationScoringPlugin.dir/src/NavigationScoringPlugin.cc.o[0m
[5.271s] [ 33%] [32mBuilding CXX object CMakeFiles/PublisherPlugin.dir/src/PublisherPlugin.cc.o[0m
[5.271s] [ 35%] [32mBuilding CXX object CMakeFiles/PerceptionScoringPlugin.dir/src/PerceptionScoringPlugin.cc.o[0m
[5.271s] [ 37%] [32mBuilding CXX object CMakeFiles/SimpleHydrodynamics.dir/src/SimpleHydrodynamics.cc.o[0m
[5.271s] [ 39%] [32mBuilding CXX object CMakeFiles/ScanDockScoringPlugin.dir/src/ScanDockScoringPlugin.cc.o[0m
[5.271s] [ 41%] [32mBuilding CXX object CMakeFiles/LightBuoyPlugin.dir/src/LightBuoyPlugin.cc.o[0m
[5.271s] [ 41%] [32mBuilding CXX object CMakeFiles/PlacardPlugin.dir/src/PlacardPlugin.cc.o[0m
[5.276s] [ 43%] [32mBuilding CXX object CMakeFiles/WayfindingScoringPlugin.dir/src/WayfindingScoringPlugin.cc.o[0m
[5.370s] [ 45%] [32mBuilding CXX object CMakeFiles/StationkeepingScoringPlugin.dir/src/WaypointMarkers.cc.o[0m
[10.428s] [ 47%] [32m[1mLinking CXX shared library libPublisherPlugin.so[0m
[10.611s] [ 50%] [32mBuilding CXX object CMakeFiles/AcousticPerceptionScoringPlugin.dir/src/WaypointMarkers.cc.o[0m
[10.730s] [ 50%] Built target PublisherPlugin
[10.777s] [ 52%] [32mBuilding CXX object CMakeFiles/Surface.dir/src/Surface.cc.o[0m
[11.100s] [ 54%] [32m[1mLinking CXX shared library libLightBuoyPlugin.so[0m
[11.452s] [ 56%] [32m[1mLinking CXX shared library libPolyhedraBuoyancyDrag.so[0m
[11.483s] [ 58%] [32m[1mLinking CXX shared library libSimpleHydrodynamics.so[0m
[11.531s] [ 58%] Built target LightBuoyPlugin
[11.547s] [ 60%] [32mBuilding CXX object CMakeFiles/AcousticTrackingScoringPlugin.dir/src/WaypointMarkers.cc.o[0m
[11.606s] [ 62%] [32m[1mLinking CXX shared library libGymkhanaScoringPlugin.so[0m
[11.786s] [ 64%] [32m[1mLinking CXX shared library libPlacardPlugin.so[0m
[11.868s] [ 64%] Built target SimpleHydrodynamics
[11.888s] [ 66%] [32mBuilding CXX object CMakeFiles/WayfindingScoringPlugin.dir/src/WaypointMarkers.cc.o[0m
[12.006s] [ 66%] Built target PolyhedraBuoyancyDrag
[12.052s] [ 68%] [32mBuilding CXX object CMakeFiles/USVWind.dir/src/USVWind.cc.o[0m
[12.113s] [ 68%] Built target GymkhanaScoringPlugin
[12.152s] [ 70%] [32mBuilding CXX object CMakeFiles/WaveVisual.dir/src/WaveVisual.cc.o[0m
[12.200s] [ 70%] Built target PlacardPlugin
[12.235s] [ 72%] [32mBuilding CXX object CMakeFiles/WildlifeScoringPlugin.dir/src/WildlifeScoringPlugin.cc.o[0m
[13.688s] [ 75%] [32m[1mLinking CXX shared library libPerceptionScoringPlugin.so[0m
[13.795s] [ 77%] [32m[1mLinking CXX shared library libAcousticPingerPlugin.so[0m
[14.225s] [ 77%] Built target PerceptionScoringPlugin
[14.295s] [ 79%] [32m[1mLinking CXX shared library libStationkeepingScoringPlugin.so[0m
[14.335s] [ 79%] Built target AcousticPingerPlugin
[14.348s] [ 81%] [32m[1mLinking CXX shared library libNavigationScoringPlugin.so[0m
[14.585s] [ 81%] Built target StationkeepingScoringPlugin
[14.688s] [ 81%] Built target NavigationScoringPlugin
[15.092s] [ 83%] [32m[1mLinking CXX shared library libScanDockScoringPlugin.so[0m
[15.131s] [ 85%] [32m[1mLinking CXX shared library libBallShooterPlugin.so[0m
[15.188s] [ 87%] [32m[1mLinking CXX shared library libAcousticPerceptionScoringPlugin.so[0m
[15.374s] [ 87%] Built target ScanDockScoringPlugin
[15.470s] [ 87%] Built target AcousticPerceptionScoringPlugin
[15.508s] [ 87%] Built target BallShooterPlugin
[15.656s] [ 89%] [32m[1mLinking CXX shared library libAcousticTrackingScoringPlugin.so[0m
[15.812s] [ 91%] [32m[1mLinking CXX shared library libWayfindingScoringPlugin.so[0m
[15.870s] [ 91%] Built target AcousticTrackingScoringPlugin
[16.025s] [ 91%] Built target WayfindingScoringPlugin
[16.055s] [ 93%] [32m[1mLinking CXX shared library libSurface.so[0m
[16.250s] [ 93%] Built target Surface
[17.664s] [ 95%] [32m[1mLinking CXX shared library libWildlifeScoringPlugin.so[0m
[17.853s] [ 95%] Built target WildlifeScoringPlugin
[18.011s] [ 97%] [32m[1mLinking CXX shared library libWaveVisual.so[0m
[18.070s] [100%] [32m[1mLinking CXX shared library libUSVWind.so[0m
[18.184s] [100%] Built target WaveVisual
[18.234s] [100%] Built target USVWind
[18.243s] Invoked command in '/home/luca002/proj_ws/build/wamv_gazebo' returned '0': CMAKE_PREFIX_PATH=${CMAKE_PREFIX_PATH}:/home/luca002/ros_ws/install/robot_description_example:/opt/ros/jazzy DEBUGINFOD_URLS=https://debuginfod.ubuntu.com /usr/bin/cmake --build /home/luca002/proj_ws/build/wamv_gazebo -- -j16 -l16
[18.244s] Invoking command in '/home/luca002/proj_ws/build/wamv_gazebo': CMAKE_PREFIX_PATH=${CMAKE_PREFIX_PATH}:/home/luca002/ros_ws/install/robot_description_example:/opt/ros/jazzy DEBUGINFOD_URLS=https://debuginfod.ubuntu.com /usr/bin/cmake --install /home/luca002/proj_ws/build/wamv_gazebo
[18.249s] -- Install configuration: ""
[18.249s] -- Execute custom install script
[18.249s] -- Symlinking: /home/luca002/proj_ws/install/wamv_gazebo/share/wamv_gazebo/environment/resource_paths.dsv
[18.256s] -- Symlinking: /home/luca002/proj_ws/install/wamv_gazebo/share/wamv_gazebo/environment/resource_paths.sh
[18.262s] -- Symlinking: /home/luca002/proj_ws/install/wamv_gazebo/lib/libWaves.so
[18.270s] -- Symlinking: /home/luca002/proj_ws/install/wamv_gazebo/lib/libPolyhedraBuoyancyDrag.so
[18.276s] -- Symlinking: /home/luca002/proj_ws/install/wamv_gazebo/lib/libScoringPlugin.so
[18.283s] -- Symlinking: /home/luca002/proj_ws/install/wamv_gazebo/lib/libStationkeepingScoringPlugin.so
[18.289s] -- Symlinking: /home/luca002/proj_ws/install/wamv_gazebo/lib/libWayfindingScoringPlugin.so
[18.295s] -- Symlinking: /home/luca002/proj_ws/install/wamv_gazebo/lib/libAcousticPerceptionScoringPlugin.so
[18.301s] -- Symlinking: /home/luca002/proj_ws/install/wamv_gazebo/lib/libAcousticTrackingScoringPlugin.so
[18.310s] -- Symlinking: /home/luca002/proj_ws/install/wamv_gazebo/lib/libAcousticPingerPlugin.so
[18.317s] -- Symlinking: /home/luca002/proj_ws/install/wamv_gazebo/lib/libBallShooterPlugin.so
[18.323s] -- Symlinking: /home/luca002/proj_ws/install/wamv_gazebo/lib/libLightBuoyPlugin.so
[18.330s] -- Symlinking: /home/luca002/proj_ws/install/wamv_gazebo/lib/libNavigationScoringPlugin.so
[18.335s] -- Symlinking: /home/luca002/proj_ws/install/wamv_gazebo/lib/libGymkhanaScoringPlugin.so
[18.342s] -- Symlinking: /home/luca002/proj_ws/install/wamv_gazebo/lib/libPerceptionScoringPlugin.so
[18.348s] -- Symlinking: /home/luca002/proj_ws/install/wamv_gazebo/lib/libPlacardPlugin.so
[18.356s] -- Symlinking: /home/luca002/proj_ws/install/wamv_gazebo/lib/libPublisherPlugin.so
[18.362s] -- Symlinking: /home/luca002/proj_ws/install/wamv_gazebo/lib/libScanDockScoringPlugin.so
[18.367s] -- Symlinking: /home/luca002/proj_ws/install/wamv_gazebo/lib/libSimpleHydrodynamics.so
[18.373s] -- Symlinking: /home/luca002/proj_ws/install/wamv_gazebo/lib/libSurface.so
[18.378s] -- Symlinking: /home/luca002/proj_ws/install/wamv_gazebo/lib/libUSVWind.so
[18.384s] -- Symlinking: /home/luca002/proj_ws/install/wamv_gazebo/lib/libWaveVisual.so
[18.389s] -- Symlinking: /home/luca002/proj_ws/install/wamv_gazebo/lib/libWildlifeScoringPlugin.so
[18.394s] -- Symlinking: /home/luca002/proj_ws/install/wamv_gazebo/share/wamv_gazebo/config/ekf.yaml
[18.400s] -- Symlinking: /home/luca002/proj_ws/install/wamv_gazebo/share/wamv_gazebo/launch/__init__.py
[18.407s] -- Symlinking: /home/luca002/proj_ws/install/wamv_gazebo/share/wamv_gazebo/launch/wamv_gz_rviz.py
[18.414s] -- Symlinking: /home/luca002/proj_ws/install/wamv_gazebo/share/wamv_gazebo/launch/wamv_keyboard_control.py
[18.421s] -- Symlinking: /home/luca002/proj_ws/install/wamv_gazebo/share/wamv_gazebo/launch/wamv_rviz.py
[18.427s] -- Symlinking: /home/luca002/proj_ws/install/wamv_gazebo/share/wamv_gazebo/models/coast_waves/materials/programs/GerstnerWaves_fs_330.glsl
[18.432s] -- Symlinking: /home/luca002/proj_ws/install/wamv_gazebo/share/wamv_gazebo/models/coast_waves/materials/programs/GerstnerWaves_vs_330.glsl
[18.437s] -- Symlinking: /home/luca002/proj_ws/install/wamv_gazebo/share/wamv_gazebo/models/coast_waves/materials/textures/skybox_lowres.dds
[18.442s] -- Symlinking: /home/luca002/proj_ws/install/wamv_gazebo/share/wamv_gazebo/models/coast_waves/materials/textures/wave_normals.dds
[18.447s] -- Symlinking: /home/luca002/proj_ws/install/wamv_gazebo/share/wamv_gazebo/models/coast_waves/meshes/waterlow.dae
[18.453s] -- Symlinking: /home/luca002/proj_ws/install/wamv_gazebo/share/wamv_gazebo/models/coast_waves/model.config
[18.458s] -- Symlinking: /home/luca002/proj_ws/install/wamv_gazebo/share/wamv_gazebo/models/coast_waves/model.sdf
[18.463s] -- Symlinking: /home/luca002/proj_ws/install/wamv_gazebo/share/wamv_gazebo/models/dock_block/meshes/DockCubes_Albedo.png
[18.469s] -- Symlinking: /home/luca002/proj_ws/install/wamv_gazebo/share/wamv_gazebo/models/dock_block/meshes/DockCubes_Metalness.png
[18.473s] -- Symlinking: /home/luca002/proj_ws/install/wamv_gazebo/share/wamv_gazebo/models/dock_block/meshes/DockCubes_Normal.png
[18.479s] -- Symlinking: /home/luca002/proj_ws/install/wamv_gazebo/share/wamv_gazebo/models/dock_block/meshes/DockCubes_Roughness.png
[18.484s] -- Symlinking: /home/luca002/proj_ws/install/wamv_gazebo/share/wamv_gazebo/models/dock_block/meshes/dock_block_4x4.dae
[18.489s] -- Symlinking: /home/luca002/proj_ws/install/wamv_gazebo/share/wamv_gazebo/models/dock_block/model.config
[18.494s] -- Symlinking: /home/luca002/proj_ws/install/wamv_gazebo/share/wamv_gazebo/models/dock_block/model.sdf
[18.499s] -- Symlinking: /home/luca002/proj_ws/install/wamv_gazebo/share/wamv_gazebo/models/male/meshes/MaleVisitor.png
[18.506s] -- Symlinking: /home/luca002/proj_ws/install/wamv_gazebo/share/wamv_gazebo/models/male/meshes/MaleVisitorStatic.mtl
[18.513s] -- Symlinking: /home/luca002/proj_ws/install/wamv_gazebo/share/wamv_gazebo/models/male/meshes/MaleVisitorStatic.obj
[18.519s] -- Symlinking: /home/luca002/proj_ws/install/wamv_gazebo/share/wamv_gazebo/models/male/meshes/MaleVisitorStatic_Col.mtl
[18.524s] -- Symlinking: /home/luca002/proj_ws/install/wamv_gazebo/share/wamv_gazebo/models/male/meshes/MaleVisitorStatic_Col.obj
[18.529s] -- Symlinking: /home/luca002/proj_ws/install/wamv_gazebo/share/wamv_gazebo/models/male/meshes/Phone.png
[18.535s] -- Symlinking: /home/luca002/proj_ws/install/wamv_gazebo/share/wamv_gazebo/models/male/model.config
[18.540s] -- Symlinking: /home/luca002/proj_ws/install/wamv_gazebo/share/wamv_gazebo/models/male/model.sdf
[18.545s] -- Symlinking: /home/luca002/proj_ws/install/wamv_gazebo/share/wamv_gazebo/models/male/thumbnails/1.png
[18.550s] -- Symlinking: /home/luca002/proj_ws/install/wamv_gazebo/share/wamv_gazebo/models/male/thumbnails/2.png
[18.555s] -- Symlinking: /home/luca002/proj_ws/install/wamv_gazebo/share/wamv_gazebo/models/male/thumbnails/3.png
[18.560s] -- Symlinking: /home/luca002/proj_ws/install/wamv_gazebo/share/wamv_gazebo/models/male/thumbnails/4.png
[18.565s] -- Symlinking: /home/luca002/proj_ws/install/wamv_gazebo/share/wamv_gazebo/models/male/thumbnails/5.png
[18.571s] -- Symlinking: /home/luca002/proj_ws/install/wamv_gazebo/share/wamv_gazebo/models/person/materials/textures/eyebrow001-unmodified.png
[18.576s] -- Symlinking: /home/luca002/proj_ws/install/wamv_gazebo/share/wamv_gazebo/models/person/materials/textures/eyebrow001.png
[18.581s] -- Symlinking: /home/luca002/proj_ws/install/wamv_gazebo/share/wamv_gazebo/models/person/materials/textures/green_eye.png
[18.586s] -- Symlinking: /home/luca002/proj_ws/install/wamv_gazebo/share/wamv_gazebo/models/person/materials/textures/jeans01_normals.png
[18.591s] -- Symlinking: /home/luca002/proj_ws/install/wamv_gazebo/share/wamv_gazebo/models/person/materials/textures/jeans_basic_diffuse.png
[18.596s] -- Symlinking: /home/luca002/proj_ws/install/wamv_gazebo/share/wamv_gazebo/models/person/materials/textures/male02_diffuse_black-unmodified.png
[18.603s] -- Symlinking: /home/luca002/proj_ws/install/wamv_gazebo/share/wamv_gazebo/models/person/materials/textures/male02_diffuse_black.png
[18.610s] -- Symlinking: /home/luca002/proj_ws/install/wamv_gazebo/share/wamv_gazebo/models/person/materials/textures/teeth.png
[18.616s] -- Symlinking: /home/luca002/proj_ws/install/wamv_gazebo/share/wamv_gazebo/models/person/materials/textures/tshirt02_normals.png
[18.622s] -- Symlinking: /home/luca002/proj_ws/install/wamv_gazebo/share/wamv_gazebo/models/person/materials/textures/tshirt02_texture.png
[18.628s] -- Symlinking: /home/luca002/proj_ws/install/wamv_gazebo/share/wamv_gazebo/models/person/materials/textures/young_lightskinned_male_diffuse.png
[18.633s] -- Symlinking: /home/luca002/proj_ws/install/wamv_gazebo/share/wamv_gazebo/models/person/meshes/standing.dae
[18.638s] -- Symlinking: /home/luca002/proj_ws/install/wamv_gazebo/share/wamv_gazebo/models/person/model.config
[18.643s] -- Symlinking: /home/luca002/proj_ws/install/wamv_gazebo/share/wamv_gazebo/models/person/model.sdf
[18.649s] -- Symlinking: /home/luca002/proj_ws/install/wamv_gazebo/share/wamv_gazebo/models/person/thumbnails/1.png
[18.654s] -- Symlinking: /home/luca002/proj_ws/install/wamv_gazebo/share/wamv_gazebo/models/person/thumbnails/2.png
[18.659s] -- Symlinking: /home/luca002/proj_ws/install/wamv_gazebo/share/wamv_gazebo/models/person/thumbnails/3.png
[18.664s] -- Symlinking: /home/luca002/proj_ws/install/wamv_gazebo/share/wamv_gazebo/models/person/thumbnails/4.png
[18.669s] -- Symlinking: /home/luca002/proj_ws/install/wamv_gazebo/share/wamv_gazebo/models/person/thumbnails/5.png
[18.675s] -- Symlinking: /home/luca002/proj_ws/install/wamv_gazebo/share/wamv_gazebo/models/round_buoy_black/materials/textures/RoundBarrierBuoy_Base_Color.png
[18.682s] -- Symlinking: /home/luca002/proj_ws/install/wamv_gazebo/share/wamv_gazebo/models/round_buoy_black/materials/textures/RoundBarrierBuoy_Roughness.png
[18.689s] -- Symlinking: /home/luca002/proj_ws/install/wamv_gazebo/share/wamv_gazebo/models/round_buoy_black/meshes/mb_round_buoy.dae
[18.696s] -- Symlinking: /home/luca002/proj_ws/install/wamv_gazebo/share/wamv_gazebo/models/round_buoy_black/model.config
[18.707s] -- Symlinking: /home/luca002/proj_ws/install/wamv_gazebo/share/wamv_gazebo/models/round_buoy_black/model.sdf
[18.715s] -- Symlinking: /home/luca002/proj_ws/install/wamv_gazebo/share/wamv_gazebo/models/round_buoy_black/thumbnails/1.png
[18.721s] -- Symlinking: /home/luca002/proj_ws/install/wamv_gazebo/share/wamv_gazebo/models/round_buoy_black/thumbnails/2.png
[18.727s] -- Symlinking: /home/luca002/proj_ws/install/wamv_gazebo/share/wamv_gazebo/models/round_buoy_black/thumbnails/3.png
[18.733s] -- Symlinking: /home/luca002/proj_ws/install/wamv_gazebo/share/wamv_gazebo/models/round_buoy_black/thumbnails/4.png
[18.738s] -- Symlinking: /home/luca002/proj_ws/install/wamv_gazebo/share/wamv_gazebo/models/round_buoy_black/thumbnails/5.png
[18.743s] -- Symlinking: /home/luca002/proj_ws/install/wamv_gazebo/share/wamv_gazebo/models/vessel_a/materials/textures/Boat05_Albedo.jpg
[18.748s] -- Symlinking: /home/luca002/proj_ws/install/wamv_gazebo/share/wamv_gazebo/models/vessel_a/materials/textures/Boat05_Metalness.png
[18.753s] -- Symlinking: /home/luca002/proj_ws/install/wamv_gazebo/share/wamv_gazebo/models/vessel_a/materials/textures/Boat05_Normal.png
[18.759s] -- Symlinking: /home/luca002/proj_ws/install/wamv_gazebo/share/wamv_gazebo/models/vessel_a/materials/textures/Boat05_Roughness.jpg
[18.764s] -- Symlinking: /home/luca002/proj_ws/install/wamv_gazebo/share/wamv_gazebo/models/vessel_a/meshes/Boat05.dae
[18.769s] -- Symlinking: /home/luca002/proj_ws/install/wamv_gazebo/share/wamv_gazebo/models/vessel_a/model.config
[18.774s] -- Symlinking: /home/luca002/proj_ws/install/wamv_gazebo/share/wamv_gazebo/models/vessel_a/model.sdf
[18.780s] -- Symlinking: /home/luca002/proj_ws/install/wamv_gazebo/share/wamv_gazebo/models/vessel_a/thumbnails/1.png
[18.785s] -- Symlinking: /home/luca002/proj_ws/install/wamv_gazebo/share/wamv_gazebo/models/vessel_b/materials/textures/Boat06_Albedo.jpg
[18.790s] -- Symlinking: /home/luca002/proj_ws/install/wamv_gazebo/share/wamv_gazebo/models/vessel_b/materials/textures/Boat06_Metalness.png
[18.795s] -- Symlinking: /home/luca002/proj_ws/install/wamv_gazebo/share/wamv_gazebo/models/vessel_b/materials/textures/Boat06_Normal.jpg
[18.802s] -- Symlinking: /home/luca002/proj_ws/install/wamv_gazebo/share/wamv_gazebo/models/vessel_b/materials/textures/Boat06_Roughness.jpg
[18.809s] -- Symlinking: /home/luca002/proj_ws/install/wamv_gazebo/share/wamv_gazebo/models/vessel_b/meshes/Boat06.dae
[18.815s] -- Symlinking: /home/luca002/proj_ws/install/wamv_gazebo/share/wamv_gazebo/models/vessel_b/model.config
[18.821s] -- Symlinking: /home/luca002/proj_ws/install/wamv_gazebo/share/wamv_gazebo/models/vessel_b/model.sdf
[18.826s] -- Symlinking: /home/luca002/proj_ws/install/wamv_gazebo/share/wamv_gazebo/models/vessel_b/thumbnails/1.png
[18.832s] -- Symlinking: /home/luca002/proj_ws/install/wamv_gazebo/share/wamv_gazebo/models/vessel_c/materials/textures/Boat07_Albedo.jpg
[18.837s] -- Symlinking: /home/luca002/proj_ws/install/wamv_gazebo/share/wamv_gazebo/models/vessel_c/materials/textures/Boat07_Normal.jpg
[18.842s] -- Symlinking: /home/luca002/proj_ws/install/wamv_gazebo/share/wamv_gazebo/models/vessel_c/materials/textures/Boat07_Roughness.jpg
[18.848s] -- Symlinking: /home/luca002/proj_ws/install/wamv_gazebo/share/wamv_gazebo/models/vessel_c/meshes/Boat07.dae
[18.855s] -- Symlinking: /home/luca002/proj_ws/install/wamv_gazebo/share/wamv_gazebo/models/vessel_c/model.config
[18.861s] -- Symlinking: /home/luca002/proj_ws/install/wamv_gazebo/share/wamv_gazebo/models/vessel_c/model.sdf
[18.867s] -- Symlinking: /home/luca002/proj_ws/install/wamv_gazebo/share/wamv_gazebo/models/vessel_c/thumbnails/1.png
[18.873s] -- Symlinking: /home/luca002/proj_ws/install/wamv_gazebo/share/wamv_gazebo/worlds/sydney.sdf
[18.878s] -- Symlinking: /home/luca002/proj_ws/install/wamv_gazebo/share/wamv_gazebo/rviz/wamv_gz_rviz.rviz
[18.883s] -- Symlinking: /home/luca002/proj_ws/install/wamv_gazebo/share/wamv_gazebo/rviz/wamv_keyboard_control.rviz
[18.888s] -- Symlinking: /home/luca002/proj_ws/install/wamv_gazebo/share/wamv_gazebo/rviz/wamv_rviz.rviz
[18.903s] -- Symlinking: /home/luca002/proj_ws/install/wamv_gazebo/share/wamv_gazebo/urdf/meshes/battery/battery.dae
[18.911s] -- Symlinking: /home/luca002/proj_ws/install/wamv_gazebo/share/wamv_gazebo/urdf/meshes/battery/battery.png
[18.918s] -- Symlinking: /home/luca002/proj_ws/install/wamv_gazebo/share/wamv_gazebo/urdf/meshes/battery/battery_Albedo.png
[18.925s] -- Symlinking: /home/luca002/proj_ws/install/wamv_gazebo/share/wamv_gazebo/urdf/meshes/battery/battery_Metalness.png
[18.932s] -- Symlinking: /home/luca002/proj_ws/install/wamv_gazebo/share/wamv_gazebo/urdf/meshes/battery/battery_Normal.png
[18.938s] -- Symlinking: /home/luca002/proj_ws/install/wamv_gazebo/share/wamv_gazebo/urdf/meshes/battery/battery_Roughness.png
[18.943s] -- Symlinking: /home/luca002/proj_ws/install/wamv_gazebo/share/wamv_gazebo/urdf/meshes/cpu_cases/cpu_cases.dae
[18.949s] -- Symlinking: /home/luca002/proj_ws/install/wamv_gazebo/share/wamv_gazebo/urdf/meshes/cpu_cases/cpu_cases.png
[18.954s] -- Symlinking: /home/luca002/proj_ws/install/wamv_gazebo/share/wamv_gazebo/urdf/meshes/cpu_cases/cpu_cases_Albedo.png
[18.959s] -- Symlinking: /home/luca002/proj_ws/install/wamv_gazebo/share/wamv_gazebo/urdf/meshes/cpu_cases/cpu_cases_Metalness.png
[18.964s] -- Symlinking: /home/luca002/proj_ws/install/wamv_gazebo/share/wamv_gazebo/urdf/meshes/cpu_cases/cpu_cases_Normal.png
[18.969s] -- Symlinking: /home/luca002/proj_ws/install/wamv_gazebo/share/wamv_gazebo/urdf/meshes/cpu_cases/cpu_cases_Roughness.png
[18.974s] -- Symlinking: /home/luca002/proj_ws/install/wamv_gazebo/share/wamv_gazebo/urdf/meshes/lidar/lidar_3d_v1 copy.png
[18.979s] -- Symlinking: /home/luca002/proj_ws/install/wamv_gazebo/share/wamv_gazebo/urdf/meshes/lidar/lidar_3d_v1.dae
[18.985s] -- Symlinking: /home/luca002/proj_ws/install/wamv_gazebo/share/wamv_gazebo/urdf/meshes/lidar/lidar_3d_v1.png
[18.990s] -- Symlinking: /home/luca002/proj_ws/install/wamv_gazebo/share/wamv_gazebo/urdf/meshes/tripod/legs.dae
[18.997s] -- Symlinking: /home/luca002/proj_ws/install/wamv_gazebo/share/wamv_gazebo/urdf/meshes/tripod/ring.dae
[19.004s] -- Symlinking: /home/luca002/proj_ws/install/wamv_gazebo/share/wamv_gazebo/urdf/meshes/wamv/WAM-V-Base.dae
[19.012s] -- Symlinking: /home/luca002/proj_ws/install/wamv_gazebo/share/wamv_gazebo/urdf/meshes/wamv/WamV.png
[19.019s] -- Symlinking: /home/luca002/proj_ws/install/wamv_gazebo/share/wamv_gazebo/urdf/meshes/wamv/engine.dae
[19.025s] -- Symlinking: /home/luca002/proj_ws/install/wamv_gazebo/share/wamv_gazebo/urdf/meshes/wamv/propeller.dae
[19.031s] -- Symlinking: /home/luca002/proj_ws/install/wamv_gazebo/share/wamv_gazebo/urdf/model.urdf.xacro
[19.037s] -- Symlinking: /home/luca002/proj_ws/install/wamv_gazebo/share/ament_index/resource_index/package_run_dependencies/wamv_gazebo
[19.043s] -- Symlinking: /home/luca002/proj_ws/install/wamv_gazebo/share/ament_index/resource_index/parent_prefix_path/wamv_gazebo
[19.049s] -- Symlinking: /home/luca002/proj_ws/install/wamv_gazebo/share/wamv_gazebo/environment/ament_prefix_path.sh
[19.054s] -- Symlinking: /home/luca002/proj_ws/install/wamv_gazebo/share/wamv_gazebo/environment/ament_prefix_path.dsv
[19.059s] -- Symlinking: /home/luca002/proj_ws/install/wamv_gazebo/share/wamv_gazebo/environment/path.sh
[19.064s] -- Symlinking: /home/luca002/proj_ws/install/wamv_gazebo/share/wamv_gazebo/environment/path.dsv
[19.069s] -- Symlinking: /home/luca002/proj_ws/install/wamv_gazebo/share/wamv_gazebo/local_setup.bash
[19.074s] -- Symlinking: /home/luca002/proj_ws/install/wamv_gazebo/share/wamv_gazebo/local_setup.sh
[19.079s] -- Symlinking: /home/luca002/proj_ws/install/wamv_gazebo/share/wamv_gazebo/local_setup.zsh
[19.084s] -- Symlinking: /home/luca002/proj_ws/install/wamv_gazebo/share/wamv_gazebo/local_setup.dsv
[19.089s] -- Symlinking: /home/luca002/proj_ws/install/wamv_gazebo/share/wamv_gazebo/package.dsv
[19.095s] -- Symlinking: /home/luca002/proj_ws/install/wamv_gazebo/share/ament_index/resource_index/packages/wamv_gazebo
[19.100s] -- Symlinking: /home/luca002/proj_ws/install/wamv_gazebo/share/wamv_gazebo/cmake/wamv_gazeboConfig.cmake
[19.107s] -- Symlinking: /home/luca002/proj_ws/install/wamv_gazebo/share/wamv_gazebo/cmake/wamv_gazeboConfig-version.cmake
[19.114s] -- Symlinking: /home/luca002/proj_ws/install/wamv_gazebo/share/wamv_gazebo/package.xml
[19.122s] Invoked command in '/home/luca002/proj_ws/build/wamv_gazebo' returned '0': CMAKE_PREFIX_PATH=${CMAKE_PREFIX_PATH}:/home/luca002/ros_ws/install/robot_description_example:/opt/ros/jazzy DEBUGINFOD_URLS=https://debuginfod.ubuntu.com /usr/bin/cmake --install /home/luca002/proj_ws/build/wamv_gazebo
