[0.206s] DEBUG:colcon:Command line arguments: ['/usr/bin/colcon', 'build', '--symlink-install']
[0.206s] DEBUG:colcon:Parsed command line arguments: Namespace(log_base=None, log_level=None, verb_name='build', build_base='build', install_base='install', merge_install=False, symlink_install=True, test_result_base=None, continue_on_error=False, executor='parallel', parallel_workers=16, event_handlers=None, ignore_user_meta=False, metas=['./colcon.meta'], base_paths=['.'], packages_ignore=None, packages_ignore_regex=None, paths=None, packages_up_to=None, packages_up_to_regex=None, packages_above=None, packages_above_and_dependencies=None, packages_above_depth=None, packages_select_by_dep=None, packages_skip_by_dep=None, packages_skip_up_to=None, packages_select_build_failed=False, packages_skip_build_finished=False, packages_select_test_failures=False, packages_skip_test_passed=False, packages_select=None, packages_skip=None, packages_select_regex=None, packages_skip_regex=None, packages_start=None, packages_end=None, allow_overriding=[], cmake_args=None, cmake_target=None, cmake_target_skip_unavailable=False, cmake_clean_cache=False, cmake_clean_first=False, cmake_force_configure=False, ament_cmake_args=None, catkin_cmake_args=None, catkin_skip_building_tests=False, mixin_files=None, mixin=None, verb_parser=<colcon_mixin.mixin.mixin_argument.MixinArgumentDecorator object at 0x7cae37db6f90>, verb_extension=<colcon_core.verb.build.BuildVerb object at 0x7cae37db6b70>, main=<bound method BuildVerb.main of <colcon_core.verb.build.BuildVerb object at 0x7cae37db6b70>>, mixin_verb=('build',))
[0.276s] Level 1:colcon.colcon_core.package_discovery:discover_packages(colcon_meta) check parameters
[0.277s] Level 1:colcon.colcon_core.package_discovery:discover_packages(recursive) check parameters
[0.277s] Level 1:colcon.colcon_core.package_discovery:discover_packages(ignore) check parameters
[0.277s] Level 1:colcon.colcon_core.package_discovery:discover_packages(path) check parameters
[0.277s] Level 1:colcon.colcon_core.package_discovery:discover_packages(colcon_meta) discover
[0.277s] Level 1:colcon.colcon_core.package_discovery:discover_packages(recursive) discover
[0.277s] INFO:colcon.colcon_core.package_discovery:Crawling recursively for packages in '/home/luca002/proj_ws'
[0.277s] Level 1:colcon.colcon_core.package_identification:_identify(.) by extensions ['ignore', 'ignore_ament_install']
[0.277s] Level 1:colcon.colcon_core.package_identification:_identify(.) by extension 'ignore'
[0.277s] Level 1:colcon.colcon_core.package_identification:_identify(.) by extension 'ignore_ament_install'
[0.277s] Level 1:colcon.colcon_core.package_identification:_identify(.) by extensions ['colcon_pkg']
[0.278s] Level 1:colcon.colcon_core.package_identification:_identify(.) by extension 'colcon_pkg'
[0.278s] Level 1:colcon.colcon_core.package_identification:_identify(.) by extensions ['colcon_meta']
[0.278s] Level 1:colcon.colcon_core.package_identification:_identify(.) by extension 'colcon_meta'
[0.278s] Level 1:colcon.colcon_core.package_identification:_identify(.) by extensions ['ros']
[0.278s] Level 1:colcon.colcon_core.package_identification:_identify(.) by extension 'ros'
[0.327s] Level 1:colcon.colcon_core.package_identification:_identify(.) by extensions ['cmake', 'python']
[0.328s] Level 1:colcon.colcon_core.package_identification:_identify(.) by extension 'cmake'
[0.328s] Level 1:colcon.colcon_core.package_identification:_identify(.) by extension 'python'
[0.328s] Level 1:colcon.colcon_core.package_identification:_identify(.) by extensions ['python_setup_py']
[0.328s] Level 1:colcon.colcon_core.package_identification:_identify(.) by extension 'python_setup_py'
[0.328s] Level 1:colcon.colcon_core.package_identification:_identify(build) by extensions ['ignore', 'ignore_ament_install']
[0.328s] Level 1:colcon.colcon_core.package_identification:_identify(build) by extension 'ignore'
[0.328s] Level 1:colcon.colcon_core.package_identification:_identify(build) ignored
[0.329s] Level 1:colcon.colcon_core.package_identification:_identify(install) by extensions ['ignore', 'ignore_ament_install']
[0.329s] Level 1:colcon.colcon_core.package_identification:_identify(install) by extension 'ignore'
[0.329s] Level 1:colcon.colcon_core.package_identification:_identify(install) ignored
[0.329s] Level 1:colcon.colcon_core.package_identification:_identify(log) by extensions ['ignore', 'ignore_ament_install']
[0.329s] Level 1:colcon.colcon_core.package_identification:_identify(log) by extension 'ignore'
[0.329s] Level 1:colcon.colcon_core.package_identification:_identify(log) ignored
[0.329s] Level 1:colcon.colcon_core.package_identification:_identify(src) by extensions ['ignore', 'ignore_ament_install']
[0.330s] Level 1:colcon.colcon_core.package_identification:_identify(src) by extension 'ignore'
[0.330s] Level 1:colcon.colcon_core.package_identification:_identify(src) by extension 'ignore_ament_install'
[0.330s] Level 1:colcon.colcon_core.package_identification:_identify(src) by extensions ['colcon_pkg']
[0.330s] Level 1:colcon.colcon_core.package_identification:_identify(src) by extension 'colcon_pkg'
[0.330s] Level 1:colcon.colcon_core.package_identification:_identify(src) by extensions ['colcon_meta']
[0.330s] Level 1:colcon.colcon_core.package_identification:_identify(src) by extension 'colcon_meta'
[0.330s] Level 1:colcon.colcon_core.package_identification:_identify(src) by extensions ['ros']
[0.330s] Level 1:colcon.colcon_core.package_identification:_identify(src) by extension 'ros'
[0.330s] Level 1:colcon.colcon_core.package_identification:_identify(src) by extensions ['cmake', 'python']
[0.330s] Level 1:colcon.colcon_core.package_identification:_identify(src) by extension 'cmake'
[0.330s] Level 1:colcon.colcon_core.package_identification:_identify(src) by extension 'python'
[0.330s] Level 1:colcon.colcon_core.package_identification:_identify(src) by extensions ['python_setup_py']
[0.331s] Level 1:colcon.colcon_core.package_identification:_identify(src) by extension 'python_setup_py'
[0.331s] Level 1:colcon.colcon_core.package_identification:_identify(src/python_node) by extensions ['ignore', 'ignore_ament_install']
[0.331s] Level 1:colcon.colcon_core.package_identification:_identify(src/python_node) by extension 'ignore'
[0.331s] Level 1:colcon.colcon_core.package_identification:_identify(src/python_node) by extension 'ignore_ament_install'
[0.331s] Level 1:colcon.colcon_core.package_identification:_identify(src/python_node) by extensions ['colcon_pkg']
[0.331s] Level 1:colcon.colcon_core.package_identification:_identify(src/python_node) by extension 'colcon_pkg'
[0.331s] Level 1:colcon.colcon_core.package_identification:_identify(src/python_node) by extensions ['colcon_meta']
[0.331s] Level 1:colcon.colcon_core.package_identification:_identify(src/python_node) by extension 'colcon_meta'
[0.331s] Level 1:colcon.colcon_core.package_identification:_identify(src/python_node) by extensions ['ros']
[0.331s] Level 1:colcon.colcon_core.package_identification:_identify(src/python_node) by extension 'ros'
[0.335s] DEBUG:colcon.colcon_core.package_identification:Package 'src/python_node' with type 'ros.ament_python' and name 'python_node'
[0.336s] Level 1:colcon.colcon_core.package_identification:_identify(src/wamv_gazebo) by extensions ['ignore', 'ignore_ament_install']
[0.336s] Level 1:colcon.colcon_core.package_identification:_identify(src/wamv_gazebo) by extension 'ignore'
[0.336s] Level 1:colcon.colcon_core.package_identification:_identify(src/wamv_gazebo) by extension 'ignore_ament_install'
[0.336s] Level 1:colcon.colcon_core.package_identification:_identify(src/wamv_gazebo) by extensions ['colcon_pkg']
[0.336s] Level 1:colcon.colcon_core.package_identification:_identify(src/wamv_gazebo) by extension 'colcon_pkg'
[0.336s] Level 1:colcon.colcon_core.package_identification:_identify(src/wamv_gazebo) by extensions ['colcon_meta']
[0.336s] Level 1:colcon.colcon_core.package_identification:_identify(src/wamv_gazebo) by extension 'colcon_meta'
[0.336s] Level 1:colcon.colcon_core.package_identification:_identify(src/wamv_gazebo) by extensions ['ros']
[0.336s] Level 1:colcon.colcon_core.package_identification:_identify(src/wamv_gazebo) by extension 'ros'
[0.337s] DEBUG:colcon.colcon_core.package_identification:Package 'src/wamv_gazebo' with type 'ros.ament_cmake' and name 'wamv_gazebo'
[0.338s] Level 1:colcon.colcon_core.package_identification:_identify(src/wamv_navigation) by extensions ['ignore', 'ignore_ament_install']
[0.338s] Level 1:colcon.colcon_core.package_identification:_identify(src/wamv_navigation) by extension 'ignore'
[0.338s] Level 1:colcon.colcon_core.package_identification:_identify(src/wamv_navigation) by extension 'ignore_ament_install'
[0.338s] Level 1:colcon.colcon_core.package_identification:_identify(src/wamv_navigation) by extensions ['colcon_pkg']
[0.338s] Level 1:colcon.colcon_core.package_identification:_identify(src/wamv_navigation) by extension 'colcon_pkg'
[0.338s] Level 1:colcon.colcon_core.package_identification:_identify(src/wamv_navigation) by extensions ['colcon_meta']
[0.338s] Level 1:colcon.colcon_core.package_identification:_identify(src/wamv_navigation) by extension 'colcon_meta'
[0.338s] Level 1:colcon.colcon_core.package_identification:_identify(src/wamv_navigation) by extensions ['ros']
[0.338s] Level 1:colcon.colcon_core.package_identification:_identify(src/wamv_navigation) by extension 'ros'
[0.340s] DEBUG:colcon.colcon_core.package_identification:Package 'src/wamv_navigation' with type 'ros.ament_cmake' and name 'wamv_navigation'
[0.340s] Level 1:colcon.colcon_core.package_discovery:discover_packages(recursive) using defaults
[0.340s] Level 1:colcon.colcon_core.package_discovery:discover_packages(ignore) discover
[0.340s] Level 1:colcon.colcon_core.package_discovery:discover_packages(ignore) using defaults
[0.341s] Level 1:colcon.colcon_core.package_discovery:discover_packages(path) discover
[0.341s] Level 1:colcon.colcon_core.package_discovery:discover_packages(path) using defaults
[0.374s] Level 1:colcon.colcon_core.package_discovery:discover_packages(prefix_path) check parameters
[0.374s] Level 1:colcon.colcon_core.package_discovery:discover_packages(prefix_path) discover
[0.378s] DEBUG:colcon.colcon_installed_package_information.package_discovery:Found 0 installed packages in /home/luca002/carto_ws/install
[0.378s] DEBUG:colcon.colcon_installed_package_information.package_discovery:Found 3 installed packages in /home/luca002/proj_ws/install
[0.379s] DEBUG:colcon.colcon_installed_package_information.package_discovery:Found 9 installed packages in /home/luca002/ros_ws/install
[0.383s] DEBUG:colcon.colcon_installed_package_information.package_discovery:Found 434 installed packages in /opt/ros/jazzy
[0.386s] Level 1:colcon.colcon_core.package_discovery:discover_packages(prefix_path) using defaults
[0.484s] Level 5:colcon.colcon_core.verb:set package 'python_node' build argument 'cmake_args' from command line to 'None'
[0.484s] Level 5:colcon.colcon_core.verb:set package 'python_node' build argument 'cmake_target' from command line to 'None'
[0.484s] Level 5:colcon.colcon_core.verb:set package 'python_node' build argument 'cmake_target_skip_unavailable' from command line to 'False'
[0.484s] Level 5:colcon.colcon_core.verb:set package 'python_node' build argument 'cmake_clean_cache' from command line to 'False'
[0.484s] Level 5:colcon.colcon_core.verb:set package 'python_node' build argument 'cmake_clean_first' from command line to 'False'
[0.484s] Level 5:colcon.colcon_core.verb:set package 'python_node' build argument 'cmake_force_configure' from command line to 'False'
[0.484s] Level 5:colcon.colcon_core.verb:set package 'python_node' build argument 'ament_cmake_args' from command line to 'None'
[0.484s] Level 5:colcon.colcon_core.verb:set package 'python_node' build argument 'catkin_cmake_args' from command line to 'None'
[0.484s] Level 5:colcon.colcon_core.verb:set package 'python_node' build argument 'catkin_skip_building_tests' from command line to 'False'
[0.485s] DEBUG:colcon.colcon_core.verb:Building package 'python_node' with the following arguments: {'ament_cmake_args': None, 'build_base': '/home/luca002/proj_ws/build/python_node', 'catkin_cmake_args': None, 'catkin_skip_building_tests': False, 'cmake_args': None, 'cmake_clean_cache': False, 'cmake_clean_first': False, 'cmake_force_configure': False, 'cmake_target': None, 'cmake_target_skip_unavailable': False, 'install_base': '/home/luca002/proj_ws/install/python_node', 'merge_install': False, 'path': '/home/luca002/proj_ws/src/python_node', 'symlink_install': True, 'test_result_base': None}
[0.485s] Level 5:colcon.colcon_core.verb:set package 'wamv_gazebo' build argument 'cmake_args' from command line to 'None'
[0.485s] Level 5:colcon.colcon_core.verb:set package 'wamv_gazebo' build argument 'cmake_target' from command line to 'None'
[0.485s] Level 5:colcon.colcon_core.verb:set package 'wamv_gazebo' build argument 'cmake_target_skip_unavailable' from command line to 'False'
[0.485s] Level 5:colcon.colcon_core.verb:set package 'wamv_gazebo' build argument 'cmake_clean_cache' from command line to 'False'
[0.485s] Level 5:colcon.colcon_core.verb:set package 'wamv_gazebo' build argument 'cmake_clean_first' from command line to 'False'
[0.485s] Level 5:colcon.colcon_core.verb:set package 'wamv_gazebo' build argument 'cmake_force_configure' from command line to 'False'
[0.485s] Level 5:colcon.colcon_core.verb:set package 'wamv_gazebo' build argument 'ament_cmake_args' from command line to 'None'
[0.485s] Level 5:colcon.colcon_core.verb:set package 'wamv_gazebo' build argument 'catkin_cmake_args' from command line to 'None'
[0.485s] Level 5:colcon.colcon_core.verb:set package 'wamv_gazebo' build argument 'catkin_skip_building_tests' from command line to 'False'
[0.485s] DEBUG:colcon.colcon_core.verb:Building package 'wamv_gazebo' with the following arguments: {'ament_cmake_args': None, 'build_base': '/home/luca002/proj_ws/build/wamv_gazebo', 'catkin_cmake_args': None, 'catkin_skip_building_tests': False, 'cmake_args': None, 'cmake_clean_cache': False, 'cmake_clean_first': False, 'cmake_force_configure': False, 'cmake_target': None, 'cmake_target_skip_unavailable': False, 'install_base': '/home/luca002/proj_ws/install/wamv_gazebo', 'merge_install': False, 'path': '/home/luca002/proj_ws/src/wamv_gazebo', 'symlink_install': True, 'test_result_base': None}
[0.486s] Level 5:colcon.colcon_core.verb:set package 'wamv_navigation' build argument 'cmake_args' from command line to 'None'
[0.486s] Level 5:colcon.colcon_core.verb:set package 'wamv_navigation' build argument 'cmake_target' from command line to 'None'
[0.486s] Level 5:colcon.colcon_core.verb:set package 'wamv_navigation' build argument 'cmake_target_skip_unavailable' from command line to 'False'
[0.486s] Level 5:colcon.colcon_core.verb:set package 'wamv_navigation' build argument 'cmake_clean_cache' from command line to 'False'
[0.486s] Level 5:colcon.colcon_core.verb:set package 'wamv_navigation' build argument 'cmake_clean_first' from command line to 'False'
[0.486s] Level 5:colcon.colcon_core.verb:set package 'wamv_navigation' build argument 'cmake_force_configure' from command line to 'False'
[0.486s] Level 5:colcon.colcon_core.verb:set package 'wamv_navigation' build argument 'ament_cmake_args' from command line to 'None'
[0.486s] Level 5:colcon.colcon_core.verb:set package 'wamv_navigation' build argument 'catkin_cmake_args' from command line to 'None'
[0.486s] Level 5:colcon.colcon_core.verb:set package 'wamv_navigation' build argument 'catkin_skip_building_tests' from command line to 'False'
[0.486s] DEBUG:colcon.colcon_core.verb:Building package 'wamv_navigation' with the following arguments: {'ament_cmake_args': None, 'build_base': '/home/luca002/proj_ws/build/wamv_navigation', 'catkin_cmake_args': None, 'catkin_skip_building_tests': False, 'cmake_args': None, 'cmake_clean_cache': False, 'cmake_clean_first': False, 'cmake_force_configure': False, 'cmake_target': None, 'cmake_target_skip_unavailable': False, 'install_base': '/home/luca002/proj_ws/install/wamv_navigation', 'merge_install': False, 'path': '/home/luca002/proj_ws/src/wamv_navigation', 'symlink_install': True, 'test_result_base': None}
[0.486s] INFO:colcon.colcon_core.executor:Executing jobs using 'parallel' executor
[0.488s] DEBUG:colcon.colcon_parallel_executor.executor.parallel:run_until_complete
[0.489s] INFO:colcon.colcon_ros.task.ament_python.build:Building ROS package in '/home/luca002/proj_ws/src/python_node' with build type 'ament_python'
[0.489s] Level 1:colcon.colcon_core.shell:create_environment_hook('python_node', 'ament_prefix_path')
[0.492s] INFO:colcon.colcon_core.plugin_system:Skipping extension 'colcon_core.shell.bat': Not used on non-Windows systems
[0.492s] INFO:colcon.colcon_core.shell:Creating environment hook '/home/luca002/proj_ws/install/python_node/share/python_node/hook/ament_prefix_path.ps1'
[0.493s] INFO:colcon.colcon_core.shell:Creating environment descriptor '/home/luca002/proj_ws/install/python_node/share/python_node/hook/ament_prefix_path.dsv'
[0.494s] INFO:colcon.colcon_core.shell:Creating environment hook '/home/luca002/proj_ws/install/python_node/share/python_node/hook/ament_prefix_path.sh'
[0.495s] INFO:colcon.colcon_core.shell:Skip shell extension 'powershell' for command environment: Not usable outside of PowerShell
[0.495s] DEBUG:colcon.colcon_core.shell:Skip shell extension 'dsv' for command environment
[0.505s] INFO:colcon.colcon_ros.task.ament_cmake.build:Building ROS package in '/home/luca002/proj_ws/src/wamv_gazebo' with build type 'ament_cmake'
[0.506s] INFO:colcon.colcon_cmake.task.cmake.build:Building CMake package in '/home/luca002/proj_ws/src/wamv_gazebo'
[0.506s] INFO:colcon.colcon_core.shell:Skip shell extension 'powershell' for command environment: Not usable outside of PowerShell
[0.506s] DEBUG:colcon.colcon_core.shell:Skip shell extension 'dsv' for command environment
[0.515s] INFO:colcon.colcon_ros.task.ament_cmake.build:Building ROS package in '/home/luca002/proj_ws/src/wamv_navigation' with build type 'ament_cmake'
[0.515s] INFO:colcon.colcon_cmake.task.cmake.build:Building CMake package in '/home/luca002/proj_ws/src/wamv_navigation'
[0.516s] INFO:colcon.colcon_core.shell:Skip shell extension 'powershell' for command environment: Not usable outside of PowerShell
[0.516s] DEBUG:colcon.colcon_core.shell:Skip shell extension 'dsv' for command environment
[0.978s] INFO:colcon.colcon_core.task.python.build:Building Python package in '/home/luca002/proj_ws/src/python_node'
[0.978s] INFO:colcon.colcon_core.shell:Skip shell extension 'powershell' for command environment: Not usable outside of PowerShell
[0.978s] DEBUG:colcon.colcon_core.shell:Skip shell extension 'dsv' for command environment
[0.995s] DEBUG:colcon.colcon_core.event_handler.log_command:Invoking command in '/home/luca002/proj_ws/build/wamv_gazebo': CMAKE_PREFIX_PATH=${CMAKE_PREFIX_PATH}:/home/luca002/ros_ws/install/robot_description_example:/home/luca002/proj_ws/install/python_node:/opt/ros/jazzy DEBUGINFOD_URLS=https://debuginfod.ubuntu.com /usr/bin/cmake --build /home/luca002/proj_ws/build/wamv_gazebo -- -j16 -l16
[1.004s] DEBUG:colcon.colcon_core.event_handler.log_command:Invoking command in '/home/luca002/proj_ws/build/wamv_navigation': CMAKE_PREFIX_PATH=${CMAKE_PREFIX_PATH}:/home/luca002/ros_ws/install/robot_description_example:/home/luca002/proj_ws/install/python_node:/opt/ros/jazzy DEBUGINFOD_URLS=https://debuginfod.ubuntu.com /usr/bin/cmake --build /home/luca002/proj_ws/build/wamv_navigation -- -j16 -l16
[1.078s] DEBUG:colcon.colcon_core.event_handler.log_command:Invoked command in '/home/luca002/proj_ws/build/wamv_navigation' returned '0': CMAKE_PREFIX_PATH=${CMAKE_PREFIX_PATH}:/home/luca002/ros_ws/install/robot_description_example:/home/luca002/proj_ws/install/python_node:/opt/ros/jazzy DEBUGINFOD_URLS=https://debuginfod.ubuntu.com /usr/bin/cmake --build /home/luca002/proj_ws/build/wamv_navigation -- -j16 -l16
[1.096s] DEBUG:colcon.colcon_core.event_handler.log_command:Invoking command in '/home/luca002/proj_ws/build/wamv_navigation': CMAKE_PREFIX_PATH=${CMAKE_PREFIX_PATH}:/home/luca002/ros_ws/install/robot_description_example:/home/luca002/proj_ws/install/python_node:/opt/ros/jazzy DEBUGINFOD_URLS=https://debuginfod.ubuntu.com /usr/bin/cmake --install /home/luca002/proj_ws/build/wamv_navigation
[1.161s] Level 1:colcon.colcon_core.environment:create_environment_scripts_only(wamv_navigation)
[1.165s] DEBUG:colcon.colcon_core.event_handler.log_command:Invoked command in '/home/luca002/proj_ws/build/wamv_navigation' returned '0': CMAKE_PREFIX_PATH=${CMAKE_PREFIX_PATH}:/home/luca002/ros_ws/install/robot_description_example:/home/luca002/proj_ws/install/python_node:/opt/ros/jazzy DEBUGINFOD_URLS=https://debuginfod.ubuntu.com /usr/bin/cmake --install /home/luca002/proj_ws/build/wamv_navigation
[1.168s] Level 1:colcon.colcon_core.environment:checking '/home/luca002/proj_ws/install/wamv_navigation' for CMake module files
[1.170s] Level 1:colcon.colcon_core.environment:checking '/home/luca002/proj_ws/install/wamv_navigation' for CMake config files
[1.171s] Level 1:colcon.colcon_core.shell:create_environment_hook('wamv_navigation', 'cmake_prefix_path')
[1.171s] INFO:colcon.colcon_core.shell:Creating environment hook '/home/luca002/proj_ws/install/wamv_navigation/share/wamv_navigation/hook/cmake_prefix_path.ps1'
[1.172s] INFO:colcon.colcon_core.shell:Creating environment descriptor '/home/luca002/proj_ws/install/wamv_navigation/share/wamv_navigation/hook/cmake_prefix_path.dsv'
[1.176s] INFO:colcon.colcon_core.shell:Creating environment hook '/home/luca002/proj_ws/install/wamv_navigation/share/wamv_navigation/hook/cmake_prefix_path.sh'
[1.180s] Level 1:colcon.colcon_core.environment:checking '/home/luca002/proj_ws/install/wamv_navigation/lib'
[1.181s] Level 1:colcon.colcon_core.environment:checking '/home/luca002/proj_ws/install/wamv_navigation/bin'
[1.181s] Level 1:colcon.colcon_core.environment:checking '/home/luca002/proj_ws/install/wamv_navigation/lib/pkgconfig/wamv_navigation.pc'
[1.181s] Level 1:colcon.colcon_core.environment:checking '/home/luca002/proj_ws/install/wamv_navigation/lib/python3.12/site-packages'
[1.182s] Level 1:colcon.colcon_core.environment:checking '/home/luca002/proj_ws/install/wamv_navigation/bin'
[1.182s] INFO:colcon.colcon_core.shell:Creating package script '/home/luca002/proj_ws/install/wamv_navigation/share/wamv_navigation/package.ps1'
[1.184s] INFO:colcon.colcon_core.shell:Creating package descriptor '/home/luca002/proj_ws/install/wamv_navigation/share/wamv_navigation/package.dsv'
[1.186s] INFO:colcon.colcon_core.shell:Creating package script '/home/luca002/proj_ws/install/wamv_navigation/share/wamv_navigation/package.sh'
[1.189s] INFO:colcon.colcon_core.shell:Creating package script '/home/luca002/proj_ws/install/wamv_navigation/share/wamv_navigation/package.bash'
[1.191s] INFO:colcon.colcon_core.shell:Creating package script '/home/luca002/proj_ws/install/wamv_navigation/share/wamv_navigation/package.zsh'
[1.193s] Level 1:colcon.colcon_core.environment:create_file_with_runtime_dependencies(/home/luca002/proj_ws/install/wamv_navigation/share/colcon-core/packages/wamv_navigation)
[1.195s] Level 1:colcon.colcon_core.environment:create_environment_scripts_only(wamv_navigation)
[1.195s] Level 1:colcon.colcon_core.environment:checking '/home/luca002/proj_ws/install/wamv_navigation' for CMake module files
[1.198s] Level 1:colcon.colcon_core.environment:checking '/home/luca002/proj_ws/install/wamv_navigation' for CMake config files
[1.199s] Level 1:colcon.colcon_core.shell:create_environment_hook('wamv_navigation', 'cmake_prefix_path')
[1.199s] INFO:colcon.colcon_core.shell:Creating environment hook '/home/luca002/proj_ws/install/wamv_navigation/share/wamv_navigation/hook/cmake_prefix_path.ps1'
[1.200s] INFO:colcon.colcon_core.shell:Creating environment descriptor '/home/luca002/proj_ws/install/wamv_navigation/share/wamv_navigation/hook/cmake_prefix_path.dsv'
[1.201s] INFO:colcon.colcon_core.shell:Creating environment hook '/home/luca002/proj_ws/install/wamv_navigation/share/wamv_navigation/hook/cmake_prefix_path.sh'
[1.203s] Level 1:colcon.colcon_core.environment:checking '/home/luca002/proj_ws/install/wamv_navigation/lib'
[1.203s] Level 1:colcon.colcon_core.environment:checking '/home/luca002/proj_ws/install/wamv_navigation/bin'
[1.203s] Level 1:colcon.colcon_core.environment:checking '/home/luca002/proj_ws/install/wamv_navigation/lib/pkgconfig/wamv_navigation.pc'
[1.204s] Level 1:colcon.colcon_core.environment:checking '/home/luca002/proj_ws/install/wamv_navigation/lib/python3.12/site-packages'
[1.205s] Level 1:colcon.colcon_core.environment:checking '/home/luca002/proj_ws/install/wamv_navigation/bin'
[1.205s] INFO:colcon.colcon_core.shell:Creating package script '/home/luca002/proj_ws/install/wamv_navigation/share/wamv_navigation/package.ps1'
[1.206s] INFO:colcon.colcon_core.shell:Creating package descriptor '/home/luca002/proj_ws/install/wamv_navigation/share/wamv_navigation/package.dsv'
[1.208s] INFO:colcon.colcon_core.shell:Creating package script '/home/luca002/proj_ws/install/wamv_navigation/share/wamv_navigation/package.sh'
[1.209s] INFO:colcon.colcon_core.shell:Creating package script '/home/luca002/proj_ws/install/wamv_navigation/share/wamv_navigation/package.bash'
[1.210s] INFO:colcon.colcon_core.shell:Creating package script '/home/luca002/proj_ws/install/wamv_navigation/share/wamv_navigation/package.zsh'
[1.211s] Level 1:colcon.colcon_core.environment:create_file_with_runtime_dependencies(/home/luca002/proj_ws/install/wamv_navigation/share/colcon-core/packages/wamv_navigation)
[1.261s] DEBUG:colcon.colcon_core.event_handler.log_command:Invoked command in '/home/luca002/proj_ws/build/wamv_gazebo' returned '0': CMAKE_PREFIX_PATH=${CMAKE_PREFIX_PATH}:/home/luca002/ros_ws/install/robot_description_example:/home/luca002/proj_ws/install/python_node:/opt/ros/jazzy DEBUGINFOD_URLS=https://debuginfod.ubuntu.com /usr/bin/cmake --build /home/luca002/proj_ws/build/wamv_gazebo -- -j16 -l16
[1.264s] DEBUG:colcon.colcon_core.event_handler.log_command:Invoking command in '/home/luca002/proj_ws/build/wamv_gazebo': CMAKE_PREFIX_PATH=${CMAKE_PREFIX_PATH}:/home/luca002/ros_ws/install/robot_description_example:/home/luca002/proj_ws/install/python_node:/opt/ros/jazzy DEBUGINFOD_URLS=https://debuginfod.ubuntu.com /usr/bin/cmake --install /home/luca002/proj_ws/build/wamv_gazebo
[1.335s] Level 1:colcon.colcon_core.environment:create_environment_scripts_only(wamv_gazebo)
[1.335s] Level 1:colcon.colcon_core.environment:checking '/home/luca002/proj_ws/install/wamv_gazebo' for CMake module files
[1.336s] DEBUG:colcon.colcon_core.event_handler.log_command:Invoked command in '/home/luca002/proj_ws/build/wamv_gazebo' returned '0': CMAKE_PREFIX_PATH=${CMAKE_PREFIX_PATH}:/home/luca002/ros_ws/install/robot_description_example:/home/luca002/proj_ws/install/python_node:/opt/ros/jazzy DEBUGINFOD_URLS=https://debuginfod.ubuntu.com /usr/bin/cmake --install /home/luca002/proj_ws/build/wamv_gazebo
[1.337s] Level 1:colcon.colcon_core.environment:checking '/home/luca002/proj_ws/install/wamv_gazebo' for CMake config files
[1.337s] Level 1:colcon.colcon_core.shell:create_environment_hook('wamv_gazebo', 'cmake_prefix_path')
[1.337s] INFO:colcon.colcon_core.shell:Creating environment hook '/home/luca002/proj_ws/install/wamv_gazebo/share/wamv_gazebo/hook/cmake_prefix_path.ps1'
[1.338s] INFO:colcon.colcon_core.shell:Creating environment descriptor '/home/luca002/proj_ws/install/wamv_gazebo/share/wamv_gazebo/hook/cmake_prefix_path.dsv'
[1.339s] INFO:colcon.colcon_core.shell:Creating environment hook '/home/luca002/proj_ws/install/wamv_gazebo/share/wamv_gazebo/hook/cmake_prefix_path.sh'
[1.340s] Level 1:colcon.colcon_core.environment:checking '/home/luca002/proj_ws/install/wamv_gazebo/lib'
[1.340s] Level 1:colcon.colcon_core.shell:create_environment_hook('wamv_gazebo', 'ld_library_path_lib')
[1.340s] INFO:colcon.colcon_core.shell:Creating environment hook '/home/luca002/proj_ws/install/wamv_gazebo/share/wamv_gazebo/hook/ld_library_path_lib.ps1'
[1.341s] INFO:colcon.colcon_core.shell:Creating environment descriptor '/home/luca002/proj_ws/install/wamv_gazebo/share/wamv_gazebo/hook/ld_library_path_lib.dsv'
[1.341s] INFO:colcon.colcon_core.shell:Creating environment hook '/home/luca002/proj_ws/install/wamv_gazebo/share/wamv_gazebo/hook/ld_library_path_lib.sh'
[1.342s] Level 1:colcon.colcon_core.environment:checking '/home/luca002/proj_ws/install/wamv_gazebo/bin'
[1.342s] Level 1:colcon.colcon_core.environment:checking '/home/luca002/proj_ws/install/wamv_gazebo/lib/pkgconfig/wamv_gazebo.pc'
[1.342s] Level 1:colcon.colcon_core.environment:checking '/home/luca002/proj_ws/install/wamv_gazebo/lib/python3.12/site-packages'
[1.343s] Level 1:colcon.colcon_core.environment:checking '/home/luca002/proj_ws/install/wamv_gazebo/bin'
[1.343s] INFO:colcon.colcon_core.shell:Creating package script '/home/luca002/proj_ws/install/wamv_gazebo/share/wamv_gazebo/package.ps1'
[1.344s] INFO:colcon.colcon_core.shell:Creating package descriptor '/home/luca002/proj_ws/install/wamv_gazebo/share/wamv_gazebo/package.dsv'
[1.345s] INFO:colcon.colcon_core.shell:Creating package script '/home/luca002/proj_ws/install/wamv_gazebo/share/wamv_gazebo/package.sh'
[1.345s] INFO:colcon.colcon_core.shell:Creating package script '/home/luca002/proj_ws/install/wamv_gazebo/share/wamv_gazebo/package.bash'
[1.346s] INFO:colcon.colcon_core.shell:Creating package script '/home/luca002/proj_ws/install/wamv_gazebo/share/wamv_gazebo/package.zsh'
[1.346s] Level 1:colcon.colcon_core.environment:create_file_with_runtime_dependencies(/home/luca002/proj_ws/install/wamv_gazebo/share/colcon-core/packages/wamv_gazebo)
[1.347s] Level 1:colcon.colcon_core.environment:create_environment_scripts_only(wamv_gazebo)
[1.347s] Level 1:colcon.colcon_core.environment:checking '/home/luca002/proj_ws/install/wamv_gazebo' for CMake module files
[1.348s] Level 1:colcon.colcon_core.environment:checking '/home/luca002/proj_ws/install/wamv_gazebo' for CMake config files
[1.349s] Level 1:colcon.colcon_core.shell:create_environment_hook('wamv_gazebo', 'cmake_prefix_path')
[1.349s] INFO:colcon.colcon_core.shell:Creating environment hook '/home/luca002/proj_ws/install/wamv_gazebo/share/wamv_gazebo/hook/cmake_prefix_path.ps1'
[1.350s] INFO:colcon.colcon_core.shell:Creating environment descriptor '/home/luca002/proj_ws/install/wamv_gazebo/share/wamv_gazebo/hook/cmake_prefix_path.dsv'
[1.351s] INFO:colcon.colcon_core.shell:Creating environment hook '/home/luca002/proj_ws/install/wamv_gazebo/share/wamv_gazebo/hook/cmake_prefix_path.sh'
[1.352s] Level 1:colcon.colcon_core.environment:checking '/home/luca002/proj_ws/install/wamv_gazebo/lib'
[1.352s] Level 1:colcon.colcon_core.shell:create_environment_hook('wamv_gazebo', 'ld_library_path_lib')
[1.352s] INFO:colcon.colcon_core.shell:Creating environment hook '/home/luca002/proj_ws/install/wamv_gazebo/share/wamv_gazebo/hook/ld_library_path_lib.ps1'
[1.353s] INFO:colcon.colcon_core.shell:Creating environment descriptor '/home/luca002/proj_ws/install/wamv_gazebo/share/wamv_gazebo/hook/ld_library_path_lib.dsv'
[1.353s] INFO:colcon.colcon_core.shell:Creating environment hook '/home/luca002/proj_ws/install/wamv_gazebo/share/wamv_gazebo/hook/ld_library_path_lib.sh'
[1.354s] Level 1:colcon.colcon_core.environment:checking '/home/luca002/proj_ws/install/wamv_gazebo/bin'
[1.354s] Level 1:colcon.colcon_core.environment:checking '/home/luca002/proj_ws/install/wamv_gazebo/lib/pkgconfig/wamv_gazebo.pc'
[1.354s] Level 1:colcon.colcon_core.environment:checking '/home/luca002/proj_ws/install/wamv_gazebo/lib/python3.12/site-packages'
[1.355s] Level 1:colcon.colcon_core.environment:checking '/home/luca002/proj_ws/install/wamv_gazebo/bin'
[1.355s] INFO:colcon.colcon_core.shell:Creating package script '/home/luca002/proj_ws/install/wamv_gazebo/share/wamv_gazebo/package.ps1'
[1.356s] INFO:colcon.colcon_core.shell:Creating package descriptor '/home/luca002/proj_ws/install/wamv_gazebo/share/wamv_gazebo/package.dsv'
[1.356s] INFO:colcon.colcon_core.shell:Creating package script '/home/luca002/proj_ws/install/wamv_gazebo/share/wamv_gazebo/package.sh'
[1.357s] INFO:colcon.colcon_core.shell:Creating package script '/home/luca002/proj_ws/install/wamv_gazebo/share/wamv_gazebo/package.bash'
[1.358s] INFO:colcon.colcon_core.shell:Creating package script '/home/luca002/proj_ws/install/wamv_gazebo/share/wamv_gazebo/package.zsh'
[1.358s] Level 1:colcon.colcon_core.environment:create_file_with_runtime_dependencies(/home/luca002/proj_ws/install/wamv_gazebo/share/colcon-core/packages/wamv_gazebo)
[2.371s] DEBUG:colcon.colcon_core.event_handler.log_command:Invoking command in '/home/luca002/proj_ws/build/python_node': DEBUGINFOD_URLS=https://debuginfod.ubuntu.com PYTHONPATH=/home/luca002/proj_ws/build/python_node/prefix_override:/usr/lib/python3/dist-packages/colcon_core/task/python/colcon_distutils_commands:/home/luca002/proj_ws/install/python_node/lib/python3.12/site-packages:${PYTHONPATH} /usr/bin/python3 -W ignore:setup.py install is deprecated -W ignore:easy_install command is deprecated setup.py develop --editable --build-directory /home/luca002/proj_ws/build/python_node/build --no-deps symlink_data
[3.792s] Level 1:colcon.colcon_core.shell:create_environment_hook('python_node', 'pythonpath_develop')
[3.793s] INFO:colcon.colcon_core.shell:Creating environment hook '/home/luca002/proj_ws/build/python_node/share/python_node/hook/pythonpath_develop.ps1'
[3.794s] DEBUG:colcon.colcon_core.event_handler.log_command:Invoked command in '/home/luca002/proj_ws/build/python_node' returned '0': DEBUGINFOD_URLS=https://debuginfod.ubuntu.com PYTHONPATH=/home/luca002/proj_ws/build/python_node/prefix_override:/usr/lib/python3/dist-packages/colcon_core/task/python/colcon_distutils_commands:/home/luca002/proj_ws/install/python_node/lib/python3.12/site-packages:${PYTHONPATH} /usr/bin/python3 -W ignore:setup.py install is deprecated -W ignore:easy_install command is deprecated setup.py develop --editable --build-directory /home/luca002/proj_ws/build/python_node/build --no-deps symlink_data
[3.795s] INFO:colcon.colcon_core.shell:Creating environment descriptor '/home/luca002/proj_ws/build/python_node/share/python_node/hook/pythonpath_develop.dsv'
[3.795s] INFO:colcon.colcon_core.shell:Creating environment hook '/home/luca002/proj_ws/build/python_node/share/python_node/hook/pythonpath_develop.sh'
[3.796s] Level 1:colcon.colcon_core.environment:checking '/home/luca002/proj_ws/install/python_node' for CMake module files
[3.797s] Level 1:colcon.colcon_core.environment:checking '/home/luca002/proj_ws/install/python_node' for CMake config files
[3.798s] Level 1:colcon.colcon_core.environment:checking '/home/luca002/proj_ws/install/python_node/lib'
[3.798s] Level 1:colcon.colcon_core.environment:checking '/home/luca002/proj_ws/install/python_node/bin'
[3.798s] Level 1:colcon.colcon_core.environment:checking '/home/luca002/proj_ws/install/python_node/lib/pkgconfig/python_node.pc'
[3.799s] Level 1:colcon.colcon_core.environment:checking '/home/luca002/proj_ws/install/python_node/lib/python3.12/site-packages'
[3.799s] Level 1:colcon.colcon_core.shell:create_environment_hook('python_node', 'pythonpath')
[3.799s] INFO:colcon.colcon_core.shell:Creating environment hook '/home/luca002/proj_ws/install/python_node/share/python_node/hook/pythonpath.ps1'
[3.800s] INFO:colcon.colcon_core.shell:Creating environment descriptor '/home/luca002/proj_ws/install/python_node/share/python_node/hook/pythonpath.dsv'
[3.801s] INFO:colcon.colcon_core.shell:Creating environment hook '/home/luca002/proj_ws/install/python_node/share/python_node/hook/pythonpath.sh'
[3.802s] Level 1:colcon.colcon_core.environment:checking '/home/luca002/proj_ws/install/python_node/bin'
[3.802s] Level 1:colcon.colcon_core.environment:create_environment_scripts_only(python_node)
[3.803s] INFO:colcon.colcon_core.shell:Creating package script '/home/luca002/proj_ws/install/python_node/share/python_node/package.ps1'
[3.804s] INFO:colcon.colcon_core.shell:Creating package descriptor '/home/luca002/proj_ws/install/python_node/share/python_node/package.dsv'
[3.805s] INFO:colcon.colcon_core.shell:Creating package script '/home/luca002/proj_ws/install/python_node/share/python_node/package.sh'
[3.805s] INFO:colcon.colcon_core.shell:Creating package script '/home/luca002/proj_ws/install/python_node/share/python_node/package.bash'
[3.806s] INFO:colcon.colcon_core.shell:Creating package script '/home/luca002/proj_ws/install/python_node/share/python_node/package.zsh'
[3.807s] Level 1:colcon.colcon_core.environment:create_file_with_runtime_dependencies(/home/luca002/proj_ws/install/python_node/share/colcon-core/packages/python_node)
[3.807s] DEBUG:colcon.colcon_parallel_executor.executor.parallel:closing loop
[3.808s] DEBUG:colcon.colcon_parallel_executor.executor.parallel:loop closed
[3.808s] DEBUG:colcon.colcon_parallel_executor.executor.parallel:run_until_complete finished with '0'
[3.808s] DEBUG:colcon.colcon_core.event_reactor:joining thread
[3.841s] INFO:colcon.colcon_core.plugin_system:Skipping extension 'colcon_notification.desktop_notification.terminal_notifier': Not used on non-Darwin systems
[3.841s] INFO:colcon.colcon_core.plugin_system:Skipping extension 'colcon_notification.desktop_notification.win32': Not used on non-Windows systems
[3.841s] INFO:colcon.colcon_notification.desktop_notification:Sending desktop notification using 'notify2'
[3.866s] DEBUG:colcon.colcon_core.event_reactor:joined thread
[3.866s] INFO:colcon.colcon_core.shell:Creating prefix script '/home/luca002/proj_ws/install/local_setup.ps1'
[3.868s] INFO:colcon.colcon_core.shell:Creating prefix util module '/home/luca002/proj_ws/install/_local_setup_util_ps1.py'
[3.870s] INFO:colcon.colcon_core.shell:Creating prefix chain script '/home/luca002/proj_ws/install/setup.ps1'
[3.873s] INFO:colcon.colcon_core.shell:Creating prefix script '/home/luca002/proj_ws/install/local_setup.sh'
[3.874s] INFO:colcon.colcon_core.shell:Creating prefix util module '/home/luca002/proj_ws/install/_local_setup_util_sh.py'
[3.875s] INFO:colcon.colcon_core.shell:Creating prefix chain script '/home/luca002/proj_ws/install/setup.sh'
[3.877s] INFO:colcon.colcon_core.shell:Creating prefix script '/home/luca002/proj_ws/install/local_setup.bash'
[3.878s] INFO:colcon.colcon_core.shell:Creating prefix chain script '/home/luca002/proj_ws/install/setup.bash'
[3.880s] INFO:colcon.colcon_core.shell:Creating prefix script '/home/luca002/proj_ws/install/local_setup.zsh'
[3.881s] INFO:colcon.colcon_core.shell:Creating prefix chain script '/home/luca002/proj_ws/install/setup.zsh'
