[0.948s] Invoking command in '/home/gelatocotonato/LabMec2025/build/python_node': DEBUGINFOD_URLS=https://debuginfod.ubuntu.com PYTHONPATH=/home/gelatocotonato/LabMec2025/build/python_node/prefix_override:/usr/lib/python3/dist-packages/colcon_core/task/python/colcon_distutils_commands:/home/gelatocotonato/LabMec2025/install/python_node/lib/python3.12/site-packages:${PYTHONPATH} /usr/bin/python3 -W ignore:setup.py install is deprecated -W ignore:easy_install command is deprecated setup.py develop --editable --build-directory /home/gelatocotonato/LabMec2025/build/python_node/build --no-deps symlink_data
[1.255s] running develop
[1.463s] running egg_info
[1.463s] creating python_node.egg-info
[1.484s] writing python_node.egg-info/PKG-INFO
[1.484s] writing dependency_links to python_node.egg-info/dependency_links.txt
[1.484s] writing entry points to python_node.egg-info/entry_points.txt
[1.485s] writing requirements to python_node.egg-info/requires.txt
[1.485s] writing top-level names to python_node.egg-info/top_level.txt
[1.485s] writing manifest file 'python_node.egg-info/SOURCES.txt'
[1.537s] reading manifest file 'python_node.egg-info/SOURCES.txt'
[1.537s] writing manifest file 'python_node.egg-info/SOURCES.txt'
[1.560s] running build_ext
[1.560s] Creating /home/gelatocotonato/LabMec2025/install/python_node/lib/python3.12/site-packages/python-node.egg-link (link to .)
[1.560s] Installing coast_follower script to /home/gelatocotonato/LabMec2025/install/python_node/lib/python_node
[1.560s] Installing gui_teleop script to /home/gelatocotonato/LabMec2025/install/python_node/lib/python_node
[1.560s] Installing keyboard_teleop script to /home/gelatocotonato/LabMec2025/install/python_node/lib/python_node
[1.561s] Installing wamv_controller script to /home/gelatocotonato/LabMec2025/install/python_node/lib/python_node
[1.561s] 
[1.561s] Installed /home/gelatocotonato/LabMec2025/build/python_node
[1.561s] running symlink_data
[1.561s] creating /home/gelatocotonato/LabMec2025/install/python_node/share/ament_index
[1.561s] creating /home/gelatocotonato/LabMec2025/install/python_node/share/ament_index/resource_index
[1.561s] creating /home/gelatocotonato/LabMec2025/install/python_node/share/ament_index/resource_index/packages
[1.561s] symbolically linking /home/gelatocotonato/LabMec2025/build/python_node/resource/python_node -> /home/gelatocotonato/LabMec2025/install/python_node/share/ament_index/resource_index/packages
[1.561s] symbolically linking /home/gelatocotonato/LabMec2025/build/python_node/package.xml -> /home/gelatocotonato/LabMec2025/install/python_node/share/python_node
[1.595s] Invoked command in '/home/gelatocotonato/LabMec2025/build/python_node' returned '0': DEBUGINFOD_URLS=https://debuginfod.ubuntu.com PYTHONPATH=/home/gelatocotonato/LabMec2025/build/python_node/prefix_override:/usr/lib/python3/dist-packages/colcon_core/task/python/colcon_distutils_commands:/home/gelatocotonato/LabMec2025/install/python_node/lib/python3.12/site-packages:${PYTHONPATH} /usr/bin/python3 -W ignore:setup.py install is deprecated -W ignore:easy_install command is deprecated setup.py develop --editable --build-directory /home/gelatocotonato/LabMec2025/build/python_node/build --no-deps symlink_data
