[0.023s] Invoking command in '/home/luca002/proj_ws/build/custom_interface': CMAKE_PREFIX_PATH=${CMAKE_PREFIX_PATH}:/opt/ros/jazzy DEBUGINFOD_URLS=https://debuginfod.ubuntu.com /usr/bin/cmake /home/luca002/proj_ws/src/custom_interface -DAMENT_CMAKE_SYMLINK_INSTALL=1 -DCMAKE_INSTALL_PREFIX=/home/luca002/proj_ws/install/custom_interface
[0.462s] -- The C compiler identification is GNU 13.3.0
[0.462s] -- The CXX compiler identification is GNU 13.3.0
[0.462s] -- Detecting C compiler ABI info
[0.462s] -- Detecting C compiler ABI info - done
[0.462s] -- Check for working C compiler: /usr/bin/cc - skipped
[0.462s] -- Detecting C compile features
[0.462s] -- Detecting C compile features - done
[0.462s] -- Detecting CXX compiler ABI info
[0.462s] -- Detecting CXX compiler ABI info - done
[0.462s] -- Check for working CXX compiler: /usr/bin/c++ - skipped
[0.462s] -- Detecting CXX compile features
[0.462s] -- Detecting CXX compile features - done
[0.462s] -- Found ament_cmake: 2.5.4 (/opt/ros/jazzy/share/ament_cmake/cmake)
[0.462s] -- Found Python3: /usr/bin/python3 (found version "3.12.3") found components: Interpreter 
[0.462s] -- Override CMake install command with custom implementation using symlinks instead of copying resources
[0.462s] -- Found std_msgs: 5.3.6 (/opt/ros/jazzy/share/std_msgs/cmake)
[0.477s] -- Found rosidl_generator_c: 4.6.5 (/opt/ros/jazzy/share/rosidl_generator_c/cmake)
[0.490s] -- Found rosidl_generator_cpp: 4.6.5 (/opt/ros/jazzy/share/rosidl_generator_cpp/cmake)
[0.506s] -- Using all available rosidl_typesupport_c: rosidl_typesupport_fastrtps_c;rosidl_typesupport_introspection_c
[0.524s] -- Using all available rosidl_typesupport_cpp: rosidl_typesupport_fastrtps_cpp;rosidl_typesupport_introspection_cpp
[0.551s] -- Found rosidl_default_generators: 1.6.0 (/opt/ros/jazzy/share/rosidl_default_generators/cmake)
[0.566s] -- Found rosidl_adapter: 4.6.5 (/opt/ros/jazzy/share/rosidl_adapter/cmake)
[1.016s] -- Found ament_cmake_ros: 0.12.0 (/opt/ros/jazzy/share/ament_cmake_ros/cmake)
[1.572s] -- Using all available rosidl_typesupport_c: rosidl_typesupport_fastrtps_c;rosidl_typesupport_introspection_c
[1.775s] -- Using all available rosidl_typesupport_cpp: rosidl_typesupport_fastrtps_cpp;rosidl_typesupport_introspection_cpp
[1.778s] -- Found python_cmake_module: 0.11.1 (/opt/ros/jazzy/share/python_cmake_module/cmake)
[1.865s] -- Found PythonExtra: /usr/bin/python3  
[2.257s] -- Found Python3: /usr/bin/python3 (found version "3.12.3") found components: Interpreter Development NumPy Development.Module Development.Embed 
[2.303s] -- Configuring done (2.3s)
[2.327s] -- Generating done (0.0s)
[2.334s] -- Build files have been written to: /home/luca002/proj_ws/build/custom_interface
[2.341s] Invoked command in '/home/luca002/proj_ws/build/custom_interface' returned '0': CMAKE_PREFIX_PATH=${CMAKE_PREFIX_PATH}:/opt/ros/jazzy DEBUGINFOD_URLS=https://debuginfod.ubuntu.com /usr/bin/cmake /home/luca002/proj_ws/src/custom_interface -DAMENT_CMAKE_SYMLINK_INSTALL=1 -DCMAKE_INSTALL_PREFIX=/home/luca002/proj_ws/install/custom_interface
[2.342s] Invoking command in '/home/luca002/proj_ws/build/custom_interface': CMAKE_PREFIX_PATH=${CMAKE_PREFIX_PATH}:/opt/ros/jazzy DEBUGINFOD_URLS=https://debuginfod.ubuntu.com /usr/bin/cmake --build /home/luca002/proj_ws/build/custom_interface -- -j16 -l16
[2.379s] [  2%] [34m[1mGenerating type hashes for ROS interfaces[0m
[2.385s] [  2%] Built target ament_cmake_python_symlink_custom_interface
[2.522s] [  2%] Built target custom_interface__rosidl_generator_type_description
[2.529s] [  4%] [34m[1mGenerating C code for ROS interfaces[0m
[2.537s] [  6%] [34m[1mGenerating C++ code for ROS interfaces[0m
[2.541s] running egg_info
[2.542s] creating custom_interface.egg-info
[2.556s] writing custom_interface.egg-info/PKG-INFO
[2.556s] writing dependency_links to custom_interface.egg-info/dependency_links.txt
[2.556s] writing top-level names to custom_interface.egg-info/top_level.txt
[2.556s] writing manifest file 'custom_interface.egg-info/SOURCES.txt'
[2.599s] reading manifest file 'custom_interface.egg-info/SOURCES.txt'
[2.599s] writing manifest file 'custom_interface.egg-info/SOURCES.txt'
[2.622s] [  6%] Built target ament_cmake_python_build_custom_interface_egg
[2.745s] [  6%] Built target custom_interface__cpp
[2.771s] [ 20%] [32mBuilding C object CMakeFiles/custom_interface__rosidl_generator_c.dir/rosidl_generator_c/custom_interface/msg/detail/custom_msg__type_support.c.o[0m
[2.771s] [ 20%] [32mBuilding C object CMakeFiles/custom_interface__rosidl_generator_c.dir/rosidl_generator_c/custom_interface/srv/detail/custom_srv__type_support.c.o[0m
[2.771s] [ 20%] [32mBuilding C object CMakeFiles/custom_interface__rosidl_generator_c.dir/rosidl_generator_c/custom_interface/srv/detail/custom_srv__description.c.o[0m
[2.771s] [ 20%] [32mBuilding C object CMakeFiles/custom_interface__rosidl_generator_c.dir/rosidl_generator_c/custom_interface/msg/detail/custom_msg__functions.c.o[0m
[2.771s] [ 20%] [32mBuilding C object CMakeFiles/custom_interface__rosidl_generator_c.dir/rosidl_generator_c/custom_interface/srv/detail/custom_srv__functions.c.o[0m
[2.771s] [ 20%] [32mBuilding C object CMakeFiles/custom_interface__rosidl_generator_c.dir/rosidl_generator_c/custom_interface/msg/detail/custom_msg__description.c.o[0m
[2.822s] [ 22%] [32m[1mLinking C shared library libcustom_interface__rosidl_generator_c.so[0m
[2.848s] [ 22%] Built target custom_interface__rosidl_generator_c
[2.856s] [ 36%] [34m[1mGenerating C++ type support for eProsima Fast-RTPS[0m
[2.856s] [ 36%] [34m[1mGenerating C++ type support dispatch for ROS interfaces[0m
[2.856s] [ 36%] [34m[1mGenerating C++ introspection for ROS interfaces[0m
[2.856s] [ 36%] [34m[1mGenerating C type support dispatch for ROS interfaces[0m
[2.856s] [ 36%] [34m[1mGenerating C introspection for ROS interfaces[0m
[2.856s] [ 36%] [34m[1mGenerating C type support for eProsima Fast-RTPS[0m
[3.041s] [ 38%] [32mBuilding CXX object CMakeFiles/custom_interface__rosidl_typesupport_c.dir/rosidl_typesupport_c/custom_interface/msg/custom_msg__type_support.cpp.o[0m
[3.043s] [ 40%] [32mBuilding CXX object CMakeFiles/custom_interface__rosidl_typesupport_c.dir/rosidl_typesupport_c/custom_interface/srv/custom_srv__type_support.cpp.o[0m
[3.043s] [ 43%] [32mBuilding CXX object CMakeFiles/custom_interface__rosidl_typesupport_cpp.dir/rosidl_typesupport_cpp/custom_interface/msg/custom_msg__type_support.cpp.o[0m
[3.043s] [ 45%] [32mBuilding CXX object CMakeFiles/custom_interface__rosidl_typesupport_cpp.dir/rosidl_typesupport_cpp/custom_interface/srv/custom_srv__type_support.cpp.o[0m
[3.058s] [ 47%] [32mBuilding CXX object CMakeFiles/custom_interface__rosidl_typesupport_introspection_cpp.dir/rosidl_typesupport_introspection_cpp/custom_interface/msg/detail/custom_msg__type_support.cpp.o[0m
[3.060s] [ 50%] [32mBuilding CXX object CMakeFiles/custom_interface__rosidl_typesupport_introspection_cpp.dir/rosidl_typesupport_introspection_cpp/custom_interface/srv/detail/custom_srv__type_support.cpp.o[0m
[3.066s] [ 52%] [32mBuilding C object CMakeFiles/custom_interface__rosidl_typesupport_introspection_c.dir/rosidl_typesupport_introspection_c/custom_interface/msg/detail/custom_msg__type_support.c.o[0m
[3.068s] [ 54%] [32mBuilding C object CMakeFiles/custom_interface__rosidl_typesupport_introspection_c.dir/rosidl_typesupport_introspection_c/custom_interface/srv/detail/custom_srv__type_support.c.o[0m
[3.089s] [ 56%] [32m[1mLinking CXX shared library libcustom_interface__rosidl_typesupport_c.so[0m
[3.118s] [ 61%] [32mBuilding CXX object CMakeFiles/custom_interface__rosidl_typesupport_fastrtps_cpp.dir/rosidl_typesupport_fastrtps_cpp/custom_interface/msg/detail/dds_fastrtps/custom_msg__type_support.cpp.o[0m
[3.119s] [ 61%] [32mBuilding CXX object CMakeFiles/custom_interface__rosidl_typesupport_fastrtps_cpp.dir/rosidl_typesupport_fastrtps_cpp/custom_interface/srv/detail/dds_fastrtps/custom_srv__type_support.cpp.o[0m
[3.123s] [ 63%] [32m[1mLinking C shared library libcustom_interface__rosidl_typesupport_introspection_c.so[0m
[3.130s] [ 63%] Built target custom_interface__rosidl_typesupport_c
[3.159s] [ 63%] Built target custom_interface__rosidl_typesupport_introspection_c
[3.166s] [ 68%] [32mBuilding CXX object CMakeFiles/custom_interface__rosidl_typesupport_fastrtps_c.dir/rosidl_typesupport_fastrtps_c/custom_interface/srv/detail/custom_srv__type_support_c.cpp.o[0m
[3.166s] [ 68%] [32mBuilding CXX object CMakeFiles/custom_interface__rosidl_typesupport_fastrtps_c.dir/rosidl_typesupport_fastrtps_c/custom_interface/msg/detail/custom_msg__type_support_c.cpp.o[0m
[3.325s] [ 70%] [32m[1mLinking CXX shared library libcustom_interface__rosidl_typesupport_cpp.so[0m
[3.380s] [ 70%] Built target custom_interface__rosidl_typesupport_cpp
[3.458s] [ 72%] [32m[1mLinking CXX shared library libcustom_interface__rosidl_typesupport_introspection_cpp.so[0m
[3.516s] [ 72%] Built target custom_interface__rosidl_typesupport_introspection_cpp
[3.562s] [ 75%] [32m[1mLinking CXX shared library libcustom_interface__rosidl_typesupport_fastrtps_cpp.so[0m
[3.601s] [ 77%] [32m[1mLinking CXX shared library libcustom_interface__rosidl_typesupport_fastrtps_c.so[0m
[3.616s] [ 77%] Built target custom_interface__rosidl_typesupport_fastrtps_cpp
[3.653s] [ 77%] Built target custom_interface__rosidl_typesupport_fastrtps_c
[3.668s] [ 77%] Built target custom_interface
[3.682s] [ 79%] [34m[1mGenerating Python code for ROS interfaces[0m
[3.957s] [ 79%] Built target custom_interface__py
[3.972s] [ 84%] [32mBuilding C object CMakeFiles/custom_interface__rosidl_generator_py.dir/rosidl_generator_py/custom_interface/msg/_custom_msg_s.c.o[0m
[3.972s] [ 84%] [32mBuilding C object CMakeFiles/custom_interface__rosidl_generator_py.dir/rosidl_generator_py/custom_interface/srv/_custom_srv_s.c.o[0m
[4.071s] [ 86%] [32m[1mLinking C shared library libcustom_interface__rosidl_generator_py.so[0m
[4.102s] [ 86%] Built target custom_interface__rosidl_generator_py
[4.119s] [ 93%] [32mBuilding C object CMakeFiles/custom_interface_s__rosidl_typesupport_fastrtps_c.dir/rosidl_generator_py/custom_interface/_custom_interface_s.ep.rosidl_typesupport_fastrtps_c.c.o[0m
[4.119s] [ 93%] [32mBuilding C object CMakeFiles/custom_interface_s__rosidl_typesupport_introspection_c.dir/rosidl_generator_py/custom_interface/_custom_interface_s.ep.rosidl_typesupport_introspection_c.c.o[0m
[4.119s] [ 93%] [32mBuilding C object CMakeFiles/custom_interface_s__rosidl_typesupport_c.dir/rosidl_generator_py/custom_interface/_custom_interface_s.ep.rosidl_typesupport_c.c.o[0m
[4.194s] [100%] [32m[1mLinking C shared module rosidl_generator_py/custom_interface/custom_interface_s__rosidl_typesupport_introspection_c.so[0m
[4.194s] [100%] [32m[1mLinking C shared module rosidl_generator_py/custom_interface/custom_interface_s__rosidl_typesupport_fastrtps_c.so[0m
[4.194s] [100%] [32m[1mLinking C shared module rosidl_generator_py/custom_interface/custom_interface_s__rosidl_typesupport_c.so[0m
[4.218s] [100%] Built target custom_interface_s__rosidl_typesupport_fastrtps_c
[4.218s] [100%] Built target custom_interface_s__rosidl_typesupport_c
[4.218s] [100%] Built target custom_interface_s__rosidl_typesupport_introspection_c
[4.227s] Invoked command in '/home/luca002/proj_ws/build/custom_interface' returned '0': CMAKE_PREFIX_PATH=${CMAKE_PREFIX_PATH}:/opt/ros/jazzy DEBUGINFOD_URLS=https://debuginfod.ubuntu.com /usr/bin/cmake --build /home/luca002/proj_ws/build/custom_interface -- -j16 -l16
[4.234s] Invoking command in '/home/luca002/proj_ws/build/custom_interface': CMAKE_PREFIX_PATH=${CMAKE_PREFIX_PATH}:/opt/ros/jazzy DEBUGINFOD_URLS=https://debuginfod.ubuntu.com /usr/bin/cmake --install /home/luca002/proj_ws/build/custom_interface
[4.240s] -- Install configuration: ""
[4.240s] -- Execute custom install script
[4.240s] -- Symlinking: /home/luca002/proj_ws/install/custom_interface/share/ament_index/resource_index/rosidl_interfaces/custom_interface
[4.247s] -- Symlinking: /home/luca002/proj_ws/install/custom_interface/share/custom_interface/msg/CustomMsg.json
[4.254s] -- Symlinking: /home/luca002/proj_ws/install/custom_interface/share/custom_interface/srv/CustomSrv.json
[4.260s] -- Symlinking: /home/luca002/proj_ws/install/custom_interface/include/custom_interface/custom_interface/msg/custom_msg.h
[4.266s] -- Symlinking: /home/luca002/proj_ws/install/custom_interface/include/custom_interface/custom_interface/msg/detail/custom_msg__functions.h
[4.272s] -- Symlinking: /home/luca002/proj_ws/install/custom_interface/include/custom_interface/custom_interface/msg/detail/custom_msg__struct.h
[4.278s] -- Symlinking: /home/luca002/proj_ws/install/custom_interface/include/custom_interface/custom_interface/msg/detail/custom_msg__type_support.h
[4.284s] -- Symlinking: /home/luca002/proj_ws/install/custom_interface/include/custom_interface/custom_interface/msg/rosidl_generator_c__visibility_control.h
[4.289s] -- Symlinking: /home/luca002/proj_ws/install/custom_interface/include/custom_interface/custom_interface/srv/custom_srv.h
[4.295s] -- Symlinking: /home/luca002/proj_ws/install/custom_interface/include/custom_interface/custom_interface/srv/detail/custom_srv__functions.h
[4.300s] -- Symlinking: /home/luca002/proj_ws/install/custom_interface/include/custom_interface/custom_interface/srv/detail/custom_srv__struct.h
[4.306s] -- Symlinking: /home/luca002/proj_ws/install/custom_interface/include/custom_interface/custom_interface/srv/detail/custom_srv__type_support.h
[4.316s] -- Symlinking: /home/luca002/proj_ws/install/custom_interface/share/custom_interface/environment/library_path.sh
[4.322s] -- Symlinking: /home/luca002/proj_ws/install/custom_interface/share/custom_interface/environment/library_path.dsv
[4.329s] -- Symlinking: /home/luca002/proj_ws/install/custom_interface/include/custom_interface/custom_interface/msg/detail/custom_msg__rosidl_typesupport_fastrtps_c.h
[4.335s] -- Symlinking: /home/luca002/proj_ws/install/custom_interface/include/custom_interface/custom_interface/msg/rosidl_typesupport_fastrtps_c__visibility_control.h
[4.341s] -- Symlinking: /home/luca002/proj_ws/install/custom_interface/include/custom_interface/custom_interface/srv/detail/custom_srv__rosidl_typesupport_fastrtps_c.h
[4.346s] -- Symlinking: /home/luca002/proj_ws/install/custom_interface/include/custom_interface/custom_interface/msg/custom_msg.hpp
[4.352s] -- Symlinking: /home/luca002/proj_ws/install/custom_interface/include/custom_interface/custom_interface/msg/detail/custom_msg__builder.hpp
[4.358s] -- Symlinking: /home/luca002/proj_ws/install/custom_interface/include/custom_interface/custom_interface/msg/detail/custom_msg__struct.hpp
[4.364s] -- Symlinking: /home/luca002/proj_ws/install/custom_interface/include/custom_interface/custom_interface/msg/detail/custom_msg__traits.hpp
[4.369s] -- Symlinking: /home/luca002/proj_ws/install/custom_interface/include/custom_interface/custom_interface/msg/detail/custom_msg__type_support.hpp
[4.375s] -- Symlinking: /home/luca002/proj_ws/install/custom_interface/include/custom_interface/custom_interface/msg/rosidl_generator_cpp__visibility_control.hpp
[4.381s] -- Symlinking: /home/luca002/proj_ws/install/custom_interface/include/custom_interface/custom_interface/srv/custom_srv.hpp
[4.387s] -- Symlinking: /home/luca002/proj_ws/install/custom_interface/include/custom_interface/custom_interface/srv/detail/custom_srv__builder.hpp
[4.393s] -- Symlinking: /home/luca002/proj_ws/install/custom_interface/include/custom_interface/custom_interface/srv/detail/custom_srv__struct.hpp
[4.399s] -- Symlinking: /home/luca002/proj_ws/install/custom_interface/include/custom_interface/custom_interface/srv/detail/custom_srv__traits.hpp
[4.405s] -- Symlinking: /home/luca002/proj_ws/install/custom_interface/include/custom_interface/custom_interface/srv/detail/custom_srv__type_support.hpp
[4.412s] -- Symlinking: /home/luca002/proj_ws/install/custom_interface/include/custom_interface/custom_interface/msg/detail/custom_msg__rosidl_typesupport_fastrtps_cpp.hpp
[4.419s] -- Symlinking: /home/luca002/proj_ws/install/custom_interface/include/custom_interface/custom_interface/msg/rosidl_typesupport_fastrtps_cpp__visibility_control.h
[4.425s] -- Symlinking: /home/luca002/proj_ws/install/custom_interface/include/custom_interface/custom_interface/srv/detail/custom_srv__rosidl_typesupport_fastrtps_cpp.hpp
[4.431s] -- Symlinking: /home/luca002/proj_ws/install/custom_interface/include/custom_interface/custom_interface/msg/detail/custom_msg__rosidl_typesupport_introspection_c.h
[4.437s] -- Symlinking: /home/luca002/proj_ws/install/custom_interface/include/custom_interface/custom_interface/msg/rosidl_typesupport_introspection_c__visibility_control.h
[4.443s] -- Symlinking: /home/luca002/proj_ws/install/custom_interface/include/custom_interface/custom_interface/srv/detail/custom_srv__rosidl_typesupport_introspection_c.h
[4.448s] -- Symlinking: /home/luca002/proj_ws/install/custom_interface/include/custom_interface/custom_interface/msg/detail/custom_msg__rosidl_typesupport_introspection_cpp.hpp
[4.454s] -- Symlinking: /home/luca002/proj_ws/install/custom_interface/include/custom_interface/custom_interface/srv/detail/custom_srv__rosidl_typesupport_introspection_cpp.hpp
[4.459s] -- Symlinking: /home/luca002/proj_ws/install/custom_interface/share/custom_interface/environment/pythonpath.sh
[4.465s] -- Symlinking: /home/luca002/proj_ws/install/custom_interface/share/custom_interface/environment/pythonpath.dsv
[4.471s] -- Symlinking: /home/luca002/proj_ws/install/custom_interface/lib/python3.12/site-packages/custom_interface-0.0.0-py3.12.egg-info/PKG-INFO
[4.477s] -- Symlinking: /home/luca002/proj_ws/install/custom_interface/lib/python3.12/site-packages/custom_interface-0.0.0-py3.12.egg-info/SOURCES.txt
[4.483s] -- Symlinking: /home/luca002/proj_ws/install/custom_interface/lib/python3.12/site-packages/custom_interface-0.0.0-py3.12.egg-info/dependency_links.txt
[4.489s] -- Symlinking: /home/luca002/proj_ws/install/custom_interface/lib/python3.12/site-packages/custom_interface-0.0.0-py3.12.egg-info/top_level.txt
[4.495s] -- Symlinking: /home/luca002/proj_ws/install/custom_interface/lib/python3.12/site-packages/custom_interface/__init__.py
[4.501s] -- Symlinking: /home/luca002/proj_ws/install/custom_interface/lib/python3.12/site-packages/custom_interface/_custom_interface_s.ep.rosidl_typesupport_c.c
[4.507s] -- Symlinking: /home/luca002/proj_ws/install/custom_interface/lib/python3.12/site-packages/custom_interface/_custom_interface_s.ep.rosidl_typesupport_fastrtps_c.c
[4.516s] -- Symlinking: /home/luca002/proj_ws/install/custom_interface/lib/python3.12/site-packages/custom_interface/_custom_interface_s.ep.rosidl_typesupport_introspection_c.c
[4.522s] -- Symlinking: /home/luca002/proj_ws/install/custom_interface/lib/python3.12/site-packages/custom_interface/custom_interface_s__rosidl_typesupport_c.so
[4.528s] -- Symlinking: /home/luca002/proj_ws/install/custom_interface/lib/python3.12/site-packages/custom_interface/custom_interface_s__rosidl_typesupport_fastrtps_c.so
[4.535s] -- Symlinking: /home/luca002/proj_ws/install/custom_interface/lib/python3.12/site-packages/custom_interface/custom_interface_s__rosidl_typesupport_introspection_c.so
[4.541s] -- Symlinking: /home/luca002/proj_ws/install/custom_interface/lib/python3.12/site-packages/custom_interface/msg/__init__.py
[4.547s] -- Symlinking: /home/luca002/proj_ws/install/custom_interface/lib/python3.12/site-packages/custom_interface/msg/_custom_msg.py
[4.552s] -- Symlinking: /home/luca002/proj_ws/install/custom_interface/lib/python3.12/site-packages/custom_interface/msg/_custom_msg_s.c
[4.558s] -- Symlinking: /home/luca002/proj_ws/install/custom_interface/lib/python3.12/site-packages/custom_interface/srv/__init__.py
[4.564s] -- Symlinking: /home/luca002/proj_ws/install/custom_interface/lib/python3.12/site-packages/custom_interface/srv/_custom_srv.py
[4.570s] -- Symlinking: /home/luca002/proj_ws/install/custom_interface/lib/python3.12/site-packages/custom_interface/srv/_custom_srv_s.c
[4.576s] -- Up-to-date symlink: /home/luca002/proj_ws/install/custom_interface/lib/python3.12/site-packages/custom_interface/custom_interface_s__rosidl_typesupport_fastrtps_c.so
[4.576s] -- Up-to-date symlink: /home/luca002/proj_ws/install/custom_interface/lib/python3.12/site-packages/custom_interface/custom_interface_s__rosidl_typesupport_introspection_c.so
[4.576s] -- Up-to-date symlink: /home/luca002/proj_ws/install/custom_interface/lib/python3.12/site-packages/custom_interface/custom_interface_s__rosidl_typesupport_c.so
[4.576s] -- Symlinking: /home/luca002/proj_ws/install/custom_interface/share/custom_interface/msg/CustomMsg.idl
[4.583s] -- Symlinking: /home/luca002/proj_ws/install/custom_interface/share/custom_interface/srv/CustomSrv.idl
[4.589s] -- Symlinking: /home/luca002/proj_ws/install/custom_interface/share/custom_interface/msg/CustomMsg.msg
[4.594s] -- Symlinking: /home/luca002/proj_ws/install/custom_interface/share/custom_interface/srv/CustomSrv.srv
[4.600s] -- Symlinking: /home/luca002/proj_ws/install/custom_interface/share/ament_index/resource_index/package_run_dependencies/custom_interface
[4.605s] -- Symlinking: /home/luca002/proj_ws/install/custom_interface/share/ament_index/resource_index/parent_prefix_path/custom_interface
[4.612s] -- Symlinking: /home/luca002/proj_ws/install/custom_interface/share/custom_interface/environment/ament_prefix_path.sh
[4.619s] -- Symlinking: /home/luca002/proj_ws/install/custom_interface/share/custom_interface/environment/ament_prefix_path.dsv
[4.625s] -- Symlinking: /home/luca002/proj_ws/install/custom_interface/share/custom_interface/environment/path.sh
[4.631s] -- Symlinking: /home/luca002/proj_ws/install/custom_interface/share/custom_interface/environment/path.dsv
[4.637s] -- Symlinking: /home/luca002/proj_ws/install/custom_interface/share/custom_interface/local_setup.bash
[4.642s] -- Symlinking: /home/luca002/proj_ws/install/custom_interface/share/custom_interface/local_setup.sh
[4.648s] -- Symlinking: /home/luca002/proj_ws/install/custom_interface/share/custom_interface/local_setup.zsh
[4.654s] -- Symlinking: /home/luca002/proj_ws/install/custom_interface/share/custom_interface/local_setup.dsv
[4.660s] -- Symlinking: /home/luca002/proj_ws/install/custom_interface/share/custom_interface/package.dsv
[4.666s] -- Symlinking: /home/luca002/proj_ws/install/custom_interface/share/ament_index/resource_index/packages/custom_interface
[4.671s] -- Symlinking: /home/luca002/proj_ws/install/custom_interface/share/custom_interface/cmake/rosidl_cmake-extras.cmake
[4.677s] -- Symlinking: /home/luca002/proj_ws/install/custom_interface/share/custom_interface/cmake/ament_cmake_export_dependencies-extras.cmake
[4.682s] -- Symlinking: /home/luca002/proj_ws/install/custom_interface/share/custom_interface/cmake/ament_cmake_export_include_directories-extras.cmake
[4.688s] -- Symlinking: /home/luca002/proj_ws/install/custom_interface/share/custom_interface/cmake/ament_cmake_export_libraries-extras.cmake
[4.693s] -- Symlinking: /home/luca002/proj_ws/install/custom_interface/share/custom_interface/cmake/ament_cmake_export_targets-extras.cmake
[4.699s] -- Symlinking: /home/luca002/proj_ws/install/custom_interface/share/custom_interface/cmake/rosidl_cmake_export_typesupport_targets-extras.cmake
[4.705s] -- Symlinking: /home/luca002/proj_ws/install/custom_interface/share/custom_interface/cmake/rosidl_cmake_export_typesupport_libraries-extras.cmake
[4.712s] -- Symlinking: /home/luca002/proj_ws/install/custom_interface/share/custom_interface/cmake/custom_interfaceConfig.cmake
[4.719s] -- Symlinking: /home/luca002/proj_ws/install/custom_interface/share/custom_interface/cmake/custom_interfaceConfig-version.cmake
[4.725s] -- Symlinking: /home/luca002/proj_ws/install/custom_interface/share/custom_interface/package.xml
[4.731s] -- Installing: /home/luca002/proj_ws/install/custom_interface/lib/libcustom_interface__rosidl_generator_c.so
[4.731s] -- Set non-toolchain portion of runtime path of "/home/luca002/proj_ws/install/custom_interface/lib/libcustom_interface__rosidl_generator_c.so" to ""
[4.731s] -- Installing: /home/luca002/proj_ws/install/custom_interface/lib/libcustom_interface__rosidl_typesupport_fastrtps_c.so
[4.731s] -- Set non-toolchain portion of runtime path of "/home/luca002/proj_ws/install/custom_interface/lib/libcustom_interface__rosidl_typesupport_fastrtps_c.so" to ""
[4.731s] -- Installing: /home/luca002/proj_ws/install/custom_interface/lib/libcustom_interface__rosidl_typesupport_fastrtps_cpp.so
[4.732s] -- Set non-toolchain portion of runtime path of "/home/luca002/proj_ws/install/custom_interface/lib/libcustom_interface__rosidl_typesupport_fastrtps_cpp.so" to ""
[4.732s] -- Installing: /home/luca002/proj_ws/install/custom_interface/lib/libcustom_interface__rosidl_typesupport_introspection_c.so
[4.732s] -- Set non-toolchain portion of runtime path of "/home/luca002/proj_ws/install/custom_interface/lib/libcustom_interface__rosidl_typesupport_introspection_c.so" to ""
[4.732s] -- Installing: /home/luca002/proj_ws/install/custom_interface/lib/libcustom_interface__rosidl_typesupport_c.so
[4.732s] -- Set non-toolchain portion of runtime path of "/home/luca002/proj_ws/install/custom_interface/lib/libcustom_interface__rosidl_typesupport_c.so" to ""
[4.732s] -- Installing: /home/luca002/proj_ws/install/custom_interface/lib/libcustom_interface__rosidl_typesupport_introspection_cpp.so
[4.732s] -- Set non-toolchain portion of runtime path of "/home/luca002/proj_ws/install/custom_interface/lib/libcustom_interface__rosidl_typesupport_introspection_cpp.so" to ""
[4.732s] -- Installing: /home/luca002/proj_ws/install/custom_interface/lib/libcustom_interface__rosidl_typesupport_cpp.so
[4.733s] -- Set non-toolchain portion of runtime path of "/home/luca002/proj_ws/install/custom_interface/lib/libcustom_interface__rosidl_typesupport_cpp.so" to ""
[4.761s] Listing '/home/luca002/proj_ws/install/custom_interface/lib/python3.12/site-packages/custom_interface'...
[4.761s] Compiling '/home/luca002/proj_ws/install/custom_interface/lib/python3.12/site-packages/custom_interface/__init__.py'...
[4.761s] Listing '/home/luca002/proj_ws/install/custom_interface/lib/python3.12/site-packages/custom_interface/msg'...
[4.761s] Compiling '/home/luca002/proj_ws/install/custom_interface/lib/python3.12/site-packages/custom_interface/msg/__init__.py'...
[4.761s] Compiling '/home/luca002/proj_ws/install/custom_interface/lib/python3.12/site-packages/custom_interface/msg/_custom_msg.py'...
[4.761s] Listing '/home/luca002/proj_ws/install/custom_interface/lib/python3.12/site-packages/custom_interface/srv'...
[4.761s] Compiling '/home/luca002/proj_ws/install/custom_interface/lib/python3.12/site-packages/custom_interface/srv/__init__.py'...
[4.761s] Compiling '/home/luca002/proj_ws/install/custom_interface/lib/python3.12/site-packages/custom_interface/srv/_custom_srv.py'...
[4.765s] -- Installing: /home/luca002/proj_ws/install/custom_interface/lib/libcustom_interface__rosidl_generator_py.so
[4.765s] -- Set non-toolchain portion of runtime path of "/home/luca002/proj_ws/install/custom_interface/lib/libcustom_interface__rosidl_generator_py.so" to ""
[4.765s] -- Installing: /home/luca002/proj_ws/install/custom_interface/share/custom_interface/cmake/export_custom_interface__rosidl_generator_cExport.cmake
[4.765s] -- Installing: /home/luca002/proj_ws/install/custom_interface/share/custom_interface/cmake/export_custom_interface__rosidl_generator_cExport-noconfig.cmake
[4.765s] -- Installing: /home/luca002/proj_ws/install/custom_interface/share/custom_interface/cmake/export_custom_interface__rosidl_typesupport_fastrtps_cExport.cmake
[4.765s] -- Installing: /home/luca002/proj_ws/install/custom_interface/share/custom_interface/cmake/export_custom_interface__rosidl_typesupport_fastrtps_cExport-noconfig.cmake
[4.765s] -- Installing: /home/luca002/proj_ws/install/custom_interface/share/custom_interface/cmake/export_custom_interface__rosidl_generator_cppExport.cmake
[4.765s] -- Installing: /home/luca002/proj_ws/install/custom_interface/share/custom_interface/cmake/export_custom_interface__rosidl_typesupport_fastrtps_cppExport.cmake
[4.765s] -- Installing: /home/luca002/proj_ws/install/custom_interface/share/custom_interface/cmake/export_custom_interface__rosidl_typesupport_fastrtps_cppExport-noconfig.cmake
[4.765s] -- Installing: /home/luca002/proj_ws/install/custom_interface/share/custom_interface/cmake/custom_interface__rosidl_typesupport_introspection_cExport.cmake
[4.765s] -- Installing: /home/luca002/proj_ws/install/custom_interface/share/custom_interface/cmake/custom_interface__rosidl_typesupport_introspection_cExport-noconfig.cmake
[4.766s] -- Installing: /home/luca002/proj_ws/install/custom_interface/share/custom_interface/cmake/custom_interface__rosidl_typesupport_cExport.cmake
[4.766s] -- Installing: /home/luca002/proj_ws/install/custom_interface/share/custom_interface/cmake/custom_interface__rosidl_typesupport_cExport-noconfig.cmake
[4.766s] -- Installing: /home/luca002/proj_ws/install/custom_interface/share/custom_interface/cmake/custom_interface__rosidl_typesupport_introspection_cppExport.cmake
[4.766s] -- Installing: /home/luca002/proj_ws/install/custom_interface/share/custom_interface/cmake/custom_interface__rosidl_typesupport_introspection_cppExport-noconfig.cmake
[4.766s] -- Installing: /home/luca002/proj_ws/install/custom_interface/share/custom_interface/cmake/custom_interface__rosidl_typesupport_cppExport.cmake
[4.766s] -- Installing: /home/luca002/proj_ws/install/custom_interface/share/custom_interface/cmake/custom_interface__rosidl_typesupport_cppExport-noconfig.cmake
[4.766s] -- Installing: /home/luca002/proj_ws/install/custom_interface/share/custom_interface/cmake/export_custom_interface__rosidl_generator_pyExport.cmake
[4.766s] -- Installing: /home/luca002/proj_ws/install/custom_interface/share/custom_interface/cmake/export_custom_interface__rosidl_generator_pyExport-noconfig.cmake
[4.768s] Invoked command in '/home/luca002/proj_ws/build/custom_interface' returned '0': CMAKE_PREFIX_PATH=${CMAKE_PREFIX_PATH}:/opt/ros/jazzy DEBUGINFOD_URLS=https://debuginfod.ubuntu.com /usr/bin/cmake --install /home/luca002/proj_ws/build/custom_interface
