[0.943s] Invoking command in '/home/luca002/proj_ws/build/py_pubsub': DEBUGINFOD_URLS=https://debuginfod.ubuntu.com PYTHONPATH=/home/luca002/proj_ws/build/py_pubsub/prefix_override:/usr/lib/python3/dist-packages/colcon_core/task/python/colcon_distutils_commands:/home/luca002/proj_ws/install/py_pubsub/lib/python3.12/site-packages:${PYTHONPATH} /usr/bin/python3 -W ignore:setup.py install is deprecated -W ignore:easy_install command is deprecated setup.py develop --editable --build-directory /home/luca002/proj_ws/build/py_pubsub/build --no-deps symlink_data
[1.176s] running develop
[1.323s] running egg_info
[1.323s] creating py_pubsub.egg-info
[1.338s] writing py_pubsub.egg-info/PKG-INFO
[1.338s] writing dependency_links to py_pubsub.egg-info/dependency_links.txt
[1.338s] writing entry points to py_pubsub.egg-info/entry_points.txt
[1.338s] writing requirements to py_pubsub.egg-info/requires.txt
[1.338s] writing top-level names to py_pubsub.egg-info/top_level.txt
[1.338s] writing manifest file 'py_pubsub.egg-info/SOURCES.txt'
[1.367s] reading manifest file 'py_pubsub.egg-info/SOURCES.txt'
[1.368s] writing manifest file 'py_pubsub.egg-info/SOURCES.txt'
[1.412s] running build_ext
[1.412s] Creating /home/luca002/proj_ws/install/py_pubsub/lib/python3.12/site-packages/py-pubsub.egg-link (link to .)
[1.412s] Installing listener script to /home/luca002/proj_ws/install/py_pubsub/lib/py_pubsub
[1.413s] Installing talker script to /home/luca002/proj_ws/install/py_pubsub/lib/py_pubsub
[1.413s] 
[1.413s] Installed /home/luca002/proj_ws/build/py_pubsub
[1.413s] running symlink_data
[1.413s] creating /home/luca002/proj_ws/install/py_pubsub/share/ament_index
[1.413s] creating /home/luca002/proj_ws/install/py_pubsub/share/ament_index/resource_index
[1.413s] creating /home/luca002/proj_ws/install/py_pubsub/share/ament_index/resource_index/packages
[1.413s] symbolically linking /home/luca002/proj_ws/build/py_pubsub/resource/py_pubsub -> /home/luca002/proj_ws/install/py_pubsub/share/ament_index/resource_index/packages
[1.414s] symbolically linking /home/luca002/proj_ws/build/py_pubsub/package.xml -> /home/luca002/proj_ws/install/py_pubsub/share/py_pubsub
[1.464s] Invoked command in '/home/luca002/proj_ws/build/py_pubsub' returned '0': DEBUGINFOD_URLS=https://debuginfod.ubuntu.com PYTHONPATH=/home/luca002/proj_ws/build/py_pubsub/prefix_override:/usr/lib/python3/dist-packages/colcon_core/task/python/colcon_distutils_commands:/home/luca002/proj_ws/install/py_pubsub/lib/python3.12/site-packages:${PYTHONPATH} /usr/bin/python3 -W ignore:setup.py install is deprecated -W ignore:easy_install command is deprecated setup.py develop --editable --build-directory /home/luca002/proj_ws/build/py_pubsub/build --no-deps symlink_data
