[1.203s] DEBUG:colcon:Command line arguments: ['/usr/bin/colcon', 'build', '--symlink-install']
[1.203s] DEBUG:colcon:Parsed command line arguments: Namespace(log_base=None, log_level=None, verb_name='build', build_base='build', install_base='install', merge_install=False, symlink_install=True, test_result_base=None, continue_on_error=False, executor='parallel', parallel_workers=8, event_handlers=None, ignore_user_meta=False, metas=['./colcon.meta'], base_paths=['.'], packages_ignore=None, packages_ignore_regex=None, paths=None, packages_up_to=None, packages_up_to_regex=None, packages_above=None, packages_above_and_dependencies=None, packages_above_depth=None, packages_select_by_dep=None, packages_skip_by_dep=None, packages_skip_up_to=None, packages_select_build_failed=False, packages_skip_build_finished=False, packages_select_test_failures=False, packages_skip_test_passed=False, packages_select=None, packages_skip=None, packages_select_regex=None, packages_skip_regex=None, packages_start=None, packages_end=None, allow_overriding=[], cmake_args=None, cmake_target=None, cmake_target_skip_unavailable=False, cmake_clean_cache=False, cmake_clean_first=False, cmake_force_configure=False, ament_cmake_args=None, catkin_cmake_args=None, catkin_skip_building_tests=False, mixin_files=None, mixin=None, verb_parser=<colcon_mixin.mixin.mixin_argument.MixinArgumentDecorator object at 0x7623452361e0>, verb_extension=<colcon_core.verb.build.BuildVerb object at 0x762345235b50>, main=<bound method BuildVerb.main of <colcon_core.verb.build.BuildVerb object at 0x762345235b50>>, mixin_verb=('build',))
[1.484s] Level 1:colcon.colcon_core.package_discovery:discover_packages(colcon_meta) check parameters
[1.485s] Level 1:colcon.colcon_core.package_discovery:discover_packages(recursive) check parameters
[1.485s] Level 1:colcon.colcon_core.package_discovery:discover_packages(ignore) check parameters
[1.485s] Level 1:colcon.colcon_core.package_discovery:discover_packages(path) check parameters
[1.485s] Level 1:colcon.colcon_core.package_discovery:discover_packages(colcon_meta) discover
[1.485s] Level 1:colcon.colcon_core.package_discovery:discover_packages(recursive) discover
[1.489s] INFO:colcon.colcon_core.package_discovery:Crawling recursively for packages in '/home/gelatocotonato/LabMec2025'
[1.489s] Level 1:colcon.colcon_core.package_identification:_identify(.) by extensions ['ignore', 'ignore_ament_install']
[1.489s] Level 1:colcon.colcon_core.package_identification:_identify(.) by extension 'ignore'
[1.490s] Level 1:colcon.colcon_core.package_identification:_identify(.) by extension 'ignore_ament_install'
[1.490s] Level 1:colcon.colcon_core.package_identification:_identify(.) by extensions ['colcon_pkg']
[1.490s] Level 1:colcon.colcon_core.package_identification:_identify(.) by extension 'colcon_pkg'
[1.492s] Level 1:colcon.colcon_core.package_identification:_identify(.) by extensions ['colcon_meta']
[1.492s] Level 1:colcon.colcon_core.package_identification:_identify(.) by extension 'colcon_meta'
[1.492s] Level 1:colcon.colcon_core.package_identification:_identify(.) by extensions ['ros']
[1.492s] Level 1:colcon.colcon_core.package_identification:_identify(.) by extension 'ros'
[1.614s] Level 1:colcon.colcon_core.package_identification:_identify(.) by extensions ['cmake', 'python']
[1.614s] Level 1:colcon.colcon_core.package_identification:_identify(.) by extension 'cmake'
[1.614s] Level 1:colcon.colcon_core.package_identification:_identify(.) by extension 'python'
[1.614s] Level 1:colcon.colcon_core.package_identification:_identify(.) by extensions ['python_setup_py']
[1.614s] Level 1:colcon.colcon_core.package_identification:_identify(.) by extension 'python_setup_py'
[1.615s] Level 1:colcon.colcon_core.package_identification:_identify(build) by extensions ['ignore', 'ignore_ament_install']
[1.615s] Level 1:colcon.colcon_core.package_identification:_identify(build) by extension 'ignore'
[1.616s] Level 1:colcon.colcon_core.package_identification:_identify(build) ignored
[1.616s] Level 1:colcon.colcon_core.package_identification:_identify(install) by extensions ['ignore', 'ignore_ament_install']
[1.616s] Level 1:colcon.colcon_core.package_identification:_identify(install) by extension 'ignore'
[1.616s] Level 1:colcon.colcon_core.package_identification:_identify(install) ignored
[1.617s] Level 1:colcon.colcon_core.package_identification:_identify(log) by extensions ['ignore', 'ignore_ament_install']
[1.617s] Level 1:colcon.colcon_core.package_identification:_identify(log) by extension 'ignore'
[1.617s] Level 1:colcon.colcon_core.package_identification:_identify(log) ignored
[1.617s] Level 1:colcon.colcon_core.package_identification:_identify(src) by extensions ['ignore', 'ignore_ament_install']
[1.617s] Level 1:colcon.colcon_core.package_identification:_identify(src) by extension 'ignore'
[1.617s] Level 1:colcon.colcon_core.package_identification:_identify(src) by extension 'ignore_ament_install'
[1.618s] Level 1:colcon.colcon_core.package_identification:_identify(src) by extensions ['colcon_pkg']
[1.618s] Level 1:colcon.colcon_core.package_identification:_identify(src) by extension 'colcon_pkg'
[1.618s] Level 1:colcon.colcon_core.package_identification:_identify(src) by extensions ['colcon_meta']
[1.618s] Level 1:colcon.colcon_core.package_identification:_identify(src) by extension 'colcon_meta'
[1.618s] Level 1:colcon.colcon_core.package_identification:_identify(src) by extensions ['ros']
[1.618s] Level 1:colcon.colcon_core.package_identification:_identify(src) by extension 'ros'
[1.618s] Level 1:colcon.colcon_core.package_identification:_identify(src) by extensions ['cmake', 'python']
[1.618s] Level 1:colcon.colcon_core.package_identification:_identify(src) by extension 'cmake'
[1.618s] Level 1:colcon.colcon_core.package_identification:_identify(src) by extension 'python'
[1.618s] Level 1:colcon.colcon_core.package_identification:_identify(src) by extensions ['python_setup_py']
[1.618s] Level 1:colcon.colcon_core.package_identification:_identify(src) by extension 'python_setup_py'
[1.619s] Level 1:colcon.colcon_core.package_identification:_identify(src/python_node) by extensions ['ignore', 'ignore_ament_install']
[1.619s] Level 1:colcon.colcon_core.package_identification:_identify(src/python_node) by extension 'ignore'
[1.619s] Level 1:colcon.colcon_core.package_identification:_identify(src/python_node) by extension 'ignore_ament_install'
[1.619s] Level 1:colcon.colcon_core.package_identification:_identify(src/python_node) by extensions ['colcon_pkg']
[1.619s] Level 1:colcon.colcon_core.package_identification:_identify(src/python_node) by extension 'colcon_pkg'
[1.619s] Level 1:colcon.colcon_core.package_identification:_identify(src/python_node) by extensions ['colcon_meta']
[1.620s] Level 1:colcon.colcon_core.package_identification:_identify(src/python_node) by extension 'colcon_meta'
[1.620s] Level 1:colcon.colcon_core.package_identification:_identify(src/python_node) by extensions ['ros']
[1.620s] Level 1:colcon.colcon_core.package_identification:_identify(src/python_node) by extension 'ros'
[1.629s] DEBUG:colcon.colcon_core.package_identification:Package 'src/python_node' with type 'ros.ament_python' and name 'python_node'
[1.630s] Level 1:colcon.colcon_core.package_identification:_identify(src/wamv_gazebo) by extensions ['ignore', 'ignore_ament_install']
[1.630s] Level 1:colcon.colcon_core.package_identification:_identify(src/wamv_gazebo) by extension 'ignore'
[1.631s] Level 1:colcon.colcon_core.package_identification:_identify(src/wamv_gazebo) by extension 'ignore_ament_install'
[1.631s] Level 1:colcon.colcon_core.package_identification:_identify(src/wamv_gazebo) by extensions ['colcon_pkg']
[1.631s] Level 1:colcon.colcon_core.package_identification:_identify(src/wamv_gazebo) by extension 'colcon_pkg'
[1.631s] Level 1:colcon.colcon_core.package_identification:_identify(src/wamv_gazebo) by extensions ['colcon_meta']
[1.631s] Level 1:colcon.colcon_core.package_identification:_identify(src/wamv_gazebo) by extension 'colcon_meta'
[1.631s] Level 1:colcon.colcon_core.package_identification:_identify(src/wamv_gazebo) by extensions ['ros']
[1.631s] Level 1:colcon.colcon_core.package_identification:_identify(src/wamv_gazebo) by extension 'ros'
[1.633s] DEBUG:colcon.colcon_core.package_identification:Package 'src/wamv_gazebo' with type 'ros.ament_cmake' and name 'wamv_gazebo'
[1.636s] Level 1:colcon.colcon_core.package_identification:_identify(src/wamv_navigation) by extensions ['ignore', 'ignore_ament_install']
[1.637s] Level 1:colcon.colcon_core.package_identification:_identify(src/wamv_navigation) by extension 'ignore'
[1.637s] Level 1:colcon.colcon_core.package_identification:_identify(src/wamv_navigation) by extension 'ignore_ament_install'
[1.638s] Level 1:colcon.colcon_core.package_identification:_identify(src/wamv_navigation) by extensions ['colcon_pkg']
[1.638s] Level 1:colcon.colcon_core.package_identification:_identify(src/wamv_navigation) by extension 'colcon_pkg'
[1.638s] Level 1:colcon.colcon_core.package_identification:_identify(src/wamv_navigation) by extensions ['colcon_meta']
[1.638s] Level 1:colcon.colcon_core.package_identification:_identify(src/wamv_navigation) by extension 'colcon_meta'
[1.638s] Level 1:colcon.colcon_core.package_identification:_identify(src/wamv_navigation) by extensions ['ros']
[1.638s] Level 1:colcon.colcon_core.package_identification:_identify(src/wamv_navigation) by extension 'ros'
[1.641s] DEBUG:colcon.colcon_core.package_identification:Package 'src/wamv_navigation' with type 'ros.ament_cmake' and name 'wamv_navigation'
[1.642s] Level 1:colcon.colcon_core.package_discovery:discover_packages(recursive) using defaults
[1.642s] Level 1:colcon.colcon_core.package_discovery:discover_packages(ignore) discover
[1.642s] Level 1:colcon.colcon_core.package_discovery:discover_packages(ignore) using defaults
[1.642s] Level 1:colcon.colcon_core.package_discovery:discover_packages(path) discover
[1.642s] Level 1:colcon.colcon_core.package_discovery:discover_packages(path) using defaults
[1.733s] Level 1:colcon.colcon_core.package_discovery:discover_packages(prefix_path) check parameters
[1.734s] Level 1:colcon.colcon_core.package_discovery:discover_packages(prefix_path) discover
[1.750s] DEBUG:colcon.colcon_installed_package_information.package_discovery:Found 3 installed packages in /home/gelatocotonato/LabMec2025/install
[1.759s] DEBUG:colcon.colcon_installed_package_information.package_discovery:Found 428 installed packages in /opt/ros/jazzy
[1.768s] Level 1:colcon.colcon_core.package_discovery:discover_packages(prefix_path) using defaults
[2.302s] Level 5:colcon.colcon_core.verb:set package 'python_node' build argument 'cmake_args' from command line to 'None'
[2.303s] Level 5:colcon.colcon_core.verb:set package 'python_node' build argument 'cmake_target' from command line to 'None'
[2.303s] Level 5:colcon.colcon_core.verb:set package 'python_node' build argument 'cmake_target_skip_unavailable' from command line to 'False'
[2.303s] Level 5:colcon.colcon_core.verb:set package 'python_node' build argument 'cmake_clean_cache' from command line to 'False'
[2.303s] Level 5:colcon.colcon_core.verb:set package 'python_node' build argument 'cmake_clean_first' from command line to 'False'
[2.303s] Level 5:colcon.colcon_core.verb:set package 'python_node' build argument 'cmake_force_configure' from command line to 'False'
[2.303s] Level 5:colcon.colcon_core.verb:set package 'python_node' build argument 'ament_cmake_args' from command line to 'None'
[2.303s] Level 5:colcon.colcon_core.verb:set package 'python_node' build argument 'catkin_cmake_args' from command line to 'None'
[2.303s] Level 5:colcon.colcon_core.verb:set package 'python_node' build argument 'catkin_skip_building_tests' from command line to 'False'
[2.304s] DEBUG:colcon.colcon_core.verb:Building package 'python_node' with the following arguments: {'ament_cmake_args': None, 'build_base': '/home/gelatocotonato/LabMec2025/build/python_node', 'catkin_cmake_args': None, 'catkin_skip_building_tests': False, 'cmake_args': None, 'cmake_clean_cache': False, 'cmake_clean_first': False, 'cmake_force_configure': False, 'cmake_target': None, 'cmake_target_skip_unavailable': False, 'install_base': '/home/gelatocotonato/LabMec2025/install/python_node', 'merge_install': False, 'path': '/home/gelatocotonato/LabMec2025/src/python_node', 'symlink_install': True, 'test_result_base': None}
[2.305s] Level 5:colcon.colcon_core.verb:set package 'wamv_gazebo' build argument 'cmake_args' from command line to 'None'
[2.305s] Level 5:colcon.colcon_core.verb:set package 'wamv_gazebo' build argument 'cmake_target' from command line to 'None'
[2.305s] Level 5:colcon.colcon_core.verb:set package 'wamv_gazebo' build argument 'cmake_target_skip_unavailable' from command line to 'False'
[2.305s] Level 5:colcon.colcon_core.verb:set package 'wamv_gazebo' build argument 'cmake_clean_cache' from command line to 'False'
[2.305s] Level 5:colcon.colcon_core.verb:set package 'wamv_gazebo' build argument 'cmake_clean_first' from command line to 'False'
[2.306s] Level 5:colcon.colcon_core.verb:set package 'wamv_gazebo' build argument 'cmake_force_configure' from command line to 'False'
[2.306s] Level 5:colcon.colcon_core.verb:set package 'wamv_gazebo' build argument 'ament_cmake_args' from command line to 'None'
[2.306s] Level 5:colcon.colcon_core.verb:set package 'wamv_gazebo' build argument 'catkin_cmake_args' from command line to 'None'
[2.306s] Level 5:colcon.colcon_core.verb:set package 'wamv_gazebo' build argument 'catkin_skip_building_tests' from command line to 'False'
[2.306s] DEBUG:colcon.colcon_core.verb:Building package 'wamv_gazebo' with the following arguments: {'ament_cmake_args': None, 'build_base': '/home/gelatocotonato/LabMec2025/build/wamv_gazebo', 'catkin_cmake_args': None, 'catkin_skip_building_tests': False, 'cmake_args': None, 'cmake_clean_cache': False, 'cmake_clean_first': False, 'cmake_force_configure': False, 'cmake_target': None, 'cmake_target_skip_unavailable': False, 'install_base': '/home/gelatocotonato/LabMec2025/install/wamv_gazebo', 'merge_install': False, 'path': '/home/gelatocotonato/LabMec2025/src/wamv_gazebo', 'symlink_install': True, 'test_result_base': None}
[2.306s] Level 5:colcon.colcon_core.verb:set package 'wamv_navigation' build argument 'cmake_args' from command line to 'None'
[2.307s] Level 5:colcon.colcon_core.verb:set package 'wamv_navigation' build argument 'cmake_target' from command line to 'None'
[2.307s] Level 5:colcon.colcon_core.verb:set package 'wamv_navigation' build argument 'cmake_target_skip_unavailable' from command line to 'False'
[2.307s] Level 5:colcon.colcon_core.verb:set package 'wamv_navigation' build argument 'cmake_clean_cache' from command line to 'False'
[2.307s] Level 5:colcon.colcon_core.verb:set package 'wamv_navigation' build argument 'cmake_clean_first' from command line to 'False'
[2.307s] Level 5:colcon.colcon_core.verb:set package 'wamv_navigation' build argument 'cmake_force_configure' from command line to 'False'
[2.307s] Level 5:colcon.colcon_core.verb:set package 'wamv_navigation' build argument 'ament_cmake_args' from command line to 'None'
[2.307s] Level 5:colcon.colcon_core.verb:set package 'wamv_navigation' build argument 'catkin_cmake_args' from command line to 'None'
[2.307s] Level 5:colcon.colcon_core.verb:set package 'wamv_navigation' build argument 'catkin_skip_building_tests' from command line to 'False'
[2.307s] DEBUG:colcon.colcon_core.verb:Building package 'wamv_navigation' with the following arguments: {'ament_cmake_args': None, 'build_base': '/home/gelatocotonato/LabMec2025/build/wamv_navigation', 'catkin_cmake_args': None, 'catkin_skip_building_tests': False, 'cmake_args': None, 'cmake_clean_cache': False, 'cmake_clean_first': False, 'cmake_force_configure': False, 'cmake_target': None, 'cmake_target_skip_unavailable': False, 'install_base': '/home/gelatocotonato/LabMec2025/install/wamv_navigation', 'merge_install': False, 'path': '/home/gelatocotonato/LabMec2025/src/wamv_navigation', 'symlink_install': True, 'test_result_base': None}
[2.307s] INFO:colcon.colcon_core.executor:Executing jobs using 'parallel' executor
[2.309s] DEBUG:colcon.colcon_parallel_executor.executor.parallel:run_until_complete
[2.310s] INFO:colcon.colcon_ros.task.ament_python.build:Building ROS package in '/home/gelatocotonato/LabMec2025/src/python_node' with build type 'ament_python'
[2.310s] Level 1:colcon.colcon_core.shell:create_environment_hook('python_node', 'ament_prefix_path')
[2.338s] INFO:colcon.colcon_core.plugin_system:Skipping extension 'colcon_core.shell.bat': Not used on non-Windows systems
[2.339s] INFO:colcon.colcon_core.shell:Creating environment hook '/home/gelatocotonato/LabMec2025/install/python_node/share/python_node/hook/ament_prefix_path.ps1'
[2.341s] INFO:colcon.colcon_core.shell:Creating environment descriptor '/home/gelatocotonato/LabMec2025/install/python_node/share/python_node/hook/ament_prefix_path.dsv'
[2.343s] INFO:colcon.colcon_core.shell:Creating environment hook '/home/gelatocotonato/LabMec2025/install/python_node/share/python_node/hook/ament_prefix_path.sh'
[2.345s] INFO:colcon.colcon_core.shell:Skip shell extension 'powershell' for command environment: Not usable outside of PowerShell
[2.346s] DEBUG:colcon.colcon_core.shell:Skip shell extension 'dsv' for command environment
[2.363s] INFO:colcon.colcon_ros.task.ament_cmake.build:Building ROS package in '/home/gelatocotonato/LabMec2025/src/wamv_gazebo' with build type 'ament_cmake'
[2.366s] INFO:colcon.colcon_cmake.task.cmake.build:Building CMake package in '/home/gelatocotonato/LabMec2025/src/wamv_gazebo'
[2.367s] INFO:colcon.colcon_core.shell:Skip shell extension 'powershell' for command environment: Not usable outside of PowerShell
[2.368s] DEBUG:colcon.colcon_core.shell:Skip shell extension 'dsv' for command environment
[2.387s] INFO:colcon.colcon_ros.task.ament_cmake.build:Building ROS package in '/home/gelatocotonato/LabMec2025/src/wamv_navigation' with build type 'ament_cmake'
[2.388s] INFO:colcon.colcon_cmake.task.cmake.build:Building CMake package in '/home/gelatocotonato/LabMec2025/src/wamv_navigation'
[2.389s] INFO:colcon.colcon_core.shell:Skip shell extension 'powershell' for command environment: Not usable outside of PowerShell
[2.389s] DEBUG:colcon.colcon_core.shell:Skip shell extension 'dsv' for command environment
[3.552s] INFO:colcon.colcon_core.task.python.build:Building Python package in '/home/gelatocotonato/LabMec2025/src/python_node'
[3.552s] INFO:colcon.colcon_core.shell:Skip shell extension 'powershell' for command environment: Not usable outside of PowerShell
[3.552s] DEBUG:colcon.colcon_core.shell:Skip shell extension 'dsv' for command environment
[3.603s] DEBUG:colcon.colcon_core.event_handler.log_command:Invoking command in '/home/gelatocotonato/LabMec2025/build/wamv_gazebo': CMAKE_PREFIX_PATH=${CMAKE_PREFIX_PATH}:/home/gelatocotonato/LabMec2025/install/python_node:/opt/ros/jazzy DEBUGINFOD_URLS=https://debuginfod.ubuntu.com /usr/bin/cmake --build /home/gelatocotonato/LabMec2025/build/wamv_gazebo -- -j8 -l8
[3.658s] DEBUG:colcon.colcon_core.event_handler.log_command:Invoking command in '/home/gelatocotonato/LabMec2025/build/wamv_navigation': CMAKE_PREFIX_PATH=${CMAKE_PREFIX_PATH}:/home/gelatocotonato/LabMec2025/install/python_node:/opt/ros/jazzy DEBUGINFOD_URLS=https://debuginfod.ubuntu.com /usr/bin/cmake --build /home/gelatocotonato/LabMec2025/build/wamv_navigation -- -j8 -l8
[4.212s] DEBUG:colcon.colcon_core.event_handler.log_command:Invoked command in '/home/gelatocotonato/LabMec2025/build/wamv_navigation' returned '0': CMAKE_PREFIX_PATH=${CMAKE_PREFIX_PATH}:/home/gelatocotonato/LabMec2025/install/python_node:/opt/ros/jazzy DEBUGINFOD_URLS=https://debuginfod.ubuntu.com /usr/bin/cmake --build /home/gelatocotonato/LabMec2025/build/wamv_navigation -- -j8 -l8
[4.268s] DEBUG:colcon.colcon_core.event_handler.log_command:Invoking command in '/home/gelatocotonato/LabMec2025/build/wamv_navigation': CMAKE_PREFIX_PATH=${CMAKE_PREFIX_PATH}:/home/gelatocotonato/LabMec2025/install/python_node:/opt/ros/jazzy DEBUGINFOD_URLS=https://debuginfod.ubuntu.com /usr/bin/cmake --install /home/gelatocotonato/LabMec2025/build/wamv_navigation
[4.442s] Level 1:colcon.colcon_core.environment:create_environment_scripts_only(wamv_navigation)
[4.446s] DEBUG:colcon.colcon_core.event_handler.log_command:Invoked command in '/home/gelatocotonato/LabMec2025/build/wamv_navigation' returned '0': CMAKE_PREFIX_PATH=${CMAKE_PREFIX_PATH}:/home/gelatocotonato/LabMec2025/install/python_node:/opt/ros/jazzy DEBUGINFOD_URLS=https://debuginfod.ubuntu.com /usr/bin/cmake --install /home/gelatocotonato/LabMec2025/build/wamv_navigation
[4.474s] Level 1:colcon.colcon_core.environment:checking '/home/gelatocotonato/LabMec2025/install/wamv_navigation' for CMake module files
[4.478s] Level 1:colcon.colcon_core.environment:checking '/home/gelatocotonato/LabMec2025/install/wamv_navigation' for CMake config files
[4.479s] Level 1:colcon.colcon_core.shell:create_environment_hook('wamv_navigation', 'cmake_prefix_path')
[4.481s] INFO:colcon.colcon_core.shell:Creating environment hook '/home/gelatocotonato/LabMec2025/install/wamv_navigation/share/wamv_navigation/hook/cmake_prefix_path.ps1'
[4.482s] INFO:colcon.colcon_core.shell:Creating environment descriptor '/home/gelatocotonato/LabMec2025/install/wamv_navigation/share/wamv_navigation/hook/cmake_prefix_path.dsv'
[4.483s] INFO:colcon.colcon_core.shell:Creating environment hook '/home/gelatocotonato/LabMec2025/install/wamv_navigation/share/wamv_navigation/hook/cmake_prefix_path.sh'
[4.485s] Level 1:colcon.colcon_core.environment:checking '/home/gelatocotonato/LabMec2025/install/wamv_navigation/lib'
[4.485s] Level 1:colcon.colcon_core.environment:checking '/home/gelatocotonato/LabMec2025/install/wamv_navigation/bin'
[4.486s] Level 1:colcon.colcon_core.environment:checking '/home/gelatocotonato/LabMec2025/install/wamv_navigation/lib/pkgconfig/wamv_navigation.pc'
[4.486s] Level 1:colcon.colcon_core.environment:checking '/home/gelatocotonato/LabMec2025/install/wamv_navigation/lib/python3.12/site-packages'
[4.488s] Level 1:colcon.colcon_core.environment:checking '/home/gelatocotonato/LabMec2025/install/wamv_navigation/bin'
[4.489s] INFO:colcon.colcon_core.shell:Creating package script '/home/gelatocotonato/LabMec2025/install/wamv_navigation/share/wamv_navigation/package.ps1'
[4.491s] INFO:colcon.colcon_core.shell:Creating package descriptor '/home/gelatocotonato/LabMec2025/install/wamv_navigation/share/wamv_navigation/package.dsv'
[4.495s] INFO:colcon.colcon_core.shell:Creating package script '/home/gelatocotonato/LabMec2025/install/wamv_navigation/share/wamv_navigation/package.sh'
[4.497s] INFO:colcon.colcon_core.shell:Creating package script '/home/gelatocotonato/LabMec2025/install/wamv_navigation/share/wamv_navigation/package.bash'
[4.500s] INFO:colcon.colcon_core.shell:Creating package script '/home/gelatocotonato/LabMec2025/install/wamv_navigation/share/wamv_navigation/package.zsh'
[4.504s] Level 1:colcon.colcon_core.environment:create_file_with_runtime_dependencies(/home/gelatocotonato/LabMec2025/install/wamv_navigation/share/colcon-core/packages/wamv_navigation)
[4.509s] Level 1:colcon.colcon_core.environment:create_environment_scripts_only(wamv_navigation)
[4.510s] Level 1:colcon.colcon_core.environment:checking '/home/gelatocotonato/LabMec2025/install/wamv_navigation' for CMake module files
[4.511s] Level 1:colcon.colcon_core.environment:checking '/home/gelatocotonato/LabMec2025/install/wamv_navigation' for CMake config files
[4.512s] Level 1:colcon.colcon_core.shell:create_environment_hook('wamv_navigation', 'cmake_prefix_path')
[4.513s] INFO:colcon.colcon_core.shell:Creating environment hook '/home/gelatocotonato/LabMec2025/install/wamv_navigation/share/wamv_navigation/hook/cmake_prefix_path.ps1'
[4.517s] INFO:colcon.colcon_core.shell:Creating environment descriptor '/home/gelatocotonato/LabMec2025/install/wamv_navigation/share/wamv_navigation/hook/cmake_prefix_path.dsv'
[4.520s] INFO:colcon.colcon_core.shell:Creating environment hook '/home/gelatocotonato/LabMec2025/install/wamv_navigation/share/wamv_navigation/hook/cmake_prefix_path.sh'
[4.523s] Level 1:colcon.colcon_core.environment:checking '/home/gelatocotonato/LabMec2025/install/wamv_navigation/lib'
[4.523s] Level 1:colcon.colcon_core.environment:checking '/home/gelatocotonato/LabMec2025/install/wamv_navigation/bin'
[4.523s] Level 1:colcon.colcon_core.environment:checking '/home/gelatocotonato/LabMec2025/install/wamv_navigation/lib/pkgconfig/wamv_navigation.pc'
[4.525s] Level 1:colcon.colcon_core.environment:checking '/home/gelatocotonato/LabMec2025/install/wamv_navigation/lib/python3.12/site-packages'
[4.525s] Level 1:colcon.colcon_core.environment:checking '/home/gelatocotonato/LabMec2025/install/wamv_navigation/bin'
[4.527s] INFO:colcon.colcon_core.shell:Creating package script '/home/gelatocotonato/LabMec2025/install/wamv_navigation/share/wamv_navigation/package.ps1'
[4.529s] INFO:colcon.colcon_core.shell:Creating package descriptor '/home/gelatocotonato/LabMec2025/install/wamv_navigation/share/wamv_navigation/package.dsv'
[4.530s] INFO:colcon.colcon_core.shell:Creating package script '/home/gelatocotonato/LabMec2025/install/wamv_navigation/share/wamv_navigation/package.sh'
[4.533s] INFO:colcon.colcon_core.shell:Creating package script '/home/gelatocotonato/LabMec2025/install/wamv_navigation/share/wamv_navigation/package.bash'
[4.534s] INFO:colcon.colcon_core.shell:Creating package script '/home/gelatocotonato/LabMec2025/install/wamv_navigation/share/wamv_navigation/package.zsh'
[4.536s] Level 1:colcon.colcon_core.environment:create_file_with_runtime_dependencies(/home/gelatocotonato/LabMec2025/install/wamv_navigation/share/colcon-core/packages/wamv_navigation)
[7.168s] DEBUG:colcon.colcon_core.event_handler.log_command:Invoked command in '/home/gelatocotonato/LabMec2025/build/wamv_gazebo' returned '0': CMAKE_PREFIX_PATH=${CMAKE_PREFIX_PATH}:/home/gelatocotonato/LabMec2025/install/python_node:/opt/ros/jazzy DEBUGINFOD_URLS=https://debuginfod.ubuntu.com /usr/bin/cmake --build /home/gelatocotonato/LabMec2025/build/wamv_gazebo -- -j8 -l8
[7.176s] DEBUG:colcon.colcon_core.event_handler.log_command:Invoking command in '/home/gelatocotonato/LabMec2025/build/wamv_gazebo': CMAKE_PREFIX_PATH=${CMAKE_PREFIX_PATH}:/home/gelatocotonato/LabMec2025/install/python_node:/opt/ros/jazzy DEBUGINFOD_URLS=https://debuginfod.ubuntu.com /usr/bin/cmake --install /home/gelatocotonato/LabMec2025/build/wamv_gazebo
[7.477s] DEBUG:colcon.colcon_core.event_handler.log_command:Invoking command in '/home/gelatocotonato/LabMec2025/build/python_node': DEBUGINFOD_URLS=https://debuginfod.ubuntu.com PYTHONPATH=/home/gelatocotonato/LabMec2025/build/python_node/prefix_override:/usr/lib/python3/dist-packages/colcon_core/task/python/colcon_distutils_commands:/home/gelatocotonato/LabMec2025/install/python_node/lib/python3.12/site-packages:${PYTHONPATH} /usr/bin/python3 -W ignore:setup.py install is deprecated -W ignore:easy_install command is deprecated setup.py develop --editable --build-directory /home/gelatocotonato/LabMec2025/build/python_node/build --no-deps symlink_data
[7.590s] Level 1:colcon.colcon_core.environment:create_environment_scripts_only(wamv_gazebo)
[7.590s] Level 1:colcon.colcon_core.environment:checking '/home/gelatocotonato/LabMec2025/install/wamv_gazebo' for CMake module files
[7.593s] DEBUG:colcon.colcon_core.event_handler.log_command:Invoked command in '/home/gelatocotonato/LabMec2025/build/wamv_gazebo' returned '0': CMAKE_PREFIX_PATH=${CMAKE_PREFIX_PATH}:/home/gelatocotonato/LabMec2025/install/python_node:/opt/ros/jazzy DEBUGINFOD_URLS=https://debuginfod.ubuntu.com /usr/bin/cmake --install /home/gelatocotonato/LabMec2025/build/wamv_gazebo
[7.598s] Level 1:colcon.colcon_core.environment:checking '/home/gelatocotonato/LabMec2025/install/wamv_gazebo' for CMake config files
[7.618s] Level 1:colcon.colcon_core.shell:create_environment_hook('wamv_gazebo', 'cmake_prefix_path')
[7.619s] INFO:colcon.colcon_core.shell:Creating environment hook '/home/gelatocotonato/LabMec2025/install/wamv_gazebo/share/wamv_gazebo/hook/cmake_prefix_path.ps1'
[7.624s] INFO:colcon.colcon_core.shell:Creating environment descriptor '/home/gelatocotonato/LabMec2025/install/wamv_gazebo/share/wamv_gazebo/hook/cmake_prefix_path.dsv'
[7.633s] INFO:colcon.colcon_core.shell:Creating environment hook '/home/gelatocotonato/LabMec2025/install/wamv_gazebo/share/wamv_gazebo/hook/cmake_prefix_path.sh'
[7.638s] Level 1:colcon.colcon_core.environment:checking '/home/gelatocotonato/LabMec2025/install/wamv_gazebo/lib'
[7.638s] Level 1:colcon.colcon_core.shell:create_environment_hook('wamv_gazebo', 'ld_library_path_lib')
[7.639s] INFO:colcon.colcon_core.shell:Creating environment hook '/home/gelatocotonato/LabMec2025/install/wamv_gazebo/share/wamv_gazebo/hook/ld_library_path_lib.ps1'
[7.640s] INFO:colcon.colcon_core.shell:Creating environment descriptor '/home/gelatocotonato/LabMec2025/install/wamv_gazebo/share/wamv_gazebo/hook/ld_library_path_lib.dsv'
[7.641s] INFO:colcon.colcon_core.shell:Creating environment hook '/home/gelatocotonato/LabMec2025/install/wamv_gazebo/share/wamv_gazebo/hook/ld_library_path_lib.sh'
[7.644s] Level 1:colcon.colcon_core.environment:checking '/home/gelatocotonato/LabMec2025/install/wamv_gazebo/bin'
[7.644s] Level 1:colcon.colcon_core.environment:checking '/home/gelatocotonato/LabMec2025/install/wamv_gazebo/lib/pkgconfig/wamv_gazebo.pc'
[7.645s] Level 1:colcon.colcon_core.environment:checking '/home/gelatocotonato/LabMec2025/install/wamv_gazebo/lib/python3.12/site-packages'
[7.648s] Level 1:colcon.colcon_core.environment:checking '/home/gelatocotonato/LabMec2025/install/wamv_gazebo/bin'
[7.650s] INFO:colcon.colcon_core.shell:Creating package script '/home/gelatocotonato/LabMec2025/install/wamv_gazebo/share/wamv_gazebo/package.ps1'
[7.663s] INFO:colcon.colcon_core.shell:Creating package descriptor '/home/gelatocotonato/LabMec2025/install/wamv_gazebo/share/wamv_gazebo/package.dsv'
[7.670s] INFO:colcon.colcon_core.shell:Creating package script '/home/gelatocotonato/LabMec2025/install/wamv_gazebo/share/wamv_gazebo/package.sh'
[7.675s] INFO:colcon.colcon_core.shell:Creating package script '/home/gelatocotonato/LabMec2025/install/wamv_gazebo/share/wamv_gazebo/package.bash'
[7.676s] INFO:colcon.colcon_core.shell:Creating package script '/home/gelatocotonato/LabMec2025/install/wamv_gazebo/share/wamv_gazebo/package.zsh'
[7.677s] Level 1:colcon.colcon_core.environment:create_file_with_runtime_dependencies(/home/gelatocotonato/LabMec2025/install/wamv_gazebo/share/colcon-core/packages/wamv_gazebo)
[7.678s] Level 1:colcon.colcon_core.environment:create_environment_scripts_only(wamv_gazebo)
[7.679s] Level 1:colcon.colcon_core.environment:checking '/home/gelatocotonato/LabMec2025/install/wamv_gazebo' for CMake module files
[7.680s] Level 1:colcon.colcon_core.environment:checking '/home/gelatocotonato/LabMec2025/install/wamv_gazebo' for CMake config files
[7.682s] Level 1:colcon.colcon_core.shell:create_environment_hook('wamv_gazebo', 'cmake_prefix_path')
[7.683s] INFO:colcon.colcon_core.shell:Creating environment hook '/home/gelatocotonato/LabMec2025/install/wamv_gazebo/share/wamv_gazebo/hook/cmake_prefix_path.ps1'
[7.685s] INFO:colcon.colcon_core.shell:Creating environment descriptor '/home/gelatocotonato/LabMec2025/install/wamv_gazebo/share/wamv_gazebo/hook/cmake_prefix_path.dsv'
[7.686s] INFO:colcon.colcon_core.shell:Creating environment hook '/home/gelatocotonato/LabMec2025/install/wamv_gazebo/share/wamv_gazebo/hook/cmake_prefix_path.sh'
[7.688s] Level 1:colcon.colcon_core.environment:checking '/home/gelatocotonato/LabMec2025/install/wamv_gazebo/lib'
[7.689s] Level 1:colcon.colcon_core.shell:create_environment_hook('wamv_gazebo', 'ld_library_path_lib')
[7.689s] INFO:colcon.colcon_core.shell:Creating environment hook '/home/gelatocotonato/LabMec2025/install/wamv_gazebo/share/wamv_gazebo/hook/ld_library_path_lib.ps1'
[7.692s] INFO:colcon.colcon_core.shell:Creating environment descriptor '/home/gelatocotonato/LabMec2025/install/wamv_gazebo/share/wamv_gazebo/hook/ld_library_path_lib.dsv'
[7.694s] INFO:colcon.colcon_core.shell:Creating environment hook '/home/gelatocotonato/LabMec2025/install/wamv_gazebo/share/wamv_gazebo/hook/ld_library_path_lib.sh'
[7.697s] Level 1:colcon.colcon_core.environment:checking '/home/gelatocotonato/LabMec2025/install/wamv_gazebo/bin'
[7.697s] Level 1:colcon.colcon_core.environment:checking '/home/gelatocotonato/LabMec2025/install/wamv_gazebo/lib/pkgconfig/wamv_gazebo.pc'
[7.698s] Level 1:colcon.colcon_core.environment:checking '/home/gelatocotonato/LabMec2025/install/wamv_gazebo/lib/python3.12/site-packages'
[7.698s] Level 1:colcon.colcon_core.environment:checking '/home/gelatocotonato/LabMec2025/install/wamv_gazebo/bin'
[7.699s] INFO:colcon.colcon_core.shell:Creating package script '/home/gelatocotonato/LabMec2025/install/wamv_gazebo/share/wamv_gazebo/package.ps1'
[7.702s] INFO:colcon.colcon_core.shell:Creating package descriptor '/home/gelatocotonato/LabMec2025/install/wamv_gazebo/share/wamv_gazebo/package.dsv'
[7.703s] INFO:colcon.colcon_core.shell:Creating package script '/home/gelatocotonato/LabMec2025/install/wamv_gazebo/share/wamv_gazebo/package.sh'
[7.706s] INFO:colcon.colcon_core.shell:Creating package script '/home/gelatocotonato/LabMec2025/install/wamv_gazebo/share/wamv_gazebo/package.bash'
[7.708s] INFO:colcon.colcon_core.shell:Creating package script '/home/gelatocotonato/LabMec2025/install/wamv_gazebo/share/wamv_gazebo/package.zsh'
[7.709s] Level 1:colcon.colcon_core.environment:create_file_with_runtime_dependencies(/home/gelatocotonato/LabMec2025/install/wamv_gazebo/share/colcon-core/packages/wamv_gazebo)
[11.286s] Level 1:colcon.colcon_core.shell:create_environment_hook('python_node', 'pythonpath_develop')
[11.290s] DEBUG:colcon.colcon_core.event_handler.log_command:Invoked command in '/home/gelatocotonato/LabMec2025/build/python_node' returned '0': DEBUGINFOD_URLS=https://debuginfod.ubuntu.com PYTHONPATH=/home/gelatocotonato/LabMec2025/build/python_node/prefix_override:/usr/lib/python3/dist-packages/colcon_core/task/python/colcon_distutils_commands:/home/gelatocotonato/LabMec2025/install/python_node/lib/python3.12/site-packages:${PYTHONPATH} /usr/bin/python3 -W ignore:setup.py install is deprecated -W ignore:easy_install command is deprecated setup.py develop --editable --build-directory /home/gelatocotonato/LabMec2025/build/python_node/build --no-deps symlink_data
[11.292s] INFO:colcon.colcon_core.shell:Creating environment hook '/home/gelatocotonato/LabMec2025/build/python_node/share/python_node/hook/pythonpath_develop.ps1'
[11.301s] INFO:colcon.colcon_core.shell:Creating environment descriptor '/home/gelatocotonato/LabMec2025/build/python_node/share/python_node/hook/pythonpath_develop.dsv'
[11.309s] INFO:colcon.colcon_core.shell:Creating environment hook '/home/gelatocotonato/LabMec2025/build/python_node/share/python_node/hook/pythonpath_develop.sh'
[11.314s] Level 1:colcon.colcon_core.environment:checking '/home/gelatocotonato/LabMec2025/install/python_node' for CMake module files
[11.315s] Level 1:colcon.colcon_core.environment:checking '/home/gelatocotonato/LabMec2025/install/python_node' for CMake config files
[11.319s] Level 1:colcon.colcon_core.environment:checking '/home/gelatocotonato/LabMec2025/install/python_node/lib'
[11.320s] Level 1:colcon.colcon_core.environment:checking '/home/gelatocotonato/LabMec2025/install/python_node/bin'
[11.320s] Level 1:colcon.colcon_core.environment:checking '/home/gelatocotonato/LabMec2025/install/python_node/lib/pkgconfig/python_node.pc'
[11.320s] Level 1:colcon.colcon_core.environment:checking '/home/gelatocotonato/LabMec2025/install/python_node/lib/python3.12/site-packages'
[11.320s] Level 1:colcon.colcon_core.shell:create_environment_hook('python_node', 'pythonpath')
[11.321s] INFO:colcon.colcon_core.shell:Creating environment hook '/home/gelatocotonato/LabMec2025/install/python_node/share/python_node/hook/pythonpath.ps1'
[11.324s] INFO:colcon.colcon_core.shell:Creating environment descriptor '/home/gelatocotonato/LabMec2025/install/python_node/share/python_node/hook/pythonpath.dsv'
[11.325s] INFO:colcon.colcon_core.shell:Creating environment hook '/home/gelatocotonato/LabMec2025/install/python_node/share/python_node/hook/pythonpath.sh'
[11.336s] Level 1:colcon.colcon_core.environment:checking '/home/gelatocotonato/LabMec2025/install/python_node/bin'
[11.338s] Level 1:colcon.colcon_core.environment:create_environment_scripts_only(python_node)
[11.340s] INFO:colcon.colcon_core.shell:Creating package script '/home/gelatocotonato/LabMec2025/install/python_node/share/python_node/package.ps1'
[11.345s] INFO:colcon.colcon_core.shell:Creating package descriptor '/home/gelatocotonato/LabMec2025/install/python_node/share/python_node/package.dsv'
[11.346s] INFO:colcon.colcon_core.shell:Creating package script '/home/gelatocotonato/LabMec2025/install/python_node/share/python_node/package.sh'
[11.347s] INFO:colcon.colcon_core.shell:Creating package script '/home/gelatocotonato/LabMec2025/install/python_node/share/python_node/package.bash'
[11.349s] INFO:colcon.colcon_core.shell:Creating package script '/home/gelatocotonato/LabMec2025/install/python_node/share/python_node/package.zsh'
[11.352s] Level 1:colcon.colcon_core.environment:create_file_with_runtime_dependencies(/home/gelatocotonato/LabMec2025/install/python_node/share/colcon-core/packages/python_node)
[11.353s] DEBUG:colcon.colcon_parallel_executor.executor.parallel:closing loop
[11.355s] DEBUG:colcon.colcon_parallel_executor.executor.parallel:loop closed
[11.355s] DEBUG:colcon.colcon_parallel_executor.executor.parallel:run_until_complete finished with '0'
[11.355s] DEBUG:colcon.colcon_core.event_reactor:joining thread
[11.477s] INFO:colcon.colcon_core.plugin_system:Skipping extension 'colcon_notification.desktop_notification.terminal_notifier': Not used on non-Darwin systems
[11.477s] INFO:colcon.colcon_core.plugin_system:Skipping extension 'colcon_notification.desktop_notification.win32': Not used on non-Windows systems
[11.477s] INFO:colcon.colcon_notification.desktop_notification:Sending desktop notification using 'notify2'
[11.600s] DEBUG:colcon.colcon_core.event_reactor:joined thread
[11.601s] INFO:colcon.colcon_core.shell:Creating prefix script '/home/gelatocotonato/LabMec2025/install/local_setup.ps1'
[11.608s] INFO:colcon.colcon_core.shell:Creating prefix util module '/home/gelatocotonato/LabMec2025/install/_local_setup_util_ps1.py'
[11.611s] INFO:colcon.colcon_core.shell:Creating prefix chain script '/home/gelatocotonato/LabMec2025/install/setup.ps1'
[11.627s] INFO:colcon.colcon_core.shell:Creating prefix script '/home/gelatocotonato/LabMec2025/install/local_setup.sh'
[11.630s] INFO:colcon.colcon_core.shell:Creating prefix util module '/home/gelatocotonato/LabMec2025/install/_local_setup_util_sh.py'
[11.631s] INFO:colcon.colcon_core.shell:Creating prefix chain script '/home/gelatocotonato/LabMec2025/install/setup.sh'
[11.635s] INFO:colcon.colcon_core.shell:Creating prefix script '/home/gelatocotonato/LabMec2025/install/local_setup.bash'
[11.639s] INFO:colcon.colcon_core.shell:Creating prefix chain script '/home/gelatocotonato/LabMec2025/install/setup.bash'
[11.642s] INFO:colcon.colcon_core.shell:Creating prefix script '/home/gelatocotonato/LabMec2025/install/local_setup.zsh'
[11.646s] INFO:colcon.colcon_core.shell:Creating prefix chain script '/home/gelatocotonato/LabMec2025/install/setup.zsh'
