[0.070s] DEBUG:colcon:Command line arguments: ['/usr/bin/colcon', 'build']
[0.070s] DEBUG:colcon:Parsed command line arguments: Namespace(log_base=None, log_level=None, verb_name='build', build_base='build', install_base='install', merge_install=False, symlink_install=False, test_result_base=None, continue_on_error=False, executor='parallel', parallel_workers=16, event_handlers=None, ignore_user_meta=False, metas=['./colcon.meta'], base_paths=['.'], packages_ignore=None, packages_ignore_regex=None, paths=None, packages_up_to=None, packages_up_to_regex=None, packages_above=None, packages_above_and_dependencies=None, packages_above_depth=None, packages_select_by_dep=None, packages_skip_by_dep=None, packages_skip_up_to=None, packages_select_build_failed=False, packages_skip_build_finished=False, packages_select_test_failures=False, packages_skip_test_passed=False, packages_select=None, packages_skip=None, packages_select_regex=None, packages_skip_regex=None, packages_start=None, packages_end=None, allow_overriding=[], cmake_args=None, cmake_target=None, cmake_target_skip_unavailable=False, cmake_clean_cache=False, cmake_clean_first=False, cmake_force_configure=False, ament_cmake_args=None, catkin_cmake_args=None, catkin_skip_building_tests=False, mixin_files=None, mixin=None, verb_parser=<colcon_mixin.mixin.mixin_argument.MixinArgumentDecorator object at 0x7888252914c0>, verb_extension=<colcon_core.verb.build.BuildVerb object at 0x788825291190>, main=<bound method BuildVerb.main of <colcon_core.verb.build.BuildVerb object at 0x788825291190>>, mixin_verb=('build',))
[0.094s] Level 1:colcon.colcon_core.package_discovery:discover_packages(colcon_meta) check parameters
[0.094s] Level 1:colcon.colcon_core.package_discovery:discover_packages(recursive) check parameters
[0.094s] Level 1:colcon.colcon_core.package_discovery:discover_packages(ignore) check parameters
[0.094s] Level 1:colcon.colcon_core.package_discovery:discover_packages(path) check parameters
[0.094s] Level 1:colcon.colcon_core.package_discovery:discover_packages(colcon_meta) discover
[0.094s] Level 1:colcon.colcon_core.package_discovery:discover_packages(recursive) discover
[0.094s] INFO:colcon.colcon_core.package_discovery:Crawling recursively for packages in '/home/luca002/proj_ws'
[0.094s] Level 1:colcon.colcon_core.package_identification:_identify(.) by extensions ['ignore', 'ignore_ament_install']
[0.095s] Level 1:colcon.colcon_core.package_identification:_identify(.) by extension 'ignore'
[0.095s] Level 1:colcon.colcon_core.package_identification:_identify(.) by extension 'ignore_ament_install'
[0.095s] Level 1:colcon.colcon_core.package_identification:_identify(.) by extensions ['colcon_pkg']
[0.095s] Level 1:colcon.colcon_core.package_identification:_identify(.) by extension 'colcon_pkg'
[0.095s] Level 1:colcon.colcon_core.package_identification:_identify(.) by extensions ['colcon_meta']
[0.095s] Level 1:colcon.colcon_core.package_identification:_identify(.) by extension 'colcon_meta'
[0.095s] Level 1:colcon.colcon_core.package_identification:_identify(.) by extensions ['ros']
[0.095s] Level 1:colcon.colcon_core.package_identification:_identify(.) by extension 'ros'
[0.112s] Level 1:colcon.colcon_core.package_identification:_identify(.) by extensions ['cmake', 'python']
[0.112s] Level 1:colcon.colcon_core.package_identification:_identify(.) by extension 'cmake'
[0.112s] Level 1:colcon.colcon_core.package_identification:_identify(.) by extension 'python'
[0.112s] Level 1:colcon.colcon_core.package_identification:_identify(.) by extensions ['python_setup_py']
[0.112s] Level 1:colcon.colcon_core.package_identification:_identify(.) by extension 'python_setup_py'
[0.112s] Level 1:colcon.colcon_core.package_identification:_identify(build) by extensions ['ignore', 'ignore_ament_install']
[0.112s] Level 1:colcon.colcon_core.package_identification:_identify(build) by extension 'ignore'
[0.112s] Level 1:colcon.colcon_core.package_identification:_identify(build) ignored
[0.112s] Level 1:colcon.colcon_core.package_identification:_identify(install) by extensions ['ignore', 'ignore_ament_install']
[0.112s] Level 1:colcon.colcon_core.package_identification:_identify(install) by extension 'ignore'
[0.112s] Level 1:colcon.colcon_core.package_identification:_identify(install) ignored
[0.112s] Level 1:colcon.colcon_core.package_identification:_identify(log) by extensions ['ignore', 'ignore_ament_install']
[0.112s] Level 1:colcon.colcon_core.package_identification:_identify(log) by extension 'ignore'
[0.112s] Level 1:colcon.colcon_core.package_identification:_identify(log) ignored
[0.112s] Level 1:colcon.colcon_core.package_identification:_identify(src) by extensions ['ignore', 'ignore_ament_install']
[0.112s] Level 1:colcon.colcon_core.package_identification:_identify(src) by extension 'ignore'
[0.112s] Level 1:colcon.colcon_core.package_identification:_identify(src) by extension 'ignore_ament_install'
[0.112s] Level 1:colcon.colcon_core.package_identification:_identify(src) by extensions ['colcon_pkg']
[0.112s] Level 1:colcon.colcon_core.package_identification:_identify(src) by extension 'colcon_pkg'
[0.112s] Level 1:colcon.colcon_core.package_identification:_identify(src) by extensions ['colcon_meta']
[0.112s] Level 1:colcon.colcon_core.package_identification:_identify(src) by extension 'colcon_meta'
[0.112s] Level 1:colcon.colcon_core.package_identification:_identify(src) by extensions ['ros']
[0.112s] Level 1:colcon.colcon_core.package_identification:_identify(src) by extension 'ros'
[0.113s] Level 1:colcon.colcon_core.package_identification:_identify(src) by extensions ['cmake', 'python']
[0.113s] Level 1:colcon.colcon_core.package_identification:_identify(src) by extension 'cmake'
[0.113s] Level 1:colcon.colcon_core.package_identification:_identify(src) by extension 'python'
[0.113s] Level 1:colcon.colcon_core.package_identification:_identify(src) by extensions ['python_setup_py']
[0.113s] Level 1:colcon.colcon_core.package_identification:_identify(src) by extension 'python_setup_py'
[0.113s] Level 1:colcon.colcon_core.package_identification:_identify(src/model) by extensions ['ignore', 'ignore_ament_install']
[0.113s] Level 1:colcon.colcon_core.package_identification:_identify(src/model) by extension 'ignore'
[0.113s] Level 1:colcon.colcon_core.package_identification:_identify(src/model) by extension 'ignore_ament_install'
[0.113s] Level 1:colcon.colcon_core.package_identification:_identify(src/model) by extensions ['colcon_pkg']
[0.113s] Level 1:colcon.colcon_core.package_identification:_identify(src/model) by extension 'colcon_pkg'
[0.113s] Level 1:colcon.colcon_core.package_identification:_identify(src/model) by extensions ['colcon_meta']
[0.113s] Level 1:colcon.colcon_core.package_identification:_identify(src/model) by extension 'colcon_meta'
[0.113s] Level 1:colcon.colcon_core.package_identification:_identify(src/model) by extensions ['ros']
[0.113s] Level 1:colcon.colcon_core.package_identification:_identify(src/model) by extension 'ros'
[0.113s] Level 1:colcon.colcon_core.package_identification:_identify(src/model) by extensions ['cmake', 'python']
[0.113s] Level 1:colcon.colcon_core.package_identification:_identify(src/model) by extension 'cmake'
[0.113s] Level 1:colcon.colcon_core.package_identification:_identify(src/model) by extension 'python'
[0.113s] Level 1:colcon.colcon_core.package_identification:_identify(src/model) by extensions ['python_setup_py']
[0.113s] Level 1:colcon.colcon_core.package_identification:_identify(src/model) by extension 'python_setup_py'
[0.113s] Level 1:colcon.colcon_core.package_identification:_identify(src/model/3d_lidar) by extensions ['ignore', 'ignore_ament_install']
[0.113s] Level 1:colcon.colcon_core.package_identification:_identify(src/model/3d_lidar) by extension 'ignore'
[0.113s] Level 1:colcon.colcon_core.package_identification:_identify(src/model/3d_lidar) by extension 'ignore_ament_install'
[0.113s] Level 1:colcon.colcon_core.package_identification:_identify(src/model/3d_lidar) by extensions ['colcon_pkg']
[0.113s] Level 1:colcon.colcon_core.package_identification:_identify(src/model/3d_lidar) by extension 'colcon_pkg'
[0.113s] Level 1:colcon.colcon_core.package_identification:_identify(src/model/3d_lidar) by extensions ['colcon_meta']
[0.113s] Level 1:colcon.colcon_core.package_identification:_identify(src/model/3d_lidar) by extension 'colcon_meta'
[0.113s] Level 1:colcon.colcon_core.package_identification:_identify(src/model/3d_lidar) by extensions ['ros']
[0.113s] Level 1:colcon.colcon_core.package_identification:_identify(src/model/3d_lidar) by extension 'ros'
[0.113s] Level 1:colcon.colcon_core.package_identification:_identify(src/model/3d_lidar) by extensions ['cmake', 'python']
[0.113s] Level 1:colcon.colcon_core.package_identification:_identify(src/model/3d_lidar) by extension 'cmake'
[0.113s] Level 1:colcon.colcon_core.package_identification:_identify(src/model/3d_lidar) by extension 'python'
[0.113s] Level 1:colcon.colcon_core.package_identification:_identify(src/model/3d_lidar) by extensions ['python_setup_py']
[0.113s] Level 1:colcon.colcon_core.package_identification:_identify(src/model/3d_lidar) by extension 'python_setup_py'
[0.114s] Level 1:colcon.colcon_core.package_identification:_identify(src/model/3d_lidar/mesh) by extensions ['ignore', 'ignore_ament_install']
[0.114s] Level 1:colcon.colcon_core.package_identification:_identify(src/model/3d_lidar/mesh) by extension 'ignore'
[0.114s] Level 1:colcon.colcon_core.package_identification:_identify(src/model/3d_lidar/mesh) by extension 'ignore_ament_install'
[0.114s] Level 1:colcon.colcon_core.package_identification:_identify(src/model/3d_lidar/mesh) by extensions ['colcon_pkg']
[0.114s] Level 1:colcon.colcon_core.package_identification:_identify(src/model/3d_lidar/mesh) by extension 'colcon_pkg'
[0.114s] Level 1:colcon.colcon_core.package_identification:_identify(src/model/3d_lidar/mesh) by extensions ['colcon_meta']
[0.114s] Level 1:colcon.colcon_core.package_identification:_identify(src/model/3d_lidar/mesh) by extension 'colcon_meta'
[0.114s] Level 1:colcon.colcon_core.package_identification:_identify(src/model/3d_lidar/mesh) by extensions ['ros']
[0.114s] Level 1:colcon.colcon_core.package_identification:_identify(src/model/3d_lidar/mesh) by extension 'ros'
[0.114s] Level 1:colcon.colcon_core.package_identification:_identify(src/model/3d_lidar/mesh) by extensions ['cmake', 'python']
[0.114s] Level 1:colcon.colcon_core.package_identification:_identify(src/model/3d_lidar/mesh) by extension 'cmake'
[0.114s] Level 1:colcon.colcon_core.package_identification:_identify(src/model/3d_lidar/mesh) by extension 'python'
[0.114s] Level 1:colcon.colcon_core.package_identification:_identify(src/model/3d_lidar/mesh) by extensions ['python_setup_py']
[0.114s] Level 1:colcon.colcon_core.package_identification:_identify(src/model/3d_lidar/mesh) by extension 'python_setup_py'
[0.114s] Level 1:colcon.colcon_core.package_identification:_identify(src/model/ball_shooter) by extensions ['ignore', 'ignore_ament_install']
[0.114s] Level 1:colcon.colcon_core.package_identification:_identify(src/model/ball_shooter) by extension 'ignore'
[0.114s] Level 1:colcon.colcon_core.package_identification:_identify(src/model/ball_shooter) by extension 'ignore_ament_install'
[0.114s] Level 1:colcon.colcon_core.package_identification:_identify(src/model/ball_shooter) by extensions ['colcon_pkg']
[0.114s] Level 1:colcon.colcon_core.package_identification:_identify(src/model/ball_shooter) by extension 'colcon_pkg'
[0.114s] Level 1:colcon.colcon_core.package_identification:_identify(src/model/ball_shooter) by extensions ['colcon_meta']
[0.114s] Level 1:colcon.colcon_core.package_identification:_identify(src/model/ball_shooter) by extension 'colcon_meta'
[0.114s] Level 1:colcon.colcon_core.package_identification:_identify(src/model/ball_shooter) by extensions ['ros']
[0.114s] Level 1:colcon.colcon_core.package_identification:_identify(src/model/ball_shooter) by extension 'ros'
[0.114s] Level 1:colcon.colcon_core.package_identification:_identify(src/model/ball_shooter) by extensions ['cmake', 'python']
[0.114s] Level 1:colcon.colcon_core.package_identification:_identify(src/model/ball_shooter) by extension 'cmake'
[0.114s] Level 1:colcon.colcon_core.package_identification:_identify(src/model/ball_shooter) by extension 'python'
[0.114s] Level 1:colcon.colcon_core.package_identification:_identify(src/model/ball_shooter) by extensions ['python_setup_py']
[0.114s] Level 1:colcon.colcon_core.package_identification:_identify(src/model/ball_shooter) by extension 'python_setup_py'
[0.114s] Level 1:colcon.colcon_core.package_identification:_identify(src/model/ball_shooter/materials) by extensions ['ignore', 'ignore_ament_install']
[0.114s] Level 1:colcon.colcon_core.package_identification:_identify(src/model/ball_shooter/materials) by extension 'ignore'
[0.114s] Level 1:colcon.colcon_core.package_identification:_identify(src/model/ball_shooter/materials) by extension 'ignore_ament_install'
[0.114s] Level 1:colcon.colcon_core.package_identification:_identify(src/model/ball_shooter/materials) by extensions ['colcon_pkg']
[0.114s] Level 1:colcon.colcon_core.package_identification:_identify(src/model/ball_shooter/materials) by extension 'colcon_pkg'
[0.114s] Level 1:colcon.colcon_core.package_identification:_identify(src/model/ball_shooter/materials) by extensions ['colcon_meta']
[0.115s] Level 1:colcon.colcon_core.package_identification:_identify(src/model/ball_shooter/materials) by extension 'colcon_meta'
[0.115s] Level 1:colcon.colcon_core.package_identification:_identify(src/model/ball_shooter/materials) by extensions ['ros']
[0.115s] Level 1:colcon.colcon_core.package_identification:_identify(src/model/ball_shooter/materials) by extension 'ros'
[0.115s] Level 1:colcon.colcon_core.package_identification:_identify(src/model/ball_shooter/materials) by extensions ['cmake', 'python']
[0.115s] Level 1:colcon.colcon_core.package_identification:_identify(src/model/ball_shooter/materials) by extension 'cmake'
[0.115s] Level 1:colcon.colcon_core.package_identification:_identify(src/model/ball_shooter/materials) by extension 'python'
[0.115s] Level 1:colcon.colcon_core.package_identification:_identify(src/model/ball_shooter/materials) by extensions ['python_setup_py']
[0.115s] Level 1:colcon.colcon_core.package_identification:_identify(src/model/ball_shooter/materials) by extension 'python_setup_py'
[0.115s] Level 1:colcon.colcon_core.package_identification:_identify(src/model/ball_shooter/materials/Textures) by extensions ['ignore', 'ignore_ament_install']
[0.115s] Level 1:colcon.colcon_core.package_identification:_identify(src/model/ball_shooter/materials/Textures) by extension 'ignore'
[0.115s] Level 1:colcon.colcon_core.package_identification:_identify(src/model/ball_shooter/materials/Textures) by extension 'ignore_ament_install'
[0.115s] Level 1:colcon.colcon_core.package_identification:_identify(src/model/ball_shooter/materials/Textures) by extensions ['colcon_pkg']
[0.115s] Level 1:colcon.colcon_core.package_identification:_identify(src/model/ball_shooter/materials/Textures) by extension 'colcon_pkg'
[0.115s] Level 1:colcon.colcon_core.package_identification:_identify(src/model/ball_shooter/materials/Textures) by extensions ['colcon_meta']
[0.115s] Level 1:colcon.colcon_core.package_identification:_identify(src/model/ball_shooter/materials/Textures) by extension 'colcon_meta'
[0.115s] Level 1:colcon.colcon_core.package_identification:_identify(src/model/ball_shooter/materials/Textures) by extensions ['ros']
[0.115s] Level 1:colcon.colcon_core.package_identification:_identify(src/model/ball_shooter/materials/Textures) by extension 'ros'
[0.115s] Level 1:colcon.colcon_core.package_identification:_identify(src/model/ball_shooter/materials/Textures) by extensions ['cmake', 'python']
[0.115s] Level 1:colcon.colcon_core.package_identification:_identify(src/model/ball_shooter/materials/Textures) by extension 'cmake'
[0.115s] Level 1:colcon.colcon_core.package_identification:_identify(src/model/ball_shooter/materials/Textures) by extension 'python'
[0.115s] Level 1:colcon.colcon_core.package_identification:_identify(src/model/ball_shooter/materials/Textures) by extensions ['python_setup_py']
[0.115s] Level 1:colcon.colcon_core.package_identification:_identify(src/model/ball_shooter/materials/Textures) by extension 'python_setup_py'
[0.115s] Level 1:colcon.colcon_core.package_identification:_identify(src/model/ball_shooter/meshes) by extensions ['ignore', 'ignore_ament_install']
[0.115s] Level 1:colcon.colcon_core.package_identification:_identify(src/model/ball_shooter/meshes) by extension 'ignore'
[0.115s] Level 1:colcon.colcon_core.package_identification:_identify(src/model/ball_shooter/meshes) by extension 'ignore_ament_install'
[0.115s] Level 1:colcon.colcon_core.package_identification:_identify(src/model/ball_shooter/meshes) by extensions ['colcon_pkg']
[0.115s] Level 1:colcon.colcon_core.package_identification:_identify(src/model/ball_shooter/meshes) by extension 'colcon_pkg'
[0.115s] Level 1:colcon.colcon_core.package_identification:_identify(src/model/ball_shooter/meshes) by extensions ['colcon_meta']
[0.115s] Level 1:colcon.colcon_core.package_identification:_identify(src/model/ball_shooter/meshes) by extension 'colcon_meta'
[0.115s] Level 1:colcon.colcon_core.package_identification:_identify(src/model/ball_shooter/meshes) by extensions ['ros']
[0.115s] Level 1:colcon.colcon_core.package_identification:_identify(src/model/ball_shooter/meshes) by extension 'ros'
[0.115s] Level 1:colcon.colcon_core.package_identification:_identify(src/model/ball_shooter/meshes) by extensions ['cmake', 'python']
[0.115s] Level 1:colcon.colcon_core.package_identification:_identify(src/model/ball_shooter/meshes) by extension 'cmake'
[0.115s] Level 1:colcon.colcon_core.package_identification:_identify(src/model/ball_shooter/meshes) by extension 'python'
[0.115s] Level 1:colcon.colcon_core.package_identification:_identify(src/model/ball_shooter/meshes) by extensions ['python_setup_py']
[0.115s] Level 1:colcon.colcon_core.package_identification:_identify(src/model/ball_shooter/meshes) by extension 'python_setup_py'
[0.116s] Level 1:colcon.colcon_core.package_identification:_identify(src/model/battery) by extensions ['ignore', 'ignore_ament_install']
[0.116s] Level 1:colcon.colcon_core.package_identification:_identify(src/model/battery) by extension 'ignore'
[0.116s] Level 1:colcon.colcon_core.package_identification:_identify(src/model/battery) by extension 'ignore_ament_install'
[0.116s] Level 1:colcon.colcon_core.package_identification:_identify(src/model/battery) by extensions ['colcon_pkg']
[0.116s] Level 1:colcon.colcon_core.package_identification:_identify(src/model/battery) by extension 'colcon_pkg'
[0.116s] Level 1:colcon.colcon_core.package_identification:_identify(src/model/battery) by extensions ['colcon_meta']
[0.116s] Level 1:colcon.colcon_core.package_identification:_identify(src/model/battery) by extension 'colcon_meta'
[0.116s] Level 1:colcon.colcon_core.package_identification:_identify(src/model/battery) by extensions ['ros']
[0.116s] Level 1:colcon.colcon_core.package_identification:_identify(src/model/battery) by extension 'ros'
[0.116s] Level 1:colcon.colcon_core.package_identification:_identify(src/model/battery) by extensions ['cmake', 'python']
[0.116s] Level 1:colcon.colcon_core.package_identification:_identify(src/model/battery) by extension 'cmake'
[0.116s] Level 1:colcon.colcon_core.package_identification:_identify(src/model/battery) by extension 'python'
[0.116s] Level 1:colcon.colcon_core.package_identification:_identify(src/model/battery) by extensions ['python_setup_py']
[0.116s] Level 1:colcon.colcon_core.package_identification:_identify(src/model/battery) by extension 'python_setup_py'
[0.116s] Level 1:colcon.colcon_core.package_identification:_identify(src/model/battery/mesh) by extensions ['ignore', 'ignore_ament_install']
[0.116s] Level 1:colcon.colcon_core.package_identification:_identify(src/model/battery/mesh) by extension 'ignore'
[0.116s] Level 1:colcon.colcon_core.package_identification:_identify(src/model/battery/mesh) by extension 'ignore_ament_install'
[0.116s] Level 1:colcon.colcon_core.package_identification:_identify(src/model/battery/mesh) by extensions ['colcon_pkg']
[0.116s] Level 1:colcon.colcon_core.package_identification:_identify(src/model/battery/mesh) by extension 'colcon_pkg'
[0.116s] Level 1:colcon.colcon_core.package_identification:_identify(src/model/battery/mesh) by extensions ['colcon_meta']
[0.116s] Level 1:colcon.colcon_core.package_identification:_identify(src/model/battery/mesh) by extension 'colcon_meta'
[0.116s] Level 1:colcon.colcon_core.package_identification:_identify(src/model/battery/mesh) by extensions ['ros']
[0.116s] Level 1:colcon.colcon_core.package_identification:_identify(src/model/battery/mesh) by extension 'ros'
[0.116s] Level 1:colcon.colcon_core.package_identification:_identify(src/model/battery/mesh) by extensions ['cmake', 'python']
[0.116s] Level 1:colcon.colcon_core.package_identification:_identify(src/model/battery/mesh) by extension 'cmake'
[0.116s] Level 1:colcon.colcon_core.package_identification:_identify(src/model/battery/mesh) by extension 'python'
[0.116s] Level 1:colcon.colcon_core.package_identification:_identify(src/model/battery/mesh) by extensions ['python_setup_py']
[0.116s] Level 1:colcon.colcon_core.package_identification:_identify(src/model/battery/mesh) by extension 'python_setup_py'
[0.116s] Level 1:colcon.colcon_core.package_identification:_identify(src/model/blue_projectile) by extensions ['ignore', 'ignore_ament_install']
[0.116s] Level 1:colcon.colcon_core.package_identification:_identify(src/model/blue_projectile) by extension 'ignore'
[0.116s] Level 1:colcon.colcon_core.package_identification:_identify(src/model/blue_projectile) by extension 'ignore_ament_install'
[0.116s] Level 1:colcon.colcon_core.package_identification:_identify(src/model/blue_projectile) by extensions ['colcon_pkg']
[0.116s] Level 1:colcon.colcon_core.package_identification:_identify(src/model/blue_projectile) by extension 'colcon_pkg'
[0.116s] Level 1:colcon.colcon_core.package_identification:_identify(src/model/blue_projectile) by extensions ['colcon_meta']
[0.116s] Level 1:colcon.colcon_core.package_identification:_identify(src/model/blue_projectile) by extension 'colcon_meta'
[0.117s] Level 1:colcon.colcon_core.package_identification:_identify(src/model/blue_projectile) by extensions ['ros']
[0.117s] Level 1:colcon.colcon_core.package_identification:_identify(src/model/blue_projectile) by extension 'ros'
[0.117s] Level 1:colcon.colcon_core.package_identification:_identify(src/model/blue_projectile) by extensions ['cmake', 'python']
[0.117s] Level 1:colcon.colcon_core.package_identification:_identify(src/model/blue_projectile) by extension 'cmake'
[0.117s] Level 1:colcon.colcon_core.package_identification:_identify(src/model/blue_projectile) by extension 'python'
[0.117s] Level 1:colcon.colcon_core.package_identification:_identify(src/model/blue_projectile) by extensions ['python_setup_py']
[0.117s] Level 1:colcon.colcon_core.package_identification:_identify(src/model/blue_projectile) by extension 'python_setup_py'
[0.117s] Level 1:colcon.colcon_core.package_identification:_identify(src/model/boat) by extensions ['ignore', 'ignore_ament_install']
[0.117s] Level 1:colcon.colcon_core.package_identification:_identify(src/model/boat) by extension 'ignore'
[0.117s] Level 1:colcon.colcon_core.package_identification:_identify(src/model/boat) by extension 'ignore_ament_install'
[0.117s] Level 1:colcon.colcon_core.package_identification:_identify(src/model/boat) by extensions ['colcon_pkg']
[0.117s] Level 1:colcon.colcon_core.package_identification:_identify(src/model/boat) by extension 'colcon_pkg'
[0.117s] Level 1:colcon.colcon_core.package_identification:_identify(src/model/boat) by extensions ['colcon_meta']
[0.117s] Level 1:colcon.colcon_core.package_identification:_identify(src/model/boat) by extension 'colcon_meta'
[0.117s] Level 1:colcon.colcon_core.package_identification:_identify(src/model/boat) by extensions ['ros']
[0.117s] Level 1:colcon.colcon_core.package_identification:_identify(src/model/boat) by extension 'ros'
[0.117s] Level 1:colcon.colcon_core.package_identification:_identify(src/model/boat) by extensions ['cmake', 'python']
[0.117s] Level 1:colcon.colcon_core.package_identification:_identify(src/model/boat) by extension 'cmake'
[0.117s] Level 1:colcon.colcon_core.package_identification:_identify(src/model/boat) by extension 'python'
[0.117s] Level 1:colcon.colcon_core.package_identification:_identify(src/model/boat) by extensions ['python_setup_py']
[0.117s] Level 1:colcon.colcon_core.package_identification:_identify(src/model/boat) by extension 'python_setup_py'
[0.117s] Level 1:colcon.colcon_core.package_identification:_identify(src/model/boat/materials) by extensions ['ignore', 'ignore_ament_install']
[0.117s] Level 1:colcon.colcon_core.package_identification:_identify(src/model/boat/materials) by extension 'ignore'
[0.117s] Level 1:colcon.colcon_core.package_identification:_identify(src/model/boat/materials) by extension 'ignore_ament_install'
[0.117s] Level 1:colcon.colcon_core.package_identification:_identify(src/model/boat/materials) by extensions ['colcon_pkg']
[0.117s] Level 1:colcon.colcon_core.package_identification:_identify(src/model/boat/materials) by extension 'colcon_pkg'
[0.117s] Level 1:colcon.colcon_core.package_identification:_identify(src/model/boat/materials) by extensions ['colcon_meta']
[0.117s] Level 1:colcon.colcon_core.package_identification:_identify(src/model/boat/materials) by extension 'colcon_meta'
[0.117s] Level 1:colcon.colcon_core.package_identification:_identify(src/model/boat/materials) by extensions ['ros']
[0.117s] Level 1:colcon.colcon_core.package_identification:_identify(src/model/boat/materials) by extension 'ros'
[0.117s] Level 1:colcon.colcon_core.package_identification:_identify(src/model/boat/materials) by extensions ['cmake', 'python']
[0.117s] Level 1:colcon.colcon_core.package_identification:_identify(src/model/boat/materials) by extension 'cmake'
[0.117s] Level 1:colcon.colcon_core.package_identification:_identify(src/model/boat/materials) by extension 'python'
[0.117s] Level 1:colcon.colcon_core.package_identification:_identify(src/model/boat/materials) by extensions ['python_setup_py']
[0.117s] Level 1:colcon.colcon_core.package_identification:_identify(src/model/boat/materials) by extension 'python_setup_py'
[0.117s] Level 1:colcon.colcon_core.package_identification:_identify(src/model/boat/materials/textures) by extensions ['ignore', 'ignore_ament_install']
[0.118s] Level 1:colcon.colcon_core.package_identification:_identify(src/model/boat/materials/textures) by extension 'ignore'
[0.118s] Level 1:colcon.colcon_core.package_identification:_identify(src/model/boat/materials/textures) by extension 'ignore_ament_install'
[0.118s] Level 1:colcon.colcon_core.package_identification:_identify(src/model/boat/materials/textures) by extensions ['colcon_pkg']
[0.118s] Level 1:colcon.colcon_core.package_identification:_identify(src/model/boat/materials/textures) by extension 'colcon_pkg'
[0.118s] Level 1:colcon.colcon_core.package_identification:_identify(src/model/boat/materials/textures) by extensions ['colcon_meta']
[0.118s] Level 1:colcon.colcon_core.package_identification:_identify(src/model/boat/materials/textures) by extension 'colcon_meta'
[0.118s] Level 1:colcon.colcon_core.package_identification:_identify(src/model/boat/materials/textures) by extensions ['ros']
[0.118s] Level 1:colcon.colcon_core.package_identification:_identify(src/model/boat/materials/textures) by extension 'ros'
[0.118s] Level 1:colcon.colcon_core.package_identification:_identify(src/model/boat/materials/textures) by extensions ['cmake', 'python']
[0.118s] Level 1:colcon.colcon_core.package_identification:_identify(src/model/boat/materials/textures) by extension 'cmake'
[0.118s] Level 1:colcon.colcon_core.package_identification:_identify(src/model/boat/materials/textures) by extension 'python'
[0.118s] Level 1:colcon.colcon_core.package_identification:_identify(src/model/boat/materials/textures) by extensions ['python_setup_py']
[0.118s] Level 1:colcon.colcon_core.package_identification:_identify(src/model/boat/materials/textures) by extension 'python_setup_py'
[0.118s] Level 1:colcon.colcon_core.package_identification:_identify(src/model/boat/meshes) by extensions ['ignore', 'ignore_ament_install']
[0.118s] Level 1:colcon.colcon_core.package_identification:_identify(src/model/boat/meshes) by extension 'ignore'
[0.118s] Level 1:colcon.colcon_core.package_identification:_identify(src/model/boat/meshes) by extension 'ignore_ament_install'
[0.118s] Level 1:colcon.colcon_core.package_identification:_identify(src/model/boat/meshes) by extensions ['colcon_pkg']
[0.118s] Level 1:colcon.colcon_core.package_identification:_identify(src/model/boat/meshes) by extension 'colcon_pkg'
[0.118s] Level 1:colcon.colcon_core.package_identification:_identify(src/model/boat/meshes) by extensions ['colcon_meta']
[0.118s] Level 1:colcon.colcon_core.package_identification:_identify(src/model/boat/meshes) by extension 'colcon_meta'
[0.118s] Level 1:colcon.colcon_core.package_identification:_identify(src/model/boat/meshes) by extensions ['ros']
[0.118s] Level 1:colcon.colcon_core.package_identification:_identify(src/model/boat/meshes) by extension 'ros'
[0.118s] Level 1:colcon.colcon_core.package_identification:_identify(src/model/boat/meshes) by extensions ['cmake', 'python']
[0.118s] Level 1:colcon.colcon_core.package_identification:_identify(src/model/boat/meshes) by extension 'cmake'
[0.118s] Level 1:colcon.colcon_core.package_identification:_identify(src/model/boat/meshes) by extension 'python'
[0.118s] Level 1:colcon.colcon_core.package_identification:_identify(src/model/boat/meshes) by extensions ['python_setup_py']
[0.118s] Level 1:colcon.colcon_core.package_identification:_identify(src/model/boat/meshes) by extension 'python_setup_py'
[0.118s] Level 1:colcon.colcon_core.package_identification:_identify(src/model/boat/thumbnails) by extensions ['ignore', 'ignore_ament_install']
[0.118s] Level 1:colcon.colcon_core.package_identification:_identify(src/model/boat/thumbnails) by extension 'ignore'
[0.118s] Level 1:colcon.colcon_core.package_identification:_identify(src/model/boat/thumbnails) by extension 'ignore_ament_install'
[0.118s] Level 1:colcon.colcon_core.package_identification:_identify(src/model/boat/thumbnails) by extensions ['colcon_pkg']
[0.118s] Level 1:colcon.colcon_core.package_identification:_identify(src/model/boat/thumbnails) by extension 'colcon_pkg'
[0.118s] Level 1:colcon.colcon_core.package_identification:_identify(src/model/boat/thumbnails) by extensions ['colcon_meta']
[0.118s] Level 1:colcon.colcon_core.package_identification:_identify(src/model/boat/thumbnails) by extension 'colcon_meta'
[0.118s] Level 1:colcon.colcon_core.package_identification:_identify(src/model/boat/thumbnails) by extensions ['ros']
[0.118s] Level 1:colcon.colcon_core.package_identification:_identify(src/model/boat/thumbnails) by extension 'ros'
[0.119s] Level 1:colcon.colcon_core.package_identification:_identify(src/model/boat/thumbnails) by extensions ['cmake', 'python']
[0.119s] Level 1:colcon.colcon_core.package_identification:_identify(src/model/boat/thumbnails) by extension 'cmake'
[0.119s] Level 1:colcon.colcon_core.package_identification:_identify(src/model/boat/thumbnails) by extension 'python'
[0.119s] Level 1:colcon.colcon_core.package_identification:_identify(src/model/boat/thumbnails) by extensions ['python_setup_py']
[0.119s] Level 1:colcon.colcon_core.package_identification:_identify(src/model/boat/thumbnails) by extension 'python_setup_py'
[0.119s] Level 1:colcon.colcon_core.package_identification:_identify(src/model/boat/thumbnails/boat) by extensions ['ignore', 'ignore_ament_install']
[0.119s] Level 1:colcon.colcon_core.package_identification:_identify(src/model/boat/thumbnails/boat) by extension 'ignore'
[0.119s] Level 1:colcon.colcon_core.package_identification:_identify(src/model/boat/thumbnails/boat) by extension 'ignore_ament_install'
[0.119s] Level 1:colcon.colcon_core.package_identification:_identify(src/model/boat/thumbnails/boat) by extensions ['colcon_pkg']
[0.119s] Level 1:colcon.colcon_core.package_identification:_identify(src/model/boat/thumbnails/boat) by extension 'colcon_pkg'
[0.119s] Level 1:colcon.colcon_core.package_identification:_identify(src/model/boat/thumbnails/boat) by extensions ['colcon_meta']
[0.119s] Level 1:colcon.colcon_core.package_identification:_identify(src/model/boat/thumbnails/boat) by extension 'colcon_meta'
[0.119s] Level 1:colcon.colcon_core.package_identification:_identify(src/model/boat/thumbnails/boat) by extensions ['ros']
[0.119s] Level 1:colcon.colcon_core.package_identification:_identify(src/model/boat/thumbnails/boat) by extension 'ros'
[0.119s] Level 1:colcon.colcon_core.package_identification:_identify(src/model/boat/thumbnails/boat) by extensions ['cmake', 'python']
[0.119s] Level 1:colcon.colcon_core.package_identification:_identify(src/model/boat/thumbnails/boat) by extension 'cmake'
[0.119s] Level 1:colcon.colcon_core.package_identification:_identify(src/model/boat/thumbnails/boat) by extension 'python'
[0.119s] Level 1:colcon.colcon_core.package_identification:_identify(src/model/boat/thumbnails/boat) by extensions ['python_setup_py']
[0.119s] Level 1:colcon.colcon_core.package_identification:_identify(src/model/boat/thumbnails/boat) by extension 'python_setup_py'
[0.119s] Level 1:colcon.colcon_core.package_identification:_identify(src/model/boat/thumbnails/lidar) by extensions ['ignore', 'ignore_ament_install']
[0.119s] Level 1:colcon.colcon_core.package_identification:_identify(src/model/boat/thumbnails/lidar) by extension 'ignore'
[0.119s] Level 1:colcon.colcon_core.package_identification:_identify(src/model/boat/thumbnails/lidar) by extension 'ignore_ament_install'
[0.119s] Level 1:colcon.colcon_core.package_identification:_identify(src/model/boat/thumbnails/lidar) by extensions ['colcon_pkg']
[0.119s] Level 1:colcon.colcon_core.package_identification:_identify(src/model/boat/thumbnails/lidar) by extension 'colcon_pkg'
[0.119s] Level 1:colcon.colcon_core.package_identification:_identify(src/model/boat/thumbnails/lidar) by extensions ['colcon_meta']
[0.119s] Level 1:colcon.colcon_core.package_identification:_identify(src/model/boat/thumbnails/lidar) by extension 'colcon_meta'
[0.119s] Level 1:colcon.colcon_core.package_identification:_identify(src/model/boat/thumbnails/lidar) by extensions ['ros']
[0.119s] Level 1:colcon.colcon_core.package_identification:_identify(src/model/boat/thumbnails/lidar) by extension 'ros'
[0.119s] Level 1:colcon.colcon_core.package_identification:_identify(src/model/boat/thumbnails/lidar) by extensions ['cmake', 'python']
[0.119s] Level 1:colcon.colcon_core.package_identification:_identify(src/model/boat/thumbnails/lidar) by extension 'cmake'
[0.119s] Level 1:colcon.colcon_core.package_identification:_identify(src/model/boat/thumbnails/lidar) by extension 'python'
[0.119s] Level 1:colcon.colcon_core.package_identification:_identify(src/model/boat/thumbnails/lidar) by extensions ['python_setup_py']
[0.119s] Level 1:colcon.colcon_core.package_identification:_identify(src/model/boat/thumbnails/lidar) by extension 'python_setup_py'
[0.119s] Level 1:colcon.colcon_core.package_identification:_identify(src/model/cpu_cases) by extensions ['ignore', 'ignore_ament_install']
[0.120s] Level 1:colcon.colcon_core.package_identification:_identify(src/model/cpu_cases) by extension 'ignore'
[0.120s] Level 1:colcon.colcon_core.package_identification:_identify(src/model/cpu_cases) by extension 'ignore_ament_install'
[0.120s] Level 1:colcon.colcon_core.package_identification:_identify(src/model/cpu_cases) by extensions ['colcon_pkg']
[0.120s] Level 1:colcon.colcon_core.package_identification:_identify(src/model/cpu_cases) by extension 'colcon_pkg'
[0.120s] Level 1:colcon.colcon_core.package_identification:_identify(src/model/cpu_cases) by extensions ['colcon_meta']
[0.120s] Level 1:colcon.colcon_core.package_identification:_identify(src/model/cpu_cases) by extension 'colcon_meta'
[0.120s] Level 1:colcon.colcon_core.package_identification:_identify(src/model/cpu_cases) by extensions ['ros']
[0.120s] Level 1:colcon.colcon_core.package_identification:_identify(src/model/cpu_cases) by extension 'ros'
[0.120s] Level 1:colcon.colcon_core.package_identification:_identify(src/model/cpu_cases) by extensions ['cmake', 'python']
[0.120s] Level 1:colcon.colcon_core.package_identification:_identify(src/model/cpu_cases) by extension 'cmake'
[0.120s] Level 1:colcon.colcon_core.package_identification:_identify(src/model/cpu_cases) by extension 'python'
[0.120s] Level 1:colcon.colcon_core.package_identification:_identify(src/model/cpu_cases) by extensions ['python_setup_py']
[0.120s] Level 1:colcon.colcon_core.package_identification:_identify(src/model/cpu_cases) by extension 'python_setup_py'
[0.120s] Level 1:colcon.colcon_core.package_identification:_identify(src/model/cpu_cases/mesh) by extensions ['ignore', 'ignore_ament_install']
[0.120s] Level 1:colcon.colcon_core.package_identification:_identify(src/model/cpu_cases/mesh) by extension 'ignore'
[0.120s] Level 1:colcon.colcon_core.package_identification:_identify(src/model/cpu_cases/mesh) by extension 'ignore_ament_install'
[0.120s] Level 1:colcon.colcon_core.package_identification:_identify(src/model/cpu_cases/mesh) by extensions ['colcon_pkg']
[0.120s] Level 1:colcon.colcon_core.package_identification:_identify(src/model/cpu_cases/mesh) by extension 'colcon_pkg'
[0.120s] Level 1:colcon.colcon_core.package_identification:_identify(src/model/cpu_cases/mesh) by extensions ['colcon_meta']
[0.120s] Level 1:colcon.colcon_core.package_identification:_identify(src/model/cpu_cases/mesh) by extension 'colcon_meta'
[0.120s] Level 1:colcon.colcon_core.package_identification:_identify(src/model/cpu_cases/mesh) by extensions ['ros']
[0.120s] Level 1:colcon.colcon_core.package_identification:_identify(src/model/cpu_cases/mesh) by extension 'ros'
[0.120s] Level 1:colcon.colcon_core.package_identification:_identify(src/model/cpu_cases/mesh) by extensions ['cmake', 'python']
[0.120s] Level 1:colcon.colcon_core.package_identification:_identify(src/model/cpu_cases/mesh) by extension 'cmake'
[0.120s] Level 1:colcon.colcon_core.package_identification:_identify(src/model/cpu_cases/mesh) by extension 'python'
[0.120s] Level 1:colcon.colcon_core.package_identification:_identify(src/model/cpu_cases/mesh) by extensions ['python_setup_py']
[0.120s] Level 1:colcon.colcon_core.package_identification:_identify(src/model/cpu_cases/mesh) by extension 'python_setup_py'
[0.120s] Level 1:colcon.colcon_core.package_identification:_identify(src/model/mono_camera) by extensions ['ignore', 'ignore_ament_install']
[0.120s] Level 1:colcon.colcon_core.package_identification:_identify(src/model/mono_camera) by extension 'ignore'
[0.120s] Level 1:colcon.colcon_core.package_identification:_identify(src/model/mono_camera) by extension 'ignore_ament_install'
[0.120s] Level 1:colcon.colcon_core.package_identification:_identify(src/model/mono_camera) by extensions ['colcon_pkg']
[0.120s] Level 1:colcon.colcon_core.package_identification:_identify(src/model/mono_camera) by extension 'colcon_pkg'
[0.120s] Level 1:colcon.colcon_core.package_identification:_identify(src/model/mono_camera) by extensions ['colcon_meta']
[0.120s] Level 1:colcon.colcon_core.package_identification:_identify(src/model/mono_camera) by extension 'colcon_meta'
[0.120s] Level 1:colcon.colcon_core.package_identification:_identify(src/model/mono_camera) by extensions ['ros']
[0.120s] Level 1:colcon.colcon_core.package_identification:_identify(src/model/mono_camera) by extension 'ros'
[0.121s] Level 1:colcon.colcon_core.package_identification:_identify(src/model/mono_camera) by extensions ['cmake', 'python']
[0.121s] Level 1:colcon.colcon_core.package_identification:_identify(src/model/mono_camera) by extension 'cmake'
[0.121s] Level 1:colcon.colcon_core.package_identification:_identify(src/model/mono_camera) by extension 'python'
[0.121s] Level 1:colcon.colcon_core.package_identification:_identify(src/model/mono_camera) by extensions ['python_setup_py']
[0.121s] Level 1:colcon.colcon_core.package_identification:_identify(src/model/mono_camera) by extension 'python_setup_py'
[0.121s] Level 1:colcon.colcon_core.package_identification:_identify(src/model/mono_camera/mesh) by extensions ['ignore', 'ignore_ament_install']
[0.121s] Level 1:colcon.colcon_core.package_identification:_identify(src/model/mono_camera/mesh) by extension 'ignore'
[0.121s] Level 1:colcon.colcon_core.package_identification:_identify(src/model/mono_camera/mesh) by extension 'ignore_ament_install'
[0.121s] Level 1:colcon.colcon_core.package_identification:_identify(src/model/mono_camera/mesh) by extensions ['colcon_pkg']
[0.121s] Level 1:colcon.colcon_core.package_identification:_identify(src/model/mono_camera/mesh) by extension 'colcon_pkg'
[0.121s] Level 1:colcon.colcon_core.package_identification:_identify(src/model/mono_camera/mesh) by extensions ['colcon_meta']
[0.121s] Level 1:colcon.colcon_core.package_identification:_identify(src/model/mono_camera/mesh) by extension 'colcon_meta'
[0.121s] Level 1:colcon.colcon_core.package_identification:_identify(src/model/mono_camera/mesh) by extensions ['ros']
[0.121s] Level 1:colcon.colcon_core.package_identification:_identify(src/model/mono_camera/mesh) by extension 'ros'
[0.121s] Level 1:colcon.colcon_core.package_identification:_identify(src/model/mono_camera/mesh) by extensions ['cmake', 'python']
[0.121s] Level 1:colcon.colcon_core.package_identification:_identify(src/model/mono_camera/mesh) by extension 'cmake'
[0.121s] Level 1:colcon.colcon_core.package_identification:_identify(src/model/mono_camera/mesh) by extension 'python'
[0.121s] Level 1:colcon.colcon_core.package_identification:_identify(src/model/mono_camera/mesh) by extensions ['python_setup_py']
[0.121s] Level 1:colcon.colcon_core.package_identification:_identify(src/model/mono_camera/mesh) by extension 'python_setup_py'
[0.121s] Level 1:colcon.colcon_core.package_identification:_identify(src/model/sand_island) by extensions ['ignore', 'ignore_ament_install']
[0.121s] Level 1:colcon.colcon_core.package_identification:_identify(src/model/sand_island) by extension 'ignore'
[0.121s] Level 1:colcon.colcon_core.package_identification:_identify(src/model/sand_island) by extension 'ignore_ament_install'
[0.121s] Level 1:colcon.colcon_core.package_identification:_identify(src/model/sand_island) by extensions ['colcon_pkg']
[0.121s] Level 1:colcon.colcon_core.package_identification:_identify(src/model/sand_island) by extension 'colcon_pkg'
[0.121s] Level 1:colcon.colcon_core.package_identification:_identify(src/model/sand_island) by extensions ['colcon_meta']
[0.121s] Level 1:colcon.colcon_core.package_identification:_identify(src/model/sand_island) by extension 'colcon_meta'
[0.121s] Level 1:colcon.colcon_core.package_identification:_identify(src/model/sand_island) by extensions ['ros']
[0.121s] Level 1:colcon.colcon_core.package_identification:_identify(src/model/sand_island) by extension 'ros'
[0.121s] Level 1:colcon.colcon_core.package_identification:_identify(src/model/sand_island) by extensions ['cmake', 'python']
[0.121s] Level 1:colcon.colcon_core.package_identification:_identify(src/model/sand_island) by extension 'cmake'
[0.121s] Level 1:colcon.colcon_core.package_identification:_identify(src/model/sand_island) by extension 'python'
[0.121s] Level 1:colcon.colcon_core.package_identification:_identify(src/model/sand_island) by extensions ['python_setup_py']
[0.121s] Level 1:colcon.colcon_core.package_identification:_identify(src/model/sand_island) by extension 'python_setup_py'
[0.121s] Level 1:colcon.colcon_core.package_identification:_identify(src/model/sand_island/media) by extensions ['ignore', 'ignore_ament_install']
[0.121s] Level 1:colcon.colcon_core.package_identification:_identify(src/model/sand_island/media) by extension 'ignore'
[0.122s] Level 1:colcon.colcon_core.package_identification:_identify(src/model/sand_island/media) by extension 'ignore_ament_install'
[0.122s] Level 1:colcon.colcon_core.package_identification:_identify(src/model/sand_island/media) by extensions ['colcon_pkg']
[0.122s] Level 1:colcon.colcon_core.package_identification:_identify(src/model/sand_island/media) by extension 'colcon_pkg'
[0.122s] Level 1:colcon.colcon_core.package_identification:_identify(src/model/sand_island/media) by extensions ['colcon_meta']
[0.122s] Level 1:colcon.colcon_core.package_identification:_identify(src/model/sand_island/media) by extension 'colcon_meta'
[0.122s] Level 1:colcon.colcon_core.package_identification:_identify(src/model/sand_island/media) by extensions ['ros']
[0.122s] Level 1:colcon.colcon_core.package_identification:_identify(src/model/sand_island/media) by extension 'ros'
[0.122s] Level 1:colcon.colcon_core.package_identification:_identify(src/model/sand_island/media) by extensions ['cmake', 'python']
[0.122s] Level 1:colcon.colcon_core.package_identification:_identify(src/model/sand_island/media) by extension 'cmake'
[0.122s] Level 1:colcon.colcon_core.package_identification:_identify(src/model/sand_island/media) by extension 'python'
[0.122s] Level 1:colcon.colcon_core.package_identification:_identify(src/model/sand_island/media) by extensions ['python_setup_py']
[0.122s] Level 1:colcon.colcon_core.package_identification:_identify(src/model/sand_island/media) by extension 'python_setup_py'
[0.122s] Level 1:colcon.colcon_core.package_identification:_identify(src/model/sand_island/media/textures) by extensions ['ignore', 'ignore_ament_install']
[0.122s] Level 1:colcon.colcon_core.package_identification:_identify(src/model/sand_island/media/textures) by extension 'ignore'
[0.122s] Level 1:colcon.colcon_core.package_identification:_identify(src/model/sand_island/media/textures) by extension 'ignore_ament_install'
[0.122s] Level 1:colcon.colcon_core.package_identification:_identify(src/model/sand_island/media/textures) by extensions ['colcon_pkg']
[0.122s] Level 1:colcon.colcon_core.package_identification:_identify(src/model/sand_island/media/textures) by extension 'colcon_pkg'
[0.122s] Level 1:colcon.colcon_core.package_identification:_identify(src/model/sand_island/media/textures) by extensions ['colcon_meta']
[0.122s] Level 1:colcon.colcon_core.package_identification:_identify(src/model/sand_island/media/textures) by extension 'colcon_meta'
[0.122s] Level 1:colcon.colcon_core.package_identification:_identify(src/model/sand_island/media/textures) by extensions ['ros']
[0.122s] Level 1:colcon.colcon_core.package_identification:_identify(src/model/sand_island/media/textures) by extension 'ros'
[0.122s] Level 1:colcon.colcon_core.package_identification:_identify(src/model/sand_island/media/textures) by extensions ['cmake', 'python']
[0.122s] Level 1:colcon.colcon_core.package_identification:_identify(src/model/sand_island/media/textures) by extension 'cmake'
[0.122s] Level 1:colcon.colcon_core.package_identification:_identify(src/model/sand_island/media/textures) by extension 'python'
[0.122s] Level 1:colcon.colcon_core.package_identification:_identify(src/model/sand_island/media/textures) by extensions ['python_setup_py']
[0.122s] Level 1:colcon.colcon_core.package_identification:_identify(src/model/sand_island/media/textures) by extension 'python_setup_py'
[0.122s] Level 1:colcon.colcon_core.package_identification:_identify(src/model/sensor_post) by extensions ['ignore', 'ignore_ament_install']
[0.122s] Level 1:colcon.colcon_core.package_identification:_identify(src/model/sensor_post) by extension 'ignore'
[0.122s] Level 1:colcon.colcon_core.package_identification:_identify(src/model/sensor_post) by extension 'ignore_ament_install'
[0.122s] Level 1:colcon.colcon_core.package_identification:_identify(src/model/sensor_post) by extensions ['colcon_pkg']
[0.122s] Level 1:colcon.colcon_core.package_identification:_identify(src/model/sensor_post) by extension 'colcon_pkg'
[0.122s] Level 1:colcon.colcon_core.package_identification:_identify(src/model/sensor_post) by extensions ['colcon_meta']
[0.122s] Level 1:colcon.colcon_core.package_identification:_identify(src/model/sensor_post) by extension 'colcon_meta'
[0.122s] Level 1:colcon.colcon_core.package_identification:_identify(src/model/sensor_post) by extensions ['ros']
[0.122s] Level 1:colcon.colcon_core.package_identification:_identify(src/model/sensor_post) by extension 'ros'
[0.122s] Level 1:colcon.colcon_core.package_identification:_identify(src/model/sensor_post) by extensions ['cmake', 'python']
[0.122s] Level 1:colcon.colcon_core.package_identification:_identify(src/model/sensor_post) by extension 'cmake'
[0.123s] Level 1:colcon.colcon_core.package_identification:_identify(src/model/sensor_post) by extension 'python'
[0.123s] Level 1:colcon.colcon_core.package_identification:_identify(src/model/sensor_post) by extensions ['python_setup_py']
[0.123s] Level 1:colcon.colcon_core.package_identification:_identify(src/model/sensor_post) by extension 'python_setup_py'
[0.123s] Level 1:colcon.colcon_core.package_identification:_identify(src/model/sensor_post/mesh) by extensions ['ignore', 'ignore_ament_install']
[0.123s] Level 1:colcon.colcon_core.package_identification:_identify(src/model/sensor_post/mesh) by extension 'ignore'
[0.123s] Level 1:colcon.colcon_core.package_identification:_identify(src/model/sensor_post/mesh) by extension 'ignore_ament_install'
[0.123s] Level 1:colcon.colcon_core.package_identification:_identify(src/model/sensor_post/mesh) by extensions ['colcon_pkg']
[0.123s] Level 1:colcon.colcon_core.package_identification:_identify(src/model/sensor_post/mesh) by extension 'colcon_pkg'
[0.123s] Level 1:colcon.colcon_core.package_identification:_identify(src/model/sensor_post/mesh) by extensions ['colcon_meta']
[0.123s] Level 1:colcon.colcon_core.package_identification:_identify(src/model/sensor_post/mesh) by extension 'colcon_meta'
[0.123s] Level 1:colcon.colcon_core.package_identification:_identify(src/model/sensor_post/mesh) by extensions ['ros']
[0.123s] Level 1:colcon.colcon_core.package_identification:_identify(src/model/sensor_post/mesh) by extension 'ros'
[0.123s] Level 1:colcon.colcon_core.package_identification:_identify(src/model/sensor_post/mesh) by extensions ['cmake', 'python']
[0.123s] Level 1:colcon.colcon_core.package_identification:_identify(src/model/sensor_post/mesh) by extension 'cmake'
[0.123s] Level 1:colcon.colcon_core.package_identification:_identify(src/model/sensor_post/mesh) by extension 'python'
[0.123s] Level 1:colcon.colcon_core.package_identification:_identify(src/model/sensor_post/mesh) by extensions ['python_setup_py']
[0.123s] Level 1:colcon.colcon_core.package_identification:_identify(src/model/sensor_post/mesh) by extension 'python_setup_py'
[0.123s] Level 1:colcon.colcon_core.package_discovery:discover_packages(recursive) using defaults
[0.123s] Level 1:colcon.colcon_core.package_discovery:discover_packages(ignore) discover
[0.123s] Level 1:colcon.colcon_core.package_discovery:discover_packages(ignore) using defaults
[0.123s] Level 1:colcon.colcon_core.package_discovery:discover_packages(path) discover
[0.123s] Level 1:colcon.colcon_core.package_discovery:discover_packages(path) using defaults
[0.134s] Level 1:colcon.colcon_core.package_discovery:discover_packages(prefix_path) check parameters
[0.134s] Level 1:colcon.colcon_core.package_discovery:discover_packages(prefix_path) discover
[0.135s] DEBUG:colcon.colcon_installed_package_information.package_discovery:Found 1 installed packages in /home/luca002/ros_ws/install
[0.136s] DEBUG:colcon.colcon_installed_package_information.package_discovery:Found 396 installed packages in /opt/ros/jazzy
[0.138s] Level 1:colcon.colcon_core.package_discovery:discover_packages(prefix_path) using defaults
[0.169s] INFO:colcon.colcon_core.executor:Executing jobs using 'parallel' executor
[0.170s] DEBUG:colcon.colcon_parallel_executor.executor.parallel:run_until_complete
[0.170s] DEBUG:colcon.colcon_parallel_executor.executor.parallel:closing loop
[0.170s] DEBUG:colcon.colcon_parallel_executor.executor.parallel:loop closed
[0.170s] DEBUG:colcon.colcon_parallel_executor.executor.parallel:run_until_complete finished with '0'
[0.170s] DEBUG:colcon.colcon_core.event_reactor:joining thread
[0.173s] INFO:colcon.colcon_core.plugin_system:Skipping extension 'colcon_notification.desktop_notification.terminal_notifier': Not used on non-Darwin systems
[0.173s] INFO:colcon.colcon_core.plugin_system:Skipping extension 'colcon_notification.desktop_notification.win32': Not used on non-Windows systems
[0.173s] INFO:colcon.colcon_notification.desktop_notification:Sending desktop notification using 'notify2'
[0.186s] DEBUG:colcon.colcon_core.event_reactor:joined thread
[0.187s] INFO:colcon.colcon_core.plugin_system:Skipping extension 'colcon_core.shell.bat': Not used on non-Windows systems
[0.187s] INFO:colcon.colcon_core.shell:Creating prefix script '/home/luca002/proj_ws/install/local_setup.ps1'
[0.188s] INFO:colcon.colcon_core.shell:Creating prefix util module '/home/luca002/proj_ws/install/_local_setup_util_ps1.py'
[0.189s] INFO:colcon.colcon_core.shell:Creating prefix chain script '/home/luca002/proj_ws/install/setup.ps1'
[0.190s] INFO:colcon.colcon_core.shell:Creating prefix script '/home/luca002/proj_ws/install/local_setup.sh'
[0.190s] INFO:colcon.colcon_core.shell:Creating prefix util module '/home/luca002/proj_ws/install/_local_setup_util_sh.py'
[0.190s] INFO:colcon.colcon_core.shell:Creating prefix chain script '/home/luca002/proj_ws/install/setup.sh'
[0.191s] INFO:colcon.colcon_core.shell:Creating prefix script '/home/luca002/proj_ws/install/local_setup.bash'
[0.191s] INFO:colcon.colcon_core.shell:Creating prefix chain script '/home/luca002/proj_ws/install/setup.bash'
[0.192s] INFO:colcon.colcon_core.shell:Creating prefix script '/home/luca002/proj_ws/install/local_setup.zsh'
[0.196s] INFO:colcon.colcon_core.shell:Creating prefix chain script '/home/luca002/proj_ws/install/setup.zsh'
