[0.344s] Invoking command in '/home/luca002/proj_ws/build/wamv_gazebo': CMAKE_PREFIX_PATH=${CMAKE_PREFIX_PATH}:/opt/ros/jazzy DEBUGINFOD_URLS=https://debuginfod.ubuntu.com /usr/bin/cmake /home/luca002/proj_ws/src/wamv_gazebo -DAMENT_CMAKE_SYMLINK_INSTALL=1 -DCMAKE_INSTALL_PREFIX=/home/luca002/proj_ws/install/wamv_gazebo
[0.432s] -- The C compiler identification is GNU 13.3.0
[0.535s] -- The CXX compiler identification is GNU 13.3.0
[0.579s] -- Detecting C compiler ABI info
[0.768s] -- Detecting C compiler ABI info - done
[0.782s] -- Check for working C compiler: /usr/bin/cc - skipped
[0.782s] -- Detecting C compile features
[0.783s] -- Detecting C compile features - done
[0.801s] -- Detecting CXX compiler ABI info
[1.034s] -- Detecting CXX compiler ABI info - done
[1.059s] -- Check for working CXX compiler: /usr/bin/c++ - skipped
[1.059s] -- Detecting CXX compile features
[1.060s] -- Detecting CXX compile features - done
[1.066s] -- Found ament_cmake: 2.5.4 (/opt/ros/jazzy/share/ament_cmake/cmake)
[1.362s] -- Found Python3: /usr/bin/python3 (found version "3.12.3") found components: Interpreter 
[1.510s] -- Override CMake install command with custom implementation using symlinks instead of copying resources
[1.570s] -- Looking for gz-sim8 -- found version 8.9.0
[1.578s] -- Searching for dependencies of gz-sim8
[1.580s] -- Looking for sdformat14 -- found version 14.7.0
[1.580s] -- Searching for dependencies of sdformat14
[1.589s] -- Checking for module 'tinyxml2'
[1.615s] --   Found tinyxml2, version 10.0.0
[1.689s] -- Looking for gz-math7 -- found version 7.5.2
[1.689s] -- Searching for dependencies of gz-math7
[1.691s] -- Looking for gz-utils2 -- found version 2.2.1
[1.691s] -- Searching for dependencies of gz-utils2
[1.695s] -- Looking for gz-utils2 -- found version 2.2.1
[1.695s] -- Searching for dependencies of gz-utils2
[1.696s] -- Searching for <gz-utils2> component [cli]
[1.696s] -- Looking for gz-utils2-cli -- found version 2.2.1
[1.696s] -- Searching for dependencies of gz-utils2-cli
[1.702s] -- Looking for gz-plugin2 -- found version 2.0.4
[1.702s] -- Searching for dependencies of gz-plugin2
[1.703s] -- Looking for gz-utils2 -- found version 2.2.1
[1.703s] -- Searching for <gz-plugin2> component [loader]
[1.704s] -- Looking for gz-plugin2-loader -- found version 2.0.4
[1.705s] -- Searching for dependencies of gz-plugin2-loader
[1.706s] -- Searching for <gz-plugin2> component [register]
[1.710s] -- Looking for gz-plugin2-register -- found version 2.0.4
[1.710s] -- Searching for dependencies of gz-plugin2-register
[1.711s] -- Looking for gz-transport13 -- found version 13.4.1
[1.711s] -- Searching for dependencies of gz-transport13
[1.985s] -- Found Protobuf: /usr/lib/x86_64-linux-gnu/libprotobuf.so (found version "3.21.12") 
[2.006s] -- Config-file not installed for ZeroMQ -- checking for pkg-config
[2.015s] -- Checking for module 'libzmq >= 4'
[2.059s] --   Found libzmq, version 4.3.5
[2.197s] -- Found ZeroMQ: TRUE (Required is at least version "4") 
[2.208s] -- Checking for module 'uuid'
[2.242s] --   Found uuid, version 2.39.3
[2.319s] -- Found UUID: TRUE  
[2.320s] -- Looking for gz-utils2 -- found version 2.2.1
[2.325s] -- Looking for gz-msgs10 -- found version 10.3.2
[2.326s] -- Searching for dependencies of gz-msgs10
[2.359s] -- Looking for gz-utils2 -- found version 2.2.1
[2.359s] -- Looking for gz-math7 -- found version 7.5.2
[2.372s] -- Searching for <gz-transport13> component [log]
[2.374s] -- Looking for gz-transport13-log -- found version 13.4.1
[2.375s] -- Searching for dependencies of gz-transport13-log
[2.376s] -- Searching for <gz-transport13> component [parameters]
[2.377s] -- Looking for gz-transport13-parameters -- found version 13.4.1
[2.378s] -- Searching for dependencies of gz-transport13-parameters
[2.379s] -- Looking for gz-msgs10 -- found version 10.3.2
[2.382s] -- Looking for gz-common5 -- found version 5.7.1
[2.382s] -- Searching for dependencies of gz-common5
[2.383s] -- Looking for gz-utils2 -- found version 2.2.1
[2.384s] -- Looking for dlfcn.h - found
[2.388s] -- Looking for libdl - found
[2.390s] -- Found DL: TRUE  
[2.403s] -- Searching for <gz-common5> component [av]
[2.406s] -- Looking for gz-common5-av -- found version 5.7.1
[2.407s] -- Searching for dependencies of gz-common5-av
[2.415s] -- Checking for module 'libswscale'
[2.443s] --   Found libswscale, version 7.5.100
[2.510s] -- Found SWSCALE: TRUE  
[2.519s] -- Checking for module 'libavdevice >= 56.4.100'
[2.549s] --   Found libavdevice, version 60.3.100
[2.622s] -- Found AVDEVICE: TRUE (Required is at least version "56.4.100") 
[2.629s] -- Checking for module 'libavformat'
[2.655s] --   Found libavformat, version 60.16.100
[2.724s] -- Found AVFORMAT: TRUE  
[2.735s] -- Checking for module 'libavcodec'
[2.765s] --   Found libavcodec, version 60.31.102
[2.849s] -- Found AVCODEC: TRUE  
[2.859s] -- Checking for module 'libavutil'
[2.885s] --   Found libavutil, version 58.29.100
[2.948s] -- Found AVUTIL: TRUE  
[2.949s] -- Searching for <gz-common5> component [events]
[2.950s] -- Looking for gz-common5-events -- found version 5.7.1
[2.951s] -- Searching for dependencies of gz-common5-events
[2.951s] -- Looking for gz-math7 -- found version 7.5.2
[2.952s] -- Searching for <gz-common5> component [graphics]
[2.955s] -- Looking for gz-common5-graphics -- found version 5.7.1
[2.955s] -- Searching for dependencies of gz-common5-graphics
[2.956s] -- Looking for gz-math7 -- found version 7.5.2
[2.962s] -- Found GzAssimp: TRUE (found version "5.3.0") 
[2.962s] -- Searching for <gz-common5> component [io]
[2.965s] -- Looking for gz-common5-io -- found version 5.7.1
[2.965s] -- Searching for dependencies of gz-common5-io
[2.966s] -- Searching for <gz-common5> component [profiler]
[2.968s] -- Looking for gz-common5-profiler -- found version 5.7.1
[2.968s] -- Searching for dependencies of gz-common5-profiler
[2.970s] -- Looking for gz-fuel_tools9 -- found version 9.1.1
[2.971s] -- Searching for dependencies of gz-fuel_tools9
[3.104s] -- Found CURL: /usr/lib/x86_64-linux-gnu/libcurl.so (found version "8.5.0")  
[3.118s] -- Checking for module 'jsoncpp'
[3.139s] --   Found jsoncpp, version 1.9.5
[3.179s] -- Found JSONCPP: TRUE  
[3.197s] -- Checking for module 'yaml-0.1'
[3.223s] --   Found yaml-0.1, version 0.2.5
[3.293s] -- Found YAML: TRUE  
[3.305s] -- Checking for module 'libzip'
[3.329s] --   Found libzip, version 1.7.3
[3.376s] -- Found ZIP: TRUE  
[3.377s] -- Looking for gz-utils2 -- found version 2.2.1
[3.377s] -- Looking for gz-common5 -- found version 5.7.1
[3.378s] -- Searching for dependencies of gz-common5
[3.378s] -- Looking for gz-utils2 -- found version 2.2.1
[3.378s] -- Looking for dlfcn.h - found
[3.378s] -- Looking for libdl - found
[3.387s] -- Searching for <gz-common5> component [testing]
[3.388s] -- Looking for gz-common5-testing -- found version 5.7.1
[3.389s] -- Searching for dependencies of gz-common5-testing
[3.390s] -- Looking for gz-math7 -- found version 7.5.2
[3.391s] -- Looking for gz-msgs10 -- found version 10.3.2
[3.392s] -- Looking for gz-gui8 -- found version 8.4.0
[3.392s] -- Searching for dependencies of gz-gui8
[3.425s] -- Looking for gz-utils2 -- found version 2.2.1
[3.425s] -- Looking for gz-math7 -- found version 7.5.2
[3.425s] -- Looking for gz-common5 -- found version 5.7.1
[3.426s] -- Looking for gz-plugin2 -- found version 2.0.4
[3.426s] -- Looking for gz-transport13 -- found version 13.4.1
[3.427s] -- Looking for gz-rendering8 -- found version 8.2.2
[3.427s] -- Searching for dependencies of gz-rendering8
[3.428s] -- Looking for gz-math7 -- found version 7.5.2
[3.428s] -- Searching for dependencies of gz-math7
[3.428s] -- Looking for gz-utils2 -- found version 2.2.1
[3.429s] -- Searching for <gz-math7> component [eigen3]
[3.432s] -- Looking for gz-math7-eigen3 -- found version 7.5.2
[3.432s] -- Searching for dependencies of gz-math7-eigen3
[3.442s] -- Looking for gz-common5 -- found version 5.7.1
[3.442s] -- Searching for dependencies of gz-common5
[3.442s] -- Looking for gz-utils2 -- found version 2.2.1
[3.443s] -- Looking for dlfcn.h - found
[3.443s] -- Looking for libdl - found
[3.452s] -- Searching for <gz-common5> component [graphics]
[3.453s] -- Searching for <gz-common5> component [events]
[3.453s] -- Searching for <gz-common5> component [geospatial]
[3.454s] -- Looking for gz-common5-geospatial -- found version 5.7.1
[3.454s] -- Searching for dependencies of gz-common5-geospatial
[3.455s] -- Looking for gz-math7 -- found version 7.5.2
[3.455s] -- Looking for gz-common5 -- found version 5.7.1
[3.457s] -- Looking for gz-plugin2 -- found version 2.0.4
[3.457s] -- Searching for dependencies of gz-plugin2
[3.457s] -- Looking for gz-utils2 -- found version 2.2.1
[3.458s] -- Searching for <gz-plugin2> component [all]
[3.459s] -- Looking for all libraries of gz-plugin2 -- found version 2.0.4
[3.460s] -- Looking for gz-plugin2 -- found version 2.0.4
[3.460s] -- Looking for gz-utils2 -- found version 2.2.1
[3.475s] -- Found OpenGL: /usr/lib/x86_64-linux-gnu/libOpenGL.so  found components: OpenGL 
[3.477s] -- Looking for gz-msgs10 -- found version 10.3.2
[3.501s] -- Looking for gz-physics7 -- found version 7.5.0
[3.501s] -- Searching for dependencies of gz-physics7
[3.501s] -- Looking for gz-common5 -- found version 5.7.1
[3.501s] -- Looking for gz-math7 -- found version 7.5.2
[3.502s] -- Looking for gz-plugin2 -- found version 2.0.4
[3.502s] -- Looking for gz-utils2 -- found version 2.2.1
[3.503s] -- Searching for <gz-physics7> component [heightmap]
[3.505s] -- Looking for gz-physics7-heightmap -- found version 7.5.0
[3.505s] -- Searching for dependencies of gz-physics7-heightmap
[3.505s] -- Looking for gz-common5 -- found version 5.7.1
[3.506s] -- Searching for <gz-physics7> component [mesh]
[3.508s] -- Looking for gz-physics7-mesh -- found version 7.5.0
[3.508s] -- Searching for dependencies of gz-physics7-mesh
[3.508s] -- Looking for gz-common5 -- found version 5.7.1
[3.509s] -- Searching for <gz-physics7> component [sdf]
[3.510s] -- Looking for gz-physics7-sdf -- found version 7.5.0
[3.510s] -- Searching for dependencies of gz-physics7-sdf
[3.510s] -- Looking for sdformat14 -- found version 14.7.0
[3.512s] -- Looking for gz-sensors8 -- found version 8.2.2
[3.512s] -- Searching for dependencies of gz-sensors8
[3.540s] -- Looking for gz-math7 -- found version 7.5.2
[3.540s] -- Looking for gz-common5 -- found version 5.7.1
[3.540s] -- Looking for gz-transport13 -- found version 13.4.1
[3.540s] -- Looking for gz-rendering8 -- found version 8.2.2
[3.541s] -- Looking for gz-msgs10 -- found version 10.3.2
[3.541s] -- Looking for sdformat14 -- found version 14.7.0
[3.542s] -- Searching for <gz-sensors8> component [air_pressure]
[3.544s] -- Looking for gz-sensors8-air_pressure -- found version 8.2.2
[3.544s] -- Searching for dependencies of gz-sensors8-air_pressure
[3.545s] -- Searching for <gz-sensors8> component [air_speed]
[3.546s] -- Looking for gz-sensors8-air_speed -- found version 8.2.2
[3.546s] -- Searching for dependencies of gz-sensors8-air_speed
[3.547s] -- Searching for <gz-sensors8> component [altimeter]
[3.548s] -- Looking for gz-sensors8-altimeter -- found version 8.2.2
[3.548s] -- Searching for dependencies of gz-sensors8-altimeter
[3.549s] -- Searching for <gz-sensors8> component [imu]
[3.550s] -- Looking for gz-sensors8-imu -- found version 8.2.2
[3.550s] -- Searching for dependencies of gz-sensors8-imu
[3.551s] -- Searching for <gz-sensors8> component [force_torque]
[3.552s] -- Looking for gz-sensors8-force_torque -- found version 8.2.2
[3.552s] -- Searching for dependencies of gz-sensors8-force_torque
[3.553s] -- Searching for <gz-sensors8> component [logical_camera]
[3.554s] -- Looking for gz-sensors8-logical_camera -- found version 8.2.2
[3.554s] -- Searching for dependencies of gz-sensors8-logical_camera
[3.555s] -- Searching for <gz-sensors8> component [magnetometer]
[3.556s] -- Looking for gz-sensors8-magnetometer -- found version 8.2.2
[3.556s] -- Searching for dependencies of gz-sensors8-magnetometer
[3.556s] -- Searching for <gz-sensors8> component [navsat]
[3.557s] -- Looking for gz-sensors8-navsat -- found version 8.2.2
[3.557s] -- Searching for dependencies of gz-sensors8-navsat
[3.557s] -- Searching for <gz-sensors8> component [dvl]
[3.558s] -- Looking for gz-sensors8-dvl -- found version 8.2.2
[3.558s] -- Searching for dependencies of gz-sensors8-dvl
[3.559s] -- Looking for gz-sensors8 -- found version 8.2.2
[3.559s] -- Searching for dependencies of gz-sensors8
[3.584s] -- Looking for gz-math7 -- found version 7.5.2
[3.585s] -- Looking for gz-common5 -- found version 5.7.1
[3.585s] -- Looking for gz-transport13 -- found version 13.4.1
[3.585s] -- Looking for gz-rendering8 -- found version 8.2.2
[3.586s] -- Looking for gz-msgs10 -- found version 10.3.2
[3.586s] -- Looking for sdformat14 -- found version 14.7.0
[3.587s] -- Searching for <gz-sensors8> component [rendering]
[3.589s] -- Looking for gz-sensors8-rendering -- found version 8.2.2
[3.589s] -- Searching for dependencies of gz-sensors8-rendering
[3.592s] -- Searching for <gz-sensors8> component [rendering]
[3.592s] -- Searching for <gz-sensors8> component [lidar]
[3.593s] -- Looking for gz-sensors8-lidar -- found version 8.2.2
[3.594s] -- Searching for dependencies of gz-sensors8-lidar
[3.595s] -- Looking for gz-sensors8 -- found version 8.2.2
[3.596s] -- Searching for <gz-sensors8> component [gpu_lidar]
[3.597s] -- Looking for gz-sensors8-gpu_lidar -- found version 8.2.2
[3.597s] -- Searching for dependencies of gz-sensors8-gpu_lidar
[3.597s] -- Looking for gz-sensors8 -- found version 8.2.2
[3.598s] -- Searching for <gz-sensors8> component [camera]
[3.599s] -- Looking for gz-sensors8-camera -- found version 8.2.2
[3.599s] -- Searching for dependencies of gz-sensors8-camera
[3.599s] -- Looking for gz-sensors8 -- found version 8.2.2
[3.600s] -- Searching for <gz-sensors8> component [boundingbox_camera]
[3.601s] -- Looking for gz-sensors8-boundingbox_camera -- found version 8.2.2
[3.601s] -- Searching for dependencies of gz-sensors8-boundingbox_camera
[3.601s] -- Searching for <gz-sensors8> component [segmentation_camera]
[3.602s] -- Looking for gz-sensors8-segmentation_camera -- found version 8.2.2
[3.602s] -- Searching for dependencies of gz-sensors8-segmentation_camera
[3.603s] -- Searching for <gz-sensors8> component [depth_camera]
[3.604s] -- Looking for gz-sensors8-depth_camera -- found version 8.2.2
[3.604s] -- Searching for dependencies of gz-sensors8-depth_camera
[3.604s] -- Looking for gz-sensors8 -- found version 8.2.2
[3.605s] -- Searching for <gz-sensors8> component [rgbd_camera]
[3.606s] -- Looking for gz-sensors8-rgbd_camera -- found version 8.2.2
[3.607s] -- Searching for dependencies of gz-sensors8-rgbd_camera
[3.607s] -- Looking for gz-sensors8 -- found version 8.2.2
[3.609s] -- Searching for <gz-sensors8> component [thermal_camera]
[3.610s] -- Looking for gz-sensors8-thermal_camera -- found version 8.2.2
[3.610s] -- Searching for dependencies of gz-sensors8-thermal_camera
[3.611s] -- Looking for gz-sensors8 -- found version 8.2.2
[3.611s] -- Searching for <gz-sensors8> component [wide_angle_camera]
[3.613s] -- Looking for gz-sensors8-wide_angle_camera -- found version 8.2.2
[3.613s] -- Searching for dependencies of gz-sensors8-wide_angle_camera
[3.615s] -- Looking for gz-rendering8 -- found version 8.2.2
[3.615s] -- Looking for gz-math7 -- found version 7.5.2
[3.616s] -- Looking for gz-utils2 -- found version 2.2.1
[3.644s] -- Looking for gz-common5 -- found version 5.7.1
[3.645s] -- Looking for gz-fuel_tools9 -- found version 9.1.1
[3.645s] -- Looking for gz-math7 -- found version 7.5.2
[3.645s] -- Looking for gz-msgs10 -- found version 10.3.2
[3.646s] -- Looking for gz-transport13 -- found version 13.4.1
[3.647s] -- Looking for gz-plugin2 -- found version 2.0.4
[3.647s] -- Looking for gz-rendering8 -- found version 8.2.2
[3.647s] -- Looking for gz-sensors8 -- found version 8.2.2
[3.648s] -- Looking for gz-utils2 -- found version 2.2.1
[3.648s] -- Looking for sdformat14 -- found version 14.7.0
[3.652s] -- Found std_msgs: 5.3.6 (/opt/ros/jazzy/share/std_msgs/cmake)
[3.701s] -- Found rosidl_generator_c: 4.6.5 (/opt/ros/jazzy/share/rosidl_generator_c/cmake)
[3.722s] -- Found rosidl_generator_cpp: 4.6.5 (/opt/ros/jazzy/share/rosidl_generator_cpp/cmake)
[3.744s] -- Using all available rosidl_typesupport_c: rosidl_typesupport_fastrtps_c;rosidl_typesupport_introspection_c
[3.776s] -- Using all available rosidl_typesupport_cpp: rosidl_typesupport_fastrtps_cpp;rosidl_typesupport_introspection_cpp
[4.175s] -- Configuring done (3.8s)
[4.347s] -- Generating done (0.2s)
[4.372s] -- Build files have been written to: /home/luca002/proj_ws/build/wamv_gazebo
[4.401s] Invoked command in '/home/luca002/proj_ws/build/wamv_gazebo' returned '0': CMAKE_PREFIX_PATH=${CMAKE_PREFIX_PATH}:/opt/ros/jazzy DEBUGINFOD_URLS=https://debuginfod.ubuntu.com /usr/bin/cmake /home/luca002/proj_ws/src/wamv_gazebo -DAMENT_CMAKE_SYMLINK_INSTALL=1 -DCMAKE_INSTALL_PREFIX=/home/luca002/proj_ws/install/wamv_gazebo
[4.403s] Invoking command in '/home/luca002/proj_ws/build/wamv_gazebo': CMAKE_PREFIX_PATH=${CMAKE_PREFIX_PATH}:/opt/ros/jazzy DEBUGINFOD_URLS=https://debuginfod.ubuntu.com /usr/bin/cmake --build /home/luca002/proj_ws/build/wamv_gazebo -- -j16 -l16
[4.472s] [  4%] [32mBuilding CXX object CMakeFiles/ScoringPlugin.dir/src/ScoringPlugin.cc.o[0m
[4.472s] [  4%] [32mBuilding CXX object CMakeFiles/Waves.dir/src/Wavefield.cc.o[0m
[4.483s] [  4%] Built target ament_cmake_python_symlink_wamv_gazebo
[4.768s] running egg_info
[4.768s] creating wamv_gazebo.egg-info
[4.791s] writing wamv_gazebo.egg-info/PKG-INFO
[4.791s] writing dependency_links to wamv_gazebo.egg-info/dependency_links.txt
[4.791s] writing top-level names to wamv_gazebo.egg-info/top_level.txt
[4.791s] writing manifest file 'wamv_gazebo.egg-info/SOURCES.txt'
[4.858s] reading manifest file 'wamv_gazebo.egg-info/SOURCES.txt'
[4.859s] writing manifest file 'wamv_gazebo.egg-info/SOURCES.txt'
[4.913s] [  4%] Built target ament_cmake_python_build_wamv_gazebo_egg
[8.844s] [  6%] [32m[1mLinking CXX shared library libWaves.so[0m
[9.130s] [  6%] Built target Waves
[9.156s] [ 12%] [32mBuilding CXX object CMakeFiles/PolyhedraBuoyancyDrag.dir/src/PolyhedraBuoyancyDrag.cc.o[0m
[9.157s] [ 12%] [32mBuilding CXX object CMakeFiles/PolyhedraBuoyancyDrag.dir/src/PolyhedronVolume.cc.o[0m
[9.157s] [ 12%] [32mBuilding CXX object CMakeFiles/PolyhedraBuoyancyDrag.dir/src/ShapeVolume.cc.o[0m
[10.794s] [ 14%] [32m[1mLinking CXX shared library libScoringPlugin.so[0m
[11.215s] [ 14%] Built target ScoringPlugin
[11.245s] [ 27%] [32mBuilding CXX object CMakeFiles/WayfindingScoringPlugin.dir/src/WayfindingScoringPlugin.cc.o[0m
[11.246s] [ 29%] [32mBuilding CXX object CMakeFiles/AcousticTrackingScoringPlugin.dir/src/AcousticTrackingScoringPlugin.cc.o[0m
[11.249s] [ 33%] [32mBuilding CXX object CMakeFiles/AcousticPingerPlugin.dir/src/AcousticPingerPlugin.cc.o[0m
[11.249s] [ 33%] [32mBuilding CXX object CMakeFiles/BallShooterPlugin.dir/src/BallShooterPlugin.cc.o[0m
[11.249s] [ 33%] [32mBuilding CXX object CMakeFiles/AcousticPerceptionScoringPlugin.dir/src/AcousticPerceptionScoringPlugin.cc.o[0m
[11.249s] [ 22%] [32mBuilding CXX object CMakeFiles/PerceptionScoringPlugin.dir/src/PerceptionScoringPlugin.cc.o[0m
[11.250s] [ 33%] [32mBuilding CXX object CMakeFiles/LightBuoyPlugin.dir/src/LightBuoyPlugin.cc.o[0m
[11.250s] [ 35%] [32mBuilding CXX object CMakeFiles/GymkhanaScoringPlugin.dir/src/GymkhanaScoringPlugin.cc.o[0m
[11.250s] [ 37%] [32mBuilding CXX object CMakeFiles/PlacardPlugin.dir/src/PlacardPlugin.cc.o[0m
[11.250s] [ 39%] [32mBuilding CXX object CMakeFiles/SimpleHydrodynamics.dir/src/SimpleHydrodynamics.cc.o[0m
[11.251s] [ 33%] [32mBuilding CXX object CMakeFiles/StationkeepingScoringPlugin.dir/src/StationkeepingScoringPlugin.cc.o[0m
[11.251s] [ 33%] [32mBuilding CXX object CMakeFiles/ScanDockScoringPlugin.dir/src/ScanDockScoringPlugin.cc.o[0m
[11.251s] [ 43%] [32mBuilding CXX object CMakeFiles/PublisherPlugin.dir/src/PublisherPlugin.cc.o[0m
[11.251s] [ 43%] [32mBuilding CXX object CMakeFiles/NavigationScoringPlugin.dir/src/NavigationScoringPlugin.cc.o[0m
[11.256s] [ 45%] [32mBuilding CXX object CMakeFiles/Surface.dir/src/Surface.cc.o[0m
[19.541s] [ 47%] [32m[1mLinking CXX shared library libPublisherPlugin.so[0m
[19.824s] [ 50%] [32m[1mLinking CXX shared library libLightBuoyPlugin.so[0m
[20.517s] [ 50%] Built target PublisherPlugin
[20.565s] [ 52%] [32mBuilding CXX object CMakeFiles/WayfindingScoringPlugin.dir/src/WaypointMarkers.cc.o[0m
[20.753s] [ 52%] Built target LightBuoyPlugin
[20.843s] [ 54%] [32mBuilding CXX object CMakeFiles/USVWind.dir/src/USVWind.cc.o[0m
[20.851s] [ 56%] [32m[1mLinking CXX shared library libGymkhanaScoringPlugin.so[0m
[20.921s] [ 58%] [32m[1mLinking CXX shared library libSimpleHydrodynamics.so[0m
[21.179s] [ 60%] [32m[1mLinking CXX shared library libSurface.so[0m
[21.949s] [ 62%] [32m[1mLinking CXX shared library libPolyhedraBuoyancyDrag.so[0m
[21.968s] [ 62%] Built target GymkhanaScoringPlugin
[21.983s] [ 62%] Built target SimpleHydrodynamics
[22.026s] [ 64%] [32mBuilding CXX object CMakeFiles/AcousticTrackingScoringPlugin.dir/src/WaypointMarkers.cc.o[0m
[22.073s] [ 66%] [32mBuilding CXX object CMakeFiles/WaveVisual.dir/src/WaveVisual.cc.o[0m
[22.158s] [ 68%] [32m[1mLinking CXX shared library libPlacardPlugin.so[0m
[22.267s] [ 68%] Built target Surface
[22.340s] [ 70%] [32mBuilding CXX object CMakeFiles/WildlifeScoringPlugin.dir/src/WildlifeScoringPlugin.cc.o[0m
[22.848s] [ 70%] Built target PolyhedraBuoyancyDrag
[22.876s] [ 72%] [32mBuilding CXX object CMakeFiles/AcousticPerceptionScoringPlugin.dir/src/WaypointMarkers.cc.o[0m
[22.972s] [ 72%] Built target PlacardPlugin
[23.002s] [ 75%] [32mBuilding CXX object CMakeFiles/StationkeepingScoringPlugin.dir/src/WaypointMarkers.cc.o[0m
[23.667s] [ 77%] [32m[1mLinking CXX shared library libAcousticPingerPlugin.so[0m
[24.493s] [ 77%] Built target AcousticPingerPlugin
[25.350s] [ 79%] [32m[1mLinking CXX shared library libPerceptionScoringPlugin.so[0m
[25.868s] [ 81%] [32m[1mLinking CXX shared library libNavigationScoringPlugin.so[0m
[26.124s] [ 81%] Built target PerceptionScoringPlugin
[26.497s] [ 81%] Built target NavigationScoringPlugin
[27.181s] [ 83%] [32m[1mLinking CXX shared library libBallShooterPlugin.so[0m
[27.708s] [ 85%] [32m[1mLinking CXX shared library libScanDockScoringPlugin.so[0m
[27.910s] [ 85%] Built target BallShooterPlugin
[28.367s] [ 85%] Built target ScanDockScoringPlugin
[29.171s] [ 87%] [32m[1mLinking CXX shared library libAcousticTrackingScoringPlugin.so[0m
[29.187s] [ 89%] [32m[1mLinking CXX shared library libWayfindingScoringPlugin.so[0m
[29.918s] [ 89%] Built target AcousticTrackingScoringPlugin
[29.960s] [ 89%] Built target WayfindingScoringPlugin
[30.106s] [ 91%] [32m[1mLinking CXX shared library libStationkeepingScoringPlugin.so[0m
[30.314s] [ 93%] [32m[1mLinking CXX shared library libAcousticPerceptionScoringPlugin.so[0m
[30.717s] [ 93%] Built target StationkeepingScoringPlugin
[30.981s] [ 93%] Built target AcousticPerceptionScoringPlugin
[33.740s] [ 95%] [32m[1mLinking CXX shared library libUSVWind.so[0m
[34.173s] [ 95%] Built target USVWind
[34.324s] [ 97%] [32m[1mLinking CXX shared library libWildlifeScoringPlugin.so[0m
[34.342s] [100%] [32m[1mLinking CXX shared library libWaveVisual.so[0m
[34.806s] [100%] Built target WildlifeScoringPlugin
[34.817s] [100%] Built target WaveVisual
[34.836s] Invoked command in '/home/luca002/proj_ws/build/wamv_gazebo' returned '0': CMAKE_PREFIX_PATH=${CMAKE_PREFIX_PATH}:/opt/ros/jazzy DEBUGINFOD_URLS=https://debuginfod.ubuntu.com /usr/bin/cmake --build /home/luca002/proj_ws/build/wamv_gazebo -- -j16 -l16
[34.838s] Invoking command in '/home/luca002/proj_ws/build/wamv_gazebo': CMAKE_PREFIX_PATH=${CMAKE_PREFIX_PATH}:/opt/ros/jazzy DEBUGINFOD_URLS=https://debuginfod.ubuntu.com /usr/bin/cmake --install /home/luca002/proj_ws/build/wamv_gazebo
[34.848s] -- Install configuration: ""
[34.848s] -- Execute custom install script
[34.849s] -- Symlinking: /home/luca002/proj_ws/install/wamv_gazebo/share/wamv_gazebo/environment/resource_paths.dsv
[34.860s] -- Symlinking: /home/luca002/proj_ws/install/wamv_gazebo/share/wamv_gazebo/environment/resource_paths.sh
[34.871s] -- Symlinking: /home/luca002/proj_ws/install/wamv_gazebo/lib/libWaves.so
[34.882s] -- Symlinking: /home/luca002/proj_ws/install/wamv_gazebo/lib/libPolyhedraBuoyancyDrag.so
[34.893s] -- Symlinking: /home/luca002/proj_ws/install/wamv_gazebo/lib/libScoringPlugin.so
[34.904s] -- Symlinking: /home/luca002/proj_ws/install/wamv_gazebo/lib/libStationkeepingScoringPlugin.so
[34.914s] -- Symlinking: /home/luca002/proj_ws/install/wamv_gazebo/lib/libWayfindingScoringPlugin.so
[34.928s] -- Symlinking: /home/luca002/proj_ws/install/wamv_gazebo/lib/libAcousticPerceptionScoringPlugin.so
[34.939s] -- Symlinking: /home/luca002/proj_ws/install/wamv_gazebo/lib/libAcousticTrackingScoringPlugin.so
[34.950s] -- Symlinking: /home/luca002/proj_ws/install/wamv_gazebo/lib/libAcousticPingerPlugin.so
[34.963s] -- Symlinking: /home/luca002/proj_ws/install/wamv_gazebo/lib/libBallShooterPlugin.so
[34.974s] -- Symlinking: /home/luca002/proj_ws/install/wamv_gazebo/lib/libLightBuoyPlugin.so
[34.986s] -- Symlinking: /home/luca002/proj_ws/install/wamv_gazebo/lib/libNavigationScoringPlugin.so
[34.998s] -- Symlinking: /home/luca002/proj_ws/install/wamv_gazebo/lib/libGymkhanaScoringPlugin.so
[35.010s] -- Symlinking: /home/luca002/proj_ws/install/wamv_gazebo/lib/libPerceptionScoringPlugin.so
[35.021s] -- Symlinking: /home/luca002/proj_ws/install/wamv_gazebo/lib/libPlacardPlugin.so
[35.031s] -- Symlinking: /home/luca002/proj_ws/install/wamv_gazebo/lib/libPublisherPlugin.so
[35.041s] -- Symlinking: /home/luca002/proj_ws/install/wamv_gazebo/lib/libScanDockScoringPlugin.so
[35.054s] -- Symlinking: /home/luca002/proj_ws/install/wamv_gazebo/lib/libSimpleHydrodynamics.so
[35.065s] -- Symlinking: /home/luca002/proj_ws/install/wamv_gazebo/lib/libSurface.so
[35.076s] -- Symlinking: /home/luca002/proj_ws/install/wamv_gazebo/lib/libUSVWind.so
[35.087s] -- Symlinking: /home/luca002/proj_ws/install/wamv_gazebo/lib/libWaveVisual.so
[35.099s] -- Symlinking: /home/luca002/proj_ws/install/wamv_gazebo/lib/libWildlifeScoringPlugin.so
[35.111s] -- Symlinking: /home/luca002/proj_ws/install/wamv_gazebo/share/wamv_gazebo/environment/pythonpath.sh
[35.122s] -- Symlinking: /home/luca002/proj_ws/install/wamv_gazebo/share/wamv_gazebo/environment/pythonpath.dsv
[35.141s] -- Symlinking: /home/luca002/proj_ws/install/wamv_gazebo/lib/python3.12/site-packages/wamv_gazebo-0.0.0-py3.12.egg-info/PKG-INFO
[35.155s] -- Symlinking: /home/luca002/proj_ws/install/wamv_gazebo/lib/python3.12/site-packages/wamv_gazebo-0.0.0-py3.12.egg-info/SOURCES.txt
[35.168s] -- Symlinking: /home/luca002/proj_ws/install/wamv_gazebo/lib/python3.12/site-packages/wamv_gazebo-0.0.0-py3.12.egg-info/dependency_links.txt
[35.179s] -- Symlinking: /home/luca002/proj_ws/install/wamv_gazebo/lib/python3.12/site-packages/wamv_gazebo-0.0.0-py3.12.egg-info/top_level.txt
[35.191s] -- Symlinking: /home/luca002/proj_ws/install/wamv_gazebo/lib/python3.12/site-packages/wamv_gazebo/__init__.py
[35.202s] -- Symlinking: /home/luca002/proj_ws/install/wamv_gazebo/lib/python3.12/site-packages/wamv_gazebo/bridge.py
[35.213s] -- Symlinking: /home/luca002/proj_ws/install/wamv_gazebo/lib/python3.12/site-packages/wamv_gazebo/bridges.py
[35.224s] -- Symlinking: /home/luca002/proj_ws/install/wamv_gazebo/lib/python3.12/site-packages/wamv_gazebo/launch.py
[35.234s] -- Symlinking: /home/luca002/proj_ws/install/wamv_gazebo/lib/python3.12/site-packages/wamv_gazebo/model.py
[35.246s] -- Symlinking: /home/luca002/proj_ws/install/wamv_gazebo/lib/python3.12/site-packages/wamv_gazebo/monitor_sim.py
[35.258s] -- Symlinking: /home/luca002/proj_ws/install/wamv_gazebo/lib/python3.12/site-packages/wamv_gazebo/payload_bridges.py
[35.271s] -- Symlinking: /home/luca002/proj_ws/install/wamv_gazebo/share/wamv_gazebo/config/mapper_params.yaml
[35.282s] -- Symlinking: /home/luca002/proj_ws/install/wamv_gazebo/share/wamv_gazebo/config/mylaunch.py
[35.292s] -- Symlinking: /home/luca002/proj_ws/install/wamv_gazebo/share/wamv_gazebo/config/wamv.yaml
[35.304s] -- Symlinking: /home/luca002/proj_ws/install/wamv_gazebo/share/wamv_gazebo/config/wamv_config.yaml
[35.315s] -- Symlinking: /home/luca002/proj_ws/install/wamv_gazebo/share/wamv_gazebo/launch/__init__.py
[35.326s] -- Symlinking: /home/luca002/proj_ws/install/wamv_gazebo/share/wamv_gazebo/launch/__pycache__/bridge.cpython-312.pyc
[35.338s] -- Symlinking: /home/luca002/proj_ws/install/wamv_gazebo/share/wamv_gazebo/launch/bridge.py
[35.349s] -- Symlinking: /home/luca002/proj_ws/install/wamv_gazebo/share/wamv_gazebo/launch/competition.launch.py
[35.361s] -- Symlinking: /home/luca002/proj_ws/install/wamv_gazebo/share/wamv_gazebo/launch/compliance.py
[35.372s] -- Symlinking: /home/luca002/proj_ws/install/wamv_gazebo/share/wamv_gazebo/launch/configure_wamv.py
[35.383s] -- Symlinking: /home/luca002/proj_ws/install/wamv_gazebo/share/wamv_gazebo/launch/mylaunch.py
[35.394s] -- Symlinking: /home/luca002/proj_ws/install/wamv_gazebo/share/wamv_gazebo/launch/spawn.launch.py
[35.403s] -- Symlinking: /home/luca002/proj_ws/install/wamv_gazebo/share/wamv_gazebo/launch/spawn_config.launch.py
[35.415s] -- Symlinking: /home/luca002/proj_ws/install/wamv_gazebo/share/wamv_gazebo/launch/usv_joy_teleop.py
[35.427s] -- Symlinking: /home/luca002/proj_ws/install/wamv_gazebo/share/wamv_gazebo/launch/utils.py
[35.440s] -- Symlinking: /home/luca002/proj_ws/install/wamv_gazebo/share/wamv_gazebo/launch/vrx_environment.launch.py
[35.453s] -- Symlinking: /home/luca002/proj_ws/install/wamv_gazebo/share/wamv_gazebo/models/3d_lidar/mesh/3d_Lidar_Albedo.png
[35.463s] -- Symlinking: /home/luca002/proj_ws/install/wamv_gazebo/share/wamv_gazebo/models/3d_lidar/mesh/3d_Lidar_Metalness.png
[35.475s] -- Symlinking: /home/luca002/proj_ws/install/wamv_gazebo/share/wamv_gazebo/models/3d_lidar/mesh/3d_Lidar_Normal.png
[35.486s] -- Symlinking: /home/luca002/proj_ws/install/wamv_gazebo/share/wamv_gazebo/models/3d_lidar/mesh/3d_Lidar_Roughness.png
[35.497s] -- Symlinking: /home/luca002/proj_ws/install/wamv_gazebo/share/wamv_gazebo/models/3d_lidar/mesh/3d_lidar.dae
[35.510s] -- Symlinking: /home/luca002/proj_ws/install/wamv_gazebo/share/wamv_gazebo/models/3d_lidar/mesh/3d_lidar.png
[35.523s] -- Symlinking: /home/luca002/proj_ws/install/wamv_gazebo/share/wamv_gazebo/models/3d_lidar/model.config
[35.535s] -- Symlinking: /home/luca002/proj_ws/install/wamv_gazebo/share/wamv_gazebo/models/3d_lidar/model.sdf
[35.545s] -- Symlinking: /home/luca002/proj_ws/install/wamv_gazebo/share/wamv_gazebo/models/WAM-V-Base/mesh/WAM-V-Base.dae
[35.557s] -- Symlinking: /home/luca002/proj_ws/install/wamv_gazebo/share/wamv_gazebo/models/WAM-V-Base/mesh/WAM-V_Albedo.png
[35.573s] -- Symlinking: /home/luca002/proj_ws/install/wamv_gazebo/share/wamv_gazebo/models/WAM-V-Base/mesh/WAM-V_Metalness.png
[35.591s] -- Symlinking: /home/luca002/proj_ws/install/wamv_gazebo/share/wamv_gazebo/models/WAM-V-Base/mesh/WAM-V_Normal.png
[35.606s] -- Symlinking: /home/luca002/proj_ws/install/wamv_gazebo/share/wamv_gazebo/models/WAM-V-Base/mesh/WAM-V_Roughness.png
[35.625s] -- Symlinking: /home/luca002/proj_ws/install/wamv_gazebo/share/wamv_gazebo/models/WAM-V-Base/mesh/WamV.png
[35.637s] -- Symlinking: /home/luca002/proj_ws/install/wamv_gazebo/share/wamv_gazebo/models/WAM-V-Base/model.config
[35.648s] -- Symlinking: /home/luca002/proj_ws/install/wamv_gazebo/share/wamv_gazebo/models/articulated_platform/model.config
[35.660s] -- Symlinking: /home/luca002/proj_ws/install/wamv_gazebo/share/wamv_gazebo/models/articulated_platform/model.sdf
[35.671s] -- Symlinking: /home/luca002/proj_ws/install/wamv_gazebo/share/wamv_gazebo/models/ball_shooter/materials/Textures/Launcher_Albedo.png
[35.682s] -- Symlinking: /home/luca002/proj_ws/install/wamv_gazebo/share/wamv_gazebo/models/ball_shooter/materials/Textures/Launcher_Metalness.png
[35.696s] -- Symlinking: /home/luca002/proj_ws/install/wamv_gazebo/share/wamv_gazebo/models/ball_shooter/materials/Textures/Launcher_Normal.png
[35.708s] -- Symlinking: /home/luca002/proj_ws/install/wamv_gazebo/share/wamv_gazebo/models/ball_shooter/materials/Textures/Launcher_Roughness.png
[35.721s] -- Symlinking: /home/luca002/proj_ws/install/wamv_gazebo/share/wamv_gazebo/models/ball_shooter/meshes/Launcher_Albedo.png
[35.732s] -- Symlinking: /home/luca002/proj_ws/install/wamv_gazebo/share/wamv_gazebo/models/ball_shooter/meshes/Launcher_BaseColor.png
[35.743s] -- Symlinking: /home/luca002/proj_ws/install/wamv_gazebo/share/wamv_gazebo/models/ball_shooter/meshes/ball_shooter_base.dae
[35.754s] -- Symlinking: /home/luca002/proj_ws/install/wamv_gazebo/share/wamv_gazebo/models/ball_shooter/meshes/ball_shooter_launcher.dae
[35.767s] -- Symlinking: /home/luca002/proj_ws/install/wamv_gazebo/share/wamv_gazebo/models/ball_shooter/model.config
[35.778s] -- Symlinking: /home/luca002/proj_ws/install/wamv_gazebo/share/wamv_gazebo/models/ball_shooter/model.sdf
[35.790s] -- Symlinking: /home/luca002/proj_ws/install/wamv_gazebo/share/wamv_gazebo/models/battery/mesh/battery.dae
[35.803s] -- Symlinking: /home/luca002/proj_ws/install/wamv_gazebo/share/wamv_gazebo/models/battery/mesh/battery.png
[35.815s] -- Symlinking: /home/luca002/proj_ws/install/wamv_gazebo/share/wamv_gazebo/models/battery/mesh/battery_Albedo.png
[35.826s] -- Symlinking: /home/luca002/proj_ws/install/wamv_gazebo/share/wamv_gazebo/models/battery/mesh/battery_Metalness.png
[35.838s] -- Symlinking: /home/luca002/proj_ws/install/wamv_gazebo/share/wamv_gazebo/models/battery/mesh/battery_Normal.png
[35.848s] -- Symlinking: /home/luca002/proj_ws/install/wamv_gazebo/share/wamv_gazebo/models/battery/mesh/battery_Roughness.png
[35.861s] -- Symlinking: /home/luca002/proj_ws/install/wamv_gazebo/share/wamv_gazebo/models/battery/model.config
[35.872s] -- Symlinking: /home/luca002/proj_ws/install/wamv_gazebo/share/wamv_gazebo/models/battery/model.sdf
[35.882s] -- Symlinking: /home/luca002/proj_ws/install/wamv_gazebo/share/wamv_gazebo/models/blue_projectile/model.config
[35.893s] -- Symlinking: /home/luca002/proj_ws/install/wamv_gazebo/share/wamv_gazebo/models/blue_projectile/model.sdf
[35.905s] -- Symlinking: /home/luca002/proj_ws/install/wamv_gazebo/share/wamv_gazebo/models/boat/materials/textures/Boat_Albedo.png
[35.916s] -- Symlinking: /home/luca002/proj_ws/install/wamv_gazebo/share/wamv_gazebo/models/boat/materials/textures/Boat_Metalness.png
[35.928s] -- Symlinking: /home/luca002/proj_ws/install/wamv_gazebo/share/wamv_gazebo/models/boat/materials/textures/Boat_Normal.png
[35.939s] -- Symlinking: /home/luca002/proj_ws/install/wamv_gazebo/share/wamv_gazebo/models/boat/materials/textures/Boat_Roughness.png
[35.950s] -- Symlinking: /home/luca002/proj_ws/install/wamv_gazebo/share/wamv_gazebo/models/boat/materials/textures/lidar_3d_v1.png
[35.963s] -- Symlinking: /home/luca002/proj_ws/install/wamv_gazebo/share/wamv_gazebo/models/boat/meshes/rcboat.dae
[35.975s] -- Symlinking: /home/luca002/proj_ws/install/wamv_gazebo/share/wamv_gazebo/models/boat/model.config
[35.986s] -- Symlinking: /home/luca002/proj_ws/install/wamv_gazebo/share/wamv_gazebo/models/boat/model.sdf
[35.997s] -- Symlinking: /home/luca002/proj_ws/install/wamv_gazebo/share/wamv_gazebo/models/boat/oldmodel/mmodel.sdf
[36.009s] -- Symlinking: /home/luca002/proj_ws/install/wamv_gazebo/share/wamv_gazebo/models/boat/thumbnails/boat/1.png
[36.019s] -- Symlinking: /home/luca002/proj_ws/install/wamv_gazebo/share/wamv_gazebo/models/boat/thumbnails/boat/2.png
[36.030s] -- Symlinking: /home/luca002/proj_ws/install/wamv_gazebo/share/wamv_gazebo/models/boat/thumbnails/boat/3.png
[36.041s] -- Symlinking: /home/luca002/proj_ws/install/wamv_gazebo/share/wamv_gazebo/models/boat/thumbnails/boat/4.png
[36.053s] -- Symlinking: /home/luca002/proj_ws/install/wamv_gazebo/share/wamv_gazebo/models/boat/thumbnails/boat/5.png
[36.064s] -- Symlinking: /home/luca002/proj_ws/install/wamv_gazebo/share/wamv_gazebo/models/coast_waves/materials/programs/GerstnerWaves_fs_330.glsl
[36.075s] -- Symlinking: /home/luca002/proj_ws/install/wamv_gazebo/share/wamv_gazebo/models/coast_waves/materials/programs/GerstnerWaves_vs_330.glsl
[36.088s] -- Symlinking: /home/luca002/proj_ws/install/wamv_gazebo/share/wamv_gazebo/models/coast_waves/materials/textures/skybox_lowres.dds
[36.100s] -- Symlinking: /home/luca002/proj_ws/install/wamv_gazebo/share/wamv_gazebo/models/coast_waves/materials/textures/wave_normals.dds
[36.112s] -- Symlinking: /home/luca002/proj_ws/install/wamv_gazebo/share/wamv_gazebo/models/coast_waves/meshes/waterlow.dae
[36.124s] -- Symlinking: /home/luca002/proj_ws/install/wamv_gazebo/share/wamv_gazebo/models/coast_waves/model.config
[36.136s] -- Symlinking: /home/luca002/proj_ws/install/wamv_gazebo/share/wamv_gazebo/models/coast_waves/model.sdf
[36.148s] -- Symlinking: /home/luca002/proj_ws/install/wamv_gazebo/share/wamv_gazebo/models/cpu_cases/mesh/cpu_cases.dae
[36.160s] -- Symlinking: /home/luca002/proj_ws/install/wamv_gazebo/share/wamv_gazebo/models/cpu_cases/mesh/cpu_cases.png
[36.171s] -- Symlinking: /home/luca002/proj_ws/install/wamv_gazebo/share/wamv_gazebo/models/cpu_cases/mesh/cpu_cases_Albedo.png
[36.184s] -- Symlinking: /home/luca002/proj_ws/install/wamv_gazebo/share/wamv_gazebo/models/cpu_cases/mesh/cpu_cases_Metalness.png
[36.195s] -- Symlinking: /home/luca002/proj_ws/install/wamv_gazebo/share/wamv_gazebo/models/cpu_cases/mesh/cpu_cases_Normal.png
[36.205s] -- Symlinking: /home/luca002/proj_ws/install/wamv_gazebo/share/wamv_gazebo/models/cpu_cases/mesh/cpu_cases_Roughness.png
[36.216s] -- Symlinking: /home/luca002/proj_ws/install/wamv_gazebo/share/wamv_gazebo/models/cpu_cases/model.config
[36.227s] -- Symlinking: /home/luca002/proj_ws/install/wamv_gazebo/share/wamv_gazebo/models/cpu_cases/model.sdf
[36.236s] -- Symlinking: /home/luca002/proj_ws/install/wamv_gazebo/share/wamv_gazebo/models/dock_2022/model.config
[36.247s] -- Symlinking: /home/luca002/proj_ws/install/wamv_gazebo/share/wamv_gazebo/models/dock_2022/model.sdf
[36.259s] -- Symlinking: /home/luca002/proj_ws/install/wamv_gazebo/share/wamv_gazebo/models/dock_2022_base/model.config
[36.272s] -- Symlinking: /home/luca002/proj_ws/install/wamv_gazebo/share/wamv_gazebo/models/dock_2022_base/model.sdf
[36.283s] -- Symlinking: /home/luca002/proj_ws/install/wamv_gazebo/share/wamv_gazebo/models/dock_block_4x4/mesh/DockCubes_Albedo.png
[36.294s] -- Symlinking: /home/luca002/proj_ws/install/wamv_gazebo/share/wamv_gazebo/models/dock_block_4x4/mesh/DockCubes_Metalness.png
[36.305s] -- Symlinking: /home/luca002/proj_ws/install/wamv_gazebo/share/wamv_gazebo/models/dock_block_4x4/mesh/DockCubes_Normal.png
[36.317s] -- Symlinking: /home/luca002/proj_ws/install/wamv_gazebo/share/wamv_gazebo/models/dock_block_4x4/mesh/DockCubes_Roughness.png
[36.328s] -- Symlinking: /home/luca002/proj_ws/install/wamv_gazebo/share/wamv_gazebo/models/dock_block_4x4/mesh/dock_block_4x4.dae
[36.338s] -- Symlinking: /home/luca002/proj_ws/install/wamv_gazebo/share/wamv_gazebo/models/dock_block_4x4/model.config
[36.347s] -- Symlinking: /home/luca002/proj_ws/install/wamv_gazebo/share/wamv_gazebo/models/dock_block_4x4/model.sdf
[36.359s] -- Symlinking: /home/luca002/proj_ws/install/wamv_gazebo/share/wamv_gazebo/models/engine/mesh/engine.dae
[36.370s] -- Symlinking: /home/luca002/proj_ws/install/wamv_gazebo/share/wamv_gazebo/models/engine/model.config
[36.382s] -- Symlinking: /home/luca002/proj_ws/install/wamv_gazebo/share/wamv_gazebo/models/entrance_exit/model.config
[36.396s] -- Symlinking: /home/luca002/proj_ws/install/wamv_gazebo/share/wamv_gazebo/models/entrance_exit/model.sdf
[36.410s] -- Symlinking: /home/luca002/proj_ws/install/wamv_gazebo/share/wamv_gazebo/models/gps/mesh/gps.dae
[36.422s] -- Symlinking: /home/luca002/proj_ws/install/wamv_gazebo/share/wamv_gazebo/models/gps/mesh/gps.png
[36.433s] -- Symlinking: /home/luca002/proj_ws/install/wamv_gazebo/share/wamv_gazebo/models/gps/model.config
[36.444s] -- Symlinking: /home/luca002/proj_ws/install/wamv_gazebo/share/wamv_gazebo/models/lidar/materials/textures/lidar_3d_v1.png
[36.458s] -- Symlinking: /home/luca002/proj_ws/install/wamv_gazebo/share/wamv_gazebo/models/lidar/meshes/lidar_3d_v1.dae
[36.469s] -- Symlinking: /home/luca002/proj_ws/install/wamv_gazebo/share/wamv_gazebo/models/lidar/meshes/lidar_3d_v1.png
[36.480s] -- Symlinking: /home/luca002/proj_ws/install/wamv_gazebo/share/wamv_gazebo/models/lidar/model.config
[36.491s] -- Symlinking: /home/luca002/proj_ws/install/wamv_gazebo/share/wamv_gazebo/models/lidar/model.sdf
[36.503s] -- Symlinking: /home/luca002/proj_ws/install/wamv_gazebo/share/wamv_gazebo/models/lidar/thumbnails/1.png
[36.517s] -- Symlinking: /home/luca002/proj_ws/install/wamv_gazebo/share/wamv_gazebo/models/lidar/thumbnails/2.png
[36.531s] -- Symlinking: /home/luca002/proj_ws/install/wamv_gazebo/share/wamv_gazebo/models/lidar/thumbnails/3.png
[36.542s] -- Symlinking: /home/luca002/proj_ws/install/wamv_gazebo/share/wamv_gazebo/models/lidar/thumbnails/4.png
[36.552s] -- Symlinking: /home/luca002/proj_ws/install/wamv_gazebo/share/wamv_gazebo/models/lidar/thumbnails/5.png
[36.565s] -- Symlinking: /home/luca002/proj_ws/install/wamv_gazebo/share/wamv_gazebo/models/mono_camera/mesh/mono_camera.dae
[36.577s] -- Symlinking: /home/luca002/proj_ws/install/wamv_gazebo/share/wamv_gazebo/models/mono_camera/mesh/mono_camera.png
[36.589s] -- Symlinking: /home/luca002/proj_ws/install/wamv_gazebo/share/wamv_gazebo/models/mono_camera/mesh/mono_camera_Albedo.png
[36.601s] -- Symlinking: /home/luca002/proj_ws/install/wamv_gazebo/share/wamv_gazebo/models/mono_camera/mesh/mono_camera_Metalness.png
[36.612s] -- Symlinking: /home/luca002/proj_ws/install/wamv_gazebo/share/wamv_gazebo/models/mono_camera/mesh/mono_camera_Normal.png
[36.624s] -- Symlinking: /home/luca002/proj_ws/install/wamv_gazebo/share/wamv_gazebo/models/mono_camera/mesh/mono_camera_Roughness.png
[36.635s] -- Symlinking: /home/luca002/proj_ws/install/wamv_gazebo/share/wamv_gazebo/models/mono_camera/model.config
[36.644s] -- Symlinking: /home/luca002/proj_ws/install/wamv_gazebo/share/wamv_gazebo/models/mono_camera/model.sdf
[36.655s] -- Symlinking: /home/luca002/proj_ws/install/wamv_gazebo/share/wamv_gazebo/models/placard_2022/materials/textures/Placard.png
[36.668s] -- Symlinking: /home/luca002/proj_ws/install/wamv_gazebo/share/wamv_gazebo/models/placard_2022/meshes/placard_2022.dae
[36.681s] -- Symlinking: /home/luca002/proj_ws/install/wamv_gazebo/share/wamv_gazebo/models/placard_2022/model.config
[36.693s] -- Symlinking: /home/luca002/proj_ws/install/wamv_gazebo/share/wamv_gazebo/models/placard_2022/model.sdf
[36.704s] -- Symlinking: /home/luca002/proj_ws/install/wamv_gazebo/share/wamv_gazebo/models/platform/model.config
[36.716s] -- Symlinking: /home/luca002/proj_ws/install/wamv_gazebo/share/wamv_gazebo/models/platform/model.sdf
[36.728s] -- Symlinking: /home/luca002/proj_ws/install/wamv_gazebo/share/wamv_gazebo/models/propeller/mesh/propeller.dae
[36.741s] -- Symlinking: /home/luca002/proj_ws/install/wamv_gazebo/share/wamv_gazebo/models/propeller/model.config
[36.756s] -- Symlinking: /home/luca002/proj_ws/install/wamv_gazebo/share/wamv_gazebo/models/roboboat01/materials/scripts/model.material
[36.768s] -- Symlinking: /home/luca002/proj_ws/install/wamv_gazebo/share/wamv_gazebo/models/roboboat01/materials/textures/Boat01_Albedo.png
[36.779s] -- Symlinking: /home/luca002/proj_ws/install/wamv_gazebo/share/wamv_gazebo/models/roboboat01/materials/textures/Boat01_Metallic.png
[36.791s] -- Symlinking: /home/luca002/proj_ws/install/wamv_gazebo/share/wamv_gazebo/models/roboboat01/materials/textures/Boat01_Normal.png
[36.802s] -- Symlinking: /home/luca002/proj_ws/install/wamv_gazebo/share/wamv_gazebo/models/roboboat01/materials/textures/Boat01_Roughness.png
[36.813s] -- Symlinking: /home/luca002/proj_ws/install/wamv_gazebo/share/wamv_gazebo/models/roboboat01/materials/textures/Thruster_Albedo.png
[36.824s] -- Symlinking: /home/luca002/proj_ws/install/wamv_gazebo/share/wamv_gazebo/models/roboboat01/materials/textures/Thruster_Roughness.png
[36.835s] -- Symlinking: /home/luca002/proj_ws/install/wamv_gazebo/share/wamv_gazebo/models/roboboat01/meshes/housing.dae
[36.845s] -- Symlinking: /home/luca002/proj_ws/install/wamv_gazebo/share/wamv_gazebo/models/roboboat01/meshes/mount.dae
[36.856s] -- Symlinking: /home/luca002/proj_ws/install/wamv_gazebo/share/wamv_gazebo/models/roboboat01/meshes/prop.dae
[36.869s] -- Symlinking: /home/luca002/proj_ws/install/wamv_gazebo/share/wamv_gazebo/models/roboboat01/meshes/roboboat01.dae
[36.880s] -- Symlinking: /home/luca002/proj_ws/install/wamv_gazebo/share/wamv_gazebo/models/roboboat01/model.config
[36.892s] -- Symlinking: /home/luca002/proj_ws/install/wamv_gazebo/share/wamv_gazebo/models/roboboat01/model.sdf
[36.903s] -- Symlinking: /home/luca002/proj_ws/install/wamv_gazebo/share/wamv_gazebo/models/roboboat02/materials/scripts/model.material
[36.914s] -- Symlinking: /home/luca002/proj_ws/install/wamv_gazebo/share/wamv_gazebo/models/roboboat02/materials/textures/Boat02_Albedo.png
[36.924s] -- Symlinking: /home/luca002/proj_ws/install/wamv_gazebo/share/wamv_gazebo/models/roboboat02/materials/textures/Boat02_Metallic.png
[36.934s] -- Symlinking: /home/luca002/proj_ws/install/wamv_gazebo/share/wamv_gazebo/models/roboboat02/materials/textures/Boat02_Normal.png
[36.944s] -- Symlinking: /home/luca002/proj_ws/install/wamv_gazebo/share/wamv_gazebo/models/roboboat02/materials/textures/Boat02_Roughness.png
[36.953s] -- Symlinking: /home/luca002/proj_ws/install/wamv_gazebo/share/wamv_gazebo/models/roboboat02/meshes/roboboat02.dae
[36.965s] -- Symlinking: /home/luca002/proj_ws/install/wamv_gazebo/share/wamv_gazebo/models/roboboat02/model.config
[36.976s] -- Symlinking: /home/luca002/proj_ws/install/wamv_gazebo/share/wamv_gazebo/models/roboboat02/model.sdf
[36.990s] -- Symlinking: /home/luca002/proj_ws/install/wamv_gazebo/share/wamv_gazebo/models/roboboat_cpubox/materials/textures/DryBox_Albedo.png
[37.001s] -- Symlinking: /home/luca002/proj_ws/install/wamv_gazebo/share/wamv_gazebo/models/roboboat_cpubox/materials/textures/DryBox_Roughness.png
[37.013s] -- Symlinking: /home/luca002/proj_ws/install/wamv_gazebo/share/wamv_gazebo/models/roboboat_cpubox/meshes/drybox.dae
[37.024s] -- Symlinking: /home/luca002/proj_ws/install/wamv_gazebo/share/wamv_gazebo/models/roboboat_cpubox/model.config
[37.036s] -- Symlinking: /home/luca002/proj_ws/install/wamv_gazebo/share/wamv_gazebo/models/roboboat_cpubox/model.sdf
[37.045s] -- Symlinking: /home/luca002/proj_ws/install/wamv_gazebo/share/wamv_gazebo/models/robotx_light_buoy_bgr/model.config
[37.056s] -- Symlinking: /home/luca002/proj_ws/install/wamv_gazebo/share/wamv_gazebo/models/robotx_light_buoy_bgr/model.sdf
[37.068s] -- Symlinking: /home/luca002/proj_ws/install/wamv_gazebo/share/wamv_gazebo/models/robotx_light_buoy_bgy/model.config
[37.080s] -- Symlinking: /home/luca002/proj_ws/install/wamv_gazebo/share/wamv_gazebo/models/robotx_light_buoy_bgy/model.sdf
[37.092s] -- Symlinking: /home/luca002/proj_ws/install/wamv_gazebo/share/wamv_gazebo/models/robotx_light_buoy_gbr/model.config
[37.104s] -- Symlinking: /home/luca002/proj_ws/install/wamv_gazebo/share/wamv_gazebo/models/robotx_light_buoy_gbr/model.sdf
[37.116s] -- Symlinking: /home/luca002/proj_ws/install/wamv_gazebo/share/wamv_gazebo/models/robotx_light_buoy_rbg/model.config
[37.128s] -- Symlinking: /home/luca002/proj_ws/install/wamv_gazebo/share/wamv_gazebo/models/robotx_light_buoy_rbg/model.sdf
[37.141s] -- Symlinking: /home/luca002/proj_ws/install/wamv_gazebo/share/wamv_gazebo/models/robotx_light_buoy_rgb/mesh/LightTower_Albedo.png
[37.152s] -- Symlinking: /home/luca002/proj_ws/install/wamv_gazebo/share/wamv_gazebo/models/robotx_light_buoy_rgb/mesh/LightTower_Metalness.png
[37.163s] -- Symlinking: /home/luca002/proj_ws/install/wamv_gazebo/share/wamv_gazebo/models/robotx_light_buoy_rgb/mesh/LightTower_Normal.png
[37.176s] -- Symlinking: /home/luca002/proj_ws/install/wamv_gazebo/share/wamv_gazebo/models/robotx_light_buoy_rgb/mesh/LightTower_Opacity.png
[37.189s] -- Symlinking: /home/luca002/proj_ws/install/wamv_gazebo/share/wamv_gazebo/models/robotx_light_buoy_rgb/mesh/LightTower_Roughness.png
[37.201s] -- Symlinking: /home/luca002/proj_ws/install/wamv_gazebo/share/wamv_gazebo/models/robotx_light_buoy_rgb/mesh/robotx_light_buoy.dae
[37.213s] -- Symlinking: /home/luca002/proj_ws/install/wamv_gazebo/share/wamv_gazebo/models/robotx_light_buoy_rgb/model.config
[37.227s] -- Symlinking: /home/luca002/proj_ws/install/wamv_gazebo/share/wamv_gazebo/models/robotx_light_buoy_rgb/model.sdf
[37.238s] -- Symlinking: /home/luca002/proj_ws/install/wamv_gazebo/share/wamv_gazebo/models/robotx_light_buoy_rgy/model.config
[37.251s] -- Symlinking: /home/luca002/proj_ws/install/wamv_gazebo/share/wamv_gazebo/models/robotx_light_buoy_rgy/model.sdf
[37.262s] -- Symlinking: /home/luca002/proj_ws/install/wamv_gazebo/share/wamv_gazebo/models/robotx_light_buoy_ybr/model.config
[37.275s] -- Symlinking: /home/luca002/proj_ws/install/wamv_gazebo/share/wamv_gazebo/models/robotx_light_buoy_ybr/model.sdf
[37.286s] -- Symlinking: /home/luca002/proj_ws/install/wamv_gazebo/share/wamv_gazebo/models/robotx_light_buoy_ygb/model.config
[37.298s] -- Symlinking: /home/luca002/proj_ws/install/wamv_gazebo/share/wamv_gazebo/models/robotx_light_buoy_ygb/model.sdf
[37.310s] -- Symlinking: /home/luca002/proj_ws/install/wamv_gazebo/share/wamv_gazebo/models/robotx_light_buoy_yrg/model.config
[37.319s] -- Symlinking: /home/luca002/proj_ws/install/wamv_gazebo/share/wamv_gazebo/models/robotx_light_buoy_yrg/model.sdf
[37.331s] -- Symlinking: /home/luca002/proj_ws/install/wamv_gazebo/share/wamv_gazebo/models/sensor_post/mesh/sensor_post.dae
[37.343s] -- Symlinking: /home/luca002/proj_ws/install/wamv_gazebo/share/wamv_gazebo/models/sensor_post/mesh/sensor_post.png
[37.355s] -- Symlinking: /home/luca002/proj_ws/install/wamv_gazebo/share/wamv_gazebo/models/sensor_post/mesh/sensor_post_arm.dae
[37.367s] -- Symlinking: /home/luca002/proj_ws/install/wamv_gazebo/share/wamv_gazebo/models/sensor_post/model.config
[37.377s] -- Symlinking: /home/luca002/proj_ws/install/wamv_gazebo/share/wamv_gazebo/models/sensor_post/model.sdf
[37.388s] -- Symlinking: /home/luca002/proj_ws/install/wamv_gazebo/share/wamv_gazebo/models/symbol_triangle/mesh/triangle.dae
[37.399s] -- Symlinking: /home/luca002/proj_ws/install/wamv_gazebo/share/wamv_gazebo/models/symbol_triangle/model.config
[37.410s] -- Symlinking: /home/luca002/proj_ws/install/wamv_gazebo/share/wamv_gazebo/models/symbol_triangle/model.sdf
[37.421s] -- Symlinking: /home/luca002/proj_ws/install/wamv_gazebo/share/wamv_gazebo/models/tripod/model.config
[37.431s] -- Symlinking: /home/luca002/proj_ws/install/wamv_gazebo/share/wamv_gazebo/models/tripod/model.sdf
[37.442s] -- Symlinking: /home/luca002/proj_ws/install/wamv_gazebo/share/wamv_gazebo/models/vessel/materials/textures/Boat01_Albedo.jpg
[37.452s] -- Symlinking: /home/luca002/proj_ws/install/wamv_gazebo/share/wamv_gazebo/models/vessel/materials/textures/Boat01_Normal.jpg
[37.464s] -- Symlinking: /home/luca002/proj_ws/install/wamv_gazebo/share/wamv_gazebo/models/vessel/materials/textures/Boat01_Roughness.jpg
[37.475s] -- Symlinking: /home/luca002/proj_ws/install/wamv_gazebo/share/wamv_gazebo/models/vessel/meshes/Boat01.dae
[37.486s] -- Symlinking: /home/luca002/proj_ws/install/wamv_gazebo/share/wamv_gazebo/models/vessel/model.config
[37.496s] -- Symlinking: /home/luca002/proj_ws/install/wamv_gazebo/share/wamv_gazebo/models/vessel/model.sdf
[37.508s] -- Symlinking: /home/luca002/proj_ws/install/wamv_gazebo/share/wamv_gazebo/models/vessel/thumbnails/1.png
[37.518s] -- Symlinking: /home/luca002/proj_ws/install/wamv_gazebo/share/wamv_gazebo/models/wam-v/meshes/WAM-V-Base.dae
[37.528s] -- Symlinking: /home/luca002/proj_ws/install/wamv_gazebo/share/wamv_gazebo/models/wam-v/meshes/WamV.png
[37.537s] -- Symlinking: /home/luca002/proj_ws/install/wamv_gazebo/share/wamv_gazebo/models/wam-v/meshes/battery.dae
[37.547s] -- Symlinking: /home/luca002/proj_ws/install/wamv_gazebo/share/wamv_gazebo/models/wam-v/meshes/battery.png
[37.559s] -- Symlinking: /home/luca002/proj_ws/install/wamv_gazebo/share/wamv_gazebo/models/wam-v/meshes/battery_Albedo.png
[37.572s] -- Symlinking: /home/luca002/proj_ws/install/wamv_gazebo/share/wamv_gazebo/models/wam-v/meshes/battery_Metalness.png
[37.582s] -- Symlinking: /home/luca002/proj_ws/install/wamv_gazebo/share/wamv_gazebo/models/wam-v/meshes/battery_Normal.png
[37.594s] -- Symlinking: /home/luca002/proj_ws/install/wamv_gazebo/share/wamv_gazebo/models/wam-v/meshes/battery_Roughness.png
[37.604s] -- Symlinking: /home/luca002/proj_ws/install/wamv_gazebo/share/wamv_gazebo/models/wam-v/meshes/cpu_cases.dae
[37.614s] -- Symlinking: /home/luca002/proj_ws/install/wamv_gazebo/share/wamv_gazebo/models/wam-v/meshes/cpu_cases.png
[37.624s] -- Symlinking: /home/luca002/proj_ws/install/wamv_gazebo/share/wamv_gazebo/models/wam-v/meshes/cpu_cases_Albedo.png
[37.633s] -- Symlinking: /home/luca002/proj_ws/install/wamv_gazebo/share/wamv_gazebo/models/wam-v/meshes/cpu_cases_Metalness.png
[37.643s] -- Symlinking: /home/luca002/proj_ws/install/wamv_gazebo/share/wamv_gazebo/models/wam-v/meshes/cpu_cases_Normal.png
[37.652s] -- Symlinking: /home/luca002/proj_ws/install/wamv_gazebo/share/wamv_gazebo/models/wam-v/meshes/cpu_cases_Roughness.png
[37.664s] -- Symlinking: /home/luca002/proj_ws/install/wamv_gazebo/share/wamv_gazebo/models/wam-v/meshes/engine.dae
[37.675s] -- Symlinking: /home/luca002/proj_ws/install/wamv_gazebo/share/wamv_gazebo/models/wam-v/meshes/legs.dae
[37.686s] -- Symlinking: /home/luca002/proj_ws/install/wamv_gazebo/share/wamv_gazebo/models/wam-v/meshes/lidar_3d_v1 copy.png
[37.701s] -- Symlinking: /home/luca002/proj_ws/install/wamv_gazebo/share/wamv_gazebo/models/wam-v/meshes/lidar_3d_v1.dae
[37.713s] -- Symlinking: /home/luca002/proj_ws/install/wamv_gazebo/share/wamv_gazebo/models/wam-v/meshes/lidar_3d_v1.png
[37.725s] -- Symlinking: /home/luca002/proj_ws/install/wamv_gazebo/share/wamv_gazebo/models/wam-v/meshes/propeller.dae
[37.736s] -- Symlinking: /home/luca002/proj_ws/install/wamv_gazebo/share/wamv_gazebo/models/wam-v/meshes/ring.dae
[37.747s] -- Symlinking: /home/luca002/proj_ws/install/wamv_gazebo/share/wamv_gazebo/models/wam-v/model.config
[37.758s] -- Symlinking: /home/luca002/proj_ws/install/wamv_gazebo/share/wamv_gazebo/models/wam-v/model.sdf
[37.770s] -- Symlinking: /home/luca002/proj_ws/install/wamv_gazebo/share/wamv_gazebo/worlds/sydney.sdf
[37.781s] -- Symlinking: /home/luca002/proj_ws/install/wamv_gazebo/share/ament_index/resource_index/package_run_dependencies/wamv_gazebo
[37.792s] -- Symlinking: /home/luca002/proj_ws/install/wamv_gazebo/share/ament_index/resource_index/parent_prefix_path/wamv_gazebo
[37.803s] -- Symlinking: /home/luca002/proj_ws/install/wamv_gazebo/share/wamv_gazebo/environment/ament_prefix_path.sh
[37.813s] -- Symlinking: /home/luca002/proj_ws/install/wamv_gazebo/share/wamv_gazebo/environment/ament_prefix_path.dsv
[37.826s] -- Symlinking: /home/luca002/proj_ws/install/wamv_gazebo/share/wamv_gazebo/environment/path.sh
[37.837s] -- Symlinking: /home/luca002/proj_ws/install/wamv_gazebo/share/wamv_gazebo/environment/path.dsv
[37.847s] -- Symlinking: /home/luca002/proj_ws/install/wamv_gazebo/share/wamv_gazebo/local_setup.bash
[37.858s] -- Symlinking: /home/luca002/proj_ws/install/wamv_gazebo/share/wamv_gazebo/local_setup.sh
[37.870s] -- Symlinking: /home/luca002/proj_ws/install/wamv_gazebo/share/wamv_gazebo/local_setup.zsh
[37.882s] -- Symlinking: /home/luca002/proj_ws/install/wamv_gazebo/share/wamv_gazebo/local_setup.dsv
[37.893s] -- Symlinking: /home/luca002/proj_ws/install/wamv_gazebo/share/wamv_gazebo/package.dsv
[37.904s] -- Symlinking: /home/luca002/proj_ws/install/wamv_gazebo/share/ament_index/resource_index/packages/wamv_gazebo
[37.915s] -- Symlinking: /home/luca002/proj_ws/install/wamv_gazebo/share/wamv_gazebo/cmake/wamv_gazeboConfig.cmake
[37.924s] -- Symlinking: /home/luca002/proj_ws/install/wamv_gazebo/share/wamv_gazebo/cmake/wamv_gazeboConfig-version.cmake
[37.934s] -- Symlinking: /home/luca002/proj_ws/install/wamv_gazebo/share/wamv_gazebo/package.xml
[38.011s] Listing '/home/luca002/proj_ws/install/wamv_gazebo/lib/python3.12/site-packages/wamv_gazebo'...
[38.011s] Compiling '/home/luca002/proj_ws/install/wamv_gazebo/lib/python3.12/site-packages/wamv_gazebo/__init__.py'...
[38.011s] Compiling '/home/luca002/proj_ws/install/wamv_gazebo/lib/python3.12/site-packages/wamv_gazebo/bridge.py'...
[38.011s] Compiling '/home/luca002/proj_ws/install/wamv_gazebo/lib/python3.12/site-packages/wamv_gazebo/bridges.py'...
[38.011s] Compiling '/home/luca002/proj_ws/install/wamv_gazebo/lib/python3.12/site-packages/wamv_gazebo/launch.py'...
[38.011s] Compiling '/home/luca002/proj_ws/install/wamv_gazebo/lib/python3.12/site-packages/wamv_gazebo/model.py'...
[38.011s] Compiling '/home/luca002/proj_ws/install/wamv_gazebo/lib/python3.12/site-packages/wamv_gazebo/monitor_sim.py'...
[38.012s] Compiling '/home/luca002/proj_ws/install/wamv_gazebo/lib/python3.12/site-packages/wamv_gazebo/payload_bridges.py'...
[38.024s] Invoked command in '/home/luca002/proj_ws/build/wamv_gazebo' returned '0': CMAKE_PREFIX_PATH=${CMAKE_PREFIX_PATH}:/opt/ros/jazzy DEBUGINFOD_URLS=https://debuginfod.ubuntu.com /usr/bin/cmake --install /home/luca002/proj_ws/build/wamv_gazebo
