[0.014s] Invoking command in '/home/luca002/proj_ws/build/pose_to_tf': CMAKE_PREFIX_PATH=${CMAKE_PREFIX_PATH}:/opt/ros/jazzy DEBUGINFOD_URLS=https://debuginfod.ubuntu.com /usr/bin/cmake /home/luca002/proj_ws/src/pose_to_tf -DAMENT_CMAKE_SYMLINK_INSTALL=1 -DCMAKE_INSTALL_PREFIX=/home/luca002/proj_ws/install/pose_to_tf
[0.072s] -- The C compiler identification is GNU 13.3.0
[0.125s] -- The CXX compiler identification is GNU 13.3.0
[0.143s] -- Detecting C compiler ABI info
[0.234s] -- Detecting C compiler ABI info - done
[0.242s] -- Check for working C compiler: /usr/bin/cc - skipped
[0.242s] -- Detecting C compile features
[0.242s] -- Detecting C compile features - done
[0.250s] -- Detecting CXX compiler ABI info
[0.343s] -- Detecting CXX compiler ABI info - done
[0.351s] -- Check for working CXX compiler: /usr/bin/c++ - skipped
[0.351s] -- Detecting CXX compile features
[0.351s] -- Detecting CXX compile features - done
[0.355s] -- Found ament_cmake_auto: 2.5.4 (/opt/ros/jazzy/share/ament_cmake_auto/cmake)
[0.513s] -- Found Python3: /usr/bin/python3 (found version "3.12.3") found components: Interpreter 
[0.590s] -- Override CMake install command with custom implementation using symlinks instead of copying resources
[0.793s] -- Found rosidl_generator_c: 4.6.5 (/opt/ros/jazzy/share/rosidl_generator_c/cmake)
[0.810s] -- Found rosidl_generator_cpp: 4.6.5 (/opt/ros/jazzy/share/rosidl_generator_cpp/cmake)
[0.833s] -- Using all available rosidl_typesupport_c: rosidl_typesupport_fastrtps_c;rosidl_typesupport_introspection_c
[0.857s] -- Using all available rosidl_typesupport_cpp: rosidl_typesupport_fastrtps_cpp;rosidl_typesupport_introspection_cpp
[0.952s] -- Found rmw_implementation_cmake: 7.3.2 (/opt/ros/jazzy/share/rmw_implementation_cmake/cmake)
[0.956s] -- Found rmw_fastrtps_cpp: 8.4.2 (/opt/ros/jazzy/share/rmw_fastrtps_cpp/cmake)
[1.053s] -- Found OpenSSL: /usr/lib/x86_64-linux-gnu/libcrypto.so (found version "3.0.13")  
[1.077s] -- Found FastRTPS: /opt/ros/jazzy/include (Required is at least version "2.13") 
[1.103s] -- Using RMW implementation 'rmw_fastrtps_cpp' as default
[1.458s] -- Configuring done (1.4s)
[1.478s] -- Generating done (0.0s)
[1.484s] -- Build files have been written to: /home/luca002/proj_ws/build/pose_to_tf
[1.502s] Invoked command in '/home/luca002/proj_ws/build/pose_to_tf' returned '0': CMAKE_PREFIX_PATH=${CMAKE_PREFIX_PATH}:/opt/ros/jazzy DEBUGINFOD_URLS=https://debuginfod.ubuntu.com /usr/bin/cmake /home/luca002/proj_ws/src/pose_to_tf -DAMENT_CMAKE_SYMLINK_INSTALL=1 -DCMAKE_INSTALL_PREFIX=/home/luca002/proj_ws/install/pose_to_tf
[1.503s] Invoking command in '/home/luca002/proj_ws/build/pose_to_tf': CMAKE_PREFIX_PATH=${CMAKE_PREFIX_PATH}:/opt/ros/jazzy DEBUGINFOD_URLS=https://debuginfod.ubuntu.com /usr/bin/cmake --build /home/luca002/proj_ws/build/pose_to_tf -- -j16 -l16
[1.558s] [ 50%] [32mBuilding CXX object CMakeFiles/pose_with_covariance.dir/src/pose_with_covariance.cpp.o[0m
[1.558s] [ 50%] [32mBuilding CXX object CMakeFiles/pose_to_tf.dir/src/pose_to_tf.cpp.o[0m
[21.266s] [ 75%] [32m[1mLinking CXX executable pose_to_tf[0m
[21.275s] [100%] [32m[1mLinking CXX executable pose_with_covariance[0m
[23.047s] [100%] Built target pose_with_covariance
[23.047s] [100%] Built target pose_to_tf
[23.059s] Invoked command in '/home/luca002/proj_ws/build/pose_to_tf' returned '0': CMAKE_PREFIX_PATH=${CMAKE_PREFIX_PATH}:/opt/ros/jazzy DEBUGINFOD_URLS=https://debuginfod.ubuntu.com /usr/bin/cmake --build /home/luca002/proj_ws/build/pose_to_tf -- -j16 -l16
[23.060s] Invoking command in '/home/luca002/proj_ws/build/pose_to_tf': CMAKE_PREFIX_PATH=${CMAKE_PREFIX_PATH}:/opt/ros/jazzy DEBUGINFOD_URLS=https://debuginfod.ubuntu.com /usr/bin/cmake --install /home/luca002/proj_ws/build/pose_to_tf
[23.068s] -- Install configuration: ""
[23.068s] -- Execute custom install script
[23.068s] -- Symlinking: /home/luca002/proj_ws/install/pose_to_tf/share/pose_to_tf/params/ekf.yaml
[23.077s] -- Symlinking: /home/luca002/proj_ws/install/pose_to_tf/lib/pose_to_tf/pose_to_tf
[23.086s] -- Symlinking: /home/luca002/proj_ws/install/pose_to_tf/lib/pose_to_tf/pose_with_covariance
[23.096s] -- Symlinking: /home/luca002/proj_ws/install/pose_to_tf/share/ament_index/resource_index/package_run_dependencies/pose_to_tf
[23.107s] -- Symlinking: /home/luca002/proj_ws/install/pose_to_tf/share/ament_index/resource_index/parent_prefix_path/pose_to_tf
[23.119s] -- Symlinking: /home/luca002/proj_ws/install/pose_to_tf/share/pose_to_tf/environment/ament_prefix_path.sh
[23.129s] -- Symlinking: /home/luca002/proj_ws/install/pose_to_tf/share/pose_to_tf/environment/ament_prefix_path.dsv
[23.137s] -- Symlinking: /home/luca002/proj_ws/install/pose_to_tf/share/pose_to_tf/environment/path.sh
[23.146s] -- Symlinking: /home/luca002/proj_ws/install/pose_to_tf/share/pose_to_tf/environment/path.dsv
[23.155s] -- Symlinking: /home/luca002/proj_ws/install/pose_to_tf/share/pose_to_tf/local_setup.bash
[23.164s] -- Symlinking: /home/luca002/proj_ws/install/pose_to_tf/share/pose_to_tf/local_setup.sh
[23.172s] -- Symlinking: /home/luca002/proj_ws/install/pose_to_tf/share/pose_to_tf/local_setup.zsh
[23.181s] -- Symlinking: /home/luca002/proj_ws/install/pose_to_tf/share/pose_to_tf/local_setup.dsv
[23.191s] -- Symlinking: /home/luca002/proj_ws/install/pose_to_tf/share/pose_to_tf/package.dsv
[23.201s] -- Symlinking: /home/luca002/proj_ws/install/pose_to_tf/share/ament_index/resource_index/packages/pose_to_tf
[23.212s] -- Symlinking: /home/luca002/proj_ws/install/pose_to_tf/share/pose_to_tf/cmake/ament_cmake_export_dependencies-extras.cmake
[23.223s] -- Symlinking: /home/luca002/proj_ws/install/pose_to_tf/share/pose_to_tf/cmake/pose_to_tfConfig.cmake
[23.232s] -- Symlinking: /home/luca002/proj_ws/install/pose_to_tf/share/pose_to_tf/cmake/pose_to_tfConfig-version.cmake
[23.240s] -- Symlinking: /home/luca002/proj_ws/install/pose_to_tf/share/pose_to_tf/package.xml
[23.252s] Invoked command in '/home/luca002/proj_ws/build/pose_to_tf' returned '0': CMAKE_PREFIX_PATH=${CMAKE_PREFIX_PATH}:/opt/ros/jazzy DEBUGINFOD_URLS=https://debuginfod.ubuntu.com /usr/bin/cmake --install /home/luca002/proj_ws/build/pose_to_tf
