[0.163s] Invoking command in '/home/luca002/proj_ws/build/wamv_gazebo': CMAKE_PREFIX_PATH=${CMAKE_PREFIX_PATH}:/home/luca002/proj_ws/install/python_node:/opt/ros/jazzy DEBUGINFOD_URLS=https://debuginfod.ubuntu.com /usr/bin/cmake /home/luca002/proj_ws/src/wamv_gazebo -DAMENT_CMAKE_SYMLINK_INSTALL=1 -DCMAKE_INSTALL_PREFIX=/home/luca002/proj_ws/install/wamv_gazebo
[0.201s] -- The C compiler identification is GNU 13.3.0
[0.241s] -- The CXX compiler identification is GNU 13.3.0
[0.251s] -- Detecting C compiler ABI info
[0.311s] -- Detecting C compiler ABI info - done
[0.317s] -- Check for working C compiler: /usr/bin/cc - skipped
[0.318s] -- Detecting C compile features
[0.318s] -- Detecting C compile features - done
[0.324s] -- Detecting CXX compiler ABI info
[0.391s] -- Detecting CXX compiler ABI info - done
[0.398s] -- Check for working CXX compiler: /usr/bin/c++ - skipped
[0.398s] -- Detecting CXX compile features
[0.399s] -- Detecting CXX compile features - done
[0.402s] -- Found ament_cmake: 2.5.4 (/opt/ros/jazzy/share/ament_cmake/cmake)
[0.515s] -- Found Python3: /usr/bin/python3 (found version "3.12.3") found components: Interpreter 
[0.568s] -- Override CMake install command with custom implementation using symlinks instead of copying resources
[0.599s] -- Looking for gz-sim8 -- found version 8.9.0
[0.604s] -- Searching for dependencies of gz-sim8
[0.605s] -- Looking for sdformat14 -- found version 14.7.0
[0.605s] -- Searching for dependencies of sdformat14
[0.609s] -- Checking for module 'tinyxml2'
[0.619s] --   Found tinyxml2, version 10.0.0
[0.641s] -- Looking for gz-math7 -- found version 7.5.2
[0.641s] -- Searching for dependencies of gz-math7
[0.642s] -- Looking for gz-utils2 -- found version 2.2.1
[0.643s] -- Searching for dependencies of gz-utils2
[0.644s] -- Looking for gz-utils2 -- found version 2.2.1
[0.644s] -- Searching for dependencies of gz-utils2
[0.644s] -- Searching for <gz-utils2> component [cli]
[0.645s] -- Looking for gz-utils2-cli -- found version 2.2.1
[0.645s] -- Searching for dependencies of gz-utils2-cli
[0.647s] -- Looking for gz-plugin2 -- found version 2.0.4
[0.647s] -- Searching for dependencies of gz-plugin2
[0.648s] -- Looking for gz-utils2 -- found version 2.2.1
[0.648s] -- Searching for <gz-plugin2> component [loader]
[0.649s] -- Looking for gz-plugin2-loader -- found version 2.0.4
[0.649s] -- Searching for dependencies of gz-plugin2-loader
[0.649s] -- Searching for <gz-plugin2> component [register]
[0.650s] -- Looking for gz-plugin2-register -- found version 2.0.4
[0.650s] -- Searching for dependencies of gz-plugin2-register
[0.652s] -- Looking for gz-transport13 -- found version 13.4.1
[0.652s] -- Searching for dependencies of gz-transport13
[0.739s] -- Found Protobuf: /usr/lib/x86_64-linux-gnu/libprotobuf.so (found version "3.21.12") 
[0.748s] -- Config-file not installed for ZeroMQ -- checking for pkg-config
[0.751s] -- Checking for module 'libzmq >= 4'
[0.760s] --   Found libzmq, version 4.3.5
[0.785s] -- Found ZeroMQ: TRUE (Required is at least version "4") 
[0.788s] -- Checking for module 'uuid'
[0.797s] --   Found uuid, version 2.39.3
[0.820s] -- Found UUID: TRUE  
[0.821s] -- Looking for gz-utils2 -- found version 2.2.1
[0.823s] -- Looking for gz-msgs10 -- found version 10.3.2
[0.823s] -- Searching for dependencies of gz-msgs10
[0.842s] -- Looking for gz-utils2 -- found version 2.2.1
[0.842s] -- Looking for gz-math7 -- found version 7.5.2
[0.848s] -- Searching for <gz-transport13> component [log]
[0.850s] -- Looking for gz-transport13-log -- found version 13.4.1
[0.850s] -- Searching for dependencies of gz-transport13-log
[0.850s] -- Searching for <gz-transport13> component [parameters]
[0.852s] -- Looking for gz-transport13-parameters -- found version 13.4.1
[0.852s] -- Searching for dependencies of gz-transport13-parameters
[0.853s] -- Looking for gz-msgs10 -- found version 10.3.2
[0.854s] -- Looking for gz-common5 -- found version 5.7.1
[0.854s] -- Searching for dependencies of gz-common5
[0.854s] -- Looking for gz-utils2 -- found version 2.2.1
[0.854s] -- Looking for dlfcn.h - found
[0.856s] -- Looking for libdl - found
[0.857s] -- Found DL: TRUE  
[0.861s] -- Searching for <gz-common5> component [av]
[0.863s] -- Looking for gz-common5-av -- found version 5.7.1
[0.863s] -- Searching for dependencies of gz-common5-av
[0.866s] -- Checking for module 'libswscale'
[0.875s] --   Found libswscale, version 7.5.100
[0.896s] -- Found SWSCALE: TRUE  
[0.899s] -- Checking for module 'libavdevice >= 56.4.100'
[0.909s] --   Found libavdevice, version 60.3.100
[0.938s] -- Found AVDEVICE: TRUE (Required is at least version "56.4.100") 
[0.941s] -- Checking for module 'libavformat'
[0.950s] --   Found libavformat, version 60.16.100
[0.973s] -- Found AVFORMAT: TRUE  
[0.976s] -- Checking for module 'libavcodec'
[0.986s] --   Found libavcodec, version 60.31.102
[1.010s] -- Found AVCODEC: TRUE  
[1.014s] -- Checking for module 'libavutil'
[1.024s] --   Found libavutil, version 58.29.100
[1.047s] -- Found AVUTIL: TRUE  
[1.047s] -- Searching for <gz-common5> component [events]
[1.049s] -- Looking for gz-common5-events -- found version 5.7.1
[1.049s] -- Searching for dependencies of gz-common5-events
[1.049s] -- Looking for gz-math7 -- found version 7.5.2
[1.050s] -- Searching for <gz-common5> component [graphics]
[1.051s] -- Looking for gz-common5-graphics -- found version 5.7.1
[1.051s] -- Searching for dependencies of gz-common5-graphics
[1.051s] -- Looking for gz-math7 -- found version 7.5.2
[1.055s] -- Found GzAssimp: TRUE (found version "5.3.0") 
[1.055s] -- Searching for <gz-common5> component [io]
[1.056s] -- Looking for gz-common5-io -- found version 5.7.1
[1.056s] -- Searching for dependencies of gz-common5-io
[1.057s] -- Searching for <gz-common5> component [profiler]
[1.058s] -- Looking for gz-common5-profiler -- found version 5.7.1
[1.058s] -- Searching for dependencies of gz-common5-profiler
[1.059s] -- Looking for gz-fuel_tools9 -- found version 9.1.1
[1.059s] -- Searching for dependencies of gz-fuel_tools9
[1.119s] -- Found CURL: /usr/lib/x86_64-linux-gnu/libcurl.so (found version "8.5.0")  
[1.125s] -- Checking for module 'jsoncpp'
[1.134s] --   Found jsoncpp, version 1.9.5
[1.155s] -- Found JSONCPP: TRUE  
[1.168s] -- Checking for module 'yaml-0.1'
[1.177s] --   Found yaml-0.1, version 0.2.5
[1.199s] -- Found YAML: TRUE  
[1.204s] -- Checking for module 'libzip'
[1.218s] --   Found libzip, version 1.7.3
[1.239s] -- Found ZIP: TRUE  
[1.239s] -- Looking for gz-utils2 -- found version 2.2.1
[1.239s] -- Looking for gz-common5 -- found version 5.7.1
[1.239s] -- Searching for dependencies of gz-common5
[1.239s] -- Looking for gz-utils2 -- found version 2.2.1
[1.240s] -- Looking for dlfcn.h - found
[1.240s] -- Looking for libdl - found
[1.245s] -- Searching for <gz-common5> component [testing]
[1.246s] -- Looking for gz-common5-testing -- found version 5.7.1
[1.246s] -- Searching for dependencies of gz-common5-testing
[1.246s] -- Looking for gz-math7 -- found version 7.5.2
[1.247s] -- Looking for gz-msgs10 -- found version 10.3.2
[1.248s] -- Looking for gz-gui8 -- found version 8.4.0
[1.248s] -- Searching for dependencies of gz-gui8
[1.265s] -- Looking for gz-utils2 -- found version 2.2.1
[1.265s] -- Looking for gz-math7 -- found version 7.5.2
[1.266s] -- Looking for gz-common5 -- found version 5.7.1
[1.266s] -- Looking for gz-plugin2 -- found version 2.0.4
[1.266s] -- Looking for gz-transport13 -- found version 13.4.1
[1.267s] -- Looking for gz-rendering8 -- found version 8.2.2
[1.267s] -- Searching for dependencies of gz-rendering8
[1.268s] -- Looking for gz-math7 -- found version 7.5.2
[1.268s] -- Searching for dependencies of gz-math7
[1.268s] -- Looking for gz-utils2 -- found version 2.2.1
[1.268s] -- Searching for <gz-math7> component [eigen3]
[1.269s] -- Looking for gz-math7-eigen3 -- found version 7.5.2
[1.269s] -- Searching for dependencies of gz-math7-eigen3
[1.276s] -- Looking for gz-common5 -- found version 5.7.1
[1.276s] -- Searching for dependencies of gz-common5
[1.276s] -- Looking for gz-utils2 -- found version 2.2.1
[1.276s] -- Looking for dlfcn.h - found
[1.276s] -- Looking for libdl - found
[1.281s] -- Searching for <gz-common5> component [graphics]
[1.281s] -- Searching for <gz-common5> component [events]
[1.281s] -- Searching for <gz-common5> component [geospatial]
[1.282s] -- Looking for gz-common5-geospatial -- found version 5.7.1
[1.282s] -- Searching for dependencies of gz-common5-geospatial
[1.282s] -- Looking for gz-math7 -- found version 7.5.2
[1.283s] -- Looking for gz-common5 -- found version 5.7.1
[1.283s] -- Looking for gz-plugin2 -- found version 2.0.4
[1.283s] -- Searching for dependencies of gz-plugin2
[1.284s] -- Looking for gz-utils2 -- found version 2.2.1
[1.284s] -- Searching for <gz-plugin2> component [all]
[1.285s] -- Looking for all libraries of gz-plugin2 -- found version 2.0.4
[1.285s] -- Looking for gz-plugin2 -- found version 2.0.4
[1.286s] -- Looking for gz-utils2 -- found version 2.2.1
[1.294s] -- Found OpenGL: /usr/lib/x86_64-linux-gnu/libOpenGL.so  found components: OpenGL 
[1.295s] -- Looking for gz-msgs10 -- found version 10.3.2
[1.311s] -- Looking for gz-physics7 -- found version 7.5.0
[1.311s] -- Searching for dependencies of gz-physics7
[1.311s] -- Looking for gz-common5 -- found version 5.7.1
[1.312s] -- Looking for gz-math7 -- found version 7.5.2
[1.312s] -- Looking for gz-plugin2 -- found version 2.0.4
[1.312s] -- Looking for gz-utils2 -- found version 2.2.1
[1.313s] -- Searching for <gz-physics7> component [heightmap]
[1.314s] -- Looking for gz-physics7-heightmap -- found version 7.5.0
[1.314s] -- Searching for dependencies of gz-physics7-heightmap
[1.315s] -- Looking for gz-common5 -- found version 5.7.1
[1.315s] -- Searching for <gz-physics7> component [mesh]
[1.316s] -- Looking for gz-physics7-mesh -- found version 7.5.0
[1.316s] -- Searching for dependencies of gz-physics7-mesh
[1.316s] -- Looking for gz-common5 -- found version 5.7.1
[1.317s] -- Searching for <gz-physics7> component [sdf]
[1.317s] -- Looking for gz-physics7-sdf -- found version 7.5.0
[1.317s] -- Searching for dependencies of gz-physics7-sdf
[1.318s] -- Looking for sdformat14 -- found version 14.7.0
[1.319s] -- Looking for gz-sensors8 -- found version 8.2.2
[1.319s] -- Searching for dependencies of gz-sensors8
[1.333s] -- Looking for gz-math7 -- found version 7.5.2
[1.334s] -- Looking for gz-common5 -- found version 5.7.1
[1.334s] -- Looking for gz-transport13 -- found version 13.4.1
[1.334s] -- Looking for gz-rendering8 -- found version 8.2.2
[1.335s] -- Looking for gz-msgs10 -- found version 10.3.2
[1.335s] -- Looking for sdformat14 -- found version 14.7.0
[1.336s] -- Searching for <gz-sensors8> component [air_pressure]
[1.336s] -- Looking for gz-sensors8-air_pressure -- found version 8.2.2
[1.336s] -- Searching for dependencies of gz-sensors8-air_pressure
[1.337s] -- Searching for <gz-sensors8> component [air_speed]
[1.337s] -- Looking for gz-sensors8-air_speed -- found version 8.2.2
[1.338s] -- Searching for dependencies of gz-sensors8-air_speed
[1.338s] -- Searching for <gz-sensors8> component [altimeter]
[1.339s] -- Looking for gz-sensors8-altimeter -- found version 8.2.2
[1.339s] -- Searching for dependencies of gz-sensors8-altimeter
[1.339s] -- Searching for <gz-sensors8> component [imu]
[1.340s] -- Looking for gz-sensors8-imu -- found version 8.2.2
[1.340s] -- Searching for dependencies of gz-sensors8-imu
[1.340s] -- Searching for <gz-sensors8> component [force_torque]
[1.341s] -- Looking for gz-sensors8-force_torque -- found version 8.2.2
[1.341s] -- Searching for dependencies of gz-sensors8-force_torque
[1.341s] -- Searching for <gz-sensors8> component [logical_camera]
[1.342s] -- Looking for gz-sensors8-logical_camera -- found version 8.2.2
[1.342s] -- Searching for dependencies of gz-sensors8-logical_camera
[1.343s] -- Searching for <gz-sensors8> component [magnetometer]
[1.343s] -- Looking for gz-sensors8-magnetometer -- found version 8.2.2
[1.343s] -- Searching for dependencies of gz-sensors8-magnetometer
[1.344s] -- Searching for <gz-sensors8> component [navsat]
[1.344s] -- Looking for gz-sensors8-navsat -- found version 8.2.2
[1.344s] -- Searching for dependencies of gz-sensors8-navsat
[1.345s] -- Searching for <gz-sensors8> component [dvl]
[1.345s] -- Looking for gz-sensors8-dvl -- found version 8.2.2
[1.345s] -- Searching for dependencies of gz-sensors8-dvl
[1.346s] -- Looking for gz-sensors8 -- found version 8.2.2
[1.346s] -- Searching for dependencies of gz-sensors8
[1.360s] -- Looking for gz-math7 -- found version 7.5.2
[1.360s] -- Looking for gz-common5 -- found version 5.7.1
[1.360s] -- Looking for gz-transport13 -- found version 13.4.1
[1.361s] -- Looking for gz-rendering8 -- found version 8.2.2
[1.361s] -- Looking for gz-msgs10 -- found version 10.3.2
[1.361s] -- Looking for sdformat14 -- found version 14.7.0
[1.361s] -- Searching for <gz-sensors8> component [rendering]
[1.362s] -- Looking for gz-sensors8-rendering -- found version 8.2.2
[1.362s] -- Searching for dependencies of gz-sensors8-rendering
[1.363s] -- Searching for <gz-sensors8> component [rendering]
[1.363s] -- Searching for <gz-sensors8> component [lidar]
[1.364s] -- Looking for gz-sensors8-lidar -- found version 8.2.2
[1.364s] -- Searching for dependencies of gz-sensors8-lidar
[1.364s] -- Looking for gz-sensors8 -- found version 8.2.2
[1.365s] -- Searching for <gz-sensors8> component [gpu_lidar]
[1.365s] -- Looking for gz-sensors8-gpu_lidar -- found version 8.2.2
[1.365s] -- Searching for dependencies of gz-sensors8-gpu_lidar
[1.366s] -- Looking for gz-sensors8 -- found version 8.2.2
[1.366s] -- Searching for <gz-sensors8> component [camera]
[1.367s] -- Looking for gz-sensors8-camera -- found version 8.2.2
[1.367s] -- Searching for dependencies of gz-sensors8-camera
[1.367s] -- Looking for gz-sensors8 -- found version 8.2.2
[1.368s] -- Searching for <gz-sensors8> component [boundingbox_camera]
[1.368s] -- Looking for gz-sensors8-boundingbox_camera -- found version 8.2.2
[1.368s] -- Searching for dependencies of gz-sensors8-boundingbox_camera
[1.369s] -- Searching for <gz-sensors8> component [segmentation_camera]
[1.369s] -- Looking for gz-sensors8-segmentation_camera -- found version 8.2.2
[1.369s] -- Searching for dependencies of gz-sensors8-segmentation_camera
[1.370s] -- Searching for <gz-sensors8> component [depth_camera]
[1.370s] -- Looking for gz-sensors8-depth_camera -- found version 8.2.2
[1.371s] -- Searching for dependencies of gz-sensors8-depth_camera
[1.371s] -- Looking for gz-sensors8 -- found version 8.2.2
[1.371s] -- Searching for <gz-sensors8> component [rgbd_camera]
[1.372s] -- Looking for gz-sensors8-rgbd_camera -- found version 8.2.2
[1.372s] -- Searching for dependencies of gz-sensors8-rgbd_camera
[1.372s] -- Looking for gz-sensors8 -- found version 8.2.2
[1.373s] -- Searching for <gz-sensors8> component [thermal_camera]
[1.373s] -- Looking for gz-sensors8-thermal_camera -- found version 8.2.2
[1.373s] -- Searching for dependencies of gz-sensors8-thermal_camera
[1.374s] -- Looking for gz-sensors8 -- found version 8.2.2
[1.374s] -- Searching for <gz-sensors8> component [wide_angle_camera]
[1.375s] -- Looking for gz-sensors8-wide_angle_camera -- found version 8.2.2
[1.375s] -- Searching for dependencies of gz-sensors8-wide_angle_camera
[1.376s] -- Looking for gz-rendering8 -- found version 8.2.2
[1.376s] -- Looking for gz-math7 -- found version 7.5.2
[1.376s] -- Looking for gz-utils2 -- found version 2.2.1
[1.390s] -- Looking for gz-common5 -- found version 5.7.1
[1.390s] -- Looking for gz-fuel_tools9 -- found version 9.1.1
[1.391s] -- Looking for gz-math7 -- found version 7.5.2
[1.391s] -- Looking for gz-msgs10 -- found version 10.3.2
[1.391s] -- Looking for gz-transport13 -- found version 13.4.1
[1.392s] -- Looking for gz-plugin2 -- found version 2.0.4
[1.392s] -- Looking for gz-rendering8 -- found version 8.2.2
[1.392s] -- Looking for gz-sensors8 -- found version 8.2.2
[1.393s] -- Looking for gz-utils2 -- found version 2.2.1
[1.393s] -- Looking for sdformat14 -- found version 14.7.0
[1.395s] -- Found std_msgs: 5.3.6 (/opt/ros/jazzy/share/std_msgs/cmake)
[1.426s] -- Found rosidl_generator_c: 4.6.5 (/opt/ros/jazzy/share/rosidl_generator_c/cmake)
[1.438s] -- Found rosidl_generator_cpp: 4.6.5 (/opt/ros/jazzy/share/rosidl_generator_cpp/cmake)
[1.452s] -- Using all available rosidl_typesupport_c: rosidl_typesupport_fastrtps_c;rosidl_typesupport_introspection_c
[1.467s] -- Using all available rosidl_typesupport_cpp: rosidl_typesupport_fastrtps_cpp;rosidl_typesupport_introspection_cpp
[1.642s] -- Configuring done (1.5s)
[1.727s] -- Generating done (0.1s)
[1.744s] -- Build files have been written to: /home/luca002/proj_ws/build/wamv_gazebo
[1.756s] Invoked command in '/home/luca002/proj_ws/build/wamv_gazebo' returned '0': CMAKE_PREFIX_PATH=${CMAKE_PREFIX_PATH}:/home/luca002/proj_ws/install/python_node:/opt/ros/jazzy DEBUGINFOD_URLS=https://debuginfod.ubuntu.com /usr/bin/cmake /home/luca002/proj_ws/src/wamv_gazebo -DAMENT_CMAKE_SYMLINK_INSTALL=1 -DCMAKE_INSTALL_PREFIX=/home/luca002/proj_ws/install/wamv_gazebo
[1.757s] Invoking command in '/home/luca002/proj_ws/build/wamv_gazebo': CMAKE_PREFIX_PATH=${CMAKE_PREFIX_PATH}:/home/luca002/proj_ws/install/python_node:/opt/ros/jazzy DEBUGINFOD_URLS=https://debuginfod.ubuntu.com /usr/bin/cmake --build /home/luca002/proj_ws/build/wamv_gazebo -- -j16 -l16
[1.791s] [  2%] [32mBuilding CXX object CMakeFiles/Waves.dir/src/Wavefield.cc.o[0m
[1.791s] [  4%] [32mBuilding CXX object CMakeFiles/ScoringPlugin.dir/src/ScoringPlugin.cc.o[0m
[1.797s] [  4%] Built target ament_cmake_python_symlink_wamv_gazebo
[1.966s] running egg_info
[1.967s] creating wamv_gazebo.egg-info
[1.982s] writing wamv_gazebo.egg-info/PKG-INFO
[1.982s] writing dependency_links to wamv_gazebo.egg-info/dependency_links.txt
[1.982s] writing top-level names to wamv_gazebo.egg-info/top_level.txt
[1.982s] writing manifest file 'wamv_gazebo.egg-info/SOURCES.txt'
[2.031s] reading manifest file 'wamv_gazebo.egg-info/SOURCES.txt'
[2.031s] writing manifest file 'wamv_gazebo.egg-info/SOURCES.txt'
[2.052s] [  4%] Built target ament_cmake_python_build_wamv_gazebo_egg
[4.649s] [  6%] [32m[1mLinking CXX shared library libWaves.so[0m
[4.788s] [  6%] Built target Waves
[4.802s] [ 12%] [32mBuilding CXX object CMakeFiles/PolyhedraBuoyancyDrag.dir/src/PolyhedronVolume.cc.o[0m
[4.802s] [ 12%] [32mBuilding CXX object CMakeFiles/PolyhedraBuoyancyDrag.dir/src/ShapeVolume.cc.o[0m
[4.802s] [ 12%] [32mBuilding CXX object CMakeFiles/PolyhedraBuoyancyDrag.dir/src/PolyhedraBuoyancyDrag.cc.o[0m
[5.680s] [ 14%] [32m[1mLinking CXX shared library libScoringPlugin.so[0m
[5.855s] [ 14%] Built target ScoringPlugin
[5.876s] [ 16%] [32mBuilding CXX object CMakeFiles/PerceptionScoringPlugin.dir/src/PerceptionScoringPlugin.cc.o[0m
[5.877s] [ 22%] [32mBuilding CXX object CMakeFiles/StationkeepingScoringPlugin.dir/src/StationkeepingScoringPlugin.cc.o[0m
[5.877s] [ 22%] [32mBuilding CXX object CMakeFiles/BallShooterPlugin.dir/src/BallShooterPlugin.cc.o[0m
[5.877s] [ 22%] [32mBuilding CXX object CMakeFiles/GymkhanaScoringPlugin.dir/src/GymkhanaScoringPlugin.cc.o[0m
[5.877s] [ 25%] [32mBuilding CXX object CMakeFiles/AcousticTrackingScoringPlugin.dir/src/AcousticTrackingScoringPlugin.cc.o[0m
[5.877s] [ 27%] [32mBuilding CXX object CMakeFiles/LightBuoyPlugin.dir/src/LightBuoyPlugin.cc.o[0m
[5.877s] [ 29%] [32mBuilding CXX object CMakeFiles/SimpleHydrodynamics.dir/src/SimpleHydrodynamics.cc.o[0m
[5.878s] [ 31%] [32mBuilding CXX object CMakeFiles/PlacardPlugin.dir/src/PlacardPlugin.cc.o[0m
[5.878s] [ 35%] [32mBuilding CXX object CMakeFiles/PublisherPlugin.dir/src/PublisherPlugin.cc.o[0m
[5.878s] [ 37%] [32mBuilding CXX object CMakeFiles/NavigationScoringPlugin.dir/src/NavigationScoringPlugin.cc.o[0m
[5.878s] [ 39%] [32mBuilding CXX object CMakeFiles/AcousticPingerPlugin.dir/src/AcousticPingerPlugin.cc.o[0m
[5.878s] [ 41%] [32mBuilding CXX object CMakeFiles/AcousticPerceptionScoringPlugin.dir/src/AcousticPerceptionScoringPlugin.cc.o[0m
[5.878s] [ 33%] [32mBuilding CXX object CMakeFiles/ScanDockScoringPlugin.dir/src/ScanDockScoringPlugin.cc.o[0m
[5.880s] [ 43%] [32mBuilding CXX object CMakeFiles/WayfindingScoringPlugin.dir/src/WayfindingScoringPlugin.cc.o[0m
[5.951s] [ 45%] [32mBuilding CXX object CMakeFiles/AcousticPerceptionScoringPlugin.dir/src/WaypointMarkers.cc.o[0m
[10.482s] [ 47%] [32m[1mLinking CXX shared library libPublisherPlugin.so[0m
[10.804s] [ 47%] Built target PublisherPlugin
[10.829s] [ 50%] [32mBuilding CXX object CMakeFiles/WayfindingScoringPlugin.dir/src/WaypointMarkers.cc.o[0m
[10.884s] [ 52%] [32mBuilding CXX object CMakeFiles/AcousticTrackingScoringPlugin.dir/src/WaypointMarkers.cc.o[0m
[11.265s] [ 54%] [32m[1mLinking CXX shared library libLightBuoyPlugin.so[0m
[11.671s] [ 54%] Built target LightBuoyPlugin
[11.695s] [ 56%] [32mBuilding CXX object CMakeFiles/StationkeepingScoringPlugin.dir/src/WaypointMarkers.cc.o[0m
[11.738s] [ 58%] [32m[1mLinking CXX shared library libPolyhedraBuoyancyDrag.so[0m
[11.984s] [ 60%] [32m[1mLinking CXX shared library libPlacardPlugin.so[0m
[12.112s] [ 62%] [32m[1mLinking CXX shared library libSimpleHydrodynamics.so[0m
[12.307s] [ 62%] Built target PolyhedraBuoyancyDrag
[12.338s] [ 64%] [32m[1mLinking CXX shared library libGymkhanaScoringPlugin.so[0m
[12.354s] [ 66%] [32mBuilding CXX object CMakeFiles/Surface.dir/src/Surface.cc.o[0m
[12.563s] [ 66%] Built target SimpleHydrodynamics
[12.583s] [ 66%] Built target PlacardPlugin
[12.598s] [ 68%] [32mBuilding CXX object CMakeFiles/USVWind.dir/src/USVWind.cc.o[0m
[12.636s] [ 70%] [32mBuilding CXX object CMakeFiles/WaveVisual.dir/src/WaveVisual.cc.o[0m
[12.877s] [ 70%] Built target GymkhanaScoringPlugin
[12.918s] [ 72%] [32mBuilding CXX object CMakeFiles/WildlifeScoringPlugin.dir/src/WildlifeScoringPlugin.cc.o[0m
[14.222s] [ 75%] [32m[1mLinking CXX shared library libAcousticPingerPlugin.so[0m
[14.540s] [ 77%] [32m[1mLinking CXX shared library libPerceptionScoringPlugin.so[0m
[14.770s] [ 77%] Built target AcousticPingerPlugin
[14.932s] [ 79%] [32m[1mLinking CXX shared library libAcousticPerceptionScoringPlugin.so[0m
[14.974s] [ 81%] [32m[1mLinking CXX shared library libNavigationScoringPlugin.so[0m
[15.097s] [ 81%] Built target PerceptionScoringPlugin
[15.271s] [ 81%] Built target AcousticPerceptionScoringPlugin
[15.349s] [ 81%] Built target NavigationScoringPlugin
[15.598s] [ 83%] [32m[1mLinking CXX shared library libWayfindingScoringPlugin.so[0m
[15.613s] [ 85%] [32m[1mLinking CXX shared library libScanDockScoringPlugin.so[0m
[15.807s] [ 87%] [32m[1mLinking CXX shared library libBallShooterPlugin.so[0m
[15.923s] [ 87%] Built target ScanDockScoringPlugin
[15.933s] [ 89%] [32m[1mLinking CXX shared library libAcousticTrackingScoringPlugin.so[0m
[15.941s] [ 89%] Built target WayfindingScoringPlugin
[16.083s] [ 89%] Built target BallShooterPlugin
[16.170s] [ 89%] Built target AcousticTrackingScoringPlugin
[16.456s] [ 91%] [32m[1mLinking CXX shared library libStationkeepingScoringPlugin.so[0m
[16.673s] [ 91%] Built target StationkeepingScoringPlugin
[17.484s] [ 93%] [32m[1mLinking CXX shared library libSurface.so[0m
[17.712s] [ 93%] Built target Surface
[18.526s] [ 95%] [32m[1mLinking CXX shared library libWildlifeScoringPlugin.so[0m
[18.709s] [ 95%] Built target WildlifeScoringPlugin
[18.766s] [ 97%] [32m[1mLinking CXX shared library libWaveVisual.so[0m
[18.942s] [ 97%] Built target WaveVisual
[19.067s] [100%] [32m[1mLinking CXX shared library libUSVWind.so[0m
[19.223s] [100%] Built target USVWind
[19.234s] Invoked command in '/home/luca002/proj_ws/build/wamv_gazebo' returned '0': CMAKE_PREFIX_PATH=${CMAKE_PREFIX_PATH}:/home/luca002/proj_ws/install/python_node:/opt/ros/jazzy DEBUGINFOD_URLS=https://debuginfod.ubuntu.com /usr/bin/cmake --build /home/luca002/proj_ws/build/wamv_gazebo -- -j16 -l16
[19.235s] Invoking command in '/home/luca002/proj_ws/build/wamv_gazebo': CMAKE_PREFIX_PATH=${CMAKE_PREFIX_PATH}:/home/luca002/proj_ws/install/python_node:/opt/ros/jazzy DEBUGINFOD_URLS=https://debuginfod.ubuntu.com /usr/bin/cmake --install /home/luca002/proj_ws/build/wamv_gazebo
[19.240s] -- Install configuration: ""
[19.241s] -- Execute custom install script
[19.241s] -- Symlinking: /home/luca002/proj_ws/install/wamv_gazebo/share/wamv_gazebo/environment/resource_paths.dsv
[19.247s] -- Symlinking: /home/luca002/proj_ws/install/wamv_gazebo/share/wamv_gazebo/environment/resource_paths.sh
[19.252s] -- Symlinking: /home/luca002/proj_ws/install/wamv_gazebo/lib/libWaves.so
[19.258s] -- Symlinking: /home/luca002/proj_ws/install/wamv_gazebo/lib/libPolyhedraBuoyancyDrag.so
[19.263s] -- Symlinking: /home/luca002/proj_ws/install/wamv_gazebo/lib/libScoringPlugin.so
[19.268s] -- Symlinking: /home/luca002/proj_ws/install/wamv_gazebo/lib/libStationkeepingScoringPlugin.so
[19.273s] -- Symlinking: /home/luca002/proj_ws/install/wamv_gazebo/lib/libWayfindingScoringPlugin.so
[19.280s] -- Symlinking: /home/luca002/proj_ws/install/wamv_gazebo/lib/libAcousticPerceptionScoringPlugin.so
[19.294s] -- Symlinking: /home/luca002/proj_ws/install/wamv_gazebo/lib/libAcousticTrackingScoringPlugin.so
[19.304s] -- Symlinking: /home/luca002/proj_ws/install/wamv_gazebo/lib/libAcousticPingerPlugin.so
[19.310s] -- Symlinking: /home/luca002/proj_ws/install/wamv_gazebo/lib/libBallShooterPlugin.so
[19.324s] -- Symlinking: /home/luca002/proj_ws/install/wamv_gazebo/lib/libLightBuoyPlugin.so
[19.334s] -- Symlinking: /home/luca002/proj_ws/install/wamv_gazebo/lib/libNavigationScoringPlugin.so
[19.342s] -- Symlinking: /home/luca002/proj_ws/install/wamv_gazebo/lib/libGymkhanaScoringPlugin.so
[19.350s] -- Symlinking: /home/luca002/proj_ws/install/wamv_gazebo/lib/libPerceptionScoringPlugin.so
[19.355s] -- Symlinking: /home/luca002/proj_ws/install/wamv_gazebo/lib/libPlacardPlugin.so
[19.364s] -- Symlinking: /home/luca002/proj_ws/install/wamv_gazebo/lib/libPublisherPlugin.so
[19.375s] -- Symlinking: /home/luca002/proj_ws/install/wamv_gazebo/lib/libScanDockScoringPlugin.so
[19.381s] -- Symlinking: /home/luca002/proj_ws/install/wamv_gazebo/lib/libSimpleHydrodynamics.so
[19.387s] -- Symlinking: /home/luca002/proj_ws/install/wamv_gazebo/lib/libSurface.so
[19.394s] -- Symlinking: /home/luca002/proj_ws/install/wamv_gazebo/lib/libUSVWind.so
[19.401s] -- Symlinking: /home/luca002/proj_ws/install/wamv_gazebo/lib/libWaveVisual.so
[19.411s] -- Symlinking: /home/luca002/proj_ws/install/wamv_gazebo/lib/libWildlifeScoringPlugin.so
[19.424s] -- Symlinking: /home/luca002/proj_ws/install/wamv_gazebo/share/wamv_gazebo/environment/pythonpath.sh
[19.433s] -- Symlinking: /home/luca002/proj_ws/install/wamv_gazebo/share/wamv_gazebo/environment/pythonpath.dsv
[19.440s] -- Symlinking: /home/luca002/proj_ws/install/wamv_gazebo/lib/python3.12/site-packages/wamv_gazebo-0.0.0-py3.12.egg-info/PKG-INFO
[19.445s] -- Symlinking: /home/luca002/proj_ws/install/wamv_gazebo/lib/python3.12/site-packages/wamv_gazebo-0.0.0-py3.12.egg-info/SOURCES.txt
[19.451s] -- Symlinking: /home/luca002/proj_ws/install/wamv_gazebo/lib/python3.12/site-packages/wamv_gazebo-0.0.0-py3.12.egg-info/dependency_links.txt
[19.456s] -- Symlinking: /home/luca002/proj_ws/install/wamv_gazebo/lib/python3.12/site-packages/wamv_gazebo-0.0.0-py3.12.egg-info/top_level.txt
[19.462s] -- Symlinking: /home/luca002/proj_ws/install/wamv_gazebo/lib/python3.12/site-packages/wamv_gazebo/__init__.py
[19.468s] -- Symlinking: /home/luca002/proj_ws/install/wamv_gazebo/lib/python3.12/site-packages/wamv_gazebo/bridge.py
[19.473s] -- Symlinking: /home/luca002/proj_ws/install/wamv_gazebo/lib/python3.12/site-packages/wamv_gazebo/bridges.py
[19.478s] -- Symlinking: /home/luca002/proj_ws/install/wamv_gazebo/lib/python3.12/site-packages/wamv_gazebo/launch.py
[19.483s] -- Symlinking: /home/luca002/proj_ws/install/wamv_gazebo/lib/python3.12/site-packages/wamv_gazebo/model.py
[19.488s] -- Symlinking: /home/luca002/proj_ws/install/wamv_gazebo/lib/python3.12/site-packages/wamv_gazebo/monitor_sim.py
[19.494s] -- Symlinking: /home/luca002/proj_ws/install/wamv_gazebo/lib/python3.12/site-packages/wamv_gazebo/payload_bridges.py
[19.500s] -- Symlinking: /home/luca002/proj_ws/install/wamv_gazebo/share/wamv_gazebo/launch/__init__.py
[19.505s] -- Symlinking: /home/luca002/proj_ws/install/wamv_gazebo/share/wamv_gazebo/launch/__pycache__/bridge.cpython-312.pyc
[19.511s] -- Symlinking: /home/luca002/proj_ws/install/wamv_gazebo/share/wamv_gazebo/launch/bridge.py
[19.516s] -- Symlinking: /home/luca002/proj_ws/install/wamv_gazebo/share/wamv_gazebo/launch/competition.launch.py
[19.523s] -- Symlinking: /home/luca002/proj_ws/install/wamv_gazebo/share/wamv_gazebo/launch/compliance.py
[19.530s] -- Symlinking: /home/luca002/proj_ws/install/wamv_gazebo/share/wamv_gazebo/launch/configure_wamv.py
[19.537s] -- Symlinking: /home/luca002/proj_ws/install/wamv_gazebo/share/wamv_gazebo/launch/mylaunch.py
[19.543s] -- Symlinking: /home/luca002/proj_ws/install/wamv_gazebo/share/wamv_gazebo/launch/spawn.launch.py
[19.549s] -- Symlinking: /home/luca002/proj_ws/install/wamv_gazebo/share/wamv_gazebo/launch/spawn_config.launch.py
[19.554s] -- Symlinking: /home/luca002/proj_ws/install/wamv_gazebo/share/wamv_gazebo/launch/usv_joy_teleop.py
[19.559s] -- Symlinking: /home/luca002/proj_ws/install/wamv_gazebo/share/wamv_gazebo/launch/utils.py
[19.564s] -- Symlinking: /home/luca002/proj_ws/install/wamv_gazebo/share/wamv_gazebo/launch/vrx_environment.launch.py
[19.571s] -- Symlinking: /home/luca002/proj_ws/install/wamv_gazebo/share/wamv_gazebo/models/articulated_platform/model.config
[19.576s] -- Symlinking: /home/luca002/proj_ws/install/wamv_gazebo/share/wamv_gazebo/models/articulated_platform/model.sdf
[19.582s] -- Symlinking: /home/luca002/proj_ws/install/wamv_gazebo/share/wamv_gazebo/models/ball_shooter/materials/Textures/Launcher_Albedo.png
[19.587s] -- Symlinking: /home/luca002/proj_ws/install/wamv_gazebo/share/wamv_gazebo/models/ball_shooter/materials/Textures/Launcher_Metalness.png
[19.593s] -- Symlinking: /home/luca002/proj_ws/install/wamv_gazebo/share/wamv_gazebo/models/ball_shooter/materials/Textures/Launcher_Normal.png
[19.598s] -- Symlinking: /home/luca002/proj_ws/install/wamv_gazebo/share/wamv_gazebo/models/ball_shooter/materials/Textures/Launcher_Roughness.png
[19.604s] -- Symlinking: /home/luca002/proj_ws/install/wamv_gazebo/share/wamv_gazebo/models/ball_shooter/meshes/Launcher_Albedo.png
[19.609s] -- Symlinking: /home/luca002/proj_ws/install/wamv_gazebo/share/wamv_gazebo/models/ball_shooter/meshes/Launcher_BaseColor.png
[19.614s] -- Symlinking: /home/luca002/proj_ws/install/wamv_gazebo/share/wamv_gazebo/models/ball_shooter/meshes/ball_shooter_base.dae
[19.620s] -- Symlinking: /home/luca002/proj_ws/install/wamv_gazebo/share/wamv_gazebo/models/ball_shooter/meshes/ball_shooter_launcher.dae
[19.628s] -- Symlinking: /home/luca002/proj_ws/install/wamv_gazebo/share/wamv_gazebo/models/ball_shooter/model.config
[19.634s] -- Symlinking: /home/luca002/proj_ws/install/wamv_gazebo/share/wamv_gazebo/models/ball_shooter/model.sdf
[19.640s] -- Symlinking: /home/luca002/proj_ws/install/wamv_gazebo/share/wamv_gazebo/models/battery/mesh/battery.dae
[19.646s] -- Symlinking: /home/luca002/proj_ws/install/wamv_gazebo/share/wamv_gazebo/models/battery/mesh/battery.png
[19.651s] -- Symlinking: /home/luca002/proj_ws/install/wamv_gazebo/share/wamv_gazebo/models/battery/mesh/battery_Albedo.png
[19.657s] -- Symlinking: /home/luca002/proj_ws/install/wamv_gazebo/share/wamv_gazebo/models/battery/mesh/battery_Metalness.png
[19.662s] -- Symlinking: /home/luca002/proj_ws/install/wamv_gazebo/share/wamv_gazebo/models/battery/mesh/battery_Normal.png
[19.667s] -- Symlinking: /home/luca002/proj_ws/install/wamv_gazebo/share/wamv_gazebo/models/battery/mesh/battery_Roughness.png
[19.673s] -- Symlinking: /home/luca002/proj_ws/install/wamv_gazebo/share/wamv_gazebo/models/battery/model.config
[19.678s] -- Symlinking: /home/luca002/proj_ws/install/wamv_gazebo/share/wamv_gazebo/models/battery/model.sdf
[19.683s] -- Symlinking: /home/luca002/proj_ws/install/wamv_gazebo/share/wamv_gazebo/models/blue_projectile/model.config
[19.689s] -- Symlinking: /home/luca002/proj_ws/install/wamv_gazebo/share/wamv_gazebo/models/blue_projectile/model.sdf
[19.694s] -- Symlinking: /home/luca002/proj_ws/install/wamv_gazebo/share/wamv_gazebo/models/boat/materials/textures/Boat_Albedo.png
[19.699s] -- Symlinking: /home/luca002/proj_ws/install/wamv_gazebo/share/wamv_gazebo/models/boat/materials/textures/Boat_Metalness.png
[19.705s] -- Symlinking: /home/luca002/proj_ws/install/wamv_gazebo/share/wamv_gazebo/models/boat/materials/textures/Boat_Normal.png
[19.710s] -- Symlinking: /home/luca002/proj_ws/install/wamv_gazebo/share/wamv_gazebo/models/boat/materials/textures/Boat_Roughness.png
[19.716s] -- Symlinking: /home/luca002/proj_ws/install/wamv_gazebo/share/wamv_gazebo/models/boat/materials/textures/lidar_3d_v1.png
[19.724s] -- Symlinking: /home/luca002/proj_ws/install/wamv_gazebo/share/wamv_gazebo/models/boat/meshes/rcboat.dae
[19.731s] -- Symlinking: /home/luca002/proj_ws/install/wamv_gazebo/share/wamv_gazebo/models/boat/model.config
[19.746s] -- Symlinking: /home/luca002/proj_ws/install/wamv_gazebo/share/wamv_gazebo/models/boat/model.sdf
[19.752s] -- Symlinking: /home/luca002/proj_ws/install/wamv_gazebo/share/wamv_gazebo/models/boat/oldmodel/mmodel.sdf
[19.758s] -- Symlinking: /home/luca002/proj_ws/install/wamv_gazebo/share/wamv_gazebo/models/boat/thumbnails/boat/1.png
[19.764s] -- Symlinking: /home/luca002/proj_ws/install/wamv_gazebo/share/wamv_gazebo/models/boat/thumbnails/boat/2.png
[19.769s] -- Symlinking: /home/luca002/proj_ws/install/wamv_gazebo/share/wamv_gazebo/models/boat/thumbnails/boat/3.png
[19.774s] -- Symlinking: /home/luca002/proj_ws/install/wamv_gazebo/share/wamv_gazebo/models/boat/thumbnails/boat/4.png
[19.779s] -- Symlinking: /home/luca002/proj_ws/install/wamv_gazebo/share/wamv_gazebo/models/boat/thumbnails/boat/5.png
[19.784s] -- Symlinking: /home/luca002/proj_ws/install/wamv_gazebo/share/wamv_gazebo/models/coast_waves/materials/programs/GerstnerWaves_fs_330.glsl
[19.790s] -- Symlinking: /home/luca002/proj_ws/install/wamv_gazebo/share/wamv_gazebo/models/coast_waves/materials/programs/GerstnerWaves_vs_330.glsl
[19.795s] -- Symlinking: /home/luca002/proj_ws/install/wamv_gazebo/share/wamv_gazebo/models/coast_waves/materials/textures/skybox_lowres.dds
[19.801s] -- Symlinking: /home/luca002/proj_ws/install/wamv_gazebo/share/wamv_gazebo/models/coast_waves/materials/textures/wave_normals.dds
[19.806s] -- Symlinking: /home/luca002/proj_ws/install/wamv_gazebo/share/wamv_gazebo/models/coast_waves/meshes/waterlow.dae
[19.811s] -- Symlinking: /home/luca002/proj_ws/install/wamv_gazebo/share/wamv_gazebo/models/coast_waves/model.config
[19.818s] -- Symlinking: /home/luca002/proj_ws/install/wamv_gazebo/share/wamv_gazebo/models/coast_waves/model.sdf
[19.826s] -- Symlinking: /home/luca002/proj_ws/install/wamv_gazebo/share/wamv_gazebo/models/cpu_cases/mesh/cpu_cases.dae
[19.832s] -- Symlinking: /home/luca002/proj_ws/install/wamv_gazebo/share/wamv_gazebo/models/cpu_cases/mesh/cpu_cases.png
[19.838s] -- Symlinking: /home/luca002/proj_ws/install/wamv_gazebo/share/wamv_gazebo/models/cpu_cases/mesh/cpu_cases_Albedo.png
[19.844s] -- Symlinking: /home/luca002/proj_ws/install/wamv_gazebo/share/wamv_gazebo/models/cpu_cases/mesh/cpu_cases_Metalness.png
[19.849s] -- Symlinking: /home/luca002/proj_ws/install/wamv_gazebo/share/wamv_gazebo/models/cpu_cases/mesh/cpu_cases_Normal.png
[19.854s] -- Symlinking: /home/luca002/proj_ws/install/wamv_gazebo/share/wamv_gazebo/models/cpu_cases/mesh/cpu_cases_Roughness.png
[19.859s] -- Symlinking: /home/luca002/proj_ws/install/wamv_gazebo/share/wamv_gazebo/models/cpu_cases/model.config
[19.864s] -- Symlinking: /home/luca002/proj_ws/install/wamv_gazebo/share/wamv_gazebo/models/cpu_cases/model.sdf
[19.870s] -- Symlinking: /home/luca002/proj_ws/install/wamv_gazebo/share/wamv_gazebo/models/dock_2022/model.config
[19.875s] -- Symlinking: /home/luca002/proj_ws/install/wamv_gazebo/share/wamv_gazebo/models/dock_2022/model.sdf
[19.880s] -- Symlinking: /home/luca002/proj_ws/install/wamv_gazebo/share/wamv_gazebo/models/dock_2022_base/model.config
[19.886s] -- Symlinking: /home/luca002/proj_ws/install/wamv_gazebo/share/wamv_gazebo/models/dock_2022_base/model.sdf
[19.891s] -- Symlinking: /home/luca002/proj_ws/install/wamv_gazebo/share/wamv_gazebo/models/dock_block_4x4/mesh/DockCubes_Albedo.png
[19.896s] -- Symlinking: /home/luca002/proj_ws/install/wamv_gazebo/share/wamv_gazebo/models/dock_block_4x4/mesh/DockCubes_Metalness.png
[19.902s] -- Symlinking: /home/luca002/proj_ws/install/wamv_gazebo/share/wamv_gazebo/models/dock_block_4x4/mesh/DockCubes_Normal.png
[19.907s] -- Symlinking: /home/luca002/proj_ws/install/wamv_gazebo/share/wamv_gazebo/models/dock_block_4x4/mesh/DockCubes_Roughness.png
[19.912s] -- Symlinking: /home/luca002/proj_ws/install/wamv_gazebo/share/wamv_gazebo/models/dock_block_4x4/mesh/dock_block_4x4.dae
[19.918s] -- Symlinking: /home/luca002/proj_ws/install/wamv_gazebo/share/wamv_gazebo/models/dock_block_4x4/model.config
[19.925s] -- Symlinking: /home/luca002/proj_ws/install/wamv_gazebo/share/wamv_gazebo/models/dock_block_4x4/model.sdf
[19.933s] -- Symlinking: /home/luca002/proj_ws/install/wamv_gazebo/share/wamv_gazebo/models/engine/mesh/engine.dae
[19.939s] -- Symlinking: /home/luca002/proj_ws/install/wamv_gazebo/share/wamv_gazebo/models/engine/model.config
[19.945s] -- Symlinking: /home/luca002/proj_ws/install/wamv_gazebo/share/wamv_gazebo/models/entrance_exit/model.config
[19.950s] -- Symlinking: /home/luca002/proj_ws/install/wamv_gazebo/share/wamv_gazebo/models/entrance_exit/model.sdf
[19.956s] -- Symlinking: /home/luca002/proj_ws/install/wamv_gazebo/share/wamv_gazebo/models/gps/mesh/gps.dae
[19.961s] -- Symlinking: /home/luca002/proj_ws/install/wamv_gazebo/share/wamv_gazebo/models/gps/mesh/gps.png
[19.967s] -- Symlinking: /home/luca002/proj_ws/install/wamv_gazebo/share/wamv_gazebo/models/gps/model.config
[19.972s] -- Symlinking: /home/luca002/proj_ws/install/wamv_gazebo/share/wamv_gazebo/models/lidar/materials/textures/lidar_3d_v1.png
[19.977s] -- Symlinking: /home/luca002/proj_ws/install/wamv_gazebo/share/wamv_gazebo/models/lidar/meshes/lidar_3d_v1.dae
[19.982s] -- Symlinking: /home/luca002/proj_ws/install/wamv_gazebo/share/wamv_gazebo/models/lidar/meshes/lidar_3d_v1.png
[19.988s] -- Symlinking: /home/luca002/proj_ws/install/wamv_gazebo/share/wamv_gazebo/models/lidar/model.config
[19.993s] -- Symlinking: /home/luca002/proj_ws/install/wamv_gazebo/share/wamv_gazebo/models/lidar/model.sdf
[19.998s] -- Symlinking: /home/luca002/proj_ws/install/wamv_gazebo/share/wamv_gazebo/models/lidar/thumbnails/1.png
[20.004s] -- Symlinking: /home/luca002/proj_ws/install/wamv_gazebo/share/wamv_gazebo/models/lidar/thumbnails/2.png
[20.009s] -- Symlinking: /home/luca002/proj_ws/install/wamv_gazebo/share/wamv_gazebo/models/lidar/thumbnails/3.png
[20.014s] -- Symlinking: /home/luca002/proj_ws/install/wamv_gazebo/share/wamv_gazebo/models/lidar/thumbnails/4.png
[20.019s] -- Symlinking: /home/luca002/proj_ws/install/wamv_gazebo/share/wamv_gazebo/models/lidar/thumbnails/5.png
[20.026s] -- Symlinking: /home/luca002/proj_ws/install/wamv_gazebo/share/wamv_gazebo/models/light_buoy/meshes/LightTower_Albedo.png
[20.034s] -- Symlinking: /home/luca002/proj_ws/install/wamv_gazebo/share/wamv_gazebo/models/light_buoy/meshes/LightTower_Metalness.png
[20.040s] -- Symlinking: /home/luca002/proj_ws/install/wamv_gazebo/share/wamv_gazebo/models/light_buoy/meshes/LightTower_Normal.png
[20.046s] -- Symlinking: /home/luca002/proj_ws/install/wamv_gazebo/share/wamv_gazebo/models/light_buoy/meshes/LightTower_Opacity.png
[20.052s] -- Symlinking: /home/luca002/proj_ws/install/wamv_gazebo/share/wamv_gazebo/models/light_buoy/meshes/LightTower_Roughness.png
[20.057s] -- Symlinking: /home/luca002/proj_ws/install/wamv_gazebo/share/wamv_gazebo/models/light_buoy/meshes/light_buoy.dae
[20.062s] -- Symlinking: /home/luca002/proj_ws/install/wamv_gazebo/share/wamv_gazebo/models/light_buoy/model.config
[20.067s] -- Symlinking: /home/luca002/proj_ws/install/wamv_gazebo/share/wamv_gazebo/models/light_buoy/model.sdf
[20.073s] -- Symlinking: /home/luca002/proj_ws/install/wamv_gazebo/share/wamv_gazebo/models/mb_marker_buoy_black/materials/textures/MarkerBuoy_Base_Color.png
[20.078s] -- Symlinking: /home/luca002/proj_ws/install/wamv_gazebo/share/wamv_gazebo/models/mb_marker_buoy_black/materials/textures/MarkerBuoy_Roughness.png
[20.083s] -- Symlinking: /home/luca002/proj_ws/install/wamv_gazebo/share/wamv_gazebo/models/mb_marker_buoy_black/meshes/mb_marker_buoy.dae
[20.088s] -- Symlinking: /home/luca002/proj_ws/install/wamv_gazebo/share/wamv_gazebo/models/mb_marker_buoy_black/model.config
[20.094s] -- Symlinking: /home/luca002/proj_ws/install/wamv_gazebo/share/wamv_gazebo/models/mb_marker_buoy_black/model.sdf
[20.099s] -- Symlinking: /home/luca002/proj_ws/install/wamv_gazebo/share/wamv_gazebo/models/mb_marker_buoy_black/thumbnails/1.png
[20.104s] -- Symlinking: /home/luca002/proj_ws/install/wamv_gazebo/share/wamv_gazebo/models/mb_marker_buoy_black/thumbnails/2.png
[20.109s] -- Symlinking: /home/luca002/proj_ws/install/wamv_gazebo/share/wamv_gazebo/models/mb_marker_buoy_black/thumbnails/3.png
[20.115s] -- Symlinking: /home/luca002/proj_ws/install/wamv_gazebo/share/wamv_gazebo/models/mb_marker_buoy_black/thumbnails/4.png
[20.122s] -- Symlinking: /home/luca002/proj_ws/install/wamv_gazebo/share/wamv_gazebo/models/mb_marker_buoy_black/thumbnails/5.png
[20.130s] -- Symlinking: /home/luca002/proj_ws/install/wamv_gazebo/share/wamv_gazebo/models/mb_marker_buoy_green/materials/textures/MarkerBuoy_Base_Color.png
[20.136s] -- Symlinking: /home/luca002/proj_ws/install/wamv_gazebo/share/wamv_gazebo/models/mb_marker_buoy_green/materials/textures/MarkerBuoy_Roughness.png
[20.142s] -- Symlinking: /home/luca002/proj_ws/install/wamv_gazebo/share/wamv_gazebo/models/mb_marker_buoy_green/meshes/mb_marker_buoy.dae
[20.147s] -- Symlinking: /home/luca002/proj_ws/install/wamv_gazebo/share/wamv_gazebo/models/mb_marker_buoy_green/model.config
[20.152s] -- Symlinking: /home/luca002/proj_ws/install/wamv_gazebo/share/wamv_gazebo/models/mb_marker_buoy_green/model.sdf
[20.157s] -- Symlinking: /home/luca002/proj_ws/install/wamv_gazebo/share/wamv_gazebo/models/mb_marker_buoy_green/thumbnails/1.png
[20.162s] -- Symlinking: /home/luca002/proj_ws/install/wamv_gazebo/share/wamv_gazebo/models/mb_marker_buoy_green/thumbnails/2.png
[20.167s] -- Symlinking: /home/luca002/proj_ws/install/wamv_gazebo/share/wamv_gazebo/models/mb_marker_buoy_green/thumbnails/3.png
[20.172s] -- Symlinking: /home/luca002/proj_ws/install/wamv_gazebo/share/wamv_gazebo/models/mb_marker_buoy_green/thumbnails/4.png
[20.177s] -- Symlinking: /home/luca002/proj_ws/install/wamv_gazebo/share/wamv_gazebo/models/mb_marker_buoy_green/thumbnails/5.png
[20.183s] -- Symlinking: /home/luca002/proj_ws/install/wamv_gazebo/share/wamv_gazebo/models/mb_marker_buoy_red/materials/textures/MarkerBuoy_Base_Color.png
[20.189s] -- Symlinking: /home/luca002/proj_ws/install/wamv_gazebo/share/wamv_gazebo/models/mb_marker_buoy_red/materials/textures/MarkerBuoy_Roughness.png
[20.194s] -- Symlinking: /home/luca002/proj_ws/install/wamv_gazebo/share/wamv_gazebo/models/mb_marker_buoy_red/meshes/mb_marker_buoy.dae
[20.199s] -- Symlinking: /home/luca002/proj_ws/install/wamv_gazebo/share/wamv_gazebo/models/mb_marker_buoy_red/model.config
[20.205s] -- Symlinking: /home/luca002/proj_ws/install/wamv_gazebo/share/wamv_gazebo/models/mb_marker_buoy_red/model.sdf
[20.214s] -- Symlinking: /home/luca002/proj_ws/install/wamv_gazebo/share/wamv_gazebo/models/mb_marker_buoy_red/thumbnails/1.png
[20.222s] -- Symlinking: /home/luca002/proj_ws/install/wamv_gazebo/share/wamv_gazebo/models/mb_marker_buoy_red/thumbnails/2.png
[20.230s] -- Symlinking: /home/luca002/proj_ws/install/wamv_gazebo/share/wamv_gazebo/models/mb_marker_buoy_red/thumbnails/3.png
[20.235s] -- Symlinking: /home/luca002/proj_ws/install/wamv_gazebo/share/wamv_gazebo/models/mb_marker_buoy_red/thumbnails/4.png
[20.241s] -- Symlinking: /home/luca002/proj_ws/install/wamv_gazebo/share/wamv_gazebo/models/mb_marker_buoy_red/thumbnails/5.png
[20.246s] -- Symlinking: /home/luca002/proj_ws/install/wamv_gazebo/share/wamv_gazebo/models/mb_marker_buoy_white/materials/textures/MarkerBuoy_Base_Color.png
[20.252s] -- Symlinking: /home/luca002/proj_ws/install/wamv_gazebo/share/wamv_gazebo/models/mb_marker_buoy_white/materials/textures/MarkerBuoy_Roughness.png
[20.257s] -- Symlinking: /home/luca002/proj_ws/install/wamv_gazebo/share/wamv_gazebo/models/mb_marker_buoy_white/meshes/mb_marker_buoy.dae
[20.262s] -- Symlinking: /home/luca002/proj_ws/install/wamv_gazebo/share/wamv_gazebo/models/mb_marker_buoy_white/model.config
[20.268s] -- Symlinking: /home/luca002/proj_ws/install/wamv_gazebo/share/wamv_gazebo/models/mb_marker_buoy_white/model.sdf
[20.273s] -- Symlinking: /home/luca002/proj_ws/install/wamv_gazebo/share/wamv_gazebo/models/mb_marker_buoy_white/thumbnails/1.png
[20.278s] -- Symlinking: /home/luca002/proj_ws/install/wamv_gazebo/share/wamv_gazebo/models/mb_marker_buoy_white/thumbnails/2.png
[20.284s] -- Symlinking: /home/luca002/proj_ws/install/wamv_gazebo/share/wamv_gazebo/models/mb_marker_buoy_white/thumbnails/3.png
[20.289s] -- Symlinking: /home/luca002/proj_ws/install/wamv_gazebo/share/wamv_gazebo/models/mb_marker_buoy_white/thumbnails/4.png
[20.295s] -- Symlinking: /home/luca002/proj_ws/install/wamv_gazebo/share/wamv_gazebo/models/mb_marker_buoy_white/thumbnails/5.png
[20.300s] -- Symlinking: /home/luca002/proj_ws/install/wamv_gazebo/share/wamv_gazebo/models/mb_round_buoy_black/materials/textures/RoundBarrierBuoy_Base_Color.png
[20.305s] -- Symlinking: /home/luca002/proj_ws/install/wamv_gazebo/share/wamv_gazebo/models/mb_round_buoy_black/materials/textures/RoundBarrierBuoy_Roughness.png
[20.310s] -- Symlinking: /home/luca002/proj_ws/install/wamv_gazebo/share/wamv_gazebo/models/mb_round_buoy_black/meshes/mb_round_buoy.dae
[20.315s] -- Symlinking: /home/luca002/proj_ws/install/wamv_gazebo/share/wamv_gazebo/models/mb_round_buoy_black/model.config
[20.321s] -- Symlinking: /home/luca002/proj_ws/install/wamv_gazebo/share/wamv_gazebo/models/mb_round_buoy_black/model.sdf
[20.330s] -- Symlinking: /home/luca002/proj_ws/install/wamv_gazebo/share/wamv_gazebo/models/mb_round_buoy_black/thumbnails/1.png
[20.337s] -- Symlinking: /home/luca002/proj_ws/install/wamv_gazebo/share/wamv_gazebo/models/mb_round_buoy_black/thumbnails/2.png
[20.342s] -- Symlinking: /home/luca002/proj_ws/install/wamv_gazebo/share/wamv_gazebo/models/mb_round_buoy_black/thumbnails/3.png
[20.348s] -- Symlinking: /home/luca002/proj_ws/install/wamv_gazebo/share/wamv_gazebo/models/mb_round_buoy_black/thumbnails/4.png
[20.353s] -- Symlinking: /home/luca002/proj_ws/install/wamv_gazebo/share/wamv_gazebo/models/mb_round_buoy_black/thumbnails/5.png
[20.358s] -- Symlinking: /home/luca002/proj_ws/install/wamv_gazebo/share/wamv_gazebo/models/mb_round_buoy_orange/materials/textures/RoundBarrierBuoy_Base_Color.png
[20.363s] -- Symlinking: /home/luca002/proj_ws/install/wamv_gazebo/share/wamv_gazebo/models/mb_round_buoy_orange/materials/textures/RoundBarrierBuoy_Roughness.png
[20.369s] -- Symlinking: /home/luca002/proj_ws/install/wamv_gazebo/share/wamv_gazebo/models/mb_round_buoy_orange/meshes/mb_round_buoy.dae
[20.374s] -- Symlinking: /home/luca002/proj_ws/install/wamv_gazebo/share/wamv_gazebo/models/mb_round_buoy_orange/model.config
[20.379s] -- Symlinking: /home/luca002/proj_ws/install/wamv_gazebo/share/wamv_gazebo/models/mb_round_buoy_orange/model.sdf
[20.384s] -- Symlinking: /home/luca002/proj_ws/install/wamv_gazebo/share/wamv_gazebo/models/mb_round_buoy_orange/thumbnails/1.png
[20.390s] -- Symlinking: /home/luca002/proj_ws/install/wamv_gazebo/share/wamv_gazebo/models/mb_round_buoy_orange/thumbnails/2.png
[20.395s] -- Symlinking: /home/luca002/proj_ws/install/wamv_gazebo/share/wamv_gazebo/models/mb_round_buoy_orange/thumbnails/3.png
[20.401s] -- Symlinking: /home/luca002/proj_ws/install/wamv_gazebo/share/wamv_gazebo/models/mb_round_buoy_orange/thumbnails/4.png
[20.406s] -- Symlinking: /home/luca002/proj_ws/install/wamv_gazebo/share/wamv_gazebo/models/mb_round_buoy_orange/thumbnails/5.png
[20.411s] -- Symlinking: /home/luca002/proj_ws/install/wamv_gazebo/share/wamv_gazebo/models/mono_camera/mesh/mono_camera.dae
[20.417s] -- Symlinking: /home/luca002/proj_ws/install/wamv_gazebo/share/wamv_gazebo/models/mono_camera/mesh/mono_camera.png
[20.425s] -- Symlinking: /home/luca002/proj_ws/install/wamv_gazebo/share/wamv_gazebo/models/mono_camera/mesh/mono_camera_Albedo.png
[20.432s] -- Symlinking: /home/luca002/proj_ws/install/wamv_gazebo/share/wamv_gazebo/models/mono_camera/mesh/mono_camera_Metalness.png
[20.438s] -- Symlinking: /home/luca002/proj_ws/install/wamv_gazebo/share/wamv_gazebo/models/mono_camera/mesh/mono_camera_Normal.png
[20.444s] -- Symlinking: /home/luca002/proj_ws/install/wamv_gazebo/share/wamv_gazebo/models/mono_camera/mesh/mono_camera_Roughness.png
[20.449s] -- Symlinking: /home/luca002/proj_ws/install/wamv_gazebo/share/wamv_gazebo/models/mono_camera/model.config
[20.454s] -- Symlinking: /home/luca002/proj_ws/install/wamv_gazebo/share/wamv_gazebo/models/mono_camera/model.sdf
[20.460s] -- Symlinking: /home/luca002/proj_ws/install/wamv_gazebo/share/wamv_gazebo/models/placard_2022/materials/textures/Placard.png
[20.465s] -- Symlinking: /home/luca002/proj_ws/install/wamv_gazebo/share/wamv_gazebo/models/placard_2022/meshes/placard_2022.dae
[20.470s] -- Symlinking: /home/luca002/proj_ws/install/wamv_gazebo/share/wamv_gazebo/models/placard_2022/model.config
[20.476s] -- Symlinking: /home/luca002/proj_ws/install/wamv_gazebo/share/wamv_gazebo/models/placard_2022/model.sdf
[20.481s] -- Symlinking: /home/luca002/proj_ws/install/wamv_gazebo/share/wamv_gazebo/models/platform/model.config
[20.487s] -- Symlinking: /home/luca002/proj_ws/install/wamv_gazebo/share/wamv_gazebo/models/platform/model.sdf
[20.492s] -- Symlinking: /home/luca002/proj_ws/install/wamv_gazebo/share/wamv_gazebo/models/propeller/mesh/propeller.dae
[20.498s] -- Symlinking: /home/luca002/proj_ws/install/wamv_gazebo/share/wamv_gazebo/models/propeller/model.config
[20.503s] -- Symlinking: /home/luca002/proj_ws/install/wamv_gazebo/share/wamv_gazebo/models/roboboat01/materials/scripts/model.material
[20.508s] -- Symlinking: /home/luca002/proj_ws/install/wamv_gazebo/share/wamv_gazebo/models/roboboat01/materials/textures/Boat01_Albedo.png
[20.513s] -- Symlinking: /home/luca002/proj_ws/install/wamv_gazebo/share/wamv_gazebo/models/roboboat01/materials/textures/Boat01_Metallic.png
[20.519s] -- Symlinking: /home/luca002/proj_ws/install/wamv_gazebo/share/wamv_gazebo/models/roboboat01/materials/textures/Boat01_Normal.png
[20.527s] -- Symlinking: /home/luca002/proj_ws/install/wamv_gazebo/share/wamv_gazebo/models/roboboat01/materials/textures/Boat01_Roughness.png
[20.534s] -- Symlinking: /home/luca002/proj_ws/install/wamv_gazebo/share/wamv_gazebo/models/roboboat01/materials/textures/Thruster_Albedo.png
[20.539s] -- Symlinking: /home/luca002/proj_ws/install/wamv_gazebo/share/wamv_gazebo/models/roboboat01/materials/textures/Thruster_Roughness.png
[20.545s] -- Symlinking: /home/luca002/proj_ws/install/wamv_gazebo/share/wamv_gazebo/models/roboboat01/meshes/housing.dae
[20.550s] -- Symlinking: /home/luca002/proj_ws/install/wamv_gazebo/share/wamv_gazebo/models/roboboat01/meshes/mount.dae
[20.555s] -- Symlinking: /home/luca002/proj_ws/install/wamv_gazebo/share/wamv_gazebo/models/roboboat01/meshes/prop.dae
[20.561s] -- Symlinking: /home/luca002/proj_ws/install/wamv_gazebo/share/wamv_gazebo/models/roboboat01/meshes/roboboat01.dae
[20.566s] -- Symlinking: /home/luca002/proj_ws/install/wamv_gazebo/share/wamv_gazebo/models/roboboat01/model.config
[20.571s] -- Symlinking: /home/luca002/proj_ws/install/wamv_gazebo/share/wamv_gazebo/models/roboboat01/model.sdf
[20.577s] -- Symlinking: /home/luca002/proj_ws/install/wamv_gazebo/share/wamv_gazebo/models/roboboat02/materials/scripts/model.material
[20.583s] -- Symlinking: /home/luca002/proj_ws/install/wamv_gazebo/share/wamv_gazebo/models/roboboat02/materials/textures/Boat02_Albedo.png
[20.588s] -- Symlinking: /home/luca002/proj_ws/install/wamv_gazebo/share/wamv_gazebo/models/roboboat02/materials/textures/Boat02_Metallic.png
[20.594s] -- Symlinking: /home/luca002/proj_ws/install/wamv_gazebo/share/wamv_gazebo/models/roboboat02/materials/textures/Boat02_Normal.png
[20.599s] -- Symlinking: /home/luca002/proj_ws/install/wamv_gazebo/share/wamv_gazebo/models/roboboat02/materials/textures/Boat02_Roughness.png
[20.604s] -- Symlinking: /home/luca002/proj_ws/install/wamv_gazebo/share/wamv_gazebo/models/roboboat02/meshes/roboboat02.dae
[20.610s] -- Symlinking: /home/luca002/proj_ws/install/wamv_gazebo/share/wamv_gazebo/models/roboboat02/model.config
[20.615s] -- Symlinking: /home/luca002/proj_ws/install/wamv_gazebo/share/wamv_gazebo/models/roboboat02/model.sdf
[20.622s] -- Symlinking: /home/luca002/proj_ws/install/wamv_gazebo/share/wamv_gazebo/models/roboboat_cpubox/materials/textures/DryBox_Albedo.png
[20.631s] -- Symlinking: /home/luca002/proj_ws/install/wamv_gazebo/share/wamv_gazebo/models/roboboat_cpubox/materials/textures/DryBox_Roughness.png
[20.637s] -- Symlinking: /home/luca002/proj_ws/install/wamv_gazebo/share/wamv_gazebo/models/roboboat_cpubox/meshes/drybox.dae
[20.642s] -- Symlinking: /home/luca002/proj_ws/install/wamv_gazebo/share/wamv_gazebo/models/roboboat_cpubox/model.config
[20.648s] -- Symlinking: /home/luca002/proj_ws/install/wamv_gazebo/share/wamv_gazebo/models/roboboat_cpubox/model.sdf
[20.653s] -- Symlinking: /home/luca002/proj_ws/install/wamv_gazebo/share/wamv_gazebo/models/sensor_post/mesh/sensor_post.dae
[20.659s] -- Symlinking: /home/luca002/proj_ws/install/wamv_gazebo/share/wamv_gazebo/models/sensor_post/mesh/sensor_post.png
[20.664s] -- Symlinking: /home/luca002/proj_ws/install/wamv_gazebo/share/wamv_gazebo/models/sensor_post/mesh/sensor_post_arm.dae
[20.669s] -- Symlinking: /home/luca002/proj_ws/install/wamv_gazebo/share/wamv_gazebo/models/sensor_post/model.config
[20.674s] -- Symlinking: /home/luca002/proj_ws/install/wamv_gazebo/share/wamv_gazebo/models/sensor_post/model.sdf
[20.679s] -- Symlinking: /home/luca002/proj_ws/install/wamv_gazebo/share/wamv_gazebo/models/symbol_triangle/mesh/triangle.dae
[20.684s] -- Symlinking: /home/luca002/proj_ws/install/wamv_gazebo/share/wamv_gazebo/models/symbol_triangle/model.config
[20.689s] -- Symlinking: /home/luca002/proj_ws/install/wamv_gazebo/share/wamv_gazebo/models/symbol_triangle/model.sdf
[20.695s] -- Symlinking: /home/luca002/proj_ws/install/wamv_gazebo/share/wamv_gazebo/models/tripod/model.config
[20.700s] -- Symlinking: /home/luca002/proj_ws/install/wamv_gazebo/share/wamv_gazebo/models/tripod/model.sdf
[20.705s] -- Symlinking: /home/luca002/proj_ws/install/wamv_gazebo/share/wamv_gazebo/models/vessel/materials/textures/Boat01_Albedo.jpg
[20.711s] -- Symlinking: /home/luca002/proj_ws/install/wamv_gazebo/share/wamv_gazebo/models/vessel/materials/textures/Boat01_Normal.jpg
[20.716s] -- Symlinking: /home/luca002/proj_ws/install/wamv_gazebo/share/wamv_gazebo/models/vessel/materials/textures/Boat01_Roughness.jpg
[20.724s] -- Symlinking: /home/luca002/proj_ws/install/wamv_gazebo/share/wamv_gazebo/models/vessel/meshes/Boat01.dae
[20.732s] -- Symlinking: /home/luca002/proj_ws/install/wamv_gazebo/share/wamv_gazebo/models/vessel/model.config
[20.738s] -- Symlinking: /home/luca002/proj_ws/install/wamv_gazebo/share/wamv_gazebo/models/vessel/model.sdf
[20.744s] -- Symlinking: /home/luca002/proj_ws/install/wamv_gazebo/share/wamv_gazebo/models/vessel/thumbnails/1.png
[20.749s] -- Symlinking: /home/luca002/proj_ws/install/wamv_gazebo/share/wamv_gazebo/models/wam-v/meshes/WAM-V-Base.dae
[20.755s] -- Symlinking: /home/luca002/proj_ws/install/wamv_gazebo/share/wamv_gazebo/models/wam-v/meshes/WamV.png
[20.760s] -- Symlinking: /home/luca002/proj_ws/install/wamv_gazebo/share/wamv_gazebo/models/wam-v/meshes/battery.dae
[20.766s] -- Symlinking: /home/luca002/proj_ws/install/wamv_gazebo/share/wamv_gazebo/models/wam-v/meshes/battery.png
[20.771s] -- Symlinking: /home/luca002/proj_ws/install/wamv_gazebo/share/wamv_gazebo/models/wam-v/meshes/battery_Albedo.png
[20.777s] -- Symlinking: /home/luca002/proj_ws/install/wamv_gazebo/share/wamv_gazebo/models/wam-v/meshes/battery_Metalness.png
[20.782s] -- Symlinking: /home/luca002/proj_ws/install/wamv_gazebo/share/wamv_gazebo/models/wam-v/meshes/battery_Normal.png
[20.788s] -- Symlinking: /home/luca002/proj_ws/install/wamv_gazebo/share/wamv_gazebo/models/wam-v/meshes/battery_Roughness.png
[20.794s] -- Symlinking: /home/luca002/proj_ws/install/wamv_gazebo/share/wamv_gazebo/models/wam-v/meshes/cpu_cases.dae
[20.800s] -- Symlinking: /home/luca002/proj_ws/install/wamv_gazebo/share/wamv_gazebo/models/wam-v/meshes/cpu_cases.png
[20.806s] -- Symlinking: /home/luca002/proj_ws/install/wamv_gazebo/share/wamv_gazebo/models/wam-v/meshes/cpu_cases_Albedo.png
[20.811s] -- Symlinking: /home/luca002/proj_ws/install/wamv_gazebo/share/wamv_gazebo/models/wam-v/meshes/cpu_cases_Metalness.png
[20.817s] -- Symlinking: /home/luca002/proj_ws/install/wamv_gazebo/share/wamv_gazebo/models/wam-v/meshes/cpu_cases_Normal.png
[20.824s] -- Symlinking: /home/luca002/proj_ws/install/wamv_gazebo/share/wamv_gazebo/models/wam-v/meshes/cpu_cases_Roughness.png
[20.831s] -- Symlinking: /home/luca002/proj_ws/install/wamv_gazebo/share/wamv_gazebo/models/wam-v/meshes/engine.dae
[20.838s] -- Symlinking: /home/luca002/proj_ws/install/wamv_gazebo/share/wamv_gazebo/models/wam-v/meshes/legs.dae
[20.844s] -- Symlinking: /home/luca002/proj_ws/install/wamv_gazebo/share/wamv_gazebo/models/wam-v/meshes/lidar_3d_v1 copy.png
[20.850s] -- Symlinking: /home/luca002/proj_ws/install/wamv_gazebo/share/wamv_gazebo/models/wam-v/meshes/lidar_3d_v1.dae
[20.855s] -- Symlinking: /home/luca002/proj_ws/install/wamv_gazebo/share/wamv_gazebo/models/wam-v/meshes/lidar_3d_v1.png
[20.861s] -- Symlinking: /home/luca002/proj_ws/install/wamv_gazebo/share/wamv_gazebo/models/wam-v/meshes/propeller.dae
[20.866s] -- Symlinking: /home/luca002/proj_ws/install/wamv_gazebo/share/wamv_gazebo/models/wam-v/meshes/ring.dae
[20.872s] -- Symlinking: /home/luca002/proj_ws/install/wamv_gazebo/share/wamv_gazebo/models/wam-v/model.config
[20.877s] -- Symlinking: /home/luca002/proj_ws/install/wamv_gazebo/share/wamv_gazebo/models/wam-v/model.sdf
[20.882s] -- Symlinking: /home/luca002/proj_ws/install/wamv_gazebo/share/wamv_gazebo/worlds/sydney.sdf
[20.887s] -- Symlinking: /home/luca002/proj_ws/install/wamv_gazebo/share/ament_index/resource_index/package_run_dependencies/wamv_gazebo
[20.892s] -- Symlinking: /home/luca002/proj_ws/install/wamv_gazebo/share/ament_index/resource_index/parent_prefix_path/wamv_gazebo
[20.898s] -- Symlinking: /home/luca002/proj_ws/install/wamv_gazebo/share/wamv_gazebo/environment/ament_prefix_path.sh
[20.903s] -- Symlinking: /home/luca002/proj_ws/install/wamv_gazebo/share/wamv_gazebo/environment/ament_prefix_path.dsv
[20.909s] -- Symlinking: /home/luca002/proj_ws/install/wamv_gazebo/share/wamv_gazebo/environment/path.sh
[20.914s] -- Symlinking: /home/luca002/proj_ws/install/wamv_gazebo/share/wamv_gazebo/environment/path.dsv
[20.919s] -- Symlinking: /home/luca002/proj_ws/install/wamv_gazebo/share/wamv_gazebo/local_setup.bash
[20.927s] -- Symlinking: /home/luca002/proj_ws/install/wamv_gazebo/share/wamv_gazebo/local_setup.sh
[20.934s] -- Symlinking: /home/luca002/proj_ws/install/wamv_gazebo/share/wamv_gazebo/local_setup.zsh
[20.940s] -- Symlinking: /home/luca002/proj_ws/install/wamv_gazebo/share/wamv_gazebo/local_setup.dsv
[20.946s] -- Symlinking: /home/luca002/proj_ws/install/wamv_gazebo/share/wamv_gazebo/package.dsv
[20.952s] -- Symlinking: /home/luca002/proj_ws/install/wamv_gazebo/share/ament_index/resource_index/packages/wamv_gazebo
[20.957s] -- Symlinking: /home/luca002/proj_ws/install/wamv_gazebo/share/wamv_gazebo/cmake/wamv_gazeboConfig.cmake
[20.962s] -- Symlinking: /home/luca002/proj_ws/install/wamv_gazebo/share/wamv_gazebo/cmake/wamv_gazeboConfig-version.cmake
[20.968s] -- Symlinking: /home/luca002/proj_ws/install/wamv_gazebo/share/wamv_gazebo/package.xml
[21.003s] Listing '/home/luca002/proj_ws/install/wamv_gazebo/lib/python3.12/site-packages/wamv_gazebo'...
[21.003s] Compiling '/home/luca002/proj_ws/install/wamv_gazebo/lib/python3.12/site-packages/wamv_gazebo/__init__.py'...
[21.003s] Compiling '/home/luca002/proj_ws/install/wamv_gazebo/lib/python3.12/site-packages/wamv_gazebo/bridge.py'...
[21.003s] Compiling '/home/luca002/proj_ws/install/wamv_gazebo/lib/python3.12/site-packages/wamv_gazebo/bridges.py'...
[21.003s] Compiling '/home/luca002/proj_ws/install/wamv_gazebo/lib/python3.12/site-packages/wamv_gazebo/launch.py'...
[21.003s] Compiling '/home/luca002/proj_ws/install/wamv_gazebo/lib/python3.12/site-packages/wamv_gazebo/model.py'...
[21.003s] Compiling '/home/luca002/proj_ws/install/wamv_gazebo/lib/python3.12/site-packages/wamv_gazebo/monitor_sim.py'...
[21.003s] Compiling '/home/luca002/proj_ws/install/wamv_gazebo/lib/python3.12/site-packages/wamv_gazebo/payload_bridges.py'...
[21.008s] Invoked command in '/home/luca002/proj_ws/build/wamv_gazebo' returned '0': CMAKE_PREFIX_PATH=${CMAKE_PREFIX_PATH}:/home/luca002/proj_ws/install/python_node:/opt/ros/jazzy DEBUGINFOD_URLS=https://debuginfod.ubuntu.com /usr/bin/cmake --install /home/luca002/proj_ws/build/wamv_gazebo
