[0.015s] Invoking command in '/home/luca002/proj_ws/build/vrx_gz': AMENT_PREFIX_PATH=/home/luca002/proj_ws/install:${AMENT_PREFIX_PATH} CMAKE_PREFIX_PATH=/home/luca002/proj_ws/install:/home/luca002/proj_ws/install/vrx_gz:/home/luca002/proj_ws/install/wamv_gazebo:/home/luca002/proj_ws/install/wamv_description:/home/luca002/proj_ws/install/vrx_ros:/home/luca002/proj_ws/install/vrx_gazebo:/home/luca002/proj_ws/install/pose_to_tf:/home/luca002/proj_ws/install/bluerov2_description:/home/luca002/proj_ws/install/bluerov2_control:/home/luca002/ex_ws/install/dave_worlds:/home/luca002/ex_ws/install/dave_sensor_models:/home/luca002/ex_ws/install/dave_gz_model_plugins:/home/luca002/ex_ws/install/dave_ros_gz_plugins:/home/luca002/ex_ws/install/dave_robot_models:/home/luca002/ex_ws/install/dave_object_models:/home/luca002/ex_ws/install/dave_gz_world_plugins:/home/luca002/ex_ws/install/dave_gz_sensor_plugins:/home/luca002/ex_ws/install/dave_interfaces:/home/luca002/ex_ws/install/dave_demos:/home/luca002/ex_ws/install/dave:/opt/ros/jazzy/opt/gz_sim_vendor:/opt/ros/jazzy/opt/gz_sensors_vendor:/opt/ros/jazzy/opt/gz_physics_vendor:/opt/ros/jazzy/opt/sdformat_vendor:/opt/ros/jazzy/opt/gz_gui_vendor:/opt/ros/jazzy/opt/gz_transport_vendor:/opt/ros/jazzy/opt/gz_rendering_vendor:/opt/ros/jazzy/opt/gz_plugin_vendor:/opt/ros/jazzy/opt/gz_fuel_tools_vendor:/opt/ros/jazzy/opt/gz_msgs_vendor:/opt/ros/jazzy/opt/gz_common_vendor:/opt/ros/jazzy/opt/gz_math_vendor:/opt/ros/jazzy/opt/gz_utils_vendor:/opt/ros/jazzy/opt/gz_tools_vendor:/opt/ros/jazzy/opt/gz_ogre_next_vendor:/opt/ros/jazzy/opt/gz_dartsim_vendor:/opt/ros/jazzy/opt/gz_cmake_vendor:/opt/ros/jazzy DEBUGINFOD_URLS=https://debuginfod.ubuntu.com GZ_SIM_RESOURCE_PATH=/home/luca002/proj_ws/install/share/wamv_description/models:/home/luca002/proj_ws/install/share/vrx_gazebo/models:/home/luca002/proj_ws/install/share:${GZ_SIM_RESOURCE_PATH} PYTHONPATH=/home/luca002/proj_ws/install/lib/python3.12/site-packages:${PYTHONPATH} /usr/bin/cmake /home/luca002/proj_ws/src/vrx/vrx_gz -DCMAKE_INSTALL_PREFIX=/home/luca002/proj_ws/install
[0.063s] -- The C compiler identification is GNU 13.3.0
[0.099s] -- The CXX compiler identification is GNU 13.3.0
[0.110s] -- Detecting C compiler ABI info
[0.172s] -- Detecting C compiler ABI info - done
[0.178s] -- Check for working C compiler: /usr/bin/cc - skipped
[0.178s] -- Detecting C compile features
[0.179s] -- Detecting C compile features - done
[0.185s] -- Detecting CXX compiler ABI info
[0.254s] -- Detecting CXX compiler ABI info - done
[0.261s] -- Check for working CXX compiler: /usr/bin/c++ - skipped
[0.261s] -- Detecting CXX compile features
[0.261s] -- Detecting CXX compile features - done
[0.264s] -- Found ament_cmake: 2.5.4 (/opt/ros/jazzy/share/ament_cmake/cmake)
[0.380s] -- Found Python3: /usr/bin/python3 (found version "3.12.3") found components: Interpreter 
[0.469s] -- Looking for gz-sim8 -- found version 8.9.0
[0.474s] -- Searching for dependencies of gz-sim8
[0.475s] -- Looking for sdformat14 -- found version 14.7.0
[0.475s] -- Searching for dependencies of sdformat14
[0.479s] -- Checking for module 'tinyxml2'
[0.488s] --   Found tinyxml2, version 10.0.0
[0.512s] -- Looking for gz-math7 -- found version 7.5.2
[0.512s] -- Searching for dependencies of gz-math7
[0.514s] -- Looking for gz-utils2 -- found version 2.2.1
[0.514s] -- Searching for dependencies of gz-utils2
[0.515s] -- Looking for gz-utils2 -- found version 2.2.1
[0.515s] -- Searching for dependencies of gz-utils2
[0.516s] -- Searching for <gz-utils2> component [cli]
[0.517s] -- Looking for gz-utils2-cli -- found version 2.2.1
[0.517s] -- Searching for dependencies of gz-utils2-cli
[0.519s] -- Looking for gz-plugin2 -- found version 2.0.4
[0.519s] -- Searching for dependencies of gz-plugin2
[0.519s] -- Looking for gz-utils2 -- found version 2.2.1
[0.520s] -- Searching for <gz-plugin2> component [loader]
[0.521s] -- Looking for gz-plugin2-loader -- found version 2.0.4
[0.521s] -- Searching for dependencies of gz-plugin2-loader
[0.521s] -- Searching for <gz-plugin2> component [register]
[0.523s] -- Looking for gz-plugin2-register -- found version 2.0.4
[0.523s] -- Searching for dependencies of gz-plugin2-register
[0.525s] -- Looking for gz-transport13 -- found version 13.4.1
[0.525s] -- Searching for dependencies of gz-transport13
[0.612s] -- Found Protobuf: /usr/lib/x86_64-linux-gnu/libprotobuf.so (found version "3.21.12") 
[0.621s] -- Config-file not installed for ZeroMQ -- checking for pkg-config
[0.625s] -- Checking for module 'libzmq >= 4'
[0.634s] --   Found libzmq, version 4.3.5
[0.659s] -- Found ZeroMQ: TRUE (Required is at least version "4") 
[0.662s] -- Checking for module 'uuid'
[0.672s] --   Found uuid, version 2.39.3
[0.691s] -- Found UUID: TRUE  
[0.691s] -- Looking for gz-utils2 -- found version 2.2.1
[0.693s] -- Looking for gz-msgs10 -- found version 10.3.2
[0.693s] -- Searching for dependencies of gz-msgs10
[0.708s] -- Looking for gz-utils2 -- found version 2.2.1
[0.708s] -- Looking for gz-math7 -- found version 7.5.2
[0.715s] -- Searching for <gz-transport13> component [log]
[0.716s] -- Looking for gz-transport13-log -- found version 13.4.1
[0.716s] -- Searching for dependencies of gz-transport13-log
[0.716s] -- Searching for <gz-transport13> component [parameters]
[0.718s] -- Looking for gz-transport13-parameters -- found version 13.4.1
[0.718s] -- Searching for dependencies of gz-transport13-parameters
[0.718s] -- Looking for gz-msgs10 -- found version 10.3.2
[0.720s] -- Looking for gz-common5 -- found version 5.7.1
[0.720s] -- Searching for dependencies of gz-common5
[0.720s] -- Looking for gz-utils2 -- found version 2.2.1
[0.721s] -- Looking for dlfcn.h - found
[0.722s] -- Looking for libdl - found
[0.723s] -- Found DL: TRUE  
[0.728s] -- Searching for <gz-common5> component [av]
[0.729s] -- Looking for gz-common5-av -- found version 5.7.1
[0.729s] -- Searching for dependencies of gz-common5-av
[0.733s] -- Checking for module 'libswscale'
[0.743s] --   Found libswscale, version 7.5.100
[0.764s] -- Found SWSCALE: TRUE  
[0.768s] -- Checking for module 'libavdevice >= 56.4.100'
[0.777s] --   Found libavdevice, version 60.3.100
[0.805s] -- Found AVDEVICE: TRUE (Required is at least version "56.4.100") 
[0.810s] -- Checking for module 'libavformat'
[0.821s] --   Found libavformat, version 60.16.100
[0.845s] -- Found AVFORMAT: TRUE  
[0.848s] -- Checking for module 'libavcodec'
[0.858s] --   Found libavcodec, version 60.31.102
[0.881s] -- Found AVCODEC: TRUE  
[0.884s] -- Checking for module 'libavutil'
[0.894s] --   Found libavutil, version 58.29.100
[0.916s] -- Found AVUTIL: TRUE  
[0.917s] -- Searching for <gz-common5> component [events]
[0.918s] -- Looking for gz-common5-events -- found version 5.7.1
[0.919s] -- Searching for dependencies of gz-common5-events
[0.919s] -- Looking for gz-math7 -- found version 7.5.2
[0.919s] -- Searching for <gz-common5> component [graphics]
[0.921s] -- Looking for gz-common5-graphics -- found version 5.7.1
[0.921s] -- Searching for dependencies of gz-common5-graphics
[0.921s] -- Looking for gz-math7 -- found version 7.5.2
[0.925s] -- Found GzAssimp: TRUE (found version "5.3.0") 
[0.925s] -- Searching for <gz-common5> component [io]
[0.927s] -- Looking for gz-common5-io -- found version 5.7.1
[0.927s] -- Searching for dependencies of gz-common5-io
[0.927s] -- Searching for <gz-common5> component [profiler]
[0.929s] -- Looking for gz-common5-profiler -- found version 5.7.1
[0.929s] -- Searching for dependencies of gz-common5-profiler
[0.930s] -- Looking for gz-fuel_tools9 -- found version 9.1.1
[0.931s] -- Searching for dependencies of gz-fuel_tools9
[0.988s] -- Found CURL: /usr/lib/x86_64-linux-gnu/libcurl.so (found version "8.5.0")  
[0.994s] -- Checking for module 'jsoncpp'
[1.005s] --   Found jsoncpp, version 1.9.5
[1.028s] -- Found JSONCPP: TRUE  
[1.040s] -- Checking for module 'yaml-0.1'
[1.050s] --   Found yaml-0.1, version 0.2.5
[1.071s] -- Found YAML: TRUE  
[1.074s] -- Checking for module 'libzip'
[1.084s] --   Found libzip, version 1.7.3
[1.106s] -- Found ZIP: TRUE  
[1.106s] -- Looking for gz-utils2 -- found version 2.2.1
[1.106s] -- Looking for gz-common5 -- found version 5.7.1
[1.107s] -- Searching for dependencies of gz-common5
[1.107s] -- Looking for gz-utils2 -- found version 2.2.1
[1.107s] -- Looking for dlfcn.h - found
[1.107s] -- Looking for libdl - found
[1.114s] -- Searching for <gz-common5> component [testing]
[1.116s] -- Looking for gz-common5-testing -- found version 5.7.1
[1.116s] -- Searching for dependencies of gz-common5-testing
[1.117s] -- Looking for gz-math7 -- found version 7.5.2
[1.117s] -- Looking for gz-msgs10 -- found version 10.3.2
[1.119s] -- Looking for gz-gui8 -- found version 8.4.0
[1.119s] -- Searching for dependencies of gz-gui8
[1.136s] -- Looking for gz-utils2 -- found version 2.2.1
[1.137s] -- Looking for gz-math7 -- found version 7.5.2
[1.137s] -- Looking for gz-common5 -- found version 5.7.1
[1.137s] -- Looking for gz-plugin2 -- found version 2.0.4
[1.137s] -- Looking for gz-transport13 -- found version 13.4.1
[1.139s] -- Looking for gz-rendering8 -- found version 8.2.2
[1.139s] -- Searching for dependencies of gz-rendering8
[1.139s] -- Looking for gz-math7 -- found version 7.5.2
[1.139s] -- Searching for dependencies of gz-math7
[1.139s] -- Looking for gz-utils2 -- found version 2.2.1
[1.140s] -- Searching for <gz-math7> component [eigen3]
[1.141s] -- Looking for gz-math7-eigen3 -- found version 7.5.2
[1.141s] -- Searching for dependencies of gz-math7-eigen3
[1.148s] -- Looking for gz-common5 -- found version 5.7.1
[1.148s] -- Searching for dependencies of gz-common5
[1.148s] -- Looking for gz-utils2 -- found version 2.2.1
[1.148s] -- Looking for dlfcn.h - found
[1.148s] -- Looking for libdl - found
[1.153s] -- Searching for <gz-common5> component [graphics]
[1.153s] -- Searching for <gz-common5> component [events]
[1.153s] -- Searching for <gz-common5> component [geospatial]
[1.155s] -- Looking for gz-common5-geospatial -- found version 5.7.1
[1.155s] -- Searching for dependencies of gz-common5-geospatial
[1.155s] -- Looking for gz-math7 -- found version 7.5.2
[1.155s] -- Looking for gz-common5 -- found version 5.7.1
[1.156s] -- Looking for gz-plugin2 -- found version 2.0.4
[1.156s] -- Searching for dependencies of gz-plugin2
[1.156s] -- Looking for gz-utils2 -- found version 2.2.1
[1.156s] -- Searching for <gz-plugin2> component [all]
[1.158s] -- Looking for all libraries of gz-plugin2 -- found version 2.0.4
[1.158s] -- Looking for gz-plugin2 -- found version 2.0.4
[1.159s] -- Looking for gz-utils2 -- found version 2.2.1
[1.168s] -- Found OpenGL: /usr/lib/x86_64-linux-gnu/libOpenGL.so  found components: OpenGL 
[1.169s] -- Looking for gz-msgs10 -- found version 10.3.2
[1.183s] -- Looking for gz-physics7 -- found version 7.5.0
[1.183s] -- Searching for dependencies of gz-physics7
[1.183s] -- Looking for gz-common5 -- found version 5.7.1
[1.184s] -- Looking for gz-math7 -- found version 7.5.2
[1.184s] -- Looking for gz-plugin2 -- found version 2.0.4
[1.184s] -- Looking for gz-utils2 -- found version 2.2.1
[1.185s] -- Searching for <gz-physics7> component [heightmap]
[1.186s] -- Looking for gz-physics7-heightmap -- found version 7.5.0
[1.186s] -- Searching for dependencies of gz-physics7-heightmap
[1.186s] -- Looking for gz-common5 -- found version 5.7.1
[1.187s] -- Searching for <gz-physics7> component [mesh]
[1.188s] -- Looking for gz-physics7-mesh -- found version 7.5.0
[1.188s] -- Searching for dependencies of gz-physics7-mesh
[1.188s] -- Looking for gz-common5 -- found version 5.7.1
[1.188s] -- Searching for <gz-physics7> component [sdf]
[1.190s] -- Looking for gz-physics7-sdf -- found version 7.5.0
[1.190s] -- Searching for dependencies of gz-physics7-sdf
[1.190s] -- Looking for sdformat14 -- found version 14.7.0
[1.191s] -- Looking for gz-sensors8 -- found version 8.2.2
[1.191s] -- Searching for dependencies of gz-sensors8
[1.206s] -- Looking for gz-math7 -- found version 7.5.2
[1.206s] -- Looking for gz-common5 -- found version 5.7.1
[1.207s] -- Looking for gz-transport13 -- found version 13.4.1
[1.207s] -- Looking for gz-rendering8 -- found version 8.2.2
[1.207s] -- Looking for gz-msgs10 -- found version 10.3.2
[1.207s] -- Looking for sdformat14 -- found version 14.7.0
[1.208s] -- Searching for <gz-sensors8> component [air_pressure]
[1.209s] -- Looking for gz-sensors8-air_pressure -- found version 8.2.2
[1.209s] -- Searching for dependencies of gz-sensors8-air_pressure
[1.210s] -- Searching for <gz-sensors8> component [air_speed]
[1.211s] -- Looking for gz-sensors8-air_speed -- found version 8.2.2
[1.211s] -- Searching for dependencies of gz-sensors8-air_speed
[1.212s] -- Searching for <gz-sensors8> component [altimeter]
[1.213s] -- Looking for gz-sensors8-altimeter -- found version 8.2.2
[1.213s] -- Searching for dependencies of gz-sensors8-altimeter
[1.213s] -- Searching for <gz-sensors8> component [imu]
[1.215s] -- Looking for gz-sensors8-imu -- found version 8.2.2
[1.215s] -- Searching for dependencies of gz-sensors8-imu
[1.215s] -- Searching for <gz-sensors8> component [force_torque]
[1.216s] -- Looking for gz-sensors8-force_torque -- found version 8.2.2
[1.216s] -- Searching for dependencies of gz-sensors8-force_torque
[1.217s] -- Searching for <gz-sensors8> component [logical_camera]
[1.218s] -- Looking for gz-sensors8-logical_camera -- found version 8.2.2
[1.218s] -- Searching for dependencies of gz-sensors8-logical_camera
[1.218s] -- Searching for <gz-sensors8> component [magnetometer]
[1.219s] -- Looking for gz-sensors8-magnetometer -- found version 8.2.2
[1.219s] -- Searching for dependencies of gz-sensors8-magnetometer
[1.220s] -- Searching for <gz-sensors8> component [navsat]
[1.221s] -- Looking for gz-sensors8-navsat -- found version 8.2.2
[1.221s] -- Searching for dependencies of gz-sensors8-navsat
[1.221s] -- Searching for <gz-sensors8> component [dvl]
[1.222s] -- Looking for gz-sensors8-dvl -- found version 8.2.2
[1.222s] -- Searching for dependencies of gz-sensors8-dvl
[1.223s] -- Looking for gz-sensors8 -- found version 8.2.2
[1.223s] -- Searching for dependencies of gz-sensors8
[1.238s] -- Looking for gz-math7 -- found version 7.5.2
[1.238s] -- Looking for gz-common5 -- found version 5.7.1
[1.238s] -- Looking for gz-transport13 -- found version 13.4.1
[1.239s] -- Looking for gz-rendering8 -- found version 8.2.2
[1.239s] -- Looking for gz-msgs10 -- found version 10.3.2
[1.239s] -- Looking for sdformat14 -- found version 14.7.0
[1.239s] -- Searching for <gz-sensors8> component [rendering]
[1.241s] -- Looking for gz-sensors8-rendering -- found version 8.2.2
[1.241s] -- Searching for dependencies of gz-sensors8-rendering
[1.242s] -- Searching for <gz-sensors8> component [rendering]
[1.242s] -- Searching for <gz-sensors8> component [lidar]
[1.243s] -- Looking for gz-sensors8-lidar -- found version 8.2.2
[1.243s] -- Searching for dependencies of gz-sensors8-lidar
[1.243s] -- Looking for gz-sensors8 -- found version 8.2.2
[1.243s] -- Searching for <gz-sensors8> component [gpu_lidar]
[1.244s] -- Looking for gz-sensors8-gpu_lidar -- found version 8.2.2
[1.244s] -- Searching for dependencies of gz-sensors8-gpu_lidar
[1.245s] -- Looking for gz-sensors8 -- found version 8.2.2
[1.245s] -- Searching for <gz-sensors8> component [camera]
[1.246s] -- Looking for gz-sensors8-camera -- found version 8.2.2
[1.246s] -- Searching for dependencies of gz-sensors8-camera
[1.246s] -- Looking for gz-sensors8 -- found version 8.2.2
[1.247s] -- Searching for <gz-sensors8> component [boundingbox_camera]
[1.248s] -- Looking for gz-sensors8-boundingbox_camera -- found version 8.2.2
[1.248s] -- Searching for dependencies of gz-sensors8-boundingbox_camera
[1.248s] -- Searching for <gz-sensors8> component [segmentation_camera]
[1.249s] -- Looking for gz-sensors8-segmentation_camera -- found version 8.2.2
[1.249s] -- Searching for dependencies of gz-sensors8-segmentation_camera
[1.250s] -- Searching for <gz-sensors8> component [depth_camera]
[1.251s] -- Looking for gz-sensors8-depth_camera -- found version 8.2.2
[1.251s] -- Searching for dependencies of gz-sensors8-depth_camera
[1.251s] -- Looking for gz-sensors8 -- found version 8.2.2
[1.252s] -- Searching for <gz-sensors8> component [rgbd_camera]
[1.253s] -- Looking for gz-sensors8-rgbd_camera -- found version 8.2.2
[1.253s] -- Searching for dependencies of gz-sensors8-rgbd_camera
[1.253s] -- Looking for gz-sensors8 -- found version 8.2.2
[1.253s] -- Searching for <gz-sensors8> component [thermal_camera]
[1.254s] -- Looking for gz-sensors8-thermal_camera -- found version 8.2.2
[1.255s] -- Searching for dependencies of gz-sensors8-thermal_camera
[1.255s] -- Looking for gz-sensors8 -- found version 8.2.2
[1.255s] -- Searching for <gz-sensors8> component [wide_angle_camera]
[1.256s] -- Looking for gz-sensors8-wide_angle_camera -- found version 8.2.2
[1.256s] -- Searching for dependencies of gz-sensors8-wide_angle_camera
[1.257s] -- Looking for gz-rendering8 -- found version 8.2.2
[1.257s] -- Looking for gz-math7 -- found version 7.5.2
[1.258s] -- Looking for gz-utils2 -- found version 2.2.1
[1.273s] -- Looking for gz-common5 -- found version 5.7.1
[1.273s] -- Looking for gz-fuel_tools9 -- found version 9.1.1
[1.273s] -- Looking for gz-math7 -- found version 7.5.2
[1.274s] -- Looking for gz-msgs10 -- found version 10.3.2
[1.274s] -- Looking for gz-transport13 -- found version 13.4.1
[1.274s] -- Looking for gz-plugin2 -- found version 2.0.4
[1.274s] -- Looking for gz-rendering8 -- found version 8.2.2
[1.275s] -- Looking for gz-sensors8 -- found version 8.2.2
[1.275s] -- Looking for gz-utils2 -- found version 2.2.1
[1.275s] -- Looking for sdformat14 -- found version 14.7.0
[1.278s] -- Found std_msgs: 5.3.6 (/opt/ros/jazzy/share/std_msgs/cmake)
[1.313s] -- Found rosidl_generator_c: 4.6.5 (/opt/ros/jazzy/share/rosidl_generator_c/cmake)
[1.327s] -- Found rosidl_generator_cpp: 4.6.5 (/opt/ros/jazzy/share/rosidl_generator_cpp/cmake)
[1.342s] -- Using all available rosidl_typesupport_c: rosidl_typesupport_fastrtps_c;rosidl_typesupport_introspection_c
[1.358s] -- Using all available rosidl_typesupport_cpp: rosidl_typesupport_fastrtps_cpp;rosidl_typesupport_introspection_cpp
[1.527s] -- Configuring done (1.5s)
[1.608s] -- Generating done (0.1s)
[1.627s] -- Build files have been written to: /home/luca002/proj_ws/build/vrx_gz
[1.639s] Invoked command in '/home/luca002/proj_ws/build/vrx_gz' returned '0': AMENT_PREFIX_PATH=/home/luca002/proj_ws/install:${AMENT_PREFIX_PATH} CMAKE_PREFIX_PATH=/home/luca002/proj_ws/install:/home/luca002/proj_ws/install/vrx_gz:/home/luca002/proj_ws/install/wamv_gazebo:/home/luca002/proj_ws/install/wamv_description:/home/luca002/proj_ws/install/vrx_ros:/home/luca002/proj_ws/install/vrx_gazebo:/home/luca002/proj_ws/install/pose_to_tf:/home/luca002/proj_ws/install/bluerov2_description:/home/luca002/proj_ws/install/bluerov2_control:/home/luca002/ex_ws/install/dave_worlds:/home/luca002/ex_ws/install/dave_sensor_models:/home/luca002/ex_ws/install/dave_gz_model_plugins:/home/luca002/ex_ws/install/dave_ros_gz_plugins:/home/luca002/ex_ws/install/dave_robot_models:/home/luca002/ex_ws/install/dave_object_models:/home/luca002/ex_ws/install/dave_gz_world_plugins:/home/luca002/ex_ws/install/dave_gz_sensor_plugins:/home/luca002/ex_ws/install/dave_interfaces:/home/luca002/ex_ws/install/dave_demos:/home/luca002/ex_ws/install/dave:/opt/ros/jazzy/opt/gz_sim_vendor:/opt/ros/jazzy/opt/gz_sensors_vendor:/opt/ros/jazzy/opt/gz_physics_vendor:/opt/ros/jazzy/opt/sdformat_vendor:/opt/ros/jazzy/opt/gz_gui_vendor:/opt/ros/jazzy/opt/gz_transport_vendor:/opt/ros/jazzy/opt/gz_rendering_vendor:/opt/ros/jazzy/opt/gz_plugin_vendor:/opt/ros/jazzy/opt/gz_fuel_tools_vendor:/opt/ros/jazzy/opt/gz_msgs_vendor:/opt/ros/jazzy/opt/gz_common_vendor:/opt/ros/jazzy/opt/gz_math_vendor:/opt/ros/jazzy/opt/gz_utils_vendor:/opt/ros/jazzy/opt/gz_tools_vendor:/opt/ros/jazzy/opt/gz_ogre_next_vendor:/opt/ros/jazzy/opt/gz_dartsim_vendor:/opt/ros/jazzy/opt/gz_cmake_vendor:/opt/ros/jazzy DEBUGINFOD_URLS=https://debuginfod.ubuntu.com GZ_SIM_RESOURCE_PATH=/home/luca002/proj_ws/install/share/wamv_description/models:/home/luca002/proj_ws/install/share/vrx_gazebo/models:/home/luca002/proj_ws/install/share:${GZ_SIM_RESOURCE_PATH} PYTHONPATH=/home/luca002/proj_ws/install/lib/python3.12/site-packages:${PYTHONPATH} /usr/bin/cmake /home/luca002/proj_ws/src/vrx/vrx_gz -DCMAKE_INSTALL_PREFIX=/home/luca002/proj_ws/install
[1.640s] Invoking command in '/home/luca002/proj_ws/build/vrx_gz': AMENT_PREFIX_PATH=/home/luca002/proj_ws/install:${AMENT_PREFIX_PATH} CMAKE_PREFIX_PATH=/home/luca002/proj_ws/install:/home/luca002/proj_ws/install/vrx_gz:/home/luca002/proj_ws/install/wamv_gazebo:/home/luca002/proj_ws/install/wamv_description:/home/luca002/proj_ws/install/vrx_ros:/home/luca002/proj_ws/install/vrx_gazebo:/home/luca002/proj_ws/install/pose_to_tf:/home/luca002/proj_ws/install/bluerov2_description:/home/luca002/proj_ws/install/bluerov2_control:/home/luca002/ex_ws/install/dave_worlds:/home/luca002/ex_ws/install/dave_sensor_models:/home/luca002/ex_ws/install/dave_gz_model_plugins:/home/luca002/ex_ws/install/dave_ros_gz_plugins:/home/luca002/ex_ws/install/dave_robot_models:/home/luca002/ex_ws/install/dave_object_models:/home/luca002/ex_ws/install/dave_gz_world_plugins:/home/luca002/ex_ws/install/dave_gz_sensor_plugins:/home/luca002/ex_ws/install/dave_interfaces:/home/luca002/ex_ws/install/dave_demos:/home/luca002/ex_ws/install/dave:/opt/ros/jazzy/opt/gz_sim_vendor:/opt/ros/jazzy/opt/gz_sensors_vendor:/opt/ros/jazzy/opt/gz_physics_vendor:/opt/ros/jazzy/opt/sdformat_vendor:/opt/ros/jazzy/opt/gz_gui_vendor:/opt/ros/jazzy/opt/gz_transport_vendor:/opt/ros/jazzy/opt/gz_rendering_vendor:/opt/ros/jazzy/opt/gz_plugin_vendor:/opt/ros/jazzy/opt/gz_fuel_tools_vendor:/opt/ros/jazzy/opt/gz_msgs_vendor:/opt/ros/jazzy/opt/gz_common_vendor:/opt/ros/jazzy/opt/gz_math_vendor:/opt/ros/jazzy/opt/gz_utils_vendor:/opt/ros/jazzy/opt/gz_tools_vendor:/opt/ros/jazzy/opt/gz_ogre_next_vendor:/opt/ros/jazzy/opt/gz_dartsim_vendor:/opt/ros/jazzy/opt/gz_cmake_vendor:/opt/ros/jazzy DEBUGINFOD_URLS=https://debuginfod.ubuntu.com GZ_SIM_RESOURCE_PATH=/home/luca002/proj_ws/install/share/wamv_description/models:/home/luca002/proj_ws/install/share/vrx_gazebo/models:/home/luca002/proj_ws/install/share:${GZ_SIM_RESOURCE_PATH} PYTHONPATH=/home/luca002/proj_ws/install/lib/python3.12/site-packages:${PYTHONPATH} /usr/bin/cmake --build /home/luca002/proj_ws/build/vrx_gz -- -j16 -l16
[1.677s] [  2%] [32mBuilding CXX object CMakeFiles/Waves.dir/src/Wavefield.cc.o[0m
[1.677s] [  4%] [32mBuilding CXX object CMakeFiles/ScoringPlugin.dir/src/ScoringPlugin.cc.o[0m
[1.683s] [  4%] Built target ament_cmake_python_copy_vrx_gz
[1.845s] running egg_info
[1.846s] creating vrx_gz.egg-info
[1.860s] writing vrx_gz.egg-info/PKG-INFO
[1.860s] writing dependency_links to vrx_gz.egg-info/dependency_links.txt
[1.860s] writing top-level names to vrx_gz.egg-info/top_level.txt
[1.860s] writing manifest file 'vrx_gz.egg-info/SOURCES.txt'
[1.903s] reading manifest file 'vrx_gz.egg-info/SOURCES.txt'
[1.904s] writing manifest file 'vrx_gz.egg-info/SOURCES.txt'
[1.932s] [  4%] Built target ament_cmake_python_build_vrx_gz_egg
[4.146s] [  6%] [32m[1mLinking CXX shared library libWaves.so[0m
[4.282s] [  6%] Built target Waves
[4.297s] [ 12%] [32mBuilding CXX object CMakeFiles/PolyhedraBuoyancyDrag.dir/src/PolyhedronVolume.cc.o[0m
[4.298s] [ 12%] [32mBuilding CXX object CMakeFiles/PolyhedraBuoyancyDrag.dir/src/ShapeVolume.cc.o[0m
[4.298s] [ 12%] [32mBuilding CXX object CMakeFiles/PolyhedraBuoyancyDrag.dir/src/PolyhedraBuoyancyDrag.cc.o[0m
[5.110s] [ 14%] [32m[1mLinking CXX shared library libScoringPlugin.so[0m
[5.280s] [ 14%] Built target ScoringPlugin
[5.302s] [ 16%] [32mBuilding CXX object CMakeFiles/LightBuoyPlugin.dir/src/LightBuoyPlugin.cc.o[0m
[5.303s] [ 18%] [32mBuilding CXX object CMakeFiles/PerceptionScoringPlugin.dir/src/PerceptionScoringPlugin.cc.o[0m
[5.303s] [ 20%] [32mBuilding CXX object CMakeFiles/WayfindingScoringPlugin.dir/src/WayfindingScoringPlugin.cc.o[0m
[5.303s] [ 22%] [32mBuilding CXX object CMakeFiles/AcousticPingerPlugin.dir/src/AcousticPingerPlugin.cc.o[0m
[5.304s] [ 25%] [32mBuilding CXX object CMakeFiles/NavigationScoringPlugin.dir/src/NavigationScoringPlugin.cc.o[0m
[5.305s] [ 27%] [32mBuilding CXX object CMakeFiles/AcousticPerceptionScoringPlugin.dir/src/AcousticPerceptionScoringPlugin.cc.o[0m
[5.305s] [ 29%] [32mBuilding CXX object CMakeFiles/PlacardPlugin.dir/src/PlacardPlugin.cc.o[0m
[5.309s] [ 31%] [32mBuilding CXX object CMakeFiles/StationkeepingScoringPlugin.dir/src/StationkeepingScoringPlugin.cc.o[0m
[5.309s] [ 33%] [32mBuilding CXX object CMakeFiles/GymkhanaScoringPlugin.dir/src/GymkhanaScoringPlugin.cc.o[0m
[5.309s] [ 37%] [32mBuilding CXX object CMakeFiles/AcousticTrackingScoringPlugin.dir/src/AcousticTrackingScoringPlugin.cc.o[0m
[5.309s] [ 37%] [32mBuilding CXX object CMakeFiles/ScanDockScoringPlugin.dir/src/ScanDockScoringPlugin.cc.o[0m
[5.314s] [ 39%] [32mBuilding CXX object CMakeFiles/SimpleHydrodynamics.dir/src/SimpleHydrodynamics.cc.o[0m
[5.314s] [ 41%] [32mBuilding CXX object CMakeFiles/BallShooterPlugin.dir/src/BallShooterPlugin.cc.o[0m
[5.319s] [ 43%] [32mBuilding CXX object CMakeFiles/PublisherPlugin.dir/src/PublisherPlugin.cc.o[0m
[5.522s] [ 45%] [32mBuilding CXX object CMakeFiles/Surface.dir/src/Surface.cc.o[0m
[10.870s] [ 47%] [32m[1mLinking CXX shared library libPublisherPlugin.so[0m
[11.209s] [ 50%] [32m[1mLinking CXX shared library libLightBuoyPlugin.so[0m
[11.248s] [ 50%] Built target PublisherPlugin
[11.267s] [ 52%] [32mBuilding CXX object CMakeFiles/WayfindingScoringPlugin.dir/src/WaypointMarkers.cc.o[0m
[11.567s] [ 52%] Built target LightBuoyPlugin
[11.582s] [ 54%] [32mBuilding CXX object CMakeFiles/AcousticPerceptionScoringPlugin.dir/src/WaypointMarkers.cc.o[0m
[11.649s] [ 56%] [32m[1mLinking CXX shared library libPolyhedraBuoyancyDrag.so[0m
[11.692s] [ 58%] [32m[1mLinking CXX shared library libPlacardPlugin.so[0m
[12.151s] [ 58%] Built target PolyhedraBuoyancyDrag
[12.166s] [ 58%] Built target PlacardPlugin
[12.167s] [ 60%] [32mBuilding CXX object CMakeFiles/AcousticTrackingScoringPlugin.dir/src/WaypointMarkers.cc.o[0m
[12.178s] [ 62%] [32mBuilding CXX object CMakeFiles/StationkeepingScoringPlugin.dir/src/WaypointMarkers.cc.o[0m
[12.220s] [ 64%] [32m[1mLinking CXX shared library libSimpleHydrodynamics.so[0m
[12.225s] [ 66%] [32m[1mLinking CXX shared library libSurface.so[0m
[12.376s] [ 68%] [32m[1mLinking CXX shared library libGymkhanaScoringPlugin.so[0m
[12.577s] [ 68%] Built target SimpleHydrodynamics
[12.633s] [ 70%] [32mBuilding CXX object CMakeFiles/USVWind.dir/src/USVWind.cc.o[0m
[12.757s] [ 70%] Built target Surface
[12.790s] [ 72%] [32mBuilding CXX object CMakeFiles/WaveVisual.dir/src/WaveVisual.cc.o[0m
[12.861s] [ 72%] Built target GymkhanaScoringPlugin
[12.894s] [ 75%] [32mBuilding CXX object CMakeFiles/WildlifeScoringPlugin.dir/src/WildlifeScoringPlugin.cc.o[0m
[13.623s] [ 77%] [32m[1mLinking CXX shared library libPerceptionScoringPlugin.so[0m
[14.067s] [ 77%] Built target PerceptionScoringPlugin
[14.147s] [ 79%] [32m[1mLinking CXX shared library libAcousticPingerPlugin.so[0m
[14.290s] [ 81%] [32m[1mLinking CXX shared library libNavigationScoringPlugin.so[0m
[14.516s] [ 81%] Built target AcousticPingerPlugin
[14.681s] [ 81%] Built target NavigationScoringPlugin
[15.257s] [ 83%] [32m[1mLinking CXX shared library libBallShooterPlugin.so[0m
[15.434s] [ 85%] [32m[1mLinking CXX shared library libScanDockScoringPlugin.so[0m
[15.650s] [ 87%] [32m[1mLinking CXX shared library libWayfindingScoringPlugin.so[0m
[15.672s] [ 87%] Built target BallShooterPlugin
[15.698s] [ 87%] Built target ScanDockScoringPlugin
[15.727s] [ 89%] [32m[1mLinking CXX shared library libAcousticPerceptionScoringPlugin.so[0m
[15.896s] [ 89%] Built target WayfindingScoringPlugin
[15.954s] [ 89%] Built target AcousticPerceptionScoringPlugin
[16.074s] [ 91%] [32m[1mLinking CXX shared library libAcousticTrackingScoringPlugin.so[0m
[16.100s] [ 93%] [32m[1mLinking CXX shared library libStationkeepingScoringPlugin.so[0m
[16.294s] [ 93%] Built target AcousticTrackingScoringPlugin
[16.320s] [ 93%] Built target StationkeepingScoringPlugin
[18.065s] [ 95%] [32m[1mLinking CXX shared library libWildlifeScoringPlugin.so[0m
[18.249s] [ 95%] Built target WildlifeScoringPlugin
[18.349s] [ 97%] [32m[1mLinking CXX shared library libWaveVisual.so[0m
[18.462s] [100%] [32m[1mLinking CXX shared library libUSVWind.so[0m
[18.520s] [100%] Built target WaveVisual
[18.621s] [100%] Built target USVWind
[18.629s] Invoked command in '/home/luca002/proj_ws/build/vrx_gz' returned '0': AMENT_PREFIX_PATH=/home/luca002/proj_ws/install:${AMENT_PREFIX_PATH} CMAKE_PREFIX_PATH=/home/luca002/proj_ws/install:/home/luca002/proj_ws/install/vrx_gz:/home/luca002/proj_ws/install/wamv_gazebo:/home/luca002/proj_ws/install/wamv_description:/home/luca002/proj_ws/install/vrx_ros:/home/luca002/proj_ws/install/vrx_gazebo:/home/luca002/proj_ws/install/pose_to_tf:/home/luca002/proj_ws/install/bluerov2_description:/home/luca002/proj_ws/install/bluerov2_control:/home/luca002/ex_ws/install/dave_worlds:/home/luca002/ex_ws/install/dave_sensor_models:/home/luca002/ex_ws/install/dave_gz_model_plugins:/home/luca002/ex_ws/install/dave_ros_gz_plugins:/home/luca002/ex_ws/install/dave_robot_models:/home/luca002/ex_ws/install/dave_object_models:/home/luca002/ex_ws/install/dave_gz_world_plugins:/home/luca002/ex_ws/install/dave_gz_sensor_plugins:/home/luca002/ex_ws/install/dave_interfaces:/home/luca002/ex_ws/install/dave_demos:/home/luca002/ex_ws/install/dave:/opt/ros/jazzy/opt/gz_sim_vendor:/opt/ros/jazzy/opt/gz_sensors_vendor:/opt/ros/jazzy/opt/gz_physics_vendor:/opt/ros/jazzy/opt/sdformat_vendor:/opt/ros/jazzy/opt/gz_gui_vendor:/opt/ros/jazzy/opt/gz_transport_vendor:/opt/ros/jazzy/opt/gz_rendering_vendor:/opt/ros/jazzy/opt/gz_plugin_vendor:/opt/ros/jazzy/opt/gz_fuel_tools_vendor:/opt/ros/jazzy/opt/gz_msgs_vendor:/opt/ros/jazzy/opt/gz_common_vendor:/opt/ros/jazzy/opt/gz_math_vendor:/opt/ros/jazzy/opt/gz_utils_vendor:/opt/ros/jazzy/opt/gz_tools_vendor:/opt/ros/jazzy/opt/gz_ogre_next_vendor:/opt/ros/jazzy/opt/gz_dartsim_vendor:/opt/ros/jazzy/opt/gz_cmake_vendor:/opt/ros/jazzy DEBUGINFOD_URLS=https://debuginfod.ubuntu.com GZ_SIM_RESOURCE_PATH=/home/luca002/proj_ws/install/share/wamv_description/models:/home/luca002/proj_ws/install/share/vrx_gazebo/models:/home/luca002/proj_ws/install/share:${GZ_SIM_RESOURCE_PATH} PYTHONPATH=/home/luca002/proj_ws/install/lib/python3.12/site-packages:${PYTHONPATH} /usr/bin/cmake --build /home/luca002/proj_ws/build/vrx_gz -- -j16 -l16
[18.630s] Invoking command in '/home/luca002/proj_ws/build/vrx_gz': AMENT_PREFIX_PATH=/home/luca002/proj_ws/install:${AMENT_PREFIX_PATH} CMAKE_PREFIX_PATH=/home/luca002/proj_ws/install:/home/luca002/proj_ws/install/vrx_gz:/home/luca002/proj_ws/install/wamv_gazebo:/home/luca002/proj_ws/install/wamv_description:/home/luca002/proj_ws/install/vrx_ros:/home/luca002/proj_ws/install/vrx_gazebo:/home/luca002/proj_ws/install/pose_to_tf:/home/luca002/proj_ws/install/bluerov2_description:/home/luca002/proj_ws/install/bluerov2_control:/home/luca002/ex_ws/install/dave_worlds:/home/luca002/ex_ws/install/dave_sensor_models:/home/luca002/ex_ws/install/dave_gz_model_plugins:/home/luca002/ex_ws/install/dave_ros_gz_plugins:/home/luca002/ex_ws/install/dave_robot_models:/home/luca002/ex_ws/install/dave_object_models:/home/luca002/ex_ws/install/dave_gz_world_plugins:/home/luca002/ex_ws/install/dave_gz_sensor_plugins:/home/luca002/ex_ws/install/dave_interfaces:/home/luca002/ex_ws/install/dave_demos:/home/luca002/ex_ws/install/dave:/opt/ros/jazzy/opt/gz_sim_vendor:/opt/ros/jazzy/opt/gz_sensors_vendor:/opt/ros/jazzy/opt/gz_physics_vendor:/opt/ros/jazzy/opt/sdformat_vendor:/opt/ros/jazzy/opt/gz_gui_vendor:/opt/ros/jazzy/opt/gz_transport_vendor:/opt/ros/jazzy/opt/gz_rendering_vendor:/opt/ros/jazzy/opt/gz_plugin_vendor:/opt/ros/jazzy/opt/gz_fuel_tools_vendor:/opt/ros/jazzy/opt/gz_msgs_vendor:/opt/ros/jazzy/opt/gz_common_vendor:/opt/ros/jazzy/opt/gz_math_vendor:/opt/ros/jazzy/opt/gz_utils_vendor:/opt/ros/jazzy/opt/gz_tools_vendor:/opt/ros/jazzy/opt/gz_ogre_next_vendor:/opt/ros/jazzy/opt/gz_dartsim_vendor:/opt/ros/jazzy/opt/gz_cmake_vendor:/opt/ros/jazzy DEBUGINFOD_URLS=https://debuginfod.ubuntu.com GZ_SIM_RESOURCE_PATH=/home/luca002/proj_ws/install/share/wamv_description/models:/home/luca002/proj_ws/install/share/vrx_gazebo/models:/home/luca002/proj_ws/install/share:${GZ_SIM_RESOURCE_PATH} PYTHONPATH=/home/luca002/proj_ws/install/lib/python3.12/site-packages:${PYTHONPATH} /usr/bin/cmake --install /home/luca002/proj_ws/build/vrx_gz
[18.636s] -- Install configuration: ""
[18.636s] -- Installing: /home/luca002/proj_ws/install/share/vrx_gz/environment/resource_paths.dsv
[18.636s] -- Installing: /home/luca002/proj_ws/install/share/vrx_gz/environment/resource_paths.sh
[18.637s] -- Installing: /home/luca002/proj_ws/install/lib/libWaves.so
[18.637s] -- Set non-toolchain portion of runtime path of "/home/luca002/proj_ws/install/lib/libWaves.so" to ""
[18.637s] -- Installing: /home/luca002/proj_ws/install/lib/libPolyhedraBuoyancyDrag.so
[18.639s] -- Set non-toolchain portion of runtime path of "/home/luca002/proj_ws/install/lib/libPolyhedraBuoyancyDrag.so" to ""
[18.639s] -- Installing: /home/luca002/proj_ws/install/lib/libScoringPlugin.so
[18.640s] -- Set non-toolchain portion of runtime path of "/home/luca002/proj_ws/install/lib/libScoringPlugin.so" to ""
[18.641s] -- Installing: /home/luca002/proj_ws/install/lib/libStationkeepingScoringPlugin.so
[18.642s] -- Set non-toolchain portion of runtime path of "/home/luca002/proj_ws/install/lib/libStationkeepingScoringPlugin.so" to ""
[18.642s] -- Installing: /home/luca002/proj_ws/install/lib/libWayfindingScoringPlugin.so
[18.644s] -- Set non-toolchain portion of runtime path of "/home/luca002/proj_ws/install/lib/libWayfindingScoringPlugin.so" to ""
[18.644s] -- Installing: /home/luca002/proj_ws/install/lib/libAcousticPerceptionScoringPlugin.so
[18.645s] -- Set non-toolchain portion of runtime path of "/home/luca002/proj_ws/install/lib/libAcousticPerceptionScoringPlugin.so" to ""
[18.645s] -- Installing: /home/luca002/proj_ws/install/lib/libAcousticTrackingScoringPlugin.so
[18.647s] -- Set non-toolchain portion of runtime path of "/home/luca002/proj_ws/install/lib/libAcousticTrackingScoringPlugin.so" to ""
[18.647s] -- Installing: /home/luca002/proj_ws/install/lib/libAcousticPingerPlugin.so
[18.648s] -- Set non-toolchain portion of runtime path of "/home/luca002/proj_ws/install/lib/libAcousticPingerPlugin.so" to ""
[18.648s] -- Installing: /home/luca002/proj_ws/install/lib/libBallShooterPlugin.so
[18.649s] -- Set non-toolchain portion of runtime path of "/home/luca002/proj_ws/install/lib/libBallShooterPlugin.so" to ""
[18.649s] -- Installing: /home/luca002/proj_ws/install/lib/libLightBuoyPlugin.so
[18.650s] -- Set non-toolchain portion of runtime path of "/home/luca002/proj_ws/install/lib/libLightBuoyPlugin.so" to ""
[18.650s] -- Installing: /home/luca002/proj_ws/install/lib/libNavigationScoringPlugin.so
[18.651s] -- Set non-toolchain portion of runtime path of "/home/luca002/proj_ws/install/lib/libNavigationScoringPlugin.so" to ""
[18.651s] -- Installing: /home/luca002/proj_ws/install/lib/libGymkhanaScoringPlugin.so
[18.652s] -- Set non-toolchain portion of runtime path of "/home/luca002/proj_ws/install/lib/libGymkhanaScoringPlugin.so" to ""
[18.652s] -- Installing: /home/luca002/proj_ws/install/lib/libPerceptionScoringPlugin.so
[18.653s] -- Set non-toolchain portion of runtime path of "/home/luca002/proj_ws/install/lib/libPerceptionScoringPlugin.so" to ""
[18.653s] -- Installing: /home/luca002/proj_ws/install/lib/libPlacardPlugin.so
[18.654s] -- Set non-toolchain portion of runtime path of "/home/luca002/proj_ws/install/lib/libPlacardPlugin.so" to ""
[18.654s] -- Installing: /home/luca002/proj_ws/install/lib/libPublisherPlugin.so
[18.655s] -- Set non-toolchain portion of runtime path of "/home/luca002/proj_ws/install/lib/libPublisherPlugin.so" to ""
[18.655s] -- Installing: /home/luca002/proj_ws/install/lib/libScanDockScoringPlugin.so
[18.656s] -- Set non-toolchain portion of runtime path of "/home/luca002/proj_ws/install/lib/libScanDockScoringPlugin.so" to ""
[18.656s] -- Installing: /home/luca002/proj_ws/install/lib/libSimpleHydrodynamics.so
[18.656s] -- Set non-toolchain portion of runtime path of "/home/luca002/proj_ws/install/lib/libSimpleHydrodynamics.so" to ""
[18.656s] -- Installing: /home/luca002/proj_ws/install/lib/libSurface.so
[18.657s] -- Set non-toolchain portion of runtime path of "/home/luca002/proj_ws/install/lib/libSurface.so" to ""
[18.657s] -- Installing: /home/luca002/proj_ws/install/lib/libUSVWind.so
[18.658s] -- Set non-toolchain portion of runtime path of "/home/luca002/proj_ws/install/lib/libUSVWind.so" to ""
[18.658s] -- Installing: /home/luca002/proj_ws/install/lib/libWaveVisual.so
[18.659s] -- Set non-toolchain portion of runtime path of "/home/luca002/proj_ws/install/lib/libWaveVisual.so" to ""
[18.659s] -- Installing: /home/luca002/proj_ws/install/lib/libWildlifeScoringPlugin.so
[18.660s] -- Set non-toolchain portion of runtime path of "/home/luca002/proj_ws/install/lib/libWildlifeScoringPlugin.so" to ""
[18.660s] -- Installing: /home/luca002/proj_ws/install/share/vrx_gz/environment/pythonpath.sh
[18.660s] -- Installing: /home/luca002/proj_ws/install/share/vrx_gz/environment/pythonpath.dsv
[18.660s] -- Installing: /home/luca002/proj_ws/install/lib/python3.12/site-packages/vrx_gz-0.0.0-py3.12.egg-info
[18.661s] -- Installing: /home/luca002/proj_ws/install/lib/python3.12/site-packages/vrx_gz-0.0.0-py3.12.egg-info/dependency_links.txt
[18.661s] -- Installing: /home/luca002/proj_ws/install/lib/python3.12/site-packages/vrx_gz-0.0.0-py3.12.egg-info/PKG-INFO
[18.661s] -- Installing: /home/luca002/proj_ws/install/lib/python3.12/site-packages/vrx_gz-0.0.0-py3.12.egg-info/top_level.txt
[18.661s] -- Installing: /home/luca002/proj_ws/install/lib/python3.12/site-packages/vrx_gz-0.0.0-py3.12.egg-info/SOURCES.txt
[18.661s] -- Installing: /home/luca002/proj_ws/install/lib/python3.12/site-packages/vrx_gz
[18.661s] -- Installing: /home/luca002/proj_ws/install/lib/python3.12/site-packages/vrx_gz/model.py
[18.661s] -- Installing: /home/luca002/proj_ws/install/lib/python3.12/site-packages/vrx_gz/launch.py
[18.661s] -- Installing: /home/luca002/proj_ws/install/lib/python3.12/site-packages/vrx_gz/bridges.py
[18.661s] -- Installing: /home/luca002/proj_ws/install/lib/python3.12/site-packages/vrx_gz/bridge.py
[18.661s] -- Installing: /home/luca002/proj_ws/install/lib/python3.12/site-packages/vrx_gz/payload_bridges.py
[18.661s] -- Installing: /home/luca002/proj_ws/install/lib/python3.12/site-packages/vrx_gz/__init__.py
[18.690s] Listing '/home/luca002/proj_ws/install/lib/python3.12/site-packages/vrx_gz'...
[18.690s] Compiling '/home/luca002/proj_ws/install/lib/python3.12/site-packages/vrx_gz/__init__.py'...
[18.690s] Compiling '/home/luca002/proj_ws/install/lib/python3.12/site-packages/vrx_gz/bridge.py'...
[18.690s] Compiling '/home/luca002/proj_ws/install/lib/python3.12/site-packages/vrx_gz/bridges.py'...
[18.690s] Compiling '/home/luca002/proj_ws/install/lib/python3.12/site-packages/vrx_gz/launch.py'...
[18.690s] Compiling '/home/luca002/proj_ws/install/lib/python3.12/site-packages/vrx_gz/model.py'...
[18.690s] Compiling '/home/luca002/proj_ws/install/lib/python3.12/site-packages/vrx_gz/payload_bridges.py'...
[18.693s] -- Installing: /home/luca002/proj_ws/install/share/vrx_gz/config
[18.693s] -- Installing: /home/luca002/proj_ws/install/share/vrx_gz/config/roboboat.yaml
[18.693s] -- Installing: /home/luca002/proj_ws/install/share/vrx_gz/config/wamv.yaml
[18.693s] -- Installing: /home/luca002/proj_ws/install/share/vrx_gz/launch
[18.693s] -- Installing: /home/luca002/proj_ws/install/share/vrx_gz/launch/spawn.launch.py
[18.693s] -- Installing: /home/luca002/proj_ws/install/share/vrx_gz/launch/usv_joy_teleop.py
[18.694s] -- Installing: /home/luca002/proj_ws/install/share/vrx_gz/launch/spawn_config.launch.py
[18.694s] -- Installing: /home/luca002/proj_ws/install/share/vrx_gz/launch/competition.launch.py
[18.694s] -- Installing: /home/luca002/proj_ws/install/share/vrx_gz/launch/vrx_environment.launch.py
[18.694s] -- Installing: /home/luca002/proj_ws/install/share/vrx_gz/models
[18.694s] -- Installing: /home/luca002/proj_ws/install/share/vrx_gz/models/short_navigation_course_4
[18.694s] -- Installing: /home/luca002/proj_ws/install/share/vrx_gz/models/short_navigation_course_4/model.sdf
[18.694s] -- Installing: /home/luca002/proj_ws/install/share/vrx_gz/models/short_navigation_course_4/model.config
[18.694s] -- Installing: /home/luca002/proj_ws/install/share/vrx_gz/models/robotx_light_buoy_gbr
[18.694s] -- Installing: /home/luca002/proj_ws/install/share/vrx_gz/models/robotx_light_buoy_gbr/model.sdf
[18.694s] -- Installing: /home/luca002/proj_ws/install/share/vrx_gz/models/robotx_light_buoy_gbr/model.config
[18.694s] -- Installing: /home/luca002/proj_ws/install/share/vrx_gz/models/obstacle_course
[18.694s] -- Installing: /home/luca002/proj_ws/install/share/vrx_gz/models/obstacle_course/model.sdf
[18.694s] -- Installing: /home/luca002/proj_ws/install/share/vrx_gz/models/obstacle_course/model.config
[18.694s] -- Installing: /home/luca002/proj_ws/install/share/vrx_gz/models/robotx_light_buoy_yrg
[18.694s] -- Installing: /home/luca002/proj_ws/install/share/vrx_gz/models/robotx_light_buoy_yrg/model.sdf
[18.694s] -- Installing: /home/luca002/proj_ws/install/share/vrx_gz/models/robotx_light_buoy_yrg/model.config
[18.694s] -- Installing: /home/luca002/proj_ws/install/share/vrx_gz/models/short_course_2023_phase3_2
[18.694s] -- Installing: /home/luca002/proj_ws/install/share/vrx_gz/models/short_course_2023_phase3_2/model.sdf
[18.694s] -- Installing: /home/luca002/proj_ws/install/share/vrx_gz/models/short_course_2023_phase3_2/model.config
[18.695s] -- Installing: /home/luca002/proj_ws/install/share/vrx_gz/models/roboboat02
[18.695s] -- Installing: /home/luca002/proj_ws/install/share/vrx_gz/models/roboboat02/meshes
[18.695s] -- Installing: /home/luca002/proj_ws/install/share/vrx_gz/models/roboboat02/meshes/roboboat02.dae
[18.695s] -- Installing: /home/luca002/proj_ws/install/share/vrx_gz/models/roboboat02/materials
[18.695s] -- Installing: /home/luca002/proj_ws/install/share/vrx_gz/models/roboboat02/materials/textures
[18.695s] -- Installing: /home/luca002/proj_ws/install/share/vrx_gz/models/roboboat02/materials/textures/Boat02_Metallic.png
[18.695s] -- Installing: /home/luca002/proj_ws/install/share/vrx_gz/models/roboboat02/materials/textures/Boat02_Albedo.png
[18.698s] -- Installing: /home/luca002/proj_ws/install/share/vrx_gz/models/roboboat02/materials/textures/Boat02_Normal.png
[18.698s] -- Installing: /home/luca002/proj_ws/install/share/vrx_gz/models/roboboat02/materials/textures/Boat02_Roughness.png
[18.700s] -- Installing: /home/luca002/proj_ws/install/share/vrx_gz/models/roboboat02/materials/scripts
[18.700s] -- Installing: /home/luca002/proj_ws/install/share/vrx_gz/models/roboboat02/materials/scripts/model.material
[18.700s] -- Installing: /home/luca002/proj_ws/install/share/vrx_gz/models/roboboat02/model.sdf
[18.700s] -- Installing: /home/luca002/proj_ws/install/share/vrx_gz/models/roboboat02/model.config
[18.700s] -- Installing: /home/luca002/proj_ws/install/share/vrx_gz/models/short_navigation_course_0
[18.700s] -- Installing: /home/luca002/proj_ws/install/share/vrx_gz/models/short_navigation_course_0/model.sdf
[18.700s] -- Installing: /home/luca002/proj_ws/install/share/vrx_gz/models/short_navigation_course_0/model.config
[18.700s] -- Installing: /home/luca002/proj_ws/install/share/vrx_gz/models/short_navigation_course_1
[18.700s] -- Installing: /home/luca002/proj_ws/install/share/vrx_gz/models/short_navigation_course_1/model.sdf
[18.700s] -- Installing: /home/luca002/proj_ws/install/share/vrx_gz/models/short_navigation_course_1/model.config
[18.700s] -- Installing: /home/luca002/proj_ws/install/share/vrx_gz/models/platform
[18.700s] -- Installing: /home/luca002/proj_ws/install/share/vrx_gz/models/platform/model.sdf
[18.700s] -- Installing: /home/luca002/proj_ws/install/share/vrx_gz/models/platform/model.config
[18.700s] -- Installing: /home/luca002/proj_ws/install/share/vrx_gz/models/robotx_light_buoy_bgy
[18.700s] -- Installing: /home/luca002/proj_ws/install/share/vrx_gz/models/robotx_light_buoy_bgy/model.sdf
[18.700s] -- Installing: /home/luca002/proj_ws/install/share/vrx_gz/models/robotx_light_buoy_bgy/model.config
[18.700s] -- Installing: /home/luca002/proj_ws/install/share/vrx_gz/models/dock_2022
[18.700s] -- Installing: /home/luca002/proj_ws/install/share/vrx_gz/models/dock_2022/model.sdf
[18.701s] -- Installing: /home/luca002/proj_ws/install/share/vrx_gz/models/dock_2022/model.config
[18.701s] -- Installing: /home/luca002/proj_ws/install/share/vrx_gz/models/robotx_light_buoy_rbg
[18.701s] -- Installing: /home/luca002/proj_ws/install/share/vrx_gz/models/robotx_light_buoy_rbg/model.sdf
[18.701s] -- Installing: /home/luca002/proj_ws/install/share/vrx_gz/models/robotx_light_buoy_rbg/model.config
[18.701s] -- Installing: /home/luca002/proj_ws/install/share/vrx_gz/models/symbol_triangle
[18.701s] -- Installing: /home/luca002/proj_ws/install/share/vrx_gz/models/symbol_triangle/model.sdf
[18.701s] -- Installing: /home/luca002/proj_ws/install/share/vrx_gz/models/symbol_triangle/mesh
[18.701s] -- Installing: /home/luca002/proj_ws/install/share/vrx_gz/models/symbol_triangle/mesh/triangle.dae
[18.701s] -- Installing: /home/luca002/proj_ws/install/share/vrx_gz/models/symbol_triangle/model.config
[18.701s] -- Installing: /home/luca002/proj_ws/install/share/vrx_gz/models/entrance_exit
[18.701s] -- Installing: /home/luca002/proj_ws/install/share/vrx_gz/models/entrance_exit/model.sdf
[18.701s] -- Installing: /home/luca002/proj_ws/install/share/vrx_gz/models/entrance_exit/model.config
[18.701s] -- Installing: /home/luca002/proj_ws/install/share/vrx_gz/models/short_navigation_course_5
[18.701s] -- Installing: /home/luca002/proj_ws/install/share/vrx_gz/models/short_navigation_course_5/model.sdf
[18.701s] -- Installing: /home/luca002/proj_ws/install/share/vrx_gz/models/short_navigation_course_5/model.config
[18.701s] -- Installing: /home/luca002/proj_ws/install/share/vrx_gz/models/roboboat01
[18.701s] -- Installing: /home/luca002/proj_ws/install/share/vrx_gz/models/roboboat01/meshes
[18.701s] -- Installing: /home/luca002/proj_ws/install/share/vrx_gz/models/roboboat01/meshes/housing.dae
[18.701s] -- Installing: /home/luca002/proj_ws/install/share/vrx_gz/models/roboboat01/meshes/prop.dae
[18.701s] -- Installing: /home/luca002/proj_ws/install/share/vrx_gz/models/roboboat01/meshes/roboboat01.dae
[18.702s] -- Installing: /home/luca002/proj_ws/install/share/vrx_gz/models/roboboat01/meshes/mount.dae
[18.702s] -- Installing: /home/luca002/proj_ws/install/share/vrx_gz/models/roboboat01/materials
[18.702s] -- Installing: /home/luca002/proj_ws/install/share/vrx_gz/models/roboboat01/materials/textures
[18.702s] -- Installing: /home/luca002/proj_ws/install/share/vrx_gz/models/roboboat01/materials/textures/Thruster_Albedo.png
[18.702s] -- Installing: /home/luca002/proj_ws/install/share/vrx_gz/models/roboboat01/materials/textures/Boat01_Roughness.png
[18.704s] -- Installing: /home/luca002/proj_ws/install/share/vrx_gz/models/roboboat01/materials/textures/Boat01_Normal.png
[18.705s] -- Installing: /home/luca002/proj_ws/install/share/vrx_gz/models/roboboat01/materials/textures/Boat01_Albedo.png
[18.709s] -- Installing: /home/luca002/proj_ws/install/share/vrx_gz/models/roboboat01/materials/textures/Boat01_Metallic.png
[18.709s] -- Installing: /home/luca002/proj_ws/install/share/vrx_gz/models/roboboat01/materials/textures/Thruster_Roughness.png
[18.710s] -- Installing: /home/luca002/proj_ws/install/share/vrx_gz/models/roboboat01/materials/scripts
[18.710s] -- Installing: /home/luca002/proj_ws/install/share/vrx_gz/models/roboboat01/materials/scripts/model.material
[18.710s] -- Installing: /home/luca002/proj_ws/install/share/vrx_gz/models/roboboat01/model.sdf
[18.710s] -- Installing: /home/luca002/proj_ws/install/share/vrx_gz/models/roboboat01/model.config
[18.710s] -- Installing: /home/luca002/proj_ws/install/share/vrx_gz/models/coast_waves
[18.710s] -- Installing: /home/luca002/proj_ws/install/share/vrx_gz/models/coast_waves/meshes
[18.710s] -- Installing: /home/luca002/proj_ws/install/share/vrx_gz/models/coast_waves/meshes/waterlow.dae
[18.718s] -- Installing: /home/luca002/proj_ws/install/share/vrx_gz/models/coast_waves/materials
[18.718s] -- Installing: /home/luca002/proj_ws/install/share/vrx_gz/models/coast_waves/materials/programs
[18.718s] -- Installing: /home/luca002/proj_ws/install/share/vrx_gz/models/coast_waves/materials/programs/GerstnerWaves_fs_330.glsl
[18.718s] -- Installing: /home/luca002/proj_ws/install/share/vrx_gz/models/coast_waves/materials/programs/GerstnerWaves_vs_330.glsl
[18.718s] -- Installing: /home/luca002/proj_ws/install/share/vrx_gz/models/coast_waves/materials/textures
[18.718s] -- Installing: /home/luca002/proj_ws/install/share/vrx_gz/models/coast_waves/materials/textures/skybox_lowres.dds
[18.718s] -- Installing: /home/luca002/proj_ws/install/share/vrx_gz/models/coast_waves/materials/textures/wave_normals.dds
[18.718s] -- Installing: /home/luca002/proj_ws/install/share/vrx_gz/models/coast_waves/model.sdf
[18.718s] -- Installing: /home/luca002/proj_ws/install/share/vrx_gz/models/coast_waves/model.config
[18.719s] -- Installing: /home/luca002/proj_ws/install/share/vrx_gz/models/placard_2022
[18.719s] -- Installing: /home/luca002/proj_ws/install/share/vrx_gz/models/placard_2022/meshes
[18.719s] -- Installing: /home/luca002/proj_ws/install/share/vrx_gz/models/placard_2022/meshes/placard_2022.dae
[18.719s] -- Installing: /home/luca002/proj_ws/install/share/vrx_gz/models/placard_2022/materials
[18.719s] -- Installing: /home/luca002/proj_ws/install/share/vrx_gz/models/placard_2022/materials/textures
[18.719s] -- Installing: /home/luca002/proj_ws/install/share/vrx_gz/models/placard_2022/materials/textures/Placard.png
[18.719s] -- Installing: /home/luca002/proj_ws/install/share/vrx_gz/models/placard_2022/model.sdf
[18.719s] -- Installing: /home/luca002/proj_ws/install/share/vrx_gz/models/placard_2022/model.config
[18.719s] -- Installing: /home/luca002/proj_ws/install/share/vrx_gz/models/dock_block_4x4
[18.719s] -- Installing: /home/luca002/proj_ws/install/share/vrx_gz/models/dock_block_4x4/model.sdf
[18.719s] -- Installing: /home/luca002/proj_ws/install/share/vrx_gz/models/dock_block_4x4/mesh
[18.719s] -- Installing: /home/luca002/proj_ws/install/share/vrx_gz/models/dock_block_4x4/mesh/DockCubes_Metalness.png
[18.719s] -- Installing: /home/luca002/proj_ws/install/share/vrx_gz/models/dock_block_4x4/mesh/DockCubes_Albedo.png
[18.719s] -- Installing: /home/luca002/proj_ws/install/share/vrx_gz/models/dock_block_4x4/mesh/DockCubes_Normal.png
[18.731s] -- Installing: /home/luca002/proj_ws/install/share/vrx_gz/models/dock_block_4x4/mesh/DockCubes_Roughness.png
[18.731s] -- Installing: /home/luca002/proj_ws/install/share/vrx_gz/models/dock_block_4x4/mesh/dock_block_4x4.dae
[18.732s] -- Installing: /home/luca002/proj_ws/install/share/vrx_gz/models/dock_block_4x4/model.config
[18.732s] -- Installing: /home/luca002/proj_ws/install/share/vrx_gz/models/short_navigation_course_3
[18.732s] -- Installing: /home/luca002/proj_ws/install/share/vrx_gz/models/short_navigation_course_3/model.sdf
[18.732s] -- Installing: /home/luca002/proj_ws/install/share/vrx_gz/models/short_navigation_course_3/model.config
[18.732s] -- Installing: /home/luca002/proj_ws/install/share/vrx_gz/models/roboboat_cpubox
[18.732s] -- Installing: /home/luca002/proj_ws/install/share/vrx_gz/models/roboboat_cpubox/meshes
[18.732s] -- Installing: /home/luca002/proj_ws/install/share/vrx_gz/models/roboboat_cpubox/meshes/drybox.dae
[18.732s] -- Installing: /home/luca002/proj_ws/install/share/vrx_gz/models/roboboat_cpubox/materials
[18.732s] -- Installing: /home/luca002/proj_ws/install/share/vrx_gz/models/roboboat_cpubox/materials/textures
[18.733s] -- Installing: /home/luca002/proj_ws/install/share/vrx_gz/models/roboboat_cpubox/materials/textures/DryBox_Roughness.png
[18.737s] -- Installing: /home/luca002/proj_ws/install/share/vrx_gz/models/roboboat_cpubox/materials/textures/DryBox_Albedo.png
[18.740s] -- Installing: /home/luca002/proj_ws/install/share/vrx_gz/models/roboboat_cpubox/model.sdf
[18.740s] -- Installing: /home/luca002/proj_ws/install/share/vrx_gz/models/roboboat_cpubox/model.config
[18.740s] -- Installing: /home/luca002/proj_ws/install/share/vrx_gz/models/short_navigation_course_2
[18.740s] -- Installing: /home/luca002/proj_ws/install/share/vrx_gz/models/short_navigation_course_2/model.sdf
[18.740s] -- Installing: /home/luca002/proj_ws/install/share/vrx_gz/models/short_navigation_course_2/model.config
[18.740s] -- Installing: /home/luca002/proj_ws/install/share/vrx_gz/models/robotx_light_buoy_ybr
[18.740s] -- Installing: /home/luca002/proj_ws/install/share/vrx_gz/models/robotx_light_buoy_ybr/model.sdf
[18.740s] -- Installing: /home/luca002/proj_ws/install/share/vrx_gz/models/robotx_light_buoy_ybr/model.config
[18.740s] -- Installing: /home/luca002/proj_ws/install/share/vrx_gz/models/robotx_light_buoy_rgb
[18.740s] -- Installing: /home/luca002/proj_ws/install/share/vrx_gz/models/robotx_light_buoy_rgb/model.sdf
[18.740s] -- Installing: /home/luca002/proj_ws/install/share/vrx_gz/models/robotx_light_buoy_rgb/mesh
[18.740s] -- Installing: /home/luca002/proj_ws/install/share/vrx_gz/models/robotx_light_buoy_rgb/mesh/LightTower_Opacity.png
[18.740s] -- Installing: /home/luca002/proj_ws/install/share/vrx_gz/models/robotx_light_buoy_rgb/mesh/LightTower_Metalness.png
[18.740s] -- Installing: /home/luca002/proj_ws/install/share/vrx_gz/models/robotx_light_buoy_rgb/mesh/LightTower_Roughness.png
[18.740s] -- Installing: /home/luca002/proj_ws/install/share/vrx_gz/models/robotx_light_buoy_rgb/mesh/LightTower_Normal.png
[18.742s] -- Installing: /home/luca002/proj_ws/install/share/vrx_gz/models/robotx_light_buoy_rgb/mesh/robotx_light_buoy.dae
[18.743s] -- Installing: /home/luca002/proj_ws/install/share/vrx_gz/models/robotx_light_buoy_rgb/mesh/LightTower_Albedo.png
[18.744s] -- Installing: /home/luca002/proj_ws/install/share/vrx_gz/models/robotx_light_buoy_rgb/model.config
[18.744s] -- Installing: /home/luca002/proj_ws/install/share/vrx_gz/models/robotx_light_buoy_ygb
[18.744s] -- Installing: /home/luca002/proj_ws/install/share/vrx_gz/models/robotx_light_buoy_ygb/model.sdf
[18.744s] -- Installing: /home/luca002/proj_ws/install/share/vrx_gz/models/robotx_light_buoy_ygb/model.config
[18.744s] -- Installing: /home/luca002/proj_ws/install/share/vrx_gz/models/short_course_2023_phase3_1
[18.744s] -- Installing: /home/luca002/proj_ws/install/share/vrx_gz/models/short_course_2023_phase3_1/model.sdf
[18.744s] -- Installing: /home/luca002/proj_ws/install/share/vrx_gz/models/short_course_2023_phase3_1/model.config
[18.744s] -- Installing: /home/luca002/proj_ws/install/share/vrx_gz/models/robotx_light_buoy_rgy
[18.744s] -- Installing: /home/luca002/proj_ws/install/share/vrx_gz/models/robotx_light_buoy_rgy/model.sdf
[18.744s] -- Installing: /home/luca002/proj_ws/install/share/vrx_gz/models/robotx_light_buoy_rgy/model.config
[18.744s] -- Installing: /home/luca002/proj_ws/install/share/vrx_gz/models/dock_2022_base
[18.744s] -- Installing: /home/luca002/proj_ws/install/share/vrx_gz/models/dock_2022_base/model.sdf
[18.744s] -- Installing: /home/luca002/proj_ws/install/share/vrx_gz/models/dock_2022_base/model.config
[18.744s] -- Installing: /home/luca002/proj_ws/install/share/vrx_gz/models/robotx_light_buoy_bgr
[18.744s] -- Installing: /home/luca002/proj_ws/install/share/vrx_gz/models/robotx_light_buoy_bgr/model.sdf
[18.745s] -- Installing: /home/luca002/proj_ws/install/share/vrx_gz/models/robotx_light_buoy_bgr/model.config
[18.745s] -- Installing: /home/luca002/proj_ws/install/share/vrx_gz/models/articulated_platform
[18.745s] -- Installing: /home/luca002/proj_ws/install/share/vrx_gz/models/articulated_platform/model.sdf
[18.745s] -- Installing: /home/luca002/proj_ws/install/share/vrx_gz/models/articulated_platform/model.config
[18.745s] -- Installing: /home/luca002/proj_ws/install/share/vrx_gz/worlds
[18.745s] -- Installing: /home/luca002/proj_ws/install/share/vrx_gz/worlds/follow_path_task.sdf
[18.745s] -- Installing: /home/luca002/proj_ws/install/share/vrx_gz/worlds/sydney_regatta.sdf
[18.745s] -- Installing: /home/luca002/proj_ws/install/share/vrx_gz/worlds/nbpark.sdf
[18.745s] -- Installing: /home/luca002/proj_ws/install/share/vrx_gz/worlds/navigation_task.sdf
[18.745s] -- Installing: /home/luca002/proj_ws/install/share/vrx_gz/worlds/gymkhana_task.sdf
[18.745s] -- Installing: /home/luca002/proj_ws/install/share/vrx_gz/worlds/scan_dock_deliver_task.sdf
[18.745s] -- Installing: /home/luca002/proj_ws/install/share/vrx_gz/worlds/wayfinding_task.sdf
[18.745s] -- Installing: /home/luca002/proj_ws/install/share/vrx_gz/worlds/stationkeeping_task.sdf
[18.745s] -- Installing: /home/luca002/proj_ws/install/share/vrx_gz/worlds/perception_task.sdf
[18.745s] -- Installing: /home/luca002/proj_ws/install/share/vrx_gz/worlds/2023_practice
[18.745s] -- Installing: /home/luca002/proj_ws/install/share/vrx_gz/worlds/2023_practice/practice_2023_acoustic_perception0_task.sdf
[18.745s] -- Installing: /home/luca002/proj_ws/install/share/vrx_gz/worlds/2023_practice/practice_2023_wayfinding1_task.sdf
[18.745s] -- Installing: /home/luca002/proj_ws/install/share/vrx_gz/worlds/2023_practice/practice_2023_acoustic_perception2_task.sdf
[18.745s] -- Installing: /home/luca002/proj_ws/install/share/vrx_gz/worlds/2023_practice/practice_2023_perception0_task.sdf
[18.745s] -- Installing: /home/luca002/proj_ws/install/share/vrx_gz/worlds/2023_practice/practice_2023_follow_path1_task.sdf
[18.745s] -- Installing: /home/luca002/proj_ws/install/share/vrx_gz/worlds/2023_practice/practice_2023_scan_dock_deliver1_task.sdf
[18.746s] -- Installing: /home/luca002/proj_ws/install/share/vrx_gz/worlds/2023_practice/practice_2023_stationkeeping0_task.sdf
[18.746s] -- Installing: /home/luca002/proj_ws/install/share/vrx_gz/worlds/2023_practice/practice_2023_wildlife0_task.sdf
[18.746s] -- Installing: /home/luca002/proj_ws/install/share/vrx_gz/worlds/2023_practice/practice_2023_acoustic_tracking0_task.sdf
[18.746s] -- Installing: /home/luca002/proj_ws/install/share/vrx_gz/worlds/2023_practice/practice_2023_wildlife2_task.sdf
[18.746s] -- Installing: /home/luca002/proj_ws/install/share/vrx_gz/worlds/2023_practice/practice_2023_acoustic_perception1_task.sdf
[18.746s] -- Installing: /home/luca002/proj_ws/install/share/vrx_gz/worlds/2023_practice/practice_2023_wayfinding0_task.sdf
[18.746s] -- Installing: /home/luca002/proj_ws/install/share/vrx_gz/worlds/2023_practice/practice_2023_stationkeeping1_task.sdf
[18.746s] -- Installing: /home/luca002/proj_ws/install/share/vrx_gz/worlds/2023_practice/practice_2023_wayfinding2_task.sdf
[18.746s] -- Installing: /home/luca002/proj_ws/install/share/vrx_gz/worlds/2023_practice/practice_2023_acoustic_tracking1_task.sdf
[18.746s] -- Installing: /home/luca002/proj_ws/install/share/vrx_gz/worlds/2023_practice/practice_2023_scan_dock_deliver2_task.sdf
[18.746s] -- Installing: /home/luca002/proj_ws/install/share/vrx_gz/worlds/2023_practice/practice_2023_perception2_task.sdf
[18.746s] -- Installing: /home/luca002/proj_ws/install/share/vrx_gz/worlds/2023_practice/practice_2023_perception1_task.sdf
[18.746s] -- Installing: /home/luca002/proj_ws/install/share/vrx_gz/worlds/2023_practice/practice_2023_follow_path0_task.sdf
[18.746s] -- Installing: /home/luca002/proj_ws/install/share/vrx_gz/worlds/2023_practice/practice_2023_acoustic_tracking2_task.sdf
[18.746s] -- Installing: /home/luca002/proj_ws/install/share/vrx_gz/worlds/2023_practice/practice_2023_stationkeeping2_task.sdf
[18.746s] -- Installing: /home/luca002/proj_ws/install/share/vrx_gz/worlds/2023_practice/practice_2023_wildlife1_task.sdf
[18.746s] -- Installing: /home/luca002/proj_ws/install/share/vrx_gz/worlds/2023_practice/practice_2023_scan_dock_deliver0_task.sdf
[18.746s] -- Installing: /home/luca002/proj_ws/install/share/vrx_gz/worlds/2023_practice/practice_2023_follow_path2_task.sdf
[18.746s] -- Installing: /home/luca002/proj_ws/install/share/vrx_gz/worlds/wildlife_task.sdf
[18.746s] -- Installing: /home/luca002/proj_ws/install/share/vrx_gz/worlds/acoustic_tracking_task.sdf
[18.746s] -- Installing: /home/luca002/proj_ws/install/share/vrx_gz/worlds/acoustic_perception_task.sdf
[18.746s] -- Installing: /home/luca002/proj_ws/install/share/vrx_gz/worlds/2023_phase2
[18.747s] -- Installing: /home/luca002/proj_ws/install/share/vrx_gz/worlds/2023_phase2/phase2_2023_scan_dock_deliver3.sdf
[18.747s] -- Installing: /home/luca002/proj_ws/install/share/vrx_gz/worlds/2023_phase2/phase2_2023_acoustic_perception4.sdf
[18.747s] -- Installing: /home/luca002/proj_ws/install/share/vrx_gz/worlds/2023_phase2/phase2_2023_wayfinding5.sdf
[18.747s] -- Installing: /home/luca002/proj_ws/install/share/vrx_gz/worlds/2023_phase2/phase2_2023_acoustic_tracking1.sdf
[18.747s] -- Installing: /home/luca002/proj_ws/install/share/vrx_gz/worlds/2023_phase2/phase2_2023_wildlife3.sdf
[18.747s] -- Installing: /home/luca002/proj_ws/install/share/vrx_gz/worlds/2023_phase2/phase2_2023_stationkeeping1.sdf
[18.747s] -- Installing: /home/luca002/proj_ws/install/share/vrx_gz/worlds/2023_phase2/phase2_2023_wayfinding2.sdf
[18.747s] -- Installing: /home/luca002/proj_ws/install/share/vrx_gz/worlds/2023_phase2/phase2_2023_scan_dock_deliver4.sdf
[18.747s] -- Installing: /home/luca002/proj_ws/install/share/vrx_gz/worlds/2023_phase2/phase2_2023_acoustic_perception0.sdf
[18.747s] -- Installing: /home/luca002/proj_ws/install/share/vrx_gz/worlds/2023_phase2/phase2_2023_acoustic_tracking4.sdf
[18.747s] -- Installing: /home/luca002/proj_ws/install/share/vrx_gz/worlds/2023_phase2/phase2_2023_stationkeeping5.sdf
[18.747s] -- Installing: /home/luca002/proj_ws/install/share/vrx_gz/worlds/2023_phase2/phase2_2023_perception0.sdf
[18.747s] -- Installing: /home/luca002/proj_ws/install/share/vrx_gz/worlds/2023_phase2/phase2_2023_stationkeeping2.sdf
[18.747s] -- Installing: /home/luca002/proj_ws/install/share/vrx_gz/worlds/2023_phase2/phase2_2023_follow_path5.sdf
[18.747s] -- Installing: /home/luca002/proj_ws/install/share/vrx_gz/worlds/2023_phase2/phase2_2023_wildlife1.sdf
[18.747s] -- Installing: /home/luca002/proj_ws/install/share/vrx_gz/worlds/2023_phase2/phase2_2023_perception5.sdf
[18.747s] -- Installing: /home/luca002/proj_ws/install/share/vrx_gz/worlds/2023_phase2/phase2_2023_wayfinding0.sdf
[18.747s] -- Installing: /home/luca002/proj_ws/install/share/vrx_gz/worlds/2023_phase2/phase2_2023_acoustic_perception5.sdf
[18.747s] -- Installing: /home/luca002/proj_ws/install/share/vrx_gz/worlds/2023_phase2/phase2_2023_scan_dock_deliver2.sdf
[18.747s] -- Installing: /home/luca002/proj_ws/install/share/vrx_gz/worlds/2023_phase2/phase2_2023_scan_dock_deliver1.sdf
[18.747s] -- Installing: /home/luca002/proj_ws/install/share/vrx_gz/worlds/2023_phase2/phase2_2023_follow_path4.sdf
[18.747s] -- Installing: /home/luca002/proj_ws/install/share/vrx_gz/worlds/2023_phase2/phase2_2023_acoustic_tracking3.sdf
[18.748s] -- Installing: /home/luca002/proj_ws/install/share/vrx_gz/worlds/2023_phase2/phase2_2023_acoustic_tracking5.sdf
[18.748s] -- Installing: /home/luca002/proj_ws/install/share/vrx_gz/worlds/2023_phase2/phase2_2023_scan_dock_deliver5.sdf
[18.748s] -- Installing: /home/luca002/proj_ws/install/share/vrx_gz/worlds/2023_phase2/phase2_2023_stationkeeping0.sdf
[18.748s] -- Installing: /home/luca002/proj_ws/install/share/vrx_gz/worlds/2023_phase2/phase2_2023_follow_path2.sdf
[18.748s] -- Installing: /home/luca002/proj_ws/install/share/vrx_gz/worlds/2023_phase2/phase2_2023_acoustic_perception1.sdf
[18.748s] -- Installing: /home/luca002/proj_ws/install/share/vrx_gz/worlds/2023_phase2/phase2_2023_scan_dock_deliver0.sdf
[18.748s] -- Installing: /home/luca002/proj_ws/install/share/vrx_gz/worlds/2023_phase2/phase2_2023_acoustic_perception3.sdf
[18.748s] -- Installing: /home/luca002/proj_ws/install/share/vrx_gz/worlds/2023_phase2/phase2_2023_wayfinding3.sdf
[18.748s] -- Installing: /home/luca002/proj_ws/install/share/vrx_gz/worlds/2023_phase2/phase2_2023_wildlife5.sdf
[18.748s] -- Installing: /home/luca002/proj_ws/install/share/vrx_gz/worlds/2023_phase2/phase2_2023_wayfinding1.sdf
[18.748s] -- Installing: /home/luca002/proj_ws/install/share/vrx_gz/worlds/2023_phase2/phase2_2023_wildlife2.sdf
[18.748s] -- Installing: /home/luca002/proj_ws/install/share/vrx_gz/worlds/2023_phase2/phase2_2023_follow_path0.sdf
[18.748s] -- Installing: /home/luca002/proj_ws/install/share/vrx_gz/worlds/2023_phase2/phase2_2023_perception3.sdf
[18.748s] -- Installing: /home/luca002/proj_ws/install/share/vrx_gz/worlds/2023_phase2/phase2_2023_perception2.sdf
[18.748s] -- Installing: /home/luca002/proj_ws/install/share/vrx_gz/worlds/2023_phase2/phase2_2023_stationkeeping3.sdf
[18.748s] -- Installing: /home/luca002/proj_ws/install/share/vrx_gz/worlds/2023_phase2/phase2_2023_stationkeeping4.sdf
[18.748s] -- Installing: /home/luca002/proj_ws/install/share/vrx_gz/worlds/2023_phase2/phase2_2023_acoustic_tracking2.sdf
[18.748s] -- Installing: /home/luca002/proj_ws/install/share/vrx_gz/worlds/2023_phase2/phase2_2023_follow_path3.sdf
[18.748s] -- Installing: /home/luca002/proj_ws/install/share/vrx_gz/worlds/2023_phase2/phase2_2023_wayfinding4.sdf
[18.748s] -- Installing: /home/luca002/proj_ws/install/share/vrx_gz/worlds/2023_phase2/phase2_2023_follow_path1.sdf
[18.748s] -- Installing: /home/luca002/proj_ws/install/share/vrx_gz/worlds/2023_phase2/phase2_2023_perception4.sdf
[18.749s] -- Installing: /home/luca002/proj_ws/install/share/vrx_gz/worlds/2023_phase2/phase2_2023_perception1.sdf
[18.749s] -- Installing: /home/luca002/proj_ws/install/share/vrx_gz/worlds/2023_phase2/phase2_2023_wildlife0.sdf
[18.749s] -- Installing: /home/luca002/proj_ws/install/share/vrx_gz/worlds/2023_phase2/phase2_2023_acoustic_tracking0.sdf
[18.749s] -- Installing: /home/luca002/proj_ws/install/share/vrx_gz/worlds/2023_phase2/phase2_2023_wildlife4.sdf
[18.749s] -- Installing: /home/luca002/proj_ws/install/share/vrx_gz/worlds/2023_phase2/phase2_2023_acoustic_perception2.sdf
[18.749s] -- Installing: /home/luca002/proj_ws/install/share/ament_index/resource_index/package_run_dependencies/vrx_gz
[18.749s] -- Installing: /home/luca002/proj_ws/install/share/ament_index/resource_index/parent_prefix_path/vrx_gz
[18.749s] -- Installing: /home/luca002/proj_ws/install/share/vrx_gz/environment/ament_prefix_path.sh
[18.749s] -- Installing: /home/luca002/proj_ws/install/share/vrx_gz/environment/ament_prefix_path.dsv
[18.749s] -- Installing: /home/luca002/proj_ws/install/share/vrx_gz/environment/path.sh
[18.749s] -- Installing: /home/luca002/proj_ws/install/share/vrx_gz/environment/path.dsv
[18.749s] -- Installing: /home/luca002/proj_ws/install/share/vrx_gz/local_setup.bash
[18.749s] -- Installing: /home/luca002/proj_ws/install/share/vrx_gz/local_setup.sh
[18.749s] -- Installing: /home/luca002/proj_ws/install/share/vrx_gz/local_setup.zsh
[18.749s] -- Installing: /home/luca002/proj_ws/install/share/vrx_gz/local_setup.dsv
[18.749s] -- Installing: /home/luca002/proj_ws/install/share/vrx_gz/package.dsv
[18.749s] -- Installing: /home/luca002/proj_ws/install/share/ament_index/resource_index/packages/vrx_gz
[18.750s] -- Installing: /home/luca002/proj_ws/install/share/vrx_gz/cmake/vrx_gzConfig.cmake
[18.750s] -- Installing: /home/luca002/proj_ws/install/share/vrx_gz/cmake/vrx_gzConfig-version.cmake
[18.750s] -- Installing: /home/luca002/proj_ws/install/share/vrx_gz/package.xml
[18.752s] Invoked command in '/home/luca002/proj_ws/build/vrx_gz' returned '0': AMENT_PREFIX_PATH=/home/luca002/proj_ws/install:${AMENT_PREFIX_PATH} CMAKE_PREFIX_PATH=/home/luca002/proj_ws/install:/home/luca002/proj_ws/install/vrx_gz:/home/luca002/proj_ws/install/wamv_gazebo:/home/luca002/proj_ws/install/wamv_description:/home/luca002/proj_ws/install/vrx_ros:/home/luca002/proj_ws/install/vrx_gazebo:/home/luca002/proj_ws/install/pose_to_tf:/home/luca002/proj_ws/install/bluerov2_description:/home/luca002/proj_ws/install/bluerov2_control:/home/luca002/ex_ws/install/dave_worlds:/home/luca002/ex_ws/install/dave_sensor_models:/home/luca002/ex_ws/install/dave_gz_model_plugins:/home/luca002/ex_ws/install/dave_ros_gz_plugins:/home/luca002/ex_ws/install/dave_robot_models:/home/luca002/ex_ws/install/dave_object_models:/home/luca002/ex_ws/install/dave_gz_world_plugins:/home/luca002/ex_ws/install/dave_gz_sensor_plugins:/home/luca002/ex_ws/install/dave_interfaces:/home/luca002/ex_ws/install/dave_demos:/home/luca002/ex_ws/install/dave:/opt/ros/jazzy/opt/gz_sim_vendor:/opt/ros/jazzy/opt/gz_sensors_vendor:/opt/ros/jazzy/opt/gz_physics_vendor:/opt/ros/jazzy/opt/sdformat_vendor:/opt/ros/jazzy/opt/gz_gui_vendor:/opt/ros/jazzy/opt/gz_transport_vendor:/opt/ros/jazzy/opt/gz_rendering_vendor:/opt/ros/jazzy/opt/gz_plugin_vendor:/opt/ros/jazzy/opt/gz_fuel_tools_vendor:/opt/ros/jazzy/opt/gz_msgs_vendor:/opt/ros/jazzy/opt/gz_common_vendor:/opt/ros/jazzy/opt/gz_math_vendor:/opt/ros/jazzy/opt/gz_utils_vendor:/opt/ros/jazzy/opt/gz_tools_vendor:/opt/ros/jazzy/opt/gz_ogre_next_vendor:/opt/ros/jazzy/opt/gz_dartsim_vendor:/opt/ros/jazzy/opt/gz_cmake_vendor:/opt/ros/jazzy DEBUGINFOD_URLS=https://debuginfod.ubuntu.com GZ_SIM_RESOURCE_PATH=/home/luca002/proj_ws/install/share/wamv_description/models:/home/luca002/proj_ws/install/share/vrx_gazebo/models:/home/luca002/proj_ws/install/share:${GZ_SIM_RESOURCE_PATH} PYTHONPATH=/home/luca002/proj_ws/install/lib/python3.12/site-packages:${PYTHONPATH} /usr/bin/cmake --install /home/luca002/proj_ws/build/vrx_gz
