[0.148s] DEBUG:colcon:Command line arguments: ['/usr/bin/colcon', 'build']
[0.148s] DEBUG:colcon:Parsed command line arguments: Namespace(log_base=None, log_level=None, verb_name='build', build_base='build', install_base='install', merge_install=False, symlink_install=False, test_result_base=None, continue_on_error=False, executor='parallel', parallel_workers=16, event_handlers=None, ignore_user_meta=False, metas=['./colcon.meta'], base_paths=['.'], packages_ignore=None, packages_ignore_regex=None, paths=None, packages_up_to=None, packages_up_to_regex=None, packages_above=None, packages_above_and_dependencies=None, packages_above_depth=None, packages_select_by_dep=None, packages_skip_by_dep=None, packages_skip_up_to=None, packages_select_build_failed=False, packages_skip_build_finished=False, packages_select_test_failures=False, packages_skip_test_passed=False, packages_select=None, packages_skip=None, packages_select_regex=None, packages_skip_regex=None, packages_start=None, packages_end=None, allow_overriding=[], cmake_args=None, cmake_target=None, cmake_target_skip_unavailable=False, cmake_clean_cache=False, cmake_clean_first=False, cmake_force_configure=False, ament_cmake_args=None, catkin_cmake_args=None, catkin_skip_building_tests=False, mixin_files=None, mixin=None, verb_parser=<colcon_mixin.mixin.mixin_argument.MixinArgumentDecorator object at 0x7ad16619d5b0>, verb_extension=<colcon_core.verb.build.BuildVerb object at 0x7ad16619d1f0>, main=<bound method BuildVerb.main of <colcon_core.verb.build.BuildVerb object at 0x7ad16619d1f0>>, mixin_verb=('build',))
[0.186s] Level 1:colcon.colcon_core.package_discovery:discover_packages(colcon_meta) check parameters
[0.186s] Level 1:colcon.colcon_core.package_discovery:discover_packages(recursive) check parameters
[0.186s] Level 1:colcon.colcon_core.package_discovery:discover_packages(ignore) check parameters
[0.186s] Level 1:colcon.colcon_core.package_discovery:discover_packages(path) check parameters
[0.186s] Level 1:colcon.colcon_core.package_discovery:discover_packages(colcon_meta) discover
[0.186s] Level 1:colcon.colcon_core.package_discovery:discover_packages(recursive) discover
[0.186s] INFO:colcon.colcon_core.package_discovery:Crawling recursively for packages in '/home/luca002/proj_ws'
[0.186s] Level 1:colcon.colcon_core.package_identification:_identify(.) by extensions ['ignore', 'ignore_ament_install']
[0.186s] Level 1:colcon.colcon_core.package_identification:_identify(.) by extension 'ignore'
[0.186s] Level 1:colcon.colcon_core.package_identification:_identify(.) by extension 'ignore_ament_install'
[0.186s] Level 1:colcon.colcon_core.package_identification:_identify(.) by extensions ['colcon_pkg']
[0.186s] Level 1:colcon.colcon_core.package_identification:_identify(.) by extension 'colcon_pkg'
[0.186s] Level 1:colcon.colcon_core.package_identification:_identify(.) by extensions ['colcon_meta']
[0.186s] Level 1:colcon.colcon_core.package_identification:_identify(.) by extension 'colcon_meta'
[0.186s] Level 1:colcon.colcon_core.package_identification:_identify(.) by extensions ['ros']
[0.186s] Level 1:colcon.colcon_core.package_identification:_identify(.) by extension 'ros'
[0.205s] Level 1:colcon.colcon_core.package_identification:_identify(.) by extensions ['cmake', 'python']
[0.205s] Level 1:colcon.colcon_core.package_identification:_identify(.) by extension 'cmake'
[0.205s] Level 1:colcon.colcon_core.package_identification:_identify(.) by extension 'python'
[0.205s] Level 1:colcon.colcon_core.package_identification:_identify(.) by extensions ['python_setup_py']
[0.205s] Level 1:colcon.colcon_core.package_identification:_identify(.) by extension 'python_setup_py'
[0.205s] Level 1:colcon.colcon_core.package_identification:_identify(build) by extensions ['ignore', 'ignore_ament_install']
[0.205s] Level 1:colcon.colcon_core.package_identification:_identify(build) by extension 'ignore'
[0.205s] Level 1:colcon.colcon_core.package_identification:_identify(build) ignored
[0.205s] Level 1:colcon.colcon_core.package_identification:_identify(install) by extensions ['ignore', 'ignore_ament_install']
[0.205s] Level 1:colcon.colcon_core.package_identification:_identify(install) by extension 'ignore'
[0.205s] Level 1:colcon.colcon_core.package_identification:_identify(install) ignored
[0.205s] Level 1:colcon.colcon_core.package_identification:_identify(log) by extensions ['ignore', 'ignore_ament_install']
[0.206s] Level 1:colcon.colcon_core.package_identification:_identify(log) by extension 'ignore'
[0.206s] Level 1:colcon.colcon_core.package_identification:_identify(log) ignored
[0.206s] Level 1:colcon.colcon_core.package_identification:_identify(src) by extensions ['ignore', 'ignore_ament_install']
[0.206s] Level 1:colcon.colcon_core.package_identification:_identify(src) by extension 'ignore'
[0.206s] Level 1:colcon.colcon_core.package_identification:_identify(src) by extension 'ignore_ament_install'
[0.206s] Level 1:colcon.colcon_core.package_identification:_identify(src) by extensions ['colcon_pkg']
[0.206s] Level 1:colcon.colcon_core.package_identification:_identify(src) by extension 'colcon_pkg'
[0.206s] Level 1:colcon.colcon_core.package_identification:_identify(src) by extensions ['colcon_meta']
[0.206s] Level 1:colcon.colcon_core.package_identification:_identify(src) by extension 'colcon_meta'
[0.206s] Level 1:colcon.colcon_core.package_identification:_identify(src) by extensions ['ros']
[0.206s] Level 1:colcon.colcon_core.package_identification:_identify(src) by extension 'ros'
[0.206s] Level 1:colcon.colcon_core.package_identification:_identify(src) by extensions ['cmake', 'python']
[0.206s] Level 1:colcon.colcon_core.package_identification:_identify(src) by extension 'cmake'
[0.206s] Level 1:colcon.colcon_core.package_identification:_identify(src) by extension 'python'
[0.206s] Level 1:colcon.colcon_core.package_identification:_identify(src) by extensions ['python_setup_py']
[0.206s] Level 1:colcon.colcon_core.package_identification:_identify(src) by extension 'python_setup_py'
[0.206s] Level 1:colcon.colcon_core.package_identification:_identify(src/boat) by extensions ['ignore', 'ignore_ament_install']
[0.206s] Level 1:colcon.colcon_core.package_identification:_identify(src/boat) by extension 'ignore'
[0.206s] Level 1:colcon.colcon_core.package_identification:_identify(src/boat) by extension 'ignore_ament_install'
[0.206s] Level 1:colcon.colcon_core.package_identification:_identify(src/boat) by extensions ['colcon_pkg']
[0.206s] Level 1:colcon.colcon_core.package_identification:_identify(src/boat) by extension 'colcon_pkg'
[0.206s] Level 1:colcon.colcon_core.package_identification:_identify(src/boat) by extensions ['colcon_meta']
[0.206s] Level 1:colcon.colcon_core.package_identification:_identify(src/boat) by extension 'colcon_meta'
[0.206s] Level 1:colcon.colcon_core.package_identification:_identify(src/boat) by extensions ['ros']
[0.206s] Level 1:colcon.colcon_core.package_identification:_identify(src/boat) by extension 'ros'
[0.206s] Level 1:colcon.colcon_core.package_identification:_identify(src/boat) by extensions ['cmake', 'python']
[0.206s] Level 1:colcon.colcon_core.package_identification:_identify(src/boat) by extension 'cmake'
[0.206s] Level 1:colcon.colcon_core.package_identification:_identify(src/boat) by extension 'python'
[0.206s] Level 1:colcon.colcon_core.package_identification:_identify(src/boat) by extensions ['python_setup_py']
[0.206s] Level 1:colcon.colcon_core.package_identification:_identify(src/boat) by extension 'python_setup_py'
[0.206s] Level 1:colcon.colcon_core.package_identification:_identify(src/boat/materials) by extensions ['ignore', 'ignore_ament_install']
[0.206s] Level 1:colcon.colcon_core.package_identification:_identify(src/boat/materials) by extension 'ignore'
[0.206s] Level 1:colcon.colcon_core.package_identification:_identify(src/boat/materials) by extension 'ignore_ament_install'
[0.207s] Level 1:colcon.colcon_core.package_identification:_identify(src/boat/materials) by extensions ['colcon_pkg']
[0.207s] Level 1:colcon.colcon_core.package_identification:_identify(src/boat/materials) by extension 'colcon_pkg'
[0.207s] Level 1:colcon.colcon_core.package_identification:_identify(src/boat/materials) by extensions ['colcon_meta']
[0.207s] Level 1:colcon.colcon_core.package_identification:_identify(src/boat/materials) by extension 'colcon_meta'
[0.207s] Level 1:colcon.colcon_core.package_identification:_identify(src/boat/materials) by extensions ['ros']
[0.207s] Level 1:colcon.colcon_core.package_identification:_identify(src/boat/materials) by extension 'ros'
[0.207s] Level 1:colcon.colcon_core.package_identification:_identify(src/boat/materials) by extensions ['cmake', 'python']
[0.207s] Level 1:colcon.colcon_core.package_identification:_identify(src/boat/materials) by extension 'cmake'
[0.207s] Level 1:colcon.colcon_core.package_identification:_identify(src/boat/materials) by extension 'python'
[0.207s] Level 1:colcon.colcon_core.package_identification:_identify(src/boat/materials) by extensions ['python_setup_py']
[0.207s] Level 1:colcon.colcon_core.package_identification:_identify(src/boat/materials) by extension 'python_setup_py'
[0.207s] Level 1:colcon.colcon_core.package_identification:_identify(src/boat/materials/textures) by extensions ['ignore', 'ignore_ament_install']
[0.207s] Level 1:colcon.colcon_core.package_identification:_identify(src/boat/materials/textures) by extension 'ignore'
[0.207s] Level 1:colcon.colcon_core.package_identification:_identify(src/boat/materials/textures) by extension 'ignore_ament_install'
[0.207s] Level 1:colcon.colcon_core.package_identification:_identify(src/boat/materials/textures) by extensions ['colcon_pkg']
[0.207s] Level 1:colcon.colcon_core.package_identification:_identify(src/boat/materials/textures) by extension 'colcon_pkg'
[0.207s] Level 1:colcon.colcon_core.package_identification:_identify(src/boat/materials/textures) by extensions ['colcon_meta']
[0.207s] Level 1:colcon.colcon_core.package_identification:_identify(src/boat/materials/textures) by extension 'colcon_meta'
[0.207s] Level 1:colcon.colcon_core.package_identification:_identify(src/boat/materials/textures) by extensions ['ros']
[0.207s] Level 1:colcon.colcon_core.package_identification:_identify(src/boat/materials/textures) by extension 'ros'
[0.207s] Level 1:colcon.colcon_core.package_identification:_identify(src/boat/materials/textures) by extensions ['cmake', 'python']
[0.207s] Level 1:colcon.colcon_core.package_identification:_identify(src/boat/materials/textures) by extension 'cmake'
[0.207s] Level 1:colcon.colcon_core.package_identification:_identify(src/boat/materials/textures) by extension 'python'
[0.207s] Level 1:colcon.colcon_core.package_identification:_identify(src/boat/materials/textures) by extensions ['python_setup_py']
[0.207s] Level 1:colcon.colcon_core.package_identification:_identify(src/boat/materials/textures) by extension 'python_setup_py'
[0.207s] Level 1:colcon.colcon_core.package_identification:_identify(src/boat/meshes) by extensions ['ignore', 'ignore_ament_install']
[0.207s] Level 1:colcon.colcon_core.package_identification:_identify(src/boat/meshes) by extension 'ignore'
[0.207s] Level 1:colcon.colcon_core.package_identification:_identify(src/boat/meshes) by extension 'ignore_ament_install'
[0.207s] Level 1:colcon.colcon_core.package_identification:_identify(src/boat/meshes) by extensions ['colcon_pkg']
[0.207s] Level 1:colcon.colcon_core.package_identification:_identify(src/boat/meshes) by extension 'colcon_pkg'
[0.207s] Level 1:colcon.colcon_core.package_identification:_identify(src/boat/meshes) by extensions ['colcon_meta']
[0.207s] Level 1:colcon.colcon_core.package_identification:_identify(src/boat/meshes) by extension 'colcon_meta'
[0.207s] Level 1:colcon.colcon_core.package_identification:_identify(src/boat/meshes) by extensions ['ros']
[0.207s] Level 1:colcon.colcon_core.package_identification:_identify(src/boat/meshes) by extension 'ros'
[0.208s] Level 1:colcon.colcon_core.package_identification:_identify(src/boat/meshes) by extensions ['cmake', 'python']
[0.208s] Level 1:colcon.colcon_core.package_identification:_identify(src/boat/meshes) by extension 'cmake'
[0.208s] Level 1:colcon.colcon_core.package_identification:_identify(src/boat/meshes) by extension 'python'
[0.208s] Level 1:colcon.colcon_core.package_identification:_identify(src/boat/meshes) by extensions ['python_setup_py']
[0.208s] Level 1:colcon.colcon_core.package_identification:_identify(src/boat/meshes) by extension 'python_setup_py'
[0.208s] Level 1:colcon.colcon_core.package_identification:_identify(src/boat/thumbnails) by extensions ['ignore', 'ignore_ament_install']
[0.208s] Level 1:colcon.colcon_core.package_identification:_identify(src/boat/thumbnails) by extension 'ignore'
[0.208s] Level 1:colcon.colcon_core.package_identification:_identify(src/boat/thumbnails) by extension 'ignore_ament_install'
[0.208s] Level 1:colcon.colcon_core.package_identification:_identify(src/boat/thumbnails) by extensions ['colcon_pkg']
[0.208s] Level 1:colcon.colcon_core.package_identification:_identify(src/boat/thumbnails) by extension 'colcon_pkg'
[0.208s] Level 1:colcon.colcon_core.package_identification:_identify(src/boat/thumbnails) by extensions ['colcon_meta']
[0.208s] Level 1:colcon.colcon_core.package_identification:_identify(src/boat/thumbnails) by extension 'colcon_meta'
[0.208s] Level 1:colcon.colcon_core.package_identification:_identify(src/boat/thumbnails) by extensions ['ros']
[0.208s] Level 1:colcon.colcon_core.package_identification:_identify(src/boat/thumbnails) by extension 'ros'
[0.208s] Level 1:colcon.colcon_core.package_identification:_identify(src/boat/thumbnails) by extensions ['cmake', 'python']
[0.208s] Level 1:colcon.colcon_core.package_identification:_identify(src/boat/thumbnails) by extension 'cmake'
[0.208s] Level 1:colcon.colcon_core.package_identification:_identify(src/boat/thumbnails) by extension 'python'
[0.208s] Level 1:colcon.colcon_core.package_identification:_identify(src/boat/thumbnails) by extensions ['python_setup_py']
[0.208s] Level 1:colcon.colcon_core.package_identification:_identify(src/boat/thumbnails) by extension 'python_setup_py'
[0.208s] Level 1:colcon.colcon_core.package_identification:_identify(src/boat/thumbnails/boat) by extensions ['ignore', 'ignore_ament_install']
[0.208s] Level 1:colcon.colcon_core.package_identification:_identify(src/boat/thumbnails/boat) by extension 'ignore'
[0.208s] Level 1:colcon.colcon_core.package_identification:_identify(src/boat/thumbnails/boat) by extension 'ignore_ament_install'
[0.208s] Level 1:colcon.colcon_core.package_identification:_identify(src/boat/thumbnails/boat) by extensions ['colcon_pkg']
[0.208s] Level 1:colcon.colcon_core.package_identification:_identify(src/boat/thumbnails/boat) by extension 'colcon_pkg'
[0.208s] Level 1:colcon.colcon_core.package_identification:_identify(src/boat/thumbnails/boat) by extensions ['colcon_meta']
[0.208s] Level 1:colcon.colcon_core.package_identification:_identify(src/boat/thumbnails/boat) by extension 'colcon_meta'
[0.208s] Level 1:colcon.colcon_core.package_identification:_identify(src/boat/thumbnails/boat) by extensions ['ros']
[0.208s] Level 1:colcon.colcon_core.package_identification:_identify(src/boat/thumbnails/boat) by extension 'ros'
[0.208s] Level 1:colcon.colcon_core.package_identification:_identify(src/boat/thumbnails/boat) by extensions ['cmake', 'python']
[0.208s] Level 1:colcon.colcon_core.package_identification:_identify(src/boat/thumbnails/boat) by extension 'cmake'
[0.208s] Level 1:colcon.colcon_core.package_identification:_identify(src/boat/thumbnails/boat) by extension 'python'
[0.208s] Level 1:colcon.colcon_core.package_identification:_identify(src/boat/thumbnails/boat) by extensions ['python_setup_py']
[0.208s] Level 1:colcon.colcon_core.package_identification:_identify(src/boat/thumbnails/boat) by extension 'python_setup_py'
[0.208s] Level 1:colcon.colcon_core.package_identification:_identify(src/boat/thumbnails/lidar) by extensions ['ignore', 'ignore_ament_install']
[0.209s] Level 1:colcon.colcon_core.package_identification:_identify(src/boat/thumbnails/lidar) by extension 'ignore'
[0.209s] Level 1:colcon.colcon_core.package_identification:_identify(src/boat/thumbnails/lidar) by extension 'ignore_ament_install'
[0.209s] Level 1:colcon.colcon_core.package_identification:_identify(src/boat/thumbnails/lidar) by extensions ['colcon_pkg']
[0.209s] Level 1:colcon.colcon_core.package_identification:_identify(src/boat/thumbnails/lidar) by extension 'colcon_pkg'
[0.209s] Level 1:colcon.colcon_core.package_identification:_identify(src/boat/thumbnails/lidar) by extensions ['colcon_meta']
[0.209s] Level 1:colcon.colcon_core.package_identification:_identify(src/boat/thumbnails/lidar) by extension 'colcon_meta'
[0.209s] Level 1:colcon.colcon_core.package_identification:_identify(src/boat/thumbnails/lidar) by extensions ['ros']
[0.209s] Level 1:colcon.colcon_core.package_identification:_identify(src/boat/thumbnails/lidar) by extension 'ros'
[0.209s] Level 1:colcon.colcon_core.package_identification:_identify(src/boat/thumbnails/lidar) by extensions ['cmake', 'python']
[0.209s] Level 1:colcon.colcon_core.package_identification:_identify(src/boat/thumbnails/lidar) by extension 'cmake'
[0.209s] Level 1:colcon.colcon_core.package_identification:_identify(src/boat/thumbnails/lidar) by extension 'python'
[0.209s] Level 1:colcon.colcon_core.package_identification:_identify(src/boat/thumbnails/lidar) by extensions ['python_setup_py']
[0.209s] Level 1:colcon.colcon_core.package_identification:_identify(src/boat/thumbnails/lidar) by extension 'python_setup_py'
[0.209s] Level 1:colcon.colcon_core.package_identification:_identify(src/model) by extensions ['ignore', 'ignore_ament_install']
[0.209s] Level 1:colcon.colcon_core.package_identification:_identify(src/model) by extension 'ignore'
[0.209s] Level 1:colcon.colcon_core.package_identification:_identify(src/model) by extension 'ignore_ament_install'
[0.209s] Level 1:colcon.colcon_core.package_identification:_identify(src/model) by extensions ['colcon_pkg']
[0.209s] Level 1:colcon.colcon_core.package_identification:_identify(src/model) by extension 'colcon_pkg'
[0.209s] Level 1:colcon.colcon_core.package_identification:_identify(src/model) by extensions ['colcon_meta']
[0.209s] Level 1:colcon.colcon_core.package_identification:_identify(src/model) by extension 'colcon_meta'
[0.209s] Level 1:colcon.colcon_core.package_identification:_identify(src/model) by extensions ['ros']
[0.209s] Level 1:colcon.colcon_core.package_identification:_identify(src/model) by extension 'ros'
[0.209s] Level 1:colcon.colcon_core.package_identification:_identify(src/model) by extensions ['cmake', 'python']
[0.209s] Level 1:colcon.colcon_core.package_identification:_identify(src/model) by extension 'cmake'
[0.209s] Level 1:colcon.colcon_core.package_identification:_identify(src/model) by extension 'python'
[0.209s] Level 1:colcon.colcon_core.package_identification:_identify(src/model) by extensions ['python_setup_py']
[0.209s] Level 1:colcon.colcon_core.package_identification:_identify(src/model) by extension 'python_setup_py'
[0.209s] Level 1:colcon.colcon_core.package_identification:_identify(src/model/lidar) by extensions ['ignore', 'ignore_ament_install']
[0.209s] Level 1:colcon.colcon_core.package_identification:_identify(src/model/lidar) by extension 'ignore'
[0.209s] Level 1:colcon.colcon_core.package_identification:_identify(src/model/lidar) by extension 'ignore_ament_install'
[0.209s] Level 1:colcon.colcon_core.package_identification:_identify(src/model/lidar) by extensions ['colcon_pkg']
[0.209s] Level 1:colcon.colcon_core.package_identification:_identify(src/model/lidar) by extension 'colcon_pkg'
[0.209s] Level 1:colcon.colcon_core.package_identification:_identify(src/model/lidar) by extensions ['colcon_meta']
[0.209s] Level 1:colcon.colcon_core.package_identification:_identify(src/model/lidar) by extension 'colcon_meta'
[0.209s] Level 1:colcon.colcon_core.package_identification:_identify(src/model/lidar) by extensions ['ros']
[0.209s] Level 1:colcon.colcon_core.package_identification:_identify(src/model/lidar) by extension 'ros'
[0.210s] Level 1:colcon.colcon_core.package_identification:_identify(src/model/lidar) by extensions ['cmake', 'python']
[0.210s] Level 1:colcon.colcon_core.package_identification:_identify(src/model/lidar) by extension 'cmake'
[0.210s] Level 1:colcon.colcon_core.package_identification:_identify(src/model/lidar) by extension 'python'
[0.210s] Level 1:colcon.colcon_core.package_identification:_identify(src/model/lidar) by extensions ['python_setup_py']
[0.210s] Level 1:colcon.colcon_core.package_identification:_identify(src/model/lidar) by extension 'python_setup_py'
[0.210s] Level 1:colcon.colcon_core.package_identification:_identify(src/model/lidar/materials) by extensions ['ignore', 'ignore_ament_install']
[0.210s] Level 1:colcon.colcon_core.package_identification:_identify(src/model/lidar/materials) by extension 'ignore'
[0.210s] Level 1:colcon.colcon_core.package_identification:_identify(src/model/lidar/materials) by extension 'ignore_ament_install'
[0.210s] Level 1:colcon.colcon_core.package_identification:_identify(src/model/lidar/materials) by extensions ['colcon_pkg']
[0.210s] Level 1:colcon.colcon_core.package_identification:_identify(src/model/lidar/materials) by extension 'colcon_pkg'
[0.210s] Level 1:colcon.colcon_core.package_identification:_identify(src/model/lidar/materials) by extensions ['colcon_meta']
[0.210s] Level 1:colcon.colcon_core.package_identification:_identify(src/model/lidar/materials) by extension 'colcon_meta'
[0.210s] Level 1:colcon.colcon_core.package_identification:_identify(src/model/lidar/materials) by extensions ['ros']
[0.210s] Level 1:colcon.colcon_core.package_identification:_identify(src/model/lidar/materials) by extension 'ros'
[0.210s] Level 1:colcon.colcon_core.package_identification:_identify(src/model/lidar/materials) by extensions ['cmake', 'python']
[0.210s] Level 1:colcon.colcon_core.package_identification:_identify(src/model/lidar/materials) by extension 'cmake'
[0.210s] Level 1:colcon.colcon_core.package_identification:_identify(src/model/lidar/materials) by extension 'python'
[0.210s] Level 1:colcon.colcon_core.package_identification:_identify(src/model/lidar/materials) by extensions ['python_setup_py']
[0.210s] Level 1:colcon.colcon_core.package_identification:_identify(src/model/lidar/materials) by extension 'python_setup_py'
[0.210s] Level 1:colcon.colcon_core.package_identification:_identify(src/model/lidar/materials/textures) by extensions ['ignore', 'ignore_ament_install']
[0.210s] Level 1:colcon.colcon_core.package_identification:_identify(src/model/lidar/materials/textures) by extension 'ignore'
[0.210s] Level 1:colcon.colcon_core.package_identification:_identify(src/model/lidar/materials/textures) by extension 'ignore_ament_install'
[0.210s] Level 1:colcon.colcon_core.package_identification:_identify(src/model/lidar/materials/textures) by extensions ['colcon_pkg']
[0.210s] Level 1:colcon.colcon_core.package_identification:_identify(src/model/lidar/materials/textures) by extension 'colcon_pkg'
[0.210s] Level 1:colcon.colcon_core.package_identification:_identify(src/model/lidar/materials/textures) by extensions ['colcon_meta']
[0.210s] Level 1:colcon.colcon_core.package_identification:_identify(src/model/lidar/materials/textures) by extension 'colcon_meta'
[0.210s] Level 1:colcon.colcon_core.package_identification:_identify(src/model/lidar/materials/textures) by extensions ['ros']
[0.210s] Level 1:colcon.colcon_core.package_identification:_identify(src/model/lidar/materials/textures) by extension 'ros'
[0.210s] Level 1:colcon.colcon_core.package_identification:_identify(src/model/lidar/materials/textures) by extensions ['cmake', 'python']
[0.210s] Level 1:colcon.colcon_core.package_identification:_identify(src/model/lidar/materials/textures) by extension 'cmake'
[0.210s] Level 1:colcon.colcon_core.package_identification:_identify(src/model/lidar/materials/textures) by extension 'python'
[0.210s] Level 1:colcon.colcon_core.package_identification:_identify(src/model/lidar/materials/textures) by extensions ['python_setup_py']
[0.210s] Level 1:colcon.colcon_core.package_identification:_identify(src/model/lidar/materials/textures) by extension 'python_setup_py'
[0.210s] Level 1:colcon.colcon_core.package_identification:_identify(src/model/lidar/meshes) by extensions ['ignore', 'ignore_ament_install']
[0.211s] Level 1:colcon.colcon_core.package_identification:_identify(src/model/lidar/meshes) by extension 'ignore'
[0.211s] Level 1:colcon.colcon_core.package_identification:_identify(src/model/lidar/meshes) by extension 'ignore_ament_install'
[0.211s] Level 1:colcon.colcon_core.package_identification:_identify(src/model/lidar/meshes) by extensions ['colcon_pkg']
[0.211s] Level 1:colcon.colcon_core.package_identification:_identify(src/model/lidar/meshes) by extension 'colcon_pkg'
[0.211s] Level 1:colcon.colcon_core.package_identification:_identify(src/model/lidar/meshes) by extensions ['colcon_meta']
[0.211s] Level 1:colcon.colcon_core.package_identification:_identify(src/model/lidar/meshes) by extension 'colcon_meta'
[0.211s] Level 1:colcon.colcon_core.package_identification:_identify(src/model/lidar/meshes) by extensions ['ros']
[0.211s] Level 1:colcon.colcon_core.package_identification:_identify(src/model/lidar/meshes) by extension 'ros'
[0.211s] Level 1:colcon.colcon_core.package_identification:_identify(src/model/lidar/meshes) by extensions ['cmake', 'python']
[0.211s] Level 1:colcon.colcon_core.package_identification:_identify(src/model/lidar/meshes) by extension 'cmake'
[0.211s] Level 1:colcon.colcon_core.package_identification:_identify(src/model/lidar/meshes) by extension 'python'
[0.211s] Level 1:colcon.colcon_core.package_identification:_identify(src/model/lidar/meshes) by extensions ['python_setup_py']
[0.211s] Level 1:colcon.colcon_core.package_identification:_identify(src/model/lidar/meshes) by extension 'python_setup_py'
[0.211s] Level 1:colcon.colcon_core.package_identification:_identify(src/model/lidar/thumbnails) by extensions ['ignore', 'ignore_ament_install']
[0.211s] Level 1:colcon.colcon_core.package_identification:_identify(src/model/lidar/thumbnails) by extension 'ignore'
[0.211s] Level 1:colcon.colcon_core.package_identification:_identify(src/model/lidar/thumbnails) by extension 'ignore_ament_install'
[0.211s] Level 1:colcon.colcon_core.package_identification:_identify(src/model/lidar/thumbnails) by extensions ['colcon_pkg']
[0.211s] Level 1:colcon.colcon_core.package_identification:_identify(src/model/lidar/thumbnails) by extension 'colcon_pkg'
[0.211s] Level 1:colcon.colcon_core.package_identification:_identify(src/model/lidar/thumbnails) by extensions ['colcon_meta']
[0.211s] Level 1:colcon.colcon_core.package_identification:_identify(src/model/lidar/thumbnails) by extension 'colcon_meta'
[0.211s] Level 1:colcon.colcon_core.package_identification:_identify(src/model/lidar/thumbnails) by extensions ['ros']
[0.211s] Level 1:colcon.colcon_core.package_identification:_identify(src/model/lidar/thumbnails) by extension 'ros'
[0.211s] Level 1:colcon.colcon_core.package_identification:_identify(src/model/lidar/thumbnails) by extensions ['cmake', 'python']
[0.211s] Level 1:colcon.colcon_core.package_identification:_identify(src/model/lidar/thumbnails) by extension 'cmake'
[0.211s] Level 1:colcon.colcon_core.package_identification:_identify(src/model/lidar/thumbnails) by extension 'python'
[0.211s] Level 1:colcon.colcon_core.package_identification:_identify(src/model/lidar/thumbnails) by extensions ['python_setup_py']
[0.211s] Level 1:colcon.colcon_core.package_identification:_identify(src/model/lidar/thumbnails) by extension 'python_setup_py'
[0.211s] Level 1:colcon.colcon_core.package_discovery:discover_packages(recursive) using defaults
[0.211s] Level 1:colcon.colcon_core.package_discovery:discover_packages(ignore) discover
[0.211s] Level 1:colcon.colcon_core.package_discovery:discover_packages(ignore) using defaults
[0.211s] Level 1:colcon.colcon_core.package_discovery:discover_packages(path) discover
[0.211s] Level 1:colcon.colcon_core.package_discovery:discover_packages(path) using defaults
[0.226s] Level 1:colcon.colcon_core.package_discovery:discover_packages(prefix_path) check parameters
[0.226s] Level 1:colcon.colcon_core.package_discovery:discover_packages(prefix_path) discover
[0.228s] DEBUG:colcon.colcon_installed_package_information.package_discovery:Found 1 installed packages in /home/luca002/ros_ws/install
[0.229s] DEBUG:colcon.colcon_installed_package_information.package_discovery:Found 396 installed packages in /opt/ros/jazzy
[0.230s] Level 1:colcon.colcon_core.package_discovery:discover_packages(prefix_path) using defaults
[0.262s] INFO:colcon.colcon_core.executor:Executing jobs using 'parallel' executor
[0.262s] DEBUG:colcon.colcon_parallel_executor.executor.parallel:run_until_complete
[0.262s] DEBUG:colcon.colcon_parallel_executor.executor.parallel:closing loop
[0.262s] DEBUG:colcon.colcon_parallel_executor.executor.parallel:loop closed
[0.262s] DEBUG:colcon.colcon_parallel_executor.executor.parallel:run_until_complete finished with '0'
[0.262s] DEBUG:colcon.colcon_core.event_reactor:joining thread
[0.266s] INFO:colcon.colcon_core.plugin_system:Skipping extension 'colcon_notification.desktop_notification.terminal_notifier': Not used on non-Darwin systems
[0.266s] INFO:colcon.colcon_core.plugin_system:Skipping extension 'colcon_notification.desktop_notification.win32': Not used on non-Windows systems
[0.266s] INFO:colcon.colcon_notification.desktop_notification:Sending desktop notification using 'notify2'
[0.283s] DEBUG:colcon.colcon_core.event_reactor:joined thread
[0.286s] INFO:colcon.colcon_core.plugin_system:Skipping extension 'colcon_core.shell.bat': Not used on non-Windows systems
[0.286s] INFO:colcon.colcon_core.shell:Creating prefix script '/home/luca002/proj_ws/install/local_setup.ps1'
[0.287s] INFO:colcon.colcon_core.shell:Creating prefix util module '/home/luca002/proj_ws/install/_local_setup_util_ps1.py'
[0.288s] INFO:colcon.colcon_core.shell:Creating prefix chain script '/home/luca002/proj_ws/install/setup.ps1'
[0.288s] INFO:colcon.colcon_core.shell:Creating prefix script '/home/luca002/proj_ws/install/local_setup.sh'
[0.289s] INFO:colcon.colcon_core.shell:Creating prefix util module '/home/luca002/proj_ws/install/_local_setup_util_sh.py'
[0.289s] INFO:colcon.colcon_core.shell:Creating prefix chain script '/home/luca002/proj_ws/install/setup.sh'
[0.290s] INFO:colcon.colcon_core.shell:Creating prefix script '/home/luca002/proj_ws/install/local_setup.bash'
[0.291s] INFO:colcon.colcon_core.shell:Creating prefix chain script '/home/luca002/proj_ws/install/setup.bash'
[0.291s] INFO:colcon.colcon_core.shell:Creating prefix script '/home/luca002/proj_ws/install/local_setup.zsh'
[0.292s] INFO:colcon.colcon_core.shell:Creating prefix chain script '/home/luca002/proj_ws/install/setup.zsh'
