[1.061s] Invoking command in '/home/gelatocotonato/LabMec2025/build/python_node': DEBUGINFOD_URLS=https://debuginfod.ubuntu.com PYTHONPATH=/home/gelatocotonato/LabMec2025/build/python_node/prefix_override:/usr/lib/python3/dist-packages/colcon_core/task/python/colcon_distutils_commands:/home/gelatocotonato/LabMec2025/install/python_node/lib/python3.12/site-packages:${PYTHONPATH} /usr/bin/python3 -W ignore:setup.py install is deprecated -W ignore:easy_install command is deprecated setup.py develop --editable --build-directory /home/gelatocotonato/LabMec2025/build/python_node/build --no-deps symlink_data
[1.357s] running develop
[1.547s] running egg_info
[1.564s] writing python_node.egg-info/PKG-INFO
[1.565s] writing dependency_links to python_node.egg-info/dependency_links.txt
[1.565s] writing entry points to python_node.egg-info/entry_points.txt
[1.565s] writing requirements to python_node.egg-info/requires.txt
[1.565s] writing top-level names to python_node.egg-info/top_level.txt
[1.598s] reading manifest file 'python_node.egg-info/SOURCES.txt'
[1.599s] writing manifest file 'python_node.egg-info/SOURCES.txt'
[1.618s] running build_ext
[1.618s] Creating /home/gelatocotonato/LabMec2025/install/python_node/lib/python3.12/site-packages/python-node.egg-link (link to .)
[1.618s] Installing coast_follower script to /home/gelatocotonato/LabMec2025/install/python_node/lib/python_node
[1.618s] Installing gui_teleop script to /home/gelatocotonato/LabMec2025/install/python_node/lib/python_node
[1.618s] Installing keyboard_teleop script to /home/gelatocotonato/LabMec2025/install/python_node/lib/python_node
[1.618s] Installing wamv_controller script to /home/gelatocotonato/LabMec2025/install/python_node/lib/python_node
[1.619s] 
[1.619s] Installed /home/gelatocotonato/LabMec2025/build/python_node
[1.619s] running symlink_data
[1.656s] Invoked command in '/home/gelatocotonato/LabMec2025/build/python_node' returned '0': DEBUGINFOD_URLS=https://debuginfod.ubuntu.com PYTHONPATH=/home/gelatocotonato/LabMec2025/build/python_node/prefix_override:/usr/lib/python3/dist-packages/colcon_core/task/python/colcon_distutils_commands:/home/gelatocotonato/LabMec2025/install/python_node/lib/python3.12/site-packages:${PYTHONPATH} /usr/bin/python3 -W ignore:setup.py install is deprecated -W ignore:easy_install command is deprecated setup.py develop --editable --build-directory /home/gelatocotonato/LabMec2025/build/python_node/build --no-deps symlink_data
