[0.166s] Invoking command in '/home/luca002/proj_ws/build/wamv_gazebo': CMAKE_PREFIX_PATH=${CMAKE_PREFIX_PATH}:/home/luca002/ros_ws/install/robot_description_example:/home/luca002/proj_ws/install/python_node:/opt/ros/jazzy DEBUGINFOD_URLS=https://debuginfod.ubuntu.com /usr/bin/cmake /home/luca002/proj_ws/src/wamv_gazebo -DAMENT_CMAKE_SYMLINK_INSTALL=1 -DCMAKE_INSTALL_PREFIX=/home/luca002/proj_ws/install/wamv_gazebo
[0.238s] -- The C compiler identification is GNU 13.3.0
[0.297s] -- The CXX compiler identification is GNU 13.3.0
[0.311s] -- Detecting C compiler ABI info
[0.373s] -- Detecting C compiler ABI info - done
[0.380s] -- Check for working C compiler: /usr/bin/cc - skipped
[0.380s] -- Detecting C compile features
[0.380s] -- Detecting C compile features - done
[0.387s] -- Detecting CXX compiler ABI info
[0.462s] -- Detecting CXX compiler ABI info - done
[0.473s] -- Check for working CXX compiler: /usr/bin/c++ - skipped
[0.473s] -- Detecting CXX compile features
[0.473s] -- Detecting CXX compile features - done
[0.480s] -- Found ament_cmake: 2.5.4 (/opt/ros/jazzy/share/ament_cmake/cmake)
[0.614s] -- Found Python3: /usr/bin/python3 (found version "3.12.3") found components: Interpreter 
[0.679s] -- Override CMake install command with custom implementation using symlinks instead of copying resources
[0.733s] -- Looking for gz-sim8 -- found version 8.9.0
[0.743s] -- Searching for dependencies of gz-sim8
[0.745s] -- Looking for sdformat14 -- found version 14.7.0
[0.745s] -- Searching for dependencies of sdformat14
[0.753s] -- Checking for module 'tinyxml2'
[0.773s] --   Found tinyxml2, version 10.0.0
[0.808s] -- Looking for gz-math7 -- found version 7.5.2
[0.808s] -- Searching for dependencies of gz-math7
[0.810s] -- Looking for gz-utils2 -- found version 2.2.1
[0.810s] -- Searching for dependencies of gz-utils2
[0.812s] -- Looking for gz-utils2 -- found version 2.2.1
[0.812s] -- Searching for dependencies of gz-utils2
[0.812s] -- Searching for <gz-utils2> component [cli]
[0.814s] -- Looking for gz-utils2-cli -- found version 2.2.1
[0.814s] -- Searching for dependencies of gz-utils2-cli
[0.817s] -- Looking for gz-plugin2 -- found version 2.0.4
[0.817s] -- Searching for dependencies of gz-plugin2
[0.817s] -- Looking for gz-utils2 -- found version 2.2.1
[0.818s] -- Searching for <gz-plugin2> component [loader]
[0.819s] -- Looking for gz-plugin2-loader -- found version 2.0.4
[0.819s] -- Searching for dependencies of gz-plugin2-loader
[0.820s] -- Searching for <gz-plugin2> component [register]
[0.821s] -- Looking for gz-plugin2-register -- found version 2.0.4
[0.821s] -- Searching for dependencies of gz-plugin2-register
[0.824s] -- Looking for gz-transport13 -- found version 13.4.1
[0.824s] -- Searching for dependencies of gz-transport13
[0.958s] -- Found Protobuf: /usr/lib/x86_64-linux-gnu/libprotobuf.so (found version "3.21.12") 
[0.969s] -- Config-file not installed for ZeroMQ -- checking for pkg-config
[0.974s] -- Checking for module 'libzmq >= 4'
[0.987s] --   Found libzmq, version 4.3.5
[1.024s] -- Found ZeroMQ: TRUE (Required is at least version "4") 
[1.031s] -- Checking for module 'uuid'
[1.047s] --   Found uuid, version 2.39.3
[1.072s] -- Found UUID: TRUE  
[1.072s] -- Looking for gz-utils2 -- found version 2.2.1
[1.074s] -- Looking for gz-msgs10 -- found version 10.3.2
[1.074s] -- Searching for dependencies of gz-msgs10
[1.092s] -- Looking for gz-utils2 -- found version 2.2.1
[1.093s] -- Looking for gz-math7 -- found version 7.5.2
[1.100s] -- Searching for <gz-transport13> component [log]
[1.101s] -- Looking for gz-transport13-log -- found version 13.4.1
[1.102s] -- Searching for dependencies of gz-transport13-log
[1.102s] -- Searching for <gz-transport13> component [parameters]
[1.105s] -- Looking for gz-transport13-parameters -- found version 13.4.1
[1.105s] -- Searching for dependencies of gz-transport13-parameters
[1.106s] -- Looking for gz-msgs10 -- found version 10.3.2
[1.109s] -- Looking for gz-common5 -- found version 5.7.1
[1.110s] -- Searching for dependencies of gz-common5
[1.110s] -- Looking for gz-utils2 -- found version 2.2.1
[1.111s] -- Looking for dlfcn.h - found
[1.112s] -- Looking for libdl - found
[1.113s] -- Found DL: TRUE  
[1.119s] -- Searching for <gz-common5> component [av]
[1.121s] -- Looking for gz-common5-av -- found version 5.7.1
[1.121s] -- Searching for dependencies of gz-common5-av
[1.126s] -- Checking for module 'libswscale'
[1.138s] --   Found libswscale, version 7.5.100
[1.167s] -- Found SWSCALE: TRUE  
[1.171s] -- Checking for module 'libavdevice >= 56.4.100'
[1.184s] --   Found libavdevice, version 60.3.100
[1.221s] -- Found AVDEVICE: TRUE (Required is at least version "56.4.100") 
[1.226s] -- Checking for module 'libavformat'
[1.242s] --   Found libavformat, version 60.16.100
[1.267s] -- Found AVFORMAT: TRUE  
[1.271s] -- Checking for module 'libavcodec'
[1.280s] --   Found libavcodec, version 60.31.102
[1.303s] -- Found AVCODEC: TRUE  
[1.307s] -- Checking for module 'libavutil'
[1.319s] --   Found libavutil, version 58.29.100
[1.340s] -- Found AVUTIL: TRUE  
[1.341s] -- Searching for <gz-common5> component [events]
[1.343s] -- Looking for gz-common5-events -- found version 5.7.1
[1.343s] -- Searching for dependencies of gz-common5-events
[1.344s] -- Looking for gz-math7 -- found version 7.5.2
[1.345s] -- Searching for <gz-common5> component [graphics]
[1.346s] -- Looking for gz-common5-graphics -- found version 5.7.1
[1.346s] -- Searching for dependencies of gz-common5-graphics
[1.347s] -- Looking for gz-math7 -- found version 7.5.2
[1.352s] -- Found GzAssimp: TRUE (found version "5.3.0") 
[1.352s] -- Searching for <gz-common5> component [io]
[1.354s] -- Looking for gz-common5-io -- found version 5.7.1
[1.354s] -- Searching for dependencies of gz-common5-io
[1.355s] -- Searching for <gz-common5> component [profiler]
[1.357s] -- Looking for gz-common5-profiler -- found version 5.7.1
[1.357s] -- Searching for dependencies of gz-common5-profiler
[1.360s] -- Looking for gz-fuel_tools9 -- found version 9.1.1
[1.360s] -- Searching for dependencies of gz-fuel_tools9
[1.425s] -- Found CURL: /usr/lib/x86_64-linux-gnu/libcurl.so (found version "8.5.0")  
[1.434s] -- Checking for module 'jsoncpp'
[1.446s] --   Found jsoncpp, version 1.9.5
[1.468s] -- Found JSONCPP: TRUE  
[1.481s] -- Checking for module 'yaml-0.1'
[1.492s] --   Found yaml-0.1, version 0.2.5
[1.514s] -- Found YAML: TRUE  
[1.518s] -- Checking for module 'libzip'
[1.531s] --   Found libzip, version 1.7.3
[1.553s] -- Found ZIP: TRUE  
[1.553s] -- Looking for gz-utils2 -- found version 2.2.1
[1.554s] -- Looking for gz-common5 -- found version 5.7.1
[1.554s] -- Searching for dependencies of gz-common5
[1.554s] -- Looking for gz-utils2 -- found version 2.2.1
[1.554s] -- Looking for dlfcn.h - found
[1.554s] -- Looking for libdl - found
[1.559s] -- Searching for <gz-common5> component [testing]
[1.561s] -- Looking for gz-common5-testing -- found version 5.7.1
[1.561s] -- Searching for dependencies of gz-common5-testing
[1.562s] -- Looking for gz-math7 -- found version 7.5.2
[1.562s] -- Looking for gz-msgs10 -- found version 10.3.2
[1.565s] -- Looking for gz-gui8 -- found version 8.4.0
[1.565s] -- Searching for dependencies of gz-gui8
[1.583s] -- Looking for gz-utils2 -- found version 2.2.1
[1.583s] -- Looking for gz-math7 -- found version 7.5.2
[1.583s] -- Looking for gz-common5 -- found version 5.7.1
[1.584s] -- Looking for gz-plugin2 -- found version 2.0.4
[1.584s] -- Looking for gz-transport13 -- found version 13.4.1
[1.586s] -- Looking for gz-rendering8 -- found version 8.2.2
[1.586s] -- Searching for dependencies of gz-rendering8
[1.586s] -- Looking for gz-math7 -- found version 7.5.2
[1.587s] -- Searching for dependencies of gz-math7
[1.587s] -- Looking for gz-utils2 -- found version 2.2.1
[1.587s] -- Searching for <gz-math7> component [eigen3]
[1.589s] -- Looking for gz-math7-eigen3 -- found version 7.5.2
[1.589s] -- Searching for dependencies of gz-math7-eigen3
[1.596s] -- Looking for gz-common5 -- found version 5.7.1
[1.596s] -- Searching for dependencies of gz-common5
[1.597s] -- Looking for gz-utils2 -- found version 2.2.1
[1.597s] -- Looking for dlfcn.h - found
[1.597s] -- Looking for libdl - found
[1.603s] -- Searching for <gz-common5> component [graphics]
[1.603s] -- Searching for <gz-common5> component [events]
[1.603s] -- Searching for <gz-common5> component [geospatial]
[1.605s] -- Looking for gz-common5-geospatial -- found version 5.7.1
[1.605s] -- Searching for dependencies of gz-common5-geospatial
[1.605s] -- Looking for gz-math7 -- found version 7.5.2
[1.606s] -- Looking for gz-common5 -- found version 5.7.1
[1.607s] -- Looking for gz-plugin2 -- found version 2.0.4
[1.607s] -- Searching for dependencies of gz-plugin2
[1.607s] -- Looking for gz-utils2 -- found version 2.2.1
[1.607s] -- Searching for <gz-plugin2> component [all]
[1.609s] -- Looking for all libraries of gz-plugin2 -- found version 2.0.4
[1.609s] -- Looking for gz-plugin2 -- found version 2.0.4
[1.610s] -- Looking for gz-utils2 -- found version 2.2.1
[1.621s] -- Found OpenGL: /usr/lib/x86_64-linux-gnu/libOpenGL.so  found components: OpenGL 
[1.622s] -- Looking for gz-msgs10 -- found version 10.3.2
[1.652s] -- Looking for gz-physics7 -- found version 7.5.0
[1.652s] -- Searching for dependencies of gz-physics7
[1.653s] -- Looking for gz-common5 -- found version 5.7.1
[1.653s] -- Looking for gz-math7 -- found version 7.5.2
[1.653s] -- Looking for gz-plugin2 -- found version 2.0.4
[1.653s] -- Looking for gz-utils2 -- found version 2.2.1
[1.655s] -- Searching for <gz-physics7> component [heightmap]
[1.656s] -- Looking for gz-physics7-heightmap -- found version 7.5.0
[1.656s] -- Searching for dependencies of gz-physics7-heightmap
[1.656s] -- Looking for gz-common5 -- found version 5.7.1
[1.657s] -- Searching for <gz-physics7> component [mesh]
[1.658s] -- Looking for gz-physics7-mesh -- found version 7.5.0
[1.658s] -- Searching for dependencies of gz-physics7-mesh
[1.658s] -- Looking for gz-common5 -- found version 5.7.1
[1.659s] -- Searching for <gz-physics7> component [sdf]
[1.660s] -- Looking for gz-physics7-sdf -- found version 7.5.0
[1.660s] -- Searching for dependencies of gz-physics7-sdf
[1.660s] -- Looking for sdformat14 -- found version 14.7.0
[1.664s] -- Looking for gz-sensors8 -- found version 8.2.2
[1.664s] -- Searching for dependencies of gz-sensors8
[1.681s] -- Looking for gz-math7 -- found version 7.5.2
[1.681s] -- Looking for gz-common5 -- found version 5.7.1
[1.681s] -- Looking for gz-transport13 -- found version 13.4.1
[1.681s] -- Looking for gz-rendering8 -- found version 8.2.2
[1.681s] -- Looking for gz-msgs10 -- found version 10.3.2
[1.682s] -- Looking for sdformat14 -- found version 14.7.0
[1.683s] -- Searching for <gz-sensors8> component [air_pressure]
[1.684s] -- Looking for gz-sensors8-air_pressure -- found version 8.2.2
[1.684s] -- Searching for dependencies of gz-sensors8-air_pressure
[1.685s] -- Searching for <gz-sensors8> component [air_speed]
[1.686s] -- Looking for gz-sensors8-air_speed -- found version 8.2.2
[1.686s] -- Searching for dependencies of gz-sensors8-air_speed
[1.686s] -- Searching for <gz-sensors8> component [altimeter]
[1.687s] -- Looking for gz-sensors8-altimeter -- found version 8.2.2
[1.687s] -- Searching for dependencies of gz-sensors8-altimeter
[1.688s] -- Searching for <gz-sensors8> component [imu]
[1.689s] -- Looking for gz-sensors8-imu -- found version 8.2.2
[1.689s] -- Searching for dependencies of gz-sensors8-imu
[1.690s] -- Searching for <gz-sensors8> component [force_torque]
[1.691s] -- Looking for gz-sensors8-force_torque -- found version 8.2.2
[1.691s] -- Searching for dependencies of gz-sensors8-force_torque
[1.692s] -- Searching for <gz-sensors8> component [logical_camera]
[1.693s] -- Looking for gz-sensors8-logical_camera -- found version 8.2.2
[1.693s] -- Searching for dependencies of gz-sensors8-logical_camera
[1.693s] -- Searching for <gz-sensors8> component [magnetometer]
[1.695s] -- Looking for gz-sensors8-magnetometer -- found version 8.2.2
[1.695s] -- Searching for dependencies of gz-sensors8-magnetometer
[1.695s] -- Searching for <gz-sensors8> component [navsat]
[1.697s] -- Looking for gz-sensors8-navsat -- found version 8.2.2
[1.697s] -- Searching for dependencies of gz-sensors8-navsat
[1.697s] -- Searching for <gz-sensors8> component [dvl]
[1.698s] -- Looking for gz-sensors8-dvl -- found version 8.2.2
[1.698s] -- Searching for dependencies of gz-sensors8-dvl
[1.699s] -- Looking for gz-sensors8 -- found version 8.2.2
[1.699s] -- Searching for dependencies of gz-sensors8
[1.716s] -- Looking for gz-math7 -- found version 7.5.2
[1.716s] -- Looking for gz-common5 -- found version 5.7.1
[1.717s] -- Looking for gz-transport13 -- found version 13.4.1
[1.717s] -- Looking for gz-rendering8 -- found version 8.2.2
[1.717s] -- Looking for gz-msgs10 -- found version 10.3.2
[1.718s] -- Looking for sdformat14 -- found version 14.7.0
[1.718s] -- Searching for <gz-sensors8> component [rendering]
[1.719s] -- Looking for gz-sensors8-rendering -- found version 8.2.2
[1.719s] -- Searching for dependencies of gz-sensors8-rendering
[1.721s] -- Searching for <gz-sensors8> component [rendering]
[1.721s] -- Searching for <gz-sensors8> component [lidar]
[1.722s] -- Looking for gz-sensors8-lidar -- found version 8.2.2
[1.722s] -- Searching for dependencies of gz-sensors8-lidar
[1.723s] -- Looking for gz-sensors8 -- found version 8.2.2
[1.723s] -- Searching for <gz-sensors8> component [gpu_lidar]
[1.724s] -- Looking for gz-sensors8-gpu_lidar -- found version 8.2.2
[1.725s] -- Searching for dependencies of gz-sensors8-gpu_lidar
[1.725s] -- Looking for gz-sensors8 -- found version 8.2.2
[1.726s] -- Searching for <gz-sensors8> component [camera]
[1.727s] -- Looking for gz-sensors8-camera -- found version 8.2.2
[1.727s] -- Searching for dependencies of gz-sensors8-camera
[1.727s] -- Looking for gz-sensors8 -- found version 8.2.2
[1.728s] -- Searching for <gz-sensors8> component [boundingbox_camera]
[1.729s] -- Looking for gz-sensors8-boundingbox_camera -- found version 8.2.2
[1.729s] -- Searching for dependencies of gz-sensors8-boundingbox_camera
[1.730s] -- Searching for <gz-sensors8> component [segmentation_camera]
[1.731s] -- Looking for gz-sensors8-segmentation_camera -- found version 8.2.2
[1.731s] -- Searching for dependencies of gz-sensors8-segmentation_camera
[1.732s] -- Searching for <gz-sensors8> component [depth_camera]
[1.733s] -- Looking for gz-sensors8-depth_camera -- found version 8.2.2
[1.733s] -- Searching for dependencies of gz-sensors8-depth_camera
[1.734s] -- Looking for gz-sensors8 -- found version 8.2.2
[1.734s] -- Searching for <gz-sensors8> component [rgbd_camera]
[1.736s] -- Looking for gz-sensors8-rgbd_camera -- found version 8.2.2
[1.736s] -- Searching for dependencies of gz-sensors8-rgbd_camera
[1.736s] -- Looking for gz-sensors8 -- found version 8.2.2
[1.737s] -- Searching for <gz-sensors8> component [thermal_camera]
[1.738s] -- Looking for gz-sensors8-thermal_camera -- found version 8.2.2
[1.738s] -- Searching for dependencies of gz-sensors8-thermal_camera
[1.738s] -- Looking for gz-sensors8 -- found version 8.2.2
[1.739s] -- Searching for <gz-sensors8> component [wide_angle_camera]
[1.740s] -- Looking for gz-sensors8-wide_angle_camera -- found version 8.2.2
[1.740s] -- Searching for dependencies of gz-sensors8-wide_angle_camera
[1.741s] -- Looking for gz-rendering8 -- found version 8.2.2
[1.742s] -- Looking for gz-math7 -- found version 7.5.2
[1.742s] -- Looking for gz-utils2 -- found version 2.2.1
[1.764s] -- Looking for gz-common5 -- found version 5.7.1
[1.764s] -- Looking for gz-fuel_tools9 -- found version 9.1.1
[1.764s] -- Looking for gz-math7 -- found version 7.5.2
[1.764s] -- Looking for gz-msgs10 -- found version 10.3.2
[1.764s] -- Looking for gz-transport13 -- found version 13.4.1
[1.765s] -- Looking for gz-plugin2 -- found version 2.0.4
[1.765s] -- Looking for gz-rendering8 -- found version 8.2.2
[1.766s] -- Looking for gz-sensors8 -- found version 8.2.2
[1.766s] -- Looking for gz-utils2 -- found version 2.2.1
[1.766s] -- Looking for sdformat14 -- found version 14.7.0
[1.770s] -- Found std_msgs: 5.3.6 (/opt/ros/jazzy/share/std_msgs/cmake)
[1.809s] -- Found rosidl_generator_c: 4.6.5 (/opt/ros/jazzy/share/rosidl_generator_c/cmake)
[1.824s] -- Found rosidl_generator_cpp: 4.6.5 (/opt/ros/jazzy/share/rosidl_generator_cpp/cmake)
[1.843s] -- Using all available rosidl_typesupport_c: rosidl_typesupport_fastrtps_c;rosidl_typesupport_introspection_c
[1.863s] -- Using all available rosidl_typesupport_cpp: rosidl_typesupport_fastrtps_cpp;rosidl_typesupport_introspection_cpp
[1.983s] -- Configuring done (1.8s)
[2.094s] -- Generating done (0.1s)
[2.113s] -- Build files have been written to: /home/luca002/proj_ws/build/wamv_gazebo
[2.138s] Invoked command in '/home/luca002/proj_ws/build/wamv_gazebo' returned '0': CMAKE_PREFIX_PATH=${CMAKE_PREFIX_PATH}:/home/luca002/ros_ws/install/robot_description_example:/home/luca002/proj_ws/install/python_node:/opt/ros/jazzy DEBUGINFOD_URLS=https://debuginfod.ubuntu.com /usr/bin/cmake /home/luca002/proj_ws/src/wamv_gazebo -DAMENT_CMAKE_SYMLINK_INSTALL=1 -DCMAKE_INSTALL_PREFIX=/home/luca002/proj_ws/install/wamv_gazebo
[2.140s] Invoking command in '/home/luca002/proj_ws/build/wamv_gazebo': CMAKE_PREFIX_PATH=${CMAKE_PREFIX_PATH}:/home/luca002/ros_ws/install/robot_description_example:/home/luca002/proj_ws/install/python_node:/opt/ros/jazzy DEBUGINFOD_URLS=https://debuginfod.ubuntu.com /usr/bin/cmake --build /home/luca002/proj_ws/build/wamv_gazebo -- -j16 -l16
[2.199s] [  4%] [32mBuilding CXX object CMakeFiles/ScoringPlugin.dir/src/ScoringPlugin.cc.o[0m
[2.199s] [  4%] [32mBuilding CXX object CMakeFiles/Waves.dir/src/Wavefield.cc.o[0m
[4.745s] [  6%] [32m[1mLinking CXX shared library libWaves.so[0m
[4.884s] [  6%] Built target Waves
[4.899s] [ 12%] [32mBuilding CXX object CMakeFiles/PolyhedraBuoyancyDrag.dir/src/PolyhedraBuoyancyDrag.cc.o[0m
[4.899s] [ 12%] [32mBuilding CXX object CMakeFiles/PolyhedraBuoyancyDrag.dir/src/PolyhedronVolume.cc.o[0m
[4.899s] [ 12%] [32mBuilding CXX object CMakeFiles/PolyhedraBuoyancyDrag.dir/src/ShapeVolume.cc.o[0m
[5.726s] [ 14%] [32m[1mLinking CXX shared library libScoringPlugin.so[0m
[5.890s] [ 14%] Built target ScoringPlugin
[5.914s] [ 22%] [32mBuilding CXX object CMakeFiles/PlacardPlugin.dir/src/PlacardPlugin.cc.o[0m
[5.916s] [ 22%] [32mBuilding CXX object CMakeFiles/StationkeepingScoringPlugin.dir/src/StationkeepingScoringPlugin.cc.o[0m
[5.916s] [ 22%] [32mBuilding CXX object CMakeFiles/BallShooterPlugin.dir/src/BallShooterPlugin.cc.o[0m
[5.916s] [ 33%] [32mBuilding CXX object CMakeFiles/AcousticPerceptionScoringPlugin.dir/src/AcousticPerceptionScoringPlugin.cc.o[0m
[5.916s] [ 33%] [32mBuilding CXX object CMakeFiles/PerceptionScoringPlugin.dir/src/PerceptionScoringPlugin.cc.o[0m
[5.916s] [ 33%] [32mBuilding CXX object CMakeFiles/LightBuoyPlugin.dir/src/LightBuoyPlugin.cc.o[0m
[5.916s] [ 33%] [32mBuilding CXX object CMakeFiles/NavigationScoringPlugin.dir/src/NavigationScoringPlugin.cc.o[0m
[5.916s] [ 35%] [32mBuilding CXX object CMakeFiles/AcousticPingerPlugin.dir/src/AcousticPingerPlugin.cc.o[0m
[5.916s] [ 33%] [32mBuilding CXX object CMakeFiles/AcousticTrackingScoringPlugin.dir/src/AcousticTrackingScoringPlugin.cc.o[0m
[5.916s] [ 37%] [32mBuilding CXX object CMakeFiles/WayfindingScoringPlugin.dir/src/WayfindingScoringPlugin.cc.o[0m
[5.917s] [ 39%] [32mBuilding CXX object CMakeFiles/GymkhanaScoringPlugin.dir/src/GymkhanaScoringPlugin.cc.o[0m
[5.917s] [ 35%] [32mBuilding CXX object CMakeFiles/PublisherPlugin.dir/src/PublisherPlugin.cc.o[0m
[5.917s] [ 41%] [32mBuilding CXX object CMakeFiles/SimpleHydrodynamics.dir/src/SimpleHydrodynamics.cc.o[0m
[5.917s] [ 43%] [32mBuilding CXX object CMakeFiles/ScanDockScoringPlugin.dir/src/ScanDockScoringPlugin.cc.o[0m
[6.052s] [ 45%] [32mBuilding CXX object CMakeFiles/AcousticTrackingScoringPlugin.dir/src/WaypointMarkers.cc.o[0m
[10.483s] [ 47%] [32m[1mLinking CXX shared library libPublisherPlugin.so[0m
[10.815s] [ 47%] Built target PublisherPlugin
[10.829s] [ 50%] [32mBuilding CXX object CMakeFiles/AcousticPerceptionScoringPlugin.dir/src/WaypointMarkers.cc.o[0m
[10.882s] [ 52%] [32mBuilding CXX object CMakeFiles/WayfindingScoringPlugin.dir/src/WaypointMarkers.cc.o[0m
[10.927s] [ 54%] [32m[1mLinking CXX shared library libLightBuoyPlugin.so[0m
[11.322s] [ 54%] Built target LightBuoyPlugin
[11.366s] [ 56%] [32mBuilding CXX object CMakeFiles/Surface.dir/src/Surface.cc.o[0m
[11.582s] [ 58%] [32m[1mLinking CXX shared library libGymkhanaScoringPlugin.so[0m
[11.591s] [ 60%] [32m[1mLinking CXX shared library libPolyhedraBuoyancyDrag.so[0m
[11.964s] [ 62%] [32m[1mLinking CXX shared library libSimpleHydrodynamics.so[0m
[12.074s] [ 64%] [32m[1mLinking CXX shared library libPlacardPlugin.so[0m
[12.085s] [ 64%] Built target GymkhanaScoringPlugin
[12.101s] [ 66%] [32mBuilding CXX object CMakeFiles/StationkeepingScoringPlugin.dir/src/WaypointMarkers.cc.o[0m
[12.159s] [ 66%] Built target PolyhedraBuoyancyDrag
[12.208s] [ 68%] [32mBuilding CXX object CMakeFiles/USVWind.dir/src/USVWind.cc.o[0m
[12.334s] [ 68%] Built target SimpleHydrodynamics
[12.368s] [ 70%] [32mBuilding CXX object CMakeFiles/WaveVisual.dir/src/WaveVisual.cc.o[0m
[12.508s] [ 70%] Built target PlacardPlugin
[12.542s] [ 72%] [32mBuilding CXX object CMakeFiles/WildlifeScoringPlugin.dir/src/WildlifeScoringPlugin.cc.o[0m
[13.980s] [ 75%] [32m[1mLinking CXX shared library libPerceptionScoringPlugin.so[0m
[14.052s] [ 77%] [32m[1mLinking CXX shared library libAcousticPingerPlugin.so[0m
[14.099s] [ 79%] [32m[1mLinking CXX shared library libAcousticTrackingScoringPlugin.so[0m
[14.601s] [ 79%] Built target AcousticPingerPlugin
[14.619s] [ 79%] Built target PerceptionScoringPlugin
[14.654s] [ 79%] Built target AcousticTrackingScoringPlugin
[14.745s] [ 81%] [32m[1mLinking CXX shared library libNavigationScoringPlugin.so[0m
[14.971s] [ 81%] Built target NavigationScoringPlugin
[15.194s] [ 83%] [32m[1mLinking CXX shared library libBallShooterPlugin.so[0m
[15.256s] [ 85%] [32m[1mLinking CXX shared library libAcousticPerceptionScoringPlugin.so[0m
[15.407s] [ 87%] [32m[1mLinking CXX shared library libWayfindingScoringPlugin.so[0m
[15.475s] [ 87%] Built target BallShooterPlugin
[15.480s] [ 89%] [32m[1mLinking CXX shared library libScanDockScoringPlugin.so[0m
[15.534s] [ 89%] Built target AcousticPerceptionScoringPlugin
[15.691s] [ 89%] Built target WayfindingScoringPlugin
[15.742s] [ 89%] Built target ScanDockScoringPlugin
[15.984s] [ 91%] [32m[1mLinking CXX shared library libStationkeepingScoringPlugin.so[0m
[16.197s] [ 91%] Built target StationkeepingScoringPlugin
[16.453s] [ 93%] [32m[1mLinking CXX shared library libSurface.so[0m
[16.674s] [ 93%] Built target Surface
[18.188s] [ 95%] [32m[1mLinking CXX shared library libWildlifeScoringPlugin.so[0m
[18.375s] [ 97%] [32m[1mLinking CXX shared library libWaveVisual.so[0m
[18.382s] [ 97%] Built target WildlifeScoringPlugin
[18.487s] [100%] [32m[1mLinking CXX shared library libUSVWind.so[0m
[18.553s] [100%] Built target WaveVisual
[18.652s] [100%] Built target USVWind
[18.660s] Invoked command in '/home/luca002/proj_ws/build/wamv_gazebo' returned '0': CMAKE_PREFIX_PATH=${CMAKE_PREFIX_PATH}:/home/luca002/ros_ws/install/robot_description_example:/home/luca002/proj_ws/install/python_node:/opt/ros/jazzy DEBUGINFOD_URLS=https://debuginfod.ubuntu.com /usr/bin/cmake --build /home/luca002/proj_ws/build/wamv_gazebo -- -j16 -l16
[18.661s] Invoking command in '/home/luca002/proj_ws/build/wamv_gazebo': CMAKE_PREFIX_PATH=${CMAKE_PREFIX_PATH}:/home/luca002/ros_ws/install/robot_description_example:/home/luca002/proj_ws/install/python_node:/opt/ros/jazzy DEBUGINFOD_URLS=https://debuginfod.ubuntu.com /usr/bin/cmake --install /home/luca002/proj_ws/build/wamv_gazebo
[18.667s] -- Install configuration: ""
[18.667s] -- Execute custom install script
[18.667s] -- Symlinking: /home/luca002/proj_ws/install/wamv_gazebo/share/wamv_gazebo/environment/resource_paths.dsv
[18.673s] -- Symlinking: /home/luca002/proj_ws/install/wamv_gazebo/share/wamv_gazebo/environment/resource_paths.sh
[18.679s] -- Symlinking: /home/luca002/proj_ws/install/wamv_gazebo/lib/libWaves.so
[18.685s] -- Symlinking: /home/luca002/proj_ws/install/wamv_gazebo/lib/libPolyhedraBuoyancyDrag.so
[18.691s] -- Symlinking: /home/luca002/proj_ws/install/wamv_gazebo/lib/libScoringPlugin.so
[18.700s] -- Symlinking: /home/luca002/proj_ws/install/wamv_gazebo/lib/libStationkeepingScoringPlugin.so
[18.707s] -- Symlinking: /home/luca002/proj_ws/install/wamv_gazebo/lib/libWayfindingScoringPlugin.so
[18.713s] -- Symlinking: /home/luca002/proj_ws/install/wamv_gazebo/lib/libAcousticPerceptionScoringPlugin.so
[18.718s] -- Symlinking: /home/luca002/proj_ws/install/wamv_gazebo/lib/libAcousticTrackingScoringPlugin.so
[18.724s] -- Symlinking: /home/luca002/proj_ws/install/wamv_gazebo/lib/libAcousticPingerPlugin.so
[18.729s] -- Symlinking: /home/luca002/proj_ws/install/wamv_gazebo/lib/libBallShooterPlugin.so
[18.735s] -- Symlinking: /home/luca002/proj_ws/install/wamv_gazebo/lib/libLightBuoyPlugin.so
[18.741s] -- Symlinking: /home/luca002/proj_ws/install/wamv_gazebo/lib/libNavigationScoringPlugin.so
[18.746s] -- Symlinking: /home/luca002/proj_ws/install/wamv_gazebo/lib/libGymkhanaScoringPlugin.so
[18.752s] -- Symlinking: /home/luca002/proj_ws/install/wamv_gazebo/lib/libPerceptionScoringPlugin.so
[18.758s] -- Symlinking: /home/luca002/proj_ws/install/wamv_gazebo/lib/libPlacardPlugin.so
[18.764s] -- Symlinking: /home/luca002/proj_ws/install/wamv_gazebo/lib/libPublisherPlugin.so
[18.769s] -- Symlinking: /home/luca002/proj_ws/install/wamv_gazebo/lib/libScanDockScoringPlugin.so
[18.775s] -- Symlinking: /home/luca002/proj_ws/install/wamv_gazebo/lib/libSimpleHydrodynamics.so
[18.780s] -- Symlinking: /home/luca002/proj_ws/install/wamv_gazebo/lib/libSurface.so
[18.786s] -- Symlinking: /home/luca002/proj_ws/install/wamv_gazebo/lib/libUSVWind.so
[18.791s] -- Symlinking: /home/luca002/proj_ws/install/wamv_gazebo/lib/libWaveVisual.so
[18.797s] -- Symlinking: /home/luca002/proj_ws/install/wamv_gazebo/lib/libWildlifeScoringPlugin.so
[18.806s] -- Symlinking: /home/luca002/proj_ws/install/wamv_gazebo/share/wamv_gazebo/config/ekf.yaml
[18.812s] -- Symlinking: /home/luca002/proj_ws/install/wamv_gazebo/share/wamv_gazebo/launch/__init__.py
[18.818s] -- Symlinking: /home/luca002/proj_ws/install/wamv_gazebo/share/wamv_gazebo/launch/wamv_gz_rviz.py
[18.824s] -- Symlinking: /home/luca002/proj_ws/install/wamv_gazebo/share/wamv_gazebo/launch/wamv_keyboard_control.py
[18.829s] -- Symlinking: /home/luca002/proj_ws/install/wamv_gazebo/share/wamv_gazebo/launch/wamv_rviz.py
[18.841s] -- Symlinking: /home/luca002/proj_ws/install/wamv_gazebo/share/wamv_gazebo/models/coast_waves/materials/programs/GerstnerWaves_fs_330.glsl
[18.847s] -- Symlinking: /home/luca002/proj_ws/install/wamv_gazebo/share/wamv_gazebo/models/coast_waves/materials/programs/GerstnerWaves_vs_330.glsl
[18.853s] -- Symlinking: /home/luca002/proj_ws/install/wamv_gazebo/share/wamv_gazebo/models/coast_waves/materials/textures/skybox_lowres.dds
[18.858s] -- Symlinking: /home/luca002/proj_ws/install/wamv_gazebo/share/wamv_gazebo/models/coast_waves/materials/textures/wave_normals.dds
[18.863s] -- Symlinking: /home/luca002/proj_ws/install/wamv_gazebo/share/wamv_gazebo/models/coast_waves/meshes/waterlow.dae
[18.868s] -- Symlinking: /home/luca002/proj_ws/install/wamv_gazebo/share/wamv_gazebo/models/coast_waves/model.config
[18.873s] -- Symlinking: /home/luca002/proj_ws/install/wamv_gazebo/share/wamv_gazebo/models/coast_waves/model.sdf
[18.879s] -- Symlinking: /home/luca002/proj_ws/install/wamv_gazebo/share/wamv_gazebo/models/dock_block/meshes/DockCubes_Albedo.png
[18.885s] -- Symlinking: /home/luca002/proj_ws/install/wamv_gazebo/share/wamv_gazebo/models/dock_block/meshes/DockCubes_Metalness.png
[18.891s] -- Symlinking: /home/luca002/proj_ws/install/wamv_gazebo/share/wamv_gazebo/models/dock_block/meshes/DockCubes_Normal.png
[18.898s] -- Symlinking: /home/luca002/proj_ws/install/wamv_gazebo/share/wamv_gazebo/models/dock_block/meshes/DockCubes_Roughness.png
[18.905s] -- Symlinking: /home/luca002/proj_ws/install/wamv_gazebo/share/wamv_gazebo/models/dock_block/meshes/dock_block_4x4.dae
[18.911s] -- Symlinking: /home/luca002/proj_ws/install/wamv_gazebo/share/wamv_gazebo/models/dock_block/model.config
[18.917s] -- Symlinking: /home/luca002/proj_ws/install/wamv_gazebo/share/wamv_gazebo/models/dock_block/model.sdf
[18.922s] -- Symlinking: /home/luca002/proj_ws/install/wamv_gazebo/share/wamv_gazebo/models/male/meshes/MaleVisitor.png
[18.927s] -- Symlinking: /home/luca002/proj_ws/install/wamv_gazebo/share/wamv_gazebo/models/male/meshes/MaleVisitorStatic.mtl
[18.933s] -- Symlinking: /home/luca002/proj_ws/install/wamv_gazebo/share/wamv_gazebo/models/male/meshes/MaleVisitorStatic.obj
[18.938s] -- Symlinking: /home/luca002/proj_ws/install/wamv_gazebo/share/wamv_gazebo/models/male/meshes/MaleVisitorStatic_Col.mtl
[18.944s] -- Symlinking: /home/luca002/proj_ws/install/wamv_gazebo/share/wamv_gazebo/models/male/meshes/MaleVisitorStatic_Col.obj
[18.949s] -- Symlinking: /home/luca002/proj_ws/install/wamv_gazebo/share/wamv_gazebo/models/male/meshes/Phone.png
[18.955s] -- Symlinking: /home/luca002/proj_ws/install/wamv_gazebo/share/wamv_gazebo/models/male/model.config
[18.960s] -- Symlinking: /home/luca002/proj_ws/install/wamv_gazebo/share/wamv_gazebo/models/male/model.sdf
[18.965s] -- Symlinking: /home/luca002/proj_ws/install/wamv_gazebo/share/wamv_gazebo/models/male/thumbnails/1.png
[18.971s] -- Symlinking: /home/luca002/proj_ws/install/wamv_gazebo/share/wamv_gazebo/models/male/thumbnails/2.png
[18.976s] -- Symlinking: /home/luca002/proj_ws/install/wamv_gazebo/share/wamv_gazebo/models/male/thumbnails/3.png
[18.981s] -- Symlinking: /home/luca002/proj_ws/install/wamv_gazebo/share/wamv_gazebo/models/male/thumbnails/4.png
[18.987s] -- Symlinking: /home/luca002/proj_ws/install/wamv_gazebo/share/wamv_gazebo/models/male/thumbnails/5.png
[18.993s] -- Symlinking: /home/luca002/proj_ws/install/wamv_gazebo/share/wamv_gazebo/models/person/materials/textures/eyebrow001-unmodified.png
[19.001s] -- Symlinking: /home/luca002/proj_ws/install/wamv_gazebo/share/wamv_gazebo/models/person/materials/textures/eyebrow001.png
[19.008s] -- Symlinking: /home/luca002/proj_ws/install/wamv_gazebo/share/wamv_gazebo/models/person/materials/textures/green_eye.png
[19.014s] -- Symlinking: /home/luca002/proj_ws/install/wamv_gazebo/share/wamv_gazebo/models/person/materials/textures/jeans01_normals.png
[19.019s] -- Symlinking: /home/luca002/proj_ws/install/wamv_gazebo/share/wamv_gazebo/models/person/materials/textures/jeans_basic_diffuse.png
[19.025s] -- Symlinking: /home/luca002/proj_ws/install/wamv_gazebo/share/wamv_gazebo/models/person/materials/textures/male02_diffuse_black-unmodified.png
[19.031s] -- Symlinking: /home/luca002/proj_ws/install/wamv_gazebo/share/wamv_gazebo/models/person/materials/textures/male02_diffuse_black.png
[19.036s] -- Symlinking: /home/luca002/proj_ws/install/wamv_gazebo/share/wamv_gazebo/models/person/materials/textures/teeth.png
[19.042s] -- Symlinking: /home/luca002/proj_ws/install/wamv_gazebo/share/wamv_gazebo/models/person/materials/textures/tshirt02_normals.png
[19.047s] -- Symlinking: /home/luca002/proj_ws/install/wamv_gazebo/share/wamv_gazebo/models/person/materials/textures/tshirt02_texture.png
[19.052s] -- Symlinking: /home/luca002/proj_ws/install/wamv_gazebo/share/wamv_gazebo/models/person/materials/textures/young_lightskinned_male_diffuse.png
[19.058s] -- Symlinking: /home/luca002/proj_ws/install/wamv_gazebo/share/wamv_gazebo/models/person/meshes/standing.dae
[19.063s] -- Symlinking: /home/luca002/proj_ws/install/wamv_gazebo/share/wamv_gazebo/models/person/model.config
[19.069s] -- Symlinking: /home/luca002/proj_ws/install/wamv_gazebo/share/wamv_gazebo/models/person/model.sdf
[19.074s] -- Symlinking: /home/luca002/proj_ws/install/wamv_gazebo/share/wamv_gazebo/models/person/thumbnails/1.png
[19.079s] -- Symlinking: /home/luca002/proj_ws/install/wamv_gazebo/share/wamv_gazebo/models/person/thumbnails/2.png
[19.084s] -- Symlinking: /home/luca002/proj_ws/install/wamv_gazebo/share/wamv_gazebo/models/person/thumbnails/3.png
[19.089s] -- Symlinking: /home/luca002/proj_ws/install/wamv_gazebo/share/wamv_gazebo/models/person/thumbnails/4.png
[19.096s] -- Symlinking: /home/luca002/proj_ws/install/wamv_gazebo/share/wamv_gazebo/models/person/thumbnails/5.png
[19.104s] -- Symlinking: /home/luca002/proj_ws/install/wamv_gazebo/share/wamv_gazebo/models/round_buoy_black/materials/textures/RoundBarrierBuoy_Base_Color.png
[19.111s] -- Symlinking: /home/luca002/proj_ws/install/wamv_gazebo/share/wamv_gazebo/models/round_buoy_black/materials/textures/RoundBarrierBuoy_Roughness.png
[19.117s] -- Symlinking: /home/luca002/proj_ws/install/wamv_gazebo/share/wamv_gazebo/models/round_buoy_black/meshes/mb_round_buoy.dae
[19.123s] -- Symlinking: /home/luca002/proj_ws/install/wamv_gazebo/share/wamv_gazebo/models/round_buoy_black/model.config
[19.128s] -- Symlinking: /home/luca002/proj_ws/install/wamv_gazebo/share/wamv_gazebo/models/round_buoy_black/model.sdf
[19.133s] -- Symlinking: /home/luca002/proj_ws/install/wamv_gazebo/share/wamv_gazebo/models/round_buoy_black/thumbnails/1.png
[19.139s] -- Symlinking: /home/luca002/proj_ws/install/wamv_gazebo/share/wamv_gazebo/models/round_buoy_black/thumbnails/2.png
[19.145s] -- Symlinking: /home/luca002/proj_ws/install/wamv_gazebo/share/wamv_gazebo/models/round_buoy_black/thumbnails/3.png
[19.150s] -- Symlinking: /home/luca002/proj_ws/install/wamv_gazebo/share/wamv_gazebo/models/round_buoy_black/thumbnails/4.png
[19.156s] -- Symlinking: /home/luca002/proj_ws/install/wamv_gazebo/share/wamv_gazebo/models/round_buoy_black/thumbnails/5.png
[19.161s] -- Symlinking: /home/luca002/proj_ws/install/wamv_gazebo/share/wamv_gazebo/models/vessel_a/materials/textures/Boat05_Albedo.jpg
[19.167s] -- Symlinking: /home/luca002/proj_ws/install/wamv_gazebo/share/wamv_gazebo/models/vessel_a/materials/textures/Boat05_Metalness.png
[19.172s] -- Symlinking: /home/luca002/proj_ws/install/wamv_gazebo/share/wamv_gazebo/models/vessel_a/materials/textures/Boat05_Normal.png
[19.181s] -- Symlinking: /home/luca002/proj_ws/install/wamv_gazebo/share/wamv_gazebo/models/vessel_a/materials/textures/Boat05_Roughness.jpg
[19.190s] -- Symlinking: /home/luca002/proj_ws/install/wamv_gazebo/share/wamv_gazebo/models/vessel_a/meshes/Boat05.dae
[19.200s] -- Symlinking: /home/luca002/proj_ws/install/wamv_gazebo/share/wamv_gazebo/models/vessel_a/model.config
[19.207s] -- Symlinking: /home/luca002/proj_ws/install/wamv_gazebo/share/wamv_gazebo/models/vessel_a/model.sdf
[19.214s] -- Symlinking: /home/luca002/proj_ws/install/wamv_gazebo/share/wamv_gazebo/models/vessel_a/thumbnails/1.png
[19.220s] -- Symlinking: /home/luca002/proj_ws/install/wamv_gazebo/share/wamv_gazebo/models/vessel_b/materials/textures/Boat06_Albedo.jpg
[19.225s] -- Symlinking: /home/luca002/proj_ws/install/wamv_gazebo/share/wamv_gazebo/models/vessel_b/materials/textures/Boat06_Metalness.png
[19.230s] -- Symlinking: /home/luca002/proj_ws/install/wamv_gazebo/share/wamv_gazebo/models/vessel_b/materials/textures/Boat06_Normal.jpg
[19.235s] -- Symlinking: /home/luca002/proj_ws/install/wamv_gazebo/share/wamv_gazebo/models/vessel_b/materials/textures/Boat06_Roughness.jpg
[19.241s] -- Symlinking: /home/luca002/proj_ws/install/wamv_gazebo/share/wamv_gazebo/models/vessel_b/meshes/Boat06.dae
[19.247s] -- Symlinking: /home/luca002/proj_ws/install/wamv_gazebo/share/wamv_gazebo/models/vessel_b/model.config
[19.253s] -- Symlinking: /home/luca002/proj_ws/install/wamv_gazebo/share/wamv_gazebo/models/vessel_b/model.sdf
[19.258s] -- Symlinking: /home/luca002/proj_ws/install/wamv_gazebo/share/wamv_gazebo/models/vessel_b/thumbnails/1.png
[19.264s] -- Symlinking: /home/luca002/proj_ws/install/wamv_gazebo/share/wamv_gazebo/models/vessel_c/materials/textures/Boat07_Albedo.jpg
[19.269s] -- Symlinking: /home/luca002/proj_ws/install/wamv_gazebo/share/wamv_gazebo/models/vessel_c/materials/textures/Boat07_Normal.jpg
[19.275s] -- Symlinking: /home/luca002/proj_ws/install/wamv_gazebo/share/wamv_gazebo/models/vessel_c/materials/textures/Boat07_Roughness.jpg
[19.280s] -- Symlinking: /home/luca002/proj_ws/install/wamv_gazebo/share/wamv_gazebo/models/vessel_c/meshes/Boat07.dae
[19.286s] -- Symlinking: /home/luca002/proj_ws/install/wamv_gazebo/share/wamv_gazebo/models/vessel_c/model.config
[19.292s] -- Symlinking: /home/luca002/proj_ws/install/wamv_gazebo/share/wamv_gazebo/models/vessel_c/model.sdf
[19.298s] -- Symlinking: /home/luca002/proj_ws/install/wamv_gazebo/share/wamv_gazebo/models/vessel_c/thumbnails/1.png
[19.305s] -- Symlinking: /home/luca002/proj_ws/install/wamv_gazebo/share/wamv_gazebo/worlds/sydney.sdf
[19.311s] -- Symlinking: /home/luca002/proj_ws/install/wamv_gazebo/share/wamv_gazebo/rviz/wamv_gz_rviz.rviz
[19.316s] -- Symlinking: /home/luca002/proj_ws/install/wamv_gazebo/share/wamv_gazebo/rviz/wamv_keyboard_control.rviz
[19.322s] -- Symlinking: /home/luca002/proj_ws/install/wamv_gazebo/share/wamv_gazebo/rviz/wamv_rviz.rviz
[19.327s] -- Symlinking: /home/luca002/proj_ws/install/wamv_gazebo/share/wamv_gazebo/urdf/meshes/battery/battery.dae
[19.335s] -- Symlinking: /home/luca002/proj_ws/install/wamv_gazebo/share/wamv_gazebo/urdf/meshes/battery/battery.png
[19.345s] -- Symlinking: /home/luca002/proj_ws/install/wamv_gazebo/share/wamv_gazebo/urdf/meshes/battery/battery_Albedo.png
[19.351s] -- Symlinking: /home/luca002/proj_ws/install/wamv_gazebo/share/wamv_gazebo/urdf/meshes/battery/battery_Metalness.png
[19.357s] -- Symlinking: /home/luca002/proj_ws/install/wamv_gazebo/share/wamv_gazebo/urdf/meshes/battery/battery_Normal.png
[19.363s] -- Symlinking: /home/luca002/proj_ws/install/wamv_gazebo/share/wamv_gazebo/urdf/meshes/battery/battery_Roughness.png
[19.370s] -- Symlinking: /home/luca002/proj_ws/install/wamv_gazebo/share/wamv_gazebo/urdf/meshes/cpu_cases/cpu_cases.dae
[19.376s] -- Symlinking: /home/luca002/proj_ws/install/wamv_gazebo/share/wamv_gazebo/urdf/meshes/cpu_cases/cpu_cases.png
[19.384s] -- Symlinking: /home/luca002/proj_ws/install/wamv_gazebo/share/wamv_gazebo/urdf/meshes/cpu_cases/cpu_cases_Albedo.png
[19.390s] -- Symlinking: /home/luca002/proj_ws/install/wamv_gazebo/share/wamv_gazebo/urdf/meshes/cpu_cases/cpu_cases_Metalness.png
[19.399s] -- Symlinking: /home/luca002/proj_ws/install/wamv_gazebo/share/wamv_gazebo/urdf/meshes/cpu_cases/cpu_cases_Normal.png
[19.407s] -- Symlinking: /home/luca002/proj_ws/install/wamv_gazebo/share/wamv_gazebo/urdf/meshes/cpu_cases/cpu_cases_Roughness.png
[19.413s] -- Symlinking: /home/luca002/proj_ws/install/wamv_gazebo/share/wamv_gazebo/urdf/meshes/lidar/lidar_3d_v1 copy.png
[19.419s] -- Symlinking: /home/luca002/proj_ws/install/wamv_gazebo/share/wamv_gazebo/urdf/meshes/lidar/lidar_3d_v1.dae
[19.425s] -- Symlinking: /home/luca002/proj_ws/install/wamv_gazebo/share/wamv_gazebo/urdf/meshes/lidar/lidar_3d_v1.png
[19.430s] -- Symlinking: /home/luca002/proj_ws/install/wamv_gazebo/share/wamv_gazebo/urdf/meshes/tripod/legs.dae
[19.436s] -- Symlinking: /home/luca002/proj_ws/install/wamv_gazebo/share/wamv_gazebo/urdf/meshes/tripod/ring.dae
[19.442s] -- Symlinking: /home/luca002/proj_ws/install/wamv_gazebo/share/wamv_gazebo/urdf/meshes/wamv/WAM-V-Base.dae
[19.447s] -- Symlinking: /home/luca002/proj_ws/install/wamv_gazebo/share/wamv_gazebo/urdf/meshes/wamv/WamV.png
[19.453s] -- Symlinking: /home/luca002/proj_ws/install/wamv_gazebo/share/wamv_gazebo/urdf/meshes/wamv/engine.dae
[19.458s] -- Symlinking: /home/luca002/proj_ws/install/wamv_gazebo/share/wamv_gazebo/urdf/meshes/wamv/propeller.dae
[19.463s] -- Symlinking: /home/luca002/proj_ws/install/wamv_gazebo/share/wamv_gazebo/urdf/model.urdf.xacro
[19.468s] -- Symlinking: /home/luca002/proj_ws/install/wamv_gazebo/share/ament_index/resource_index/package_run_dependencies/wamv_gazebo
[19.474s] -- Symlinking: /home/luca002/proj_ws/install/wamv_gazebo/share/ament_index/resource_index/parent_prefix_path/wamv_gazebo
[19.480s] -- Symlinking: /home/luca002/proj_ws/install/wamv_gazebo/share/wamv_gazebo/environment/ament_prefix_path.sh
[19.485s] -- Symlinking: /home/luca002/proj_ws/install/wamv_gazebo/share/wamv_gazebo/environment/ament_prefix_path.dsv
[19.490s] -- Symlinking: /home/luca002/proj_ws/install/wamv_gazebo/share/wamv_gazebo/environment/path.sh
[19.497s] -- Symlinking: /home/luca002/proj_ws/install/wamv_gazebo/share/wamv_gazebo/environment/path.dsv
[19.504s] -- Symlinking: /home/luca002/proj_ws/install/wamv_gazebo/share/wamv_gazebo/local_setup.bash
[19.510s] -- Symlinking: /home/luca002/proj_ws/install/wamv_gazebo/share/wamv_gazebo/local_setup.sh
[19.516s] -- Symlinking: /home/luca002/proj_ws/install/wamv_gazebo/share/wamv_gazebo/local_setup.zsh
[19.521s] -- Symlinking: /home/luca002/proj_ws/install/wamv_gazebo/share/wamv_gazebo/local_setup.dsv
[19.526s] -- Symlinking: /home/luca002/proj_ws/install/wamv_gazebo/share/wamv_gazebo/package.dsv
[19.531s] -- Symlinking: /home/luca002/proj_ws/install/wamv_gazebo/share/ament_index/resource_index/packages/wamv_gazebo
[19.537s] -- Symlinking: /home/luca002/proj_ws/install/wamv_gazebo/share/wamv_gazebo/cmake/wamv_gazeboConfig.cmake
[19.543s] -- Symlinking: /home/luca002/proj_ws/install/wamv_gazebo/share/wamv_gazebo/cmake/wamv_gazeboConfig-version.cmake
[19.548s] -- Symlinking: /home/luca002/proj_ws/install/wamv_gazebo/share/wamv_gazebo/package.xml
[19.555s] Invoked command in '/home/luca002/proj_ws/build/wamv_gazebo' returned '0': CMAKE_PREFIX_PATH=${CMAKE_PREFIX_PATH}:/home/luca002/ros_ws/install/robot_description_example:/home/luca002/proj_ws/install/python_node:/opt/ros/jazzy DEBUGINFOD_URLS=https://debuginfod.ubuntu.com /usr/bin/cmake --install /home/luca002/proj_ws/build/wamv_gazebo
