[0.165s] Invoking command in '/home/luca002/proj_ws/build/wamv_navigation': CMAKE_PREFIX_PATH=${CMAKE_PREFIX_PATH}:/home/luca002/ros_ws/install/robot_description_example:/home/luca002/proj_ws/install/python_node:/opt/ros/jazzy DEBUGINFOD_URLS=https://debuginfod.ubuntu.com /usr/bin/cmake /home/luca002/proj_ws/src/wamv_navigation -DAMENT_CMAKE_SYMLINK_INSTALL=1 -DCMAKE_INSTALL_PREFIX=/home/luca002/proj_ws/install/wamv_navigation
[0.234s] -- The C compiler identification is GNU 13.3.0
[0.294s] -- The CXX compiler identification is GNU 13.3.0
[0.307s] -- Detecting C compiler ABI info
[0.370s] -- Detecting C compiler ABI info - done
[0.377s] -- Check for working C compiler: /usr/bin/cc - skipped
[0.377s] -- Detecting C compile features
[0.377s] -- Detecting C compile features - done
[0.384s] -- Detecting CXX compiler ABI info
[0.458s] -- Detecting CXX compiler ABI info - done
[0.465s] -- Check for working CXX compiler: /usr/bin/c++ - skipped
[0.465s] -- Detecting CXX compile features
[0.465s] -- Detecting CXX compile features - done
[0.477s] -- Found ament_cmake: 2.5.4 (/opt/ros/jazzy/share/ament_cmake/cmake)
[0.611s] -- Found Python3: /usr/bin/python3 (found version "3.12.3") found components: Interpreter 
[0.677s] -- Override CMake install command with custom implementation using symlinks instead of copying resources
[0.725s] -- Found nav2_common: 1.3.6 (/opt/ros/jazzy/share/nav2_common/cmake)
[0.729s] -- Found ros_gz_bridge: 1.0.12 (/opt/ros/jazzy/share/ros_gz_bridge/cmake)
[0.809s] -- Found rosidl_generator_c: 4.6.5 (/opt/ros/jazzy/share/rosidl_generator_c/cmake)
[0.836s] -- Found rosidl_generator_cpp: 4.6.5 (/opt/ros/jazzy/share/rosidl_generator_cpp/cmake)
[0.871s] -- Using all available rosidl_typesupport_c: rosidl_typesupport_fastrtps_c;rosidl_typesupport_introspection_c
[0.910s] -- Using all available rosidl_typesupport_cpp: rosidl_typesupport_fastrtps_cpp;rosidl_typesupport_introspection_cpp
[1.038s] -- Found rmw_implementation_cmake: 7.3.2 (/opt/ros/jazzy/share/rmw_implementation_cmake/cmake)
[1.045s] -- Found rmw_fastrtps_cpp: 8.4.2 (/opt/ros/jazzy/share/rmw_fastrtps_cpp/cmake)
[1.149s] -- Found OpenSSL: /usr/lib/x86_64-linux-gnu/libcrypto.so (found version "3.0.13")  
[1.173s] -- Found FastRTPS: /opt/ros/jazzy/include (Required is at least version "2.13") 
[1.196s] -- Using RMW implementation 'rmw_fastrtps_cpp' as default
[1.349s] -- Looking for gz-msgs10 -- found version 10.3.2
[1.354s] -- Searching for dependencies of gz-msgs10
[1.452s] -- Found Protobuf: /usr/lib/x86_64-linux-gnu/libprotobuf.so (found version "3.21.12") 
[1.454s] -- Looking for gz-utils2 -- found version 2.2.1
[1.454s] -- Searching for dependencies of gz-utils2
[1.456s] -- Looking for gz-math7 -- found version 7.5.2
[1.456s] -- Searching for dependencies of gz-math7
[1.456s] -- Looking for gz-utils2 -- found version 2.2.1
[1.460s] -- Checking for module 'tinyxml2'
[1.471s] --   Found tinyxml2, version 10.0.0
[1.501s] -- Looking for gz-transport13 -- found version 13.4.1
[1.501s] -- Searching for dependencies of gz-transport13
[1.539s] -- Config-file not installed for ZeroMQ -- checking for pkg-config
[1.544s] -- Checking for module 'libzmq >= 4'
[1.557s] --   Found libzmq, version 4.3.5
[1.587s] -- Found ZeroMQ: TRUE (Required is at least version "4") 
[1.592s] -- Checking for module 'uuid'
[1.607s] --   Found uuid, version 2.39.3
[1.632s] -- Found UUID: TRUE  
[1.633s] -- Looking for gz-utils2 -- found version 2.2.1
[1.633s] -- Searching for dependencies of gz-utils2
[1.633s] -- Searching for <gz-utils2> component [cli]
[1.636s] -- Looking for gz-utils2-cli -- found version 2.2.1
[1.636s] -- Searching for dependencies of gz-utils2-cli
[1.637s] -- Looking for gz-msgs10 -- found version 10.3.2
[1.940s] -- Found ros_gz_image: 1.0.12 (/opt/ros/jazzy/share/ros_gz_image/cmake)
[1.944s] -- Found ros_gz_sim: 1.0.12 (/opt/ros/jazzy/share/ros_gz_sim/cmake)
[1.999s] -- Found robot_state_publisher: 3.3.3 (/opt/ros/jazzy/share/robot_state_publisher/cmake)
[2.052s] -- Found xacro: 2.0.13 (/opt/ros/jazzy/share/xacro/cmake)
[2.145s] -- Configuring done (2.0s)
[2.153s] -- Generating done (0.0s)
[2.156s] -- Build files have been written to: /home/luca002/proj_ws/build/wamv_navigation
[2.174s] Invoked command in '/home/luca002/proj_ws/build/wamv_navigation' returned '0': CMAKE_PREFIX_PATH=${CMAKE_PREFIX_PATH}:/home/luca002/ros_ws/install/robot_description_example:/home/luca002/proj_ws/install/python_node:/opt/ros/jazzy DEBUGINFOD_URLS=https://debuginfod.ubuntu.com /usr/bin/cmake /home/luca002/proj_ws/src/wamv_navigation -DAMENT_CMAKE_SYMLINK_INSTALL=1 -DCMAKE_INSTALL_PREFIX=/home/luca002/proj_ws/install/wamv_navigation
[2.176s] Invoking command in '/home/luca002/proj_ws/build/wamv_navigation': CMAKE_PREFIX_PATH=${CMAKE_PREFIX_PATH}:/home/luca002/ros_ws/install/robot_description_example:/home/luca002/proj_ws/install/python_node:/opt/ros/jazzy DEBUGINFOD_URLS=https://debuginfod.ubuntu.com /usr/bin/cmake --build /home/luca002/proj_ws/build/wamv_navigation -- -j16 -l16
[2.216s] Invoked command in '/home/luca002/proj_ws/build/wamv_navigation' returned '0': CMAKE_PREFIX_PATH=${CMAKE_PREFIX_PATH}:/home/luca002/ros_ws/install/robot_description_example:/home/luca002/proj_ws/install/python_node:/opt/ros/jazzy DEBUGINFOD_URLS=https://debuginfod.ubuntu.com /usr/bin/cmake --build /home/luca002/proj_ws/build/wamv_navigation -- -j16 -l16
[2.224s] Invoking command in '/home/luca002/proj_ws/build/wamv_navigation': CMAKE_PREFIX_PATH=${CMAKE_PREFIX_PATH}:/home/luca002/ros_ws/install/robot_description_example:/home/luca002/proj_ws/install/python_node:/opt/ros/jazzy DEBUGINFOD_URLS=https://debuginfod.ubuntu.com /usr/bin/cmake --install /home/luca002/proj_ws/build/wamv_navigation
[2.230s] -- Install configuration: ""
[2.230s] -- Execute custom install script
[2.230s] -- Symlinking: /home/luca002/proj_ws/install/wamv_navigation/share/wamv_navigation/config/wamv_mapping.lua
[2.237s] -- Symlinking: /home/luca002/proj_ws/install/wamv_navigation/share/wamv_navigation/launch/__init__.py
[2.243s] -- Symlinking: /home/luca002/proj_ws/install/wamv_navigation/share/wamv_navigation/launch/cartographer.launch.py
[2.248s] -- Symlinking: /home/luca002/proj_ws/install/wamv_navigation/share/wamv_navigation/launch/occupancy_grid.launch.py
[2.256s] -- Symlinking: /home/luca002/proj_ws/install/wamv_navigation/share/wamv_navigation/launch/wamv_localization.py
[2.262s] -- Symlinking: /home/luca002/proj_ws/install/wamv_navigation/share/wamv_navigation/launch/wamv_simulation.py
[2.268s] -- Symlinking: /home/luca002/proj_ws/install/wamv_navigation/share/wamv_navigation/maps/sydney_map.pgm
[2.274s] -- Symlinking: /home/luca002/proj_ws/install/wamv_navigation/share/wamv_navigation/maps/sydney_map.yaml
[2.282s] -- Symlinking: /home/luca002/proj_ws/install/wamv_navigation/share/wamv_navigation/params/wamv_nav2_params.yaml
[2.288s] -- Symlinking: /home/luca002/proj_ws/install/wamv_navigation/share/wamv_navigation/rviz/wamv_cartographer.rviz
[2.294s] -- Symlinking: /home/luca002/proj_ws/install/wamv_navigation/share/wamv_navigation/rviz/wamv_navigation.rviz
[2.300s] -- Symlinking: /home/luca002/proj_ws/install/wamv_navigation/share/ament_index/resource_index/package_run_dependencies/wamv_navigation
[2.309s] -- Symlinking: /home/luca002/proj_ws/install/wamv_navigation/share/ament_index/resource_index/parent_prefix_path/wamv_navigation
[2.316s] -- Symlinking: /home/luca002/proj_ws/install/wamv_navigation/share/wamv_navigation/environment/ament_prefix_path.sh
[2.323s] -- Symlinking: /home/luca002/proj_ws/install/wamv_navigation/share/wamv_navigation/environment/ament_prefix_path.dsv
[2.329s] -- Symlinking: /home/luca002/proj_ws/install/wamv_navigation/share/wamv_navigation/environment/path.sh
[2.334s] -- Symlinking: /home/luca002/proj_ws/install/wamv_navigation/share/wamv_navigation/environment/path.dsv
[2.340s] -- Symlinking: /home/luca002/proj_ws/install/wamv_navigation/share/wamv_navigation/local_setup.bash
[2.346s] -- Symlinking: /home/luca002/proj_ws/install/wamv_navigation/share/wamv_navigation/local_setup.sh
[2.353s] -- Symlinking: /home/luca002/proj_ws/install/wamv_navigation/share/wamv_navigation/local_setup.zsh
[2.359s] -- Symlinking: /home/luca002/proj_ws/install/wamv_navigation/share/wamv_navigation/local_setup.dsv
[2.365s] -- Symlinking: /home/luca002/proj_ws/install/wamv_navigation/share/wamv_navigation/package.dsv
[2.371s] -- Symlinking: /home/luca002/proj_ws/install/wamv_navigation/share/ament_index/resource_index/packages/wamv_navigation
[2.376s] -- Symlinking: /home/luca002/proj_ws/install/wamv_navigation/share/wamv_navigation/cmake/wamv_navigationConfig.cmake
[2.382s] -- Symlinking: /home/luca002/proj_ws/install/wamv_navigation/share/wamv_navigation/cmake/wamv_navigationConfig-version.cmake
[2.388s] -- Symlinking: /home/luca002/proj_ws/install/wamv_navigation/share/wamv_navigation/package.xml
[2.393s] -- Installing: /home/luca002/proj_ws/install/wamv_navigation/lib/wamv_navigation
[2.393s] -- Installing: /home/luca002/proj_ws/install/wamv_navigation/lib/wamv_navigation/maps
[2.394s] -- Installing: /home/luca002/proj_ws/install/wamv_navigation/lib/wamv_navigation/params
[2.394s] -- Installing: /home/luca002/proj_ws/install/wamv_navigation/lib/wamv_navigation/hooks
[2.394s] -- Installing: /home/luca002/proj_ws/install/wamv_navigation/lib/wamv_navigation/launch
[2.394s] -- Installing: /home/luca002/proj_ws/install/wamv_navigation/lib/wamv_navigation/launch/wamv_simulation.py
[2.394s] -- Installing: /home/luca002/proj_ws/install/wamv_navigation/lib/wamv_navigation/launch/occupancy_grid.launch.py
[2.394s] -- Installing: /home/luca002/proj_ws/install/wamv_navigation/lib/wamv_navigation/launch/wamv_localization.py
[2.394s] -- Installing: /home/luca002/proj_ws/install/wamv_navigation/lib/wamv_navigation/launch/__init__.py
[2.394s] -- Installing: /home/luca002/proj_ws/install/wamv_navigation/lib/wamv_navigation/launch/cartographer.launch.py
[2.394s] -- Installing: /home/luca002/proj_ws/install/wamv_navigation/lib/wamv_navigation/rviz
[2.394s] -- Installing: /home/luca002/proj_ws/install/wamv_navigation/lib/wamv_navigation/config
[2.395s] Invoked command in '/home/luca002/proj_ws/build/wamv_navigation' returned '0': CMAKE_PREFIX_PATH=${CMAKE_PREFIX_PATH}:/home/luca002/ros_ws/install/robot_description_example:/home/luca002/proj_ws/install/python_node:/opt/ros/jazzy DEBUGINFOD_URLS=https://debuginfod.ubuntu.com /usr/bin/cmake --install /home/luca002/proj_ws/build/wamv_navigation
