[0.488s] Invoking command in '/home/luca002/proj_ws/build/wamv_navigation': CMAKE_PREFIX_PATH=${CMAKE_PREFIX_PATH}:/home/luca002/ros_ws/install/robot_description_example:/home/luca002/proj_ws/install/python_node:/opt/ros/jazzy DEBUGINFOD_URLS=https://debuginfod.ubuntu.com /usr/bin/cmake --build /home/luca002/proj_ws/build/wamv_navigation -- -j16 -l16
[0.561s] Invoked command in '/home/luca002/proj_ws/build/wamv_navigation' returned '0': CMAKE_PREFIX_PATH=${CMAKE_PREFIX_PATH}:/home/luca002/ros_ws/install/robot_description_example:/home/luca002/proj_ws/install/python_node:/opt/ros/jazzy DEBUGINFOD_URLS=https://debuginfod.ubuntu.com /usr/bin/cmake --build /home/luca002/proj_ws/build/wamv_navigation -- -j16 -l16
[0.579s] Invoking command in '/home/luca002/proj_ws/build/wamv_navigation': CMAKE_PREFIX_PATH=${CMAKE_PREFIX_PATH}:/home/luca002/ros_ws/install/robot_description_example:/home/luca002/proj_ws/install/python_node:/opt/ros/jazzy DEBUGINFOD_URLS=https://debuginfod.ubuntu.com /usr/bin/cmake --install /home/luca002/proj_ws/build/wamv_navigation
[0.599s] -- Install configuration: ""
[0.599s] -- Execute custom install script
[0.604s] -- Up-to-date symlink: /home/luca002/proj_ws/install/wamv_navigation/share/wamv_navigation/config/wamv_mapping.lua
[0.604s] -- Up-to-date symlink: /home/luca002/proj_ws/install/wamv_navigation/share/wamv_navigation/launch/__init__.py
[0.604s] -- Up-to-date symlink: /home/luca002/proj_ws/install/wamv_navigation/share/wamv_navigation/launch/cartographer.launch.py
[0.605s] -- Up-to-date symlink: /home/luca002/proj_ws/install/wamv_navigation/share/wamv_navigation/launch/occupancy_grid.launch.py
[0.605s] -- Up-to-date symlink: /home/luca002/proj_ws/install/wamv_navigation/share/wamv_navigation/launch/wamv_localization.py
[0.609s] -- Up-to-date symlink: /home/luca002/proj_ws/install/wamv_navigation/share/wamv_navigation/launch/wamv_simulation.py
[0.609s] -- Up-to-date symlink: /home/luca002/proj_ws/install/wamv_navigation/share/wamv_navigation/maps/sydney_map.pgm
[0.610s] -- Up-to-date symlink: /home/luca002/proj_ws/install/wamv_navigation/share/wamv_navigation/maps/sydney_map.yaml
[0.610s] -- Up-to-date symlink: /home/luca002/proj_ws/install/wamv_navigation/share/wamv_navigation/params/wamv_nav2_params.yaml
[0.610s] -- Up-to-date symlink: /home/luca002/proj_ws/install/wamv_navigation/share/wamv_navigation/rviz/wamv_cartographer.rviz
[0.610s] -- Up-to-date symlink: /home/luca002/proj_ws/install/wamv_navigation/share/wamv_navigation/rviz/wamv_navigation.rviz
[0.610s] -- Up-to-date symlink: /home/luca002/proj_ws/install/wamv_navigation/share/ament_index/resource_index/package_run_dependencies/wamv_navigation
[0.611s] -- Up-to-date symlink: /home/luca002/proj_ws/install/wamv_navigation/share/ament_index/resource_index/parent_prefix_path/wamv_navigation
[0.611s] -- Up-to-date symlink: /home/luca002/proj_ws/install/wamv_navigation/share/wamv_navigation/environment/ament_prefix_path.sh
[0.611s] -- Up-to-date symlink: /home/luca002/proj_ws/install/wamv_navigation/share/wamv_navigation/environment/ament_prefix_path.dsv
[0.611s] -- Up-to-date symlink: /home/luca002/proj_ws/install/wamv_navigation/share/wamv_navigation/environment/path.sh
[0.612s] -- Up-to-date symlink: /home/luca002/proj_ws/install/wamv_navigation/share/wamv_navigation/environment/path.dsv
[0.612s] -- Up-to-date symlink: /home/luca002/proj_ws/install/wamv_navigation/share/wamv_navigation/local_setup.bash
[0.612s] -- Up-to-date symlink: /home/luca002/proj_ws/install/wamv_navigation/share/wamv_navigation/local_setup.sh
[0.612s] -- Up-to-date symlink: /home/luca002/proj_ws/install/wamv_navigation/share/wamv_navigation/local_setup.zsh
[0.612s] -- Up-to-date symlink: /home/luca002/proj_ws/install/wamv_navigation/share/wamv_navigation/local_setup.dsv
[0.613s] -- Symlinking: /home/luca002/proj_ws/install/wamv_navigation/share/wamv_navigation/package.dsv
[0.640s] -- Up-to-date symlink: /home/luca002/proj_ws/install/wamv_navigation/share/ament_index/resource_index/packages/wamv_navigation
[0.641s] -- Up-to-date symlink: /home/luca002/proj_ws/install/wamv_navigation/share/wamv_navigation/cmake/wamv_navigationConfig.cmake
[0.641s] -- Up-to-date symlink: /home/luca002/proj_ws/install/wamv_navigation/share/wamv_navigation/cmake/wamv_navigationConfig-version.cmake
[0.641s] -- Up-to-date symlink: /home/luca002/proj_ws/install/wamv_navigation/share/wamv_navigation/package.xml
[0.642s] -- Up-to-date: /home/luca002/proj_ws/install/wamv_navigation/lib/wamv_navigation
[0.642s] -- Up-to-date: /home/luca002/proj_ws/install/wamv_navigation/lib/wamv_navigation/maps
[0.642s] -- Up-to-date: /home/luca002/proj_ws/install/wamv_navigation/lib/wamv_navigation/params
[0.642s] -- Up-to-date: /home/luca002/proj_ws/install/wamv_navigation/lib/wamv_navigation/hooks
[0.643s] -- Up-to-date: /home/luca002/proj_ws/install/wamv_navigation/lib/wamv_navigation/launch
[0.643s] -- Up-to-date: /home/luca002/proj_ws/install/wamv_navigation/lib/wamv_navigation/launch/wamv_simulation.py
[0.643s] -- Up-to-date: /home/luca002/proj_ws/install/wamv_navigation/lib/wamv_navigation/launch/occupancy_grid.launch.py
[0.643s] -- Up-to-date: /home/luca002/proj_ws/install/wamv_navigation/lib/wamv_navigation/launch/wamv_localization.py
[0.643s] -- Up-to-date: /home/luca002/proj_ws/install/wamv_navigation/lib/wamv_navigation/launch/__init__.py
[0.644s] -- Up-to-date: /home/luca002/proj_ws/install/wamv_navigation/lib/wamv_navigation/launch/cartographer.launch.py
[0.644s] -- Up-to-date: /home/luca002/proj_ws/install/wamv_navigation/lib/wamv_navigation/rviz
[0.648s] -- Up-to-date: /home/luca002/proj_ws/install/wamv_navigation/lib/wamv_navigation/config
[0.649s] Invoked command in '/home/luca002/proj_ws/build/wamv_navigation' returned '0': CMAKE_PREFIX_PATH=${CMAKE_PREFIX_PATH}:/home/luca002/ros_ws/install/robot_description_example:/home/luca002/proj_ws/install/python_node:/opt/ros/jazzy DEBUGINFOD_URLS=https://debuginfod.ubuntu.com /usr/bin/cmake --install /home/luca002/proj_ws/build/wamv_navigation
