-- The C compiler identification is GNU 13.3.0
-- The CXX compiler identification is GNU 13.3.0
-- Detecting C compiler ABI info
-- Detecting C compiler ABI info - done
-- Check for working C compiler: /usr/bin/cc - skipped
-- Detecting C compile features
-- Detecting C compile features - done
-- Detecting CXX compiler ABI info
-- Detecting CXX compiler ABI info - done
-- Check for working CXX compiler: /usr/bin/c++ - skipped
-- Detecting CXX compile features
-- Detecting CXX compile features - done
-- Found ament_cmake_auto: 2.5.4 (/opt/ros/jazzy/share/ament_cmake_auto/cmake)
-- Found Python3: /usr/bin/python3 (found version "3.12.3") found components: Interpreter 
-- Found rosidl_generator_c: 4.6.5 (/opt/ros/jazzy/share/rosidl_generator_c/cmake)
-- Found rosidl_generator_cpp: 4.6.5 (/opt/ros/jazzy/share/rosidl_generator_cpp/cmake)
-- Using all available rosidl_typesupport_c: rosidl_typesupport_fastrtps_c;rosidl_typesupport_introspection_c
-- Using all available rosidl_typesupport_cpp: rosidl_typesupport_fastrtps_cpp;rosidl_typesupport_introspection_cpp
-- Found rmw_implementation_cmake: 7.3.2 (/opt/ros/jazzy/share/rmw_implementation_cmake/cmake)
-- Found rmw_fastrtps_cpp: 8.4.2 (/opt/ros/jazzy/share/rmw_fastrtps_cpp/cmake)
-- Found OpenSSL: /usr/lib/x86_64-linux-gnu/libcrypto.so (found version "3.0.13")  
-- Found FastRTPS: /opt/ros/jazzy/include (Required is at least version "2.13") 
-- Using RMW implementation 'rmw_fastrtps_cpp' as default
-- Configuring done (1.1s)
-- Generating done (0.0s)
-- Build files have been written to: /home/luca002/proj_ws/build/pose_to_tf
[ 50%] [32mBuilding CXX object CMakeFiles/pose_to_tf.dir/src/pose_to_tf.cpp.o[0m
[ 50%] [32mBuilding CXX object CMakeFiles/pose_with_covariance.dir/src/pose_with_covariance.cpp.o[0m
[ 75%] [32m[1mLinking CXX executable pose_with_covariance[0m
[100%] [32m[1mLinking CXX executable pose_to_tf[0m
[100%] Built target pose_with_covariance
[100%] Built target pose_to_tf
-- Install configuration: ""
-- Installing: /home/luca002/proj_ws/install/share/pose_to_tf/params
-- Installing: /home/luca002/proj_ws/install/share/pose_to_tf/params/ekf.yaml
-- Installing: /home/luca002/proj_ws/install/lib/pose_to_tf/pose_to_tf
-- Set non-toolchain portion of runtime path of "/home/luca002/proj_ws/install/lib/pose_to_tf/pose_to_tf" to ""
-- Installing: /home/luca002/proj_ws/install/lib/pose_to_tf/pose_with_covariance
-- Set non-toolchain portion of runtime path of "/home/luca002/proj_ws/install/lib/pose_to_tf/pose_with_covariance" to ""
-- Installing: /home/luca002/proj_ws/install/share/ament_index/resource_index/package_run_dependencies/pose_to_tf
-- Installing: /home/luca002/proj_ws/install/share/ament_index/resource_index/parent_prefix_path/pose_to_tf
-- Installing: /home/luca002/proj_ws/install/share/pose_to_tf/environment/ament_prefix_path.sh
-- Installing: /home/luca002/proj_ws/install/share/pose_to_tf/environment/ament_prefix_path.dsv
-- Installing: /home/luca002/proj_ws/install/share/pose_to_tf/environment/path.sh
-- Installing: /home/luca002/proj_ws/install/share/pose_to_tf/environment/path.dsv
-- Installing: /home/luca002/proj_ws/install/share/pose_to_tf/local_setup.bash
-- Installing: /home/luca002/proj_ws/install/share/pose_to_tf/local_setup.sh
-- Installing: /home/luca002/proj_ws/install/share/pose_to_tf/local_setup.zsh
-- Installing: /home/luca002/proj_ws/install/share/pose_to_tf/local_setup.dsv
-- Installing: /home/luca002/proj_ws/install/share/pose_to_tf/package.dsv
-- Installing: /home/luca002/proj_ws/install/share/ament_index/resource_index/packages/pose_to_tf
-- Installing: /home/luca002/proj_ws/install/share/pose_to_tf/cmake/ament_cmake_export_dependencies-extras.cmake
-- Installing: /home/luca002/proj_ws/install/share/pose_to_tf/cmake/pose_to_tfConfig.cmake
-- Installing: /home/luca002/proj_ws/install/share/pose_to_tf/cmake/pose_to_tfConfig-version.cmake
-- Installing: /home/luca002/proj_ws/install/share/pose_to_tf/package.xml
