[0.659s] Invoking command in '/home/luca002/proj_ws/build/python_node': DEBUGINFOD_URLS=https://debuginfod.ubuntu.com PYTHONPATH=/home/luca002/proj_ws/build/python_node/prefix_override:/usr/lib/python3/dist-packages/colcon_core/task/python/colcon_distutils_commands:/home/luca002/proj_ws/install/python_node/lib/python3.12/site-packages:${PYTHONPATH} /usr/bin/python3 -W ignore:setup.py install is deprecated -W ignore:easy_install command is deprecated setup.py develop --editable --build-directory /home/luca002/proj_ws/build/python_node/build --no-deps symlink_data
[0.911s] running develop
[1.071s] running egg_info
[1.071s] creating python_node.egg-info
[1.087s] writing python_node.egg-info/PKG-INFO
[1.087s] writing dependency_links to python_node.egg-info/dependency_links.txt
[1.087s] writing entry points to python_node.egg-info/entry_points.txt
[1.087s] writing requirements to python_node.egg-info/requires.txt
[1.087s] writing top-level names to python_node.egg-info/top_level.txt
[1.087s] writing manifest file 'python_node.egg-info/SOURCES.txt'
[1.121s] reading manifest file 'python_node.egg-info/SOURCES.txt'
[1.121s] writing manifest file 'python_node.egg-info/SOURCES.txt'
[1.166s] running build_ext
[1.166s] Creating /home/luca002/proj_ws/install/python_node/lib/python3.12/site-packages/python-node.egg-link (link to .)
[1.167s] Installing odom_to_tf script to /home/luca002/proj_ws/install/python_node/lib/python_node
[1.167s] Installing python_publisher script to /home/luca002/proj_ws/install/python_node/lib/python_node
[1.167s] Installing python_subscriber script to /home/luca002/proj_ws/install/python_node/lib/python_node
[1.167s] Installing thruster_controller script to /home/luca002/proj_ws/install/python_node/lib/python_node
[1.167s] 
[1.167s] Installed /home/luca002/proj_ws/build/python_node
[1.167s] running symlink_data
[1.167s] creating /home/luca002/proj_ws/install/python_node/share/ament_index
[1.167s] creating /home/luca002/proj_ws/install/python_node/share/ament_index/resource_index
[1.167s] creating /home/luca002/proj_ws/install/python_node/share/ament_index/resource_index/packages
[1.167s] symbolically linking /home/luca002/proj_ws/build/python_node/resource/python_node -> /home/luca002/proj_ws/install/python_node/share/ament_index/resource_index/packages
[1.167s] symbolically linking /home/luca002/proj_ws/build/python_node/package.xml -> /home/luca002/proj_ws/install/python_node/share/python_node
[1.168s] creating /home/luca002/proj_ws/install/python_node/share/python_node/launch
[1.168s] symbolically linking /home/luca002/proj_ws/build/python_node/launch/test.launch.yaml -> /home/luca002/proj_ws/install/python_node/share/python_node/launch
[1.168s] creating /home/luca002/proj_ws/install/python_node/share/python_node/config
[1.168s] symbolically linking /home/luca002/proj_ws/build/python_node/config/python_node.config.yaml -> /home/luca002/proj_ws/install/python_node/share/python_node/config
[1.198s] Invoked command in '/home/luca002/proj_ws/build/python_node' returned '0': DEBUGINFOD_URLS=https://debuginfod.ubuntu.com PYTHONPATH=/home/luca002/proj_ws/build/python_node/prefix_override:/usr/lib/python3/dist-packages/colcon_core/task/python/colcon_distutils_commands:/home/luca002/proj_ws/install/python_node/lib/python3.12/site-packages:${PYTHONPATH} /usr/bin/python3 -W ignore:setup.py install is deprecated -W ignore:easy_install command is deprecated setup.py develop --editable --build-directory /home/luca002/proj_ws/build/python_node/build --no-deps symlink_data
