[0.018s] Invoking command in '/home/luca002/proj_ws/build/vrx_ros': CMAKE_PREFIX_PATH=${CMAKE_PREFIX_PATH}:/opt/ros/jazzy DEBUGINFOD_URLS=https://debuginfod.ubuntu.com /usr/bin/cmake /home/luca002/proj_ws/src/vrx/vrx_ros -DCMAKE_INSTALL_PREFIX=/home/luca002/proj_ws/install
[0.080s] -- The C compiler identification is GNU 13.3.0
[0.122s] -- The CXX compiler identification is GNU 13.3.0
[0.134s] -- Detecting C compiler ABI info
[0.198s] -- Detecting C compiler ABI info - done
[0.205s] -- Check for working C compiler: /usr/bin/cc - skipped
[0.205s] -- Detecting C compile features
[0.206s] -- Detecting C compile features - done
[0.213s] -- Detecting CXX compiler ABI info
[0.284s] -- Detecting CXX compiler ABI info - done
[0.296s] -- Check for working CXX compiler: /usr/bin/c++ - skipped
[0.297s] -- Detecting CXX compile features
[0.297s] -- Detecting CXX compile features - done
[0.302s] -- Found ament_cmake: 2.5.4 (/opt/ros/jazzy/share/ament_cmake/cmake)
[0.451s] -- Found Python3: /usr/bin/python3 (found version "3.12.3") found components: Interpreter 
[0.558s] -- Found geometry_msgs: 5.3.6 (/opt/ros/jazzy/share/geometry_msgs/cmake)
[0.601s] -- Found rosidl_generator_c: 4.6.5 (/opt/ros/jazzy/share/rosidl_generator_c/cmake)
[0.621s] -- Found rosidl_generator_cpp: 4.6.5 (/opt/ros/jazzy/share/rosidl_generator_cpp/cmake)
[0.638s] -- Using all available rosidl_typesupport_c: rosidl_typesupport_fastrtps_c;rosidl_typesupport_introspection_c
[0.657s] -- Using all available rosidl_typesupport_cpp: rosidl_typesupport_fastrtps_cpp;rosidl_typesupport_introspection_cpp
[0.700s] -- Looking for gz-msgs10 -- found version 10.3.2
[0.706s] -- Searching for dependencies of gz-msgs10
[0.791s] -- Found Protobuf: /usr/lib/x86_64-linux-gnu/libprotobuf.so (found version "3.21.12") 
[0.793s] -- Looking for gz-utils2 -- found version 2.2.1
[0.793s] -- Searching for dependencies of gz-utils2
[0.795s] -- Looking for gz-math7 -- found version 7.5.2
[0.795s] -- Searching for dependencies of gz-math7
[0.795s] -- Looking for gz-utils2 -- found version 2.2.1
[0.800s] -- Checking for module 'tinyxml2'
[0.810s] --   Found tinyxml2, version 10.0.0
[0.834s] -- Looking for gz-transport13 -- found version 13.4.1
[0.834s] -- Searching for dependencies of gz-transport13
[0.857s] -- Config-file not installed for ZeroMQ -- checking for pkg-config
[0.860s] -- Checking for module 'libzmq >= 4'
[0.869s] --   Found libzmq, version 4.3.5
[0.894s] -- Found ZeroMQ: TRUE (Required is at least version "4") 
[0.898s] -- Checking for module 'uuid'
[0.909s] --   Found uuid, version 2.39.3
[0.930s] -- Found UUID: TRUE  
[0.931s] -- Looking for gz-utils2 -- found version 2.2.1
[0.931s] -- Searching for dependencies of gz-utils2
[0.931s] -- Searching for <gz-utils2> component [cli]
[0.933s] -- Looking for gz-utils2-cli -- found version 2.2.1
[0.933s] -- Searching for dependencies of gz-utils2-cli
[0.933s] -- Looking for gz-msgs10 -- found version 10.3.2
[0.936s] -- Found rclcpp: 28.1.9 (/opt/ros/jazzy/share/rclcpp/cmake)
[0.995s] -- Found rmw_implementation_cmake: 7.3.2 (/opt/ros/jazzy/share/rmw_implementation_cmake/cmake)
[0.999s] -- Found rmw_fastrtps_cpp: 8.4.2 (/opt/ros/jazzy/share/rmw_fastrtps_cpp/cmake)
[1.072s] -- Found OpenSSL: /usr/lib/x86_64-linux-gnu/libcrypto.so (found version "3.0.13")  
[1.091s] -- Found FastRTPS: /opt/ros/jazzy/include (Required is at least version "2.13") 
[1.113s] -- Using RMW implementation 'rmw_fastrtps_cpp' as default
[1.179s] -- Found ros_gz_interfaces: 1.0.12 (/opt/ros/jazzy/share/ros_gz_interfaces/cmake)
[1.206s] -- Found sensor_msgs: 5.3.6 (/opt/ros/jazzy/share/sensor_msgs/cmake)
[1.228s] -- Found tf2: 0.36.11 (/opt/ros/jazzy/share/tf2/cmake)
[1.233s] -- Found tf2_msgs: 0.36.11 (/opt/ros/jazzy/share/tf2_msgs/cmake)
[1.283s] -- Found tf2_ros: 0.36.11 (/opt/ros/jazzy/share/tf2_ros/cmake)
[1.429s] -- Configuring done (1.4s)
[1.444s] -- Generating done (0.0s)
[1.450s] -- Build files have been written to: /home/luca002/proj_ws/build/vrx_ros
[1.466s] Invoked command in '/home/luca002/proj_ws/build/vrx_ros' returned '0': CMAKE_PREFIX_PATH=${CMAKE_PREFIX_PATH}:/opt/ros/jazzy DEBUGINFOD_URLS=https://debuginfod.ubuntu.com /usr/bin/cmake /home/luca002/proj_ws/src/vrx/vrx_ros -DCMAKE_INSTALL_PREFIX=/home/luca002/proj_ws/install
[1.467s] Invoking command in '/home/luca002/proj_ws/build/vrx_ros': CMAKE_PREFIX_PATH=${CMAKE_PREFIX_PATH}:/opt/ros/jazzy DEBUGINFOD_URLS=https://debuginfod.ubuntu.com /usr/bin/cmake --build /home/luca002/proj_ws/build/vrx_ros -- -j16 -l16
[1.522s] [ 50%] [32mBuilding CXX object CMakeFiles/optical_frame_publisher.dir/src/optical_frame_publisher.cc.o[0m
[1.522s] [ 50%] [32mBuilding CXX object CMakeFiles/pose_tf_broadcaster.dir/src/pose_tf_broadcaster.cc.o[0m
[7.151s] [ 75%] [32m[1mLinking CXX executable pose_tf_broadcaster[0m
[7.368s] [ 75%] Built target pose_tf_broadcaster
[9.096s] [100%] [32m[1mLinking CXX executable optical_frame_publisher[0m
[9.381s] [100%] Built target optical_frame_publisher
[9.391s] Invoked command in '/home/luca002/proj_ws/build/vrx_ros' returned '0': CMAKE_PREFIX_PATH=${CMAKE_PREFIX_PATH}:/opt/ros/jazzy DEBUGINFOD_URLS=https://debuginfod.ubuntu.com /usr/bin/cmake --build /home/luca002/proj_ws/build/vrx_ros -- -j16 -l16
[9.392s] Invoking command in '/home/luca002/proj_ws/build/vrx_ros': CMAKE_PREFIX_PATH=${CMAKE_PREFIX_PATH}:/opt/ros/jazzy DEBUGINFOD_URLS=https://debuginfod.ubuntu.com /usr/bin/cmake --install /home/luca002/proj_ws/build/vrx_ros
[9.398s] -- Install configuration: ""
[9.398s] -- Installing: /home/luca002/proj_ws/install/lib/vrx_ros/optical_frame_publisher
[9.402s] -- Set non-toolchain portion of runtime path of "/home/luca002/proj_ws/install/lib/vrx_ros/optical_frame_publisher" to ""
[9.402s] -- Installing: /home/luca002/proj_ws/install/lib/vrx_ros/pose_tf_broadcaster
[9.405s] -- Set non-toolchain portion of runtime path of "/home/luca002/proj_ws/install/lib/vrx_ros/pose_tf_broadcaster" to ""
[9.405s] -- Installing: /home/luca002/proj_ws/install/share/vrx_ros/launch
[9.405s] -- Installing: /home/luca002/proj_ws/install/share/vrx_ros/launch/monitor_sim.py
[9.405s] -- Installing: /home/luca002/proj_ws/install/share/ament_index/resource_index/package_run_dependencies/vrx_ros
[9.405s] -- Installing: /home/luca002/proj_ws/install/share/ament_index/resource_index/parent_prefix_path/vrx_ros
[9.405s] -- Installing: /home/luca002/proj_ws/install/share/vrx_ros/environment/ament_prefix_path.sh
[9.405s] -- Installing: /home/luca002/proj_ws/install/share/vrx_ros/environment/ament_prefix_path.dsv
[9.405s] -- Installing: /home/luca002/proj_ws/install/share/vrx_ros/environment/path.sh
[9.405s] -- Installing: /home/luca002/proj_ws/install/share/vrx_ros/environment/path.dsv
[9.405s] -- Installing: /home/luca002/proj_ws/install/share/vrx_ros/local_setup.bash
[9.405s] -- Installing: /home/luca002/proj_ws/install/share/vrx_ros/local_setup.sh
[9.405s] -- Installing: /home/luca002/proj_ws/install/share/vrx_ros/local_setup.zsh
[9.405s] -- Installing: /home/luca002/proj_ws/install/share/vrx_ros/local_setup.dsv
[9.405s] -- Installing: /home/luca002/proj_ws/install/share/vrx_ros/package.dsv
[9.405s] -- Installing: /home/luca002/proj_ws/install/share/ament_index/resource_index/packages/vrx_ros
[9.405s] -- Installing: /home/luca002/proj_ws/install/share/vrx_ros/cmake/vrx_rosConfig.cmake
[9.406s] -- Installing: /home/luca002/proj_ws/install/share/vrx_ros/cmake/vrx_rosConfig-version.cmake
[9.406s] -- Installing: /home/luca002/proj_ws/install/share/vrx_ros/package.xml
[9.407s] Invoked command in '/home/luca002/proj_ws/build/vrx_ros' returned '0': CMAKE_PREFIX_PATH=${CMAKE_PREFIX_PATH}:/opt/ros/jazzy DEBUGINFOD_URLS=https://debuginfod.ubuntu.com /usr/bin/cmake --install /home/luca002/proj_ws/build/vrx_ros
