[0.136s] DEBUG:colcon:Command line arguments: ['/usr/bin/colcon', 'build', '--symlink-install']
[0.136s] DEBUG:colcon:Parsed command line arguments: Namespace(log_base=None, log_level=None, verb_name='build', build_base='build', install_base='install', merge_install=False, symlink_install=True, test_result_base=None, continue_on_error=False, executor='parallel', parallel_workers=8, event_handlers=None, ignore_user_meta=False, metas=['./colcon.meta'], base_paths=['.'], packages_ignore=None, packages_ignore_regex=None, paths=None, packages_up_to=None, packages_up_to_regex=None, packages_above=None, packages_above_and_dependencies=None, packages_above_depth=None, packages_select_by_dep=None, packages_skip_by_dep=None, packages_skip_up_to=None, packages_select_build_failed=False, packages_skip_build_finished=False, packages_select_test_failures=False, packages_skip_test_passed=False, packages_select=None, packages_skip=None, packages_select_regex=None, packages_skip_regex=None, packages_start=None, packages_end=None, allow_overriding=[], cmake_args=None, cmake_target=None, cmake_target_skip_unavailable=False, cmake_clean_cache=False, cmake_clean_first=False, cmake_force_configure=False, ament_cmake_args=None, catkin_cmake_args=None, catkin_skip_building_tests=False, mixin_files=None, mixin=None, verb_parser=<colcon_mixin.mixin.mixin_argument.MixinArgumentDecorator object at 0x7a1985ba22a0>, verb_extension=<colcon_core.verb.build.BuildVerb object at 0x7a1985ba1eb0>, main=<bound method BuildVerb.main of <colcon_core.verb.build.BuildVerb object at 0x7a1985ba1eb0>>, mixin_verb=('build',))
[0.189s] Level 1:colcon.colcon_core.package_discovery:discover_packages(colcon_meta) check parameters
[0.189s] Level 1:colcon.colcon_core.package_discovery:discover_packages(recursive) check parameters
[0.189s] Level 1:colcon.colcon_core.package_discovery:discover_packages(ignore) check parameters
[0.189s] Level 1:colcon.colcon_core.package_discovery:discover_packages(path) check parameters
[0.189s] Level 1:colcon.colcon_core.package_discovery:discover_packages(colcon_meta) discover
[0.189s] Level 1:colcon.colcon_core.package_discovery:discover_packages(recursive) discover
[0.189s] INFO:colcon.colcon_core.package_discovery:Crawling recursively for packages in '/home/gelatocotonato/LabMec2025'
[0.189s] Level 1:colcon.colcon_core.package_identification:_identify(.) by extensions ['ignore', 'ignore_ament_install']
[0.189s] Level 1:colcon.colcon_core.package_identification:_identify(.) by extension 'ignore'
[0.189s] Level 1:colcon.colcon_core.package_identification:_identify(.) by extension 'ignore_ament_install'
[0.190s] Level 1:colcon.colcon_core.package_identification:_identify(.) by extensions ['colcon_pkg']
[0.190s] Level 1:colcon.colcon_core.package_identification:_identify(.) by extension 'colcon_pkg'
[0.190s] Level 1:colcon.colcon_core.package_identification:_identify(.) by extensions ['colcon_meta']
[0.190s] Level 1:colcon.colcon_core.package_identification:_identify(.) by extension 'colcon_meta'
[0.190s] Level 1:colcon.colcon_core.package_identification:_identify(.) by extensions ['ros']
[0.190s] Level 1:colcon.colcon_core.package_identification:_identify(.) by extension 'ros'
[0.217s] Level 1:colcon.colcon_core.package_identification:_identify(.) by extensions ['cmake', 'python']
[0.217s] Level 1:colcon.colcon_core.package_identification:_identify(.) by extension 'cmake'
[0.217s] Level 1:colcon.colcon_core.package_identification:_identify(.) by extension 'python'
[0.217s] Level 1:colcon.colcon_core.package_identification:_identify(.) by extensions ['python_setup_py']
[0.217s] Level 1:colcon.colcon_core.package_identification:_identify(.) by extension 'python_setup_py'
[0.217s] Level 1:colcon.colcon_core.package_identification:_identify(build) by extensions ['ignore', 'ignore_ament_install']
[0.217s] Level 1:colcon.colcon_core.package_identification:_identify(build) by extension 'ignore'
[0.217s] Level 1:colcon.colcon_core.package_identification:_identify(build) ignored
[0.218s] Level 1:colcon.colcon_core.package_identification:_identify(install) by extensions ['ignore', 'ignore_ament_install']
[0.218s] Level 1:colcon.colcon_core.package_identification:_identify(install) by extension 'ignore'
[0.218s] Level 1:colcon.colcon_core.package_identification:_identify(install) ignored
[0.218s] Level 1:colcon.colcon_core.package_identification:_identify(log) by extensions ['ignore', 'ignore_ament_install']
[0.218s] Level 1:colcon.colcon_core.package_identification:_identify(log) by extension 'ignore'
[0.218s] Level 1:colcon.colcon_core.package_identification:_identify(log) ignored
[0.218s] Level 1:colcon.colcon_core.package_identification:_identify(src) by extensions ['ignore', 'ignore_ament_install']
[0.218s] Level 1:colcon.colcon_core.package_identification:_identify(src) by extension 'ignore'
[0.218s] Level 1:colcon.colcon_core.package_identification:_identify(src) by extension 'ignore_ament_install'
[0.218s] Level 1:colcon.colcon_core.package_identification:_identify(src) by extensions ['colcon_pkg']
[0.218s] Level 1:colcon.colcon_core.package_identification:_identify(src) by extension 'colcon_pkg'
[0.218s] Level 1:colcon.colcon_core.package_identification:_identify(src) by extensions ['colcon_meta']
[0.218s] Level 1:colcon.colcon_core.package_identification:_identify(src) by extension 'colcon_meta'
[0.218s] Level 1:colcon.colcon_core.package_identification:_identify(src) by extensions ['ros']
[0.218s] Level 1:colcon.colcon_core.package_identification:_identify(src) by extension 'ros'
[0.218s] Level 1:colcon.colcon_core.package_identification:_identify(src) by extensions ['cmake', 'python']
[0.218s] Level 1:colcon.colcon_core.package_identification:_identify(src) by extension 'cmake'
[0.218s] Level 1:colcon.colcon_core.package_identification:_identify(src) by extension 'python'
[0.218s] Level 1:colcon.colcon_core.package_identification:_identify(src) by extensions ['python_setup_py']
[0.218s] Level 1:colcon.colcon_core.package_identification:_identify(src) by extension 'python_setup_py'
[0.218s] Level 1:colcon.colcon_core.package_identification:_identify(src/python_node) by extensions ['ignore', 'ignore_ament_install']
[0.218s] Level 1:colcon.colcon_core.package_identification:_identify(src/python_node) by extension 'ignore'
[0.218s] Level 1:colcon.colcon_core.package_identification:_identify(src/python_node) by extension 'ignore_ament_install'
[0.218s] Level 1:colcon.colcon_core.package_identification:_identify(src/python_node) by extensions ['colcon_pkg']
[0.218s] Level 1:colcon.colcon_core.package_identification:_identify(src/python_node) by extension 'colcon_pkg'
[0.219s] Level 1:colcon.colcon_core.package_identification:_identify(src/python_node) by extensions ['colcon_meta']
[0.219s] Level 1:colcon.colcon_core.package_identification:_identify(src/python_node) by extension 'colcon_meta'
[0.219s] Level 1:colcon.colcon_core.package_identification:_identify(src/python_node) by extensions ['ros']
[0.219s] Level 1:colcon.colcon_core.package_identification:_identify(src/python_node) by extension 'ros'
[0.221s] DEBUG:colcon.colcon_core.package_identification:Package 'src/python_node' with type 'ros.ament_python' and name 'python_node'
[0.221s] Level 1:colcon.colcon_core.package_identification:_identify(src/wamv_gazebo) by extensions ['ignore', 'ignore_ament_install']
[0.221s] Level 1:colcon.colcon_core.package_identification:_identify(src/wamv_gazebo) by extension 'ignore'
[0.221s] Level 1:colcon.colcon_core.package_identification:_identify(src/wamv_gazebo) by extension 'ignore_ament_install'
[0.221s] Level 1:colcon.colcon_core.package_identification:_identify(src/wamv_gazebo) by extensions ['colcon_pkg']
[0.221s] Level 1:colcon.colcon_core.package_identification:_identify(src/wamv_gazebo) by extension 'colcon_pkg'
[0.221s] Level 1:colcon.colcon_core.package_identification:_identify(src/wamv_gazebo) by extensions ['colcon_meta']
[0.221s] Level 1:colcon.colcon_core.package_identification:_identify(src/wamv_gazebo) by extension 'colcon_meta'
[0.221s] Level 1:colcon.colcon_core.package_identification:_identify(src/wamv_gazebo) by extensions ['ros']
[0.221s] Level 1:colcon.colcon_core.package_identification:_identify(src/wamv_gazebo) by extension 'ros'
[0.222s] DEBUG:colcon.colcon_core.package_identification:Package 'src/wamv_gazebo' with type 'ros.ament_cmake' and name 'wamv_gazebo'
[0.222s] Level 1:colcon.colcon_core.package_identification:_identify(src/wamv_navigation) by extensions ['ignore', 'ignore_ament_install']
[0.222s] Level 1:colcon.colcon_core.package_identification:_identify(src/wamv_navigation) by extension 'ignore'
[0.222s] Level 1:colcon.colcon_core.package_identification:_identify(src/wamv_navigation) by extension 'ignore_ament_install'
[0.222s] Level 1:colcon.colcon_core.package_identification:_identify(src/wamv_navigation) by extensions ['colcon_pkg']
[0.222s] Level 1:colcon.colcon_core.package_identification:_identify(src/wamv_navigation) by extension 'colcon_pkg'
[0.222s] Level 1:colcon.colcon_core.package_identification:_identify(src/wamv_navigation) by extensions ['colcon_meta']
[0.222s] Level 1:colcon.colcon_core.package_identification:_identify(src/wamv_navigation) by extension 'colcon_meta'
[0.222s] Level 1:colcon.colcon_core.package_identification:_identify(src/wamv_navigation) by extensions ['ros']
[0.222s] Level 1:colcon.colcon_core.package_identification:_identify(src/wamv_navigation) by extension 'ros'
[0.223s] DEBUG:colcon.colcon_core.package_identification:Package 'src/wamv_navigation' with type 'ros.ament_cmake' and name 'wamv_navigation'
[0.223s] Level 1:colcon.colcon_core.package_discovery:discover_packages(recursive) using defaults
[0.223s] Level 1:colcon.colcon_core.package_discovery:discover_packages(ignore) discover
[0.223s] Level 1:colcon.colcon_core.package_discovery:discover_packages(ignore) using defaults
[0.223s] Level 1:colcon.colcon_core.package_discovery:discover_packages(path) discover
[0.223s] Level 1:colcon.colcon_core.package_discovery:discover_packages(path) using defaults
[0.246s] Level 1:colcon.colcon_core.package_discovery:discover_packages(prefix_path) check parameters
[0.246s] Level 1:colcon.colcon_core.package_discovery:discover_packages(prefix_path) discover
[0.248s] DEBUG:colcon.colcon_installed_package_information.package_discovery:Found 3 installed packages in /home/gelatocotonato/LabMec2025/install
[0.250s] DEBUG:colcon.colcon_installed_package_information.package_discovery:Found 428 installed packages in /opt/ros/jazzy
[0.251s] Level 1:colcon.colcon_core.package_discovery:discover_packages(prefix_path) using defaults
[0.291s] Level 5:colcon.colcon_core.verb:set package 'python_node' build argument 'cmake_args' from command line to 'None'
[0.291s] Level 5:colcon.colcon_core.verb:set package 'python_node' build argument 'cmake_target' from command line to 'None'
[0.291s] Level 5:colcon.colcon_core.verb:set package 'python_node' build argument 'cmake_target_skip_unavailable' from command line to 'False'
[0.291s] Level 5:colcon.colcon_core.verb:set package 'python_node' build argument 'cmake_clean_cache' from command line to 'False'
[0.291s] Level 5:colcon.colcon_core.verb:set package 'python_node' build argument 'cmake_clean_first' from command line to 'False'
[0.291s] Level 5:colcon.colcon_core.verb:set package 'python_node' build argument 'cmake_force_configure' from command line to 'False'
[0.291s] Level 5:colcon.colcon_core.verb:set package 'python_node' build argument 'ament_cmake_args' from command line to 'None'
[0.291s] Level 5:colcon.colcon_core.verb:set package 'python_node' build argument 'catkin_cmake_args' from command line to 'None'
[0.291s] Level 5:colcon.colcon_core.verb:set package 'python_node' build argument 'catkin_skip_building_tests' from command line to 'False'
[0.291s] DEBUG:colcon.colcon_core.verb:Building package 'python_node' with the following arguments: {'ament_cmake_args': None, 'build_base': '/home/gelatocotonato/LabMec2025/build/python_node', 'catkin_cmake_args': None, 'catkin_skip_building_tests': False, 'cmake_args': None, 'cmake_clean_cache': False, 'cmake_clean_first': False, 'cmake_force_configure': False, 'cmake_target': None, 'cmake_target_skip_unavailable': False, 'install_base': '/home/gelatocotonato/LabMec2025/install/python_node', 'merge_install': False, 'path': '/home/gelatocotonato/LabMec2025/src/python_node', 'symlink_install': True, 'test_result_base': None}
[0.291s] Level 5:colcon.colcon_core.verb:set package 'wamv_gazebo' build argument 'cmake_args' from command line to 'None'
[0.291s] Level 5:colcon.colcon_core.verb:set package 'wamv_gazebo' build argument 'cmake_target' from command line to 'None'
[0.291s] Level 5:colcon.colcon_core.verb:set package 'wamv_gazebo' build argument 'cmake_target_skip_unavailable' from command line to 'False'
[0.291s] Level 5:colcon.colcon_core.verb:set package 'wamv_gazebo' build argument 'cmake_clean_cache' from command line to 'False'
[0.291s] Level 5:colcon.colcon_core.verb:set package 'wamv_gazebo' build argument 'cmake_clean_first' from command line to 'False'
[0.291s] Level 5:colcon.colcon_core.verb:set package 'wamv_gazebo' build argument 'cmake_force_configure' from command line to 'False'
[0.291s] Level 5:colcon.colcon_core.verb:set package 'wamv_gazebo' build argument 'ament_cmake_args' from command line to 'None'
[0.291s] Level 5:colcon.colcon_core.verb:set package 'wamv_gazebo' build argument 'catkin_cmake_args' from command line to 'None'
[0.291s] Level 5:colcon.colcon_core.verb:set package 'wamv_gazebo' build argument 'catkin_skip_building_tests' from command line to 'False'
[0.291s] DEBUG:colcon.colcon_core.verb:Building package 'wamv_gazebo' with the following arguments: {'ament_cmake_args': None, 'build_base': '/home/gelatocotonato/LabMec2025/build/wamv_gazebo', 'catkin_cmake_args': None, 'catkin_skip_building_tests': False, 'cmake_args': None, 'cmake_clean_cache': False, 'cmake_clean_first': False, 'cmake_force_configure': False, 'cmake_target': None, 'cmake_target_skip_unavailable': False, 'install_base': '/home/gelatocotonato/LabMec2025/install/wamv_gazebo', 'merge_install': False, 'path': '/home/gelatocotonato/LabMec2025/src/wamv_gazebo', 'symlink_install': True, 'test_result_base': None}
[0.291s] Level 5:colcon.colcon_core.verb:set package 'wamv_navigation' build argument 'cmake_args' from command line to 'None'
[0.291s] Level 5:colcon.colcon_core.verb:set package 'wamv_navigation' build argument 'cmake_target' from command line to 'None'
[0.291s] Level 5:colcon.colcon_core.verb:set package 'wamv_navigation' build argument 'cmake_target_skip_unavailable' from command line to 'False'
[0.291s] Level 5:colcon.colcon_core.verb:set package 'wamv_navigation' build argument 'cmake_clean_cache' from command line to 'False'
[0.292s] Level 5:colcon.colcon_core.verb:set package 'wamv_navigation' build argument 'cmake_clean_first' from command line to 'False'
[0.292s] Level 5:colcon.colcon_core.verb:set package 'wamv_navigation' build argument 'cmake_force_configure' from command line to 'False'
[0.292s] Level 5:colcon.colcon_core.verb:set package 'wamv_navigation' build argument 'ament_cmake_args' from command line to 'None'
[0.292s] Level 5:colcon.colcon_core.verb:set package 'wamv_navigation' build argument 'catkin_cmake_args' from command line to 'None'
[0.292s] Level 5:colcon.colcon_core.verb:set package 'wamv_navigation' build argument 'catkin_skip_building_tests' from command line to 'False'
[0.292s] DEBUG:colcon.colcon_core.verb:Building package 'wamv_navigation' with the following arguments: {'ament_cmake_args': None, 'build_base': '/home/gelatocotonato/LabMec2025/build/wamv_navigation', 'catkin_cmake_args': None, 'catkin_skip_building_tests': False, 'cmake_args': None, 'cmake_clean_cache': False, 'cmake_clean_first': False, 'cmake_force_configure': False, 'cmake_target': None, 'cmake_target_skip_unavailable': False, 'install_base': '/home/gelatocotonato/LabMec2025/install/wamv_navigation', 'merge_install': False, 'path': '/home/gelatocotonato/LabMec2025/src/wamv_navigation', 'symlink_install': True, 'test_result_base': None}
[0.292s] INFO:colcon.colcon_core.executor:Executing jobs using 'parallel' executor
[0.293s] DEBUG:colcon.colcon_parallel_executor.executor.parallel:run_until_complete
[0.293s] INFO:colcon.colcon_ros.task.ament_python.build:Building ROS package in '/home/gelatocotonato/LabMec2025/src/python_node' with build type 'ament_python'
[0.293s] Level 1:colcon.colcon_core.shell:create_environment_hook('python_node', 'ament_prefix_path')
[0.298s] INFO:colcon.colcon_core.plugin_system:Skipping extension 'colcon_core.shell.bat': Not used on non-Windows systems
[0.298s] INFO:colcon.colcon_core.shell:Creating environment hook '/home/gelatocotonato/LabMec2025/install/python_node/share/python_node/hook/ament_prefix_path.ps1'
[0.299s] INFO:colcon.colcon_core.shell:Creating environment descriptor '/home/gelatocotonato/LabMec2025/install/python_node/share/python_node/hook/ament_prefix_path.dsv'
[0.300s] INFO:colcon.colcon_core.shell:Creating environment hook '/home/gelatocotonato/LabMec2025/install/python_node/share/python_node/hook/ament_prefix_path.sh'
[0.300s] INFO:colcon.colcon_core.shell:Skip shell extension 'powershell' for command environment: Not usable outside of PowerShell
[0.300s] DEBUG:colcon.colcon_core.shell:Skip shell extension 'dsv' for command environment
[0.305s] INFO:colcon.colcon_ros.task.ament_cmake.build:Building ROS package in '/home/gelatocotonato/LabMec2025/src/wamv_gazebo' with build type 'ament_cmake'
[0.305s] INFO:colcon.colcon_cmake.task.cmake.build:Building CMake package in '/home/gelatocotonato/LabMec2025/src/wamv_gazebo'
[0.306s] INFO:colcon.colcon_core.shell:Skip shell extension 'powershell' for command environment: Not usable outside of PowerShell
[0.306s] DEBUG:colcon.colcon_core.shell:Skip shell extension 'dsv' for command environment
[0.310s] INFO:colcon.colcon_ros.task.ament_cmake.build:Building ROS package in '/home/gelatocotonato/LabMec2025/src/wamv_navigation' with build type 'ament_cmake'
[0.310s] INFO:colcon.colcon_cmake.task.cmake.build:Building CMake package in '/home/gelatocotonato/LabMec2025/src/wamv_navigation'
[0.310s] INFO:colcon.colcon_core.shell:Skip shell extension 'powershell' for command environment: Not usable outside of PowerShell
[0.310s] DEBUG:colcon.colcon_core.shell:Skip shell extension 'dsv' for command environment
[0.509s] INFO:colcon.colcon_core.task.python.build:Building Python package in '/home/gelatocotonato/LabMec2025/src/python_node'
[0.509s] INFO:colcon.colcon_core.shell:Skip shell extension 'powershell' for command environment: Not usable outside of PowerShell
[0.510s] DEBUG:colcon.colcon_core.shell:Skip shell extension 'dsv' for command environment
[0.516s] DEBUG:colcon.colcon_core.event_handler.log_command:Invoking command in '/home/gelatocotonato/LabMec2025/build/wamv_gazebo': CMAKE_PREFIX_PATH=${CMAKE_PREFIX_PATH}:/home/gelatocotonato/LabMec2025/install/python_node:/opt/ros/jazzy DEBUGINFOD_URLS=https://debuginfod.ubuntu.com /usr/bin/cmake --build /home/gelatocotonato/LabMec2025/build/wamv_gazebo -- -j8 -l8
[0.520s] DEBUG:colcon.colcon_core.event_handler.log_command:Invoking command in '/home/gelatocotonato/LabMec2025/build/wamv_navigation': CMAKE_PREFIX_PATH=${CMAKE_PREFIX_PATH}:/home/gelatocotonato/LabMec2025/install/python_node:/opt/ros/jazzy DEBUGINFOD_URLS=https://debuginfod.ubuntu.com /usr/bin/cmake --build /home/gelatocotonato/LabMec2025/build/wamv_navigation -- -j8 -l8
[0.604s] DEBUG:colcon.colcon_core.event_handler.log_command:Invoked command in '/home/gelatocotonato/LabMec2025/build/wamv_navigation' returned '0': CMAKE_PREFIX_PATH=${CMAKE_PREFIX_PATH}:/home/gelatocotonato/LabMec2025/install/python_node:/opt/ros/jazzy DEBUGINFOD_URLS=https://debuginfod.ubuntu.com /usr/bin/cmake --build /home/gelatocotonato/LabMec2025/build/wamv_navigation -- -j8 -l8
[0.614s] DEBUG:colcon.colcon_core.event_handler.log_command:Invoking command in '/home/gelatocotonato/LabMec2025/build/wamv_navigation': CMAKE_PREFIX_PATH=${CMAKE_PREFIX_PATH}:/home/gelatocotonato/LabMec2025/install/python_node:/opt/ros/jazzy DEBUGINFOD_URLS=https://debuginfod.ubuntu.com /usr/bin/cmake --install /home/gelatocotonato/LabMec2025/build/wamv_navigation
[0.637s] Level 1:colcon.colcon_core.environment:create_environment_scripts_only(wamv_navigation)
[0.637s] DEBUG:colcon.colcon_core.event_handler.log_command:Invoked command in '/home/gelatocotonato/LabMec2025/build/wamv_navigation' returned '0': CMAKE_PREFIX_PATH=${CMAKE_PREFIX_PATH}:/home/gelatocotonato/LabMec2025/install/python_node:/opt/ros/jazzy DEBUGINFOD_URLS=https://debuginfod.ubuntu.com /usr/bin/cmake --install /home/gelatocotonato/LabMec2025/build/wamv_navigation
[0.643s] Level 1:colcon.colcon_core.environment:checking '/home/gelatocotonato/LabMec2025/install/wamv_navigation' for CMake module files
[0.643s] Level 1:colcon.colcon_core.environment:checking '/home/gelatocotonato/LabMec2025/install/wamv_navigation' for CMake config files
[0.644s] Level 1:colcon.colcon_core.shell:create_environment_hook('wamv_navigation', 'cmake_prefix_path')
[0.644s] INFO:colcon.colcon_core.shell:Creating environment hook '/home/gelatocotonato/LabMec2025/install/wamv_navigation/share/wamv_navigation/hook/cmake_prefix_path.ps1'
[0.644s] INFO:colcon.colcon_core.shell:Creating environment descriptor '/home/gelatocotonato/LabMec2025/install/wamv_navigation/share/wamv_navigation/hook/cmake_prefix_path.dsv'
[0.645s] INFO:colcon.colcon_core.shell:Creating environment hook '/home/gelatocotonato/LabMec2025/install/wamv_navigation/share/wamv_navigation/hook/cmake_prefix_path.sh'
[0.646s] Level 1:colcon.colcon_core.environment:checking '/home/gelatocotonato/LabMec2025/install/wamv_navigation/lib'
[0.646s] Level 1:colcon.colcon_core.environment:checking '/home/gelatocotonato/LabMec2025/install/wamv_navigation/bin'
[0.646s] Level 1:colcon.colcon_core.environment:checking '/home/gelatocotonato/LabMec2025/install/wamv_navigation/lib/pkgconfig/wamv_navigation.pc'
[0.646s] Level 1:colcon.colcon_core.environment:checking '/home/gelatocotonato/LabMec2025/install/wamv_navigation/lib/python3.12/site-packages'
[0.646s] Level 1:colcon.colcon_core.environment:checking '/home/gelatocotonato/LabMec2025/install/wamv_navigation/bin'
[0.647s] INFO:colcon.colcon_core.shell:Creating package script '/home/gelatocotonato/LabMec2025/install/wamv_navigation/share/wamv_navigation/package.ps1'
[0.648s] INFO:colcon.colcon_core.shell:Creating package descriptor '/home/gelatocotonato/LabMec2025/install/wamv_navigation/share/wamv_navigation/package.dsv'
[0.650s] INFO:colcon.colcon_core.shell:Creating package script '/home/gelatocotonato/LabMec2025/install/wamv_navigation/share/wamv_navigation/package.sh'
[0.651s] INFO:colcon.colcon_core.shell:Creating package script '/home/gelatocotonato/LabMec2025/install/wamv_navigation/share/wamv_navigation/package.bash'
[0.653s] INFO:colcon.colcon_core.shell:Creating package script '/home/gelatocotonato/LabMec2025/install/wamv_navigation/share/wamv_navigation/package.zsh'
[0.654s] Level 1:colcon.colcon_core.environment:create_file_with_runtime_dependencies(/home/gelatocotonato/LabMec2025/install/wamv_navigation/share/colcon-core/packages/wamv_navigation)
[0.654s] Level 1:colcon.colcon_core.environment:create_environment_scripts_only(wamv_navigation)
[0.655s] Level 1:colcon.colcon_core.environment:checking '/home/gelatocotonato/LabMec2025/install/wamv_navigation' for CMake module files
[0.655s] Level 1:colcon.colcon_core.environment:checking '/home/gelatocotonato/LabMec2025/install/wamv_navigation' for CMake config files
[0.656s] Level 1:colcon.colcon_core.shell:create_environment_hook('wamv_navigation', 'cmake_prefix_path')
[0.656s] INFO:colcon.colcon_core.shell:Creating environment hook '/home/gelatocotonato/LabMec2025/install/wamv_navigation/share/wamv_navigation/hook/cmake_prefix_path.ps1'
[0.656s] INFO:colcon.colcon_core.shell:Creating environment descriptor '/home/gelatocotonato/LabMec2025/install/wamv_navigation/share/wamv_navigation/hook/cmake_prefix_path.dsv'
[0.658s] INFO:colcon.colcon_core.shell:Creating environment hook '/home/gelatocotonato/LabMec2025/install/wamv_navigation/share/wamv_navigation/hook/cmake_prefix_path.sh'
[0.659s] Level 1:colcon.colcon_core.environment:checking '/home/gelatocotonato/LabMec2025/install/wamv_navigation/lib'
[0.659s] Level 1:colcon.colcon_core.environment:checking '/home/gelatocotonato/LabMec2025/install/wamv_navigation/bin'
[0.660s] Level 1:colcon.colcon_core.environment:checking '/home/gelatocotonato/LabMec2025/install/wamv_navigation/lib/pkgconfig/wamv_navigation.pc'
[0.660s] Level 1:colcon.colcon_core.environment:checking '/home/gelatocotonato/LabMec2025/install/wamv_navigation/lib/python3.12/site-packages'
[0.660s] Level 1:colcon.colcon_core.environment:checking '/home/gelatocotonato/LabMec2025/install/wamv_navigation/bin'
[0.661s] INFO:colcon.colcon_core.shell:Creating package script '/home/gelatocotonato/LabMec2025/install/wamv_navigation/share/wamv_navigation/package.ps1'
[0.662s] INFO:colcon.colcon_core.shell:Creating package descriptor '/home/gelatocotonato/LabMec2025/install/wamv_navigation/share/wamv_navigation/package.dsv'
[0.663s] INFO:colcon.colcon_core.shell:Creating package script '/home/gelatocotonato/LabMec2025/install/wamv_navigation/share/wamv_navigation/package.sh'
[0.664s] INFO:colcon.colcon_core.shell:Creating package script '/home/gelatocotonato/LabMec2025/install/wamv_navigation/share/wamv_navigation/package.bash'
[0.665s] INFO:colcon.colcon_core.shell:Creating package script '/home/gelatocotonato/LabMec2025/install/wamv_navigation/share/wamv_navigation/package.zsh'
[0.665s] Level 1:colcon.colcon_core.environment:create_file_with_runtime_dependencies(/home/gelatocotonato/LabMec2025/install/wamv_navigation/share/colcon-core/packages/wamv_navigation)
[0.791s] DEBUG:colcon.colcon_core.event_handler.log_command:Invoked command in '/home/gelatocotonato/LabMec2025/build/wamv_gazebo' returned '0': CMAKE_PREFIX_PATH=${CMAKE_PREFIX_PATH}:/home/gelatocotonato/LabMec2025/install/python_node:/opt/ros/jazzy DEBUGINFOD_URLS=https://debuginfod.ubuntu.com /usr/bin/cmake --build /home/gelatocotonato/LabMec2025/build/wamv_gazebo -- -j8 -l8
[0.793s] DEBUG:colcon.colcon_core.event_handler.log_command:Invoking command in '/home/gelatocotonato/LabMec2025/build/wamv_gazebo': CMAKE_PREFIX_PATH=${CMAKE_PREFIX_PATH}:/home/gelatocotonato/LabMec2025/install/python_node:/opt/ros/jazzy DEBUGINFOD_URLS=https://debuginfod.ubuntu.com /usr/bin/cmake --install /home/gelatocotonato/LabMec2025/build/wamv_gazebo
[0.834s] Level 1:colcon.colcon_core.environment:create_environment_scripts_only(wamv_gazebo)
[0.834s] Level 1:colcon.colcon_core.environment:checking '/home/gelatocotonato/LabMec2025/install/wamv_gazebo' for CMake module files
[0.835s] DEBUG:colcon.colcon_core.event_handler.log_command:Invoked command in '/home/gelatocotonato/LabMec2025/build/wamv_gazebo' returned '0': CMAKE_PREFIX_PATH=${CMAKE_PREFIX_PATH}:/home/gelatocotonato/LabMec2025/install/python_node:/opt/ros/jazzy DEBUGINFOD_URLS=https://debuginfod.ubuntu.com /usr/bin/cmake --install /home/gelatocotonato/LabMec2025/build/wamv_gazebo
[0.835s] Level 1:colcon.colcon_core.environment:checking '/home/gelatocotonato/LabMec2025/install/wamv_gazebo' for CMake config files
[0.836s] Level 1:colcon.colcon_core.shell:create_environment_hook('wamv_gazebo', 'cmake_prefix_path')
[0.836s] INFO:colcon.colcon_core.shell:Creating environment hook '/home/gelatocotonato/LabMec2025/install/wamv_gazebo/share/wamv_gazebo/hook/cmake_prefix_path.ps1'
[0.836s] INFO:colcon.colcon_core.shell:Creating environment descriptor '/home/gelatocotonato/LabMec2025/install/wamv_gazebo/share/wamv_gazebo/hook/cmake_prefix_path.dsv'
[0.836s] INFO:colcon.colcon_core.shell:Creating environment hook '/home/gelatocotonato/LabMec2025/install/wamv_gazebo/share/wamv_gazebo/hook/cmake_prefix_path.sh'
[0.837s] Level 1:colcon.colcon_core.environment:checking '/home/gelatocotonato/LabMec2025/install/wamv_gazebo/lib'
[0.837s] Level 1:colcon.colcon_core.shell:create_environment_hook('wamv_gazebo', 'ld_library_path_lib')
[0.837s] INFO:colcon.colcon_core.shell:Creating environment hook '/home/gelatocotonato/LabMec2025/install/wamv_gazebo/share/wamv_gazebo/hook/ld_library_path_lib.ps1'
[0.837s] INFO:colcon.colcon_core.shell:Creating environment descriptor '/home/gelatocotonato/LabMec2025/install/wamv_gazebo/share/wamv_gazebo/hook/ld_library_path_lib.dsv'
[0.837s] INFO:colcon.colcon_core.shell:Creating environment hook '/home/gelatocotonato/LabMec2025/install/wamv_gazebo/share/wamv_gazebo/hook/ld_library_path_lib.sh'
[0.838s] Level 1:colcon.colcon_core.environment:checking '/home/gelatocotonato/LabMec2025/install/wamv_gazebo/bin'
[0.838s] Level 1:colcon.colcon_core.environment:checking '/home/gelatocotonato/LabMec2025/install/wamv_gazebo/lib/pkgconfig/wamv_gazebo.pc'
[0.838s] Level 1:colcon.colcon_core.environment:checking '/home/gelatocotonato/LabMec2025/install/wamv_gazebo/lib/python3.12/site-packages'
[0.838s] Level 1:colcon.colcon_core.environment:checking '/home/gelatocotonato/LabMec2025/install/wamv_gazebo/bin'
[0.838s] INFO:colcon.colcon_core.shell:Creating package script '/home/gelatocotonato/LabMec2025/install/wamv_gazebo/share/wamv_gazebo/package.ps1'
[0.838s] INFO:colcon.colcon_core.shell:Creating package descriptor '/home/gelatocotonato/LabMec2025/install/wamv_gazebo/share/wamv_gazebo/package.dsv'
[0.839s] INFO:colcon.colcon_core.shell:Creating package script '/home/gelatocotonato/LabMec2025/install/wamv_gazebo/share/wamv_gazebo/package.sh'
[0.839s] INFO:colcon.colcon_core.shell:Creating package script '/home/gelatocotonato/LabMec2025/install/wamv_gazebo/share/wamv_gazebo/package.bash'
[0.839s] INFO:colcon.colcon_core.shell:Creating package script '/home/gelatocotonato/LabMec2025/install/wamv_gazebo/share/wamv_gazebo/package.zsh'
[0.839s] Level 1:colcon.colcon_core.environment:create_file_with_runtime_dependencies(/home/gelatocotonato/LabMec2025/install/wamv_gazebo/share/colcon-core/packages/wamv_gazebo)
[0.840s] Level 1:colcon.colcon_core.environment:create_environment_scripts_only(wamv_gazebo)
[0.840s] Level 1:colcon.colcon_core.environment:checking '/home/gelatocotonato/LabMec2025/install/wamv_gazebo' for CMake module files
[0.840s] Level 1:colcon.colcon_core.environment:checking '/home/gelatocotonato/LabMec2025/install/wamv_gazebo' for CMake config files
[0.841s] Level 1:colcon.colcon_core.shell:create_environment_hook('wamv_gazebo', 'cmake_prefix_path')
[0.841s] INFO:colcon.colcon_core.shell:Creating environment hook '/home/gelatocotonato/LabMec2025/install/wamv_gazebo/share/wamv_gazebo/hook/cmake_prefix_path.ps1'
[0.841s] INFO:colcon.colcon_core.shell:Creating environment descriptor '/home/gelatocotonato/LabMec2025/install/wamv_gazebo/share/wamv_gazebo/hook/cmake_prefix_path.dsv'
[0.841s] INFO:colcon.colcon_core.shell:Creating environment hook '/home/gelatocotonato/LabMec2025/install/wamv_gazebo/share/wamv_gazebo/hook/cmake_prefix_path.sh'
[0.842s] Level 1:colcon.colcon_core.environment:checking '/home/gelatocotonato/LabMec2025/install/wamv_gazebo/lib'
[0.842s] Level 1:colcon.colcon_core.shell:create_environment_hook('wamv_gazebo', 'ld_library_path_lib')
[0.842s] INFO:colcon.colcon_core.shell:Creating environment hook '/home/gelatocotonato/LabMec2025/install/wamv_gazebo/share/wamv_gazebo/hook/ld_library_path_lib.ps1'
[0.842s] INFO:colcon.colcon_core.shell:Creating environment descriptor '/home/gelatocotonato/LabMec2025/install/wamv_gazebo/share/wamv_gazebo/hook/ld_library_path_lib.dsv'
[0.842s] INFO:colcon.colcon_core.shell:Creating environment hook '/home/gelatocotonato/LabMec2025/install/wamv_gazebo/share/wamv_gazebo/hook/ld_library_path_lib.sh'
[0.843s] Level 1:colcon.colcon_core.environment:checking '/home/gelatocotonato/LabMec2025/install/wamv_gazebo/bin'
[0.843s] Level 1:colcon.colcon_core.environment:checking '/home/gelatocotonato/LabMec2025/install/wamv_gazebo/lib/pkgconfig/wamv_gazebo.pc'
[0.843s] Level 1:colcon.colcon_core.environment:checking '/home/gelatocotonato/LabMec2025/install/wamv_gazebo/lib/python3.12/site-packages'
[0.843s] Level 1:colcon.colcon_core.environment:checking '/home/gelatocotonato/LabMec2025/install/wamv_gazebo/bin'
[0.843s] INFO:colcon.colcon_core.shell:Creating package script '/home/gelatocotonato/LabMec2025/install/wamv_gazebo/share/wamv_gazebo/package.ps1'
[0.843s] INFO:colcon.colcon_core.shell:Creating package descriptor '/home/gelatocotonato/LabMec2025/install/wamv_gazebo/share/wamv_gazebo/package.dsv'
[0.844s] INFO:colcon.colcon_core.shell:Creating package script '/home/gelatocotonato/LabMec2025/install/wamv_gazebo/share/wamv_gazebo/package.sh'
[0.844s] INFO:colcon.colcon_core.shell:Creating package script '/home/gelatocotonato/LabMec2025/install/wamv_gazebo/share/wamv_gazebo/package.bash'
[0.844s] INFO:colcon.colcon_core.shell:Creating package script '/home/gelatocotonato/LabMec2025/install/wamv_gazebo/share/wamv_gazebo/package.zsh'
[0.845s] Level 1:colcon.colcon_core.environment:create_file_with_runtime_dependencies(/home/gelatocotonato/LabMec2025/install/wamv_gazebo/share/colcon-core/packages/wamv_gazebo)
[1.287s] DEBUG:colcon.colcon_core.event_handler.log_command:Invoking command in '/home/gelatocotonato/LabMec2025/build/python_node': DEBUGINFOD_URLS=https://debuginfod.ubuntu.com PYTHONPATH=/home/gelatocotonato/LabMec2025/build/python_node/prefix_override:/usr/lib/python3/dist-packages/colcon_core/task/python/colcon_distutils_commands:/home/gelatocotonato/LabMec2025/install/python_node/lib/python3.12/site-packages:${PYTHONPATH} /usr/bin/python3 -W ignore:setup.py install is deprecated -W ignore:easy_install command is deprecated setup.py develop --editable --build-directory /home/gelatocotonato/LabMec2025/build/python_node/build --no-deps symlink_data
[1.831s] Level 1:colcon.colcon_core.shell:create_environment_hook('python_node', 'pythonpath_develop')
[1.831s] INFO:colcon.colcon_core.shell:Creating environment hook '/home/gelatocotonato/LabMec2025/build/python_node/share/python_node/hook/pythonpath_develop.ps1'
[1.831s] DEBUG:colcon.colcon_core.event_handler.log_command:Invoked command in '/home/gelatocotonato/LabMec2025/build/python_node' returned '0': DEBUGINFOD_URLS=https://debuginfod.ubuntu.com PYTHONPATH=/home/gelatocotonato/LabMec2025/build/python_node/prefix_override:/usr/lib/python3/dist-packages/colcon_core/task/python/colcon_distutils_commands:/home/gelatocotonato/LabMec2025/install/python_node/lib/python3.12/site-packages:${PYTHONPATH} /usr/bin/python3 -W ignore:setup.py install is deprecated -W ignore:easy_install command is deprecated setup.py develop --editable --build-directory /home/gelatocotonato/LabMec2025/build/python_node/build --no-deps symlink_data
[1.832s] INFO:colcon.colcon_core.shell:Creating environment descriptor '/home/gelatocotonato/LabMec2025/build/python_node/share/python_node/hook/pythonpath_develop.dsv'
[1.832s] INFO:colcon.colcon_core.shell:Creating environment hook '/home/gelatocotonato/LabMec2025/build/python_node/share/python_node/hook/pythonpath_develop.sh'
[1.832s] Level 1:colcon.colcon_core.environment:checking '/home/gelatocotonato/LabMec2025/install/python_node' for CMake module files
[1.833s] Level 1:colcon.colcon_core.environment:checking '/home/gelatocotonato/LabMec2025/install/python_node' for CMake config files
[1.833s] Level 1:colcon.colcon_core.environment:checking '/home/gelatocotonato/LabMec2025/install/python_node/lib'
[1.833s] Level 1:colcon.colcon_core.environment:checking '/home/gelatocotonato/LabMec2025/install/python_node/bin'
[1.833s] Level 1:colcon.colcon_core.environment:checking '/home/gelatocotonato/LabMec2025/install/python_node/lib/pkgconfig/python_node.pc'
[1.833s] Level 1:colcon.colcon_core.environment:checking '/home/gelatocotonato/LabMec2025/install/python_node/lib/python3.12/site-packages'
[1.833s] Level 1:colcon.colcon_core.shell:create_environment_hook('python_node', 'pythonpath')
[1.834s] INFO:colcon.colcon_core.shell:Creating environment hook '/home/gelatocotonato/LabMec2025/install/python_node/share/python_node/hook/pythonpath.ps1'
[1.834s] INFO:colcon.colcon_core.shell:Creating environment descriptor '/home/gelatocotonato/LabMec2025/install/python_node/share/python_node/hook/pythonpath.dsv'
[1.834s] INFO:colcon.colcon_core.shell:Creating environment hook '/home/gelatocotonato/LabMec2025/install/python_node/share/python_node/hook/pythonpath.sh'
[1.834s] Level 1:colcon.colcon_core.environment:checking '/home/gelatocotonato/LabMec2025/install/python_node/bin'
[1.834s] Level 1:colcon.colcon_core.environment:create_environment_scripts_only(python_node)
[1.835s] INFO:colcon.colcon_core.shell:Creating package script '/home/gelatocotonato/LabMec2025/install/python_node/share/python_node/package.ps1'
[1.835s] INFO:colcon.colcon_core.shell:Creating package descriptor '/home/gelatocotonato/LabMec2025/install/python_node/share/python_node/package.dsv'
[1.835s] INFO:colcon.colcon_core.shell:Creating package script '/home/gelatocotonato/LabMec2025/install/python_node/share/python_node/package.sh'
[1.836s] INFO:colcon.colcon_core.shell:Creating package script '/home/gelatocotonato/LabMec2025/install/python_node/share/python_node/package.bash'
[1.836s] INFO:colcon.colcon_core.shell:Creating package script '/home/gelatocotonato/LabMec2025/install/python_node/share/python_node/package.zsh'
[1.836s] Level 1:colcon.colcon_core.environment:create_file_with_runtime_dependencies(/home/gelatocotonato/LabMec2025/install/python_node/share/colcon-core/packages/python_node)
[1.836s] DEBUG:colcon.colcon_parallel_executor.executor.parallel:closing loop
[1.836s] DEBUG:colcon.colcon_parallel_executor.executor.parallel:loop closed
[1.837s] DEBUG:colcon.colcon_parallel_executor.executor.parallel:run_until_complete finished with '0'
[1.837s] DEBUG:colcon.colcon_core.event_reactor:joining thread
[1.844s] INFO:colcon.colcon_core.plugin_system:Skipping extension 'colcon_notification.desktop_notification.terminal_notifier': Not used on non-Darwin systems
[1.844s] INFO:colcon.colcon_core.plugin_system:Skipping extension 'colcon_notification.desktop_notification.win32': Not used on non-Windows systems
[1.844s] INFO:colcon.colcon_notification.desktop_notification:Sending desktop notification using 'notify2'
[1.878s] DEBUG:colcon.colcon_core.event_reactor:joined thread
[1.879s] INFO:colcon.colcon_core.shell:Creating prefix script '/home/gelatocotonato/LabMec2025/install/local_setup.ps1'
[1.880s] INFO:colcon.colcon_core.shell:Creating prefix util module '/home/gelatocotonato/LabMec2025/install/_local_setup_util_ps1.py'
[1.881s] INFO:colcon.colcon_core.shell:Creating prefix chain script '/home/gelatocotonato/LabMec2025/install/setup.ps1'
[1.882s] INFO:colcon.colcon_core.shell:Creating prefix script '/home/gelatocotonato/LabMec2025/install/local_setup.sh'
[1.882s] INFO:colcon.colcon_core.shell:Creating prefix util module '/home/gelatocotonato/LabMec2025/install/_local_setup_util_sh.py'
[1.883s] INFO:colcon.colcon_core.shell:Creating prefix chain script '/home/gelatocotonato/LabMec2025/install/setup.sh'
[1.884s] INFO:colcon.colcon_core.shell:Creating prefix script '/home/gelatocotonato/LabMec2025/install/local_setup.bash'
[1.884s] INFO:colcon.colcon_core.shell:Creating prefix chain script '/home/gelatocotonato/LabMec2025/install/setup.bash'
[1.885s] INFO:colcon.colcon_core.shell:Creating prefix script '/home/gelatocotonato/LabMec2025/install/local_setup.zsh'
[1.886s] INFO:colcon.colcon_core.shell:Creating prefix chain script '/home/gelatocotonato/LabMec2025/install/setup.zsh'
