[1.197s] Invoking command in '/home/luca002/proj_ws/build/lidar_node': DEBUGINFOD_URLS=https://debuginfod.ubuntu.com PYTHONPATH=/home/luca002/proj_ws/build/lidar_node/prefix_override:/usr/lib/python3/dist-packages/colcon_core/task/python/colcon_distutils_commands:/home/luca002/proj_ws/install/lidar_node/lib/python3.12/site-packages:${PYTHONPATH} /usr/bin/python3 -W ignore:setup.py install is deprecated -W ignore:easy_install command is deprecated setup.py develop --editable --build-directory /home/luca002/proj_ws/build/lidar_node/build --no-deps symlink_data
[1.458s] running develop
[1.619s] running egg_info
[1.619s] creating lidar_node.egg-info
[1.637s] writing lidar_node.egg-info/PKG-INFO
[1.637s] writing dependency_links to lidar_node.egg-info/dependency_links.txt
[1.637s] writing entry points to lidar_node.egg-info/entry_points.txt
[1.637s] writing requirements to lidar_node.egg-info/requires.txt
[1.637s] writing top-level names to lidar_node.egg-info/top_level.txt
[1.637s] writing manifest file 'lidar_node.egg-info/SOURCES.txt'
[1.671s] reading manifest file 'lidar_node.egg-info/SOURCES.txt'
[1.672s] writing manifest file 'lidar_node.egg-info/SOURCES.txt'
[1.729s] running build_ext
[1.729s] Creating /home/luca002/proj_ws/install/lidar_node/lib/python3.12/site-packages/lidar-node.egg-link (link to .)
[1.730s] Installing python_sub script to /home/luca002/proj_ws/install/lidar_node/lib/lidar_node
[1.730s] 
[1.730s] Installed /home/luca002/proj_ws/build/lidar_node
[1.730s] running symlink_data
[1.730s] creating /home/luca002/proj_ws/install/lidar_node/share/ament_index
[1.730s] creating /home/luca002/proj_ws/install/lidar_node/share/ament_index/resource_index
[1.730s] creating /home/luca002/proj_ws/install/lidar_node/share/ament_index/resource_index/packages
[1.730s] symbolically linking /home/luca002/proj_ws/build/lidar_node/resource/lidar_node -> /home/luca002/proj_ws/install/lidar_node/share/ament_index/resource_index/packages
[1.730s] symbolically linking /home/luca002/proj_ws/build/lidar_node/package.xml -> /home/luca002/proj_ws/install/lidar_node/share/lidar_node
[1.805s] Invoked command in '/home/luca002/proj_ws/build/lidar_node' returned '0': DEBUGINFOD_URLS=https://debuginfod.ubuntu.com PYTHONPATH=/home/luca002/proj_ws/build/lidar_node/prefix_override:/usr/lib/python3/dist-packages/colcon_core/task/python/colcon_distutils_commands:/home/luca002/proj_ws/install/lidar_node/lib/python3.12/site-packages:${PYTHONPATH} /usr/bin/python3 -W ignore:setup.py install is deprecated -W ignore:easy_install command is deprecated setup.py develop --editable --build-directory /home/luca002/proj_ws/build/lidar_node/build --no-deps symlink_data
