[0.159s] Invoking command in '/home/luca002/proj_ws/build/wamv_gazebo': CMAKE_PREFIX_PATH=${CMAKE_PREFIX_PATH}:/opt/ros/jazzy DEBUGINFOD_URLS=https://debuginfod.ubuntu.com /usr/bin/cmake /home/luca002/proj_ws/src/wamv_gazebo -DAMENT_CMAKE_SYMLINK_INSTALL=1 -DCMAKE_INSTALL_PREFIX=/home/luca002/proj_ws/install/wamv_gazebo
[0.196s] -- The C compiler identification is GNU 13.3.0
[0.237s] -- The CXX compiler identification is GNU 13.3.0
[0.247s] -- Detecting C compiler ABI info
[0.304s] -- Detecting C compiler ABI info - done
[0.311s] -- Check for working C compiler: /usr/bin/cc - skipped
[0.311s] -- Detecting C compile features
[0.311s] -- Detecting C compile features - done
[0.318s] -- Detecting CXX compiler ABI info
[0.384s] -- Detecting CXX compiler ABI info - done
[0.391s] -- Check for working CXX compiler: /usr/bin/c++ - skipped
[0.391s] -- Detecting CXX compile features
[0.391s] -- Detecting CXX compile features - done
[0.394s] -- Found ament_cmake: 2.5.4 (/opt/ros/jazzy/share/ament_cmake/cmake)
[0.499s] -- Found Python3: /usr/bin/python3 (found version "3.12.3") found components: Interpreter 
[0.562s] -- Override CMake install command with custom implementation using symlinks instead of copying resources
[0.597s] -- Looking for gz-sim8 -- found version 8.9.0
[0.602s] -- Searching for dependencies of gz-sim8
[0.603s] -- Looking for sdformat14 -- found version 14.7.0
[0.603s] -- Searching for dependencies of sdformat14
[0.608s] -- Checking for module 'tinyxml2'
[0.618s] --   Found tinyxml2, version 10.0.0
[0.641s] -- Looking for gz-math7 -- found version 7.5.2
[0.641s] -- Searching for dependencies of gz-math7
[0.642s] -- Looking for gz-utils2 -- found version 2.2.1
[0.642s] -- Searching for dependencies of gz-utils2
[0.643s] -- Looking for gz-utils2 -- found version 2.2.1
[0.643s] -- Searching for dependencies of gz-utils2
[0.643s] -- Searching for <gz-utils2> component [cli]
[0.645s] -- Looking for gz-utils2-cli -- found version 2.2.1
[0.645s] -- Searching for dependencies of gz-utils2-cli
[0.646s] -- Looking for gz-plugin2 -- found version 2.0.4
[0.646s] -- Searching for dependencies of gz-plugin2
[0.646s] -- Looking for gz-utils2 -- found version 2.2.1
[0.647s] -- Searching for <gz-plugin2> component [loader]
[0.648s] -- Looking for gz-plugin2-loader -- found version 2.0.4
[0.648s] -- Searching for dependencies of gz-plugin2-loader
[0.648s] -- Searching for <gz-plugin2> component [register]
[0.649s] -- Looking for gz-plugin2-register -- found version 2.0.4
[0.649s] -- Searching for dependencies of gz-plugin2-register
[0.650s] -- Looking for gz-transport13 -- found version 13.4.1
[0.650s] -- Searching for dependencies of gz-transport13
[0.734s] -- Found Protobuf: /usr/lib/x86_64-linux-gnu/libprotobuf.so (found version "3.21.12") 
[0.743s] -- Config-file not installed for ZeroMQ -- checking for pkg-config
[0.746s] -- Checking for module 'libzmq >= 4'
[0.754s] --   Found libzmq, version 4.3.5
[0.777s] -- Found ZeroMQ: TRUE (Required is at least version "4") 
[0.781s] -- Checking for module 'uuid'
[0.789s] --   Found uuid, version 2.39.3
[0.810s] -- Found UUID: TRUE  
[0.810s] -- Looking for gz-utils2 -- found version 2.2.1
[0.812s] -- Looking for gz-msgs10 -- found version 10.3.2
[0.812s] -- Searching for dependencies of gz-msgs10
[0.826s] -- Looking for gz-utils2 -- found version 2.2.1
[0.826s] -- Looking for gz-math7 -- found version 7.5.2
[0.830s] -- Searching for <gz-transport13> component [log]
[0.831s] -- Looking for gz-transport13-log -- found version 13.4.1
[0.831s] -- Searching for dependencies of gz-transport13-log
[0.832s] -- Searching for <gz-transport13> component [parameters]
[0.833s] -- Looking for gz-transport13-parameters -- found version 13.4.1
[0.833s] -- Searching for dependencies of gz-transport13-parameters
[0.833s] -- Looking for gz-msgs10 -- found version 10.3.2
[0.834s] -- Looking for gz-common5 -- found version 5.7.1
[0.834s] -- Searching for dependencies of gz-common5
[0.835s] -- Looking for gz-utils2 -- found version 2.2.1
[0.835s] -- Looking for dlfcn.h - found
[0.836s] -- Looking for libdl - found
[0.837s] -- Found DL: TRUE  
[0.842s] -- Searching for <gz-common5> component [av]
[0.843s] -- Looking for gz-common5-av -- found version 5.7.1
[0.843s] -- Searching for dependencies of gz-common5-av
[0.845s] -- Checking for module 'libswscale'
[0.854s] --   Found libswscale, version 7.5.100
[0.875s] -- Found SWSCALE: TRUE  
[0.878s] -- Checking for module 'libavdevice >= 56.4.100'
[0.887s] --   Found libavdevice, version 60.3.100
[0.916s] -- Found AVDEVICE: TRUE (Required is at least version "56.4.100") 
[0.920s] -- Checking for module 'libavformat'
[0.929s] --   Found libavformat, version 60.16.100
[0.952s] -- Found AVFORMAT: TRUE  
[0.956s] -- Checking for module 'libavcodec'
[0.965s] --   Found libavcodec, version 60.31.102
[0.987s] -- Found AVCODEC: TRUE  
[0.990s] -- Checking for module 'libavutil'
[0.999s] --   Found libavutil, version 58.29.100
[1.024s] -- Found AVUTIL: TRUE  
[1.025s] -- Searching for <gz-common5> component [events]
[1.026s] -- Looking for gz-common5-events -- found version 5.7.1
[1.026s] -- Searching for dependencies of gz-common5-events
[1.026s] -- Looking for gz-math7 -- found version 7.5.2
[1.027s] -- Searching for <gz-common5> component [graphics]
[1.028s] -- Looking for gz-common5-graphics -- found version 5.7.1
[1.028s] -- Searching for dependencies of gz-common5-graphics
[1.028s] -- Looking for gz-math7 -- found version 7.5.2
[1.032s] -- Found GzAssimp: TRUE (found version "5.3.0") 
[1.032s] -- Searching for <gz-common5> component [io]
[1.034s] -- Looking for gz-common5-io -- found version 5.7.1
[1.034s] -- Searching for dependencies of gz-common5-io
[1.034s] -- Searching for <gz-common5> component [profiler]
[1.035s] -- Looking for gz-common5-profiler -- found version 5.7.1
[1.035s] -- Searching for dependencies of gz-common5-profiler
[1.037s] -- Looking for gz-fuel_tools9 -- found version 9.1.1
[1.037s] -- Searching for dependencies of gz-fuel_tools9
[1.100s] -- Found CURL: /usr/lib/x86_64-linux-gnu/libcurl.so (found version "8.5.0")  
[1.108s] -- Checking for module 'jsoncpp'
[1.120s] --   Found jsoncpp, version 1.9.5
[1.144s] -- Found JSONCPP: TRUE  
[1.159s] -- Checking for module 'yaml-0.1'
[1.170s] --   Found yaml-0.1, version 0.2.5
[1.196s] -- Found YAML: TRUE  
[1.201s] -- Checking for module 'libzip'
[1.212s] --   Found libzip, version 1.7.3
[1.237s] -- Found ZIP: TRUE  
[1.237s] -- Looking for gz-utils2 -- found version 2.2.1
[1.238s] -- Looking for gz-common5 -- found version 5.7.1
[1.238s] -- Searching for dependencies of gz-common5
[1.238s] -- Looking for gz-utils2 -- found version 2.2.1
[1.238s] -- Looking for dlfcn.h - found
[1.239s] -- Looking for libdl - found
[1.245s] -- Searching for <gz-common5> component [testing]
[1.246s] -- Looking for gz-common5-testing -- found version 5.7.1
[1.246s] -- Searching for dependencies of gz-common5-testing
[1.247s] -- Looking for gz-math7 -- found version 7.5.2
[1.247s] -- Looking for gz-msgs10 -- found version 10.3.2
[1.249s] -- Looking for gz-gui8 -- found version 8.4.0
[1.249s] -- Searching for dependencies of gz-gui8
[1.270s] -- Looking for gz-utils2 -- found version 2.2.1
[1.270s] -- Looking for gz-math7 -- found version 7.5.2
[1.270s] -- Looking for gz-common5 -- found version 5.7.1
[1.270s] -- Looking for gz-plugin2 -- found version 2.0.4
[1.271s] -- Looking for gz-transport13 -- found version 13.4.1
[1.272s] -- Looking for gz-rendering8 -- found version 8.2.2
[1.272s] -- Searching for dependencies of gz-rendering8
[1.272s] -- Looking for gz-math7 -- found version 7.5.2
[1.273s] -- Searching for dependencies of gz-math7
[1.273s] -- Looking for gz-utils2 -- found version 2.2.1
[1.273s] -- Searching for <gz-math7> component [eigen3]
[1.274s] -- Looking for gz-math7-eigen3 -- found version 7.5.2
[1.274s] -- Searching for dependencies of gz-math7-eigen3
[1.282s] -- Looking for gz-common5 -- found version 5.7.1
[1.282s] -- Searching for dependencies of gz-common5
[1.282s] -- Looking for gz-utils2 -- found version 2.2.1
[1.282s] -- Looking for dlfcn.h - found
[1.282s] -- Looking for libdl - found
[1.288s] -- Searching for <gz-common5> component [graphics]
[1.288s] -- Searching for <gz-common5> component [events]
[1.288s] -- Searching for <gz-common5> component [geospatial]
[1.289s] -- Looking for gz-common5-geospatial -- found version 5.7.1
[1.289s] -- Searching for dependencies of gz-common5-geospatial
[1.290s] -- Looking for gz-math7 -- found version 7.5.2
[1.290s] -- Looking for gz-common5 -- found version 5.7.1
[1.291s] -- Looking for gz-plugin2 -- found version 2.0.4
[1.291s] -- Searching for dependencies of gz-plugin2
[1.291s] -- Looking for gz-utils2 -- found version 2.2.1
[1.291s] -- Searching for <gz-plugin2> component [all]
[1.292s] -- Looking for all libraries of gz-plugin2 -- found version 2.0.4
[1.292s] -- Looking for gz-plugin2 -- found version 2.0.4
[1.293s] -- Looking for gz-utils2 -- found version 2.2.1
[1.302s] -- Found OpenGL: /usr/lib/x86_64-linux-gnu/libOpenGL.so  found components: OpenGL 
[1.303s] -- Looking for gz-msgs10 -- found version 10.3.2
[1.320s] -- Looking for gz-physics7 -- found version 7.5.0
[1.320s] -- Searching for dependencies of gz-physics7
[1.321s] -- Looking for gz-common5 -- found version 5.7.1
[1.321s] -- Looking for gz-math7 -- found version 7.5.2
[1.321s] -- Looking for gz-plugin2 -- found version 2.0.4
[1.321s] -- Looking for gz-utils2 -- found version 2.2.1
[1.322s] -- Searching for <gz-physics7> component [heightmap]
[1.323s] -- Looking for gz-physics7-heightmap -- found version 7.5.0
[1.323s] -- Searching for dependencies of gz-physics7-heightmap
[1.323s] -- Looking for gz-common5 -- found version 5.7.1
[1.324s] -- Searching for <gz-physics7> component [mesh]
[1.325s] -- Looking for gz-physics7-mesh -- found version 7.5.0
[1.325s] -- Searching for dependencies of gz-physics7-mesh
[1.325s] -- Looking for gz-common5 -- found version 5.7.1
[1.325s] -- Searching for <gz-physics7> component [sdf]
[1.326s] -- Looking for gz-physics7-sdf -- found version 7.5.0
[1.326s] -- Searching for dependencies of gz-physics7-sdf
[1.326s] -- Looking for sdformat14 -- found version 14.7.0
[1.327s] -- Looking for gz-sensors8 -- found version 8.2.2
[1.327s] -- Searching for dependencies of gz-sensors8
[1.344s] -- Looking for gz-math7 -- found version 7.5.2
[1.344s] -- Looking for gz-common5 -- found version 5.7.1
[1.344s] -- Looking for gz-transport13 -- found version 13.4.1
[1.344s] -- Looking for gz-rendering8 -- found version 8.2.2
[1.345s] -- Looking for gz-msgs10 -- found version 10.3.2
[1.345s] -- Looking for sdformat14 -- found version 14.7.0
[1.346s] -- Searching for <gz-sensors8> component [air_pressure]
[1.347s] -- Looking for gz-sensors8-air_pressure -- found version 8.2.2
[1.347s] -- Searching for dependencies of gz-sensors8-air_pressure
[1.347s] -- Searching for <gz-sensors8> component [air_speed]
[1.348s] -- Looking for gz-sensors8-air_speed -- found version 8.2.2
[1.348s] -- Searching for dependencies of gz-sensors8-air_speed
[1.348s] -- Searching for <gz-sensors8> component [altimeter]
[1.349s] -- Looking for gz-sensors8-altimeter -- found version 8.2.2
[1.349s] -- Searching for dependencies of gz-sensors8-altimeter
[1.349s] -- Searching for <gz-sensors8> component [imu]
[1.350s] -- Looking for gz-sensors8-imu -- found version 8.2.2
[1.350s] -- Searching for dependencies of gz-sensors8-imu
[1.350s] -- Searching for <gz-sensors8> component [force_torque]
[1.351s] -- Looking for gz-sensors8-force_torque -- found version 8.2.2
[1.351s] -- Searching for dependencies of gz-sensors8-force_torque
[1.352s] -- Searching for <gz-sensors8> component [logical_camera]
[1.352s] -- Looking for gz-sensors8-logical_camera -- found version 8.2.2
[1.352s] -- Searching for dependencies of gz-sensors8-logical_camera
[1.353s] -- Searching for <gz-sensors8> component [magnetometer]
[1.353s] -- Looking for gz-sensors8-magnetometer -- found version 8.2.2
[1.353s] -- Searching for dependencies of gz-sensors8-magnetometer
[1.354s] -- Searching for <gz-sensors8> component [navsat]
[1.354s] -- Looking for gz-sensors8-navsat -- found version 8.2.2
[1.354s] -- Searching for dependencies of gz-sensors8-navsat
[1.355s] -- Searching for <gz-sensors8> component [dvl]
[1.355s] -- Looking for gz-sensors8-dvl -- found version 8.2.2
[1.355s] -- Searching for dependencies of gz-sensors8-dvl
[1.356s] -- Looking for gz-sensors8 -- found version 8.2.2
[1.356s] -- Searching for dependencies of gz-sensors8
[1.372s] -- Looking for gz-math7 -- found version 7.5.2
[1.372s] -- Looking for gz-common5 -- found version 5.7.1
[1.372s] -- Looking for gz-transport13 -- found version 13.4.1
[1.373s] -- Looking for gz-rendering8 -- found version 8.2.2
[1.373s] -- Looking for gz-msgs10 -- found version 10.3.2
[1.373s] -- Looking for sdformat14 -- found version 14.7.0
[1.373s] -- Searching for <gz-sensors8> component [rendering]
[1.374s] -- Looking for gz-sensors8-rendering -- found version 8.2.2
[1.374s] -- Searching for dependencies of gz-sensors8-rendering
[1.375s] -- Searching for <gz-sensors8> component [rendering]
[1.375s] -- Searching for <gz-sensors8> component [lidar]
[1.376s] -- Looking for gz-sensors8-lidar -- found version 8.2.2
[1.376s] -- Searching for dependencies of gz-sensors8-lidar
[1.376s] -- Looking for gz-sensors8 -- found version 8.2.2
[1.377s] -- Searching for <gz-sensors8> component [gpu_lidar]
[1.377s] -- Looking for gz-sensors8-gpu_lidar -- found version 8.2.2
[1.377s] -- Searching for dependencies of gz-sensors8-gpu_lidar
[1.378s] -- Looking for gz-sensors8 -- found version 8.2.2
[1.378s] -- Searching for <gz-sensors8> component [camera]
[1.379s] -- Looking for gz-sensors8-camera -- found version 8.2.2
[1.379s] -- Searching for dependencies of gz-sensors8-camera
[1.379s] -- Looking for gz-sensors8 -- found version 8.2.2
[1.380s] -- Searching for <gz-sensors8> component [boundingbox_camera]
[1.380s] -- Looking for gz-sensors8-boundingbox_camera -- found version 8.2.2
[1.380s] -- Searching for dependencies of gz-sensors8-boundingbox_camera
[1.381s] -- Searching for <gz-sensors8> component [segmentation_camera]
[1.381s] -- Looking for gz-sensors8-segmentation_camera -- found version 8.2.2
[1.382s] -- Searching for dependencies of gz-sensors8-segmentation_camera
[1.382s] -- Searching for <gz-sensors8> component [depth_camera]
[1.383s] -- Looking for gz-sensors8-depth_camera -- found version 8.2.2
[1.383s] -- Searching for dependencies of gz-sensors8-depth_camera
[1.383s] -- Looking for gz-sensors8 -- found version 8.2.2
[1.383s] -- Searching for <gz-sensors8> component [rgbd_camera]
[1.384s] -- Looking for gz-sensors8-rgbd_camera -- found version 8.2.2
[1.384s] -- Searching for dependencies of gz-sensors8-rgbd_camera
[1.384s] -- Looking for gz-sensors8 -- found version 8.2.2
[1.385s] -- Searching for <gz-sensors8> component [thermal_camera]
[1.385s] -- Looking for gz-sensors8-thermal_camera -- found version 8.2.2
[1.385s] -- Searching for dependencies of gz-sensors8-thermal_camera
[1.386s] -- Looking for gz-sensors8 -- found version 8.2.2
[1.386s] -- Searching for <gz-sensors8> component [wide_angle_camera]
[1.387s] -- Looking for gz-sensors8-wide_angle_camera -- found version 8.2.2
[1.387s] -- Searching for dependencies of gz-sensors8-wide_angle_camera
[1.388s] -- Looking for gz-rendering8 -- found version 8.2.2
[1.388s] -- Looking for gz-math7 -- found version 7.5.2
[1.388s] -- Looking for gz-utils2 -- found version 2.2.1
[1.406s] -- Looking for gz-common5 -- found version 5.7.1
[1.406s] -- Looking for gz-fuel_tools9 -- found version 9.1.1
[1.406s] -- Looking for gz-math7 -- found version 7.5.2
[1.406s] -- Looking for gz-msgs10 -- found version 10.3.2
[1.407s] -- Looking for gz-transport13 -- found version 13.4.1
[1.407s] -- Looking for gz-plugin2 -- found version 2.0.4
[1.407s] -- Looking for gz-rendering8 -- found version 8.2.2
[1.408s] -- Looking for gz-sensors8 -- found version 8.2.2
[1.408s] -- Looking for gz-utils2 -- found version 2.2.1
[1.408s] -- Looking for sdformat14 -- found version 14.7.0
[1.410s] -- Found std_msgs: 5.3.6 (/opt/ros/jazzy/share/std_msgs/cmake)
[1.444s] -- Found rosidl_generator_c: 4.6.5 (/opt/ros/jazzy/share/rosidl_generator_c/cmake)
[1.457s] -- Found rosidl_generator_cpp: 4.6.5 (/opt/ros/jazzy/share/rosidl_generator_cpp/cmake)
[1.472s] -- Using all available rosidl_typesupport_c: rosidl_typesupport_fastrtps_c;rosidl_typesupport_introspection_c
[1.488s] -- Using all available rosidl_typesupport_cpp: rosidl_typesupport_fastrtps_cpp;rosidl_typesupport_introspection_cpp
[1.689s] -- Configuring done (1.5s)
[1.784s] -- Generating done (0.1s)
[1.801s] -- Build files have been written to: /home/luca002/proj_ws/build/wamv_gazebo
[1.822s] Invoked command in '/home/luca002/proj_ws/build/wamv_gazebo' returned '0': CMAKE_PREFIX_PATH=${CMAKE_PREFIX_PATH}:/opt/ros/jazzy DEBUGINFOD_URLS=https://debuginfod.ubuntu.com /usr/bin/cmake /home/luca002/proj_ws/src/wamv_gazebo -DAMENT_CMAKE_SYMLINK_INSTALL=1 -DCMAKE_INSTALL_PREFIX=/home/luca002/proj_ws/install/wamv_gazebo
[1.824s] Invoking command in '/home/luca002/proj_ws/build/wamv_gazebo': CMAKE_PREFIX_PATH=${CMAKE_PREFIX_PATH}:/opt/ros/jazzy DEBUGINFOD_URLS=https://debuginfod.ubuntu.com /usr/bin/cmake --build /home/luca002/proj_ws/build/wamv_gazebo -- -j16 -l16
[1.859s] [  2%] [32mBuilding CXX object CMakeFiles/Waves.dir/src/Wavefield.cc.o[0m
[1.859s] [  4%] [32mBuilding CXX object CMakeFiles/ScoringPlugin.dir/src/ScoringPlugin.cc.o[0m
[1.864s] [  4%] Built target ament_cmake_python_symlink_wamv_gazebo
[2.027s] running egg_info
[2.028s] creating wamv_gazebo.egg-info
[2.042s] writing wamv_gazebo.egg-info/PKG-INFO
[2.043s] writing dependency_links to wamv_gazebo.egg-info/dependency_links.txt
[2.043s] writing top-level names to wamv_gazebo.egg-info/top_level.txt
[2.043s] writing manifest file 'wamv_gazebo.egg-info/SOURCES.txt'
[2.086s] reading manifest file 'wamv_gazebo.egg-info/SOURCES.txt'
[2.086s] writing manifest file 'wamv_gazebo.egg-info/SOURCES.txt'
[2.105s] [  4%] Built target ament_cmake_python_build_wamv_gazebo_egg
[4.211s] [  6%] [32m[1mLinking CXX shared library libWaves.so[0m
[4.345s] [  6%] Built target Waves
[4.358s] [  8%] [32mBuilding CXX object CMakeFiles/PolyhedraBuoyancyDrag.dir/src/PolyhedraBuoyancyDrag.cc.o[0m
[4.358s] [ 10%] [32mBuilding CXX object CMakeFiles/PolyhedraBuoyancyDrag.dir/src/PolyhedronVolume.cc.o[0m
[4.358s] [ 12%] [32mBuilding CXX object CMakeFiles/PolyhedraBuoyancyDrag.dir/src/ShapeVolume.cc.o[0m
[5.181s] [ 14%] [32m[1mLinking CXX shared library libScoringPlugin.so[0m
[5.337s] [ 14%] Built target ScoringPlugin
[5.359s] [ 31%] [32mBuilding CXX object CMakeFiles/LightBuoyPlugin.dir/src/LightBuoyPlugin.cc.o[0m
[5.362s] [ 31%] [32mBuilding CXX object CMakeFiles/BallShooterPlugin.dir/src/BallShooterPlugin.cc.o[0m
[5.362s] [ 31%] [32mBuilding CXX object CMakeFiles/AcousticTrackingScoringPlugin.dir/src/AcousticTrackingScoringPlugin.cc.o[0m
[5.362s] [ 31%] [32mBuilding CXX object CMakeFiles/AcousticPingerPlugin.dir/src/AcousticPingerPlugin.cc.o[0m
[5.362s] [ 31%] [32mBuilding CXX object CMakeFiles/PlacardPlugin.dir/src/PlacardPlugin.cc.o[0m
[5.362s] [ 31%] [32mBuilding CXX object CMakeFiles/WayfindingScoringPlugin.dir/src/WayfindingScoringPlugin.cc.o[0m
[5.362s] [ 31%] [32mBuilding CXX object CMakeFiles/NavigationScoringPlugin.dir/src/NavigationScoringPlugin.cc.o[0m
[5.362s] [ 33%] [32mBuilding CXX object CMakeFiles/StationkeepingScoringPlugin.dir/src/StationkeepingScoringPlugin.cc.o[0m
[5.362s] [ 37%] [32mBuilding CXX object CMakeFiles/PerceptionScoringPlugin.dir/src/PerceptionScoringPlugin.cc.o[0m
[5.362s] [ 39%] [32mBuilding CXX object CMakeFiles/GymkhanaScoringPlugin.dir/src/GymkhanaScoringPlugin.cc.o[0m
[5.362s] [ 33%] [32mBuilding CXX object CMakeFiles/AcousticPerceptionScoringPlugin.dir/src/AcousticPerceptionScoringPlugin.cc.o[0m
[5.362s] [ 35%] [32mBuilding CXX object CMakeFiles/ScanDockScoringPlugin.dir/src/ScanDockScoringPlugin.cc.o[0m
[5.362s] [ 41%] [32mBuilding CXX object CMakeFiles/PublisherPlugin.dir/src/PublisherPlugin.cc.o[0m
[5.362s] [ 43%] [32mBuilding CXX object CMakeFiles/SimpleHydrodynamics.dir/src/SimpleHydrodynamics.cc.o[0m
[5.439s] [ 45%] [32mBuilding CXX object CMakeFiles/WayfindingScoringPlugin.dir/src/WaypointMarkers.cc.o[0m
[9.852s] [ 47%] [32m[1mLinking CXX shared library libPublisherPlugin.so[0m
[10.231s] [ 50%] [32mBuilding CXX object CMakeFiles/AcousticTrackingScoringPlugin.dir/src/WaypointMarkers.cc.o[0m
[10.252s] [ 50%] Built target PublisherPlugin
[10.264s] [ 52%] [32mBuilding CXX object CMakeFiles/StationkeepingScoringPlugin.dir/src/WaypointMarkers.cc.o[0m
[10.370s] [ 54%] [32m[1mLinking CXX shared library libLightBuoyPlugin.so[0m
[10.799s] [ 54%] Built target LightBuoyPlugin
[10.814s] [ 56%] [32mBuilding CXX object CMakeFiles/AcousticPerceptionScoringPlugin.dir/src/WaypointMarkers.cc.o[0m
[11.080s] [ 58%] [32m[1mLinking CXX shared library libGymkhanaScoringPlugin.so[0m
[11.152s] [ 60%] [32m[1mLinking CXX shared library libPolyhedraBuoyancyDrag.so[0m
[11.255s] [ 62%] [32m[1mLinking CXX shared library libPlacardPlugin.so[0m
[11.626s] [ 62%] Built target GymkhanaScoringPlugin
[11.662s] [ 64%] [32mBuilding CXX object CMakeFiles/Surface.dir/src/Surface.cc.o[0m
[11.708s] [ 64%] Built target PolyhedraBuoyancyDrag
[11.721s] [ 66%] [32m[1mLinking CXX shared library libSimpleHydrodynamics.so[0m
[11.737s] [ 68%] [32mBuilding CXX object CMakeFiles/USVWind.dir/src/USVWind.cc.o[0m
[11.783s] [ 68%] Built target PlacardPlugin
[11.826s] [ 70%] [32mBuilding CXX object CMakeFiles/WaveVisual.dir/src/WaveVisual.cc.o[0m
[12.039s] [ 70%] Built target SimpleHydrodynamics
[12.070s] [ 72%] [32mBuilding CXX object CMakeFiles/WildlifeScoringPlugin.dir/src/WildlifeScoringPlugin.cc.o[0m
[13.040s] [ 75%] [32m[1mLinking CXX shared library libPerceptionScoringPlugin.so[0m
[13.331s] [ 77%] [32m[1mLinking CXX shared library libAcousticPingerPlugin.so[0m
[13.515s] [ 77%] Built target PerceptionScoringPlugin
[13.716s] [ 79%] [32m[1mLinking CXX shared library libWayfindingScoringPlugin.so[0m
[13.763s] [ 79%] Built target AcousticPingerPlugin
[13.915s] [ 81%] [32m[1mLinking CXX shared library libNavigationScoringPlugin.so[0m
[14.000s] [ 81%] Built target WayfindingScoringPlugin
[14.256s] [ 81%] Built target NavigationScoringPlugin
[14.515s] [ 83%] [32m[1mLinking CXX shared library libScanDockScoringPlugin.so[0m
[14.539s] [ 85%] [32m[1mLinking CXX shared library libBallShooterPlugin.so[0m
[14.661s] [ 87%] [32m[1mLinking CXX shared library libStationkeepingScoringPlugin.so[0m
[14.767s] [ 87%] Built target ScanDockScoringPlugin
[14.852s] [ 89%] [32m[1mLinking CXX shared library libAcousticPerceptionScoringPlugin.so[0m
[14.859s] [ 91%] [32m[1mLinking CXX shared library libAcousticTrackingScoringPlugin.so[0m
[14.899s] [ 91%] Built target BallShooterPlugin
[14.946s] [ 91%] Built target StationkeepingScoringPlugin
[15.103s] [ 91%] Built target AcousticTrackingScoringPlugin
[15.103s] [ 91%] Built target AcousticPerceptionScoringPlugin
[16.068s] [ 93%] [32m[1mLinking CXX shared library libSurface.so[0m
[16.249s] [ 93%] Built target Surface
[17.256s] [ 95%] [32m[1mLinking CXX shared library libWildlifeScoringPlugin.so[0m
[17.435s] [ 97%] [32m[1mLinking CXX shared library libWaveVisual.so[0m
[17.453s] [ 97%] Built target WildlifeScoringPlugin
[17.500s] [100%] [32m[1mLinking CXX shared library libUSVWind.so[0m
[17.603s] [100%] Built target WaveVisual
[17.664s] [100%] Built target USVWind
[17.672s] Invoked command in '/home/luca002/proj_ws/build/wamv_gazebo' returned '0': CMAKE_PREFIX_PATH=${CMAKE_PREFIX_PATH}:/opt/ros/jazzy DEBUGINFOD_URLS=https://debuginfod.ubuntu.com /usr/bin/cmake --build /home/luca002/proj_ws/build/wamv_gazebo -- -j16 -l16
[17.673s] Invoking command in '/home/luca002/proj_ws/build/wamv_gazebo': CMAKE_PREFIX_PATH=${CMAKE_PREFIX_PATH}:/opt/ros/jazzy DEBUGINFOD_URLS=https://debuginfod.ubuntu.com /usr/bin/cmake --install /home/luca002/proj_ws/build/wamv_gazebo
[17.678s] -- Install configuration: ""
[17.678s] -- Execute custom install script
[17.678s] -- Symlinking: /home/luca002/proj_ws/install/wamv_gazebo/share/wamv_gazebo/environment/resource_paths.dsv
[17.687s] -- Symlinking: /home/luca002/proj_ws/install/wamv_gazebo/share/wamv_gazebo/environment/resource_paths.sh
[17.700s] -- Symlinking: /home/luca002/proj_ws/install/wamv_gazebo/lib/libWaves.so
[17.712s] -- Symlinking: /home/luca002/proj_ws/install/wamv_gazebo/lib/libPolyhedraBuoyancyDrag.so
[17.720s] -- Symlinking: /home/luca002/proj_ws/install/wamv_gazebo/lib/libScoringPlugin.so
[17.728s] -- Symlinking: /home/luca002/proj_ws/install/wamv_gazebo/lib/libStationkeepingScoringPlugin.so
[17.734s] -- Symlinking: /home/luca002/proj_ws/install/wamv_gazebo/lib/libWayfindingScoringPlugin.so
[17.741s] -- Symlinking: /home/luca002/proj_ws/install/wamv_gazebo/lib/libAcousticPerceptionScoringPlugin.so
[17.746s] -- Symlinking: /home/luca002/proj_ws/install/wamv_gazebo/lib/libAcousticTrackingScoringPlugin.so
[17.752s] -- Symlinking: /home/luca002/proj_ws/install/wamv_gazebo/lib/libAcousticPingerPlugin.so
[17.757s] -- Symlinking: /home/luca002/proj_ws/install/wamv_gazebo/lib/libBallShooterPlugin.so
[17.763s] -- Symlinking: /home/luca002/proj_ws/install/wamv_gazebo/lib/libLightBuoyPlugin.so
[17.768s] -- Symlinking: /home/luca002/proj_ws/install/wamv_gazebo/lib/libNavigationScoringPlugin.so
[17.773s] -- Symlinking: /home/luca002/proj_ws/install/wamv_gazebo/lib/libGymkhanaScoringPlugin.so
[17.777s] -- Symlinking: /home/luca002/proj_ws/install/wamv_gazebo/lib/libPerceptionScoringPlugin.so
[17.782s] -- Symlinking: /home/luca002/proj_ws/install/wamv_gazebo/lib/libPlacardPlugin.so
[17.788s] -- Symlinking: /home/luca002/proj_ws/install/wamv_gazebo/lib/libPublisherPlugin.so
[17.797s] -- Symlinking: /home/luca002/proj_ws/install/wamv_gazebo/lib/libScanDockScoringPlugin.so
[17.807s] -- Symlinking: /home/luca002/proj_ws/install/wamv_gazebo/lib/libSimpleHydrodynamics.so
[17.817s] -- Symlinking: /home/luca002/proj_ws/install/wamv_gazebo/lib/libSurface.so
[17.828s] -- Symlinking: /home/luca002/proj_ws/install/wamv_gazebo/lib/libUSVWind.so
[17.835s] -- Symlinking: /home/luca002/proj_ws/install/wamv_gazebo/lib/libWaveVisual.so
[17.846s] -- Symlinking: /home/luca002/proj_ws/install/wamv_gazebo/lib/libWildlifeScoringPlugin.so
[17.859s] -- Symlinking: /home/luca002/proj_ws/install/wamv_gazebo/share/wamv_gazebo/environment/pythonpath.sh
[17.865s] -- Symlinking: /home/luca002/proj_ws/install/wamv_gazebo/share/wamv_gazebo/environment/pythonpath.dsv
[17.870s] -- Symlinking: /home/luca002/proj_ws/install/wamv_gazebo/lib/python3.12/site-packages/wamv_gazebo-0.0.0-py3.12.egg-info/PKG-INFO
[17.876s] -- Symlinking: /home/luca002/proj_ws/install/wamv_gazebo/lib/python3.12/site-packages/wamv_gazebo-0.0.0-py3.12.egg-info/SOURCES.txt
[17.880s] -- Symlinking: /home/luca002/proj_ws/install/wamv_gazebo/lib/python3.12/site-packages/wamv_gazebo-0.0.0-py3.12.egg-info/dependency_links.txt
[17.885s] -- Symlinking: /home/luca002/proj_ws/install/wamv_gazebo/lib/python3.12/site-packages/wamv_gazebo-0.0.0-py3.12.egg-info/top_level.txt
[17.899s] -- Symlinking: /home/luca002/proj_ws/install/wamv_gazebo/lib/python3.12/site-packages/wamv_gazebo/__init__.py
[17.908s] -- Symlinking: /home/luca002/proj_ws/install/wamv_gazebo/lib/python3.12/site-packages/wamv_gazebo/bridge.py
[17.918s] -- Symlinking: /home/luca002/proj_ws/install/wamv_gazebo/lib/python3.12/site-packages/wamv_gazebo/bridges.py
[17.924s] -- Symlinking: /home/luca002/proj_ws/install/wamv_gazebo/lib/python3.12/site-packages/wamv_gazebo/launch.py
[17.929s] -- Symlinking: /home/luca002/proj_ws/install/wamv_gazebo/lib/python3.12/site-packages/wamv_gazebo/model.py
[17.934s] -- Symlinking: /home/luca002/proj_ws/install/wamv_gazebo/lib/python3.12/site-packages/wamv_gazebo/monitor_sim.py
[17.943s] -- Symlinking: /home/luca002/proj_ws/install/wamv_gazebo/lib/python3.12/site-packages/wamv_gazebo/payload_bridges.py
[17.953s] -- Symlinking: /home/luca002/proj_ws/install/wamv_gazebo/share/wamv_gazebo/config/wamv.yaml
[17.962s] -- Symlinking: /home/luca002/proj_ws/install/wamv_gazebo/share/wamv_gazebo/launch/__init__.py
[17.973s] -- Symlinking: /home/luca002/proj_ws/install/wamv_gazebo/share/wamv_gazebo/launch/__pycache__/bridge.cpython-312.pyc
[17.980s] -- Symlinking: /home/luca002/proj_ws/install/wamv_gazebo/share/wamv_gazebo/launch/bridge.py
[17.989s] -- Symlinking: /home/luca002/proj_ws/install/wamv_gazebo/share/wamv_gazebo/launch/competition.launch.py
[17.996s] -- Symlinking: /home/luca002/proj_ws/install/wamv_gazebo/share/wamv_gazebo/launch/compliance.py
[18.011s] -- Symlinking: /home/luca002/proj_ws/install/wamv_gazebo/share/wamv_gazebo/launch/configure_wamv.py
[18.019s] -- Symlinking: /home/luca002/proj_ws/install/wamv_gazebo/share/wamv_gazebo/launch/mylaunch.py
[18.025s] -- Symlinking: /home/luca002/proj_ws/install/wamv_gazebo/share/wamv_gazebo/launch/spawn.launch.py
[18.033s] -- Symlinking: /home/luca002/proj_ws/install/wamv_gazebo/share/wamv_gazebo/launch/spawn_config.launch.py
[18.039s] -- Symlinking: /home/luca002/proj_ws/install/wamv_gazebo/share/wamv_gazebo/launch/usv_joy_teleop.py
[18.047s] -- Symlinking: /home/luca002/proj_ws/install/wamv_gazebo/share/wamv_gazebo/launch/utils.py
[18.052s] -- Symlinking: /home/luca002/proj_ws/install/wamv_gazebo/share/wamv_gazebo/launch/vrx_environment.launch.py
[18.065s] -- Symlinking: /home/luca002/proj_ws/install/wamv_gazebo/share/wamv_gazebo/models/3d_lidar/mesh/3d_Lidar_Albedo.png
[18.070s] -- Symlinking: /home/luca002/proj_ws/install/wamv_gazebo/share/wamv_gazebo/models/3d_lidar/mesh/3d_Lidar_Metalness.png
[18.075s] -- Symlinking: /home/luca002/proj_ws/install/wamv_gazebo/share/wamv_gazebo/models/3d_lidar/mesh/3d_Lidar_Normal.png
[18.080s] -- Symlinking: /home/luca002/proj_ws/install/wamv_gazebo/share/wamv_gazebo/models/3d_lidar/mesh/3d_Lidar_Roughness.png
[18.085s] -- Symlinking: /home/luca002/proj_ws/install/wamv_gazebo/share/wamv_gazebo/models/3d_lidar/mesh/3d_lidar.dae
[18.090s] -- Symlinking: /home/luca002/proj_ws/install/wamv_gazebo/share/wamv_gazebo/models/3d_lidar/mesh/3d_lidar.png
[18.095s] -- Symlinking: /home/luca002/proj_ws/install/wamv_gazebo/share/wamv_gazebo/models/3d_lidar/model.config
[18.099s] -- Symlinking: /home/luca002/proj_ws/install/wamv_gazebo/share/wamv_gazebo/models/3d_lidar/model.sdf
[18.106s] -- Symlinking: /home/luca002/proj_ws/install/wamv_gazebo/share/wamv_gazebo/models/WAM-V-Base/mesh/WAM-V-Base.dae
[18.114s] -- Symlinking: /home/luca002/proj_ws/install/wamv_gazebo/share/wamv_gazebo/models/WAM-V-Base/mesh/WAM-V_Albedo.png
[18.120s] -- Symlinking: /home/luca002/proj_ws/install/wamv_gazebo/share/wamv_gazebo/models/WAM-V-Base/mesh/WAM-V_Metalness.png
[18.125s] -- Symlinking: /home/luca002/proj_ws/install/wamv_gazebo/share/wamv_gazebo/models/WAM-V-Base/mesh/WAM-V_Normal.png
[18.130s] -- Symlinking: /home/luca002/proj_ws/install/wamv_gazebo/share/wamv_gazebo/models/WAM-V-Base/mesh/WAM-V_Roughness.png
[18.135s] -- Symlinking: /home/luca002/proj_ws/install/wamv_gazebo/share/wamv_gazebo/models/WAM-V-Base/mesh/WamV.png
[18.140s] -- Symlinking: /home/luca002/proj_ws/install/wamv_gazebo/share/wamv_gazebo/models/WAM-V-Base/model.config
[18.145s] -- Symlinking: /home/luca002/proj_ws/install/wamv_gazebo/share/wamv_gazebo/models/articulated_platform/model.config
[18.150s] -- Symlinking: /home/luca002/proj_ws/install/wamv_gazebo/share/wamv_gazebo/models/articulated_platform/model.sdf
[18.155s] -- Symlinking: /home/luca002/proj_ws/install/wamv_gazebo/share/wamv_gazebo/models/ball_shooter/materials/Textures/Launcher_Albedo.png
[18.160s] -- Symlinking: /home/luca002/proj_ws/install/wamv_gazebo/share/wamv_gazebo/models/ball_shooter/materials/Textures/Launcher_Metalness.png
[18.165s] -- Symlinking: /home/luca002/proj_ws/install/wamv_gazebo/share/wamv_gazebo/models/ball_shooter/materials/Textures/Launcher_Normal.png
[18.170s] -- Symlinking: /home/luca002/proj_ws/install/wamv_gazebo/share/wamv_gazebo/models/ball_shooter/materials/Textures/Launcher_Roughness.png
[18.175s] -- Symlinking: /home/luca002/proj_ws/install/wamv_gazebo/share/wamv_gazebo/models/ball_shooter/meshes/Launcher_Albedo.png
[18.179s] -- Symlinking: /home/luca002/proj_ws/install/wamv_gazebo/share/wamv_gazebo/models/ball_shooter/meshes/Launcher_BaseColor.png
[18.184s] -- Symlinking: /home/luca002/proj_ws/install/wamv_gazebo/share/wamv_gazebo/models/ball_shooter/meshes/ball_shooter_base.dae
[18.189s] -- Symlinking: /home/luca002/proj_ws/install/wamv_gazebo/share/wamv_gazebo/models/ball_shooter/meshes/ball_shooter_launcher.dae
[18.194s] -- Symlinking: /home/luca002/proj_ws/install/wamv_gazebo/share/wamv_gazebo/models/ball_shooter/model.config
[18.199s] -- Symlinking: /home/luca002/proj_ws/install/wamv_gazebo/share/wamv_gazebo/models/ball_shooter/model.sdf
[18.205s] -- Symlinking: /home/luca002/proj_ws/install/wamv_gazebo/share/wamv_gazebo/models/battery/mesh/battery.dae
[18.213s] -- Symlinking: /home/luca002/proj_ws/install/wamv_gazebo/share/wamv_gazebo/models/battery/mesh/battery.png
[18.219s] -- Symlinking: /home/luca002/proj_ws/install/wamv_gazebo/share/wamv_gazebo/models/battery/mesh/battery_Albedo.png
[18.224s] -- Symlinking: /home/luca002/proj_ws/install/wamv_gazebo/share/wamv_gazebo/models/battery/mesh/battery_Metalness.png
[18.229s] -- Symlinking: /home/luca002/proj_ws/install/wamv_gazebo/share/wamv_gazebo/models/battery/mesh/battery_Normal.png
[18.234s] -- Symlinking: /home/luca002/proj_ws/install/wamv_gazebo/share/wamv_gazebo/models/battery/mesh/battery_Roughness.png
[18.239s] -- Symlinking: /home/luca002/proj_ws/install/wamv_gazebo/share/wamv_gazebo/models/battery/model.config
[18.244s] -- Symlinking: /home/luca002/proj_ws/install/wamv_gazebo/share/wamv_gazebo/models/battery/model.sdf
[18.249s] -- Symlinking: /home/luca002/proj_ws/install/wamv_gazebo/share/wamv_gazebo/models/blue_projectile/model.config
[18.254s] -- Symlinking: /home/luca002/proj_ws/install/wamv_gazebo/share/wamv_gazebo/models/blue_projectile/model.sdf
[18.259s] -- Symlinking: /home/luca002/proj_ws/install/wamv_gazebo/share/wamv_gazebo/models/boat/materials/textures/Boat_Albedo.png
[18.264s] -- Symlinking: /home/luca002/proj_ws/install/wamv_gazebo/share/wamv_gazebo/models/boat/materials/textures/Boat_Metalness.png
[18.269s] -- Symlinking: /home/luca002/proj_ws/install/wamv_gazebo/share/wamv_gazebo/models/boat/materials/textures/Boat_Normal.png
[18.274s] -- Symlinking: /home/luca002/proj_ws/install/wamv_gazebo/share/wamv_gazebo/models/boat/materials/textures/Boat_Roughness.png
[18.279s] -- Symlinking: /home/luca002/proj_ws/install/wamv_gazebo/share/wamv_gazebo/models/boat/materials/textures/lidar_3d_v1.png
[18.284s] -- Symlinking: /home/luca002/proj_ws/install/wamv_gazebo/share/wamv_gazebo/models/boat/meshes/rcboat.dae
[18.288s] -- Symlinking: /home/luca002/proj_ws/install/wamv_gazebo/share/wamv_gazebo/models/boat/model.config
[18.294s] -- Symlinking: /home/luca002/proj_ws/install/wamv_gazebo/share/wamv_gazebo/models/boat/model.sdf
[18.298s] -- Symlinking: /home/luca002/proj_ws/install/wamv_gazebo/share/wamv_gazebo/models/boat/oldmodel/mmodel.sdf
[18.304s] -- Symlinking: /home/luca002/proj_ws/install/wamv_gazebo/share/wamv_gazebo/models/boat/thumbnails/boat/1.png
[18.312s] -- Symlinking: /home/luca002/proj_ws/install/wamv_gazebo/share/wamv_gazebo/models/boat/thumbnails/boat/2.png
[18.319s] -- Symlinking: /home/luca002/proj_ws/install/wamv_gazebo/share/wamv_gazebo/models/boat/thumbnails/boat/3.png
[18.324s] -- Symlinking: /home/luca002/proj_ws/install/wamv_gazebo/share/wamv_gazebo/models/boat/thumbnails/boat/4.png
[18.329s] -- Symlinking: /home/luca002/proj_ws/install/wamv_gazebo/share/wamv_gazebo/models/boat/thumbnails/boat/5.png
[18.334s] -- Symlinking: /home/luca002/proj_ws/install/wamv_gazebo/share/wamv_gazebo/models/coast_waves/materials/programs/GerstnerWaves_fs_330.glsl
[18.339s] -- Symlinking: /home/luca002/proj_ws/install/wamv_gazebo/share/wamv_gazebo/models/coast_waves/materials/programs/GerstnerWaves_vs_330.glsl
[18.344s] -- Symlinking: /home/luca002/proj_ws/install/wamv_gazebo/share/wamv_gazebo/models/coast_waves/materials/textures/skybox_lowres.dds
[18.349s] -- Symlinking: /home/luca002/proj_ws/install/wamv_gazebo/share/wamv_gazebo/models/coast_waves/materials/textures/wave_normals.dds
[18.354s] -- Symlinking: /home/luca002/proj_ws/install/wamv_gazebo/share/wamv_gazebo/models/coast_waves/meshes/waterlow.dae
[18.359s] -- Symlinking: /home/luca002/proj_ws/install/wamv_gazebo/share/wamv_gazebo/models/coast_waves/model.config
[18.364s] -- Symlinking: /home/luca002/proj_ws/install/wamv_gazebo/share/wamv_gazebo/models/coast_waves/model.sdf
[18.369s] -- Symlinking: /home/luca002/proj_ws/install/wamv_gazebo/share/wamv_gazebo/models/cpu_cases/mesh/cpu_cases.dae
[18.374s] -- Symlinking: /home/luca002/proj_ws/install/wamv_gazebo/share/wamv_gazebo/models/cpu_cases/mesh/cpu_cases.png
[18.379s] -- Symlinking: /home/luca002/proj_ws/install/wamv_gazebo/share/wamv_gazebo/models/cpu_cases/mesh/cpu_cases_Albedo.png
[18.384s] -- Symlinking: /home/luca002/proj_ws/install/wamv_gazebo/share/wamv_gazebo/models/cpu_cases/mesh/cpu_cases_Metalness.png
[18.389s] -- Symlinking: /home/luca002/proj_ws/install/wamv_gazebo/share/wamv_gazebo/models/cpu_cases/mesh/cpu_cases_Normal.png
[18.394s] -- Symlinking: /home/luca002/proj_ws/install/wamv_gazebo/share/wamv_gazebo/models/cpu_cases/mesh/cpu_cases_Roughness.png
[18.399s] -- Symlinking: /home/luca002/proj_ws/install/wamv_gazebo/share/wamv_gazebo/models/cpu_cases/model.config
[18.405s] -- Symlinking: /home/luca002/proj_ws/install/wamv_gazebo/share/wamv_gazebo/models/cpu_cases/model.sdf
[18.413s] -- Symlinking: /home/luca002/proj_ws/install/wamv_gazebo/share/wamv_gazebo/models/dock_2022/model.config
[18.420s] -- Symlinking: /home/luca002/proj_ws/install/wamv_gazebo/share/wamv_gazebo/models/dock_2022/model.sdf
[18.425s] -- Symlinking: /home/luca002/proj_ws/install/wamv_gazebo/share/wamv_gazebo/models/dock_2022_base/model.config
[18.430s] -- Symlinking: /home/luca002/proj_ws/install/wamv_gazebo/share/wamv_gazebo/models/dock_2022_base/model.sdf
[18.435s] -- Symlinking: /home/luca002/proj_ws/install/wamv_gazebo/share/wamv_gazebo/models/dock_block_4x4/mesh/DockCubes_Albedo.png
[18.440s] -- Symlinking: /home/luca002/proj_ws/install/wamv_gazebo/share/wamv_gazebo/models/dock_block_4x4/mesh/DockCubes_Metalness.png
[18.445s] -- Symlinking: /home/luca002/proj_ws/install/wamv_gazebo/share/wamv_gazebo/models/dock_block_4x4/mesh/DockCubes_Normal.png
[18.450s] -- Symlinking: /home/luca002/proj_ws/install/wamv_gazebo/share/wamv_gazebo/models/dock_block_4x4/mesh/DockCubes_Roughness.png
[18.455s] -- Symlinking: /home/luca002/proj_ws/install/wamv_gazebo/share/wamv_gazebo/models/dock_block_4x4/mesh/dock_block_4x4.dae
[18.460s] -- Symlinking: /home/luca002/proj_ws/install/wamv_gazebo/share/wamv_gazebo/models/dock_block_4x4/model.config
[18.465s] -- Symlinking: /home/luca002/proj_ws/install/wamv_gazebo/share/wamv_gazebo/models/dock_block_4x4/model.sdf
[18.470s] -- Symlinking: /home/luca002/proj_ws/install/wamv_gazebo/share/wamv_gazebo/models/engine/mesh/engine.dae
[18.475s] -- Symlinking: /home/luca002/proj_ws/install/wamv_gazebo/share/wamv_gazebo/models/engine/model.config
[18.480s] -- Symlinking: /home/luca002/proj_ws/install/wamv_gazebo/share/wamv_gazebo/models/entrance_exit/model.config
[18.484s] -- Symlinking: /home/luca002/proj_ws/install/wamv_gazebo/share/wamv_gazebo/models/entrance_exit/model.sdf
[18.489s] -- Symlinking: /home/luca002/proj_ws/install/wamv_gazebo/share/wamv_gazebo/models/gps/mesh/gps.dae
[18.494s] -- Symlinking: /home/luca002/proj_ws/install/wamv_gazebo/share/wamv_gazebo/models/gps/mesh/gps.png
[18.499s] -- Symlinking: /home/luca002/proj_ws/install/wamv_gazebo/share/wamv_gazebo/models/gps/model.config
[18.506s] -- Symlinking: /home/luca002/proj_ws/install/wamv_gazebo/share/wamv_gazebo/models/lidar/materials/textures/lidar_3d_v1.png
[18.514s] -- Symlinking: /home/luca002/proj_ws/install/wamv_gazebo/share/wamv_gazebo/models/lidar/meshes/lidar_3d_v1.dae
[18.520s] -- Symlinking: /home/luca002/proj_ws/install/wamv_gazebo/share/wamv_gazebo/models/lidar/meshes/lidar_3d_v1.png
[18.525s] -- Symlinking: /home/luca002/proj_ws/install/wamv_gazebo/share/wamv_gazebo/models/lidar/model.config
[18.530s] -- Symlinking: /home/luca002/proj_ws/install/wamv_gazebo/share/wamv_gazebo/models/lidar/model.sdf
[18.535s] -- Symlinking: /home/luca002/proj_ws/install/wamv_gazebo/share/wamv_gazebo/models/lidar/thumbnails/1.png
[18.540s] -- Symlinking: /home/luca002/proj_ws/install/wamv_gazebo/share/wamv_gazebo/models/lidar/thumbnails/2.png
[18.544s] -- Symlinking: /home/luca002/proj_ws/install/wamv_gazebo/share/wamv_gazebo/models/lidar/thumbnails/3.png
[18.549s] -- Symlinking: /home/luca002/proj_ws/install/wamv_gazebo/share/wamv_gazebo/models/lidar/thumbnails/4.png
[18.554s] -- Symlinking: /home/luca002/proj_ws/install/wamv_gazebo/share/wamv_gazebo/models/lidar/thumbnails/5.png
[18.559s] -- Symlinking: /home/luca002/proj_ws/install/wamv_gazebo/share/wamv_gazebo/models/mono_camera/mesh/mono_camera.dae
[18.564s] -- Symlinking: /home/luca002/proj_ws/install/wamv_gazebo/share/wamv_gazebo/models/mono_camera/mesh/mono_camera.png
[18.569s] -- Symlinking: /home/luca002/proj_ws/install/wamv_gazebo/share/wamv_gazebo/models/mono_camera/mesh/mono_camera_Albedo.png
[18.574s] -- Symlinking: /home/luca002/proj_ws/install/wamv_gazebo/share/wamv_gazebo/models/mono_camera/mesh/mono_camera_Metalness.png
[18.578s] -- Symlinking: /home/luca002/proj_ws/install/wamv_gazebo/share/wamv_gazebo/models/mono_camera/mesh/mono_camera_Normal.png
[18.583s] -- Symlinking: /home/luca002/proj_ws/install/wamv_gazebo/share/wamv_gazebo/models/mono_camera/mesh/mono_camera_Roughness.png
[18.588s] -- Symlinking: /home/luca002/proj_ws/install/wamv_gazebo/share/wamv_gazebo/models/mono_camera/model.config
[18.593s] -- Symlinking: /home/luca002/proj_ws/install/wamv_gazebo/share/wamv_gazebo/models/mono_camera/model.sdf
[18.598s] -- Symlinking: /home/luca002/proj_ws/install/wamv_gazebo/share/wamv_gazebo/models/placard_2022/materials/textures/Placard.png
[18.605s] -- Symlinking: /home/luca002/proj_ws/install/wamv_gazebo/share/wamv_gazebo/models/placard_2022/meshes/placard_2022.dae
[18.612s] -- Symlinking: /home/luca002/proj_ws/install/wamv_gazebo/share/wamv_gazebo/models/placard_2022/model.config
[18.618s] -- Symlinking: /home/luca002/proj_ws/install/wamv_gazebo/share/wamv_gazebo/models/placard_2022/model.sdf
[18.624s] -- Symlinking: /home/luca002/proj_ws/install/wamv_gazebo/share/wamv_gazebo/models/platform/model.config
[18.629s] -- Symlinking: /home/luca002/proj_ws/install/wamv_gazebo/share/wamv_gazebo/models/platform/model.sdf
[18.634s] -- Symlinking: /home/luca002/proj_ws/install/wamv_gazebo/share/wamv_gazebo/models/propeller/mesh/propeller.dae
[18.639s] -- Symlinking: /home/luca002/proj_ws/install/wamv_gazebo/share/wamv_gazebo/models/propeller/model.config
[18.652s] -- Symlinking: /home/luca002/proj_ws/install/wamv_gazebo/share/wamv_gazebo/models/roboboat01/materials/scripts/model.material
[18.658s] -- Symlinking: /home/luca002/proj_ws/install/wamv_gazebo/share/wamv_gazebo/models/roboboat01/materials/textures/Boat01_Albedo.png
[18.665s] -- Symlinking: /home/luca002/proj_ws/install/wamv_gazebo/share/wamv_gazebo/models/roboboat01/materials/textures/Boat01_Metallic.png
[18.672s] -- Symlinking: /home/luca002/proj_ws/install/wamv_gazebo/share/wamv_gazebo/models/roboboat01/materials/textures/Boat01_Normal.png
[18.678s] -- Symlinking: /home/luca002/proj_ws/install/wamv_gazebo/share/wamv_gazebo/models/roboboat01/materials/textures/Boat01_Roughness.png
[18.683s] -- Symlinking: /home/luca002/proj_ws/install/wamv_gazebo/share/wamv_gazebo/models/roboboat01/materials/textures/Thruster_Albedo.png
[18.688s] -- Symlinking: /home/luca002/proj_ws/install/wamv_gazebo/share/wamv_gazebo/models/roboboat01/materials/textures/Thruster_Roughness.png
[18.694s] -- Symlinking: /home/luca002/proj_ws/install/wamv_gazebo/share/wamv_gazebo/models/roboboat01/meshes/housing.dae
[18.700s] -- Symlinking: /home/luca002/proj_ws/install/wamv_gazebo/share/wamv_gazebo/models/roboboat01/meshes/mount.dae
[18.707s] -- Symlinking: /home/luca002/proj_ws/install/wamv_gazebo/share/wamv_gazebo/models/roboboat01/meshes/prop.dae
[18.715s] -- Symlinking: /home/luca002/proj_ws/install/wamv_gazebo/share/wamv_gazebo/models/roboboat01/meshes/roboboat01.dae
[18.721s] -- Symlinking: /home/luca002/proj_ws/install/wamv_gazebo/share/wamv_gazebo/models/roboboat01/model.config
[18.726s] -- Symlinking: /home/luca002/proj_ws/install/wamv_gazebo/share/wamv_gazebo/models/roboboat01/model.sdf
[18.731s] -- Symlinking: /home/luca002/proj_ws/install/wamv_gazebo/share/wamv_gazebo/models/roboboat02/materials/scripts/model.material
[18.736s] -- Symlinking: /home/luca002/proj_ws/install/wamv_gazebo/share/wamv_gazebo/models/roboboat02/materials/textures/Boat02_Albedo.png
[18.741s] -- Symlinking: /home/luca002/proj_ws/install/wamv_gazebo/share/wamv_gazebo/models/roboboat02/materials/textures/Boat02_Metallic.png
[18.746s] -- Symlinking: /home/luca002/proj_ws/install/wamv_gazebo/share/wamv_gazebo/models/roboboat02/materials/textures/Boat02_Normal.png
[18.751s] -- Symlinking: /home/luca002/proj_ws/install/wamv_gazebo/share/wamv_gazebo/models/roboboat02/materials/textures/Boat02_Roughness.png
[18.756s] -- Symlinking: /home/luca002/proj_ws/install/wamv_gazebo/share/wamv_gazebo/models/roboboat02/meshes/roboboat02.dae
[18.761s] -- Symlinking: /home/luca002/proj_ws/install/wamv_gazebo/share/wamv_gazebo/models/roboboat02/model.config
[18.766s] -- Symlinking: /home/luca002/proj_ws/install/wamv_gazebo/share/wamv_gazebo/models/roboboat02/model.sdf
[18.771s] -- Symlinking: /home/luca002/proj_ws/install/wamv_gazebo/share/wamv_gazebo/models/roboboat_cpubox/materials/textures/DryBox_Albedo.png
[18.776s] -- Symlinking: /home/luca002/proj_ws/install/wamv_gazebo/share/wamv_gazebo/models/roboboat_cpubox/materials/textures/DryBox_Roughness.png
[18.780s] -- Symlinking: /home/luca002/proj_ws/install/wamv_gazebo/share/wamv_gazebo/models/roboboat_cpubox/meshes/drybox.dae
[18.785s] -- Symlinking: /home/luca002/proj_ws/install/wamv_gazebo/share/wamv_gazebo/models/roboboat_cpubox/model.config
[18.790s] -- Symlinking: /home/luca002/proj_ws/install/wamv_gazebo/share/wamv_gazebo/models/roboboat_cpubox/model.sdf
[18.795s] -- Symlinking: /home/luca002/proj_ws/install/wamv_gazebo/share/wamv_gazebo/models/robotx_light_buoy_bgr/model.config
[18.800s] -- Symlinking: /home/luca002/proj_ws/install/wamv_gazebo/share/wamv_gazebo/models/robotx_light_buoy_bgr/model.sdf
[18.807s] -- Symlinking: /home/luca002/proj_ws/install/wamv_gazebo/share/wamv_gazebo/models/robotx_light_buoy_bgy/model.config
[18.815s] -- Symlinking: /home/luca002/proj_ws/install/wamv_gazebo/share/wamv_gazebo/models/robotx_light_buoy_bgy/model.sdf
[18.820s] -- Symlinking: /home/luca002/proj_ws/install/wamv_gazebo/share/wamv_gazebo/models/robotx_light_buoy_gbr/model.config
[18.825s] -- Symlinking: /home/luca002/proj_ws/install/wamv_gazebo/share/wamv_gazebo/models/robotx_light_buoy_gbr/model.sdf
[18.830s] -- Symlinking: /home/luca002/proj_ws/install/wamv_gazebo/share/wamv_gazebo/models/robotx_light_buoy_rbg/model.config
[18.836s] -- Symlinking: /home/luca002/proj_ws/install/wamv_gazebo/share/wamv_gazebo/models/robotx_light_buoy_rbg/model.sdf
[18.840s] -- Symlinking: /home/luca002/proj_ws/install/wamv_gazebo/share/wamv_gazebo/models/robotx_light_buoy_rgb/mesh/LightTower_Albedo.png
[18.845s] -- Symlinking: /home/luca002/proj_ws/install/wamv_gazebo/share/wamv_gazebo/models/robotx_light_buoy_rgb/mesh/LightTower_Metalness.png
[18.850s] -- Symlinking: /home/luca002/proj_ws/install/wamv_gazebo/share/wamv_gazebo/models/robotx_light_buoy_rgb/mesh/LightTower_Normal.png
[18.855s] -- Symlinking: /home/luca002/proj_ws/install/wamv_gazebo/share/wamv_gazebo/models/robotx_light_buoy_rgb/mesh/LightTower_Opacity.png
[18.860s] -- Symlinking: /home/luca002/proj_ws/install/wamv_gazebo/share/wamv_gazebo/models/robotx_light_buoy_rgb/mesh/LightTower_Roughness.png
[18.865s] -- Symlinking: /home/luca002/proj_ws/install/wamv_gazebo/share/wamv_gazebo/models/robotx_light_buoy_rgb/mesh/robotx_light_buoy.dae
[18.870s] -- Symlinking: /home/luca002/proj_ws/install/wamv_gazebo/share/wamv_gazebo/models/robotx_light_buoy_rgb/model.config
[18.875s] -- Symlinking: /home/luca002/proj_ws/install/wamv_gazebo/share/wamv_gazebo/models/robotx_light_buoy_rgb/model.sdf
[18.880s] -- Symlinking: /home/luca002/proj_ws/install/wamv_gazebo/share/wamv_gazebo/models/robotx_light_buoy_rgy/model.config
[18.885s] -- Symlinking: /home/luca002/proj_ws/install/wamv_gazebo/share/wamv_gazebo/models/robotx_light_buoy_rgy/model.sdf
[18.890s] -- Symlinking: /home/luca002/proj_ws/install/wamv_gazebo/share/wamv_gazebo/models/robotx_light_buoy_ybr/model.config
[18.895s] -- Symlinking: /home/luca002/proj_ws/install/wamv_gazebo/share/wamv_gazebo/models/robotx_light_buoy_ybr/model.sdf
[18.900s] -- Symlinking: /home/luca002/proj_ws/install/wamv_gazebo/share/wamv_gazebo/models/robotx_light_buoy_ygb/model.config
[18.907s] -- Symlinking: /home/luca002/proj_ws/install/wamv_gazebo/share/wamv_gazebo/models/robotx_light_buoy_ygb/model.sdf
[18.915s] -- Symlinking: /home/luca002/proj_ws/install/wamv_gazebo/share/wamv_gazebo/models/robotx_light_buoy_yrg/model.config
[18.921s] -- Symlinking: /home/luca002/proj_ws/install/wamv_gazebo/share/wamv_gazebo/models/robotx_light_buoy_yrg/model.sdf
[18.926s] -- Symlinking: /home/luca002/proj_ws/install/wamv_gazebo/share/wamv_gazebo/models/sensor_post/mesh/sensor_post.dae
[18.931s] -- Symlinking: /home/luca002/proj_ws/install/wamv_gazebo/share/wamv_gazebo/models/sensor_post/mesh/sensor_post.png
[18.936s] -- Symlinking: /home/luca002/proj_ws/install/wamv_gazebo/share/wamv_gazebo/models/sensor_post/mesh/sensor_post_arm.dae
[18.941s] -- Symlinking: /home/luca002/proj_ws/install/wamv_gazebo/share/wamv_gazebo/models/sensor_post/model.config
[18.946s] -- Symlinking: /home/luca002/proj_ws/install/wamv_gazebo/share/wamv_gazebo/models/sensor_post/model.sdf
[18.950s] -- Symlinking: /home/luca002/proj_ws/install/wamv_gazebo/share/wamv_gazebo/models/symbol_triangle/mesh/triangle.dae
[18.955s] -- Symlinking: /home/luca002/proj_ws/install/wamv_gazebo/share/wamv_gazebo/models/symbol_triangle/model.config
[18.960s] -- Symlinking: /home/luca002/proj_ws/install/wamv_gazebo/share/wamv_gazebo/models/symbol_triangle/model.sdf
[18.965s] -- Symlinking: /home/luca002/proj_ws/install/wamv_gazebo/share/wamv_gazebo/models/tripod/model.config
[18.970s] -- Symlinking: /home/luca002/proj_ws/install/wamv_gazebo/share/wamv_gazebo/models/tripod/model.sdf
[18.975s] -- Symlinking: /home/luca002/proj_ws/install/wamv_gazebo/share/wamv_gazebo/models/vessel/materials/textures/Boat01_Albedo.jpg
[18.980s] -- Symlinking: /home/luca002/proj_ws/install/wamv_gazebo/share/wamv_gazebo/models/vessel/materials/textures/Boat01_Normal.jpg
[18.985s] -- Symlinking: /home/luca002/proj_ws/install/wamv_gazebo/share/wamv_gazebo/models/vessel/materials/textures/Boat01_Roughness.jpg
[18.989s] -- Symlinking: /home/luca002/proj_ws/install/wamv_gazebo/share/wamv_gazebo/models/vessel/meshes/Boat01.dae
[18.994s] -- Symlinking: /home/luca002/proj_ws/install/wamv_gazebo/share/wamv_gazebo/models/vessel/model.config
[18.999s] -- Symlinking: /home/luca002/proj_ws/install/wamv_gazebo/share/wamv_gazebo/models/vessel/model.sdf
[19.006s] -- Symlinking: /home/luca002/proj_ws/install/wamv_gazebo/share/wamv_gazebo/models/vessel/thumbnails/1.png
[19.014s] -- Symlinking: /home/luca002/proj_ws/install/wamv_gazebo/share/wamv_gazebo/models/wam-v/meshes/battery/battery.dae
[19.021s] -- Symlinking: /home/luca002/proj_ws/install/wamv_gazebo/share/wamv_gazebo/models/wam-v/meshes/cases/cpu_cases.dae
[19.026s] -- Symlinking: /home/luca002/proj_ws/install/wamv_gazebo/share/wamv_gazebo/models/wam-v/meshes/lidar/lidar_3d_v1.dae
[19.031s] -- Symlinking: /home/luca002/proj_ws/install/wamv_gazebo/share/wamv_gazebo/models/wam-v/meshes/tripod/legs.dae
[19.036s] -- Symlinking: /home/luca002/proj_ws/install/wamv_gazebo/share/wamv_gazebo/models/wam-v/meshes/tripod/ring.dae
[19.041s] -- Symlinking: /home/luca002/proj_ws/install/wamv_gazebo/share/wamv_gazebo/models/wam-v/meshes/wamv/WAM-V-Base.dae
[19.046s] -- Symlinking: /home/luca002/proj_ws/install/wamv_gazebo/share/wamv_gazebo/models/wam-v/meshes/wamv/engine.dae
[19.051s] -- Symlinking: /home/luca002/proj_ws/install/wamv_gazebo/share/wamv_gazebo/models/wam-v/meshes/wamv/propeller.dae
[19.056s] -- Symlinking: /home/luca002/proj_ws/install/wamv_gazebo/share/wamv_gazebo/models/wam-v/model.config
[19.061s] -- Symlinking: /home/luca002/proj_ws/install/wamv_gazebo/share/wamv_gazebo/models/wam-v/model.sdf
[19.074s] -- Symlinking: /home/luca002/proj_ws/install/wamv_gazebo/share/wamv_gazebo/worlds/sydney.sdf
[19.079s] -- Symlinking: /home/luca002/proj_ws/install/wamv_gazebo/share/ament_index/resource_index/package_run_dependencies/wamv_gazebo
[19.084s] -- Symlinking: /home/luca002/proj_ws/install/wamv_gazebo/share/ament_index/resource_index/parent_prefix_path/wamv_gazebo
[19.089s] -- Symlinking: /home/luca002/proj_ws/install/wamv_gazebo/share/wamv_gazebo/environment/ament_prefix_path.sh
[19.094s] -- Symlinking: /home/luca002/proj_ws/install/wamv_gazebo/share/wamv_gazebo/environment/ament_prefix_path.dsv
[19.099s] -- Symlinking: /home/luca002/proj_ws/install/wamv_gazebo/share/wamv_gazebo/environment/path.sh
[19.105s] -- Symlinking: /home/luca002/proj_ws/install/wamv_gazebo/share/wamv_gazebo/environment/path.dsv
[19.113s] -- Symlinking: /home/luca002/proj_ws/install/wamv_gazebo/share/wamv_gazebo/local_setup.bash
[19.119s] -- Symlinking: /home/luca002/proj_ws/install/wamv_gazebo/share/wamv_gazebo/local_setup.sh
[19.125s] -- Symlinking: /home/luca002/proj_ws/install/wamv_gazebo/share/wamv_gazebo/local_setup.zsh
[19.130s] -- Symlinking: /home/luca002/proj_ws/install/wamv_gazebo/share/wamv_gazebo/local_setup.dsv
[19.135s] -- Symlinking: /home/luca002/proj_ws/install/wamv_gazebo/share/wamv_gazebo/package.dsv
[19.140s] -- Symlinking: /home/luca002/proj_ws/install/wamv_gazebo/share/ament_index/resource_index/packages/wamv_gazebo
[19.145s] -- Symlinking: /home/luca002/proj_ws/install/wamv_gazebo/share/wamv_gazebo/cmake/wamv_gazeboConfig.cmake
[19.150s] -- Symlinking: /home/luca002/proj_ws/install/wamv_gazebo/share/wamv_gazebo/cmake/wamv_gazeboConfig-version.cmake
[19.155s] -- Symlinking: /home/luca002/proj_ws/install/wamv_gazebo/share/wamv_gazebo/package.xml
[19.191s] Listing '/home/luca002/proj_ws/install/wamv_gazebo/lib/python3.12/site-packages/wamv_gazebo'...
[19.191s] Compiling '/home/luca002/proj_ws/install/wamv_gazebo/lib/python3.12/site-packages/wamv_gazebo/__init__.py'...
[19.191s] Compiling '/home/luca002/proj_ws/install/wamv_gazebo/lib/python3.12/site-packages/wamv_gazebo/bridge.py'...
[19.191s] Compiling '/home/luca002/proj_ws/install/wamv_gazebo/lib/python3.12/site-packages/wamv_gazebo/bridges.py'...
[19.191s] Compiling '/home/luca002/proj_ws/install/wamv_gazebo/lib/python3.12/site-packages/wamv_gazebo/launch.py'...
[19.191s] Compiling '/home/luca002/proj_ws/install/wamv_gazebo/lib/python3.12/site-packages/wamv_gazebo/model.py'...
[19.191s] Compiling '/home/luca002/proj_ws/install/wamv_gazebo/lib/python3.12/site-packages/wamv_gazebo/monitor_sim.py'...
[19.191s] Compiling '/home/luca002/proj_ws/install/wamv_gazebo/lib/python3.12/site-packages/wamv_gazebo/payload_bridges.py'...
[19.196s] Invoked command in '/home/luca002/proj_ws/build/wamv_gazebo' returned '0': CMAKE_PREFIX_PATH=${CMAKE_PREFIX_PATH}:/opt/ros/jazzy DEBUGINFOD_URLS=https://debuginfod.ubuntu.com /usr/bin/cmake --install /home/luca002/proj_ws/build/wamv_gazebo
