[0.165s] Invoking command in '/home/luca002/proj_ws/build/wamv_navigation': CMAKE_PREFIX_PATH=${CMAKE_PREFIX_PATH}:/home/luca002/ros_ws/install/robot_description_example:/opt/ros/jazzy DEBUGINFOD_URLS=https://debuginfod.ubuntu.com /usr/bin/cmake /home/luca002/proj_ws/src/wamv_navigation -DAMENT_CMAKE_SYMLINK_INSTALL=1 -DCMAKE_INSTALL_PREFIX=/home/luca002/proj_ws/install/wamv_navigation
[0.201s] -- The C compiler identification is GNU 13.3.0
[0.241s] -- The CXX compiler identification is GNU 13.3.0
[0.252s] -- Detecting C compiler ABI info
[0.313s] -- Detecting C compiler ABI info - done
[0.319s] -- Check for working C compiler: /usr/bin/cc - skipped
[0.319s] -- Detecting C compile features
[0.319s] -- Detecting C compile features - done
[0.326s] -- Detecting CXX compiler ABI info
[0.393s] -- Detecting CXX compiler ABI info - done
[0.400s] -- Check for working CXX compiler: /usr/bin/c++ - skipped
[0.400s] -- Detecting CXX compile features
[0.400s] -- Detecting CXX compile features - done
[0.404s] -- Found ament_cmake: 2.5.4 (/opt/ros/jazzy/share/ament_cmake/cmake)
[0.525s] -- Found Python3: /usr/bin/python3 (found version "3.12.3") found components: Interpreter 
[0.589s] -- Override CMake install command with custom implementation using symlinks instead of copying resources
[0.631s] -- Found nav2_common: 1.3.6 (/opt/ros/jazzy/share/nav2_common/cmake)
[0.633s] -- Found ros_gz_bridge: 1.0.12 (/opt/ros/jazzy/share/ros_gz_bridge/cmake)
[0.679s] -- Found rosidl_generator_c: 4.6.5 (/opt/ros/jazzy/share/rosidl_generator_c/cmake)
[0.693s] -- Found rosidl_generator_cpp: 4.6.5 (/opt/ros/jazzy/share/rosidl_generator_cpp/cmake)
[0.709s] -- Using all available rosidl_typesupport_c: rosidl_typesupport_fastrtps_c;rosidl_typesupport_introspection_c
[0.727s] -- Using all available rosidl_typesupport_cpp: rosidl_typesupport_fastrtps_cpp;rosidl_typesupport_introspection_cpp
[0.795s] -- Found rmw_implementation_cmake: 7.3.2 (/opt/ros/jazzy/share/rmw_implementation_cmake/cmake)
[0.798s] -- Found rmw_fastrtps_cpp: 8.4.2 (/opt/ros/jazzy/share/rmw_fastrtps_cpp/cmake)
[0.862s] -- Found OpenSSL: /usr/lib/x86_64-linux-gnu/libcrypto.so (found version "3.0.13")  
[0.878s] -- Found FastRTPS: /opt/ros/jazzy/include (Required is at least version "2.13") 
[0.893s] -- Using RMW implementation 'rmw_fastrtps_cpp' as default
[1.002s] -- Looking for gz-msgs10 -- found version 10.3.2
[1.008s] -- Searching for dependencies of gz-msgs10
[1.091s] -- Found Protobuf: /usr/lib/x86_64-linux-gnu/libprotobuf.so (found version "3.21.12") 
[1.093s] -- Looking for gz-utils2 -- found version 2.2.1
[1.093s] -- Searching for dependencies of gz-utils2
[1.095s] -- Looking for gz-math7 -- found version 7.5.2
[1.096s] -- Searching for dependencies of gz-math7
[1.096s] -- Looking for gz-utils2 -- found version 2.2.1
[1.100s] -- Checking for module 'tinyxml2'
[1.110s] --   Found tinyxml2, version 10.0.0
[1.139s] -- Looking for gz-transport13 -- found version 13.4.1
[1.139s] -- Searching for dependencies of gz-transport13
[1.169s] -- Config-file not installed for ZeroMQ -- checking for pkg-config
[1.174s] -- Checking for module 'libzmq >= 4'
[1.186s] --   Found libzmq, version 4.3.5
[1.217s] -- Found ZeroMQ: TRUE (Required is at least version "4") 
[1.222s] -- Checking for module 'uuid'
[1.233s] --   Found uuid, version 2.39.3
[1.257s] -- Found UUID: TRUE  
[1.257s] -- Looking for gz-utils2 -- found version 2.2.1
[1.257s] -- Searching for dependencies of gz-utils2
[1.257s] -- Searching for <gz-utils2> component [cli]
[1.259s] -- Looking for gz-utils2-cli -- found version 2.2.1
[1.259s] -- Searching for dependencies of gz-utils2-cli
[1.260s] -- Looking for gz-msgs10 -- found version 10.3.2
[1.486s] -- Found ros_gz_image: 1.0.12 (/opt/ros/jazzy/share/ros_gz_image/cmake)
[1.489s] -- Found ros_gz_sim: 1.0.12 (/opt/ros/jazzy/share/ros_gz_sim/cmake)
[1.526s] -- Found robot_state_publisher: 3.3.3 (/opt/ros/jazzy/share/robot_state_publisher/cmake)
[1.560s] -- Found xacro: 2.0.13 (/opt/ros/jazzy/share/xacro/cmake)
[1.626s] -- Configuring done (1.5s)
[1.630s] -- Generating done (0.0s)
[1.632s] -- Build files have been written to: /home/luca002/proj_ws/build/wamv_navigation
[1.643s] Invoked command in '/home/luca002/proj_ws/build/wamv_navigation' returned '0': CMAKE_PREFIX_PATH=${CMAKE_PREFIX_PATH}:/home/luca002/ros_ws/install/robot_description_example:/opt/ros/jazzy DEBUGINFOD_URLS=https://debuginfod.ubuntu.com /usr/bin/cmake /home/luca002/proj_ws/src/wamv_navigation -DAMENT_CMAKE_SYMLINK_INSTALL=1 -DCMAKE_INSTALL_PREFIX=/home/luca002/proj_ws/install/wamv_navigation
[1.644s] Invoking command in '/home/luca002/proj_ws/build/wamv_navigation': CMAKE_PREFIX_PATH=${CMAKE_PREFIX_PATH}:/home/luca002/ros_ws/install/robot_description_example:/opt/ros/jazzy DEBUGINFOD_URLS=https://debuginfod.ubuntu.com /usr/bin/cmake --build /home/luca002/proj_ws/build/wamv_navigation -- -j16 -l16
[1.674s] Invoked command in '/home/luca002/proj_ws/build/wamv_navigation' returned '0': CMAKE_PREFIX_PATH=${CMAKE_PREFIX_PATH}:/home/luca002/ros_ws/install/robot_description_example:/opt/ros/jazzy DEBUGINFOD_URLS=https://debuginfod.ubuntu.com /usr/bin/cmake --build /home/luca002/proj_ws/build/wamv_navigation -- -j16 -l16
[1.680s] Invoking command in '/home/luca002/proj_ws/build/wamv_navigation': CMAKE_PREFIX_PATH=${CMAKE_PREFIX_PATH}:/home/luca002/ros_ws/install/robot_description_example:/opt/ros/jazzy DEBUGINFOD_URLS=https://debuginfod.ubuntu.com /usr/bin/cmake --install /home/luca002/proj_ws/build/wamv_navigation
[1.685s] -- Install configuration: ""
[1.686s] -- Execute custom install script
[1.686s] -- Symlinking: /home/luca002/proj_ws/install/wamv_navigation/share/wamv_navigation/config/wamv_mapping.lua
[1.692s] -- Symlinking: /home/luca002/proj_ws/install/wamv_navigation/share/wamv_navigation/launch/__init__.py
[1.698s] -- Symlinking: /home/luca002/proj_ws/install/wamv_navigation/share/wamv_navigation/launch/cartographer.launch.py
[1.704s] -- Symlinking: /home/luca002/proj_ws/install/wamv_navigation/share/wamv_navigation/launch/occupancy_grid.launch.py
[1.712s] -- Symlinking: /home/luca002/proj_ws/install/wamv_navigation/share/wamv_navigation/launch/wamv_localization.py
[1.719s] -- Symlinking: /home/luca002/proj_ws/install/wamv_navigation/share/wamv_navigation/launch/wamv_simulation.py
[1.725s] -- Symlinking: /home/luca002/proj_ws/install/wamv_navigation/share/wamv_navigation/maps/sydney_map.pgm
[1.731s] -- Symlinking: /home/luca002/proj_ws/install/wamv_navigation/share/wamv_navigation/maps/sydney_map.yaml
[1.736s] -- Symlinking: /home/luca002/proj_ws/install/wamv_navigation/share/wamv_navigation/params/wamv_nav2_params.yaml
[1.742s] -- Symlinking: /home/luca002/proj_ws/install/wamv_navigation/share/wamv_navigation/rviz/wamv_cartographer.rviz
[1.748s] -- Symlinking: /home/luca002/proj_ws/install/wamv_navigation/share/wamv_navigation/rviz/wamv_navigation.rviz
[1.754s] -- Symlinking: /home/luca002/proj_ws/install/wamv_navigation/share/ament_index/resource_index/package_run_dependencies/wamv_navigation
[1.760s] -- Symlinking: /home/luca002/proj_ws/install/wamv_navigation/share/ament_index/resource_index/parent_prefix_path/wamv_navigation
[1.766s] -- Symlinking: /home/luca002/proj_ws/install/wamv_navigation/share/wamv_navigation/environment/ament_prefix_path.sh
[1.771s] -- Symlinking: /home/luca002/proj_ws/install/wamv_navigation/share/wamv_navigation/environment/ament_prefix_path.dsv
[1.777s] -- Symlinking: /home/luca002/proj_ws/install/wamv_navigation/share/wamv_navigation/environment/path.sh
[1.783s] -- Symlinking: /home/luca002/proj_ws/install/wamv_navigation/share/wamv_navigation/environment/path.dsv
[1.789s] -- Symlinking: /home/luca002/proj_ws/install/wamv_navigation/share/wamv_navigation/local_setup.bash
[1.795s] -- Symlinking: /home/luca002/proj_ws/install/wamv_navigation/share/wamv_navigation/local_setup.sh
[1.801s] -- Symlinking: /home/luca002/proj_ws/install/wamv_navigation/share/wamv_navigation/local_setup.zsh
[1.810s] -- Symlinking: /home/luca002/proj_ws/install/wamv_navigation/share/wamv_navigation/local_setup.dsv
[1.817s] -- Symlinking: /home/luca002/proj_ws/install/wamv_navigation/share/wamv_navigation/package.dsv
[1.823s] -- Symlinking: /home/luca002/proj_ws/install/wamv_navigation/share/ament_index/resource_index/packages/wamv_navigation
[1.830s] -- Symlinking: /home/luca002/proj_ws/install/wamv_navigation/share/wamv_navigation/cmake/wamv_navigationConfig.cmake
[1.835s] -- Symlinking: /home/luca002/proj_ws/install/wamv_navigation/share/wamv_navigation/cmake/wamv_navigationConfig-version.cmake
[1.841s] -- Symlinking: /home/luca002/proj_ws/install/wamv_navigation/share/wamv_navigation/package.xml
[1.847s] -- Installing: /home/luca002/proj_ws/install/wamv_navigation/lib/wamv_navigation
[1.847s] -- Installing: /home/luca002/proj_ws/install/wamv_navigation/lib/wamv_navigation/maps
[1.847s] -- Installing: /home/luca002/proj_ws/install/wamv_navigation/lib/wamv_navigation/params
[1.847s] -- Installing: /home/luca002/proj_ws/install/wamv_navigation/lib/wamv_navigation/hooks
[1.847s] -- Installing: /home/luca002/proj_ws/install/wamv_navigation/lib/wamv_navigation/launch
[1.847s] -- Installing: /home/luca002/proj_ws/install/wamv_navigation/lib/wamv_navigation/launch/wamv_simulation.py
[1.847s] -- Installing: /home/luca002/proj_ws/install/wamv_navigation/lib/wamv_navigation/launch/occupancy_grid.launch.py
[1.847s] -- Installing: /home/luca002/proj_ws/install/wamv_navigation/lib/wamv_navigation/launch/wamv_localization.py
[1.848s] -- Installing: /home/luca002/proj_ws/install/wamv_navigation/lib/wamv_navigation/launch/__init__.py
[1.848s] -- Installing: /home/luca002/proj_ws/install/wamv_navigation/lib/wamv_navigation/launch/cartographer.launch.py
[1.848s] -- Installing: /home/luca002/proj_ws/install/wamv_navigation/lib/wamv_navigation/rviz
[1.848s] -- Installing: /home/luca002/proj_ws/install/wamv_navigation/lib/wamv_navigation/config
[1.849s] Invoked command in '/home/luca002/proj_ws/build/wamv_navigation' returned '0': CMAKE_PREFIX_PATH=${CMAKE_PREFIX_PATH}:/home/luca002/ros_ws/install/robot_description_example:/opt/ros/jazzy DEBUGINFOD_URLS=https://debuginfod.ubuntu.com /usr/bin/cmake --install /home/luca002/proj_ws/build/wamv_navigation
