[0.164s] Invoking command in '/home/luca002/proj_ws/build/wamv_gazebo': CMAKE_PREFIX_PATH=${CMAKE_PREFIX_PATH}:/home/luca002/ros_ws/install/robot_description_example:/opt/ros/jazzy DEBUGINFOD_URLS=https://debuginfod.ubuntu.com /usr/bin/cmake /home/luca002/proj_ws/src/wamv_gazebo -DAMENT_CMAKE_SYMLINK_INSTALL=1 -DCMAKE_INSTALL_PREFIX=/home/luca002/proj_ws/install/wamv_gazebo
[0.231s] -- The C compiler identification is GNU 13.3.0
[0.287s] -- The CXX compiler identification is GNU 13.3.0
[0.299s] -- Detecting C compiler ABI info
[0.365s] -- Detecting C compiler ABI info - done
[0.371s] -- Check for working C compiler: /usr/bin/cc - skipped
[0.371s] -- Detecting C compile features
[0.372s] -- Detecting C compile features - done
[0.378s] -- Detecting CXX compiler ABI info
[0.447s] -- Detecting CXX compiler ABI info - done
[0.457s] -- Check for working CXX compiler: /usr/bin/c++ - skipped
[0.457s] -- Detecting CXX compile features
[0.458s] -- Detecting CXX compile features - done
[0.461s] -- Found ament_cmake: 2.5.4 (/opt/ros/jazzy/share/ament_cmake/cmake)
[0.616s] -- Found Python3: /usr/bin/python3 (found version "3.12.3") found components: Interpreter 
[0.680s] -- Override CMake install command with custom implementation using symlinks instead of copying resources
[0.719s] -- Looking for gz-sim8 -- found version 8.9.0
[0.725s] -- Searching for dependencies of gz-sim8
[0.727s] -- Looking for sdformat14 -- found version 14.7.0
[0.727s] -- Searching for dependencies of sdformat14
[0.731s] -- Checking for module 'tinyxml2'
[0.740s] --   Found tinyxml2, version 10.0.0
[0.762s] -- Looking for gz-math7 -- found version 7.5.2
[0.762s] -- Searching for dependencies of gz-math7
[0.764s] -- Looking for gz-utils2 -- found version 2.2.1
[0.764s] -- Searching for dependencies of gz-utils2
[0.765s] -- Looking for gz-utils2 -- found version 2.2.1
[0.765s] -- Searching for dependencies of gz-utils2
[0.765s] -- Searching for <gz-utils2> component [cli]
[0.767s] -- Looking for gz-utils2-cli -- found version 2.2.1
[0.767s] -- Searching for dependencies of gz-utils2-cli
[0.769s] -- Looking for gz-plugin2 -- found version 2.0.4
[0.770s] -- Searching for dependencies of gz-plugin2
[0.770s] -- Looking for gz-utils2 -- found version 2.2.1
[0.770s] -- Searching for <gz-plugin2> component [loader]
[0.772s] -- Looking for gz-plugin2-loader -- found version 2.0.4
[0.772s] -- Searching for dependencies of gz-plugin2-loader
[0.772s] -- Searching for <gz-plugin2> component [register]
[0.774s] -- Looking for gz-plugin2-register -- found version 2.0.4
[0.774s] -- Searching for dependencies of gz-plugin2-register
[0.775s] -- Looking for gz-transport13 -- found version 13.4.1
[0.775s] -- Searching for dependencies of gz-transport13
[0.875s] -- Found Protobuf: /usr/lib/x86_64-linux-gnu/libprotobuf.so (found version "3.21.12") 
[0.884s] -- Config-file not installed for ZeroMQ -- checking for pkg-config
[0.887s] -- Checking for module 'libzmq >= 4'
[0.896s] --   Found libzmq, version 4.3.5
[0.925s] -- Found ZeroMQ: TRUE (Required is at least version "4") 
[0.929s] -- Checking for module 'uuid'
[0.938s] --   Found uuid, version 2.39.3
[0.958s] -- Found UUID: TRUE  
[0.959s] -- Looking for gz-utils2 -- found version 2.2.1
[0.960s] -- Looking for gz-msgs10 -- found version 10.3.2
[0.960s] -- Searching for dependencies of gz-msgs10
[0.974s] -- Looking for gz-utils2 -- found version 2.2.1
[0.974s] -- Looking for gz-math7 -- found version 7.5.2
[0.979s] -- Searching for <gz-transport13> component [log]
[0.981s] -- Looking for gz-transport13-log -- found version 13.4.1
[0.981s] -- Searching for dependencies of gz-transport13-log
[0.981s] -- Searching for <gz-transport13> component [parameters]
[0.982s] -- Looking for gz-transport13-parameters -- found version 13.4.1
[0.982s] -- Searching for dependencies of gz-transport13-parameters
[0.983s] -- Looking for gz-msgs10 -- found version 10.3.2
[0.985s] -- Looking for gz-common5 -- found version 5.7.1
[0.985s] -- Searching for dependencies of gz-common5
[0.985s] -- Looking for gz-utils2 -- found version 2.2.1
[0.986s] -- Looking for dlfcn.h - found
[0.987s] -- Looking for libdl - found
[0.988s] -- Found DL: TRUE  
[0.992s] -- Searching for <gz-common5> component [av]
[0.994s] -- Looking for gz-common5-av -- found version 5.7.1
[0.994s] -- Searching for dependencies of gz-common5-av
[0.997s] -- Checking for module 'libswscale'
[1.007s] --   Found libswscale, version 7.5.100
[1.030s] -- Found SWSCALE: TRUE  
[1.033s] -- Checking for module 'libavdevice >= 56.4.100'
[1.043s] --   Found libavdevice, version 60.3.100
[1.070s] -- Found AVDEVICE: TRUE (Required is at least version "56.4.100") 
[1.074s] -- Checking for module 'libavformat'
[1.083s] --   Found libavformat, version 60.16.100
[1.106s] -- Found AVFORMAT: TRUE  
[1.110s] -- Checking for module 'libavcodec'
[1.123s] --   Found libavcodec, version 60.31.102
[1.146s] -- Found AVCODEC: TRUE  
[1.150s] -- Checking for module 'libavutil'
[1.159s] --   Found libavutil, version 58.29.100
[1.181s] -- Found AVUTIL: TRUE  
[1.181s] -- Searching for <gz-common5> component [events]
[1.183s] -- Looking for gz-common5-events -- found version 5.7.1
[1.183s] -- Searching for dependencies of gz-common5-events
[1.183s] -- Looking for gz-math7 -- found version 7.5.2
[1.184s] -- Searching for <gz-common5> component [graphics]
[1.185s] -- Looking for gz-common5-graphics -- found version 5.7.1
[1.185s] -- Searching for dependencies of gz-common5-graphics
[1.185s] -- Looking for gz-math7 -- found version 7.5.2
[1.189s] -- Found GzAssimp: TRUE (found version "5.3.0") 
[1.190s] -- Searching for <gz-common5> component [io]
[1.191s] -- Looking for gz-common5-io -- found version 5.7.1
[1.191s] -- Searching for dependencies of gz-common5-io
[1.192s] -- Searching for <gz-common5> component [profiler]
[1.193s] -- Looking for gz-common5-profiler -- found version 5.7.1
[1.193s] -- Searching for dependencies of gz-common5-profiler
[1.195s] -- Looking for gz-fuel_tools9 -- found version 9.1.1
[1.195s] -- Searching for dependencies of gz-fuel_tools9
[1.258s] -- Found CURL: /usr/lib/x86_64-linux-gnu/libcurl.so (found version "8.5.0")  
[1.267s] -- Checking for module 'jsoncpp'
[1.279s] --   Found jsoncpp, version 1.9.5
[1.300s] -- Found JSONCPP: TRUE  
[1.315s] -- Checking for module 'yaml-0.1'
[1.327s] --   Found yaml-0.1, version 0.2.5
[1.349s] -- Found YAML: TRUE  
[1.352s] -- Checking for module 'libzip'
[1.362s] --   Found libzip, version 1.7.3
[1.385s] -- Found ZIP: TRUE  
[1.385s] -- Looking for gz-utils2 -- found version 2.2.1
[1.385s] -- Looking for gz-common5 -- found version 5.7.1
[1.385s] -- Searching for dependencies of gz-common5
[1.386s] -- Looking for gz-utils2 -- found version 2.2.1
[1.386s] -- Looking for dlfcn.h - found
[1.386s] -- Looking for libdl - found
[1.391s] -- Searching for <gz-common5> component [testing]
[1.393s] -- Looking for gz-common5-testing -- found version 5.7.1
[1.393s] -- Searching for dependencies of gz-common5-testing
[1.394s] -- Looking for gz-math7 -- found version 7.5.2
[1.394s] -- Looking for gz-msgs10 -- found version 10.3.2
[1.396s] -- Looking for gz-gui8 -- found version 8.4.0
[1.396s] -- Searching for dependencies of gz-gui8
[1.419s] -- Looking for gz-utils2 -- found version 2.2.1
[1.419s] -- Looking for gz-math7 -- found version 7.5.2
[1.420s] -- Looking for gz-common5 -- found version 5.7.1
[1.420s] -- Looking for gz-plugin2 -- found version 2.0.4
[1.420s] -- Looking for gz-transport13 -- found version 13.4.1
[1.422s] -- Looking for gz-rendering8 -- found version 8.2.2
[1.422s] -- Searching for dependencies of gz-rendering8
[1.422s] -- Looking for gz-math7 -- found version 7.5.2
[1.423s] -- Searching for dependencies of gz-math7
[1.423s] -- Looking for gz-utils2 -- found version 2.2.1
[1.423s] -- Searching for <gz-math7> component [eigen3]
[1.425s] -- Looking for gz-math7-eigen3 -- found version 7.5.2
[1.425s] -- Searching for dependencies of gz-math7-eigen3
[1.434s] -- Looking for gz-common5 -- found version 5.7.1
[1.434s] -- Searching for dependencies of gz-common5
[1.434s] -- Looking for gz-utils2 -- found version 2.2.1
[1.434s] -- Looking for dlfcn.h - found
[1.434s] -- Looking for libdl - found
[1.440s] -- Searching for <gz-common5> component [graphics]
[1.441s] -- Searching for <gz-common5> component [events]
[1.441s] -- Searching for <gz-common5> component [geospatial]
[1.442s] -- Looking for gz-common5-geospatial -- found version 5.7.1
[1.442s] -- Searching for dependencies of gz-common5-geospatial
[1.442s] -- Looking for gz-math7 -- found version 7.5.2
[1.443s] -- Looking for gz-common5 -- found version 5.7.1
[1.444s] -- Looking for gz-plugin2 -- found version 2.0.4
[1.444s] -- Searching for dependencies of gz-plugin2
[1.444s] -- Looking for gz-utils2 -- found version 2.2.1
[1.444s] -- Searching for <gz-plugin2> component [all]
[1.446s] -- Looking for all libraries of gz-plugin2 -- found version 2.0.4
[1.446s] -- Looking for gz-plugin2 -- found version 2.0.4
[1.447s] -- Looking for gz-utils2 -- found version 2.2.1
[1.456s] -- Found OpenGL: /usr/lib/x86_64-linux-gnu/libOpenGL.so  found components: OpenGL 
[1.457s] -- Looking for gz-msgs10 -- found version 10.3.2
[1.476s] -- Looking for gz-physics7 -- found version 7.5.0
[1.476s] -- Searching for dependencies of gz-physics7
[1.476s] -- Looking for gz-common5 -- found version 5.7.1
[1.477s] -- Looking for gz-math7 -- found version 7.5.2
[1.477s] -- Looking for gz-plugin2 -- found version 2.0.4
[1.478s] -- Looking for gz-utils2 -- found version 2.2.1
[1.479s] -- Searching for <gz-physics7> component [heightmap]
[1.480s] -- Looking for gz-physics7-heightmap -- found version 7.5.0
[1.480s] -- Searching for dependencies of gz-physics7-heightmap
[1.480s] -- Looking for gz-common5 -- found version 5.7.1
[1.480s] -- Searching for <gz-physics7> component [mesh]
[1.482s] -- Looking for gz-physics7-mesh -- found version 7.5.0
[1.482s] -- Searching for dependencies of gz-physics7-mesh
[1.482s] -- Looking for gz-common5 -- found version 5.7.1
[1.483s] -- Searching for <gz-physics7> component [sdf]
[1.484s] -- Looking for gz-physics7-sdf -- found version 7.5.0
[1.484s] -- Searching for dependencies of gz-physics7-sdf
[1.484s] -- Looking for sdformat14 -- found version 14.7.0
[1.486s] -- Looking for gz-sensors8 -- found version 8.2.2
[1.486s] -- Searching for dependencies of gz-sensors8
[1.501s] -- Looking for gz-math7 -- found version 7.5.2
[1.501s] -- Looking for gz-common5 -- found version 5.7.1
[1.502s] -- Looking for gz-transport13 -- found version 13.4.1
[1.502s] -- Looking for gz-rendering8 -- found version 8.2.2
[1.502s] -- Looking for gz-msgs10 -- found version 10.3.2
[1.503s] -- Looking for sdformat14 -- found version 14.7.0
[1.503s] -- Searching for <gz-sensors8> component [air_pressure]
[1.504s] -- Looking for gz-sensors8-air_pressure -- found version 8.2.2
[1.504s] -- Searching for dependencies of gz-sensors8-air_pressure
[1.505s] -- Searching for <gz-sensors8> component [air_speed]
[1.506s] -- Looking for gz-sensors8-air_speed -- found version 8.2.2
[1.506s] -- Searching for dependencies of gz-sensors8-air_speed
[1.507s] -- Searching for <gz-sensors8> component [altimeter]
[1.508s] -- Looking for gz-sensors8-altimeter -- found version 8.2.2
[1.508s] -- Searching for dependencies of gz-sensors8-altimeter
[1.509s] -- Searching for <gz-sensors8> component [imu]
[1.510s] -- Looking for gz-sensors8-imu -- found version 8.2.2
[1.510s] -- Searching for dependencies of gz-sensors8-imu
[1.510s] -- Searching for <gz-sensors8> component [force_torque]
[1.511s] -- Looking for gz-sensors8-force_torque -- found version 8.2.2
[1.511s] -- Searching for dependencies of gz-sensors8-force_torque
[1.512s] -- Searching for <gz-sensors8> component [logical_camera]
[1.513s] -- Looking for gz-sensors8-logical_camera -- found version 8.2.2
[1.513s] -- Searching for dependencies of gz-sensors8-logical_camera
[1.514s] -- Searching for <gz-sensors8> component [magnetometer]
[1.515s] -- Looking for gz-sensors8-magnetometer -- found version 8.2.2
[1.515s] -- Searching for dependencies of gz-sensors8-magnetometer
[1.515s] -- Searching for <gz-sensors8> component [navsat]
[1.516s] -- Looking for gz-sensors8-navsat -- found version 8.2.2
[1.516s] -- Searching for dependencies of gz-sensors8-navsat
[1.517s] -- Searching for <gz-sensors8> component [dvl]
[1.518s] -- Looking for gz-sensors8-dvl -- found version 8.2.2
[1.518s] -- Searching for dependencies of gz-sensors8-dvl
[1.518s] -- Looking for gz-sensors8 -- found version 8.2.2
[1.519s] -- Searching for dependencies of gz-sensors8
[1.536s] -- Looking for gz-math7 -- found version 7.5.2
[1.537s] -- Looking for gz-common5 -- found version 5.7.1
[1.537s] -- Looking for gz-transport13 -- found version 13.4.1
[1.537s] -- Looking for gz-rendering8 -- found version 8.2.2
[1.538s] -- Looking for gz-msgs10 -- found version 10.3.2
[1.538s] -- Looking for sdformat14 -- found version 14.7.0
[1.538s] -- Searching for <gz-sensors8> component [rendering]
[1.539s] -- Looking for gz-sensors8-rendering -- found version 8.2.2
[1.539s] -- Searching for dependencies of gz-sensors8-rendering
[1.541s] -- Searching for <gz-sensors8> component [rendering]
[1.541s] -- Searching for <gz-sensors8> component [lidar]
[1.542s] -- Looking for gz-sensors8-lidar -- found version 8.2.2
[1.542s] -- Searching for dependencies of gz-sensors8-lidar
[1.542s] -- Looking for gz-sensors8 -- found version 8.2.2
[1.543s] -- Searching for <gz-sensors8> component [gpu_lidar]
[1.544s] -- Looking for gz-sensors8-gpu_lidar -- found version 8.2.2
[1.544s] -- Searching for dependencies of gz-sensors8-gpu_lidar
[1.545s] -- Looking for gz-sensors8 -- found version 8.2.2
[1.545s] -- Searching for <gz-sensors8> component [camera]
[1.546s] -- Looking for gz-sensors8-camera -- found version 8.2.2
[1.546s] -- Searching for dependencies of gz-sensors8-camera
[1.547s] -- Looking for gz-sensors8 -- found version 8.2.2
[1.547s] -- Searching for <gz-sensors8> component [boundingbox_camera]
[1.548s] -- Looking for gz-sensors8-boundingbox_camera -- found version 8.2.2
[1.548s] -- Searching for dependencies of gz-sensors8-boundingbox_camera
[1.549s] -- Searching for <gz-sensors8> component [segmentation_camera]
[1.550s] -- Looking for gz-sensors8-segmentation_camera -- found version 8.2.2
[1.550s] -- Searching for dependencies of gz-sensors8-segmentation_camera
[1.550s] -- Searching for <gz-sensors8> component [depth_camera]
[1.551s] -- Looking for gz-sensors8-depth_camera -- found version 8.2.2
[1.551s] -- Searching for dependencies of gz-sensors8-depth_camera
[1.552s] -- Looking for gz-sensors8 -- found version 8.2.2
[1.552s] -- Searching for <gz-sensors8> component [rgbd_camera]
[1.553s] -- Looking for gz-sensors8-rgbd_camera -- found version 8.2.2
[1.553s] -- Searching for dependencies of gz-sensors8-rgbd_camera
[1.554s] -- Looking for gz-sensors8 -- found version 8.2.2
[1.554s] -- Searching for <gz-sensors8> component [thermal_camera]
[1.555s] -- Looking for gz-sensors8-thermal_camera -- found version 8.2.2
[1.555s] -- Searching for dependencies of gz-sensors8-thermal_camera
[1.556s] -- Looking for gz-sensors8 -- found version 8.2.2
[1.556s] -- Searching for <gz-sensors8> component [wide_angle_camera]
[1.557s] -- Looking for gz-sensors8-wide_angle_camera -- found version 8.2.2
[1.557s] -- Searching for dependencies of gz-sensors8-wide_angle_camera
[1.559s] -- Looking for gz-rendering8 -- found version 8.2.2
[1.559s] -- Looking for gz-math7 -- found version 7.5.2
[1.559s] -- Looking for gz-utils2 -- found version 2.2.1
[1.576s] -- Looking for gz-common5 -- found version 5.7.1
[1.576s] -- Looking for gz-fuel_tools9 -- found version 9.1.1
[1.577s] -- Looking for gz-math7 -- found version 7.5.2
[1.577s] -- Looking for gz-msgs10 -- found version 10.3.2
[1.577s] -- Looking for gz-transport13 -- found version 13.4.1
[1.578s] -- Looking for gz-plugin2 -- found version 2.0.4
[1.578s] -- Looking for gz-rendering8 -- found version 8.2.2
[1.578s] -- Looking for gz-sensors8 -- found version 8.2.2
[1.579s] -- Looking for gz-utils2 -- found version 2.2.1
[1.579s] -- Looking for sdformat14 -- found version 14.7.0
[1.582s] -- Found std_msgs: 5.3.6 (/opt/ros/jazzy/share/std_msgs/cmake)
[1.616s] -- Found rosidl_generator_c: 4.6.5 (/opt/ros/jazzy/share/rosidl_generator_c/cmake)
[1.628s] -- Found rosidl_generator_cpp: 4.6.5 (/opt/ros/jazzy/share/rosidl_generator_cpp/cmake)
[1.643s] -- Using all available rosidl_typesupport_c: rosidl_typesupport_fastrtps_c;rosidl_typesupport_introspection_c
[1.659s] -- Using all available rosidl_typesupport_cpp: rosidl_typesupport_fastrtps_cpp;rosidl_typesupport_introspection_cpp
[1.751s] -- Configuring done (1.6s)
[1.843s] -- Generating done (0.1s)
[1.860s] -- Build files have been written to: /home/luca002/proj_ws/build/wamv_gazebo
[1.874s] Invoked command in '/home/luca002/proj_ws/build/wamv_gazebo' returned '0': CMAKE_PREFIX_PATH=${CMAKE_PREFIX_PATH}:/home/luca002/ros_ws/install/robot_description_example:/opt/ros/jazzy DEBUGINFOD_URLS=https://debuginfod.ubuntu.com /usr/bin/cmake /home/luca002/proj_ws/src/wamv_gazebo -DAMENT_CMAKE_SYMLINK_INSTALL=1 -DCMAKE_INSTALL_PREFIX=/home/luca002/proj_ws/install/wamv_gazebo
[1.875s] Invoking command in '/home/luca002/proj_ws/build/wamv_gazebo': CMAKE_PREFIX_PATH=${CMAKE_PREFIX_PATH}:/home/luca002/ros_ws/install/robot_description_example:/opt/ros/jazzy DEBUGINFOD_URLS=https://debuginfod.ubuntu.com /usr/bin/cmake --build /home/luca002/proj_ws/build/wamv_gazebo -- -j16 -l16
[1.911s] [  4%] [32mBuilding CXX object CMakeFiles/ScoringPlugin.dir/src/ScoringPlugin.cc.o[0m
[1.912s] [  4%] [32mBuilding CXX object CMakeFiles/Waves.dir/src/Wavefield.cc.o[0m
[4.430s] [  6%] [32m[1mLinking CXX shared library libWaves.so[0m
[4.564s] [  6%] Built target Waves
[4.578s] [ 10%] [32mBuilding CXX object CMakeFiles/PolyhedraBuoyancyDrag.dir/src/PolyhedronVolume.cc.o[0m
[4.578s] [ 10%] [32mBuilding CXX object CMakeFiles/PolyhedraBuoyancyDrag.dir/src/PolyhedraBuoyancyDrag.cc.o[0m
[4.578s] [ 12%] [32mBuilding CXX object CMakeFiles/PolyhedraBuoyancyDrag.dir/src/ShapeVolume.cc.o[0m
[5.449s] [ 14%] [32m[1mLinking CXX shared library libScoringPlugin.so[0m
[5.604s] [ 14%] Built target ScoringPlugin
[5.629s] [ 27%] [32mBuilding CXX object CMakeFiles/StationkeepingScoringPlugin.dir/src/StationkeepingScoringPlugin.cc.o[0m
[5.629s] [ 27%] [32mBuilding CXX object CMakeFiles/AcousticTrackingScoringPlugin.dir/src/AcousticTrackingScoringPlugin.cc.o[0m
[5.629s] [ 27%] [32mBuilding CXX object CMakeFiles/LightBuoyPlugin.dir/src/LightBuoyPlugin.cc.o[0m
[5.630s] [ 27%] [32mBuilding CXX object CMakeFiles/NavigationScoringPlugin.dir/src/NavigationScoringPlugin.cc.o[0m
[5.630s] [ 27%] [32mBuilding CXX object CMakeFiles/PerceptionScoringPlugin.dir/src/PerceptionScoringPlugin.cc.o[0m
[5.630s] [ 27%] [32mBuilding CXX object CMakeFiles/WayfindingScoringPlugin.dir/src/WayfindingScoringPlugin.cc.o[0m
[5.630s] [ 31%] [32mBuilding CXX object CMakeFiles/PlacardPlugin.dir/src/PlacardPlugin.cc.o[0m
[5.630s] [ 31%] [32mBuilding CXX object CMakeFiles/AcousticPingerPlugin.dir/src/AcousticPingerPlugin.cc.o[0m
[5.630s] [ 35%] [32mBuilding CXX object CMakeFiles/BallShooterPlugin.dir/src/BallShooterPlugin.cc.o[0m
[5.631s] [ 37%] [32mBuilding CXX object CMakeFiles/AcousticPerceptionScoringPlugin.dir/src/AcousticPerceptionScoringPlugin.cc.o[0m
[5.631s] [ 37%] [32mBuilding CXX object CMakeFiles/GymkhanaScoringPlugin.dir/src/GymkhanaScoringPlugin.cc.o[0m
[5.633s] [ 39%] [32mBuilding CXX object CMakeFiles/PublisherPlugin.dir/src/PublisherPlugin.cc.o[0m
[5.637s] [ 41%] [32mBuilding CXX object CMakeFiles/ScanDockScoringPlugin.dir/src/ScanDockScoringPlugin.cc.o[0m
[5.637s] [ 43%] [32mBuilding CXX object CMakeFiles/SimpleHydrodynamics.dir/src/SimpleHydrodynamics.cc.o[0m
[5.683s] [ 45%] [32mBuilding CXX object CMakeFiles/WayfindingScoringPlugin.dir/src/WaypointMarkers.cc.o[0m
[10.331s] [ 47%] [32m[1mLinking CXX shared library libPublisherPlugin.so[0m
[10.428s] [ 50%] [32mBuilding CXX object CMakeFiles/Surface.dir/src/Surface.cc.o[0m
[10.916s] [ 50%] Built target PublisherPlugin
[10.945s] [ 52%] [32mBuilding CXX object CMakeFiles/AcousticPerceptionScoringPlugin.dir/src/WaypointMarkers.cc.o[0m
[11.215s] [ 54%] [32m[1mLinking CXX shared library libLightBuoyPlugin.so[0m
[11.718s] [ 56%] [32m[1mLinking CXX shared library libGymkhanaScoringPlugin.so[0m
[11.845s] [ 58%] [32m[1mLinking CXX shared library libPolyhedraBuoyancyDrag.so[0m
[11.853s] [ 58%] Built target LightBuoyPlugin
[11.867s] [ 60%] [32mBuilding CXX object CMakeFiles/AcousticTrackingScoringPlugin.dir/src/WaypointMarkers.cc.o[0m
[12.078s] [ 62%] [32m[1mLinking CXX shared library libPlacardPlugin.so[0m
[12.147s] [ 64%] [32m[1mLinking CXX shared library libSimpleHydrodynamics.so[0m
[12.248s] [ 64%] Built target GymkhanaScoringPlugin
[12.287s] [ 66%] [32mBuilding CXX object CMakeFiles/USVWind.dir/src/USVWind.cc.o[0m
[12.368s] [ 66%] Built target PolyhedraBuoyancyDrag
[12.384s] [ 68%] [32mBuilding CXX object CMakeFiles/StationkeepingScoringPlugin.dir/src/WaypointMarkers.cc.o[0m
[12.518s] [ 68%] Built target SimpleHydrodynamics
[12.552s] [ 70%] [32mBuilding CXX object CMakeFiles/WaveVisual.dir/src/WaveVisual.cc.o[0m
[12.571s] [ 70%] Built target PlacardPlugin
[12.633s] [ 72%] [32mBuilding CXX object CMakeFiles/WildlifeScoringPlugin.dir/src/WildlifeScoringPlugin.cc.o[0m
[14.624s] [ 75%] [32m[1mLinking CXX shared library libPerceptionScoringPlugin.so[0m
[14.683s] [ 77%] [32m[1mLinking CXX shared library libAcousticPingerPlugin.so[0m
[15.042s] [ 79%] [32m[1mLinking CXX shared library libNavigationScoringPlugin.so[0m
[15.122s] [ 81%] [32m[1mLinking CXX shared library libWayfindingScoringPlugin.so[0m
[15.267s] [ 81%] Built target PerceptionScoringPlugin
[15.279s] [ 81%] Built target AcousticPingerPlugin
[15.487s] [ 81%] Built target NavigationScoringPlugin
[15.576s] [ 81%] Built target WayfindingScoringPlugin
[15.833s] [ 83%] [32m[1mLinking CXX shared library libBallShooterPlugin.so[0m
[16.095s] [ 83%] Built target BallShooterPlugin
[16.269s] [ 85%] [32m[1mLinking CXX shared library libScanDockScoringPlugin.so[0m
[16.360s] [ 87%] [32m[1mLinking CXX shared library libAcousticPerceptionScoringPlugin.so[0m
[16.544s] [ 87%] Built target ScanDockScoringPlugin
[16.632s] [ 87%] Built target AcousticPerceptionScoringPlugin
[16.674s] [ 89%] [32m[1mLinking CXX shared library libAcousticTrackingScoringPlugin.so[0m
[16.826s] [ 91%] [32m[1mLinking CXX shared library libSurface.so[0m
[16.827s] [ 93%] [32m[1mLinking CXX shared library libStationkeepingScoringPlugin.so[0m
[16.903s] [ 93%] Built target AcousticTrackingScoringPlugin
[17.061s] [ 93%] Built target Surface
[17.070s] [ 93%] Built target StationkeepingScoringPlugin
[18.906s] [ 95%] [32m[1mLinking CXX shared library libWildlifeScoringPlugin.so[0m
[18.966s] [ 97%] [32m[1mLinking CXX shared library libUSVWind.so[0m
[19.028s] [100%] [32m[1mLinking CXX shared library libWaveVisual.so[0m
[19.108s] [100%] Built target WildlifeScoringPlugin
[19.168s] [100%] Built target USVWind
[19.218s] [100%] Built target WaveVisual
[19.231s] Invoked command in '/home/luca002/proj_ws/build/wamv_gazebo' returned '0': CMAKE_PREFIX_PATH=${CMAKE_PREFIX_PATH}:/home/luca002/ros_ws/install/robot_description_example:/opt/ros/jazzy DEBUGINFOD_URLS=https://debuginfod.ubuntu.com /usr/bin/cmake --build /home/luca002/proj_ws/build/wamv_gazebo -- -j16 -l16
[19.231s] Invoking command in '/home/luca002/proj_ws/build/wamv_gazebo': CMAKE_PREFIX_PATH=${CMAKE_PREFIX_PATH}:/home/luca002/ros_ws/install/robot_description_example:/opt/ros/jazzy DEBUGINFOD_URLS=https://debuginfod.ubuntu.com /usr/bin/cmake --install /home/luca002/proj_ws/build/wamv_gazebo
[19.238s] -- Install configuration: ""
[19.238s] -- Execute custom install script
[19.238s] -- Symlinking: /home/luca002/proj_ws/install/wamv_gazebo/share/wamv_gazebo/environment/resource_paths.dsv
[19.244s] -- Symlinking: /home/luca002/proj_ws/install/wamv_gazebo/share/wamv_gazebo/environment/resource_paths.sh
[19.250s] -- Symlinking: /home/luca002/proj_ws/install/wamv_gazebo/lib/libWaves.so
[19.256s] -- Symlinking: /home/luca002/proj_ws/install/wamv_gazebo/lib/libPolyhedraBuoyancyDrag.so
[19.261s] -- Symlinking: /home/luca002/proj_ws/install/wamv_gazebo/lib/libScoringPlugin.so
[19.267s] -- Symlinking: /home/luca002/proj_ws/install/wamv_gazebo/lib/libStationkeepingScoringPlugin.so
[19.272s] -- Symlinking: /home/luca002/proj_ws/install/wamv_gazebo/lib/libWayfindingScoringPlugin.so
[19.278s] -- Symlinking: /home/luca002/proj_ws/install/wamv_gazebo/lib/libAcousticPerceptionScoringPlugin.so
[19.283s] -- Symlinking: /home/luca002/proj_ws/install/wamv_gazebo/lib/libAcousticTrackingScoringPlugin.so
[19.288s] -- Symlinking: /home/luca002/proj_ws/install/wamv_gazebo/lib/libAcousticPingerPlugin.so
[19.293s] -- Symlinking: /home/luca002/proj_ws/install/wamv_gazebo/lib/libBallShooterPlugin.so
[19.299s] -- Symlinking: /home/luca002/proj_ws/install/wamv_gazebo/lib/libLightBuoyPlugin.so
[19.304s] -- Symlinking: /home/luca002/proj_ws/install/wamv_gazebo/lib/libNavigationScoringPlugin.so
[19.309s] -- Symlinking: /home/luca002/proj_ws/install/wamv_gazebo/lib/libGymkhanaScoringPlugin.so
[19.315s] -- Symlinking: /home/luca002/proj_ws/install/wamv_gazebo/lib/libPerceptionScoringPlugin.so
[19.323s] -- Symlinking: /home/luca002/proj_ws/install/wamv_gazebo/lib/libPlacardPlugin.so
[19.332s] -- Symlinking: /home/luca002/proj_ws/install/wamv_gazebo/lib/libPublisherPlugin.so
[19.343s] -- Symlinking: /home/luca002/proj_ws/install/wamv_gazebo/lib/libScanDockScoringPlugin.so
[19.351s] -- Symlinking: /home/luca002/proj_ws/install/wamv_gazebo/lib/libSimpleHydrodynamics.so
[19.356s] -- Symlinking: /home/luca002/proj_ws/install/wamv_gazebo/lib/libSurface.so
[19.362s] -- Symlinking: /home/luca002/proj_ws/install/wamv_gazebo/lib/libUSVWind.so
[19.367s] -- Symlinking: /home/luca002/proj_ws/install/wamv_gazebo/lib/libWaveVisual.so
[19.372s] -- Symlinking: /home/luca002/proj_ws/install/wamv_gazebo/lib/libWildlifeScoringPlugin.so
[19.378s] -- Symlinking: /home/luca002/proj_ws/install/wamv_gazebo/share/wamv_gazebo/config/ekf.yaml
[19.383s] -- Symlinking: /home/luca002/proj_ws/install/wamv_gazebo/share/wamv_gazebo/launch/__init__.py
[19.388s] -- Symlinking: /home/luca002/proj_ws/install/wamv_gazebo/share/wamv_gazebo/launch/launch1.py
[19.394s] -- Symlinking: /home/luca002/proj_ws/install/wamv_gazebo/share/wamv_gazebo/launch/launch2.py
[19.399s] -- Symlinking: /home/luca002/proj_ws/install/wamv_gazebo/share/wamv_gazebo/launch/launch3.py
[19.407s] -- Symlinking: /home/luca002/proj_ws/install/wamv_gazebo/share/wamv_gazebo/launch/launch4.py
[19.414s] -- Symlinking: /home/luca002/proj_ws/install/wamv_gazebo/share/wamv_gazebo/launch/launch5.py
[19.420s] -- Symlinking: /home/luca002/proj_ws/install/wamv_gazebo/share/wamv_gazebo/launch/launch6.py
[19.430s] -- Symlinking: /home/luca002/proj_ws/install/wamv_gazebo/share/wamv_gazebo/models/coast_waves/materials/programs/GerstnerWaves_fs_330.glsl
[19.438s] -- Symlinking: /home/luca002/proj_ws/install/wamv_gazebo/share/wamv_gazebo/models/coast_waves/materials/programs/GerstnerWaves_vs_330.glsl
[19.445s] -- Symlinking: /home/luca002/proj_ws/install/wamv_gazebo/share/wamv_gazebo/models/coast_waves/materials/textures/skybox_lowres.dds
[19.453s] -- Symlinking: /home/luca002/proj_ws/install/wamv_gazebo/share/wamv_gazebo/models/coast_waves/materials/textures/wave_normals.dds
[19.461s] -- Symlinking: /home/luca002/proj_ws/install/wamv_gazebo/share/wamv_gazebo/models/coast_waves/meshes/waterlow.dae
[19.467s] -- Symlinking: /home/luca002/proj_ws/install/wamv_gazebo/share/wamv_gazebo/models/coast_waves/model.config
[19.472s] -- Symlinking: /home/luca002/proj_ws/install/wamv_gazebo/share/wamv_gazebo/models/coast_waves/model.sdf
[19.478s] -- Symlinking: /home/luca002/proj_ws/install/wamv_gazebo/share/wamv_gazebo/models/dock_block/meshes/DockCubes_Albedo.png
[19.483s] -- Symlinking: /home/luca002/proj_ws/install/wamv_gazebo/share/wamv_gazebo/models/dock_block/meshes/DockCubes_Metalness.png
[19.488s] -- Symlinking: /home/luca002/proj_ws/install/wamv_gazebo/share/wamv_gazebo/models/dock_block/meshes/DockCubes_Normal.png
[19.493s] -- Symlinking: /home/luca002/proj_ws/install/wamv_gazebo/share/wamv_gazebo/models/dock_block/meshes/DockCubes_Roughness.png
[19.499s] -- Symlinking: /home/luca002/proj_ws/install/wamv_gazebo/share/wamv_gazebo/models/dock_block/meshes/dock_block_4x4.dae
[19.505s] -- Symlinking: /home/luca002/proj_ws/install/wamv_gazebo/share/wamv_gazebo/models/dock_block/model.config
[19.510s] -- Symlinking: /home/luca002/proj_ws/install/wamv_gazebo/share/wamv_gazebo/models/dock_block/model.sdf
[19.516s] -- Symlinking: /home/luca002/proj_ws/install/wamv_gazebo/share/wamv_gazebo/models/male/meshes/MaleVisitor.png
[19.524s] -- Symlinking: /home/luca002/proj_ws/install/wamv_gazebo/share/wamv_gazebo/models/male/meshes/MaleVisitorStatic.mtl
[19.531s] -- Symlinking: /home/luca002/proj_ws/install/wamv_gazebo/share/wamv_gazebo/models/male/meshes/MaleVisitorStatic.obj
[19.537s] -- Symlinking: /home/luca002/proj_ws/install/wamv_gazebo/share/wamv_gazebo/models/male/meshes/MaleVisitorStatic_Col.mtl
[19.542s] -- Symlinking: /home/luca002/proj_ws/install/wamv_gazebo/share/wamv_gazebo/models/male/meshes/MaleVisitorStatic_Col.obj
[19.548s] -- Symlinking: /home/luca002/proj_ws/install/wamv_gazebo/share/wamv_gazebo/models/male/meshes/Phone.png
[19.553s] -- Symlinking: /home/luca002/proj_ws/install/wamv_gazebo/share/wamv_gazebo/models/male/model.config
[19.558s] -- Symlinking: /home/luca002/proj_ws/install/wamv_gazebo/share/wamv_gazebo/models/male/model.sdf
[19.563s] -- Symlinking: /home/luca002/proj_ws/install/wamv_gazebo/share/wamv_gazebo/models/male/thumbnails/1.png
[19.569s] -- Symlinking: /home/luca002/proj_ws/install/wamv_gazebo/share/wamv_gazebo/models/male/thumbnails/2.png
[19.574s] -- Symlinking: /home/luca002/proj_ws/install/wamv_gazebo/share/wamv_gazebo/models/male/thumbnails/3.png
[19.579s] -- Symlinking: /home/luca002/proj_ws/install/wamv_gazebo/share/wamv_gazebo/models/male/thumbnails/4.png
[19.584s] -- Symlinking: /home/luca002/proj_ws/install/wamv_gazebo/share/wamv_gazebo/models/male/thumbnails/5.png
[19.590s] -- Symlinking: /home/luca002/proj_ws/install/wamv_gazebo/share/wamv_gazebo/models/person/materials/textures/eyebrow001-unmodified.png
[19.596s] -- Symlinking: /home/luca002/proj_ws/install/wamv_gazebo/share/wamv_gazebo/models/person/materials/textures/eyebrow001.png
[19.604s] -- Symlinking: /home/luca002/proj_ws/install/wamv_gazebo/share/wamv_gazebo/models/person/materials/textures/green_eye.png
[19.612s] -- Symlinking: /home/luca002/proj_ws/install/wamv_gazebo/share/wamv_gazebo/models/person/materials/textures/jeans01_normals.png
[19.618s] -- Symlinking: /home/luca002/proj_ws/install/wamv_gazebo/share/wamv_gazebo/models/person/materials/textures/jeans_basic_diffuse.png
[19.628s] -- Symlinking: /home/luca002/proj_ws/install/wamv_gazebo/share/wamv_gazebo/models/person/materials/textures/male02_diffuse_black-unmodified.png
[19.635s] -- Symlinking: /home/luca002/proj_ws/install/wamv_gazebo/share/wamv_gazebo/models/person/materials/textures/male02_diffuse_black.png
[19.640s] -- Symlinking: /home/luca002/proj_ws/install/wamv_gazebo/share/wamv_gazebo/models/person/materials/textures/teeth.png
[19.646s] -- Symlinking: /home/luca002/proj_ws/install/wamv_gazebo/share/wamv_gazebo/models/person/materials/textures/tshirt02_normals.png
[19.651s] -- Symlinking: /home/luca002/proj_ws/install/wamv_gazebo/share/wamv_gazebo/models/person/materials/textures/tshirt02_texture.png
[19.656s] -- Symlinking: /home/luca002/proj_ws/install/wamv_gazebo/share/wamv_gazebo/models/person/materials/textures/young_lightskinned_male_diffuse.png
[19.662s] -- Symlinking: /home/luca002/proj_ws/install/wamv_gazebo/share/wamv_gazebo/models/person/meshes/standing.dae
[19.667s] -- Symlinking: /home/luca002/proj_ws/install/wamv_gazebo/share/wamv_gazebo/models/person/model.config
[19.672s] -- Symlinking: /home/luca002/proj_ws/install/wamv_gazebo/share/wamv_gazebo/models/person/model.sdf
[19.678s] -- Symlinking: /home/luca002/proj_ws/install/wamv_gazebo/share/wamv_gazebo/models/person/thumbnails/1.png
[19.683s] -- Symlinking: /home/luca002/proj_ws/install/wamv_gazebo/share/wamv_gazebo/models/person/thumbnails/2.png
[19.688s] -- Symlinking: /home/luca002/proj_ws/install/wamv_gazebo/share/wamv_gazebo/models/person/thumbnails/3.png
[19.693s] -- Symlinking: /home/luca002/proj_ws/install/wamv_gazebo/share/wamv_gazebo/models/person/thumbnails/4.png
[19.699s] -- Symlinking: /home/luca002/proj_ws/install/wamv_gazebo/share/wamv_gazebo/models/person/thumbnails/5.png
[19.706s] -- Symlinking: /home/luca002/proj_ws/install/wamv_gazebo/share/wamv_gazebo/models/round_buoy_black/materials/textures/RoundBarrierBuoy_Base_Color.png
[19.713s] -- Symlinking: /home/luca002/proj_ws/install/wamv_gazebo/share/wamv_gazebo/models/round_buoy_black/materials/textures/RoundBarrierBuoy_Roughness.png
[19.720s] -- Symlinking: /home/luca002/proj_ws/install/wamv_gazebo/share/wamv_gazebo/models/round_buoy_black/meshes/mb_round_buoy.dae
[19.730s] -- Symlinking: /home/luca002/proj_ws/install/wamv_gazebo/share/wamv_gazebo/models/round_buoy_black/model.config
[19.736s] -- Symlinking: /home/luca002/proj_ws/install/wamv_gazebo/share/wamv_gazebo/models/round_buoy_black/model.sdf
[19.742s] -- Symlinking: /home/luca002/proj_ws/install/wamv_gazebo/share/wamv_gazebo/models/round_buoy_black/thumbnails/1.png
[19.747s] -- Symlinking: /home/luca002/proj_ws/install/wamv_gazebo/share/wamv_gazebo/models/round_buoy_black/thumbnails/2.png
[19.752s] -- Symlinking: /home/luca002/proj_ws/install/wamv_gazebo/share/wamv_gazebo/models/round_buoy_black/thumbnails/3.png
[19.758s] -- Symlinking: /home/luca002/proj_ws/install/wamv_gazebo/share/wamv_gazebo/models/round_buoy_black/thumbnails/4.png
[19.763s] -- Symlinking: /home/luca002/proj_ws/install/wamv_gazebo/share/wamv_gazebo/models/round_buoy_black/thumbnails/5.png
[19.768s] -- Symlinking: /home/luca002/proj_ws/install/wamv_gazebo/share/wamv_gazebo/models/round_buoy_orange/materials/textures/RoundBarrierBuoy_Base_Color.png
[19.773s] -- Symlinking: /home/luca002/proj_ws/install/wamv_gazebo/share/wamv_gazebo/models/round_buoy_orange/materials/textures/RoundBarrierBuoy_Roughness.png
[19.778s] -- Symlinking: /home/luca002/proj_ws/install/wamv_gazebo/share/wamv_gazebo/models/round_buoy_orange/meshes/mb_round_buoy.dae
[19.784s] -- Symlinking: /home/luca002/proj_ws/install/wamv_gazebo/share/wamv_gazebo/models/round_buoy_orange/model.config
[19.789s] -- Symlinking: /home/luca002/proj_ws/install/wamv_gazebo/share/wamv_gazebo/models/round_buoy_orange/model.sdf
[19.794s] -- Symlinking: /home/luca002/proj_ws/install/wamv_gazebo/share/wamv_gazebo/models/round_buoy_orange/thumbnails/1.png
[19.799s] -- Symlinking: /home/luca002/proj_ws/install/wamv_gazebo/share/wamv_gazebo/models/round_buoy_orange/thumbnails/2.png
[19.805s] -- Symlinking: /home/luca002/proj_ws/install/wamv_gazebo/share/wamv_gazebo/models/round_buoy_orange/thumbnails/3.png
[19.811s] -- Symlinking: /home/luca002/proj_ws/install/wamv_gazebo/share/wamv_gazebo/models/round_buoy_orange/thumbnails/4.png
[19.816s] -- Symlinking: /home/luca002/proj_ws/install/wamv_gazebo/share/wamv_gazebo/models/round_buoy_orange/thumbnails/5.png
[19.825s] -- Symlinking: /home/luca002/proj_ws/install/wamv_gazebo/share/wamv_gazebo/models/vessel_a/materials/textures/Boat05_Albedo.jpg
[19.833s] -- Symlinking: /home/luca002/proj_ws/install/wamv_gazebo/share/wamv_gazebo/models/vessel_a/materials/textures/Boat05_Metalness.png
[19.839s] -- Symlinking: /home/luca002/proj_ws/install/wamv_gazebo/share/wamv_gazebo/models/vessel_a/materials/textures/Boat05_Normal.png
[19.844s] -- Symlinking: /home/luca002/proj_ws/install/wamv_gazebo/share/wamv_gazebo/models/vessel_a/materials/textures/Boat05_Roughness.jpg
[19.849s] -- Symlinking: /home/luca002/proj_ws/install/wamv_gazebo/share/wamv_gazebo/models/vessel_a/meshes/Boat05.dae
[19.855s] -- Symlinking: /home/luca002/proj_ws/install/wamv_gazebo/share/wamv_gazebo/models/vessel_a/model.config
[19.861s] -- Symlinking: /home/luca002/proj_ws/install/wamv_gazebo/share/wamv_gazebo/models/vessel_a/model.sdf
[19.867s] -- Symlinking: /home/luca002/proj_ws/install/wamv_gazebo/share/wamv_gazebo/models/vessel_a/thumbnails/1.png
[19.873s] -- Symlinking: /home/luca002/proj_ws/install/wamv_gazebo/share/wamv_gazebo/models/vessel_b/materials/textures/Boat06_Albedo.jpg
[19.878s] -- Symlinking: /home/luca002/proj_ws/install/wamv_gazebo/share/wamv_gazebo/models/vessel_b/materials/textures/Boat06_Metalness.png
[19.883s] -- Symlinking: /home/luca002/proj_ws/install/wamv_gazebo/share/wamv_gazebo/models/vessel_b/materials/textures/Boat06_Normal.jpg
[19.889s] -- Symlinking: /home/luca002/proj_ws/install/wamv_gazebo/share/wamv_gazebo/models/vessel_b/materials/textures/Boat06_Roughness.jpg
[19.894s] -- Symlinking: /home/luca002/proj_ws/install/wamv_gazebo/share/wamv_gazebo/models/vessel_b/meshes/Boat06.dae
[19.899s] -- Symlinking: /home/luca002/proj_ws/install/wamv_gazebo/share/wamv_gazebo/models/vessel_b/model.config
[19.905s] -- Symlinking: /home/luca002/proj_ws/install/wamv_gazebo/share/wamv_gazebo/models/vessel_b/model.sdf
[19.910s] -- Symlinking: /home/luca002/proj_ws/install/wamv_gazebo/share/wamv_gazebo/models/vessel_b/thumbnails/1.png
[19.915s] -- Symlinking: /home/luca002/proj_ws/install/wamv_gazebo/share/wamv_gazebo/models/vessel_c/materials/textures/Boat07_Albedo.jpg
[19.922s] -- Symlinking: /home/luca002/proj_ws/install/wamv_gazebo/share/wamv_gazebo/models/vessel_c/materials/textures/Boat07_Normal.jpg
[19.932s] -- Symlinking: /home/luca002/proj_ws/install/wamv_gazebo/share/wamv_gazebo/models/vessel_c/materials/textures/Boat07_Roughness.jpg
[19.938s] -- Symlinking: /home/luca002/proj_ws/install/wamv_gazebo/share/wamv_gazebo/models/vessel_c/meshes/Boat07.dae
[19.944s] -- Symlinking: /home/luca002/proj_ws/install/wamv_gazebo/share/wamv_gazebo/models/vessel_c/model.config
[19.949s] -- Symlinking: /home/luca002/proj_ws/install/wamv_gazebo/share/wamv_gazebo/models/vessel_c/model.sdf
[19.955s] -- Symlinking: /home/luca002/proj_ws/install/wamv_gazebo/share/wamv_gazebo/models/vessel_c/thumbnails/1.png
[19.960s] -- Symlinking: /home/luca002/proj_ws/install/wamv_gazebo/share/wamv_gazebo/models/wamv/meshes/WAM-V-Base.dae
[19.965s] -- Symlinking: /home/luca002/proj_ws/install/wamv_gazebo/share/wamv_gazebo/models/wamv/meshes/WamV.png
[19.971s] -- Symlinking: /home/luca002/proj_ws/install/wamv_gazebo/share/wamv_gazebo/models/wamv/meshes/battery.dae
[19.978s] -- Symlinking: /home/luca002/proj_ws/install/wamv_gazebo/share/wamv_gazebo/models/wamv/meshes/battery.png
[19.985s] -- Symlinking: /home/luca002/proj_ws/install/wamv_gazebo/share/wamv_gazebo/models/wamv/meshes/battery_Albedo.png
[19.990s] -- Symlinking: /home/luca002/proj_ws/install/wamv_gazebo/share/wamv_gazebo/models/wamv/meshes/battery_Metalness.png
[19.995s] -- Symlinking: /home/luca002/proj_ws/install/wamv_gazebo/share/wamv_gazebo/models/wamv/meshes/battery_Normal.png
[20.000s] -- Symlinking: /home/luca002/proj_ws/install/wamv_gazebo/share/wamv_gazebo/models/wamv/meshes/battery_Roughness.png
[20.005s] -- Symlinking: /home/luca002/proj_ws/install/wamv_gazebo/share/wamv_gazebo/models/wamv/meshes/cpu_cases.dae
[20.011s] -- Symlinking: /home/luca002/proj_ws/install/wamv_gazebo/share/wamv_gazebo/models/wamv/meshes/cpu_cases.png
[20.021s] -- Symlinking: /home/luca002/proj_ws/install/wamv_gazebo/share/wamv_gazebo/models/wamv/meshes/cpu_cases_Albedo.png
[20.030s] -- Symlinking: /home/luca002/proj_ws/install/wamv_gazebo/share/wamv_gazebo/models/wamv/meshes/cpu_cases_Metalness.png
[20.036s] -- Symlinking: /home/luca002/proj_ws/install/wamv_gazebo/share/wamv_gazebo/models/wamv/meshes/cpu_cases_Normal.png
[20.042s] -- Symlinking: /home/luca002/proj_ws/install/wamv_gazebo/share/wamv_gazebo/models/wamv/meshes/cpu_cases_Roughness.png
[20.047s] -- Symlinking: /home/luca002/proj_ws/install/wamv_gazebo/share/wamv_gazebo/models/wamv/meshes/engine.dae
[20.053s] -- Symlinking: /home/luca002/proj_ws/install/wamv_gazebo/share/wamv_gazebo/models/wamv/meshes/legs.dae
[20.058s] -- Symlinking: /home/luca002/proj_ws/install/wamv_gazebo/share/wamv_gazebo/models/wamv/meshes/lidar_3d_v1 copy.png
[20.063s] -- Symlinking: /home/luca002/proj_ws/install/wamv_gazebo/share/wamv_gazebo/models/wamv/meshes/lidar_3d_v1.dae
[20.069s] -- Symlinking: /home/luca002/proj_ws/install/wamv_gazebo/share/wamv_gazebo/models/wamv/meshes/lidar_3d_v1.png
[20.074s] -- Symlinking: /home/luca002/proj_ws/install/wamv_gazebo/share/wamv_gazebo/models/wamv/meshes/propeller.dae
[20.079s] -- Symlinking: /home/luca002/proj_ws/install/wamv_gazebo/share/wamv_gazebo/models/wamv/meshes/ring.dae
[20.084s] -- Symlinking: /home/luca002/proj_ws/install/wamv_gazebo/share/wamv_gazebo/models/wamv/model.config
[20.089s] -- Symlinking: /home/luca002/proj_ws/install/wamv_gazebo/share/wamv_gazebo/models/wamv/model.sdf
[20.095s] -- Symlinking: /home/luca002/proj_ws/install/wamv_gazebo/share/wamv_gazebo/worlds/sydney.sdf
[20.100s] -- Symlinking: /home/luca002/proj_ws/install/wamv_gazebo/share/wamv_gazebo/rviz/config.rviz
[20.105s] -- Symlinking: /home/luca002/proj_ws/install/wamv_gazebo/share/wamv_gazebo/rviz/config2.rviz
[20.112s] -- Symlinking: /home/luca002/proj_ws/install/wamv_gazebo/share/wamv_gazebo/rviz/config3.rviz
[20.121s] -- Symlinking: /home/luca002/proj_ws/install/wamv_gazebo/share/wamv_gazebo/rviz/config4.rviz
[20.131s] -- Symlinking: /home/luca002/proj_ws/install/wamv_gazebo/share/wamv_gazebo/urdf/model.urdf.xacro
[20.143s] -- Symlinking: /home/luca002/proj_ws/install/wamv_gazebo/share/ament_index/resource_index/package_run_dependencies/wamv_gazebo
[20.150s] -- Symlinking: /home/luca002/proj_ws/install/wamv_gazebo/share/ament_index/resource_index/parent_prefix_path/wamv_gazebo
[20.156s] -- Symlinking: /home/luca002/proj_ws/install/wamv_gazebo/share/wamv_gazebo/environment/ament_prefix_path.sh
[20.162s] -- Symlinking: /home/luca002/proj_ws/install/wamv_gazebo/share/wamv_gazebo/environment/ament_prefix_path.dsv
[20.167s] -- Symlinking: /home/luca002/proj_ws/install/wamv_gazebo/share/wamv_gazebo/environment/path.sh
[20.172s] -- Symlinking: /home/luca002/proj_ws/install/wamv_gazebo/share/wamv_gazebo/environment/path.dsv
[20.177s] -- Symlinking: /home/luca002/proj_ws/install/wamv_gazebo/share/wamv_gazebo/local_setup.bash
[20.183s] -- Symlinking: /home/luca002/proj_ws/install/wamv_gazebo/share/wamv_gazebo/local_setup.sh
[20.188s] -- Symlinking: /home/luca002/proj_ws/install/wamv_gazebo/share/wamv_gazebo/local_setup.zsh
[20.193s] -- Symlinking: /home/luca002/proj_ws/install/wamv_gazebo/share/wamv_gazebo/local_setup.dsv
[20.198s] -- Symlinking: /home/luca002/proj_ws/install/wamv_gazebo/share/wamv_gazebo/package.dsv
[20.203s] -- Symlinking: /home/luca002/proj_ws/install/wamv_gazebo/share/ament_index/resource_index/packages/wamv_gazebo
[20.208s] -- Symlinking: /home/luca002/proj_ws/install/wamv_gazebo/share/wamv_gazebo/cmake/wamv_gazeboConfig.cmake
[20.213s] -- Symlinking: /home/luca002/proj_ws/install/wamv_gazebo/share/wamv_gazebo/cmake/wamv_gazeboConfig-version.cmake
[20.220s] -- Symlinking: /home/luca002/proj_ws/install/wamv_gazebo/share/wamv_gazebo/package.xml
[20.231s] Invoked command in '/home/luca002/proj_ws/build/wamv_gazebo' returned '0': CMAKE_PREFIX_PATH=${CMAKE_PREFIX_PATH}:/home/luca002/ros_ws/install/robot_description_example:/opt/ros/jazzy DEBUGINFOD_URLS=https://debuginfod.ubuntu.com /usr/bin/cmake --install /home/luca002/proj_ws/build/wamv_gazebo
