[0.019s] Invoking command in '/home/luca002/proj_ws/build/vrx_ros': CMAKE_PREFIX_PATH=${CMAKE_PREFIX_PATH}:/opt/ros/jazzy DEBUGINFOD_URLS=https://debuginfod.ubuntu.com /usr/bin/cmake --build /home/luca002/proj_ws/build/vrx_ros -- -j16 -l16
[0.062s] [ 50%] Built target pose_tf_broadcaster
[0.063s] [100%] Built target optical_frame_publisher
[0.094s] Invoked command in '/home/luca002/proj_ws/build/vrx_ros' returned '0': CMAKE_PREFIX_PATH=${CMAKE_PREFIX_PATH}:/opt/ros/jazzy DEBUGINFOD_URLS=https://debuginfod.ubuntu.com /usr/bin/cmake --build /home/luca002/proj_ws/build/vrx_ros -- -j16 -l16
[0.095s] Invoking command in '/home/luca002/proj_ws/build/vrx_ros': CMAKE_PREFIX_PATH=${CMAKE_PREFIX_PATH}:/opt/ros/jazzy DEBUGINFOD_URLS=https://debuginfod.ubuntu.com /usr/bin/cmake --install /home/luca002/proj_ws/build/vrx_ros
[0.102s] -- Install configuration: ""
[0.103s] -- Up-to-date: /home/luca002/proj_ws/install/lib/vrx_ros/optical_frame_publisher
[0.103s] -- Up-to-date: /home/luca002/proj_ws/install/lib/vrx_ros/pose_tf_broadcaster
[0.103s] -- Up-to-date: /home/luca002/proj_ws/install/share/vrx_ros/launch
[0.103s] -- Up-to-date: /home/luca002/proj_ws/install/share/vrx_ros/launch/monitor_sim.py
[0.103s] -- Up-to-date: /home/luca002/proj_ws/install/share/ament_index/resource_index/package_run_dependencies/vrx_ros
[0.103s] -- Up-to-date: /home/luca002/proj_ws/install/share/ament_index/resource_index/parent_prefix_path/vrx_ros
[0.103s] -- Up-to-date: /home/luca002/proj_ws/install/share/vrx_ros/environment/ament_prefix_path.sh
[0.103s] -- Up-to-date: /home/luca002/proj_ws/install/share/vrx_ros/environment/ament_prefix_path.dsv
[0.103s] -- Up-to-date: /home/luca002/proj_ws/install/share/vrx_ros/environment/path.sh
[0.104s] -- Up-to-date: /home/luca002/proj_ws/install/share/vrx_ros/environment/path.dsv
[0.104s] -- Up-to-date: /home/luca002/proj_ws/install/share/vrx_ros/local_setup.bash
[0.104s] -- Up-to-date: /home/luca002/proj_ws/install/share/vrx_ros/local_setup.sh
[0.104s] -- Up-to-date: /home/luca002/proj_ws/install/share/vrx_ros/local_setup.zsh
[0.104s] -- Up-to-date: /home/luca002/proj_ws/install/share/vrx_ros/local_setup.dsv
[0.104s] -- Installing: /home/luca002/proj_ws/install/share/vrx_ros/package.dsv
[0.104s] -- Up-to-date: /home/luca002/proj_ws/install/share/ament_index/resource_index/packages/vrx_ros
[0.104s] -- Up-to-date: /home/luca002/proj_ws/install/share/vrx_ros/cmake/vrx_rosConfig.cmake
[0.104s] -- Up-to-date: /home/luca002/proj_ws/install/share/vrx_ros/cmake/vrx_rosConfig-version.cmake
[0.104s] -- Up-to-date: /home/luca002/proj_ws/install/share/vrx_ros/package.xml
[0.117s] Invoked command in '/home/luca002/proj_ws/build/vrx_ros' returned '0': CMAKE_PREFIX_PATH=${CMAKE_PREFIX_PATH}:/opt/ros/jazzy DEBUGINFOD_URLS=https://debuginfod.ubuntu.com /usr/bin/cmake --install /home/luca002/proj_ws/build/vrx_ros
