[0.159s] Invoking command in '/home/luca002/proj_ws/build/wamv_gazebo': CMAKE_PREFIX_PATH=${CMAKE_PREFIX_PATH}:/home/luca002/proj_ws/install/python_node:/opt/ros/jazzy DEBUGINFOD_URLS=https://debuginfod.ubuntu.com /usr/bin/cmake --build /home/luca002/proj_ws/build/wamv_gazebo -- -j16 -l16
[0.208s] [  4%] Built target ScoringPlugin
[0.208s] [  8%] Built target Waves
[0.208s] [  8%] Built target ament_cmake_python_symlink_wamv_gazebo
[0.243s] [ 20%] Built target PublisherPlugin
[0.243s] [ 20%] Built target SimpleHydrodynamics
[0.245s] [ 20%] Built target LightBuoyPlugin
[0.245s] [ 25%] Built target GymkhanaScoringPlugin
[0.245s] [ 29%] Built target NavigationScoringPlugin
[0.245s] [ 33%] Built target AcousticPingerPlugin
[0.246s] [ 39%] Built target AcousticTrackingScoringPlugin
[0.246s] [ 43%] Built target PerceptionScoringPlugin
[0.248s] [ 50%] Built target Surface
[0.250s] [ 54%] Built target AcousticPerceptionScoringPlugin
[0.250s] [ 58%] Built target PlacardPlugin
[0.250s] [ 62%] Built target ScanDockScoringPlugin
[0.250s] [ 68%] Built target WayfindingScoringPlugin
[0.250s] [ 75%] Built target StationkeepingScoringPlugin
[0.253s] [ 79%] Built target BallShooterPlugin
[0.254s] [ 83%] Built target USVWind
[0.264s] [ 87%] Built target WildlifeScoringPlugin
[0.265s] [ 91%] Built target WaveVisual
[0.267s] [100%] Built target PolyhedraBuoyancyDrag
[0.403s] running egg_info
[0.419s] writing wamv_gazebo.egg-info/PKG-INFO
[0.419s] writing dependency_links to wamv_gazebo.egg-info/dependency_links.txt
[0.419s] writing top-level names to wamv_gazebo.egg-info/top_level.txt
[0.461s] reading manifest file 'wamv_gazebo.egg-info/SOURCES.txt'
[0.462s] writing manifest file 'wamv_gazebo.egg-info/SOURCES.txt'
[0.483s] [100%] Built target ament_cmake_python_build_wamv_gazebo_egg
[0.492s] Invoked command in '/home/luca002/proj_ws/build/wamv_gazebo' returned '0': CMAKE_PREFIX_PATH=${CMAKE_PREFIX_PATH}:/home/luca002/proj_ws/install/python_node:/opt/ros/jazzy DEBUGINFOD_URLS=https://debuginfod.ubuntu.com /usr/bin/cmake --build /home/luca002/proj_ws/build/wamv_gazebo -- -j16 -l16
[0.493s] Invoking command in '/home/luca002/proj_ws/build/wamv_gazebo': CMAKE_PREFIX_PATH=${CMAKE_PREFIX_PATH}:/home/luca002/proj_ws/install/python_node:/opt/ros/jazzy DEBUGINFOD_URLS=https://debuginfod.ubuntu.com /usr/bin/cmake --install /home/luca002/proj_ws/build/wamv_gazebo
[0.500s] -- Install configuration: ""
[0.501s] -- Execute custom install script
[0.501s] -- Up-to-date symlink: /home/luca002/proj_ws/install/wamv_gazebo/share/wamv_gazebo/environment/resource_paths.dsv
[0.501s] -- Up-to-date symlink: /home/luca002/proj_ws/install/wamv_gazebo/share/wamv_gazebo/environment/resource_paths.sh
[0.501s] -- Up-to-date symlink: /home/luca002/proj_ws/install/wamv_gazebo/lib/libWaves.so
[0.501s] -- Up-to-date symlink: /home/luca002/proj_ws/install/wamv_gazebo/lib/libPolyhedraBuoyancyDrag.so
[0.501s] -- Up-to-date symlink: /home/luca002/proj_ws/install/wamv_gazebo/lib/libScoringPlugin.so
[0.501s] -- Up-to-date symlink: /home/luca002/proj_ws/install/wamv_gazebo/lib/libStationkeepingScoringPlugin.so
[0.502s] -- Up-to-date symlink: /home/luca002/proj_ws/install/wamv_gazebo/lib/libWayfindingScoringPlugin.so
[0.502s] -- Up-to-date symlink: /home/luca002/proj_ws/install/wamv_gazebo/lib/libAcousticPerceptionScoringPlugin.so
[0.502s] -- Up-to-date symlink: /home/luca002/proj_ws/install/wamv_gazebo/lib/libAcousticTrackingScoringPlugin.so
[0.502s] -- Up-to-date symlink: /home/luca002/proj_ws/install/wamv_gazebo/lib/libAcousticPingerPlugin.so
[0.502s] -- Up-to-date symlink: /home/luca002/proj_ws/install/wamv_gazebo/lib/libBallShooterPlugin.so
[0.502s] -- Up-to-date symlink: /home/luca002/proj_ws/install/wamv_gazebo/lib/libLightBuoyPlugin.so
[0.502s] -- Up-to-date symlink: /home/luca002/proj_ws/install/wamv_gazebo/lib/libNavigationScoringPlugin.so
[0.502s] -- Up-to-date symlink: /home/luca002/proj_ws/install/wamv_gazebo/lib/libGymkhanaScoringPlugin.so
[0.502s] -- Up-to-date symlink: /home/luca002/proj_ws/install/wamv_gazebo/lib/libPerceptionScoringPlugin.so
[0.503s] -- Up-to-date symlink: /home/luca002/proj_ws/install/wamv_gazebo/lib/libPlacardPlugin.so
[0.503s] -- Up-to-date symlink: /home/luca002/proj_ws/install/wamv_gazebo/lib/libPublisherPlugin.so
[0.503s] -- Up-to-date symlink: /home/luca002/proj_ws/install/wamv_gazebo/lib/libScanDockScoringPlugin.so
[0.503s] -- Up-to-date symlink: /home/luca002/proj_ws/install/wamv_gazebo/lib/libSimpleHydrodynamics.so
[0.503s] -- Up-to-date symlink: /home/luca002/proj_ws/install/wamv_gazebo/lib/libSurface.so
[0.503s] -- Up-to-date symlink: /home/luca002/proj_ws/install/wamv_gazebo/lib/libUSVWind.so
[0.503s] -- Up-to-date symlink: /home/luca002/proj_ws/install/wamv_gazebo/lib/libWaveVisual.so
[0.503s] -- Up-to-date symlink: /home/luca002/proj_ws/install/wamv_gazebo/lib/libWildlifeScoringPlugin.so
[0.503s] -- Up-to-date symlink: /home/luca002/proj_ws/install/wamv_gazebo/share/wamv_gazebo/environment/pythonpath.sh
[0.503s] -- Up-to-date symlink: /home/luca002/proj_ws/install/wamv_gazebo/share/wamv_gazebo/environment/pythonpath.dsv
[0.504s] -- Up-to-date symlink: /home/luca002/proj_ws/install/wamv_gazebo/lib/python3.12/site-packages/wamv_gazebo-0.0.0-py3.12.egg-info/PKG-INFO
[0.504s] -- Up-to-date symlink: /home/luca002/proj_ws/install/wamv_gazebo/lib/python3.12/site-packages/wamv_gazebo-0.0.0-py3.12.egg-info/SOURCES.txt
[0.504s] -- Up-to-date symlink: /home/luca002/proj_ws/install/wamv_gazebo/lib/python3.12/site-packages/wamv_gazebo-0.0.0-py3.12.egg-info/dependency_links.txt
[0.504s] -- Up-to-date symlink: /home/luca002/proj_ws/install/wamv_gazebo/lib/python3.12/site-packages/wamv_gazebo-0.0.0-py3.12.egg-info/top_level.txt
[0.504s] -- Up-to-date symlink: /home/luca002/proj_ws/install/wamv_gazebo/lib/python3.12/site-packages/wamv_gazebo/__init__.py
[0.504s] -- Up-to-date symlink: /home/luca002/proj_ws/install/wamv_gazebo/lib/python3.12/site-packages/wamv_gazebo/bridge.py
[0.504s] -- Up-to-date symlink: /home/luca002/proj_ws/install/wamv_gazebo/lib/python3.12/site-packages/wamv_gazebo/bridges.py
[0.504s] -- Up-to-date symlink: /home/luca002/proj_ws/install/wamv_gazebo/lib/python3.12/site-packages/wamv_gazebo/launch.py
[0.504s] -- Up-to-date symlink: /home/luca002/proj_ws/install/wamv_gazebo/lib/python3.12/site-packages/wamv_gazebo/model.py
[0.504s] -- Up-to-date symlink: /home/luca002/proj_ws/install/wamv_gazebo/lib/python3.12/site-packages/wamv_gazebo/monitor_sim.py
[0.504s] -- Up-to-date symlink: /home/luca002/proj_ws/install/wamv_gazebo/lib/python3.12/site-packages/wamv_gazebo/payload_bridges.py
[0.505s] -- Up-to-date symlink: /home/luca002/proj_ws/install/wamv_gazebo/share/wamv_gazebo/config/wamv.yaml
[0.505s] -- Up-to-date symlink: /home/luca002/proj_ws/install/wamv_gazebo/share/wamv_gazebo/launch/__init__.py
[0.505s] -- Up-to-date symlink: /home/luca002/proj_ws/install/wamv_gazebo/share/wamv_gazebo/launch/__pycache__/bridge.cpython-312.pyc
[0.505s] -- Up-to-date symlink: /home/luca002/proj_ws/install/wamv_gazebo/share/wamv_gazebo/launch/bridge.py
[0.505s] -- Up-to-date symlink: /home/luca002/proj_ws/install/wamv_gazebo/share/wamv_gazebo/launch/competition.launch.py
[0.505s] -- Up-to-date symlink: /home/luca002/proj_ws/install/wamv_gazebo/share/wamv_gazebo/launch/compliance.py
[0.505s] -- Up-to-date symlink: /home/luca002/proj_ws/install/wamv_gazebo/share/wamv_gazebo/launch/configure_wamv.py
[0.505s] -- Up-to-date symlink: /home/luca002/proj_ws/install/wamv_gazebo/share/wamv_gazebo/launch/mylaunch.py
[0.505s] -- Up-to-date symlink: /home/luca002/proj_ws/install/wamv_gazebo/share/wamv_gazebo/launch/spawn.launch.py
[0.505s] -- Up-to-date symlink: /home/luca002/proj_ws/install/wamv_gazebo/share/wamv_gazebo/launch/spawn_config.launch.py
[0.505s] -- Up-to-date symlink: /home/luca002/proj_ws/install/wamv_gazebo/share/wamv_gazebo/launch/usv_joy_teleop.py
[0.505s] -- Up-to-date symlink: /home/luca002/proj_ws/install/wamv_gazebo/share/wamv_gazebo/launch/utils.py
[0.505s] -- Up-to-date symlink: /home/luca002/proj_ws/install/wamv_gazebo/share/wamv_gazebo/launch/vrx_environment.launch.py
[0.507s] -- Up-to-date symlink: /home/luca002/proj_ws/install/wamv_gazebo/share/wamv_gazebo/models/3d_lidar/mesh/3d_Lidar_Albedo.png
[0.507s] -- Up-to-date symlink: /home/luca002/proj_ws/install/wamv_gazebo/share/wamv_gazebo/models/3d_lidar/mesh/3d_Lidar_Metalness.png
[0.507s] -- Up-to-date symlink: /home/luca002/proj_ws/install/wamv_gazebo/share/wamv_gazebo/models/3d_lidar/mesh/3d_Lidar_Normal.png
[0.507s] -- Up-to-date symlink: /home/luca002/proj_ws/install/wamv_gazebo/share/wamv_gazebo/models/3d_lidar/mesh/3d_Lidar_Roughness.png
[0.507s] -- Up-to-date symlink: /home/luca002/proj_ws/install/wamv_gazebo/share/wamv_gazebo/models/3d_lidar/mesh/3d_lidar.dae
[0.507s] -- Up-to-date symlink: /home/luca002/proj_ws/install/wamv_gazebo/share/wamv_gazebo/models/3d_lidar/mesh/3d_lidar.png
[0.508s] -- Up-to-date symlink: /home/luca002/proj_ws/install/wamv_gazebo/share/wamv_gazebo/models/3d_lidar/model.config
[0.508s] -- Up-to-date symlink: /home/luca002/proj_ws/install/wamv_gazebo/share/wamv_gazebo/models/3d_lidar/model.sdf
[0.508s] -- Up-to-date symlink: /home/luca002/proj_ws/install/wamv_gazebo/share/wamv_gazebo/models/WAM-V-Base/mesh/WAM-V-Base.dae
[0.508s] -- Up-to-date symlink: /home/luca002/proj_ws/install/wamv_gazebo/share/wamv_gazebo/models/WAM-V-Base/mesh/WAM-V_Albedo.png
[0.508s] -- Up-to-date symlink: /home/luca002/proj_ws/install/wamv_gazebo/share/wamv_gazebo/models/WAM-V-Base/mesh/WAM-V_Metalness.png
[0.508s] -- Up-to-date symlink: /home/luca002/proj_ws/install/wamv_gazebo/share/wamv_gazebo/models/WAM-V-Base/mesh/WAM-V_Normal.png
[0.508s] -- Up-to-date symlink: /home/luca002/proj_ws/install/wamv_gazebo/share/wamv_gazebo/models/WAM-V-Base/mesh/WAM-V_Roughness.png
[0.508s] -- Up-to-date symlink: /home/luca002/proj_ws/install/wamv_gazebo/share/wamv_gazebo/models/WAM-V-Base/mesh/WamV.png
[0.508s] -- Up-to-date symlink: /home/luca002/proj_ws/install/wamv_gazebo/share/wamv_gazebo/models/WAM-V-Base/model.config
[0.508s] -- Up-to-date symlink: /home/luca002/proj_ws/install/wamv_gazebo/share/wamv_gazebo/models/articulated_platform/model.config
[0.508s] -- Up-to-date symlink: /home/luca002/proj_ws/install/wamv_gazebo/share/wamv_gazebo/models/articulated_platform/model.sdf
[0.508s] -- Up-to-date symlink: /home/luca002/proj_ws/install/wamv_gazebo/share/wamv_gazebo/models/ball_shooter/materials/Textures/Launcher_Albedo.png
[0.508s] -- Up-to-date symlink: /home/luca002/proj_ws/install/wamv_gazebo/share/wamv_gazebo/models/ball_shooter/materials/Textures/Launcher_Metalness.png
[0.508s] -- Up-to-date symlink: /home/luca002/proj_ws/install/wamv_gazebo/share/wamv_gazebo/models/ball_shooter/materials/Textures/Launcher_Normal.png
[0.508s] -- Up-to-date symlink: /home/luca002/proj_ws/install/wamv_gazebo/share/wamv_gazebo/models/ball_shooter/materials/Textures/Launcher_Roughness.png
[0.509s] -- Up-to-date symlink: /home/luca002/proj_ws/install/wamv_gazebo/share/wamv_gazebo/models/ball_shooter/meshes/Launcher_Albedo.png
[0.509s] -- Up-to-date symlink: /home/luca002/proj_ws/install/wamv_gazebo/share/wamv_gazebo/models/ball_shooter/meshes/Launcher_BaseColor.png
[0.509s] -- Up-to-date symlink: /home/luca002/proj_ws/install/wamv_gazebo/share/wamv_gazebo/models/ball_shooter/meshes/ball_shooter_base.dae
[0.509s] -- Up-to-date symlink: /home/luca002/proj_ws/install/wamv_gazebo/share/wamv_gazebo/models/ball_shooter/meshes/ball_shooter_launcher.dae
[0.509s] -- Up-to-date symlink: /home/luca002/proj_ws/install/wamv_gazebo/share/wamv_gazebo/models/ball_shooter/model.config
[0.509s] -- Up-to-date symlink: /home/luca002/proj_ws/install/wamv_gazebo/share/wamv_gazebo/models/ball_shooter/model.sdf
[0.509s] -- Up-to-date symlink: /home/luca002/proj_ws/install/wamv_gazebo/share/wamv_gazebo/models/battery/mesh/battery.dae
[0.509s] -- Up-to-date symlink: /home/luca002/proj_ws/install/wamv_gazebo/share/wamv_gazebo/models/battery/mesh/battery.png
[0.509s] -- Up-to-date symlink: /home/luca002/proj_ws/install/wamv_gazebo/share/wamv_gazebo/models/battery/mesh/battery_Albedo.png
[0.509s] -- Up-to-date symlink: /home/luca002/proj_ws/install/wamv_gazebo/share/wamv_gazebo/models/battery/mesh/battery_Metalness.png
[0.509s] -- Up-to-date symlink: /home/luca002/proj_ws/install/wamv_gazebo/share/wamv_gazebo/models/battery/mesh/battery_Normal.png
[0.509s] -- Up-to-date symlink: /home/luca002/proj_ws/install/wamv_gazebo/share/wamv_gazebo/models/battery/mesh/battery_Roughness.png
[0.509s] -- Up-to-date symlink: /home/luca002/proj_ws/install/wamv_gazebo/share/wamv_gazebo/models/battery/model.config
[0.509s] -- Up-to-date symlink: /home/luca002/proj_ws/install/wamv_gazebo/share/wamv_gazebo/models/battery/model.sdf
[0.509s] -- Up-to-date symlink: /home/luca002/proj_ws/install/wamv_gazebo/share/wamv_gazebo/models/blue_projectile/model.config
[0.510s] -- Up-to-date symlink: /home/luca002/proj_ws/install/wamv_gazebo/share/wamv_gazebo/models/blue_projectile/model.sdf
[0.510s] -- Up-to-date symlink: /home/luca002/proj_ws/install/wamv_gazebo/share/wamv_gazebo/models/boat/materials/textures/Boat_Albedo.png
[0.510s] -- Up-to-date symlink: /home/luca002/proj_ws/install/wamv_gazebo/share/wamv_gazebo/models/boat/materials/textures/Boat_Metalness.png
[0.510s] -- Up-to-date symlink: /home/luca002/proj_ws/install/wamv_gazebo/share/wamv_gazebo/models/boat/materials/textures/Boat_Normal.png
[0.510s] -- Up-to-date symlink: /home/luca002/proj_ws/install/wamv_gazebo/share/wamv_gazebo/models/boat/materials/textures/Boat_Roughness.png
[0.510s] -- Up-to-date symlink: /home/luca002/proj_ws/install/wamv_gazebo/share/wamv_gazebo/models/boat/materials/textures/lidar_3d_v1.png
[0.510s] -- Up-to-date symlink: /home/luca002/proj_ws/install/wamv_gazebo/share/wamv_gazebo/models/boat/meshes/rcboat.dae
[0.510s] -- Up-to-date symlink: /home/luca002/proj_ws/install/wamv_gazebo/share/wamv_gazebo/models/boat/model.config
[0.510s] -- Up-to-date symlink: /home/luca002/proj_ws/install/wamv_gazebo/share/wamv_gazebo/models/boat/model.sdf
[0.510s] -- Up-to-date symlink: /home/luca002/proj_ws/install/wamv_gazebo/share/wamv_gazebo/models/boat/oldmodel/mmodel.sdf
[0.510s] -- Up-to-date symlink: /home/luca002/proj_ws/install/wamv_gazebo/share/wamv_gazebo/models/boat/thumbnails/boat/1.png
[0.510s] -- Up-to-date symlink: /home/luca002/proj_ws/install/wamv_gazebo/share/wamv_gazebo/models/boat/thumbnails/boat/2.png
[0.510s] -- Up-to-date symlink: /home/luca002/proj_ws/install/wamv_gazebo/share/wamv_gazebo/models/boat/thumbnails/boat/3.png
[0.510s] -- Up-to-date symlink: /home/luca002/proj_ws/install/wamv_gazebo/share/wamv_gazebo/models/boat/thumbnails/boat/4.png
[0.510s] -- Up-to-date symlink: /home/luca002/proj_ws/install/wamv_gazebo/share/wamv_gazebo/models/boat/thumbnails/boat/5.png
[0.510s] -- Up-to-date symlink: /home/luca002/proj_ws/install/wamv_gazebo/share/wamv_gazebo/models/coast_waves/materials/programs/GerstnerWaves_fs_330.glsl
[0.511s] -- Up-to-date symlink: /home/luca002/proj_ws/install/wamv_gazebo/share/wamv_gazebo/models/coast_waves/materials/programs/GerstnerWaves_vs_330.glsl
[0.511s] -- Up-to-date symlink: /home/luca002/proj_ws/install/wamv_gazebo/share/wamv_gazebo/models/coast_waves/materials/textures/skybox_lowres.dds
[0.511s] -- Up-to-date symlink: /home/luca002/proj_ws/install/wamv_gazebo/share/wamv_gazebo/models/coast_waves/materials/textures/wave_normals.dds
[0.511s] -- Up-to-date symlink: /home/luca002/proj_ws/install/wamv_gazebo/share/wamv_gazebo/models/coast_waves/meshes/waterlow.dae
[0.511s] -- Up-to-date symlink: /home/luca002/proj_ws/install/wamv_gazebo/share/wamv_gazebo/models/coast_waves/model.config
[0.511s] -- Up-to-date symlink: /home/luca002/proj_ws/install/wamv_gazebo/share/wamv_gazebo/models/coast_waves/model.sdf
[0.511s] -- Up-to-date symlink: /home/luca002/proj_ws/install/wamv_gazebo/share/wamv_gazebo/models/cpu_cases/mesh/cpu_cases.dae
[0.511s] -- Up-to-date symlink: /home/luca002/proj_ws/install/wamv_gazebo/share/wamv_gazebo/models/cpu_cases/mesh/cpu_cases.png
[0.511s] -- Up-to-date symlink: /home/luca002/proj_ws/install/wamv_gazebo/share/wamv_gazebo/models/cpu_cases/mesh/cpu_cases_Albedo.png
[0.511s] -- Up-to-date symlink: /home/luca002/proj_ws/install/wamv_gazebo/share/wamv_gazebo/models/cpu_cases/mesh/cpu_cases_Metalness.png
[0.511s] -- Up-to-date symlink: /home/luca002/proj_ws/install/wamv_gazebo/share/wamv_gazebo/models/cpu_cases/mesh/cpu_cases_Normal.png
[0.511s] -- Up-to-date symlink: /home/luca002/proj_ws/install/wamv_gazebo/share/wamv_gazebo/models/cpu_cases/mesh/cpu_cases_Roughness.png
[0.511s] -- Up-to-date symlink: /home/luca002/proj_ws/install/wamv_gazebo/share/wamv_gazebo/models/cpu_cases/model.config
[0.511s] -- Up-to-date symlink: /home/luca002/proj_ws/install/wamv_gazebo/share/wamv_gazebo/models/cpu_cases/model.sdf
[0.512s] -- Up-to-date symlink: /home/luca002/proj_ws/install/wamv_gazebo/share/wamv_gazebo/models/dock_2022/model.config
[0.512s] -- Up-to-date symlink: /home/luca002/proj_ws/install/wamv_gazebo/share/wamv_gazebo/models/dock_2022/model.sdf
[0.512s] -- Up-to-date symlink: /home/luca002/proj_ws/install/wamv_gazebo/share/wamv_gazebo/models/dock_2022_base/model.config
[0.512s] -- Up-to-date symlink: /home/luca002/proj_ws/install/wamv_gazebo/share/wamv_gazebo/models/dock_2022_base/model.sdf
[0.512s] -- Up-to-date symlink: /home/luca002/proj_ws/install/wamv_gazebo/share/wamv_gazebo/models/dock_block_4x4/mesh/DockCubes_Albedo.png
[0.512s] -- Up-to-date symlink: /home/luca002/proj_ws/install/wamv_gazebo/share/wamv_gazebo/models/dock_block_4x4/mesh/DockCubes_Metalness.png
[0.512s] -- Up-to-date symlink: /home/luca002/proj_ws/install/wamv_gazebo/share/wamv_gazebo/models/dock_block_4x4/mesh/DockCubes_Normal.png
[0.512s] -- Up-to-date symlink: /home/luca002/proj_ws/install/wamv_gazebo/share/wamv_gazebo/models/dock_block_4x4/mesh/DockCubes_Roughness.png
[0.512s] -- Up-to-date symlink: /home/luca002/proj_ws/install/wamv_gazebo/share/wamv_gazebo/models/dock_block_4x4/mesh/dock_block_4x4.dae
[0.512s] -- Up-to-date symlink: /home/luca002/proj_ws/install/wamv_gazebo/share/wamv_gazebo/models/dock_block_4x4/model.config
[0.512s] -- Up-to-date symlink: /home/luca002/proj_ws/install/wamv_gazebo/share/wamv_gazebo/models/dock_block_4x4/model.sdf
[0.512s] -- Up-to-date symlink: /home/luca002/proj_ws/install/wamv_gazebo/share/wamv_gazebo/models/engine/mesh/engine.dae
[0.512s] -- Up-to-date symlink: /home/luca002/proj_ws/install/wamv_gazebo/share/wamv_gazebo/models/engine/model.config
[0.512s] -- Up-to-date symlink: /home/luca002/proj_ws/install/wamv_gazebo/share/wamv_gazebo/models/entrance_exit/model.config
[0.512s] -- Up-to-date symlink: /home/luca002/proj_ws/install/wamv_gazebo/share/wamv_gazebo/models/entrance_exit/model.sdf
[0.512s] -- Up-to-date symlink: /home/luca002/proj_ws/install/wamv_gazebo/share/wamv_gazebo/models/gps/mesh/gps.dae
[0.513s] -- Up-to-date symlink: /home/luca002/proj_ws/install/wamv_gazebo/share/wamv_gazebo/models/gps/mesh/gps.png
[0.513s] -- Up-to-date symlink: /home/luca002/proj_ws/install/wamv_gazebo/share/wamv_gazebo/models/gps/model.config
[0.513s] -- Up-to-date symlink: /home/luca002/proj_ws/install/wamv_gazebo/share/wamv_gazebo/models/lidar/materials/textures/lidar_3d_v1.png
[0.513s] -- Up-to-date symlink: /home/luca002/proj_ws/install/wamv_gazebo/share/wamv_gazebo/models/lidar/meshes/lidar_3d_v1.dae
[0.513s] -- Up-to-date symlink: /home/luca002/proj_ws/install/wamv_gazebo/share/wamv_gazebo/models/lidar/meshes/lidar_3d_v1.png
[0.513s] -- Up-to-date symlink: /home/luca002/proj_ws/install/wamv_gazebo/share/wamv_gazebo/models/lidar/model.config
[0.513s] -- Up-to-date symlink: /home/luca002/proj_ws/install/wamv_gazebo/share/wamv_gazebo/models/lidar/model.sdf
[0.513s] -- Up-to-date symlink: /home/luca002/proj_ws/install/wamv_gazebo/share/wamv_gazebo/models/lidar/thumbnails/1.png
[0.513s] -- Up-to-date symlink: /home/luca002/proj_ws/install/wamv_gazebo/share/wamv_gazebo/models/lidar/thumbnails/2.png
[0.513s] -- Up-to-date symlink: /home/luca002/proj_ws/install/wamv_gazebo/share/wamv_gazebo/models/lidar/thumbnails/3.png
[0.513s] -- Up-to-date symlink: /home/luca002/proj_ws/install/wamv_gazebo/share/wamv_gazebo/models/lidar/thumbnails/4.png
[0.513s] -- Up-to-date symlink: /home/luca002/proj_ws/install/wamv_gazebo/share/wamv_gazebo/models/lidar/thumbnails/5.png
[0.513s] -- Up-to-date symlink: /home/luca002/proj_ws/install/wamv_gazebo/share/wamv_gazebo/models/mono_camera/mesh/mono_camera.dae
[0.513s] -- Up-to-date symlink: /home/luca002/proj_ws/install/wamv_gazebo/share/wamv_gazebo/models/mono_camera/mesh/mono_camera.png
[0.513s] -- Up-to-date symlink: /home/luca002/proj_ws/install/wamv_gazebo/share/wamv_gazebo/models/mono_camera/mesh/mono_camera_Albedo.png
[0.513s] -- Up-to-date symlink: /home/luca002/proj_ws/install/wamv_gazebo/share/wamv_gazebo/models/mono_camera/mesh/mono_camera_Metalness.png
[0.513s] -- Up-to-date symlink: /home/luca002/proj_ws/install/wamv_gazebo/share/wamv_gazebo/models/mono_camera/mesh/mono_camera_Normal.png
[0.514s] -- Up-to-date symlink: /home/luca002/proj_ws/install/wamv_gazebo/share/wamv_gazebo/models/mono_camera/mesh/mono_camera_Roughness.png
[0.514s] -- Up-to-date symlink: /home/luca002/proj_ws/install/wamv_gazebo/share/wamv_gazebo/models/mono_camera/model.config
[0.514s] -- Up-to-date symlink: /home/luca002/proj_ws/install/wamv_gazebo/share/wamv_gazebo/models/mono_camera/model.sdf
[0.514s] -- Up-to-date symlink: /home/luca002/proj_ws/install/wamv_gazebo/share/wamv_gazebo/models/placard_2022/materials/textures/Placard.png
[0.514s] -- Up-to-date symlink: /home/luca002/proj_ws/install/wamv_gazebo/share/wamv_gazebo/models/placard_2022/meshes/placard_2022.dae
[0.514s] -- Up-to-date symlink: /home/luca002/proj_ws/install/wamv_gazebo/share/wamv_gazebo/models/placard_2022/model.config
[0.514s] -- Up-to-date symlink: /home/luca002/proj_ws/install/wamv_gazebo/share/wamv_gazebo/models/placard_2022/model.sdf
[0.514s] -- Up-to-date symlink: /home/luca002/proj_ws/install/wamv_gazebo/share/wamv_gazebo/models/platform/model.config
[0.514s] -- Up-to-date symlink: /home/luca002/proj_ws/install/wamv_gazebo/share/wamv_gazebo/models/platform/model.sdf
[0.514s] -- Up-to-date symlink: /home/luca002/proj_ws/install/wamv_gazebo/share/wamv_gazebo/models/propeller/mesh/propeller.dae
[0.514s] -- Up-to-date symlink: /home/luca002/proj_ws/install/wamv_gazebo/share/wamv_gazebo/models/propeller/model.config
[0.514s] -- Up-to-date symlink: /home/luca002/proj_ws/install/wamv_gazebo/share/wamv_gazebo/models/roboboat01/materials/scripts/model.material
[0.514s] -- Up-to-date symlink: /home/luca002/proj_ws/install/wamv_gazebo/share/wamv_gazebo/models/roboboat01/materials/textures/Boat01_Albedo.png
[0.514s] -- Up-to-date symlink: /home/luca002/proj_ws/install/wamv_gazebo/share/wamv_gazebo/models/roboboat01/materials/textures/Boat01_Metallic.png
[0.514s] -- Up-to-date symlink: /home/luca002/proj_ws/install/wamv_gazebo/share/wamv_gazebo/models/roboboat01/materials/textures/Boat01_Normal.png
[0.514s] -- Up-to-date symlink: /home/luca002/proj_ws/install/wamv_gazebo/share/wamv_gazebo/models/roboboat01/materials/textures/Boat01_Roughness.png
[0.515s] -- Up-to-date symlink: /home/luca002/proj_ws/install/wamv_gazebo/share/wamv_gazebo/models/roboboat01/materials/textures/Thruster_Albedo.png
[0.515s] -- Up-to-date symlink: /home/luca002/proj_ws/install/wamv_gazebo/share/wamv_gazebo/models/roboboat01/materials/textures/Thruster_Roughness.png
[0.515s] -- Up-to-date symlink: /home/luca002/proj_ws/install/wamv_gazebo/share/wamv_gazebo/models/roboboat01/meshes/housing.dae
[0.515s] -- Up-to-date symlink: /home/luca002/proj_ws/install/wamv_gazebo/share/wamv_gazebo/models/roboboat01/meshes/mount.dae
[0.515s] -- Up-to-date symlink: /home/luca002/proj_ws/install/wamv_gazebo/share/wamv_gazebo/models/roboboat01/meshes/prop.dae
[0.515s] -- Up-to-date symlink: /home/luca002/proj_ws/install/wamv_gazebo/share/wamv_gazebo/models/roboboat01/meshes/roboboat01.dae
[0.515s] -- Up-to-date symlink: /home/luca002/proj_ws/install/wamv_gazebo/share/wamv_gazebo/models/roboboat01/model.config
[0.515s] -- Up-to-date symlink: /home/luca002/proj_ws/install/wamv_gazebo/share/wamv_gazebo/models/roboboat01/model.sdf
[0.515s] -- Up-to-date symlink: /home/luca002/proj_ws/install/wamv_gazebo/share/wamv_gazebo/models/roboboat02/materials/scripts/model.material
[0.515s] -- Up-to-date symlink: /home/luca002/proj_ws/install/wamv_gazebo/share/wamv_gazebo/models/roboboat02/materials/textures/Boat02_Albedo.png
[0.515s] -- Up-to-date symlink: /home/luca002/proj_ws/install/wamv_gazebo/share/wamv_gazebo/models/roboboat02/materials/textures/Boat02_Metallic.png
[0.515s] -- Up-to-date symlink: /home/luca002/proj_ws/install/wamv_gazebo/share/wamv_gazebo/models/roboboat02/materials/textures/Boat02_Normal.png
[0.515s] -- Up-to-date symlink: /home/luca002/proj_ws/install/wamv_gazebo/share/wamv_gazebo/models/roboboat02/materials/textures/Boat02_Roughness.png
[0.515s] -- Up-to-date symlink: /home/luca002/proj_ws/install/wamv_gazebo/share/wamv_gazebo/models/roboboat02/meshes/roboboat02.dae
[0.515s] -- Up-to-date symlink: /home/luca002/proj_ws/install/wamv_gazebo/share/wamv_gazebo/models/roboboat02/model.config
[0.515s] -- Up-to-date symlink: /home/luca002/proj_ws/install/wamv_gazebo/share/wamv_gazebo/models/roboboat02/model.sdf
[0.515s] -- Up-to-date symlink: /home/luca002/proj_ws/install/wamv_gazebo/share/wamv_gazebo/models/roboboat_cpubox/materials/textures/DryBox_Albedo.png
[0.516s] -- Up-to-date symlink: /home/luca002/proj_ws/install/wamv_gazebo/share/wamv_gazebo/models/roboboat_cpubox/materials/textures/DryBox_Roughness.png
[0.516s] -- Up-to-date symlink: /home/luca002/proj_ws/install/wamv_gazebo/share/wamv_gazebo/models/roboboat_cpubox/meshes/drybox.dae
[0.516s] -- Up-to-date symlink: /home/luca002/proj_ws/install/wamv_gazebo/share/wamv_gazebo/models/roboboat_cpubox/model.config
[0.516s] -- Up-to-date symlink: /home/luca002/proj_ws/install/wamv_gazebo/share/wamv_gazebo/models/roboboat_cpubox/model.sdf
[0.516s] -- Up-to-date symlink: /home/luca002/proj_ws/install/wamv_gazebo/share/wamv_gazebo/models/robotx_light_buoy_bgr/model.config
[0.516s] -- Up-to-date symlink: /home/luca002/proj_ws/install/wamv_gazebo/share/wamv_gazebo/models/robotx_light_buoy_bgr/model.sdf
[0.516s] -- Up-to-date symlink: /home/luca002/proj_ws/install/wamv_gazebo/share/wamv_gazebo/models/robotx_light_buoy_bgy/model.config
[0.516s] -- Up-to-date symlink: /home/luca002/proj_ws/install/wamv_gazebo/share/wamv_gazebo/models/robotx_light_buoy_bgy/model.sdf
[0.516s] -- Up-to-date symlink: /home/luca002/proj_ws/install/wamv_gazebo/share/wamv_gazebo/models/robotx_light_buoy_gbr/model.config
[0.516s] -- Up-to-date symlink: /home/luca002/proj_ws/install/wamv_gazebo/share/wamv_gazebo/models/robotx_light_buoy_gbr/model.sdf
[0.516s] -- Up-to-date symlink: /home/luca002/proj_ws/install/wamv_gazebo/share/wamv_gazebo/models/robotx_light_buoy_rbg/model.config
[0.516s] -- Up-to-date symlink: /home/luca002/proj_ws/install/wamv_gazebo/share/wamv_gazebo/models/robotx_light_buoy_rbg/model.sdf
[0.516s] -- Up-to-date symlink: /home/luca002/proj_ws/install/wamv_gazebo/share/wamv_gazebo/models/robotx_light_buoy_rgb/mesh/LightTower_Albedo.png
[0.516s] -- Up-to-date symlink: /home/luca002/proj_ws/install/wamv_gazebo/share/wamv_gazebo/models/robotx_light_buoy_rgb/mesh/LightTower_Metalness.png
[0.516s] -- Up-to-date symlink: /home/luca002/proj_ws/install/wamv_gazebo/share/wamv_gazebo/models/robotx_light_buoy_rgb/mesh/LightTower_Normal.png
[0.516s] -- Up-to-date symlink: /home/luca002/proj_ws/install/wamv_gazebo/share/wamv_gazebo/models/robotx_light_buoy_rgb/mesh/LightTower_Opacity.png
[0.516s] -- Up-to-date symlink: /home/luca002/proj_ws/install/wamv_gazebo/share/wamv_gazebo/models/robotx_light_buoy_rgb/mesh/LightTower_Roughness.png
[0.517s] -- Up-to-date symlink: /home/luca002/proj_ws/install/wamv_gazebo/share/wamv_gazebo/models/robotx_light_buoy_rgb/mesh/robotx_light_buoy.dae
[0.517s] -- Up-to-date symlink: /home/luca002/proj_ws/install/wamv_gazebo/share/wamv_gazebo/models/robotx_light_buoy_rgb/model.config
[0.517s] -- Up-to-date symlink: /home/luca002/proj_ws/install/wamv_gazebo/share/wamv_gazebo/models/robotx_light_buoy_rgb/model.sdf
[0.517s] -- Up-to-date symlink: /home/luca002/proj_ws/install/wamv_gazebo/share/wamv_gazebo/models/robotx_light_buoy_rgy/model.config
[0.517s] -- Up-to-date symlink: /home/luca002/proj_ws/install/wamv_gazebo/share/wamv_gazebo/models/robotx_light_buoy_rgy/model.sdf
[0.517s] -- Up-to-date symlink: /home/luca002/proj_ws/install/wamv_gazebo/share/wamv_gazebo/models/robotx_light_buoy_ybr/model.config
[0.517s] -- Up-to-date symlink: /home/luca002/proj_ws/install/wamv_gazebo/share/wamv_gazebo/models/robotx_light_buoy_ybr/model.sdf
[0.517s] -- Up-to-date symlink: /home/luca002/proj_ws/install/wamv_gazebo/share/wamv_gazebo/models/robotx_light_buoy_ygb/model.config
[0.517s] -- Up-to-date symlink: /home/luca002/proj_ws/install/wamv_gazebo/share/wamv_gazebo/models/robotx_light_buoy_ygb/model.sdf
[0.517s] -- Up-to-date symlink: /home/luca002/proj_ws/install/wamv_gazebo/share/wamv_gazebo/models/robotx_light_buoy_yrg/model.config
[0.517s] -- Up-to-date symlink: /home/luca002/proj_ws/install/wamv_gazebo/share/wamv_gazebo/models/robotx_light_buoy_yrg/model.sdf
[0.517s] -- Up-to-date symlink: /home/luca002/proj_ws/install/wamv_gazebo/share/wamv_gazebo/models/sensor_post/mesh/sensor_post.dae
[0.517s] -- Up-to-date symlink: /home/luca002/proj_ws/install/wamv_gazebo/share/wamv_gazebo/models/sensor_post/mesh/sensor_post.png
[0.517s] -- Up-to-date symlink: /home/luca002/proj_ws/install/wamv_gazebo/share/wamv_gazebo/models/sensor_post/mesh/sensor_post_arm.dae
[0.517s] -- Up-to-date symlink: /home/luca002/proj_ws/install/wamv_gazebo/share/wamv_gazebo/models/sensor_post/model.config
[0.517s] -- Up-to-date symlink: /home/luca002/proj_ws/install/wamv_gazebo/share/wamv_gazebo/models/sensor_post/model.sdf
[0.518s] -- Up-to-date symlink: /home/luca002/proj_ws/install/wamv_gazebo/share/wamv_gazebo/models/symbol_triangle/mesh/triangle.dae
[0.518s] -- Up-to-date symlink: /home/luca002/proj_ws/install/wamv_gazebo/share/wamv_gazebo/models/symbol_triangle/model.config
[0.518s] -- Up-to-date symlink: /home/luca002/proj_ws/install/wamv_gazebo/share/wamv_gazebo/models/symbol_triangle/model.sdf
[0.518s] -- Up-to-date symlink: /home/luca002/proj_ws/install/wamv_gazebo/share/wamv_gazebo/models/tripod/model.config
[0.518s] -- Up-to-date symlink: /home/luca002/proj_ws/install/wamv_gazebo/share/wamv_gazebo/models/tripod/model.sdf
[0.518s] -- Up-to-date symlink: /home/luca002/proj_ws/install/wamv_gazebo/share/wamv_gazebo/models/vessel/materials/textures/Boat01_Albedo.jpg
[0.518s] -- Up-to-date symlink: /home/luca002/proj_ws/install/wamv_gazebo/share/wamv_gazebo/models/vessel/materials/textures/Boat01_Normal.jpg
[0.518s] -- Up-to-date symlink: /home/luca002/proj_ws/install/wamv_gazebo/share/wamv_gazebo/models/vessel/materials/textures/Boat01_Roughness.jpg
[0.518s] -- Up-to-date symlink: /home/luca002/proj_ws/install/wamv_gazebo/share/wamv_gazebo/models/vessel/meshes/Boat01.dae
[0.518s] -- Up-to-date symlink: /home/luca002/proj_ws/install/wamv_gazebo/share/wamv_gazebo/models/vessel/model.config
[0.518s] -- Up-to-date symlink: /home/luca002/proj_ws/install/wamv_gazebo/share/wamv_gazebo/models/vessel/model.sdf
[0.518s] -- Up-to-date symlink: /home/luca002/proj_ws/install/wamv_gazebo/share/wamv_gazebo/models/vessel/thumbnails/1.png
[0.518s] -- Symlinking: /home/luca002/proj_ws/install/wamv_gazebo/share/wamv_gazebo/models/wam-v/meshes/WamV.png
[0.527s] -- Symlinking: /home/luca002/proj_ws/install/wamv_gazebo/share/wamv_gazebo/models/wam-v/meshes/battery.png
[0.536s] -- Up-to-date symlink: /home/luca002/proj_ws/install/wamv_gazebo/share/wamv_gazebo/models/wam-v/meshes/battery/battery.dae
[0.536s] -- Symlinking: /home/luca002/proj_ws/install/wamv_gazebo/share/wamv_gazebo/models/wam-v/meshes/battery_Albedo.png
[0.544s] -- Symlinking: /home/luca002/proj_ws/install/wamv_gazebo/share/wamv_gazebo/models/wam-v/meshes/battery_Metalness.png
[0.552s] -- Symlinking: /home/luca002/proj_ws/install/wamv_gazebo/share/wamv_gazebo/models/wam-v/meshes/battery_Normal.png
[0.560s] -- Symlinking: /home/luca002/proj_ws/install/wamv_gazebo/share/wamv_gazebo/models/wam-v/meshes/battery_Roughness.png
[0.569s] -- Up-to-date symlink: /home/luca002/proj_ws/install/wamv_gazebo/share/wamv_gazebo/models/wam-v/meshes/cases/cpu_cases.dae
[0.569s] -- Up-to-date symlink: /home/luca002/proj_ws/install/wamv_gazebo/share/wamv_gazebo/models/wam-v/meshes/lidar/lidar_3d_v1.dae
[0.569s] -- Symlinking: /home/luca002/proj_ws/install/wamv_gazebo/share/wamv_gazebo/models/wam-v/meshes/lidar_3d_v1 copy.png
[0.577s] -- Symlinking: /home/luca002/proj_ws/install/wamv_gazebo/share/wamv_gazebo/models/wam-v/meshes/lidar_3d_v1.png
[0.586s] -- Up-to-date symlink: /home/luca002/proj_ws/install/wamv_gazebo/share/wamv_gazebo/models/wam-v/meshes/tripod/legs.dae
[0.586s] -- Up-to-date symlink: /home/luca002/proj_ws/install/wamv_gazebo/share/wamv_gazebo/models/wam-v/meshes/tripod/ring.dae
[0.586s] -- Up-to-date symlink: /home/luca002/proj_ws/install/wamv_gazebo/share/wamv_gazebo/models/wam-v/meshes/wamv/WAM-V-Base.dae
[0.586s] -- Up-to-date symlink: /home/luca002/proj_ws/install/wamv_gazebo/share/wamv_gazebo/models/wam-v/meshes/wamv/engine.dae
[0.586s] -- Up-to-date symlink: /home/luca002/proj_ws/install/wamv_gazebo/share/wamv_gazebo/models/wam-v/meshes/wamv/propeller.dae
[0.586s] -- Up-to-date symlink: /home/luca002/proj_ws/install/wamv_gazebo/share/wamv_gazebo/models/wam-v/model.config
[0.586s] -- Up-to-date symlink: /home/luca002/proj_ws/install/wamv_gazebo/share/wamv_gazebo/models/wam-v/model.sdf
[0.586s] -- Up-to-date symlink: /home/luca002/proj_ws/install/wamv_gazebo/share/wamv_gazebo/worlds/sydney.sdf
[0.586s] -- Up-to-date symlink: /home/luca002/proj_ws/install/wamv_gazebo/share/ament_index/resource_index/package_run_dependencies/wamv_gazebo
[0.586s] -- Up-to-date symlink: /home/luca002/proj_ws/install/wamv_gazebo/share/ament_index/resource_index/parent_prefix_path/wamv_gazebo
[0.586s] -- Up-to-date symlink: /home/luca002/proj_ws/install/wamv_gazebo/share/wamv_gazebo/environment/ament_prefix_path.sh
[0.587s] -- Up-to-date symlink: /home/luca002/proj_ws/install/wamv_gazebo/share/wamv_gazebo/environment/ament_prefix_path.dsv
[0.587s] -- Up-to-date symlink: /home/luca002/proj_ws/install/wamv_gazebo/share/wamv_gazebo/environment/path.sh
[0.587s] -- Up-to-date symlink: /home/luca002/proj_ws/install/wamv_gazebo/share/wamv_gazebo/environment/path.dsv
[0.587s] -- Up-to-date symlink: /home/luca002/proj_ws/install/wamv_gazebo/share/wamv_gazebo/local_setup.bash
[0.587s] -- Up-to-date symlink: /home/luca002/proj_ws/install/wamv_gazebo/share/wamv_gazebo/local_setup.sh
[0.587s] -- Up-to-date symlink: /home/luca002/proj_ws/install/wamv_gazebo/share/wamv_gazebo/local_setup.zsh
[0.587s] -- Up-to-date symlink: /home/luca002/proj_ws/install/wamv_gazebo/share/wamv_gazebo/local_setup.dsv
[0.587s] -- Symlinking: /home/luca002/proj_ws/install/wamv_gazebo/share/wamv_gazebo/package.dsv
[0.595s] -- Up-to-date symlink: /home/luca002/proj_ws/install/wamv_gazebo/share/ament_index/resource_index/packages/wamv_gazebo
[0.595s] -- Up-to-date symlink: /home/luca002/proj_ws/install/wamv_gazebo/share/wamv_gazebo/cmake/wamv_gazeboConfig.cmake
[0.595s] -- Up-to-date symlink: /home/luca002/proj_ws/install/wamv_gazebo/share/wamv_gazebo/cmake/wamv_gazeboConfig-version.cmake
[0.595s] -- Up-to-date symlink: /home/luca002/proj_ws/install/wamv_gazebo/share/wamv_gazebo/package.xml
[0.622s] Listing '/home/luca002/proj_ws/install/wamv_gazebo/lib/python3.12/site-packages/wamv_gazebo'...
[0.627s] Invoked command in '/home/luca002/proj_ws/build/wamv_gazebo' returned '0': CMAKE_PREFIX_PATH=${CMAKE_PREFIX_PATH}:/home/luca002/proj_ws/install/python_node:/opt/ros/jazzy DEBUGINFOD_URLS=https://debuginfod.ubuntu.com /usr/bin/cmake --install /home/luca002/proj_ws/build/wamv_gazebo
